Dumping Log 16,    start pg 3593,   end pg 3645

ArduPlane V2.33
Free RAM: 3325
GROUND START -  4 commands in memory
CMD:0,16,0,6270,426226682,-712070018, 
CMD:1,16,0,2500,426229856,-712087040, 
CMD:2,16,0,2500,426232384,-712080256, 
CMD:3,16,0,2500,426234272,-712073280, 
CMD:4,18,4,2500,426235168,-712066496, 
MOD:Manual
ATT: 3628, -421, 29274
GPS: 579887000, 1, 4, 42.6231460, -71.2070540, 0, 0.0800, 49.3900, 0.3900, 0.0000
ATT: 3599, -306, 29068
GPS: 579887000, 1, 4, 42.6231460, -71.2070540, 0, 0.2600, 49.3900, 0.3900, 0.0000
ATT: 3563, -201, 28844
GPS: 579887000, 1, 4, 42.6231460, -71.2070540, 0, 0.3500, 49.3900, 0.3900, 0.0000
ATT: 3412, -133, 28634
GPS: 579887000, 1, 4, 42.6231460, -71.2070540, 0, 0.4300, 49.3900, 0.3900, 0.0000
ATT: 3336, -171, 28397
GPS: 579887000, 1, 4, 42.6231460, -71.2070540, 0, 0.5200, 49.3900, 0.3900, 0.0000
ATT: 3324, -198, 28139
GPS: 579887000, 1, 4, 42.6231460, -71.2070540, 0, 1.1400, 49.3900, 0.3900, 0.0000
ATT: 3262, -154, 27746
GPS: 579887000, 1, 4, 42.6231460, -71.2070540, 0, 1.5800, 49.3900, 0.3900, 0.0000
ATT: 3106, -76, 27209
GPS: 579887000, 1, 4, 42.6231460, -71.2070540, 0, 1.8400, 49.3900, 0.3900, 0.0000
ATT: 3068, -56, 26693
GPS: 579887000, 1, 4, 42.6231460, -71.2070540, 0, 2.0200, 49.3900, 0.3900, 0.0000
ATT: 3294, -63, 26309
GPS: 579887000, 1, 4, 42.6231460, -71.2070540, 0, 3.0700, 49.3900, 0.3900, 0.0000
ATT: 3569, 15, 25915
GPS: 579887000, 1, 4, 42.6231460, -71.2070540, 0, 3.7700, 49.3900, 0.3900, 0.0000
ATT: 3653, 191, 25569
GPS: 579887000, 1, 4, 42.6231460, -71.2070540, 0, 3.2500, 49.3900, 0.3900, 0.0000
ATT: 3804, 392, 25213
GPS: 579887000, 1, 4, 42.6231460, -71.2070540, 0, 2.8900, 49.3900, 0.3900, 0.0000
ATT: 4416, 671, 24496
GPS: 579887000, 1, 4, 42.6231460, -71.2070540, 0, 3.0700, 49.3900, 0.3900, 0.0000
ATT: 5154, 1051, 23358
GPS: 579887000, 1, 4, 42.6231460, -71.2070540, 0, 3.1600, 49.3900, 0.3900, 0.0000
ATT: 4836, 1418, 22628
GPS: 579887000, 1, 4, 42.6231460, -71.2070540, 0, 3.9500, 49.3900, 0.3900, 0.0000
ATT: 4509, 1541, 21696
GPS: 579887000, 1, 4, 42.6231460, -71.2070540, 0, 4.4800, 49.3900, 0.3900, 0.0000
ATT: 3969, 1592, 20581
GPS: 579887000, 1, 4, 42.6231460, -71.2070540, 0, 3.6800, 49.3900, 0.3900, 0.0000
ATT: 3320, 1585, 19324
GPS: 579887000, 1, 4, 42.6231460, -71.2070540, 0, 3.1600, 49.3900, 0.3900, 0.0000
ATT: 2726, 1593, 18296
GPS: 579887000, 1, 4, 42.6231460, -71.2070540, 0, 4.4800, 49.3900, 0.3900, 0.0000
ATT: 2412, 1431, 17627
GPS: 579891000, 1, 3, 42.6231730, -71.2070470, 0, 5.3500, 45.5500, 0.8600, 3.2100
ATT: 2406, 1049, 17297
GPS: 579891000, 1, 3, 42.6231730, -71.2070470, 0, 4.3000, 45.5500, 0.8600, 3.2100
ATT: 2697, 643, 17290
GPS: 579891000, 1, 3, 42.6231730, -71.2070470, 0, 3.5100, 45.5500, 0.8600, 3.2100
PM:20020,117,30,0,0,3,0,2,1,0,0,0,20, 
ATT: 2960, 167, 17363
GPS: 579891000, 1, 3, 42.6231730, -71.2070470, 0, 5.0000, 45.5500, 0.8600, 3.2100
ATT: 2517, -217, 17282
GPS: 579891000, 1, 3, 42.6231730, -71.2070470, 0, 6.0600, 45.5500, 0.8600, 3.2100
ATT: 2284, -574, 16995
GPS: 579891000, 1, 3, 42.6231730, -71.2070470, 0, 6.8500, 45.5500, 0.8600, 3.2100
ATT: 1952, -628, 16976
GPS: 579891000, 1, 3, 42.6231730, -71.2070470, 0, 7.3800, 45.5500, 0.8600, 3.2100
ATT: 1732, -979, 16593
GPS: 579891000, 1, 3, 42.6231730, -71.2070470, 0, 6.7600, 45.5500, 0.8600, 3.2100
ATT: 1454, -1300, 16003
GPS: 579891000, 1, 3, 42.6231730, -71.2070470, 0, 6.3200, 45.5500, 0.8600, 3.2100
ATT: 1218, -1340, 15235
GPS: 579891000, 1, 3, 42.6231730, -71.2070470, 0, 7.1100, 45.5500, 0.8600, 3.2100
ATT: 1161, -1361, 14607
GPS: 579892000, 1, 0, 42.6231770, -71.2070470, 0, 7.6400, 45.3900, 0.8600, 3.2100
ATT: 1065, -1480, 14174
GPS: 579892000, 1, 0, 42.6231770, -71.2070470, 0, 6.7600, 45.3900, 0.8600, 3.2100
ATT: 986, -1438, 14016
GPS: 579892000, 1, 0, 42.6231770, -71.2070470, 0, 6.1500, 45.3900, 0.8600, 3.2100
ATT: 929, -1173, 14032
GPS: 579892000, 1, 0, 42.6231770, -71.2070470, 0, 6.4100, 45.3900, 0.8600, 3.2100
ATT: 823, -699, 14065
GPS: 579892000, 1, 0, 42.6231770, -71.2070470, 0, 6.5800, 45.3900, 0.8600, 3.2100
ATT: 583, -361, 14176
GPS: 579892000, 1, 0, 42.6231770, -71.2070470, 0, 5.7900, 45.3900, 0.8600, 3.2100
ATT: 221, -353, 14286
GPS: 579892000, 1, 0, 42.6231770, -71.2070470, 0, 5.2700, 45.3900, 0.8600, 3.2100
ATT: -25, -386, 14245
GPS: 579892000, 1, 0, 42.6231770, -71.2070470, 0, 5.0000, 45.3900, 0.8600, 3.2100
ATT: -350, -179, 14006
GPS: 579892000, 1, 0, 42.6231770, -71.2070470, 0, 4.8300, 45.3900, 0.8600, 3.2100
ATT: -654, 204, 13651
GPS: 579892000, 1, 0, 42.6231770, -71.2070470, 0, 5.6200, 45.3900, 0.8600, 3.2100
ATT: -774, 560, 13557
GPS: 579893000, 1, 0, 42.6231880, -71.2070470, 0, 6.1500, 45.2400, 0.8600, 3.2100
ATT: -585, 549, 13649
GPS: 579893000, 1, 0, 42.6231880, -71.2070470, 0, 4.9100, 45.2400, 0.8600, 3.2100
ATT: -401, 663, 13845
GPS: 579893000, 1, 0, 42.6231880, -71.2070470, 0, 4.0400, 45.2400, 0.8600, 3.2100
ATT: -309, 964, 14014
GPS: 579893000, 1, 0, 42.6231880, -71.2070470, 0, 4.4800, 45.2400, 0.8600, 3.2100
ATT: -289, 1397, 14223
GPS: 579893000, 1, 0, 42.6231880, -71.2070470, 0, 4.7400, 45.2400, 0.8600, 3.2100
ATT: -272, 1643, 14512
GPS: 579893000, 1, 0, 42.6231880, -71.2070470, 0, 4.3000, 45.2400, 0.8600, 3.2100
ATT: -427, 1664, 14759
GPS: 579893000, 1, 0, 42.6231880, -71.2070470, 0, 3.9500, 45.2400, 0.8600, 3.2100
ATT: -620, 1660, 14772
GPS: 579893000, 1, 0, 42.6231880, -71.2070470, 0, 3.5100, 45.2400, 0.8600, 3.2100
ATT: -943, 1726, 14521
GPS: 579893000, 1, 0, 42.6231880, -71.2070470, 0, 3.2500, 45.2400, 0.8600, 3.2100
ATT: -1298, 1738, 14258
GPS: 579894000, 1, 0, 42.6231920, -71.2070470, 0, 49.0400, 45.0900, 0.8600, 3.2100
ATT: -1292, 1374, 14320
GPS: 579894000, 1, 0, 42.6231920, -71.2070470, 0, 49.5700, 45.0900, 0.8600, 3.2100
ATT: -1154, 939, 14442
GPS: 579894000, 1, 0, 42.6231920, -71.2070470, 0, 49.3900, 45.0900, 0.8600, 3.2100
ATT: -964, 798, 14615
GPS: 579894000, 1, 0, 42.6231920, -71.2070470, 0, 49.3000, 45.0900, 0.8600, 3.2100
ATT: -802, 977, 14766
GPS: 579894000, 1, 0, 42.6231920, -71.2070470, 0, 49.3000, 45.0900, 0.8600, 3.2100
ATT: -691, 1183, 14888
GPS: 579894000, 1, 0, 42.6231920, -71.2070470, 0, 49.3000, 45.0900, 0.8600, 3.2100
ATT: -824, 1105, 14918
GPS: 579894000, 1, 0, 42.6231920, -71.2070470, 0, 48.2500, 45.0900, 0.8600, 3.2100
ATT: -1077, 1014, 14698
GPS: 579894000, 1, 0, 42.6231920, -71.2070470, 0, 47.4600, 45.0900, 0.8600, 3.2100
ATT: -1472, 1155, 14239
GPS: 579894000, 1, 0, 42.6231920, -71.2070470, 0, 47.3700, 45.0900, 0.8600, 3.2100
ATT: -1973, 1258, 13726
GPS: 579894000, 1, 0, 42.6231920, -71.2070470, 0, 47.2800, 45.0900, 0.8600, 3.2100
ATT: -1909, 1235, 13403
GPS: 579894000, 1, 0, 42.6231920, -71.2070470, 0, 47.4600, 45.0900, 0.8600, 3.2100
ATT: -1756, 1109, 13332
GPS: 579895000, 1, 0, 42.6232030, -71.2070470, 0, 47.6300, 44.9300, 0.8600, 3.2100
ATT: -1648, 1221, 13270
GPS: 579895000, 1, 0, 42.6232030, -71.2070470, 0, 47.4600, 44.9300, 0.8600, 3.2100
ATT: -1305, 1458, 13411
GPS: 579895000, 1, 0, 42.6232030, -71.2070470, 0, 47.3700, 44.9300, 0.8600, 3.2100
ATT: -239, 1724, 13865
GPS: 579895000, 1, 0, 42.6232030, -71.2070470, 0, 47.9000, 44.9300, 0.8600, 3.2100
ATT: 311, 1678, 14421
GPS: 579895000, 1, 0, 42.6232030, -71.2070470, 0, 48.2500, 44.9300, 0.8600, 3.2100
ATT: 171, 1328, 14938
GPS: 579895000, 1, 0, 42.6232030, -71.2070470, 0, 47.5400, 44.9300, 0.8600, 3.2100
ATT: 17, 715, 15255
GPS: 579895000, 1, 0, 42.6232030, -71.2070470, 0, 47.0200, 44.9300, 0.8600, 3.2100
ATT: -158, 290, 15509
GPS: 579895000, 1, 0, 42.6232030, -71.2070470, 0, 47.9800, 44.9300, 0.8600, 3.2100
ATT: -312, 12, 15678
GPS: 579895000, 1, 0, 42.6232030, -71.2070470, 0, 48.6000, 44.9300, 0.8600, 3.2100
ATT: -612, 17, 15826
GPS: 579895000, 1, 0, 42.6232030, -71.2070470, 0, 48.6000, 44.9300, 0.8600, 3.2100
ATT: -518, -50, 16040
GPS: 579896000, 0, 0, 42.6232030, -71.2070470, 0, 48.6000, 44.9300, 0.0000, 3.2100
ATT: -387, -368, 16180
GPS: 579896000, 0, 0, 42.6232030, -71.2070470, 0, 48.3400, 44.9300, 0.0000, 3.2100
ATT: 0, -464, 16507
GPS: 579896000, 0, 0, 42.6232030, -71.2070470, 0, 48.1600, 44.9300, 0.0000, 3.2100
ATT: 127, -677, 16857
GPS: 579896000, 0, 0, 42.6232030, -71.2070470, 0, 48.6900, 44.9300, 0.0000, 3.2100
ATT: 548, -923, 17189
GPS: 579896000, 0, 0, 42.6232030, -71.2070470, 0, 49.1300, 44.9300, 0.0000, 3.2100
ATT: 92, -1280, 17633
GPS: 579896000, 0, 0, 42.6232030, -71.2070470, 0, 48.6000, 44.9300, 0.0000, 3.2100
ATT: -39, -2111, 17897
GPS: 579896000, 0, 0, 42.6232030, -71.2070470, 0, 48.1600, 44.9300, 0.0000, 3.2100
ATT: -112, -2846, 18047
GPS: 579896000, 0, 0, 42.6232030, -71.2070470, 0, 48.3400, 44.9300, 0.0000, 3.2100
ATT: -242, -3096, 17805
GPS: 579896000, 0, 0, 42.6232030, -71.2070470, 0, 48.5100, 44.9300, 0.0000, 3.2100
ATT: -144, -2931, 17342
GPS: 579896000, 0, 0, 42.6232030, -71.2070470, 0, 47.9800, 44.9300, 0.0000, 3.2100
ATT: -120, -2819, 16944
GPS: 579897000, 0, 0, 42.6232030, -71.2070470, 0, 47.6300, 44.9300, 0.0000, 3.2100
ATT: -267, -2884, 16765
GPS: 579897000, 0, 0, 42.6232030, -71.2070470, 0, 48.4200, 44.9300, 0.0000, 3.2100
ATT: -94, -2848, 16688
GPS: 579897000, 0, 0, 42.6232030, -71.2070470, 0, 49.0400, 44.9300, 0.0000, 3.2100
ATT: -277, -2589, 16884
GPS: 579897000, 0, 0, 42.6232030, -71.2070470, 0, 49.7400, 44.9300, 0.0000, 3.2100
ATT: -307, -2250, 17027
GPS: 579897000, 0, 0, 42.6232030, -71.2070470, 0, 50.1800, 44.9300, 0.0000, 3.2100
ATT: -414, -2041, 17271
GPS: 579897000, 0, 0, 42.6232030, -71.2070470, 0, 50.1800, 44.9300, 0.0000, 3.2100
ATT: -634, -1918, 17538
GPS: 579897000, 0, 0, 42.6232030, -71.2070470, 0, 50.1800, 44.9300, 0.0000, 3.2100
ATT: -727, -2028, 17679
GPS: 579897000, 0, 0, 42.6232030, -71.2070470, 0, 50.9700, 44.9300, 0.0000, 3.2100
ATT: -645, -2112, 17559
GPS: 579897000, 0, 0, 42.6232030, -71.2070470, 0, 51.5000, 44.9300, 0.0000, 3.2100
ATT: -363, -2221, 17346
GPS: 579897000, 0, 0, 42.6232030, -71.2070470, 0, 50.2700, 44.9300, 0.0000, 3.2100
ATT: -440, -2316, 17301
GPS: 579898000, 0, 0, 42.6232030, -71.2070470, 0, 49.3900, 44.9300, 0.0000, 3.2100
ATT: -485, -2778, 17270
GPS: 579898000, 0, 0, 42.6232030, -71.2070470, 0, 49.9200, 44.9300, 0.0000, 3.2100
ATT: -255, -3555, 17485
GPS: 579898000, 0, 0, 42.6232030, -71.2070470, 0, 50.2700, 44.9300, 0.0000, 3.2100
ATT: 556, -4020, 17570
GPS: 579898000, 0, 0, 42.6232030, -71.2070470, 0, 49.9200, 44.9300, 0.0000, 3.2100
ATT: 1148, -3874, 17026
GPS: 579898000, 0, 0, 42.6232030, -71.2070470, 0, 49.6500, 44.9300, 0.0000, 3.2100
ATT: 1339, -3698, 16417
GPS: 579898000, 0, 0, 42.6232030, -71.2070470, 0, 49.5700, 44.9300, 0.0000, 3.2100
ATT: 1149, -3595, 15869
GPS: 579898000, 0, 0, 42.6232030, -71.2070470, 0, 49.4800, 44.9300, 0.0000, 3.2100
ATT: 879, -3789, 15072
GPS: 579898000, 0, 0, 42.6232030, -71.2070470, 0, 49.8300, 44.9300, 0.0000, 3.2100
ATT: 158, -3883, 14058
GPS: 579898000, 0, 0, 42.6232030, -71.2070470, 0, 50.0900, 44.9300, 0.0000, 3.2100
ATT: -173, -4151, 12701
GPS: 579899000, 1, 3, 42.6231040, -71.2070240, 0, 50.0000, 43.8600, 2.1600, 187.5700
ATT: 138, -4145, 10702
GPS: 579899000, 1, 3, 42.6231040, -71.2070240, 0, 50.0000, 43.8600, 2.1600, 187.5700
ATT: 313, -3937, 9150
GPS: 579899000, 1, 3, 42.6231040, -71.2070240, 0, 50.2700, 43.8600, 2.1600, 187.5700
ATT: 434, -4240, 7988
GPS: 579899000, 1, 3, 42.6231040, -71.2070240, 0, 50.4400, 43.8600, 2.1600, 187.5700
ATT: 241, -4441, 6839
GPS: 579899000, 1, 3, 42.6231040, -71.2070240, 0, 50.8800, 43.8600, 2.1600, 187.5700
ATT: 352, -3986, 5537
GPS: 579899000, 1, 3, 42.6231040, -71.2070240, 0, 51.2400, 43.8600, 2.1600, 187.5700
ATT: 492, -3689, 4733
GPS: 579899000, 1, 3, 42.6231040, -71.2070240, 0, 51.0600, 43.8600, 2.1600, 187.5700
ATT: 974, -3868, 4292
GPS: 579899000, 1, 3, 42.6231040, -71.2070240, 0, 50.8800, 43.8600, 2.1600, 187.5700
ATT: 1217, -3955, 3862
GPS: 579899000, 1, 3, 42.6231040, -71.2070240, 0, 51.1500, 43.8600, 2.1600, 187.5700
ATT: 1553, -4245, 3507
GPS: 579899000, 1, 3, 42.6231040, -71.2070240, 0, 51.3200, 43.8600, 2.1600, 187.5700
ATT: 1953, -4435, 3137
GPS: 579899000, 1, 3, 42.6231040, -71.2070240, 0, 50.7100, 43.8600, 2.1600, 187.5700
ATT: 2303, -4367, 2785
GPS: 579900000, 1, 4, 42.6230930, -71.2070920, 0, 50.2700, 43.0700, 1.5100, 208.2500
ATT: 2521, -3991, 2239
GPS: 579900000, 1, 4, 42.6230930, -71.2070920, 0, 50.2700, 43.0700, 1.5100, 208.2500
ATT: 2451, -3398, 1705
GPS: 579900000, 1, 4, 42.6230930, -71.2070920, 0, 50.2700, 43.0700, 1.5100, 208.2500
ATT: 2465, -3180, 1503
GPS: 579900000, 1, 4, 42.6230930, -71.2070920, 0, 49.3900, 43.0700, 1.5100, 208.2500
ATT: 2717, -3441, 1430
GPS: 579900000, 1, 4, 42.6230930, -71.2070920, 0, 48.7700, 43.0700, 1.5100, 208.2500
ATT: 2934, -3362, 1277
GPS: 579900000, 1, 4, 42.6230930, -71.2070920, 0, 48.9500, 43.0700, 1.5100, 208.2500
ATT: 2893, -3117, 1107
GPS: 579900000, 1, 4, 42.6230930, -71.2070920, 0, 49.0400, 43.0700, 1.5100, 208.2500
ATT: 2589, -2949, 1007
GPS: 579900000, 1, 4, 42.6230930, -71.2070920, 0, 49.5700, 43.0700, 1.5100, 208.2500
ATT: 2185, -2974, 1078
GPS: 579900000, 1, 4, 42.6230930, -71.2070920, 0, 49.9200, 43.0700, 1.5100, 208.2500
ATT: 2049, -3012, 1192
GPS: 579901000, 1, 4, 42.6230810, -71.2071460, 0, 49.3900, 44.5600, 0.3200, 208.2500
ATT: 2688, -3008, 1287
GPS: 579901000, 1, 4, 42.6230810, -71.2071460, 0, 49.0400, 44.5600, 0.3200, 208.2500
ATT: 3089, -2872, 1136
GPS: 579901000, 1, 4, 42.6230810, -71.2071460, 0, 49.8300, 44.5600, 0.3200, 208.2500
ATT: 2962, -2563, 702
GPS: 579901000, 1, 4, 42.6230810, -71.2071460, 0, 50.3600, 44.5600, 0.3200, 208.2500
ATT: 2737, -2323, 172
GPS: 579901000, 1, 4, 42.6230810, -71.2071460, 0, 49.5700, 44.5600, 0.3200, 208.2500
ATT: 2664, -2231, 35762
GPS: 579901000, 1, 4, 42.6230810, -71.2071460, 0, 49.0400, 44.5600, 0.3200, 208.2500
ATT: 2655, -2420, 35349
GPS: 579901000, 1, 4, 42.6230810, -71.2071460, 0, 48.9500, 44.5600, 0.3200, 208.2500
ATT: 2614, -2753, 34820
GPS: 579901000, 1, 4, 42.6230810, -71.2071460, 0, 48.8600, 44.5600, 0.3200, 208.2500
ATT: 2979, -2991, 34029
GPS: 579901000, 1, 4, 42.6230810, -71.2071460, 0, 49.8300, 44.5600, 0.3200, 208.2500
ATT: 3146, -3120, 33180
GPS: 579901000, 1, 4, 42.6230810, -71.2071460, 0, 50.5300, 44.5600, 0.3200, 208.2500
ATT: 3198, -3168, 32581
GPS: 579901000, 1, 4, 42.6230810, -71.2071460, 0, 50.4400, 44.5600, 0.3200, 208.2500
ATT: 2970, -3029, 32220
GPS: 579902000, 1, 4, 42.6230620, -71.2071460, 0, 50.4400, 45.8100, 0.6600, 221.2300
ATT: 2739, -2949, 31732
GPS: 579902000, 1, 4, 42.6230620, -71.2071460, 0, 51.3200, 45.8100, 0.6600, 221.2300
ATT: 2658, -2949, 31035
GPS: 579902000, 1, 4, 42.6230620, -71.2071460, 0, 51.9400, 45.8100, 0.6600, 221.2300
ATT: 2762, -2919, 30166
GPS: 579902000, 1, 4, 42.6230620, -71.2071460, 0, 51.3200, 45.8100, 0.6600, 221.2300
ATT: 2725, -2920, 29411
GPS: 579902000, 1, 4, 42.6230620, -71.2071460, 0, 50.8800, 45.8100, 0.6600, 221.2300
ATT: 2554, -2818, 28856
GPS: 579902000, 1, 4, 42.6230620, -71.2071460, 0, 50.7100, 45.8100, 0.6600, 221.2300
ATT: 2464, -2567, 28278
GPS: 579902000, 1, 4, 42.6230620, -71.2071460, 0, 50.5300, 45.8100, 0.6600, 221.2300
ATT: 2452, -2203, 27652
GPS: 579902000, 1, 4, 42.6230620, -71.2071460, 0, 50.0900, 45.8100, 0.6600, 221.2300
ATT: 2292, -2078, 27243
GPS: 579902000, 1, 4, 42.6230620, -71.2071460, 0, 49.8300, 45.8100, 0.6600, 221.2300
ATT: 2065, -2285, 27025
GPS: 579902000, 1, 4, 42.6230620, -71.2071460, 0, 49.3000, 45.8100, 0.6600, 221.2300
ATT: 1844, -2418, 27006
GPS: 579903000, 1, 4, 42.6230550, -71.2071460, 0, 48.9500, 47.9600, 1.3200, 224.6700
ATT: 1633, -2604, 27181
GPS: 579903000, 1, 4, 42.6230550, -71.2071460, 0, 49.3900, 47.9600, 1.3200, 224.6700
ATT: 1371, -2769, 27217
GPS: 579903000, 1, 4, 42.6230550, -71.2071460, 0, 49.7400, 47.9600, 1.3200, 224.6700
ATT: 1247, -2960, 27266
GPS: 579903000, 1, 4, 42.6230550, -71.2071460, 0, 49.0400, 47.9600, 1.3200, 224.6700
ATT: 894, -3077, 27364
GPS: 579903000, 1, 4, 42.6230550, -71.2071460, 0, 48.5100, 47.9600, 1.3200, 224.6700
ATT: 563, -3108, 27444
GPS: 579903000, 1, 4, 42.6230550, -71.2071460, 0, 49.3000, 47.9600, 1.3200, 224.6700
ATT: 130, -3040, 27339
GPS: 579903000, 1, 4, 42.6230550, -71.2071460, 0, 49.9200, 47.9600, 1.3200, 224.6700
ATT: 39, -2924, 27237
GPS: 579903000, 1, 4, 42.6230550, -71.2071460, 0, 49.5700, 47.9600, 1.3200, 224.6700
ATT: 263, -2864, 26811
GPS: 579903000, 1, 4, 42.6230550, -71.2071460, 0, 49.3000, 47.9600, 1.3200, 224.6700
ATT: 534, -2765, 26548
GPS: 579903000, 1, 4, 42.6230550, -71.2071460, 0, 49.1300, 47.9600, 1.3200, 224.6700
ATT: 511, -2452, 26338
GPS: 579904000, 1, 4, 42.6230350, -71.2071610, 0, 49.0400, 48.0700, 1.6200, 221.7900
ATT: 553, -2235, 26287
GPS: 579904000, 1, 4, 42.6230350, -71.2071610, 0, 49.9200, 48.0700, 1.6200, 221.7900
ATT: 690, -2024, 26287
GPS: 579904000, 1, 4, 42.6230350, -71.2071610, 0, 50.5300, 48.0700, 1.6200, 221.7900
ATT: 748, -1807, 26245
GPS: 579904000, 1, 4, 42.6230350, -71.2071610, 0, 50.6200, 48.0700, 1.6200, 221.7900
ATT: 824, -1579, 26179
GPS: 579904000, 1, 4, 42.6230350, -71.2071610, 0, 50.7100, 48.0700, 1.6200, 221.7900
ATT: 805, -1339, 26079
GPS: 579904000, 1, 4, 42.6230350, -71.2071610, 0, 50.5300, 48.0700, 1.6200, 221.7900
ATT: 607, -1119, 25904
GPS: 579904000, 1, 4, 42.6230350, -71.2071610, 0, 50.4400, 48.0700, 1.6200, 221.7900
ATT: 312, -840, 25810
GPS: 579904000, 1, 4, 42.6230350, -71.2071610, 0, 49.4800, 48.0700, 1.6200, 221.7900
ATT: -54, -737, 25783
GPS: 579904000, 1, 4, 42.6230350, -71.2071610, 0, 48.8600, 48.0700, 1.6200, 221.7900
ATT: 21, -717, 25777
GPS: 579904000, 1, 4, 42.6230350, -71.2071610, 0, 48.8600, 48.0700, 1.6200, 221.7900
ATT: 184, -688, 25870
GPS: 579905000, 1, 4, 42.6230090, -71.2071760, 0, 48.8600, 49.2000, 1.6100, 206.7000
ATT: 216, -574, 26084
GPS: 579905000, 1, 4, 42.6230090, -71.2071760, 0, 48.6000, 49.2000, 1.6100, 206.7000
ATT: 55, -419, 26525
GPS: 579905000, 1, 4, 42.6230090, -71.2071760, 0, 48.4200, 49.2000, 1.6100, 206.7000
ATT: 0, -291, 27122
GPS: 579905000, 1, 4, 42.6230090, -71.2071760, 0, 48.6000, 49.2000, 1.6100, 206.7000
ATT: 152, -138, 27708
GPS: 579905000, 1, 4, 42.6230090, -71.2071760, 0, 48.6900, 49.2000, 1.6100, 206.7000
ATT: 496, -212, 28238
GPS: 579905000, 1, 4, 42.6230090, -71.2071760, 0, 49.2100, 49.2000, 1.6100, 206.7000
ATT: 643, -253, 28781
GPS: 579905000, 1, 4, 42.6230090, -71.2071760, 0, 49.6500, 49.2000, 1.6100, 206.7000
ATT: 533, -259, 29319
GPS: 579905000, 1, 4, 42.6230090, -71.2071760, 0, 48.8600, 49.2000, 1.6100, 206.7000
ATT: 447, -115, 29707
GPS: 579905000, 1, 4, 42.6230090, -71.2071760, 0, 48.3400, 49.2000, 1.6100, 206.7000
ATT: 529, 106, 30090
GPS: 579905000, 1, 4, 42.6230090, -71.2071760, 0, 48.6000, 49.2000, 1.6100, 206.7000
ATT: 637, 285, 30556
GPS: 579906000, 1, 4, 42.6229900, -71.2072070, 0, 48.7700, 49.2300, 1.8100, 210.4900
ATT: 687, 398, 31027
GPS: 579906000, 1, 4, 42.6229900, -71.2072070, 0, 49.0400, 49.2300, 1.8100, 210.4900
ATT: 712, 414, 31568
GPS: 579906000, 1, 4, 42.6229900, -71.2072070, 0, 49.2100, 49.2300, 1.8100, 210.4900
ATT: 745, 346, 32303
GPS: 579906000, 1, 4, 42.6229900, -71.2072070, 0, 48.8600, 49.2300, 1.8100, 210.4900
ATT: 841, 404, 33126
GPS: 579906000, 1, 4, 42.6229900, -71.2072070, 0, 48.6000, 49.2300, 1.8100, 210.4900
ATT: 1124, 617, 33980
GPS: 579906000, 1, 4, 42.6229900, -71.2072070, 0, 50.0900, 49.2300, 1.8100, 210.4900
ATT: 1534, 781, 34948
GPS: 579906000, 1, 4, 42.6229900, -71.2072070, 0, 51.1500, 49.2300, 1.8100, 210.4900
ATT: 1738, 935, 35713
GPS: 579906000, 1, 4, 42.6229900, -71.2072070, 0, 50.6200, 49.2300, 1.8100, 210.4900
ATT: 1962, 1056, 206
GPS: 579906000, 1, 4, 42.6229900, -71.2072070, 0, 50.2700, 49.2300, 1.8100, 210.4900
ATT: 2142, 1113, 732
GPS: 579906000, 1, 4, 42.6229900, -71.2072070, 0, 49.9200, 49.2300, 1.8100, 210.4900
ATT: 2301, 1064, 1194
GPS: 579907000, 1, 3, 42.6229820, -71.2072070, 0, 49.6500, 49.1900, 0.4300, 210.4900
ATT: 2311, 1052, 1405
GPS: 579907000, 1, 3, 42.6229820, -71.2072070, 0, 48.9500, 49.1900, 0.4300, 210.4900
ATT: 2093, 1033, 1438
GPS: 579907000, 1, 3, 42.6229820, -71.2072070, 0, 48.5100, 49.1900, 0.4300, 210.4900
ATT: 2001, 1092, 1469
GPS: 579907000, 1, 3, 42.6229820, -71.2072070, 0, 48.8600, 49.1900, 0.4300, 210.4900
ATT: 2074, 1146, 1369
GPS: 579907000, 1, 3, 42.6229820, -71.2072070, 0, 49.1300, 49.1900, 0.4300, 210.4900
ATT: 1918, 1126, 1120
GPS: 579907000, 1, 3, 42.6229820, -71.2072070, 0, 49.7400, 49.1900, 0.4300, 210.4900
ATT: 1740, 1112, 905
GPS: 579907000, 1, 3, 42.6229820, -71.2072070, 0, 50.1800, 49.1900, 0.4300, 210.4900
ATT: 1572, 1121, 745
GPS: 579907000, 1, 3, 42.6229820, -71.2072070, 0, 49.9200, 49.1900, 0.4300, 210.4900
ATT: 1206, 1057, 634
GPS: 579907000, 1, 3, 42.6229820, -71.2072070, 0, 49.7400, 49.1900, 0.4300, 210.4900
ATT: 1040, 1018, 579
GPS: 579907000, 1, 3, 42.6229820, -71.2072070, 0, 50.2700, 49.1900, 0.4300, 210.4900
ATT: 967, 1001, 524
GPS: 579908000, 1, 4, 42.6229670, -71.2071990, 0, 50.7100, 51.9600, 1.1700, 173.0000
ATT: 784, 913, 427
GPS: 579908000, 1, 4, 42.6229670, -71.2071990, 0, 49.7400, 51.9600, 1.1700, 173.0000
ATT: 640, 850, 331
GPS: 579908000, 1, 4, 42.6229670, -71.2071990, 0, 49.0400, 51.9600, 1.1700, 173.0000
ATT: 520, 808, 314
GPS: 579908000, 1, 4, 42.6229670, -71.2071990, 0, 50.4400, 51.9600, 1.1700, 173.0000
ATT: 573, 790, 488
GPS: 579908000, 1, 4, 42.6229670, -71.2071990, 0, 51.4100, 51.9600, 1.1700, 173.0000
ATT: 754, 816, 824
GPS: 579908000, 1, 4, 42.6229670, -71.2071990, 0, 51.6700, 51.9600, 1.1700, 173.0000
ATT: 1091, 712, 1482
GPS: 579908000, 1, 4, 42.6229670, -71.2071990, 0, 51.8500, 51.9600, 1.1700, 173.0000
ATT: 1676, 537, 2347
GPS: 579908000, 1, 4, 42.6229670, -71.2071990, 0, 50.8800, 51.9600, 1.1700, 173.0000
ATT: 2109, 497, 2964
GPS: 579908000, 1, 4, 42.6229670, -71.2071990, 0, 50.1800, 51.9600, 1.1700, 173.0000
ATT: 2301, 610, 3255
GPS: 579908000, 1, 4, 42.6229670, -71.2071990, 0, 50.9700, 51.9600, 1.1700, 173.0000
ATT: 2218, 756, 3368
GPS: 579909000, 1, 4, 42.6229440, -71.2072220, 0, 51.5900, 54.6500, 1.1900, 191.1800
ATT: 2010, 855, 3501
GPS: 579909000, 1, 4, 42.6229440, -71.2072220, 0, 51.0600, 54.6500, 1.1900, 191.1800
ATT: 1711, 1092, 3561
GPS: 579909000, 1, 4, 42.6229440, -71.2072220, 0, 50.7100, 54.6500, 1.1900, 191.1800
ATT: 1393, 1388, 3530
GPS: 579909000, 1, 4, 42.6229440, -71.2072220, 0, 50.8800, 54.6500, 1.1900, 191.1800
ATT: 1136, 1550, 3592
GPS: 579909000, 1, 4, 42.6229440, -71.2072220, 0, 50.9700, 54.6500, 1.1900, 191.1800
ATT: 1078, 1567, 3798
GPS: 579909000, 1, 4, 42.6229440, -71.2072220, 0, 50.8800, 54.6500, 1.1900, 191.1800
ATT: 927, 1553, 4013
GPS: 579909000, 1, 4, 42.6229440, -71.2072220, 0, 50.8000, 54.6500, 1.1900, 191.1800
ATT: 688, 1530, 4187
GPS: 579909000, 1, 4, 42.6229440, -71.2072220, 0, 50.8000, 54.6500, 1.1900, 191.1800
ATT: 466, 1668, 4297
GPS: 579909000, 1, 4, 42.6229440, -71.2072220, 0, 50.8000, 54.6500, 1.1900, 191.1800
ATT: 194, 1882, 4303
GPS: 579910000, 1, 0, 42.6229360, -71.2072220, 0, 51.3200, 55.1000, 1.1900, 191.1800
ATT: 68, 1939, 4209
GPS: 579910000, 1, 0, 42.6229360, -71.2072220, 0, 51.6700, 55.1000, 1.1900, 191.1800
ATT: -31, 1756, 4106
GPS: 579910000, 1, 0, 42.6229360, -71.2072220, 0, 51.3200, 55.1000, 1.1900, 191.1800
ATT: -23, 1547, 4396
GPS: 579910000, 1, 0, 42.6229360, -71.2072220, 0, 51.0600, 55.1000, 1.1900, 191.1800
ATT: -31, 1377, 5051
GPS: 579910000, 1, 0, 42.6229360, -71.2072220, 0, 51.9400, 55.1000, 1.1900, 191.1800
ATT: -392, 1582, 5645
GPS: 579910000, 1, 0, 42.6229360, -71.2072220, 0, 52.5500, 55.1000, 1.1900, 191.1800
ATT: -767, 1915, 6142
GPS: 579910000, 1, 0, 42.6229360, -71.2072220, 0, 51.0600, 55.1000, 1.1900, 191.1800
ATT: -755, 2337, 6803
GPS: 579910000, 1, 0, 42.6229360, -71.2072220, 0, 50.0000, 55.1000, 1.1900, 191.1800
ATT: -430, 2650, 7551
GPS: 579910000, 1, 0, 42.6229360, -71.2072220, 0, 50.2700, 55.1000, 1.1900, 191.1800
ATT: -110, 2838, 8240
GPS: 579910000, 1, 0, 42.6229360, -71.2072220, 0, 50.5300, 55.1000, 1.1900, 191.1800
ATT: 144, 2813, 9047
GPS: 579911000, 1, 0, 42.6229250, -71.2072220, 0, 51.2400, 55.5500, 1.1900, 191.1800
ATT: 458, 3079, 9913
GPS: 579911000, 1, 0, 42.6229250, -71.2072220, 0, 51.7600, 55.5500, 1.1900, 191.1800
ATT: 672, 3346, 10740
GPS: 579911000, 1, 0, 42.6229250, -71.2072220, 0, 50.7100, 55.5500, 1.1900, 191.1800
ATT: 482, 3483, 11249
GPS: 579911000, 1, 0, 42.6229250, -71.2072220, 0, 50.0000, 55.5500, 1.1900, 191.1800
PM:20019,999,58,0,0,0,0,17,1,0,0,0,20, 
ATT: 35, 3635, 11373
GPS: 579911000, 1, 0, 42.6229250, -71.2072220, 0, 50.5300, 55.5500, 1.1900, 191.1800
ATT: -300, 3809, 11418
GPS: 579911000, 1, 0, 42.6229250, -71.2072220, 0, 50.8800, 55.5500, 1.1900, 191.1800
ATT: -253, 3963, 11650
GPS: 579911000, 1, 0, 42.6229250, -71.2072220, 0, 49.5700, 55.5500, 1.1900, 191.1800
ATT: -150, 3971, 12067
GPS: 579911000, 1, 0, 42.6229250, -71.2072220, 0, 48.6900, 55.5500, 1.1900, 191.1800
ATT: -112, 3730, 12378
GPS: 579911000, 1, 0, 42.6229250, -71.2072220, 0, 48.9500, 55.5500, 1.1900, 191.1800
ATT: -165, 3462, 12670
GPS: 579911000, 1, 0, 42.6229250, -71.2072220, 0, 49.1300, 55.5500, 1.1900, 191.1800
ATT: -98, 3350, 13031
GPS: 579912000, 1, 3, 42.6229210, -71.2072220, 0, 49.4800, 53.3600, 1.1700, 183.1600
ATT: 274, 3411, 13506
GPS: 579912000, 1, 3, 42.6229210, -71.2072220, 0, 49.7400, 53.3600, 1.1700, 183.1600
ATT: 833, 3599, 14055
GPS: 579912000, 1, 3, 42.6229210, -71.2072220, 0, 49.7400, 53.3600, 1.1700, 183.1600
ATT: 969, 3453, 14339
GPS: 579912000, 1, 3, 42.6229210, -71.2072220, 0, 49.7400, 53.3600, 1.1700, 183.1600
ATT: 679, 3119, 14308
GPS: 579912000, 1, 3, 42.6229210, -71.2072220, 0, 50.5300, 53.3600, 1.1700, 183.1600
ATT: 164, 2759, 13999
GPS: 579912000, 1, 3, 42.6229210, -71.2072220, 0, 51.0600, 53.3600, 1.1700, 183.1600
ATT: -256, 2489, 13773
GPS: 579912000, 1, 3, 42.6229210, -71.2072220, 0, 50.5300, 53.3600, 1.1700, 183.1600
ATT: -305, 2515, 13892
GPS: 579912000, 1, 3, 42.6229210, -71.2072220, 0, 50.1800, 53.3600, 1.1700, 183.1600
ATT: -179, 2350, 14247
GPS: 579912000, 1, 3, 42.6229210, -71.2072220, 0, 49.9200, 53.3600, 1.1700, 183.1600
ATT: -245, 1872, 14687
GPS: 579912000, 1, 3, 42.6229210, -71.2072220, 0, 49.7400, 53.3600, 1.1700, 183.1600
ATT: -309, 1572, 15127
GPS: 579913000, 1, 4, 42.6229210, -71.2071990, 0, 49.3900, 53.1100, 1.7300, 168.0600
ATT: -184, 1581, 15557
GPS: 579913000, 1, 4, 42.6229210, -71.2071990, 0, 49.1300, 53.1100, 1.7300, 168.0600
ATT: 36, 1722, 15924
GPS: 579913000, 1, 4, 42.6229210, -71.2071990, 0, 49.6500, 53.1100, 1.7300, 168.0600
ATT: 92, 1634, 16087
GPS: 579913000, 1, 4, 42.6229210, -71.2071990, 0, 50.0000, 53.1100, 1.7300, 168.0600
ATT: -106, 1378, 16082
GPS: 579913000, 1, 4, 42.6229210, -71.2071990, 0, 50.9700, 53.1100, 1.7300, 168.0600
ATT: -254, 1455, 15789
GPS: 579913000, 1, 4, 42.6229210, -71.2071990, 0, 51.5900, 53.1100, 1.7300, 168.0600
ATT: -283, 1892, 15323
GPS: 579913000, 1, 4, 42.6229210, -71.2071990, 0, 50.4400, 53.1100, 1.7300, 168.0600
ATT: -473, 2338, 14988
GPS: 579913000, 1, 4, 42.6229210, -71.2071990, 0, 49.6500, 53.1100, 1.7300, 168.0600
ATT: -582, 2455, 14746
GPS: 579913000, 1, 4, 42.6229210, -71.2071990, 0, 50.8800, 53.1100, 1.7300, 168.0600
ATT: -792, 2513, 14417
GPS: 579913000, 1, 4, 42.6229210, -71.2071990, 0, 51.6700, 53.1100, 1.7300, 168.0600
ATT: -876, 2444, 14405
GPS: 579914000, 1, 4, 42.6229130, -71.2071840, 0, 50.8000, 52.2900, 1.6900, 172.6400
ATT: -897, 2348, 14334
GPS: 579914000, 1, 4, 42.6229130, -71.2071840, 0, 50.1800, 52.2900, 1.6900, 172.6400
ATT: -927, 2420, 14208
GPS: 579914000, 1, 4, 42.6229130, -71.2071840, 0, 49.9200, 52.2900, 1.6900, 172.6400
ATT: -1060, 2177, 14086
GPS: 579914000, 1, 4, 42.6229130, -71.2071840, 0, 49.6500, 52.2900, 1.6900, 172.6400
ATT: -1291, 1759, 13868
GPS: 579914000, 1, 4, 42.6229130, -71.2071840, 0, 50.7100, 52.2900, 1.6900, 172.6400
ATT: -1421, 1497, 13384
GPS: 579914000, 1, 4, 42.6229130, -71.2071840, 0, 51.5000, 52.2900, 1.6900, 172.6400
ATT: -1462, 1408, 13007
GPS: 579914000, 1, 4, 42.6229130, -71.2071840, 0, 51.2400, 52.2900, 1.6900, 172.6400
ATT: -1331, 1287, 12961
GPS: 579914000, 1, 4, 42.6229130, -71.2071840, 0, 50.9700, 52.2900, 1.6900, 172.6400
ATT: -1120, 953, 12949
GPS: 579914000, 1, 4, 42.6229130, -71.2071840, 0, 51.2400, 52.2900, 1.6900, 172.6400
ATT: -1039, 545, 12840
GPS: 579914000, 1, 4, 42.6229130, -71.2071840, 0, 51.5000, 52.2900, 1.6900, 172.6400
ATT: -1082, 275, 12982
GPS: 579915000, 1, 4, 42.6228980, -71.2071910, 0, 50.1800, 51.6900, 1.7000, 206.0500
ATT: -950, 216, 13331
GPS: 579915000, 1, 4, 42.6228980, -71.2071910, 0, 49.3000, 51.6900, 1.7000, 206.0500
ATT: -721, 536, 13545
GPS: 579915000, 1, 4, 42.6228980, -71.2071910, 0, 49.6500, 51.6900, 1.7000, 206.0500
ATT: -679, 656, 13614
GPS: 579915000, 1, 4, 42.6228980, -71.2071910, 0, 49.9200, 51.6900, 1.7000, 206.0500
ATT: -753, 436, 13641
GPS: 579915000, 1, 4, 42.6228980, -71.2071910, 0, 49.8300, 51.6900, 1.7000, 206.0500
ATT: -835, 204, 13613
GPS: 579915000, 1, 4, 42.6228980, -71.2071910, 0, 49.8300, 51.6900, 1.7000, 206.0500
ATT: -906, 376, 13399
GPS: 579915000, 1, 4, 42.6228980, -71.2071910, 0, 49.3900, 51.6900, 1.7000, 206.0500
ATT: -850, 730, 13281
GPS: 579915000, 1, 4, 42.6228980, -71.2071910, 0, 49.0400, 51.6900, 1.7000, 206.0500
ATT: -595, 590, 13495
GPS: 579915000, 1, 4, 42.6228980, -71.2071910, 0, 49.8300, 51.6900, 1.7000, 206.0500
ATT: -376, 120, 13756
GPS: 579915000, 1, 4, 42.6228980, -71.2071910, 0, 50.3600, 51.6900, 1.7000, 206.0500
ATT: -233, -351, 14050
GPS: 579916000, 1, 3, 42.6228870, -71.2072070, 0, 49.2100, 51.1200, 1.4700, 231.5700
ATT: -207, -446, 14523
GPS: 579916000, 1, 3, 42.6228870, -71.2072070, 0, 48.4200, 51.1200, 1.4700, 231.5700
ATT: 0, -392, 14886
GPS: 579916000, 1, 3, 42.6228870, -71.2072070, 0, 49.0400, 51.1200, 1.4700, 231.5700
ATT: 259, -165, 15185
GPS: 579916000, 1, 3, 42.6228870, -71.2072070, 0, 49.4800, 51.1200, 1.4700, 231.5700
ATT: 278, 0, 15324
GPS: 579916000, 1, 3, 42.6228870, -71.2072070, 0, 50.0900, 51.1200, 1.4700, 231.5700
ATT: 26, 302, 15145
GPS: 579916000, 1, 3, 42.6228870, -71.2072070, 0, 50.5300, 51.1200, 1.4700, 231.5700
ATT: -438, 710, 14542
GPS: 579916000, 1, 3, 42.6228870, -71.2072070, 0, 50.0000, 51.1200, 1.4700, 231.5700
ATT: -764, 1329, 13862
GPS: 579916000, 1, 3, 42.6228870, -71.2072070, 0, 49.6500, 51.1200, 1.4700, 231.5700
ATT: -663, 1914, 13498
GPS: 579916000, 1, 3, 42.6228870, -71.2072070, 0, 50.3600, 51.1200, 1.4700, 231.5700
ATT: -550, 1592, 13386
GPS: 579916000, 1, 3, 42.6228870, -71.2072070, 0, 50.8000, 51.1200, 1.4700, 231.5700
ATT: -627, 1096, 13225
GPS: 579917000, 1, 0, 42.6228790, -71.2072220, 0, 50.6200, 51.2200, 1.4700, 231.5700
ATT: -746, 862, 13332
GPS: 579917000, 1, 0, 42.6228790, -71.2072220, 0, 50.5300, 51.2200, 1.4700, 231.5700
ATT: -611, 935, 13573
GPS: 579917000, 1, 0, 42.6228790, -71.2072220, 0, 51.0600, 51.2200, 1.4700, 231.5700
ATT: -199, 1262, 13672
GPS: 579917000, 1, 0, 42.6228790, -71.2072220, 0, 51.4100, 51.2200, 1.4700, 231.5700
ATT: -227, 1046, 13727
GPS: 579917000, 1, 0, 42.6228790, -71.2072220, 0, 50.2700, 51.2200, 1.4700, 231.5700
ATT: -358, 650, 13700
GPS: 579917000, 1, 0, 42.6228790, -71.2072220, 0, 49.4800, 51.2200, 1.4700, 231.5700
ATT: -576, 480, 13433
GPS: 579917000, 1, 0, 42.6228790, -71.2072220, 0, 49.6500, 51.2200, 1.4700, 231.5700
ATT: -783, 452, 13067
GPS: 579917000, 1, 0, 42.6228790, -71.2072220, 0, 49.7400, 51.2200, 1.4700, 231.5700
ATT: -738, 591, 12850
GPS: 579917000, 1, 0, 42.6228790, -71.2072220, 0, 50.8800, 51.2200, 1.4700, 231.5700
ATT: -654, 526, 12878
GPS: 579917000, 1, 0, 42.6228790, -71.2072220, 0, 51.6700, 51.2200, 1.4700, 231.5700
ATT: -620, 396, 12944
GPS: 579918000, 1, 0, 42.6228710, -71.2072370, 0, 51.2400, 51.3100, 1.4700, 231.5700
ATT: -728, 435, 13047
GPS: 579918000, 1, 0, 42.6228710, -71.2072370, 0, 50.8800, 51.3100, 1.4700, 231.5700
ATT: -666, 673, 13260
GPS: 579918000, 1, 0, 42.6228710, -71.2072370, 0, 51.2400, 51.3100, 1.4700, 231.5700
ATT: -501, 944, 13522
GPS: 579918000, 1, 0, 42.6228710, -71.2072370, 0, 51.5000, 51.3100, 1.4700, 231.5700
ATT: -488, 1016, 13721
GPS: 579918000, 1, 0, 42.6228710, -71.2072370, 0, 50.0900, 51.3100, 1.4700, 231.5700
ATT: -559, 953, 13815
GPS: 579918000, 1, 0, 42.6228710, -71.2072370, 0, 49.1300, 51.3100, 1.4700, 231.5700
ATT: -728, 859, 13740
GPS: 579918000, 1, 0, 42.6228710, -71.2072370, 0, 49.2100, 51.3100, 1.4700, 231.5700
ATT: -964, 843, 13590
GPS: 579918000, 1, 0, 42.6228710, -71.2072370, 0, 49.3000, 51.3100, 1.4700, 231.5700
ATT: -1006, 1124, 13527
GPS: 579918000, 1, 0, 42.6228710, -71.2072370, 0, 50.1800, 51.3100, 1.4700, 231.5700
ATT: -809, 1327, 13646
GPS: 579918000, 1, 0, 42.6228710, -71.2072370, 0, 50.8000, 51.3100, 1.4700, 231.5700
ATT: -782, 1096, 13796
GPS: 579919000, 1, 0, 42.6228640, -71.2072530, 0, 50.3600, 51.4100, 1.4700, 231.5700
ATT: -803, 914, 13927
GPS: 579919000, 1, 0, 42.6228640, -71.2072530, 0, 50.0900, 51.4100, 1.4700, 231.5700
ATT: -788, 1021, 14190
GPS: 579919000, 1, 0, 42.6228640, -71.2072530, 0, 50.7100, 51.4100, 1.4700, 231.5700
ATT: -809, 1264, 14452
GPS: 579919000, 1, 0, 42.6228640, -71.2072530, 0, 51.1500, 51.4100, 1.4700, 231.5700
ATT: -749, 1590, 14756
GPS: 579919000, 1, 0, 42.6228640, -71.2072530, 0, 51.0600, 51.4100, 1.4700, 231.5700
ATT: -827, 1587, 15061
GPS: 579919000, 1, 0, 42.6228640, -71.2072530, 0, 50.9700, 51.4100, 1.4700, 231.5700
ATT: -839, 1407, 15309
GPS: 579919000, 1, 0, 42.6228640, -71.2072530, 0, 51.1500, 51.4100, 1.4700, 231.5700
ATT: -939, 1354, 15322
GPS: 579919000, 1, 0, 42.6228640, -71.2072530, 0, 51.2400, 51.4100, 1.4700, 231.5700
ATT: -1004, 1461, 15283
GPS: 579919000, 1, 0, 42.6228640, -71.2072530, 0, 50.9700, 51.4100, 1.4700, 231.5700
ATT: -907, 1576, 15327
GPS: 579919000, 1, 0, 42.6228640, -71.2072530, 0, 50.8000, 51.4100, 1.4700, 231.5700
ATT: -815, 1378, 15543
GPS: 579920000, 1, 4, 42.6228490, -71.2072140, 0, 50.8800, 52.0000, 1.3000, 164.8400
ATT: -722, 1194, 15726
GPS: 579920000, 1, 4, 42.6228490, -71.2072140, 0, 50.8800, 52.0000, 1.3000, 164.8400
ATT: -844, 1033, 15994
GPS: 579920000, 1, 4, 42.6228490, -71.2072140, 0, 51.2400, 52.0000, 1.3000, 164.8400
ATT: -772, 983, 16328
GPS: 579920000, 1, 4, 42.6228490, -71.2072140, 0, 51.5000, 52.0000, 1.3000, 164.8400
ATT: -522, 939, 16705
GPS: 579920000, 1, 4, 42.6228490, -71.2072140, 0, 51.1500, 52.0000, 1.3000, 164.8400
ATT: -530, 757, 17006
GPS: 579920000, 1, 4, 42.6228490, -71.2072140, 0, 50.8800, 52.0000, 1.3000, 164.8400
ATT: -413, 664, 17082
GPS: 579920000, 1, 4, 42.6228490, -71.2072140, 0, 51.1500, 52.0000, 1.3000, 164.8400
ATT: -473, 695, 16781
GPS: 579920000, 1, 4, 42.6228490, -71.2072140, 0, 51.4100, 52.0000, 1.3000, 164.8400
ATT: -633, 762, 16308
GPS: 579920000, 1, 4, 42.6228490, -71.2072140, 0, 50.4400, 52.0000, 1.3000, 164.8400
ATT: -781, 819, 15902
GPS: 579920000, 1, 4, 42.6228490, -71.2072140, 0, 49.8300, 52.0000, 1.3000, 164.8400
ATT: -711, 724, 15549
GPS: 579921000, 1, 4, 42.6228370, -71.2071840, 0, 50.0900, 49.8000, 1.5300, 159.2200
ATT: -644, 714, 15246
GPS: 579921000, 1, 4, 42.6228370, -71.2071840, 0, 50.2700, 49.8000, 1.5300, 159.2200
ATT: -496, 758, 15214
GPS: 579921000, 1, 4, 42.6228370, -71.2071840, 0, 51.1500, 49.8000, 1.5300, 159.2200
ATT: -112, 685, 15355
GPS: 579921000, 1, 4, 42.6228370, -71.2071840, 0, 51.7600, 49.8000, 1.5300, 159.2200
ATT: 243, 668, 15509
GPS: 579921000, 1, 4, 42.6228370, -71.2071840, 0, 50.9700, 49.8000, 1.5300, 159.2200
ATT: 281, 459, 15557
GPS: 579921000, 1, 4, 42.6228370, -71.2071840, 0, 50.3600, 49.8000, 1.5300, 159.2200
ATT: 166, 145, 15508
GPS: 579921000, 1, 4, 42.6228370, -71.2071840, 0, 50.5300, 49.8000, 1.5300, 159.2200
ATT: 144, 54, 15226
GPS: 579921000, 1, 4, 42.6228370, -71.2071840, 0, 50.6200, 49.8000, 1.5300, 159.2200
ATT: 79, 244, 14741
GPS: 579921000, 1, 4, 42.6228370, -71.2071840, 0, 50.1800, 49.8000, 1.5300, 159.2200
ATT: -262, 648, 14319
GPS: 579921000, 1, 4, 42.6228370, -71.2071840, 0, 49.8300, 49.8000, 1.5300, 159.2200
ATT: -522, 738, 14161
GPS: 579922000, 1, 0, 42.6228260, -71.2071760, 0, 50.0900, 49.8000, 1.5300, 159.2200
ATT: -720, 618, 14103
GPS: 579922000, 1, 0, 42.6228260, -71.2071760, 0, 50.3600, 49.8000, 1.5300, 159.2200
ATT: -766, 618, 14159
GPS: 579922000, 1, 0, 42.6228260, -71.2071760, 0, 50.8000, 49.8000, 1.5300, 159.2200
ATT: -703, 757, 14348
GPS: 579922000, 1, 0, 42.6228260, -71.2071760, 0, 51.0600, 49.8000, 1.5300, 159.2200
ATT: -425, 1039, 14500
GPS: 579922000, 1, 0, 42.6228260, -71.2071760, 0, 50.8800, 49.8000, 1.5300, 159.2200
ATT: -145, 1175, 14545
GPS: 579922000, 1, 0, 42.6228260, -71.2071760, 0, 50.8000, 49.8000, 1.5300, 159.2200
ATT: -240, 1123, 14336
GPS: 579922000, 1, 0, 42.6228260, -71.2071760, 0, 51.1500, 49.8000, 1.5300, 159.2200
ATT: -487, 979, 14014
GPS: 579922000, 1, 0, 42.6228260, -71.2071760, 0, 51.4100, 49.8000, 1.5300, 159.2200
ATT: -730, 733, 13632
GPS: 579922000, 1, 0, 42.6228260, -71.2071760, 0, 50.6200, 49.8000, 1.5300, 159.2200
ATT: -893, 805, 13303
GPS: 579922000, 1, 0, 42.6228260, -71.2071760, 0, 50.0900, 49.8000, 1.5300, 159.2200
ATT: -912, 678, 13212
GPS: 579923000, 1, 0, 42.6228140, -71.2071690, 0, 50.0000, 49.8000, 1.5300, 159.2200
ATT: -981, 374, 13061
GPS: 579923000, 1, 0, 42.6228140, -71.2071690, 0, 49.9200, 49.8000, 1.5300, 159.2200
ATT: -831, 411, 12719
GPS: 579923000, 1, 0, 42.6228140, -71.2071690, 0, 49.5700, 49.8000, 1.5300, 159.2200
ATT: -597, 432, 12641
GPS: 579923000, 1, 0, 42.6228140, -71.2071690, 0, 49.3000, 49.8000, 1.5300, 159.2200
ATT: -127, 379, 12716
GPS: 579923000, 1, 0, 42.6228140, -71.2071690, 0, 48.9500, 49.8000, 1.5300, 159.2200
ATT: 98, 305, 12786
GPS: 579923000, 1, 0, 42.6228140, -71.2071690, 0, 48.6900, 49.8000, 1.5300, 159.2200
ATT: 186, -135, 12820
GPS: 579923000, 1, 0, 42.6228140, -71.2071690, 0, 49.7400, 49.8000, 1.5300, 159.2200
ATT: 94, -682, 12736
GPS: 579923000, 1, 0, 42.6228140, -71.2071690, 0, 50.4400, 49.8000, 1.5300, 159.2200
ATT: -35, -789, 12530
GPS: 579923000, 1, 0, 42.6228140, -71.2071690, 0, 50.1800, 49.8000, 1.5300, 159.2200
ATT: -17, -577, 12181
GPS: 579923000, 1, 0, 42.6228140, -71.2071690, 0, 50.0000, 49.8000, 1.5300, 159.2200
ATT: 40, -408, 11897
GPS: 579924000, 1, 0, 42.6227990, -71.2071610, 0, 51.1500, 49.8000, 1.5300, 159.2200
ATT: 74, -649, 11752
GPS: 579924000, 1, 0, 42.6227990, -71.2071610, 0, 51.9400, 49.8000, 1.5300, 159.2200
ATT: 81, -1075, 11697
GPS: 579924000, 1, 0, 42.6227990, -71.2071610, 0, 51.4100, 49.8000, 1.5300, 159.2200
ATT: 125, -1273, 11889
GPS: 579924000, 1, 0, 42.6227990, -71.2071610, 0, 50.9700, 49.8000, 1.5300, 159.2200
ATT: 193, -1199, 12250
GPS: 579924000, 1, 0, 42.6227990, -71.2071610, 0, 50.6200, 49.8000, 1.5300, 159.2200
ATT: 191, -1010, 12362
GPS: 579924000, 1, 0, 42.6227990, -71.2071610, 0, 50.3600, 49.8000, 1.5300, 159.2200
ATT: 173, -926, 12290
GPS: 579924000, 1, 0, 42.6227990, -71.2071610, 0, 51.2400, 49.8000, 1.5300, 159.2200
ATT: -7, -1195, 12330
GPS: 579924000, 1, 0, 42.6227990, -71.2071610, 0, 51.8500, 49.8000, 1.5300, 159.2200
ATT: -138, -1629, 12445
GPS: 579924000, 1, 0, 42.6227990, -71.2071610, 0, 51.5000, 49.8000, 1.5300, 159.2200
ATT: -65, -1880, 12483
GPS: 579924000, 1, 0, 42.6227990, -71.2071610, 0, 51.2400, 49.8000, 1.5300, 159.2200
ATT: -6, -1892, 12404
GPS: 579925000, 1, 4, 42.6228070, -71.2071840, 0, 51.5900, 54.5300, 1.3400, 185.3200
ATT: 94, -1936, 12298
GPS: 579925000, 1, 4, 42.6228070, -71.2071840, 0, 51.8500, 54.5300, 1.3400, 185.3200
ATT: 184, -2200, 12224
GPS: 579925000, 1, 4, 42.6228070, -71.2071840, 0, 50.2700, 54.5300, 1.3400, 185.3200
ATT: 231, -2556, 12218
GPS: 579925000, 1, 4, 42.6228070, -71.2071840, 0, 49.2100, 54.5300, 1.3400, 185.3200
ATT: 172, -2750, 12172
GPS: 579925000, 1, 4, 42.6228070, -71.2071840, 0, 49.4800, 54.5300, 1.3400, 185.3200
ATT: 182, -2565, 11816
GPS: 579925000, 1, 4, 42.6228070, -71.2071840, 0, 49.6500, 54.5300, 1.3400, 185.3200
ATT: 286, -2217, 11353
GPS: 579925000, 1, 4, 42.6228070, -71.2071840, 0, 50.1800, 54.5300, 1.3400, 185.3200
ATT: 352, -2117, 10964
GPS: 579925000, 1, 4, 42.6228070, -71.2071840, 0, 50.6200, 54.5300, 1.3400, 185.3200
ATT: 331, -2100, 10490
GPS: 579925000, 1, 4, 42.6228070, -71.2071840, 0, 50.6200, 54.5300, 1.3400, 185.3200
ATT: 185, -1911, 9954
GPS: 579925000, 1, 4, 42.6228070, -71.2071840, 0, 50.6200, 54.5300, 1.3400, 185.3200
ATT: 47, -1482, 9458
GPS: 579926000, 1, 4, 42.6227950, -71.2071610, 0, 51.6700, 57.1600, 1.7400, 147.7600
ATT: -81, -1109, 9158
GPS: 579926000, 1, 4, 42.6227950, -71.2071610, 0, 52.4700, 57.1600, 1.7400, 147.7600
ATT: -154, -892, 8880
GPS: 579926000, 1, 4, 42.6227950, -71.2071610, 0, 51.1500, 57.1600, 1.7400, 147.7600
ATT: -315, -755, 8530
GPS: 579926000, 1, 4, 42.6227950, -71.2071610, 0, 50.1800, 57.1600, 1.7400, 147.7600
ATT: -460, -498, 8315
GPS: 579926000, 1, 4, 42.6227950, -71.2071610, 0, 50.4400, 57.1600, 1.7400, 147.7600
ATT: -448, -214, 8238
GPS: 579926000, 1, 4, 42.6227950, -71.2071610, 0, 50.7100, 57.1600, 1.7400, 147.7600
ATT: -478, 6, 8163
GPS: 579926000, 1, 4, 42.6227950, -71.2071610, 0, 50.6200, 57.1600, 1.7400, 147.7600
ATT: -510, 118, 8083
GPS: 579926000, 1, 4, 42.6227950, -71.2071610, 0, 50.6200, 57.1600, 1.7400, 147.7600
ATT: -512, 208, 7938
GPS: 579926000, 1, 4, 42.6227950, -71.2071610, 0, 50.0000, 57.1600, 1.7400, 147.7600
ATT: -405, 252, 7843
GPS: 579927000, 1, 4, 42.6228070, -71.2071690, 0, 49.5700, 57.1000, 0.4100, 147.7600
ATT: -172, 298, 7929
GPS: 579927000, 1, 4, 42.6228070, -71.2071690, 0, 50.6200, 57.1000, 0.4100, 147.7600
ATT: 51, 237, 8234
GPS: 579927000, 1, 4, 42.6228070, -71.2071690, 0, 51.4100, 57.1000, 0.4100, 147.7600
ATT: 374, 300, 8531
GPS: 579927000, 1, 4, 42.6228070, -71.2071690, 0, 51.2400, 57.1000, 0.4100, 147.7600
ATT: 658, 416, 8612
GPS: 579927000, 1, 4, 42.6228070, -71.2071690, 0, 51.1500, 57.1000, 0.4100, 147.7600
ATT: 802, 448, 8562
GPS: 579927000, 1, 4, 42.6228070, -71.2071690, 0, 51.7600, 57.1000, 0.4100, 147.7600
ATT: 772, 441, 8330
GPS: 579927000, 1, 4, 42.6228070, -71.2071690, 0, 52.2000, 57.1000, 0.4100, 147.7600
ATT: 716, 419, 8075
GPS: 579927000, 1, 4, 42.6228070, -71.2071690, 0, 51.6700, 57.1000, 0.4100, 147.7600
ATT: 839, 420, 7934
GPS: 579927000, 1, 4, 42.6228070, -71.2071690, 0, 51.3200, 57.1000, 0.4100, 147.7600
ATT: 1084, 403, 7937
GPS: 579927000, 1, 4, 42.6228070, -71.2071690, 0, 51.3200, 57.1000, 0.4100, 147.7600
ATT: 972, 349, 7959
GPS: 579927000, 1, 4, 42.6228070, -71.2071690, 0, 51.3200, 57.1000, 0.4100, 147.7600
ATT: 989, 425, 7978
GPS: 579928000, 1, 3, 42.6228070, -71.2071610, 0, 51.8500, 56.7400, 0.1600, 147.7600
ATT: 781, 441, 7928
GPS: 579928000, 1, 3, 42.6228070, -71.2071610, 0, 52.2000, 56.7400, 0.1600, 147.7600
ATT: 542, 573, 7786
GPS: 579928000, 1, 3, 42.6228070, -71.2071610, 0, 51.1500, 56.7400, 0.1600, 147.7600
ATT: 328, 619, 7704
GPS: 579928000, 1, 3, 42.6228070, -71.2071610, 0, 50.4400, 56.7400, 0.1600, 147.7600
ATT: 365, 576, 7691
GPS: 579928000, 1, 3, 42.6228070, -71.2071610, 0, 51.2400, 56.7400, 0.1600, 147.7600
ATT: 338, 580, 7676
GPS: 579928000, 1, 3, 42.6228070, -71.2071610, 0, 51.7600, 56.7400, 0.1600, 147.7600
ATT: 337, 563, 7677
GPS: 579928000, 1, 3, 42.6228070, -71.2071610, 0, 50.4400, 56.7400, 0.1600, 147.7600
ATT: 313, 556, 7670
GPS: 579928000, 1, 3, 42.6228070, -71.2071610, 0, 49.4800, 56.7400, 0.1600, 147.7600
ATT: 263, 571, 7653
GPS: 579928000, 1, 3, 42.6228070, -71.2071610, 0, 49.6500, 56.7400, 0.1600, 147.7600
ATT: 297, 542, 7664
GPS: 579928000, 1, 3, 42.6228070, -71.2071610, 0, 49.7400, 56.7400, 0.1600, 147.7600
ATT: 275, 541, 7656
GPS: 579929000, 1, 3, 42.6227950, -71.2071530, 0, 50.3600, 55.1900, 0.3500, 147.7600
ATT: 256, 537, 7649
GPS: 579929000, 1, 3, 42.6227950, -71.2071530, 0, 50.8000, 55.1900, 0.3500, 147.7600
ATT: 259, 526, 7649
GPS: 579929000, 1, 3, 42.6227950, -71.2071530, 0, 50.0900, 55.1900, 0.3500, 147.7600
ATT: 232, 529, 7639
GPS: 579929000, 1, 3, 42.6227950, -71.2071530, 0, 49.5700, 55.1900, 0.3500, 147.7600
ATT: 249, 509, 7644
GPS: 579929000, 1, 3, 42.6227950, -71.2071530, 0, 50.4400, 55.1900, 0.3500, 147.7600
ATT: 269, 491, 7650
GPS: 579929000, 1, 3, 42.6227950, -71.2071530, 0, 51.0600, 55.1900, 0.3500, 147.7600
ATT: 222, 507, 7635
GPS: 579929000, 1, 3, 42.6227950, -71.2071530, 0, 51.1500, 55.1900, 0.3500, 147.7600
ATT: 239, 495, 7638
GPS: 579929000, 1, 3, 42.6227950, -71.2071530, 0, 51.1500, 55.1900, 0.3500, 147.7600
ATT: 230, 495, 7634
GPS: 579929000, 1, 3, 42.6227950, -71.2071530, 0, 51.7600, 55.1900, 0.3500, 147.7600
ATT: 210, 500, 7626
GPS: 579929000, 1, 3, 42.6227950, -71.2071530, 0, 52.2000, 55.1900, 0.3500, 147.7600
ATT: 186, 505, 7616
GPS: 579930000, 1, 3, 42.6228070, -71.2071380, 0, 51.8500, 54.0100, 0.7400, 50.7000
ATT: 195, 491, 7618
GPS: 579930000, 1, 3, 42.6228070, -71.2071380, 0, 51.5900, 54.0100, 0.7400, 50.7000
ATT: 195, 485, 7614
GPS: 579930000, 1, 3, 42.6228070, -71.2071380, 0, 51.3200, 54.0100, 0.7400, 50.7000
ATT: 186, 484, 7610
GPS: 579930000, 1, 3, 42.6228070, -71.2071380, 0, 51.1500, 54.0100, 0.7400, 50.7000
ATT: 189, 478, 7609
GPS: 579930000, 1, 3, 42.6228070, -71.2071380, 0, 51.7600, 54.0100, 0.7400, 50.7000
ATT: 190, 472, 7608
GPS: 579930000, 1, 3, 42.6228070, -71.2071380, 0, 52.2000, 54.0100, 0.7400, 50.7000
ATT: 182, 472, 7603
GPS: 579930000, 1, 3, 42.6228070, -71.2071380, 0, 51.6700, 54.0100, 0.7400, 50.7000
ATT: 184, 467, 7602
GPS: 579930000, 1, 3, 42.6228070, -71.2071380, 0, 51.2400, 54.0100, 0.7400, 50.7000
ATT: 190, 460, 7603
GPS: 579930000, 1, 3, 42.6228070, -71.2071380, 0, 52.0300, 54.0100, 0.7400, 50.7000
ATT: 199, 454, 7603
GPS: 579930000, 1, 3, 42.6228070, -71.2071380, 0, 52.5500, 54.0100, 0.7400, 50.7000
ATT: 194, 451, 7601
GPS: 579931000, 1, 4, 42.6227950, -71.2071080, 0, 51.2400, 55.5400, 1.2900, 98.4100
ATT: 190, 449, 7596
GPS: 579931000, 1, 4, 42.6227950, -71.2071080, 0, 50.3600, 55.5400, 1.2900, 98.4100
ATT: 195, 441, 7596
GPS: 579931000, 1, 4, 42.6227950, -71.2071080, 0, 50.5300, 55.5400, 1.2900, 98.4100
ATT: 193, 435, 7594
GPS: 579931000, 1, 4, 42.6227950, -71.2071080, 0, 50.6200, 55.5400, 1.2900, 98.4100
PM:20019,1001,20,0,0,0,0,20,1,0,0,0,20, 
ATT: 210, 426, 7595
GPS: 579931000, 1, 4, 42.6227950, -71.2071080, 0, 50.8800, 55.5400, 1.2900, 98.4100
ATT: 195, 427, 7589
GPS: 579931000, 1, 4, 42.6227950, -71.2071080, 0, 51.0600, 55.5400, 1.2900, 98.4100
ATT: 215, 415, 7594
GPS: 579931000, 1, 4, 42.6227950, -71.2071080, 0, 50.0900, 55.5400, 1.2900, 98.4100
ATT: 219, 407, 7595
GPS: 579931000, 1, 4, 42.6227950, -71.2071080, 0, 49.3900, 55.5400, 1.2900, 98.4100
ATT: 211, 410, 7589
GPS: 579931000, 1, 4, 42.6227950, -71.2071080, 0, 49.9200, 55.5400, 1.2900, 98.4100
ATT: 212, 408, 7588
GPS: 579931000, 1, 4, 42.6227950, -71.2071080, 0, 50.2700, 55.5400, 1.2900, 98.4100
ATT: 215, 403, 7588
GPS: 579932000, 1, 4, 42.6227650, -71.2071080, 0, 49.5700, 57.1200, 1.6000, 129.7100
ATT: 215, 402, 7586
GPS: 579932000, 1, 4, 42.6227650, -71.2071080, 0, 49.0400, 57.1200, 1.6000, 129.7100
ATT: 214, 397, 7586
GPS: 579932000, 1, 4, 42.6227650, -71.2071080, 0, 49.8300, 57.1200, 1.6000, 129.7100
ATT: 221, 392, 7587
GPS: 579932000, 1, 4, 42.6227650, -71.2071080, 0, 50.4400, 57.1200, 1.6000, 129.7100
ATT: 228, 388, 7587
GPS: 579932000, 1, 4, 42.6227650, -71.2071080, 0, 50.7100, 57.1200, 1.6000, 129.7100
ATT: 225, 386, 7585
GPS: 579932000, 1, 4, 42.6227650, -71.2071080, 0, 50.8800, 57.1200, 1.6000, 129.7100
ATT: 238, 378, 7588
GPS: 579932000, 1, 4, 42.6227650, -71.2071080, 0, 50.9700, 57.1200, 1.6000, 129.7100
ATT: 266, 361, 7598
GPS: 579932000, 1, 4, 42.6227650, -71.2071080, 0, 50.9700, 57.1200, 1.6000, 129.7100
ATT: 253, 364, 7595
GPS: 579932000, 1, 4, 42.6227650, -71.2071080, 0, 51.5000, 57.1200, 1.6000, 129.7100
ATT: 238, 374, 7587
GPS: 579932000, 1, 4, 42.6227650, -71.2071080, 0, 51.9400, 57.1200, 1.6000, 129.7100
ATT: 203, 393, 7573
GPS: 579933000, 1, 3, 42.6227460, -71.2071000, 0, 51.0600, 56.7900, 1.2800, 124.4200
ATT: 229, 385, 7579
GPS: 579933000, 1, 3, 42.6227460, -71.2071000, 0, 50.4400, 56.7900, 1.2800, 124.4200
ATT: 208, 396, 7573
GPS: 579933000, 1, 3, 42.6227460, -71.2071000, 0, 50.1800, 56.7900, 1.2800, 124.4200
ATT: 211, 401, 7570
GPS: 579933000, 1, 3, 42.6227460, -71.2071000, 0, 50.0000, 56.7900, 1.2800, 124.4200
ATT: 347, 238, 7696
GPS: 579933000, 1, 3, 42.6227460, -71.2071000, 0, 50.1800, 56.7900, 1.2800, 124.4200
ATT: 184, 140, 7705
GPS: 579933000, 1, 3, 42.6227460, -71.2071000, 0, 50.2700, 56.7900, 1.2800, 124.4200
ATT: -589, 88, 7731
GPS: 579933000, 1, 3, 42.6227460, -71.2071000, 0, 49.9200, 56.7900, 1.2800, 124.4200
ATT: -1084, 47, 7808
GPS: 579933000, 1, 3, 42.6227460, -71.2071000, 0, 49.6500, 56.7900, 1.2800, 124.4200
ATT: -1288, 156, 7745
GPS: 579933000, 1, 3, 42.6227460, -71.2071000, 0, 50.1800, 56.7900, 1.2800, 124.4200
ATT: -1415, 171, 7713
GPS: 579933000, 1, 3, 42.6227460, -71.2071000, 0, 50.5300, 56.7900, 1.2800, 124.4200
ATT: -1451, 258, 7669
GPS: 579934000, 1, 4, 42.6227460, -71.2071080, 0, 49.4800, 54.4100, 0.2200, 124.4200
ATT: -1214, 348, 7650
GPS: 579934000, 1, 4, 42.6227460, -71.2071080, 0, 48.6900, 54.4100, 0.2200, 124.4200
ATT: -891, 245, 7683
GPS: 579934000, 1, 4, 42.6227460, -71.2071080, 0, 49.5700, 54.4100, 0.2200, 124.4200
ATT: -760, 162, 7686
GPS: 579934000, 1, 4, 42.6227460, -71.2071080, 0, 50.1800, 54.4100, 0.2200, 124.4200
ATT: -766, 105, 7692
GPS: 579934000, 1, 4, 42.6227460, -71.2071080, 0, 49.9200, 54.4100, 0.2200, 124.4200
ATT: -861, 42, 7714
GPS: 579934000, 1, 4, 42.6227460, -71.2071080, 0, 49.7400, 54.4100, 0.2200, 124.4200
ATT: -972, -25, 7746
GPS: 579934000, 1, 4, 42.6227460, -71.2071080, 0, 50.5300, 54.4100, 0.2200, 124.4200
ATT: -954, -17, 7788
GPS: 579934000, 1, 4, 42.6227460, -71.2071080, 0, 51.0600, 54.4100, 0.2200, 124.4200
ATT: -809, 29, 7809
GPS: 579934000, 1, 4, 42.6227460, -71.2071080, 0, 52.0300, 54.4100, 0.2200, 124.4200
ATT: -692, 75, 7822
GPS: 579934000, 1, 4, 42.6227460, -71.2071080, 0, 52.7300, 54.4100, 0.2200, 124.4200
ATT: -689, 106, 7808
GPS: 579935000, 1, 4, 42.6227380, -71.2071080, 0, 52.2900, 51.0300, 0.1600, 124.4200
ATT: -685, 97, 7802
GPS: 579935000, 1, 4, 42.6227380, -71.2071080, 0, 52.0300, 51.0300, 0.1600, 124.4200
ATT: -654, 80, 7789
GPS: 579935000, 1, 4, 42.6227380, -71.2071080, 0, 52.2000, 51.0300, 0.1600, 124.4200
ATT: -591, 86, 7734
GPS: 579935000, 1, 4, 42.6227380, -71.2071080, 0, 52.2900, 51.0300, 0.1600, 124.4200
ATT: -543, 76, 7704
GPS: 579935000, 1, 4, 42.6227380, -71.2071080, 0, 50.7100, 51.0300, 0.1600, 124.4200
ATT: -454, 147, 7758
GPS: 579935000, 1, 4, 42.6227380, -71.2071080, 0, 49.6500, 51.0300, 0.1600, 124.4200
ATT: -580, 138, 7654
GPS: 579935000, 1, 4, 42.6227380, -71.2071080, 0, 49.6500, 51.0300, 0.1600, 124.4200
ATT: -598, 173, 7727
GPS: 579935000, 1, 4, 42.6227380, -71.2071080, 0, 49.6500, 51.0300, 0.1600, 124.4200
ATT: -608, 180, 7689
GPS: 579935000, 1, 4, 42.6227380, -71.2071080, 0, 50.0000, 51.0300, 0.1600, 124.4200
ATT: -535, 149, 7695
GPS: 579935000, 1, 4, 42.6227380, -71.2071080, 0, 50.2700, 51.0300, 0.1600, 124.4200
ATT: -323, 10, 7858
GPS: 579936000, 1, 4, 42.6227530, -71.2071150, 0, 50.2700, 50.7200, 0.4200, 124.4200
ATT: -110, 35, 7859
GPS: 579936000, 1, 4, 42.6227530, -71.2071150, 0, 50.2700, 50.7200, 0.4200, 124.4200
ATT: -21, 103, 7737
GPS: 579936000, 1, 4, 42.6227530, -71.2071150, 0, 50.8800, 50.7200, 0.4200, 124.4200
ATT: 42, 96, 7756
GPS: 579936000, 1, 4, 42.6227530, -71.2071150, 0, 51.3200, 50.7200, 0.4200, 124.4200
ATT: 119, 112, 7761
GPS: 579936000, 1, 4, 42.6227530, -71.2071150, 0, 50.1800, 50.7200, 0.4200, 124.4200
ATT: 126, 116, 7767
GPS: 579936000, 1, 4, 42.6227530, -71.2071150, 0, 49.3900, 50.7200, 0.4200, 124.4200
ATT: -138, 293, 7816
GPS: 579936000, 1, 4, 42.6227530, -71.2071150, 0, 49.5700, 50.7200, 0.4200, 124.4200
ATT: -215, 634, 7784
GPS: 579936000, 1, 4, 42.6227530, -71.2071150, 0, 49.7400, 50.7200, 0.4200, 124.4200
ATT: -156, 809, 7712
GPS: 579936000, 1, 4, 42.6227530, -71.2071150, 0, 49.7400, 50.7200, 0.4200, 124.4200
ATT: 28, 1002, 7716
GPS: 579936000, 1, 4, 42.6227530, -71.2071150, 0, 49.7400, 50.7200, 0.4200, 124.4200
ATT: 354, 1303, 7676
GPS: 579937000, 1, 4, 42.6227610, -71.2071080, 0, 49.3900, 49.5800, 0.4600, 124.4200
ATT: 701, 1152, 7741
GPS: 579937000, 1, 4, 42.6227610, -71.2071080, 0, 49.1300, 49.5800, 0.4600, 124.4200
ATT: 780, 482, 7825
GPS: 579937000, 1, 4, 42.6227610, -71.2071080, 0, 50.5300, 49.5800, 0.4600, 124.4200
ATT: 930, 176, 7769
GPS: 579937000, 1, 4, 42.6227610, -71.2071080, 0, 51.5000, 49.5800, 0.4600, 124.4200
ATT: 993, -153, 7810
GPS: 579937000, 1, 4, 42.6227610, -71.2071080, 0, 51.2400, 49.5800, 0.4600, 124.4200
ATT: 1008, -368, 7809
GPS: 579937000, 1, 4, 42.6227610, -71.2071080, 0, 51.0600, 49.5800, 0.4600, 124.4200
ATT: 1141, -671, 7777
GPS: 579937000, 1, 4, 42.6227610, -71.2071080, 0, 52.2000, 49.5800, 0.4600, 124.4200
ATT: 1369, -1057, 7636
GPS: 579937000, 1, 4, 42.6227610, -71.2071080, 0, 52.9900, 49.5800, 0.4600, 124.4200
ATT: 2078, -1763, 7540
GPS: 579937000, 1, 4, 42.6227610, -71.2071080, 0, 51.6700, 49.5800, 0.4600, 124.4200
ATT: 2311, -2037, 7435
GPS: 579937000, 1, 4, 42.6227610, -71.2071080, 0, 50.8000, 49.5800, 0.4600, 124.4200
ATT: 2967, -2528, 7286
GPS: 579938000, 1, 4, 42.6227760, -71.2071080, 0, 51.5000, 48.6800, 0.0700, 124.4200
ATT: 2693, -2794, 6947
GPS: 579938000, 1, 4, 42.6227760, -71.2071080, 0, 52.0300, 48.6800, 0.0700, 124.4200
ATT: 2323, -2774, 7175
GPS: 579938000, 1, 4, 42.6227760, -71.2071080, 0, 52.4700, 48.6800, 0.0700, 124.4200
ATT: 1907, -2166, 7432
GPS: 579938000, 1, 4, 42.6227760, -71.2071080, 0, 52.7300, 48.6800, 0.0700, 124.4200
ATT: 1256, -1595, 7642
GPS: 579938000, 1, 4, 42.6227760, -71.2071080, 0, 52.2900, 48.6800, 0.0700, 124.4200
ATT: 616, -828, 7798
GPS: 579938000, 1, 4, 42.6227760, -71.2071080, 0, 52.0300, 48.6800, 0.0700, 124.4200
ATT: 334, -195, 7772
GPS: 579938000, 1, 4, 42.6227760, -71.2071080, 0, 52.6400, 48.6800, 0.0700, 124.4200
ATT: 24, 4, 7802
GPS: 579938000, 1, 4, 42.6227760, -71.2071080, 0, 53.0800, 48.6800, 0.0700, 124.4200
ATT: 0, 0, 7858
GPS: 579938000, 1, 4, 42.6227760, -71.2071080, 0, 51.7600, 48.6800, 0.0700, 124.4200
ATT: 53, 242, 7884
GPS: 579938000, 1, 4, 42.6227760, -71.2071080, 0, 50.8000, 48.6800, 0.0700, 124.4200
ATT: -376, 693, 7829
GPS: 579939000, 1, 0, 42.6227760, -71.2071080, 0, 51.3200, 48.6200, 0.0700, 124.4200
ATT: -1072, 826, 7996
GPS: 579939000, 1, 0, 42.6227760, -71.2071080, 0, 51.6700, 48.6200, 0.0700, 124.4200
ATT: -921, 837, 8012
GPS: 579939000, 1, 0, 42.6227760, -71.2071080, 0, 51.8500, 48.6200, 0.0700, 124.4200
ATT: -819, 1033, 7924
GPS: 579939000, 1, 0, 42.6227760, -71.2071080, 0, 52.0300, 48.6200, 0.0700, 124.4200
ATT: -1027, 988, 7865
GPS: 579939000, 1, 0, 42.6227760, -71.2071080, 0, 50.8800, 48.6200, 0.0700, 124.4200
ATT: -1195, 874, 7837
GPS: 579939000, 1, 0, 42.6227760, -71.2071080, 0, 50.0900, 48.6200, 0.0700, 124.4200
ATT: -1426, 757, 7850
GPS: 579939000, 1, 0, 42.6227760, -71.2071080, 0, 51.3200, 48.6200, 0.0700, 124.4200
ATT: -1328, 647, 7975
GPS: 579939000, 1, 0, 42.6227760, -71.2071080, 0, 52.1100, 48.6200, 0.0700, 124.4200
ATT: -1393, 586, 7897
GPS: 579939000, 1, 0, 42.6227760, -71.2071080, 0, 51.5900, 48.6200, 0.0700, 124.4200
ATT: -1267, 535, 7914
GPS: 579939000, 1, 0, 42.6227760, -71.2071080, 0, 51.2400, 48.6200, 0.0700, 124.4200
ATT: -1243, 507, 7915
GPS: 579940000, 1, 0, 42.6227760, -71.2071080, 0, 51.8500, 48.5500, 0.0700, 124.4200
ATT: -1300, 475, 7917
GPS: 579940000, 1, 0, 42.6227760, -71.2071080, 0, 52.2900, 48.5500, 0.0700, 124.4200
ATT: -1041, 427, 7926
GPS: 579940000, 1, 0, 42.6227760, -71.2071080, 0, 52.0300, 48.5500, 0.0700, 124.4200
ATT: -632, 416, 7933
GPS: 579940000, 1, 0, 42.6227760, -71.2071080, 0, 51.8500, 48.5500, 0.0700, 124.4200
ATT: -842, 402, 7914
GPS: 579940000, 1, 0, 42.6227760, -71.2071080, 0, 51.7600, 48.5500, 0.0700, 124.4200
ATT: -781, 389, 7908
GPS: 579940000, 1, 0, 42.6227760, -71.2071080, 0, 51.6700, 48.5500, 0.0700, 124.4200
ATT: -716, 379, 7902
GPS: 579940000, 1, 0, 42.6227760, -71.2071080, 0, 52.1100, 48.5500, 0.0700, 124.4200
ATT: -665, 347, 7923
GPS: 579940000, 1, 0, 42.6227760, -71.2071080, 0, 52.3800, 48.5500, 0.0700, 124.4200
ATT: -763, 329, 7927
GPS: 579940000, 1, 0, 42.6227760, -71.2071080, 0, 51.6700, 48.5500, 0.0700, 124.4200
ATT: -629, 344, 8001
GPS: 579940000, 1, 0, 42.6227760, -71.2071080, 0, 51.1500, 48.5500, 0.0700, 124.4200
ATT: -641, 349, 7964
GPS: 579941000, 1, 4, 42.6227910, -71.2071080, 0, 51.7600, 49.2100, 0.6900, 12.9700
ATT: -776, 325, 7955
GPS: 579941000, 1, 4, 42.6227910, -71.2071080, 0, 52.2000, 49.2100, 0.6900, 12.9700
ATT: -668, 271, 7939
GPS: 579941000, 1, 4, 42.6227910, -71.2071080, 0, 51.1500, 49.2100, 0.6900, 12.9700
ATT: -710, 238, 7889
GPS: 579941000, 1, 4, 42.6227910, -71.2071080, 0, 50.3600, 49.2100, 0.6900, 12.9700
ATT: -708, 246, 7897
GPS: 579941000, 1, 4, 42.6227910, -71.2071080, 0, 50.5300, 49.2100, 0.6900, 12.9700
ATT: -736, 243, 7886
GPS: 579941000, 1, 4, 42.6227910, -71.2071080, 0, 50.7100, 49.2100, 0.6900, 12.9700
ATT: -629, 221, 7912
GPS: 579941000, 1, 4, 42.6227910, -71.2071080, 0, 51.0600, 49.2100, 0.6900, 12.9700
ATT: -663, 225, 7907
GPS: 579941000, 1, 4, 42.6227910, -71.2071080, 0, 51.3200, 49.2100, 0.6900, 12.9700
ATT: -545, 253, 7901
GPS: 579941000, 1, 4, 42.6227910, -71.2071080, 0, 50.5300, 49.2100, 0.6900, 12.9700
ATT: -615, 235, 7895
GPS: 579941000, 1, 4, 42.6227910, -71.2071080, 0, 50.0000, 49.2100, 0.6900, 12.9700
ATT: -664, 204, 7904
GPS: 579942000, 1, 4, 42.6227950, -71.2070690, 0, 50.5300, 50.2700, 0.8200, 37.2600
ATT: -584, 201, 7922
GPS: 579942000, 1, 4, 42.6227950, -71.2070690, 0, 50.8800, 50.2700, 0.8200, 37.2600
ATT: -546, 215, 7923
GPS: 579942000, 1, 4, 42.6227950, -71.2070690, 0, 49.9200, 50.2700, 0.8200, 37.2600
ATT: -460, 219, 7947
GPS: 579942000, 1, 4, 42.6227950, -71.2070690, 0, 49.2100, 50.2700, 0.8200, 37.2600
ATT: -491, 252, 7922
GPS: 579942000, 1, 4, 42.6227950, -71.2070690, 0, 49.4800, 50.2700, 0.8200, 37.2600
ATT: -550, 245, 7904
GPS: 579942000, 1, 4, 42.6227950, -71.2070690, 0, 49.6500, 50.2700, 0.8200, 37.2600
ATT: -555, 229, 7908
GPS: 579942000, 1, 4, 42.6227950, -71.2070690, 0, 50.2700, 50.2700, 0.8200, 37.2600
ATT: -557, 237, 7899
GPS: 579942000, 1, 4, 42.6227950, -71.2070690, 0, 50.7100, 50.2700, 0.8200, 37.2600
ATT: -569, 211, 7903
GPS: 579942000, 1, 4, 42.6227950, -71.2070690, 0, 50.4400, 50.2700, 0.8200, 37.2600
ATT: -527, 188, 7913
GPS: 579942000, 1, 4, 42.6227950, -71.2070690, 0, 50.2700, 50.2700, 0.8200, 37.2600
ATT: -518, 182, 7917
GPS: 579943000, 1, 3, 42.6227990, -71.2070540, 0, 51.0600, 49.7800, 0.4500, 37.2600
ATT: -528, 194, 7909
GPS: 579943000, 1, 3, 42.6227990, -71.2070540, 0, 51.6700, 49.7800, 0.4500, 37.2600
ATT: -586, 216, 7884
GPS: 579943000, 1, 3, 42.6227990, -71.2070540, 0, 50.9700, 49.7800, 0.4500, 37.2600
ATT: -564, 240, 7869
GPS: 579943000, 1, 3, 42.6227990, -71.2070540, 0, 50.5300, 49.7800, 0.4500, 37.2600
ATT: -539, 236, 7882
GPS: 579943000, 1, 3, 42.6227990, -71.2070540, 0, 51.2400, 49.7800, 0.4500, 37.2600
ATT: -548, 230, 7881
GPS: 579943000, 1, 3, 42.6227990, -71.2070540, 0, 51.7600, 49.7800, 0.4500, 37.2600
ATT: -566, 244, 7877
GPS: 579943000, 1, 3, 42.6227990, -71.2070540, 0, 51.3200, 49.7800, 0.4500, 37.2600
ATT: -471, 201, 7906
GPS: 579943000, 1, 3, 42.6227990, -71.2070540, 0, 51.0600, 49.7800, 0.4500, 37.2600
ATT: -540, 197, 7899
GPS: 579943000, 1, 3, 42.6227990, -71.2070540, 0, 50.7100, 49.7800, 0.4500, 37.2600
ATT: -542, 195, 7905
GPS: 579943000, 1, 3, 42.6227990, -71.2070540, 0, 50.4400, 49.7800, 0.4500, 37.2600
ATT: -536, 202, 7896
GPS: 579944000, 1, 4, 42.6228100, -71.2070620, 0, 51.6700, 47.5800, 1.1200, -307.3800
ATT: -486, 175, 7907
GPS: 579944000, 1, 4, 42.6228100, -71.2070620, 0, 52.5500, 47.5800, 1.1200, -307.3800
ATT: -450, 196, 7905
GPS: 579944000, 1, 4, 42.6228100, -71.2070620, 0, 50.9700, 47.5800, 1.1200, -307.3800
ATT: -477, 184, 7905
GPS: 579944000, 1, 4, 42.6228100, -71.2070620, 0, 49.8300, 47.5800, 1.1200, -307.3800
ATT: -462, 183, 7905
GPS: 579944000, 1, 4, 42.6228100, -71.2070620, 0, 50.7100, 47.5800, 1.1200, -307.3800
ATT: -460, 184, 7902
GPS: 579944000, 1, 4, 42.6228100, -71.2070620, 0, 51.3200, 47.5800, 1.1200, -307.3800
ATT: -427, 182, 7908
GPS: 579944000, 1, 4, 42.6228100, -71.2070620, 0, 50.2700, 47.5800, 1.1200, -307.3800
ATT: -416, 184, 7908
GPS: 579944000, 1, 4, 42.6228100, -71.2070620, 0, 49.4800, 47.5800, 1.1200, -307.3800
ATT: -368, 193, 7906
GPS: 579944000, 1, 4, 42.6228100, -71.2070620, 0, 48.8600, 47.5800, 1.1200, -307.3800
ATT: -472, 315, 7952
GPS: 579944000, 1, 4, 42.6228100, -71.2070620, 0, 48.4200, 47.5800, 1.1200, -307.3800
ATT: -187, 346, 9337
GPS: 579945000, 1, 3, 42.6228220, -71.2071380, 0, 48.9500, 46.2300, 3.0400, 299.7300
ATT: 98, -12, 9369
GPS: 579945000, 1, 3, 42.6228220, -71.2071380, 0, 49.3900, 46.2300, 3.0400, 299.7300
ATT: 237, 180, 9617
GPS: 579945000, 1, 3, 42.6228220, -71.2071380, 0, 49.1300, 46.2300, 3.0400, 299.7300
ATT: 45, 864, 9498
GPS: 579945000, 1, 3, 42.6228220, -71.2071380, 0, 48.9500, 46.2300, 3.0400, 299.7300
ATT: -138, 935, 9629
GPS: 579945000, 1, 3, 42.6228220, -71.2071380, 0, 49.3900, 46.2300, 3.0400, 299.7300
ATT: -1920, 784, 10138
GPS: 579945000, 1, 3, 42.6228220, -71.2071380, 0, 49.6500, 46.2300, 3.0400, 299.7300
ATT: -2873, 1566, 9705
GPS: 579945000, 1, 3, 42.6228220, -71.2071380, 0, 48.5100, 46.2300, 3.0400, 299.7300
ATT: -2214, 1299, 9379
GPS: 579945000, 1, 3, 42.6228220, -71.2071380, 0, 47.7200, 46.2300, 3.0400, 299.7300
ATT: -2309, 1794, 9311
GPS: 579945000, 1, 3, 42.6228220, -71.2071380, 0, 48.1600, 46.2300, 3.0400, 299.7300
ATT: -2404, 2329, 8909
GPS: 579945000, 1, 3, 42.6228220, -71.2071380, 0, 48.5100, 46.2300, 3.0400, 299.7300
ATT: -1770, 2164, 8977
GPS: 579946000, 1, 3, 42.6228140, -71.2071990, 0, 48.9500, 45.4300, 2.6800, 293.0300
ATT: -1287, 1228, 9135
GPS: 579946000, 1, 3, 42.6228140, -71.2071990, 0, 49.2100, 45.4300, 2.6800, 293.0300
ATT: -1194, 589, 9246
GPS: 579946000, 1, 3, 42.6228140, -71.2071990, 0, 49.1300, 45.4300, 2.6800, 293.0300
ATT: -1205, 509, 9492
GPS: 579946000, 1, 3, 42.6228140, -71.2071990, 0, 49.1300, 45.4300, 2.6800, 293.0300
ATT: -1285, 429, 9625
GPS: 579946000, 1, 3, 42.6228140, -71.2071990, 0, 49.7400, 45.4300, 2.6800, 293.0300
ATT: -1193, 572, 9696
GPS: 579946000, 1, 3, 42.6228140, -71.2071990, 0, 50.1800, 45.4300, 2.6800, 293.0300
ATT: -980, 717, 9723
GPS: 579946000, 1, 3, 42.6228140, -71.2071990, 0, 48.9500, 45.4300, 2.6800, 293.0300
ATT: -736, 894, 9708
GPS: 579946000, 1, 3, 42.6228140, -71.2071990, 0, 48.0700, 45.4300, 2.6800, 293.0300
ATT: -188, 1096, 9761
GPS: 579946000, 1, 3, 42.6228140, -71.2071990, 0, 48.4200, 45.4300, 2.6800, 293.0300
ATT: -60, 1077, 9780
GPS: 579946000, 1, 3, 42.6228140, -71.2071990, 0, 48.6900, 45.4300, 2.6800, 293.0300
ATT: -118, 1012, 9742
GPS: 579947000, 1, 3, 42.6227950, -71.2071990, 0, 48.6900, 45.6000, 1.4000, 265.5100
ATT: -173, 1071, 9730
GPS: 579947000, 1, 3, 42.6227950, -71.2071990, 0, 48.6900, 45.6000, 1.4000, 265.5100
ATT: -415, 1169, 9677
GPS: 579947000, 1, 3, 42.6227950, -71.2071990, 0, 48.1600, 45.6000, 1.4000, 265.5100
ATT: -853, 1431, 9534
GPS: 579947000, 1, 3, 42.6227950, -71.2071990, 0, 47.8100, 45.6000, 1.4000, 265.5100
ATT: -1263, 1913, 9194
GPS: 579947000, 1, 3, 42.6227950, -71.2071990, 0, 49.0400, 45.6000, 1.4000, 265.5100
ATT: -1283, 2163, 9000
GPS: 579947000, 1, 3, 42.6227950, -71.2071990, 0, 49.8300, 45.6000, 1.4000, 265.5100
ATT: -1318, 2364, 8903
GPS: 579947000, 1, 3, 42.6227950, -71.2071990, 0, 49.3000, 45.6000, 1.4000, 265.5100
ATT: -1343, 2408, 8825
GPS: 579947000, 1, 3, 42.6227950, -71.2071990, 0, 48.9500, 45.6000, 1.4000, 265.5100
ATT: -1335, 2275, 8814
GPS: 579947000, 1, 3, 42.6227950, -71.2071990, 0, 49.0400, 45.6000, 1.4000, 265.5100
ATT: -1360, 1675, 8857
GPS: 579948000, 1, 0, 42.6227950, -71.2072220, 0, 49.0400, 45.4300, 1.4000, 265.5100
