Dumping Log 13,    start pg 1501,   end pg 1591

ArduPlane V2.33
Free RAM: 3417
GROUND START -  0 commands in memory
CMD:0,255,255,-1,-1,-1, 
MOD:Manual
MOD:FBW_A
ATT: 3, -4, 11
GPS: 588558690, 0, 0, 0.0000000, 0.0000000, 0, -0.1700, 0.0000, 0.0000, 0.0000
ATT: 3, -4, 11
GPS: 588558690, 0, 0, 0.0000000, 0.0000000, 0, -0.3400, 0.0000, 0.0000, 0.0000
ATT: 1, -3, 11
GPS: 588558690, 0, 0, 0.0000000, 0.0000000, 0, -0.4300, 0.0000, 0.0000, 0.0000
ATT: 1, -2, 11
GPS: 588558690, 0, 0, 0.0000000, 0.0000000, 0, -0.5100, 0.0000, 0.0000, 0.0000
ATT: 0, -1, 11
GPS: 588558690, 0, 0, 0.0000000, 0.0000000, 0, -0.5100, 0.0000, 0.0000, 0.0000
ATT: 1, 0, 12
GPS: 588558690, 0, 0, 0.0000000, 0.0000000, 0, -0.3400, 0.0000, 0.0000, 0.0000
ATT: 1, 0, 12
GPS: 588558690, 0, 0, 0.0000000, 0.0000000, 0, -0.2500, 0.0000, 0.0000, 0.0000
ATT: 0, 0, 13
GPS: 588558690, 0, 0, 0.0000000, 0.0000000, 0, -0.3400, 0.0000, 0.0000, 0.0000
ATT: 0, 0, 13
GPS: 588558690, 0, 0, 0.0000000, 0.0000000, 0, -0.4300, 0.0000, 0.0000, 0.0000
ATT: 0, 0, 13
GPS: 588558690, 0, 0, 0.0000000, 0.0000000, 0, -0.2500, 0.0000, 0.0000, 0.0000
ATT: -1, 0, 13
GPS: 588558690, 0, 0, 0.0000000, 0.0000000, 0, -0.1700, 0.0000, 0.0000, 0.0000
ATT: -1, 1, 13
GPS: 588558690, 0, 0, 0.0000000, 0.0000000, 0, -0.1700, 0.0000, 0.0000, 0.0000
ATT: -1, 1, 14
GPS: 588558690, 0, 0, 0.0000000, 0.0000000, 0, -0.1700, 0.0000, 0.0000, 0.0000
ATT: -1, 1, 14
GPS: 588558690, 0, 0, 0.0000000, 0.0000000, 0, -0.2500, 0.0000, 0.0000, 0.0000
ATT: -1, 2, 14
GPS: 588558690, 0, 0, 0.0000000, 0.0000000, 0, -0.3400, 0.0000, 0.0000, 0.0000
ATT: -1, 3, 14
GPS: 588558690, 0, 0, 0.0000000, 0.0000000, 0, -0.2500, 0.0000, 0.0000, 0.0000
ATT: -2, 4, 15
GPS: 588558690, 0, 0, 0.0000000, 0.0000000, 0, -0.1700, 0.0000, 0.0000, 0.0000
ATT: -2, 3, 15
GPS: 588558690, 0, 0, 0.0000000, 0.0000000, 0, -0.2500, 0.0000, 0.0000, 0.0000
ATT: -2, 4, 16
GPS: 588558690, 0, 0, 0.0000000, 0.0000000, 0, -0.2500, 0.0000, 0.0000, 0.0000
ATT: -1, 4, 16
GPS: 588558690, 0, 0, 0.0000000, 0.0000000, 0, -0.3400, 0.0000, 0.0000, 0.0000
ATT: -1, 4, 16
GPS: 588562688, 0, 0, 0.0000000, 0.0000000, 0, -0.4300, 0.0000, 0.0000, 0.0000
ATT: -1, 4, 17
GPS: 588562688, 0, 0, 0.0000000, 0.0000000, 0, -0.4300, 0.0000, 0.0000, 0.0000
ATT: -2, 4, 17
GPS: 588562688, 0, 0, 0.0000000, 0.0000000, 0, -0.4300, 0.0000, 0.0000, 0.0000
ATT: -2, 4, 18
GPS: 588562688, 0, 0, 0.0000000, 0.0000000, 0, -0.4300, 0.0000, 0.0000, 0.0000
ATT: -2, 3, 18
GPS: 588562688, 0, 0, 0.0000000, 0.0000000, 0, -0.4300, 0.0000, 0.0000, 0.0000
PM:20015,124,139,0,0,0,0,0,1,0,0,0,0, 
ATT: -2, 4, 19
GPS: 588562688, 0, 0, 0.0000000, 0.0000000, 0, -0.5100, 0.0000, 0.0000, 0.0000
ATT: -2, 2, 19
GPS: 588562688, 0, 0, 0.0000000, 0.0000000, 0, -0.6000, 0.0000, 0.0000, 0.0000
ATT: -3, 2, 19
GPS: 588562688, 0, 0, 0.0000000, 0.0000000, 0, -0.4300, 0.0000, 0.0000, 0.0000
ATT: -3, 2, 20
GPS: 588562688, 0, 0, 0.0000000, 0.0000000, 0, -0.3400, 0.0000, 0.0000, 0.0000
ATT: -4, 2, 20
GPS: 588562688, 0, 0, 0.0000000, 0.0000000, 0, -0.4300, 0.0000, 0.0000, 0.0000
ATT: -3, 2, 20
GPS: 588563690, 0, 0, 0.0000000, 0.0000000, 0, -0.5100, 0.0000, 0.0000, 0.0000
ATT: -4, 1, 21
GPS: 588563690, 0, 0, 0.0000000, 0.0000000, 0, -0.5100, 0.0000, 0.0000, 0.0000
ATT: -3, 3, 21
GPS: 588563690, 0, 0, 0.0000000, 0.0000000, 0, -0.5100, 0.0000, 0.0000, 0.0000
ATT: -3, 2, 22
GPS: 588563690, 0, 0, 0.0000000, 0.0000000, 0, -0.4300, 0.0000, 0.0000, 0.0000
ATT: -3, 4, 22
GPS: 588563690, 0, 0, 0.0000000, 0.0000000, 0, -0.4300, 0.0000, 0.0000, 0.0000
ATT: -3, 3, 23
GPS: 588563690, 0, 0, 0.0000000, 0.0000000, 0, -0.3400, 0.0000, 0.0000, 0.0000
ATT: -3, 3, 23
GPS: 588563690, 0, 0, 0.0000000, 0.0000000, 0, -0.3400, 0.0000, 0.0000, 0.0000
ATT: -2, 3, 23
GPS: 588563690, 0, 0, 0.0000000, 0.0000000, 0, -0.4300, 0.0000, 0.0000, 0.0000
ATT: -3, 2, 23
GPS: 588563690, 0, 0, 0.0000000, 0.0000000, 0, -0.4300, 0.0000, 0.0000, 0.0000
ATT: -3, 2, 23
GPS: 588563690, 0, 0, 0.0000000, 0.0000000, 0, -0.4300, 0.0000, 0.0000, 0.0000
ATT: -3, 0, 24
GPS: 588564692, 0, 0, 0.0000000, 0.0000000, 0, -0.4300, 0.0000, 0.0000, 0.0000
ATT: -3, 1, 24
GPS: 588564692, 0, 0, 0.0000000, 0.0000000, 0, -0.5100, 0.0000, 0.0000, 0.0000
ATT: -3, 1, 25
GPS: 588564692, 0, 0, 0.0000000, 0.0000000, 0, -0.6000, 0.0000, 0.0000, 0.0000
ATT: -3, 2, 25
GPS: 588564692, 0, 0, 0.0000000, 0.0000000, 0, -0.6000, 0.0000, 0.0000, 0.0000
ATT: -2, 2, 25
GPS: 588564692, 0, 0, 0.0000000, 0.0000000, 0, -0.6000, 0.0000, 0.0000, 0.0000
ATT: -3, 2, 26
GPS: 588564692, 0, 0, 0.0000000, 0.0000000, 0, -0.6900, 0.0000, 0.0000, 0.0000
ATT: -2, 1, 26
GPS: 588564692, 0, 0, 0.0000000, 0.0000000, 0, -0.6900, 0.0000, 0.0000, 0.0000
ATT: -3, 0, 27
GPS: 588564692, 0, 0, 0.0000000, 0.0000000, 0, -0.5100, 0.0000, 0.0000, 0.0000
ATT: -2, 1, 27
GPS: 588564692, 0, 0, 0.0000000, 0.0000000, 0, -0.4300, 0.0000, 0.0000, 0.0000
ATT: -3, 1, 28
GPS: 588564692, 0, 0, 0.0000000, 0.0000000, 0, -0.4300, 0.0000, 0.0000, 0.0000
ATT: -2, 1, 28
GPS: 588565690, 0, 0, 0.0000000, 0.0000000, 0, -0.4300, 0.0000, 0.0000, 0.0000
ATT: -2, 1, 29
GPS: 588565690, 0, 0, 0.0000000, 0.0000000, 0, -0.3400, 0.0000, 0.0000, 0.0000
ATT: -2, 1, 29
GPS: 588565690, 0, 0, 0.0000000, 0.0000000, 0, -0.3400, 0.0000, 0.0000, 0.0000
ATT: -1, 1, 30
GPS: 588565690, 0, 0, 0.0000000, 0.0000000, 0, -0.4300, 0.0000, 0.0000, 0.0000
ATT: -1, 1, 30
GPS: 588565690, 0, 0, 0.0000000, 0.0000000, 0, -0.4300, 0.0000, 0.0000, 0.0000
ATT: -1, 1, 30
GPS: 588565690, 0, 0, 0.0000000, 0.0000000, 0, -0.4300, 0.0000, 0.0000, 0.0000
ATT: -1, 1, 31
GPS: 588565690, 0, 0, 0.0000000, 0.0000000, 0, -0.4300, 0.0000, 0.0000, 0.0000
ATT: -1, 2, 31
GPS: 588565690, 0, 0, 0.0000000, 0.0000000, 0, -0.6000, 0.0000, 0.0000, 0.0000
ATT: -1, 1, 31
GPS: 588565690, 0, 0, 0.0000000, 0.0000000, 0, -0.6900, 0.0000, 0.0000, 0.0000
ATT: -2, 2, 31
GPS: 588565690, 0, 0, 0.0000000, 0.0000000, 0, -0.6900, 0.0000, 0.0000, 0.0000
ATT: -1, 1, 32
GPS: 588566688, 0, 0, 0.0000000, 0.0000000, 0, -0.6900, 0.0000, 0.0000, 0.0000
ATT: -2, 1, 32
GPS: 588566688, 0, 0, 0.0000000, 0.0000000, 0, -0.6900, 0.0000, 0.0000, 0.0000
ATT: -1, 1, 32
GPS: 588566688, 0, 0, 0.0000000, 0.0000000, 0, -0.6900, 0.0000, 0.0000, 0.0000
ATT: -1, 1, 33
GPS: 588566688, 0, 0, 0.0000000, 0.0000000, 0, -0.6900, 0.0000, 0.0000, 0.0000
ATT: -1, 1, 34
GPS: 588566688, 0, 0, 0.0000000, 0.0000000, 0, -0.6900, 0.0000, 0.0000, 0.0000
ATT: -2, 2, 34
GPS: 588566688, 0, 0, 0.0000000, 0.0000000, 0, -0.7700, 0.0000, 0.0000, 0.0000
ATT: -1, 2, 35
GPS: 588566688, 0, 0, 0.0000000, 0.0000000, 0, -0.8600, 0.0000, 0.0000, 0.0000
ATT: -2, 2, 35
GPS: 588566688, 0, 0, 0.0000000, 0.0000000, 0, -0.8600, 0.0000, 0.0000, 0.0000
ATT: -2, 3, 36
GPS: 588566688, 0, 0, 0.0000000, 0.0000000, 0, -0.8600, 0.0000, 0.0000, 0.0000
ATT: -2, 2, 37
GPS: 588566688, 0, 0, 0.0000000, 0.0000000, 0, -0.7700, 0.0000, 0.0000, 0.0000
ATT: -2, 2, 37
GPS: 588567697, 0, 0, 0.0000000, 0.0000000, 0, -0.6900, 0.0000, 0.0000, 0.0000
ATT: -1, 2, 37
GPS: 588567697, 0, 0, 0.0000000, 0.0000000, 0, -0.6000, 0.0000, 0.0000, 0.0000
ATT: -1, 2, 38
GPS: 588567697, 0, 0, 0.0000000, 0.0000000, 0, -0.5100, 0.0000, 0.0000, 0.0000
ATT: -2, 3, 38
GPS: 588567697, 0, 0, 0.0000000, 0.0000000, 0, -0.5100, 0.0000, 0.0000, 0.0000
ATT: -1, 2, 39
GPS: 588567697, 0, 0, 0.0000000, 0.0000000, 0, -0.5100, 0.0000, 0.0000, 0.0000
ATT: -2, 2, 39
GPS: 588567697, 0, 0, 0.0000000, 0.0000000, 0, -0.5100, 0.0000, 0.0000, 0.0000
ATT: -2, 1, 40
GPS: 588567697, 0, 0, 0.0000000, 0.0000000, 0, -0.5100, 0.0000, 0.0000, 0.0000
ATT: -2, 2, 40
GPS: 588567697, 0, 0, 0.0000000, 0.0000000, 0, -0.6000, 0.0000, 0.0000, 0.0000
ATT: -1, 0, 42
GPS: 588567697, 0, 0, 0.0000000, 0.0000000, 0, -0.6000, 0.0000, 0.0000, 0.0000
ATT: -1, 1, 43
GPS: 588567697, 0, 0, 0.0000000, 0.0000000, 0, -0.6000, 0.0000, 0.0000, 0.0000
ATT: 0, 1, 44
GPS: 588568688, 0, 0, 0.0000000, 0.0000000, 0, -0.6000, 0.0000, 0.0000, 0.0000
ATT: -1, 1, 45
GPS: 588568688, 0, 0, 0.0000000, 0.0000000, 0, -0.5100, 0.0000, 0.0000, 0.0000
ATT: -1, 1, 45
GPS: 588568688, 0, 0, 0.0000000, 0.0000000, 0, -0.4300, 0.0000, 0.0000, 0.0000
ATT: -1, 1, 46
GPS: 588568688, 0, 0, 0.0000000, 0.0000000, 0, -0.5100, 0.0000, 0.0000, 0.0000
ATT: -2, 3, 46
GPS: 588568688, 0, 0, 0.0000000, 0.0000000, 0, -0.5100, 0.0000, 0.0000, 0.0000
ATT: -2, 1, 46
GPS: 588568688, 0, 0, 0.0000000, 0.0000000, 0, -0.5100, 0.0000, 0.0000, 0.0000
ATT: -2, 2, 46
GPS: 588568688, 0, 0, 0.0000000, 0.0000000, 0, -0.5100, 0.0000, 0.0000, 0.0000
ATT: -2, 1, 47
GPS: 588568688, 0, 0, 0.0000000, 0.0000000, 0, -0.5100, 0.0000, 0.0000, 0.0000
ATT: -1, 2, 47
GPS: 588568688, 0, 0, 0.0000000, 0.0000000, 0, -0.5100, 0.0000, 0.0000, 0.0000
ATT: 0, 1, 48
GPS: 588568688, 0, 0, 0.0000000, 0.0000000, 0, -0.4300, 0.0000, 0.0000, 0.0000
ATT: -1, 2, 48
GPS: 588569688, 0, 0, 0.0000000, 0.0000000, 0, -0.4300, 0.0000, 0.0000, 0.0000
ATT: -2, 3, 49
GPS: 588569688, 0, 0, 0.0000000, 0.0000000, 0, -0.4300, 0.0000, 0.0000, 0.0000
ATT: -2, 2, 49
GPS: 588569688, 0, 0, 0.0000000, 0.0000000, 0, -0.4300, 0.0000, 0.0000, 0.0000
ATT: -3, 3, 50
GPS: 588569688, 0, 0, 0.0000000, 0.0000000, 0, -0.4300, 0.0000, 0.0000, 0.0000
ATT: -3, 1, 50
GPS: 588569688, 0, 0, 0.0000000, 0.0000000, 0, -0.4300, 0.0000, 0.0000, 0.0000
ATT: -3, 2, 50
GPS: 588569688, 0, 0, 0.0000000, 0.0000000, 0, -0.3400, 0.0000, 0.0000, 0.0000
ATT: -3, 1, 51
GPS: 588569688, 0, 0, 0.0000000, 0.0000000, 0, -0.3400, 0.0000, 0.0000, 0.0000
ATT: -3, 1, 52
GPS: 588569688, 0, 0, 0.0000000, 0.0000000, 0, -0.3400, 0.0000, 0.0000, 0.0000
ATT: -2, 1, 53
GPS: 588569688, 0, 0, 0.0000000, 0.0000000, 0, -0.3400, 0.0000, 0.0000, 0.0000
ATT: -3, 1, 54
GPS: 588569688, 0, 0, 0.0000000, 0.0000000, 0, -0.2500, 0.0000, 0.0000, 0.0000
ATT: -3, 1, 54
GPS: 588570695, 0, 0, 0.0000000, 0.0000000, 0, -0.2500, 0.0000, 0.0000, 0.0000
ATT: -3, 0, 55
GPS: 588570695, 0, 0, 0.0000000, 0.0000000, 0, -0.2500, 0.0000, 0.0000, 0.0000
ATT: -3, 0, 54
GPS: 588570695, 0, 0, 0.0000000, 0.0000000, 0, -0.2500, 0.0000, 0.0000, 0.0000
ATT: -4, 0, 55
GPS: 588570695, 0, 0, 0.0000000, 0.0000000, 0, -0.1700, 0.0000, 0.0000, 0.0000
ATT: -5, 0, 55
GPS: 588570695, 0, 0, 0.0000000, 0.0000000, 0, -0.0800, 0.0000, 0.0000, 0.0000
ATT: -4, 0, 56
GPS: 588570695, 0, 0, 0.0000000, 0.0000000, 0, -0.0800, 0.0000, 0.0000, 0.0000
ATT: -4, 0, 56
GPS: 588570695, 0, 0, 0.0000000, 0.0000000, 0, -0.0800, 0.0000, 0.0000, 0.0000
ATT: -3, 0, 56
GPS: 588570695, 0, 0, 0.0000000, 0.0000000, 0, -0.0800, 0.0000, 0.0000, 0.0000
ATT: -3, 0, 57
GPS: 588570695, 0, 0, 0.0000000, 0.0000000, 0, -0.0800, 0.0000, 0.0000, 0.0000
ATT: -4, 0, 58
GPS: 588570695, 0, 0, 0.0000000, 0.0000000, 0, -0.0800, 0.0000, 0.0000, 0.0000
ATT: -4, 0, 59
GPS: 588571688, 0, 0, 0.0000000, 0.0000000, 0, -0.0800, 0.0000, 0.0000, 0.0000
ATT: -4, 0, 60
GPS: 588571688, 0, 0, 0.0000000, 0.0000000, 0, -0.1700, 0.0000, 0.0000, 0.0000
ATT: -4, -1, 61
GPS: 588571688, 0, 0, 0.0000000, 0.0000000, 0, -0.2500, 0.0000, 0.0000, 0.0000
ATT: -4, 0, 61
GPS: 588571688, 0, 0, 0.0000000, 0.0000000, 0, -0.2500, 0.0000, 0.0000, 0.0000
ATT: -3, -1, 62
GPS: 588571688, 0, 0, 0.0000000, 0.0000000, 0, -0.2500, 0.0000, 0.0000, 0.0000
ATT: -4, 0, 63
GPS: 588571688, 0, 0, 0.0000000, 0.0000000, 0, -0.2500, 0.0000, 0.0000, 0.0000
ATT: -4, -1, 64
GPS: 588571688, 0, 0, 0.0000000, 0.0000000, 0, -0.2500, 0.0000, 0.0000, 0.0000
ATT: -4, 0, 65
GPS: 588571688, 0, 0, 0.0000000, 0.0000000, 0, -0.2500, 0.0000, 0.0000, 0.0000
ATT: -4, 0, 65
GPS: 588571688, 0, 0, 0.0000000, 0.0000000, 0, -0.2500, 0.0000, 0.0000, 0.0000
ATT: -4, 0, 66
GPS: 588571688, 0, 0, 0.0000000, 0.0000000, 0, -0.2500, 0.0000, 0.0000, 0.0000
ATT: -4, 0, 67
GPS: 588572688, 0, 0, 0.0000000, 0.0000000, 0, -0.2500, 0.0000, 0.0000, 0.0000
ATT: -4, 0, 67
GPS: 588572688, 0, 0, 0.0000000, 0.0000000, 0, -0.3400, 0.0000, 0.0000, 0.0000
ATT: -3, 0, 67
GPS: 588572688, 0, 0, 0.0000000, 0.0000000, 0, -0.3400, 0.0000, 0.0000, 0.0000
ATT: -3, 0, 68
GPS: 588572688, 0, 0, 0.0000000, 0.0000000, 0, -0.5100, 0.0000, 0.0000, 0.0000
ATT: -3, 0, 68
GPS: 588572688, 0, 0, 0.0000000, 0.0000000, 0, -0.6900, 0.0000, 0.0000, 0.0000
ATT: -3, 0, 68
GPS: 588572688, 0, 0, 0.0000000, 0.0000000, 0, -0.7700, 0.0000, 0.0000, 0.0000
ATT: -3, 0, 69
GPS: 588572688, 0, 0, 0.0000000, 0.0000000, 0, -0.7700, 0.0000, 0.0000, 0.0000
ATT: -3, 0, 70
GPS: 588572688, 0, 0, 0.0000000, 0.0000000, 0, -0.6900, 0.0000, 0.0000, 0.0000
ATT: -4, 0, 70
GPS: 588572688, 0, 0, 0.0000000, 0.0000000, 0, -0.6000, 0.0000, 0.0000, 0.0000
ATT: -4, 1, 70
GPS: 588572688, 0, 0, 0.0000000, 0.0000000, 0, -0.6900, 0.0000, 0.0000, 0.0000
ATT: -4, 0, 70
GPS: 588573697, 0, 0, 0.0000000, 0.0000000, 0, -0.6900, 0.0000, 0.0000, 0.0000
ATT: -4, 0, 70
GPS: 588573697, 0, 0, 0.0000000, 0.0000000, 0, -0.7700, 0.0000, 0.0000, 0.0000
ATT: -3, 0, 70
GPS: 588573697, 0, 0, 0.0000000, 0.0000000, 0, -0.7700, 0.0000, 0.0000, 0.0000
ATT: -4, 0, 70
GPS: 588573697, 0, 0, 0.0000000, 0.0000000, 0, -0.6900, 0.0000, 0.0000, 0.0000
ATT: -4, 0, 70
GPS: 588573697, 0, 0, 0.0000000, 0.0000000, 0, -0.6900, 0.0000, 0.0000, 0.0000
ATT: -4, 0, 70
GPS: 588573697, 0, 0, 0.0000000, 0.0000000, 0, -0.6900, 0.0000, 0.0000, 0.0000
ATT: -4, 0, 70
GPS: 588573697, 0, 0, 0.0000000, 0.0000000, 0, -0.6900, 0.0000, 0.0000, 0.0000
ATT: -4, 0, 71
GPS: 588573697, 0, 0, 0.0000000, 0.0000000, 0, -0.6900, 0.0000, 0.0000, 0.0000
ATT: -3, 0, 71
GPS: 588573697, 0, 0, 0.0000000, 0.0000000, 0, -0.6900, 0.0000, 0.0000, 0.0000
ATT: -3, 0, 72
GPS: 588573697, 0, 0, 0.0000000, 0.0000000, 0, -0.6900, 0.0000, 0.0000, 0.0000
ATT: -3, 1, 72
GPS: 588574688, 0, 0, 0.0000000, 0.0000000, 0, -0.6900, 0.0000, 0.0000, 0.0000
ATT: -3, 0, 73
GPS: 588574688, 0, 0, 0.0000000, 0.0000000, 0, -0.7700, 0.0000, 0.0000, 0.0000
ATT: -4, 1, 73
GPS: 588574688, 0, 0, 0.0000000, 0.0000000, 0, -0.7700, 0.0000, 0.0000, 0.0000
ATT: -3, 0, 74
GPS: 588574688, 0, 0, 0.0000000, 0.0000000, 0, -0.6900, 0.0000, 0.0000, 0.0000
ATT: -3, 0, 75
GPS: 588574688, 0, 0, 0.0000000, 0.0000000, 0, -0.6900, 0.0000, 0.0000, 0.0000
ATT: -3, 0, 75
GPS: 588574688, 0, 0, 0.0000000, 0.0000000, 0, -0.6900, 0.0000, 0.0000, 0.0000
ATT: -2, 0, 75
GPS: 588574688, 0, 0, 0.0000000, 0.0000000, 0, -0.6900, 0.0000, 0.0000, 0.0000
ATT: -2, 0, 75
GPS: 588574688, 0, 0, 0.0000000, 0.0000000, 0, -0.6900, 0.0000, 0.0000, 0.0000
ATT: -2, 0, 76
GPS: 588574688, 0, 0, 0.0000000, 0.0000000, 0, -0.6900, 0.0000, 0.0000, 0.0000
ATT: -3, 0, 77
GPS: 588574688, 0, 0, 0.0000000, 0.0000000, 0, -0.7700, 0.0000, 0.0000, 0.0000
ATT: -2, 0, 77
GPS: 588575688, 0, 0, 0.0000000, 0.0000000, 0, -0.7700, 0.0000, 0.0000, 0.0000
ATT: -2, 0, 78
GPS: 588575688, 0, 0, 0.0000000, 0.0000000, 0, -0.6900, 0.0000, 0.0000, 0.0000
ATT: -3, 0, 78
GPS: 588575688, 0, 0, 0.0000000, 0.0000000, 0, -0.6000, 0.0000, 0.0000, 0.0000
ATT: -2, 0, 79
GPS: 588575688, 0, 0, 0.0000000, 0.0000000, 0, -0.7700, 0.0000, 0.0000, 0.0000
ATT: -2, 0, 80
GPS: 588575688, 0, 0, 0.0000000, 0.0000000, 0, -0.8600, 0.0000, 0.0000, 0.0000
ATT: -2, 0, 81
GPS: 588575688, 0, 0, 0.0000000, 0.0000000, 0, -0.6900, 0.0000, 0.0000, 0.0000
ATT: -2, 0, 81
GPS: 588575688, 0, 0, 0.0000000, 0.0000000, 0, -0.6000, 0.0000, 0.0000, 0.0000
ATT: -2, 0, 82
GPS: 588575688, 0, 0, 0.0000000, 0.0000000, 0, -0.6000, 0.0000, 0.0000, 0.0000
ATT: -2, 0, 82
GPS: 588575688, 0, 0, 0.0000000, 0.0000000, 0, -0.6000, 0.0000, 0.0000, 0.0000
ATT: -2, 0, 83
GPS: 588575688, 0, 0, 0.0000000, 0.0000000, 0, -0.4300, 0.0000, 0.0000, 0.0000
ATT: -2, 0, 84
GPS: 588576692, 0, 0, 0.0000000, 0.0000000, 0, -0.3400, 0.0000, 0.0000, 0.0000
ATT: -2, 0, 85
GPS: 588576692, 0, 0, 0.0000000, 0.0000000, 0, -0.3400, 0.0000, 0.0000, 0.0000
ATT: -2, 0, 86
GPS: 588576692, 0, 0, 0.0000000, 0.0000000, 0, -0.3400, 0.0000, 0.0000, 0.0000
ATT: -2, 0, 87
GPS: 588576692, 0, 0, 0.0000000, 0.0000000, 0, -0.4300, 0.0000, 0.0000, 0.0000
ATT: -2, -1, 87
GPS: 588576692, 0, 0, 0.0000000, 0.0000000, 0, -0.4300, 0.0000, 0.0000, 0.0000
ATT: -2, 0, 88
GPS: 588576692, 0, 0, 0.0000000, 0.0000000, 0, -0.5100, 0.0000, 0.0000, 0.0000
ATT: -3, -1, 88
GPS: 588576692, 0, 0, 0.0000000, 0.0000000, 0, -0.5100, 0.0000, 0.0000, 0.0000
ATT: -3, 0, 89
GPS: 588576692, 0, 0, 0.0000000, 0.0000000, 0, -0.4300, 0.0000, 0.0000, 0.0000
ATT: -3, -1, 90
GPS: 588576692, 0, 0, 0.0000000, 0.0000000, 0, -0.3400, 0.0000, 0.0000, 0.0000
ATT: -3, -1, 90
GPS: 588576692, 0, 0, 0.0000000, 0.0000000, 0, -0.2500, 0.0000, 0.0000, 0.0000
ATT: -2, -1, 90
GPS: 588577690, 0, 0, 0.0000000, 0.0000000, 0, -0.2500, 0.0000, 0.0000, 0.0000
ATT: -2, -1, 91
GPS: 588577690, 0, 0, 0.0000000, 0.0000000, 0, -0.2500, 0.0000, 0.0000, 0.0000
ATT: -3, 0, 92
GPS: 588577690, 0, 0, 0.0000000, 0.0000000, 0, -0.2500, 0.0000, 0.0000, 0.0000
ATT: -3, -1, 92
GPS: 588577690, 0, 0, 0.0000000, 0.0000000, 0, -0.3400, 0.0000, 0.0000, 0.0000
ATT: -4, 0, 93
GPS: 588577690, 0, 0, 0.0000000, 0.0000000, 0, -0.3400, 0.0000, 0.0000, 0.0000
ATT: -3, -1, 94
GPS: 588577690, 0, 0, 0.0000000, 0.0000000, 0, -0.3400, 0.0000, 0.0000, 0.0000
ATT: -4, -1, 94
GPS: 588577690, 0, 0, 0.0000000, 0.0000000, 0, -0.3400, 0.0000, 0.0000, 0.0000
ATT: -4, -1, 94
GPS: 588577690, 0, 0, 0.0000000, 0.0000000, 0, -0.1700, 0.0000, 0.0000, 0.0000
ATT: -4, -1, 95
GPS: 588577690, 0, 0, 0.0000000, 0.0000000, 0, -0.0800, 0.0000, 0.0000, 0.0000
ATT: -4, -1, 95
GPS: 588577690, 0, 0, 0.0000000, 0.0000000, 0, -0.1700, 0.0000, 0.0000, 0.0000
ATT: -4, -1, 95
GPS: 588578690, 0, 0, 0.0000000, 0.0000000, 0, -0.2500, 0.0000, 0.0000, 0.0000
ATT: -4, 0, 95
GPS: 588578690, 0, 0, 0.0000000, 0.0000000, 0, -0.2500, 0.0000, 0.0000, 0.0000
ATT: -4, -1, 96
GPS: 588578690, 0, 0, 0.0000000, 0.0000000, 0, -0.2500, 0.0000, 0.0000, 0.0000
ATT: -5, 0, 96
GPS: 588578690, 0, 0, 0.0000000, 0.0000000, 0, -0.2500, 0.0000, 0.0000, 0.0000
ATT: -4, -1, 96
GPS: 588578690, 0, 0, 0.0000000, 0.0000000, 0, -0.2500, 0.0000, 0.0000, 0.0000
ATT: -4, 0, 96
GPS: 588578690, 0, 0, 0.0000000, 0.0000000, 0, -0.2500, 0.0000, 0.0000, 0.0000
ATT: -4, 0, 96
GPS: 588578690, 0, 0, 0.0000000, 0.0000000, 0, -0.2500, 0.0000, 0.0000, 0.0000
ATT: -4, 0, 97
GPS: 588578690, 0, 0, 0.0000000, 0.0000000, 0, -0.3400, 0.0000, 0.0000, 0.0000
ATT: -4, 0, 97
GPS: 588578690, 0, 0, 0.0000000, 0.0000000, 0, -0.4300, 0.0000, 0.0000, 0.0000
ATT: -5, -1, 97
GPS: 588578690, 0, 0, 0.0000000, 0.0000000, 0, -0.4300, 0.0000, 0.0000, 0.0000
ATT: -5, 0, 98
GPS: 588579694, 0, 0, 0.0000000, 0.0000000, 0, -0.4300, 0.0000, 0.0000, 0.0000
ATT: -5, -1, 99
GPS: 588579694, 0, 0, 0.0000000, 0.0000000, 0, -0.5100, 0.0000, 0.0000, 0.0000
ATT: -5, 0, 99
GPS: 588579694, 0, 0, 0.0000000, 0.0000000, 0, -0.5100, 0.0000, 0.0000, 0.0000
ATT: -5, -1, 100
GPS: 588579694, 0, 0, 0.0000000, 0.0000000, 0, -0.4300, 0.0000, 0.0000, 0.0000
ATT: -5, -1, 101
GPS: 588579694, 0, 0, 0.0000000, 0.0000000, 0, -0.3400, 0.0000, 0.0000, 0.0000
ATT: -5, -2, 102
GPS: 588579694, 0, 0, 0.0000000, 0.0000000, 0, -0.3400, 0.0000, 0.0000, 0.0000
ATT: -6, -1, 102
GPS: 588579694, 0, 0, 0.0000000, 0.0000000, 0, -0.3400, 0.0000, 0.0000, 0.0000
ATT: -6, -1, 103
GPS: 588579694, 0, 0, 0.0000000, 0.0000000, 0, -0.3400, 0.0000, 0.0000, 0.0000
ATT: -6, -2, 103
GPS: 588579694, 0, 0, 0.0000000, 0.0000000, 0, -0.3400, 0.0000, 0.0000, 0.0000
ATT: -6, -2, 104
GPS: 588579694, 0, 0, 0.0000000, 0.0000000, 0, -0.4300, 0.0000, 0.0000, 0.0000
ATT: -6, -2, 105
GPS: 588580690, 0, 0, 0.0000000, 0.0000000, 0, -0.4300, 0.0000, 0.0000, 0.0000
ATT: -6, -1, 105
GPS: 588580690, 0, 0, 0.0000000, 0.0000000, 0, -0.3400, 0.0000, 0.0000, 0.0000
ATT: -6, -1, 106
GPS: 588580690, 0, 0, 0.0000000, 0.0000000, 0, -0.2500, 0.0000, 0.0000, 0.0000
ATT: -6, -1, 107
GPS: 588580690, 0, 0, 0.0000000, 0.0000000, 0, -0.3400, 0.0000, 0.0000, 0.0000
ATT: -5, -1, 108
GPS: 588580690, 0, 0, 0.0000000, 0.0000000, 0, -0.3400, 0.0000, 0.0000, 0.0000
ATT: -4, -2, 108
GPS: 588580690, 0, 0, 0.0000000, 0.0000000, 0, -0.3400, 0.0000, 0.0000, 0.0000
ATT: -4, -1, 108
GPS: 588580690, 0, 0, 0.0000000, 0.0000000, 0, -0.3400, 0.0000, 0.0000, 0.0000
ATT: -4, -2, 109
GPS: 588580690, 0, 0, 0.0000000, 0.0000000, 0, -0.4300, 0.0000, 0.0000, 0.0000
ATT: -4, 0, 109
GPS: 588580690, 0, 0, 0.0000000, 0.0000000, 0, -0.5100, 0.0000, 0.0000, 0.0000
ATT: -4, -1, 110
GPS: 588580690, 0, 0, 0.0000000, 0.0000000, 0, -0.5100, 0.0000, 0.0000, 0.0000
ATT: -5, 0, 111
GPS: 588581688, 0, 0, 0.0000000, 0.0000000, 0, -0.5100, 0.0000, 0.0000, 0.0000
ATT: -4, -1, 112
GPS: 588581688, 0, 0, 0.0000000, 0.0000000, 0, -0.5100, 0.0000, 0.0000, 0.0000
ATT: -5, 0, 112
GPS: 588581688, 0, 0, 0.0000000, 0.0000000, 0, -0.5100, 0.0000, 0.0000, 0.0000
ATT: -5, 0, 113
GPS: 588581688, 0, 0, 0.0000000, 0.0000000, 0, -0.5100, 0.0000, 0.0000, 0.0000
ATT: -5, 0, 113
GPS: 588581688, 0, 0, 0.0000000, 0.0000000, 0, -0.5100, 0.0000, 0.0000, 0.0000
ATT: -5, 0, 114
GPS: 588581688, 0, 0, 0.0000000, 0.0000000, 0, -0.5100, 0.0000, 0.0000, 0.0000
ATT: -5, 0, 115
GPS: 588581688, 0, 0, 0.0000000, 0.0000000, 0, -0.5100, 0.0000, 0.0000, 0.0000
ATT: -5, 0, 115
GPS: 588581688, 0, 0, 0.0000000, 0.0000000, 0, -0.4300, 0.0000, 0.0000, 0.0000
ATT: -4, -1, 116
GPS: 588581688, 0, 0, 0.0000000, 0.0000000, 0, -0.4300, 0.0000, 0.0000, 0.0000
ATT: -5, 0, 117
GPS: 588581688, 0, 0, 0.0000000, 0.0000000, 0, -0.4300, 0.0000, 0.0000, 0.0000
ATT: -4, -1, 118
GPS: 588582694, 0, 0, 0.0000000, 0.0000000, 0, -0.4300, 0.0000, 0.0000, 0.0000
ATT: -4, 0, 118
GPS: 588582694, 0, 0, 0.0000000, 0.0000000, 0, -0.3400, 0.0000, 0.0000, 0.0000
ATT: -4, 0, 119
GPS: 588582694, 0, 0, 0.0000000, 0.0000000, 0, -0.2500, 0.0000, 0.0000, 0.0000
ATT: -4, -1, 120
GPS: 588582694, 0, 0, 0.0000000, 0.0000000, 0, -0.1700, 0.0000, 0.0000, 0.0000
ATT: -4, 0, 121
GPS: 588582694, 0, 0, 0.0000000, 0.0000000, 0, -0.1700, 0.0000, 0.0000, 0.0000
PM:20002,1000,20,0,0,0,0,0,1,0,0,0,0, 
ATT: -4, -1, 121
GPS: 588582694, 0, 0, 0.0000000, 0.0000000, 0, -0.3400, 0.0000, 0.0000, 0.0000
ATT: -4, -1, 121
GPS: 588582694, 0, 0, 0.0000000, 0.0000000, 0, -0.4300, 0.0000, 0.0000, 0.0000
ATT: -3, -2, 122
GPS: 588582694, 0, 0, 0.0000000, 0.0000000, 0, -0.3400, 0.0000, 0.0000, 0.0000
ATT: -4, -1, 123
GPS: 588582694, 0, 0, 0.0000000, 0.0000000, 0, -0.2500, 0.0000, 0.0000, 0.0000
ATT: -3, -2, 123
GPS: 588582694, 0, 0, 0.0000000, 0.0000000, 0, -0.4300, 0.0000, 0.0000, 0.0000
ATT: -4, -2, 124
GPS: 588583694, 0, 0, 0.0000000, 0.0000000, 0, -0.5100, 0.0000, 0.0000, 0.0000
ATT: -4, -1, 124
GPS: 588583694, 0, 0, 0.0000000, 0.0000000, 0, -0.4300, 0.0000, 0.0000, 0.0000
ATT: -4, -2, 125
GPS: 588583694, 0, 0, 0.0000000, 0.0000000, 0, -0.3400, 0.0000, 0.0000, 0.0000
ATT: -4, -1, 125
GPS: 588583694, 0, 0, 0.0000000, 0.0000000, 0, -0.2500, 0.0000, 0.0000, 0.0000
ATT: -4, -2, 125
GPS: 588583694, 0, 0, 0.0000000, 0.0000000, 0, -0.1700, 0.0000, 0.0000, 0.0000
ATT: -4, -1, 126
GPS: 588583694, 0, 0, 0.0000000, 0.0000000, 0, -0.2500, 0.0000, 0.0000, 0.0000
ATT: -4, -2, 127
GPS: 588583694, 0, 0, 0.0000000, 0.0000000, 0, -0.3400, 0.0000, 0.0000, 0.0000
ATT: -5, -2, 127
GPS: 588583694, 0, 0, 0.0000000, 0.0000000, 0, -0.3400, 0.0000, 0.0000, 0.0000
ATT: -4, -2, 128
GPS: 588583694, 0, 0, 0.0000000, 0.0000000, 0, -0.3400, 0.0000, 0.0000, 0.0000
ATT: -4, -2, 128
GPS: 588583694, 0, 0, 0.0000000, 0.0000000, 0, -0.3400, 0.0000, 0.0000, 0.0000
ATT: -4, -2, 128
GPS: 588584694, 0, 0, 0.0000000, 0.0000000, 0, -0.3400, 0.0000, 0.0000, 0.0000
ATT: -4, -3, 129
GPS: 588584694, 0, 0, 0.0000000, 0.0000000, 0, -0.4300, 0.0000, 0.0000, 0.0000
ATT: -5, -2, 129
GPS: 588584694, 0, 0, 0.0000000, 0.0000000, 0, -0.5100, 0.0000, 0.0000, 0.0000
ATT: -5, -3, 129
GPS: 588584694, 0, 0, 0.0000000, 0.0000000, 0, -0.5100, 0.0000, 0.0000, 0.0000
ATT: -5, -1, 130
GPS: 588584694, 0, 0, 0.0000000, 0.0000000, 0, -0.5100, 0.0000, 0.0000, 0.0000
ATT: -5, -2, 130
GPS: 588584694, 0, 0, 0.0000000, 0.0000000, 0, -0.2500, 0.0000, 0.0000, 0.0000
ATT: -5, -2, 131
GPS: 588584694, 0, 0, 0.0000000, 0.0000000, 0, 0.0000, 0.0000, 0.0000, 0.0000
ATT: -5, -2, 132
GPS: 588584694, 0, 0, 0.0000000, 0.0000000, 0, -0.0800, 0.0000, 0.0000, 0.0000
ATT: -5, -3, 133
GPS: 588584694, 0, 0, 0.0000000, 0.0000000, 0, -0.1700, 0.0000, 0.0000, 0.0000
ATT: -6, -2, 134
GPS: 588584694, 0, 0, 0.0000000, 0.0000000, 0, -0.0800, 0.0000, 0.0000, 0.0000
ATT: -5, -3, 135
GPS: 588585695, 0, 0, 0.0000000, 0.0000000, 0, -0.0800, 0.0000, 0.0000, 0.0000
ATT: -5, -2, 135
GPS: 588585695, 0, 0, 0.0000000, 0.0000000, 0, -0.2500, 0.0000, 0.0000, 0.0000
ATT: -5, -3, 135
GPS: 588585695, 0, 0, 0.0000000, 0.0000000, 0, -0.3400, 0.0000, 0.0000, 0.0000
ATT: -5, -2, 135
GPS: 588585695, 0, 0, 0.0000000, 0.0000000, 0, -0.4300, 0.0000, 0.0000, 0.0000
ATT: -4, -2, 135
GPS: 588585695, 0, 0, 0.0000000, 0.0000000, 0, -0.5100, 0.0000, 0.0000, 0.0000
ATT: -5, -2, 136
GPS: 588585695, 0, 0, 0.0000000, 0.0000000, 0, -0.4300, 0.0000, 0.0000, 0.0000
ATT: -5, -2, 136
GPS: 588585695, 0, 0, 0.0000000, 0.0000000, 0, -0.3400, 0.0000, 0.0000, 0.0000
ATT: -5, -2, 137
GPS: 588585695, 0, 0, 0.0000000, 0.0000000, 0, -0.4300, 0.0000, 0.0000, 0.0000
ATT: -5, -2, 137
GPS: 588585695, 0, 0, 0.0000000, 0.0000000, 0, -0.4300, 0.0000, 0.0000, 0.0000
ATT: -5, -2, 137
GPS: 588585695, 0, 0, 0.0000000, 0.0000000, 0, -0.3400, 0.0000, 0.0000, 0.0000
ATT: -5, -2, 138
GPS: 588586690, 0, 0, 0.0000000, 0.0000000, 0, -0.2500, 0.0000, 0.0000, 0.0000
ATT: -4, -4, 138
GPS: 588586690, 0, 0, 0.0000000, 0.0000000, 0, -0.2500, 0.0000, 0.0000, 0.0000
ATT: -5, -4, 139
GPS: 588586690, 0, 0, 0.0000000, 0.0000000, 0, -0.2500, 0.0000, 0.0000, 0.0000
ATT: -6, -4, 139
GPS: 588586690, 0, 0, 0.0000000, 0.0000000, 0, -0.0800, 0.0000, 0.0000, 0.0000
ATT: -6, -2, 140
GPS: 588586690, 0, 0, 0.0000000, 0.0000000, 0, 0.0000, 0.0000, 0.0000, 0.0000
ATT: -5, -2, 141
GPS: 588586690, 0, 0, 0.0000000, 0.0000000, 0, 0.0000, 0.0000, 0.0000, 0.0000
ATT: -6, -2, 141
GPS: 588586690, 0, 0, 0.0000000, 0.0000000, 0, 0.0000, 0.0000, 0.0000, 0.0000
ATT: -5, -2, 142
GPS: 588586690, 0, 0, 0.0000000, 0.0000000, 0, 0.0800, 0.0000, 0.0000, 0.0000
ATT: -5, -2, 143
GPS: 588586690, 0, 0, 0.0000000, 0.0000000, 0, 0.1700, 0.0000, 0.0000, 0.0000
ATT: -5, -2, 143
GPS: 588586690, 0, 0, 0.0000000, 0.0000000, 0, 0.0800, 0.0000, 0.0000, 0.0000
ATT: -5, -2, 145
GPS: 588587690, 0, 0, 0.0000000, 0.0000000, 0, 0.0000, 0.0000, 0.0000, 0.0000
ATT: -5, -1, 145
GPS: 588587690, 0, 0, 0.0000000, 0.0000000, 0, -0.0800, 0.0000, 0.0000, 0.0000
ATT: -4, -2, 146
GPS: 588587690, 0, 0, 0.0000000, 0.0000000, 0, -0.0800, 0.0000, 0.0000, 0.0000
ATT: -5, -2, 146
GPS: 588587690, 0, 0, 0.0000000, 0.0000000, 0, -0.1700, 0.0000, 0.0000, 0.0000
ATT: -4, -2, 147
GPS: 588587690, 0, 0, 0.0000000, 0.0000000, 0, -0.1700, 0.0000, 0.0000, 0.0000
ATT: -4, -2, 148
GPS: 588587690, 0, 0, 0.0000000, 0.0000000, 0, -0.1700, 0.0000, 0.0000, 0.0000
ATT: -4, -1, 148
GPS: 588587690, 0, 0, 0.0000000, 0.0000000, 0, -0.1700, 0.0000, 0.0000, 0.0000
ATT: -4, -1, 149
GPS: 588587690, 0, 0, 0.0000000, 0.0000000, 0, -0.0800, 0.0000, 0.0000, 0.0000
ATT: -4, 0, 149
GPS: 588587690, 0, 0, 0.0000000, 0.0000000, 0, -0.0800, 0.0000, 0.0000, 0.0000
ATT: -4, -1, 150
GPS: 588587690, 0, 0, 0.0000000, 0.0000000, 0, 0.0000, 0.0000, 0.0000, 0.0000
ATT: -4, 0, 149
GPS: 588588694, 0, 0, 0.0000000, 0.0000000, 0, 0.0000, 0.0000, 0.0000, 0.0000
ATT: -4, 0, 150
GPS: 588588694, 0, 0, 0.0000000, 0.0000000, 0, 0.0000, 0.0000, 0.0000, 0.0000
ATT: -5, 0, 150
GPS: 588588694, 0, 0, 0.0000000, 0.0000000, 0, 0.0000, 0.0000, 0.0000, 0.0000
ATT: -5, -1, 151
GPS: 588588694, 0, 0, 0.0000000, 0.0000000, 0, 0.0000, 0.0000, 0.0000, 0.0000
ATT: -6, -1, 151
GPS: 588588694, 0, 0, 0.0000000, 0.0000000, 0, 0.0000, 0.0000, 0.0000, 0.0000
ATT: -5, -1, 151
GPS: 588588694, 0, 0, 0.0000000, 0.0000000, 0, -0.0800, 0.0000, 0.0000, 0.0000
ATT: -6, -1, 151
GPS: 588588694, 0, 0, 0.0000000, 0.0000000, 0, -0.1700, 0.0000, 0.0000, 0.0000
ATT: -6, 0, 151
GPS: 588588694, 0, 0, 0.0000000, 0.0000000, 0, -0.1700, 0.0000, 0.0000, 0.0000
ATT: -6, -2, 151
GPS: 588588694, 0, 0, 0.0000000, 0.0000000, 0, -0.1700, 0.0000, 0.0000, 0.0000
ATT: -6, -1, 151
GPS: 588588694, 0, 0, 0.0000000, 0.0000000, 0, -0.1700, 0.0000, 0.0000, 0.0000
ATT: -5, -2, 151
GPS: 588589690, 0, 0, 0.0000000, 0.0000000, 0, -0.1700, 0.0000, 0.0000, 0.0000
ATT: -6, -1, 152
GPS: 588589690, 0, 0, 0.0000000, 0.0000000, 0, -0.2500, 0.0000, 0.0000, 0.0000
ATT: -5, 0, 153
GPS: 588589690, 0, 0, 0.0000000, 0.0000000, 0, -0.3400, 0.0000, 0.0000, 0.0000
ATT: -6, -1, 154
GPS: 588589690, 0, 0, 0.0000000, 0.0000000, 0, -0.3400, 0.0000, 0.0000, 0.0000
ATT: -6, -2, 154
GPS: 588589690, 0, 0, 0.0000000, 0.0000000, 0, -0.3400, 0.0000, 0.0000, 0.0000
ATT: -6, -2, 154
GPS: 588589690, 0, 0, 0.0000000, 0.0000000, 0, -0.3400, 0.0000, 0.0000, 0.0000
ATT: -5, 0, 154
GPS: 588589690, 0, 0, 0.0000000, 0.0000000, 0, -0.3400, 0.0000, 0.0000, 0.0000
ATT: -4, 0, 154
GPS: 588589690, 0, 0, 0.0000000, 0.0000000, 0, -0.4300, 0.0000, 0.0000, 0.0000
ATT: -4, 0, 154
GPS: 588589690, 0, 0, 0.0000000, 0.0000000, 0, -0.4300, 0.0000, 0.0000, 0.0000
ATT: -3, 0, 155
GPS: 588589690, 0, 0, 0.0000000, 0.0000000, 0, -0.4300, 0.0000, 0.0000, 0.0000
ATT: -4, 0, 156
GPS: 588590690, 0, 0, 0.0000000, 0.0000000, 0, -0.4300, 0.0000, 0.0000, 0.0000
ATT: -4, 0, 156
GPS: 588590690, 0, 0, 0.0000000, 0.0000000, 0, -0.5100, 0.0000, 0.0000, 0.0000
ATT: -4, 0, 156
GPS: 588590690, 0, 0, 0.0000000, 0.0000000, 0, -0.6000, 0.0000, 0.0000, 0.0000
ATT: -3, 0, 156
GPS: 588590690, 0, 0, 0.0000000, 0.0000000, 0, -0.5100, 0.0000, 0.0000, 0.0000
ATT: -4, 0, 157
GPS: 588590690, 0, 0, 0.0000000, 0.0000000, 0, -0.4300, 0.0000, 0.0000, 0.0000
ATT: -4, 0, 158
GPS: 588590690, 0, 0, 0.0000000, 0.0000000, 0, -0.3400, 0.0000, 0.0000, 0.0000
ATT: -4, 0, 158
GPS: 588590690, 0, 0, 0.0000000, 0.0000000, 0, -0.3400, 0.0000, 0.0000, 0.0000
ATT: -5, 0, 159
GPS: 588590690, 0, 0, 0.0000000, 0.0000000, 0, -0.1700, 0.0000, 0.0000, 0.0000
ATT: -3, 0, 159
GPS: 588590690, 0, 0, 0.0000000, 0.0000000, 0, 0.0000, 0.0000, 0.0000, 0.0000
ATT: -4, 0, 160
GPS: 588590690, 0, 0, 0.0000000, 0.0000000, 0, -0.0800, 0.0000, 0.0000, 0.0000
ATT: -4, 0, 160
GPS: 588591694, 0, 0, 0.0000000, 0.0000000, 0, -0.1700, 0.0000, 0.0000, 0.0000
ATT: -4, 0, 160
GPS: 588591694, 0, 0, 0.0000000, 0.0000000, 0, -0.2500, 0.0000, 0.0000, 0.0000
ATT: -4, 0, 161
GPS: 588591694, 0, 0, 0.0000000, 0.0000000, 0, -0.3400, 0.0000, 0.0000, 0.0000
ATT: -4, 0, 161
GPS: 588591694, 0, 0, 0.0000000, 0.0000000, 0, -0.3400, 0.0000, 0.0000, 0.0000
ATT: -3, 0, 162
GPS: 588591694, 0, 0, 0.0000000, 0.0000000, 0, -0.3400, 0.0000, 0.0000, 0.0000
ATT: -3, -1, 162
GPS: 588591694, 0, 0, 0.0000000, 0.0000000, 0, -0.1700, 0.0000, 0.0000, 0.0000
ATT: -4, 0, 162
GPS: 588591694, 0, 0, 0.0000000, 0.0000000, 0, -0.0800, 0.0000, 0.0000, 0.0000
ATT: -3, 0, 162
GPS: 588591694, 0, 0, 0.0000000, 0.0000000, 0, -0.0800, 0.0000, 0.0000, 0.0000
ATT: -4, 0, 162
GPS: 588591694, 0, 0, 0.0000000, 0.0000000, 0, -0.0800, 0.0000, 0.0000, 0.0000
ATT: -4, 0, 162
GPS: 588591694, 0, 0, 0.0000000, 0.0000000, 0, -0.0800, 0.0000, 0.0000, 0.0000
ATT: -4, 0, 163
GPS: 588592694, 0, 0, 0.0000000, 0.0000000, 0, -0.0800, 0.0000, 0.0000, 0.0000
ATT: -4, 0, 163
GPS: 588592694, 0, 0, 0.0000000, 0.0000000, 0, 0.0000, 0.0000, 0.0000, 0.0000
ATT: -4, 0, 164
GPS: 588592694, 0, 0, 0.0000000, 0.0000000, 0, 0.0800, 0.0000, 0.0000, 0.0000
ATT: -4, 0, 164
GPS: 588592694, 0, 0, 0.0000000, 0.0000000, 0, 0.0000, 0.0000, 0.0000, 0.0000
ATT: -3, 0, 165
GPS: 588592694, 0, 0, 0.0000000, 0.0000000, 0, -0.0800, 0.0000, 0.0000, 0.0000
ATT: -4, 0, 166
GPS: 588592694, 0, 0, 0.0000000, 0.0000000, 0, 0.0800, 0.0000, 0.0000, 0.0000
ATT: -3, 0, 166
GPS: 588592694, 0, 0, 0.0000000, 0.0000000, 0, 0.1700, 0.0000, 0.0000, 0.0000
ATT: -3, 0, 167
GPS: 588592694, 0, 0, 0.0000000, 0.0000000, 0, 0.1700, 0.0000, 0.0000, 0.0000
ATT: -4, 1, 167
GPS: 588592694, 0, 0, 0.0000000, 0.0000000, 0, 0.1700, 0.0000, 0.0000, 0.0000
ATT: -4, 1, 168
GPS: 588592694, 0, 0, 0.0000000, 0.0000000, 0, 0.1700, 0.0000, 0.0000, 0.0000
ATT: -3, 2, 168
GPS: 588593690, 0, 0, 0.0000000, 0.0000000, 0, 0.1700, 0.0000, 0.0000, 0.0000
ATT: -4, 1, 168
GPS: 588593690, 0, 0, 0.0000000, 0.0000000, 0, 0.0000, 0.0000, 0.0000, 0.0000
ATT: -4, 1, 169
GPS: 588593690, 0, 0, 0.0000000, 0.0000000, 0, -0.0800, 0.0000, 0.0000, 0.0000
ATT: -3, 1, 169
GPS: 588593690, 0, 0, 0.0000000, 0.0000000, 0, -0.0800, 0.0000, 0.0000, 0.0000
ATT: -3, 1, 169
GPS: 588593690, 0, 0, 0.0000000, 0.0000000, 0, -0.0800, 0.0000, 0.0000, 0.0000
ATT: -3, 1, 169
GPS: 588593690, 0, 0, 0.0000000, 0.0000000, 0, -0.1700, 0.0000, 0.0000, 0.0000
ATT: -4, 0, 171
GPS: 588593690, 0, 0, 0.0000000, 0.0000000, 0, -0.1700, 0.0000, 0.0000, 0.0000
ATT: -3, 1, 171
GPS: 588593690, 0, 0, 0.0000000, 0.0000000, 0, -0.3400, 0.0000, 0.0000, 0.0000
ATT: -5, 0, 172
GPS: 588593690, 0, 0, 0.0000000, 0.0000000, 0, -0.4300, 0.0000, 0.0000, 0.0000
ATT: -4, 2, 173
GPS: 588593690, 0, 0, 0.0000000, 0.0000000, 0, -0.4300, 0.0000, 0.0000, 0.0000
ATT: -3, 1, 174
GPS: 588594697, 0, 0, 0.0000000, 0.0000000, 0, -0.4300, 0.0000, 0.0000, 0.0000
ATT: -4, 2, 175
GPS: 588594697, 0, 0, 0.0000000, 0.0000000, 0, -0.3400, 0.0000, 0.0000, 0.0000
ATT: -3, 1, 175
GPS: 588594697, 0, 0, 0.0000000, 0.0000000, 0, -0.2500, 0.0000, 0.0000, 0.0000
ATT: -4, 1, 176
GPS: 588594697, 0, 0, 0.0000000, 0.0000000, 0, -0.2500, 0.0000, 0.0000, 0.0000
ATT: -5, 1, 177
GPS: 588594697, 0, 0, 0.0000000, 0.0000000, 0, -0.2500, 0.0000, 0.0000, 0.0000
ATT: -5, 1, 177
GPS: 588594697, 0, 0, 0.0000000, 0.0000000, 0, -0.2500, 0.0000, 0.0000, 0.0000
ATT: -4, 1, 177
GPS: 588594697, 0, 0, 0.0000000, 0.0000000, 0, -0.2500, 0.0000, 0.0000, 0.0000
ATT: -4, 1, 177
GPS: 588594697, 0, 0, 0.0000000, 0.0000000, 0, -0.2500, 0.0000, 0.0000, 0.0000
ATT: -4, 2, 178
GPS: 588594697, 0, 0, 0.0000000, 0.0000000, 0, -0.2500, 0.0000, 0.0000, 0.0000
ATT: -3, 1, 179
GPS: 588594697, 0, 0, 0.0000000, 0.0000000, 0, -0.1700, 0.0000, 0.0000, 0.0000
ATT: -4, 1, 180
GPS: 588595694, 0, 0, 0.0000000, 0.0000000, 0, -0.0800, 0.0000, 0.0000, 0.0000
ATT: -3, 0, 180
GPS: 588595694, 0, 0, 0.0000000, 0.0000000, 0, 0.0000, 0.0000, 0.0000, 0.0000
ATT: -4, 2, 181
GPS: 588595694, 0, 0, 0.0000000, 0.0000000, 0, 0.0000, 0.0000, 0.0000, 0.0000
ATT: -4, 1, 181
GPS: 588595694, 0, 0, 0.0000000, 0.0000000, 0, -0.0800, 0.0000, 0.0000, 0.0000
ATT: -5, 2, 182
GPS: 588595694, 0, 0, 0.0000000, 0.0000000, 0, -0.1700, 0.0000, 0.0000, 0.0000
ATT: -5, 2, 182
GPS: 588595694, 0, 0, 0.0000000, 0.0000000, 0, -0.1700, 0.0000, 0.0000, 0.0000
ATT: -6, 1, 183
GPS: 588595694, 0, 0, 0.0000000, 0.0000000, 0, -0.1700, 0.0000, 0.0000, 0.0000
ATT: -5, 1, 183
GPS: 588595694, 0, 0, 0.0000000, 0.0000000, 0, -0.1700, 0.0000, 0.0000, 0.0000
ATT: -6, 0, 184
GPS: 588595694, 0, 0, 0.0000000, 0.0000000, 0, -0.1700, 0.0000, 0.0000, 0.0000
ATT: -7, 1, 184
GPS: 588595694, 0, 0, 0.0000000, 0.0000000, 0, -0.2500, 0.0000, 0.0000, 0.0000
ATT: -5, 0, 183
GPS: 588596690, 0, 0, 0.0000000, 0.0000000, 0, -0.3400, 0.0000, 0.0000, 0.0000
ATT: -4, 1, 183
GPS: 588596690, 0, 0, 0.0000000, 0.0000000, 0, -0.3400, 0.0000, 0.0000, 0.0000
ATT: -3, 0, 184
GPS: 588596690, 0, 0, 0.0000000, 0.0000000, 0, -0.3400, 0.0000, 0.0000, 0.0000
ATT: -4, 0, 185
GPS: 588596690, 0, 0, 0.0000000, 0.0000000, 0, -0.2500, 0.0000, 0.0000, 0.0000
ATT: -5, 0, 186
GPS: 588596690, 0, 0, 0.0000000, 0.0000000, 0, -0.1700, 0.0000, 0.0000, 0.0000
ATT: -5, 0, 186
GPS: 588596690, 0, 0, 0.0000000, 0.0000000, 0, -0.0800, 0.0000, 0.0000, 0.0000
ATT: -5, 0, 187
GPS: 588596690, 0, 0, 0.0000000, 0.0000000, 0, -0.0800, 0.0000, 0.0000, 0.0000
ATT: -3, 0, 187
GPS: 588596690, 0, 0, 0.0000000, 0.0000000, 0, 0.0000, 0.0000, 0.0000, 0.0000
ATT: -4, 1, 187
GPS: 588596690, 0, 0, 0.0000000, 0.0000000, 0, 0.0000, 0.0000, 0.0000, 0.0000
ATT: -4, 0, 187
GPS: 588596690, 0, 0, 0.0000000, 0.0000000, 0, -0.2500, 0.0000, 0.0000, 0.0000
ATT: -5, 0, 188
GPS: 588597694, 0, 0, 0.0000000, 0.0000000, 0, -0.4300, 0.0000, 0.0000, 0.0000
ATT: -5, 0, 188
GPS: 588597694, 0, 0, 0.0000000, 0.0000000, 0, -0.4300, 0.0000, 0.0000, 0.0000
ATT: -5, 1, 188
GPS: 588597694, 0, 0, 0.0000000, 0.0000000, 0, -0.4300, 0.0000, 0.0000, 0.0000
ATT: -4, 1, 188
GPS: 588597694, 0, 0, 0.0000000, 0.0000000, 0, -0.4300, 0.0000, 0.0000, 0.0000
ATT: -4, 0, 189
GPS: 588597694, 0, 0, 0.0000000, 0.0000000, 0, -0.4300, 0.0000, 0.0000, 0.0000
ATT: -4, 2, 189
GPS: 588597694, 0, 0, 0.0000000, 0.0000000, 0, -0.4300, 0.0000, 0.0000, 0.0000
ATT: -4, 1, 189
GPS: 588597694, 0, 0, 0.0000000, 0.0000000, 0, -0.4300, 0.0000, 0.0000, 0.0000
ATT: -4, 2, 190
GPS: 588597694, 0, 0, 0.0000000, 0.0000000, 0, -0.4300, 0.0000, 0.0000, 0.0000
ATT: -4, 1, 190
GPS: 588597694, 0, 0, 0.0000000, 0.0000000, 0, -0.4300, 0.0000, 0.0000, 0.0000
ATT: -4, 1, 191
GPS: 588597694, 0, 0, 0.0000000, 0.0000000, 0, -0.4300, 0.0000, 0.0000, 0.0000
ATT: -4, 2, 191
GPS: 588598690, 0, 0, 0.0000000, 0.0000000, 0, -0.4300, 0.0000, 0.0000, 0.0000
ATT: -4, 2, 192
GPS: 588598690, 0, 0, 0.0000000, 0.0000000, 0, -0.3400, 0.0000, 0.0000, 0.0000
ATT: -4, 2, 192
GPS: 588598690, 0, 0, 0.0000000, 0.0000000, 0, -0.3400, 0.0000, 0.0000, 0.0000
ATT: -5, 2, 193
GPS: 588598690, 0, 0, 0.0000000, 0.0000000, 0, -0.3400, 0.0000, 0.0000, 0.0000
ATT: -5, 2, 193
GPS: 588598690, 0, 0, 0.0000000, 0.0000000, 0, -0.3400, 0.0000, 0.0000, 0.0000
ATT: -4, 2, 194
GPS: 588598690, 0, 0, 0.0000000, 0.0000000, 0, -0.3400, 0.0000, 0.0000, 0.0000
ATT: -5, 3, 194
GPS: 588598690, 0, 0, 0.0000000, 0.0000000, 0, -0.3400, 0.0000, 0.0000, 0.0000
ATT: -4, 2, 194
GPS: 588598690, 0, 0, 0.0000000, 0.0000000, 0, -0.4300, 0.0000, 0.0000, 0.0000
ATT: -4, 2, 194
GPS: 588598690, 0, 0, 0.0000000, 0.0000000, 0, -0.4300, 0.0000, 0.0000, 0.0000
ATT: -3, 2, 194
GPS: 588599690, 0, 0, 0.0000000, 0.0000000, 0, -0.3400, 0.0000, 0.0000, 0.0000
ATT: -3, 2, 195
GPS: 588599690, 0, 0, 0.0000000, 0.0000000, 0, -0.3400, 0.0000, 0.0000, 0.0000
ATT: -3, 2, 196
GPS: 588599690, 0, 0, 0.0000000, 0.0000000, 0, -0.3400, 0.0000, 0.0000, 0.0000
ATT: -4, 2, 197
GPS: 588599690, 0, 0, 0.0000000, 0.0000000, 0, -0.3400, 0.0000, 0.0000, 0.0000
ATT: -4, 3, 197
GPS: 588599690, 0, 0, 0.0000000, 0.0000000, 0, -0.4300, 0.0000, 0.0000, 0.0000
ATT: -3, 2, 197
GPS: 588599690, 0, 0, 0.0000000, 0.0000000, 0, -0.4300, 0.0000, 0.0000, 0.0000
ATT: -3, 3, 197
GPS: 588599690, 0, 0, 0.0000000, 0.0000000, 0, -0.4300, 0.0000, 0.0000, 0.0000
ATT: -3, 1, 198
GPS: 588599690, 0, 0, 0.0000000, 0.0000000, 0, -0.4300, 0.0000, 0.0000, 0.0000
ATT: -3, 2, 198
GPS: 588599690, 0, 0, 0.0000000, 0.0000000, 0, -0.2500, 0.0000, 0.0000, 0.0000
ATT: -2, 2, 199
GPS: 588599690, 0, 0, 0.0000000, 0.0000000, 0, -0.1700, 0.0000, 0.0000, 0.0000
ATT: -2, 2, 199
GPS: 588599690, 0, 0, 0.0000000, 0.0000000, 0, -0.1700, 0.0000, 0.0000, 0.0000
ATT: -2, 1, 199
GPS: 588600694, 0, 0, 0.0000000, 0.0000000, 0, -0.1700, 0.0000, 0.0000, 0.0000
ATT: -2, 1, 199
GPS: 588600694, 0, 0, 0.0000000, 0.0000000, 0, -0.1700, 0.0000, 0.0000, 0.0000
ATT: -2, 2, 199
GPS: 588600694, 0, 0, 0.0000000, 0.0000000, 0, -0.1700, 0.0000, 0.0000, 0.0000
ATT: -2, 0, 200
GPS: 588600694, 0, 0, 0.0000000, 0.0000000, 0, -0.1700, 0.0000, 0.0000, 0.0000
ATT: -3, 0, 200
GPS: 588600694, 0, 0, 0.0000000, 0.0000000, 0, -0.1700, 0.0000, 0.0000, 0.0000
ATT: -3, 0, 200
GPS: 588600694, 0, 0, 0.0000000, 0.0000000, 0, -0.1700, 0.0000, 0.0000, 0.0000
ATT: -3, 1, 201
GPS: 588600694, 0, 0, 0.0000000, 0.0000000, 0, -0.1700, 0.0000, 0.0000, 0.0000
ATT: -3, 0, 201
GPS: 588600694, 0, 0, 0.0000000, 0.0000000, 0, -0.3400, 0.0000, 0.0000, 0.0000
ATT: -3, -1, 201
GPS: 588600694, 0, 0, 0.0000000, 0.0000000, 0, -0.5100, 0.0000, 0.0000, 0.0000
ATT: -2, -1, 202
GPS: 588601690, 0, 0, 0.0000000, 0.0000000, 0, -0.5100, 0.0000, 0.0000, 0.0000
ATT: -3, -1, 203
GPS: 588601690, 0, 0, 0.0000000, 0.0000000, 0, -0.5100, 0.0000, 0.0000, 0.0000
ATT: -3, -1, 204
GPS: 588601690, 0, 0, 0.0000000, 0.0000000, 0, -0.5100, 0.0000, 0.0000, 0.0000
ATT: -2, -1, 204
GPS: 588601690, 0, 0, 0.0000000, 0.0000000, 0, -0.5100, 0.0000, 0.0000, 0.0000
ATT: -2, 0, 205
GPS: 588601690, 0, 0, 0.0000000, 0.0000000, 0, -0.5100, 0.0000, 0.0000, 0.0000
ATT: -1, -1, 205
GPS: 588601690, 0, 0, 0.0000000, 0.0000000, 0, -0.5100, 0.0000, 0.0000, 0.0000
ATT: -1, 0, 206
GPS: 588601690, 0, 0, 0.0000000, 0.0000000, 0, -0.6000, 0.0000, 0.0000, 0.0000
ATT: -2, 0, 206
GPS: 588601690, 0, 0, 0.0000000, 0.0000000, 0, -0.6900, 0.0000, 0.0000, 0.0000
ATT: -3, 0, 207
GPS: 588601690, 0, 0, 0.0000000, 0.0000000, 0, -0.6900, 0.0000, 0.0000, 0.0000
ATT: -3, 0, 207
GPS: 588601690, 0, 0, 0.0000000, 0.0000000, 0, -0.6900, 0.0000, 0.0000, 0.0000
ATT: -2, 0, 206
GPS: 588602695, 0, 0, 0.0000000, 0.0000000, 0, -0.5100, 0.0000, 0.0000, 0.0000
ATT: -2, 0, 207
GPS: 588602695, 0, 0, 0.0000000, 0.0000000, 0, -0.4300, 0.0000, 0.0000, 0.0000
ATT: -2, 0, 207
GPS: 588602695, 0, 0, 0.0000000, 0.0000000, 0, -0.3400, 0.0000, 0.0000, 0.0000
ATT: -3, 0, 208
GPS: 588602695, 0, 0, 0.0000000, 0.0000000, 0, -0.3400, 0.0000, 0.0000, 0.0000
ATT: -2, 0, 208
GPS: 588602695, 0, 0, 0.0000000, 0.0000000, 0, -0.3400, 0.0000, 0.0000, 0.0000
ATT: -2, 0, 208
GPS: 588602695, 0, 0, 0.0000000, 0.0000000, 0, -0.3400, 0.0000, 0.0000, 0.0000
PM:20016,1001,20,0,0,0,0,0,1,0,1,0,0, 
ATT: -2, 1, 208
GPS: 588602695, 0, 0, 0.0000000, 0.0000000, 0, -0.3400, 0.0000, 0.0000, 0.0000
ATT: -2, 0, 209
GPS: 588602695, 0, 0, 0.0000000, 0.0000000, 0, -0.3400, 0.0000, 0.0000, 0.0000
ATT: -3, 1, 210
GPS: 588602695, 0, 0, 0.0000000, 0.0000000, 0, -0.3400, 0.0000, 0.0000, 0.0000
ATT: -3, 1, 210
GPS: 588602695, 0, 0, 0.0000000, 0.0000000, 0, -0.3400, 0.0000, 0.0000, 0.0000
ATT: -4, 2, 211
GPS: 588603694, 0, 0, 0.0000000, 0.0000000, 0, -0.2500, 0.0000, 0.0000, 0.0000
ATT: -4, 2, 211
GPS: 588603694, 0, 0, 0.0000000, 0.0000000, 0, -0.2500, 0.0000, 0.0000, 0.0000
ATT: -4, 4, 211
GPS: 588603694, 0, 0, 0.0000000, 0.0000000, 0, -0.2500, 0.0000, 0.0000, 0.0000
ATT: -4, 3, 212
GPS: 588603694, 0, 0, 0.0000000, 0.0000000, 0, -0.2500, 0.0000, 0.0000, 0.0000
ATT: -4, 3, 212
GPS: 588603694, 0, 0, 0.0000000, 0.0000000, 0, -0.2500, 0.0000, 0.0000, 0.0000
ATT: -4, 3, 212
GPS: 588603694, 0, 0, 0.0000000, 0.0000000, 0, -0.2500, 0.0000, 0.0000, 0.0000
ATT: -4, 3, 213
GPS: 588603694, 0, 0, 0.0000000, 0.0000000, 0, -0.2500, 0.0000, 0.0000, 0.0000
ATT: -4, 3, 213
GPS: 588603694, 0, 0, 0.0000000, 0.0000000, 0, -0.2500, 0.0000, 0.0000, 0.0000
ATT: -5, 2, 214
GPS: 588603694, 0, 0, 0.0000000, 0.0000000, 0, -0.3400, 0.0000, 0.0000, 0.0000
ATT: -6, 3, 214
GPS: 588603694, 0, 0, 0.0000000, 0.0000000, 0, -0.3400, 0.0000, 0.0000, 0.0000
ATT: -5, 1, 215
GPS: 588604692, 0, 0, 0.0000000, 0.0000000, 0, -0.4300, 0.0000, 0.0000, 0.0000
ATT: -5, 2, 216
GPS: 588604692, 0, 0, 0.0000000, 0.0000000, 0, -0.5100, 0.0000, 0.0000, 0.0000
ATT: -4, 2, 216
GPS: 588604692, 0, 0, 0.0000000, 0.0000000, 0, -0.6000, 0.0000, 0.0000, 0.0000
ATT: -5, 3, 217
GPS: 588604692, 0, 0, 0.0000000, 0.0000000, 0, -0.6900, 0.0000, 0.0000, 0.0000
ATT: -5, 3, 218
GPS: 588604692, 0, 0, 0.0000000, 0.0000000, 0, -0.6000, 0.0000, 0.0000, 0.0000
ATT: -5, 3, 219
GPS: 588604692, 0, 0, 0.0000000, 0.0000000, 0, -0.5100, 0.0000, 0.0000, 0.0000
ATT: -6, 2, 219
GPS: 588604692, 0, 0, 0.0000000, 0.0000000, 0, -0.5100, 0.0000, 0.0000, 0.0000
ATT: -5, 1, 219
GPS: 588604692, 0, 0, 0.0000000, 0.0000000, 0, -0.5100, 0.0000, 0.0000, 0.0000
ATT: -5, 2, 220
GPS: 588604692, 0, 0, 0.0000000, 0.0000000, 0, -0.5100, 0.0000, 0.0000, 0.0000
ATT: -5, 1, 221
GPS: 588604692, 0, 0, 0.0000000, 0.0000000, 0, -0.5100, 0.0000, 0.0000, 0.0000
ATT: -5, 1, 222
GPS: 588605688, 0, 0, 0.0000000, 0.0000000, 0, -0.5100, 0.0000, 0.0000, 0.0000
ATT: -6, 2, 223
GPS: 588605688, 0, 0, 0.0000000, 0.0000000, 0, -0.5100, 0.0000, 0.0000, 0.0000
ATT: -6, 2, 224
GPS: 588605688, 0, 0, 0.0000000, 0.0000000, 0, -0.5100, 0.0000, 0.0000, 0.0000
ATT: -6, 2, 224
GPS: 588605688, 0, 0, 0.0000000, 0.0000000, 0, -0.5100, 0.0000, 0.0000, 0.0000
ATT: -6, 1, 225
GPS: 588605688, 0, 0, 0.0000000, 0.0000000, 0, -0.5100, 0.0000, 0.0000, 0.0000
ATT: -6, 1, 225
GPS: 588605688, 0, 0, 0.0000000, 0.0000000, 0, -0.5100, 0.0000, 0.0000, 0.0000
ATT: -5, 0, 226
GPS: 588605688, 0, 0, 0.0000000, 0.0000000, 0, -0.5100, 0.0000, 0.0000, 0.0000
ATT: -5, 2, 227
GPS: 588605688, 0, 0, 0.0000000, 0.0000000, 0, -0.5100, 0.0000, 0.0000, 0.0000
ATT: -5, 2, 228
GPS: 588605688, 0, 0, 0.0000000, 0.0000000, 0, -0.4300, 0.0000, 0.0000, 0.0000
ATT: -6, 2, 229
GPS: 588605688, 0, 0, 0.0000000, 0.0000000, 0, -0.4300, 0.0000, 0.0000, 0.0000
ATT: -5, 1, 229
GPS: 588606697, 0, 0, 0.0000000, 0.0000000, 0, -0.3400, 0.0000, 0.0000, 0.0000
ATT: -5, 0, 229
GPS: 588606697, 0, 0, 0.0000000, 0.0000000, 0, -0.2500, 0.0000, 0.0000, 0.0000
ATT: -4, 1, 229
GPS: 588606697, 0, 0, 0.0000000, 0.0000000, 0, -0.2500, 0.0000, 0.0000, 0.0000
ATT: -4, 0, 230
GPS: 588606697, 0, 0, 0.0000000, 0.0000000, 0, -0.2500, 0.0000, 0.0000, 0.0000
ATT: -5, 1, 230
GPS: 588606697, 0, 0, 0.0000000, 0.0000000, 0, -0.3400, 0.0000, 0.0000, 0.0000
ATT: -4, 1, 231
GPS: 588606697, 0, 0, 0.0000000, 0.0000000, 0, -0.4300, 0.0000, 0.0000, 0.0000
ATT: -6, 1, 232
GPS: 588606697, 0, 0, 0.0000000, 0.0000000, 0, -0.6000, 0.0000, 0.0000, 0.0000
ATT: -5, 0, 233
GPS: 588606697, 0, 0, 0.0000000, 0.0000000, 0, -0.6900, 0.0000, 0.0000, 0.0000
ATT: -5, 0, 233
GPS: 588606697, 0, 0, 0.0000000, 0.0000000, 0, -0.6000, 0.0000, 0.0000, 0.0000
ATT: -4, 0, 233
GPS: 588606697, 0, 0, 0.0000000, 0.0000000, 0, -0.6000, 0.0000, 0.0000, 0.0000
ATT: -4, 0, 234
GPS: 588607694, 0, 0, 0.0000000, 0.0000000, 0, -0.6000, 0.0000, 0.0000, 0.0000
ATT: -4, 1, 235
GPS: 588607694, 0, 0, 0.0000000, 0.0000000, 0, -0.6000, 0.0000, 0.0000, 0.0000
ATT: -3, 0, 235
GPS: 588607694, 0, 0, 0.0000000, 0.0000000, 0, -0.4300, 0.0000, 0.0000, 0.0000
ATT: -3, 0, 235
GPS: 588607694, 0, 0, 0.0000000, 0.0000000, 0, -0.3400, 0.0000, 0.0000, 0.0000
ATT: -3, 1, 235
GPS: 588607694, 0, 0, 0.0000000, 0.0000000, 0, -0.4300, 0.0000, 0.0000, 0.0000
ATT: -3, 2, 235
GPS: 588607694, 0, 0, 0.0000000, 0.0000000, 0, -0.5100, 0.0000, 0.0000, 0.0000
ATT: -3, 0, 236
GPS: 588607694, 0, 0, 0.0000000, 0.0000000, 0, -0.4300, 0.0000, 0.0000, 0.0000
ATT: -4, 1, 237
GPS: 588607694, 0, 0, 0.0000000, 0.0000000, 0, -0.3400, 0.0000, 0.0000, 0.0000
ATT: -3, 0, 237
GPS: 588607694, 0, 0, 0.0000000, 0.0000000, 0, -0.3400, 0.0000, 0.0000, 0.0000
ATT: -2, 0, 238
GPS: 588607694, 0, 0, 0.0000000, 0.0000000, 0, -0.3400, 0.0000, 0.0000, 0.0000
ATT: -3, 0, 239
GPS: 588608692, 0, 0, 0.0000000, 0.0000000, 0, -0.5100, 0.0000, 0.0000, 0.0000
ATT: -2, 0, 239
GPS: 588608692, 0, 0, 0.0000000, 0.0000000, 0, -0.6000, 0.0000, 0.0000, 0.0000
ATT: -2, 0, 239
GPS: 588608692, 0, 0, 0.0000000, 0.0000000, 0, -0.6900, 0.0000, 0.0000, 0.0000
ATT: -2, 0, 240
GPS: 588608692, 0, 0, 0.0000000, 0.0000000, 0, -0.7700, 0.0000, 0.0000, 0.0000
ATT: -3, 0, 241
GPS: 588608692, 0, 0, 0.0000000, 0.0000000, 0, -0.7700, 0.0000, 0.0000, 0.0000
ATT: -2, -1, 241
GPS: 588608692, 0, 0, 0.0000000, 0.0000000, 0, -0.7700, 0.0000, 0.0000, 0.0000
ATT: -2, -1, 242
GPS: 588608692, 0, 0, 0.0000000, 0.0000000, 0, -0.7700, 0.0000, 0.0000, 0.0000
ATT: -2, -1, 242
GPS: 588608692, 0, 0, 0.0000000, 0.0000000, 0, -0.7700, 0.0000, 0.0000, 0.0000
ATT: -1, -2, 243
GPS: 588608692, 0, 0, 0.0000000, 0.0000000, 0, -0.8600, 0.0000, 0.0000, 0.0000
ATT: -2, 0, 243
GPS: 588608692, 0, 0, 0.0000000, 0.0000000, 0, -0.8600, 0.0000, 0.0000, 0.0000
ATT: -2, -1, 243
GPS: 588609696, 0, 0, 0.0000000, 0.0000000, 0, -0.9500, 0.0000, 0.0000, 0.0000
ATT: -3, 0, 244
GPS: 588609696, 0, 0, 0.0000000, 0.0000000, 0, -0.9500, 0.0000, 0.0000, 0.0000
ATT: -2, -1, 244
GPS: 588609696, 0, 0, 0.0000000, 0.0000000, 0, -0.7700, 0.0000, 0.0000, 0.0000
ATT: -3, -1, 244
GPS: 588609696, 0, 0, 0.0000000, 0.0000000, 0, -0.6900, 0.0000, 0.0000, 0.0000
ATT: -3, -1, 244
GPS: 588609696, 0, 0, 0.0000000, 0.0000000, 0, -0.6000, 0.0000, 0.0000, 0.0000
ATT: -3, -1, 245
GPS: 588609696, 0, 0, 0.0000000, 0.0000000, 0, -0.6000, 0.0000, 0.0000, 0.0000
ATT: -3, 0, 245
GPS: 588609696, 0, 0, 0.0000000, 0.0000000, 0, -0.6000, 0.0000, 0.0000, 0.0000
ATT: -3, -1, 245
GPS: 588609696, 0, 0, 0.0000000, 0.0000000, 0, -0.6000, 0.0000, 0.0000, 0.0000
ATT: -3, 0, 246
GPS: 588609696, 0, 0, 0.0000000, 0.0000000, 0, -0.6000, 0.0000, 0.0000, 0.0000
ATT: -3, -1, 246
GPS: 588609696, 0, 0, 0.0000000, 0.0000000, 0, -0.6000, 0.0000, 0.0000, 0.0000
ATT: -3, 0, 247
GPS: 588610695, 0, 0, 0.0000000, 0.0000000, 0, -0.5100, 0.0000, 0.0000, 0.0000
ATT: -3, -1, 247
GPS: 588610695, 0, 0, 0.0000000, 0.0000000, 0, -0.5100, 0.0000, 0.0000, 0.0000
ATT: -3, -1, 248
GPS: 588610695, 0, 0, 0.0000000, 0.0000000, 0, -0.6900, 0.0000, 0.0000, 0.0000
ATT: -3, -1, 249
GPS: 588610695, 0, 0, 0.0000000, 0.0000000, 0, -0.7700, 0.0000, 0.0000, 0.0000
ATT: -3, -2, 250
GPS: 588610695, 0, 0, 0.0000000, 0.0000000, 0, -0.7700, 0.0000, 0.0000, 0.0000
ATT: -3, -1, 250
GPS: 588610695, 0, 0, 0.0000000, 0.0000000, 0, -0.7700, 0.0000, 0.0000, 0.0000
ATT: -3, -2, 251
GPS: 588610695, 0, 0, 0.0000000, 0.0000000, 0, -0.6000, 0.0000, 0.0000, 0.0000
ATT: -3, -1, 251
GPS: 588610695, 0, 0, 0.0000000, 0.0000000, 0, -0.4300, 0.0000, 0.0000, 0.0000
ATT: -3, -2, 252
GPS: 588610695, 0, 0, 0.0000000, 0.0000000, 0, -0.5100, 0.0000, 0.0000, 0.0000
ATT: -3, -1, 253
GPS: 588610695, 0, 0, 0.0000000, 0.0000000, 0, -0.5100, 0.0000, 0.0000, 0.0000
ATT: -3, -1, 254
GPS: 588611690, 0, 0, 0.0000000, 0.0000000, 0, -0.5100, 0.0000, 0.0000, 0.0000
ATT: -2, -1, 255
GPS: 588611690, 0, 0, 0.0000000, 0.0000000, 0, -0.5100, 0.0000, 0.0000, 0.0000
ATT: -3, -1, 256
GPS: 588611690, 0, 0, 0.0000000, 0.0000000, 0, -0.5100, 0.0000, 0.0000, 0.0000
ATT: -2, -1, 257
GPS: 588611690, 0, 0, 0.0000000, 0.0000000, 0, -0.5100, 0.0000, 0.0000, 0.0000
ATT: -3, -1, 257
GPS: 588611690, 0, 0, 0.0000000, 0.0000000, 0, -0.5100, 0.0000, 0.0000, 0.0000
ATT: -3, -2, 258
GPS: 588611690, 0, 0, 0.0000000, 0.0000000, 0, -0.5100, 0.0000, 0.0000, 0.0000
ATT: -4, -1, 259
GPS: 588611690, 0, 0, 0.0000000, 0.0000000, 0, -0.5100, 0.0000, 0.0000, 0.0000
ATT: -3, -1, 259
GPS: 588611690, 0, 0, 0.0000000, 0.0000000, 0, -0.5100, 0.0000, 0.0000, 0.0000
ATT: -4, 0, 260
GPS: 588611690, 0, 0, 0.0000000, 0.0000000, 0, -0.4300, 0.0000, 0.0000, 0.0000
ATT: -4, 0, 261
GPS: 588611690, 0, 0, 0.0000000, 0.0000000, 0, -0.4300, 0.0000, 0.0000, 0.0000
ATT: -4, -1, 261
GPS: 588612694, 0, 0, 0.0000000, 0.0000000, 0, -0.2500, 0.0000, 0.0000, 0.0000
ATT: -4, 0, 261
GPS: 588612694, 0, 0, 0.0000000, 0.0000000, 0, -0.1700, 0.0000, 0.0000, 0.0000
ATT: -4, -1, 262
GPS: 588612694, 0, 0, 0.0000000, 0.0000000, 0, -0.1700, 0.0000, 0.0000, 0.0000
ATT: -4, 0, 263
GPS: 588612694, 0, 0, 0.0000000, 0.0000000, 0, -0.1700, 0.0000, 0.0000, 0.0000
ATT: -4, 0, 265
GPS: 588612694, 0, 0, 0.0000000, 0.0000000, 0, -0.1700, 0.0000, 0.0000, 0.0000
ATT: -5, 0, 265
GPS: 588612694, 0, 0, 0.0000000, 0.0000000, 0, -0.1700, 0.0000, 0.0000, 0.0000
ATT: -5, 0, 266
GPS: 588612694, 0, 0, 0.0000000, 0.0000000, 0, -0.1700, 0.0000, 0.0000, 0.0000
ATT: -5, 0, 267
GPS: 588612694, 0, 0, 0.0000000, 0.0000000, 0, -0.1700, 0.0000, 0.0000, 0.0000
ATT: -5, 0, 267
GPS: 588612694, 0, 0, 0.0000000, 0.0000000, 0, -0.1700, 0.0000, 0.0000, 0.0000
ATT: -5, 0, 267
GPS: 588612694, 0, 0, 0.0000000, 0.0000000, 0, -0.1700, 0.0000, 0.0000, 0.0000
ATT: -5, 1, 268
GPS: 588613695, 0, 0, 0.0000000, 0.0000000, 0, -0.1700, 0.0000, 0.0000, 0.0000
ATT: -5, 0, 269
GPS: 588613695, 0, 0, 0.0000000, 0.0000000, 0, -0.1700, 0.0000, 0.0000, 0.0000
ATT: -5, 1, 269
GPS: 588613695, 0, 0, 0.0000000, 0.0000000, 0, -0.2500, 0.0000, 0.0000, 0.0000
ATT: -5, 1, 270
GPS: 588613695, 0, 0, 0.0000000, 0.0000000, 0, -0.3400, 0.0000, 0.0000, 0.0000
ATT: -5, 2, 270
GPS: 588613695, 0, 0, 0.0000000, 0.0000000, 0, -0.2500, 0.0000, 0.0000, 0.0000
ATT: -4, 0, 271
GPS: 588613695, 0, 0, 0.0000000, 0.0000000, 0, -0.2500, 0.0000, 0.0000, 0.0000
ATT: -5, 0, 271
GPS: 588613695, 0, 0, 0.0000000, 0.0000000, 0, -0.1700, 0.0000, 0.0000, 0.0000
ATT: -4, 0, 272
GPS: 588613695, 0, 0, 0.0000000, 0.0000000, 0, -0.1700, 0.0000, 0.0000, 0.0000
ATT: -4, -1, 272
GPS: 588613695, 0, 0, 0.0000000, 0.0000000, 0, -0.1700, 0.0000, 0.0000, 0.0000
ATT: -4, 0, 272
GPS: 588613695, 0, 0, 0.0000000, 0.0000000, 0, -0.1700, 0.0000, 0.0000, 0.0000
ATT: -4, -1, 273
GPS: 588614688, 0, 0, 0.0000000, 0.0000000, 0, -0.1700, 0.0000, 0.0000, 0.0000
ATT: -5, 0, 273
GPS: 588614688, 0, 0, 0.0000000, 0.0000000, 0, -0.1700, 0.0000, 0.0000, 0.0000
ATT: -5, -1, 274
GPS: 588614688, 0, 0, 0.0000000, 0.0000000, 0, -0.3400, 0.0000, 0.0000, 0.0000
ATT: -5, 0, 274
GPS: 588614688, 0, 0, 0.0000000, 0.0000000, 0, -0.5100, 0.0000, 0.0000, 0.0000
ATT: -5, 0, 274
GPS: 588614688, 0, 0, 0.0000000, 0.0000000, 0, -0.5100, 0.0000, 0.0000, 0.0000
ATT: -5, 0, 275
GPS: 588614688, 0, 0, 0.0000000, 0.0000000, 0, -0.5100, 0.0000, 0.0000, 0.0000
ATT: -5, -1, 275
GPS: 588614688, 0, 0, 0.0000000, 0.0000000, 0, -0.6000, 0.0000, 0.0000, 0.0000
ATT: -4, -1, 276
GPS: 588614688, 0, 0, 0.0000000, 0.0000000, 0, -0.6900, 0.0000, 0.0000, 0.0000
ATT: -4, -1, 277
GPS: 588614688, 0, 0, 0.0000000, 0.0000000, 0, -0.6000, 0.0000, 0.0000, 0.0000
ATT: -4, -2, 277
GPS: 588614688, 0, 0, 0.0000000, 0.0000000, 0, -0.5100, 0.0000, 0.0000, 0.0000
ATT: -4, -1, 278
GPS: 588615692, 0, 0, 0.0000000, 0.0000000, 0, -0.5100, 0.0000, 0.0000, 0.0000
ATT: -4, -2, 278
GPS: 588615692, 0, 0, 0.0000000, 0.0000000, 0, -0.5100, 0.0000, 0.0000, 0.0000
ATT: -4, -1, 278
GPS: 588615692, 0, 0, 0.0000000, 0.0000000, 0, -0.5100, 0.0000, 0.0000, 0.0000
ATT: -4, -2, 279
GPS: 588615692, 0, 0, 0.0000000, 0.0000000, 0, -0.5100, 0.0000, 0.0000, 0.0000
ATT: -4, -2, 279
GPS: 588615692, 0, 0, 0.0000000, 0.0000000, 0, -0.5100, 0.0000, 0.0000, 0.0000
ATT: -5, -1, 279
GPS: 588615692, 0, 0, 0.0000000, 0.0000000, 0, -0.5100, 0.0000, 0.0000, 0.0000
ATT: -4, -2, 280
GPS: 588615692, 0, 0, 0.0000000, 0.0000000, 0, -0.6900, 0.0000, 0.0000, 0.0000
ATT: -4, -2, 280
GPS: 588615692, 0, 0, 0.0000000, 0.0000000, 0, -0.7700, 0.0000, 0.0000, 0.0000
ATT: -4, -3, 281
GPS: 588615692, 0, 0, 0.0000000, 0.0000000, 0, -0.6000, 0.0000, 0.0000, 0.0000
ATT: -4, -1, 282
GPS: 588615692, 0, 0, 0.0000000, 0.0000000, 0, -0.5100, 0.0000, 0.0000, 0.0000
ATT: -4, -2, 282
GPS: 588616688, 0, 0, 0.0000000, 0.0000000, 0, -0.6000, 0.0000, 0.0000, 0.0000
ATT: -4, -2, 282
GPS: 588616688, 0, 0, 0.0000000, 0.0000000, 0, -0.6000, 0.0000, 0.0000, 0.0000
ATT: -4, -1, 282
GPS: 588616688, 0, 0, 0.0000000, 0.0000000, 0, -0.6000, 0.0000, 0.0000, 0.0000
ATT: -3, -2, 283
GPS: 588616688, 0, 0, 0.0000000, 0.0000000, 0, -0.6000, 0.0000, 0.0000, 0.0000
ATT: -3, -1, 283
GPS: 588616688, 0, 0, 0.0000000, 0.0000000, 0, -0.5100, 0.0000, 0.0000, 0.0000
ATT: -3, -2, 284
GPS: 588616688, 0, 0, 0.0000000, 0.0000000, 0, -0.4300, 0.0000, 0.0000, 0.0000
ATT: -3, 0, 284
GPS: 588616688, 0, 0, 0.0000000, 0.0000000, 0, -0.5100, 0.0000, 0.0000, 0.0000
ATT: -3, -1, 285
GPS: 588616688, 0, 0, 0.0000000, 0.0000000, 0, -0.5100, 0.0000, 0.0000, 0.0000
ATT: -4, 1, 286
GPS: 588616688, 0, 0, 0.0000000, 0.0000000, 0, -0.4300, 0.0000, 0.0000, 0.0000
ATT: -10, 23, 295
GPS: 588616688, 0, 0, 0.0000000, 0.0000000, 0, -0.3400, 0.0000, 0.0000, 0.0000
ATT: -5, -2, 284
GPS: 588617688, 0, 0, 0.0000000, 0.0000000, 0, -0.5100, 0.0000, 0.0000, 0.0000
ATT: -9, -51, 291
GPS: 588617688, 0, 0, 0.0000000, 0.0000000, 0, -0.6000, 0.0000, 0.0000, 0.0000
ATT: -11, -41, 290
GPS: 588617688, 0, 0, 0.0000000, 0.0000000, 0, -0.6000, 0.0000, 0.0000, 0.0000
ATT: -13, -48, 290
GPS: 588617688, 0, 0, 0.0000000, 0.0000000, 0, -0.6000, 0.0000, 0.0000, 0.0000
ATT: -12, -25, 291
GPS: 588617688, 0, 0, 0.0000000, 0.0000000, 0, -0.6000, 0.0000, 0.0000, 0.0000
ATT: -29, -65, 290
GPS: 588617688, 0, 0, 0.0000000, 0.0000000, 0, -0.6000, 0.0000, 0.0000, 0.0000
ATT: -28, -125, 290
GPS: 588617688, 0, 0, 0.0000000, 0.0000000, 0, -0.6000, 0.0000, 0.0000, 0.0000
ATT: -30, -161, 283
GPS: 588617688, 0, 0, 0.0000000, 0.0000000, 0, -0.6000, 0.0000, 0.0000, 0.0000
ATT: -30, -137, 287
GPS: 588617688, 0, 0, 0.0000000, 0.0000000, 0, -0.6900, 0.0000, 0.0000, 0.0000
ATT: -33, -83, 277
GPS: 588617688, 0, 0, 0.0000000, 0.0000000, 0, -0.6900, 0.0000, 0.0000, 0.0000
ATT: -45, -35, 292
GPS: 588618697, 0, 0, 0.0000000, 0.0000000, 0, -0.6900, 0.0000, 0.0000, 0.0000
ATT: -47, 5, 287
GPS: 588618697, 0, 0, 0.0000000, 0.0000000, 0, -0.6900, 0.0000, 0.0000, 0.0000
MOD:Stabilize
ATT: -38, -32, 286
GPS: 588618697, 0, 0, 0.0000000, 0.0000000, 0, -0.4300, 0.0000, 0.0000, 0.0000
ATT: -43, -52, 291
GPS: 588618697, 0, 0, 0.0000000, 0.0000000, 0, -0.2500, 0.0000, 0.0000, 0.0000
ATT: -52, 13, 306
GPS: 588618697, 0, 0, 0.0000000, 0.0000000, 0, -0.3400, 0.0000, 0.0000, 0.0000
ATT: -40, 70, 295
GPS: 588618697, 0, 0, 0.0000000, 0.0000000, 0, -0.3400, 0.0000, 0.0000, 0.0000
ATT: -54, 89, 294
GPS: 588618697, 0, 0, 0.0000000, 0.0000000, 0, -0.3400, 0.0000, 0.0000, 0.0000
ATT: -46, -54, 288
GPS: 588618697, 0, 0, 0.0000000, 0.0000000, 0, -0.3400, 0.0000, 0.0000, 0.0000
ATT: -39, -138, 292
GPS: 588618697, 0, 0, 0.0000000, 0.0000000, 0, -0.2500, 0.0000, 0.0000, 0.0000
ATT: -32, -4, 292
GPS: 588618697, 0, 0, 0.0000000, 0.0000000, 0, -0.1700, 0.0000, 0.0000, 0.0000
ATT: -50, 107, 289
GPS: 588619688, 0, 0, 0.0000000, 0.0000000, 0, -0.2500, 0.0000, 0.0000, 0.0000
ATT: -47, 22, 291
GPS: 588619688, 0, 0, 0.0000000, 0.0000000, 0, -0.2500, 0.0000, 0.0000, 0.0000
ATT: -38, -79, 296
GPS: 588619688, 0, 0, 0.0000000, 0.0000000, 0, -0.1700, 0.0000, 0.0000, 0.0000
ATT: -39, -12, 293
GPS: 588619688, 0, 0, 0.0000000, 0.0000000, 0, -0.0800, 0.0000, 0.0000, 0.0000
ATT: -44, 62, 290
GPS: 588619688, 0, 0, 0.0000000, 0.0000000, 0, -0.0800, 0.0000, 0.0000, 0.0000
ATT: -44, 5, 293
GPS: 588619688, 0, 0, 0.0000000, 0.0000000, 0, -0.0800, 0.0000, 0.0000, 0.0000
ATT: -40, -48, 296
GPS: 588619688, 0, 0, 0.0000000, 0.0000000, 0, -0.0800, 0.0000, 0.0000, 0.0000
ATT: -40, 4, 294
GPS: 588619688, 0, 0, 0.0000000, 0.0000000, 0, -0.0800, 0.0000, 0.0000, 0.0000
ATT: -41, 33, 293
GPS: 588619688, 0, 0, 0.0000000, 0.0000000, 0, 0.0000, 0.0000, 0.0000, 0.0000
ATT: -40, -15, 296
GPS: 588619688, 0, 0, 0.0000000, 0.0000000, 0, 0.0800, 0.0000, 0.0000, 0.0000
ATT: -40, -25, 297
GPS: 588620688, 0, 0, 0.0000000, 0.0000000, 0, -0.0800, 0.0000, 0.0000, 0.0000
ATT: -41, 11, 296
GPS: 588620688, 0, 0, 0.0000000, 0.0000000, 0, -0.1700, 0.0000, 0.0000, 0.0000
ATT: -42, 10, 297
GPS: 588620688, 0, 0, 0.0000000, 0.0000000, 0, -0.2500, 0.0000, 0.0000, 0.0000
ATT: -41, -17, 298
GPS: 588620688, 0, 0, 0.0000000, 0.0000000, 0, -0.3400, 0.0000, 0.0000, 0.0000
ATT: -40, -6, 298
GPS: 588620688, 0, 0, 0.0000000, 0.0000000, 0, -0.4300, 0.0000, 0.0000, 0.0000
ATT: -40, 8, 297
GPS: 588620688, 0, 0, 0.0000000, 0.0000000, 0, -0.4300, 0.0000, 0.0000, 0.0000
ATT: -40, -4, 298
GPS: 588620688, 0, 0, 0.0000000, 0.0000000, 0, -0.4300, 0.0000, 0.0000, 0.0000
ATT: -39, -7, 299
GPS: 588620688, 0, 0, 0.0000000, 0.0000000, 0, -0.4300, 0.0000, 0.0000, 0.0000
ATT: -40, 0, 299
GPS: 588620688, 0, 0, 0.0000000, 0.0000000, 0, -0.5100, 0.0000, 0.0000, 0.0000
ATT: -40, -1, 299
GPS: 588620688, 0, 0, 0.0000000, 0.0000000, 0, -0.5100, 0.0000, 0.0000, 0.0000
ATT: -40, -4, 300
GPS: 588621692, 0, 0, 0.0000000, 0.0000000, 0, -0.5100, 0.0000, 0.0000, 0.0000
ATT: -40, 1, 300
GPS: 588621692, 0, 0, 0.0000000, 0.0000000, 0, -0.5100, 0.0000, 0.0000, 0.0000
ATT: -39, 0, 300
GPS: 588621692, 0, 0, 0.0000000, 0.0000000, 0, -0.4300, 0.0000, 0.0000, 0.0000
ATT: -39, -1, 301
GPS: 588621692, 0, 0, 0.0000000, 0.0000000, 0, -0.4300, 0.0000, 0.0000, 0.0000
ATT: -39, 0, 301
GPS: 588621692, 0, 0, 0.0000000, 0.0000000, 0, -0.4300, 0.0000, 0.0000, 0.0000
ATT: -39, -2, 301
GPS: 588621692, 0, 0, 0.0000000, 0.0000000, 0, -0.4300, 0.0000, 0.0000, 0.0000
ATT: -40, -1, 302
GPS: 588621692, 0, 0, 0.0000000, 0.0000000, 0, -0.5100, 0.0000, 0.0000, 0.0000
ATT: -40, -1, 302
GPS: 588621692, 0, 0, 0.0000000, 0.0000000, 0, -0.6000, 0.0000, 0.0000, 0.0000
MOD:Manual
ATT: -40, -1, 302
GPS: 588621692, 0, 0, 0.0000000, 0.0000000, 0, -0.6900, 0.0000, 0.0000, 0.0000
ATT: -40, -1, 303
GPS: 588621692, 0, 0, 0.0000000, 0.0000000, 0, -0.6900, 0.0000, 0.0000, 0.0000
ATT: -40, 0, 303
GPS: 588622688, 0, 0, 0.0000000, 0.0000000, 0, -0.6900, 0.0000, 0.0000, 0.0000
ATT: -40, -2, 304
GPS: 588622688, 0, 0, 0.0000000, 0.0000000, 0, -0.6900, 0.0000, 0.0000, 0.0000
ATT: -40, -1, 304
GPS: 588622688, 0, 0, 0.0000000, 0.0000000, 0, -0.6900, 0.0000, 0.0000, 0.0000
ATT: -40, -1, 305
GPS: 588622688, 0, 0, 0.0000000, 0.0000000, 0, -0.6900, 0.0000, 0.0000, 0.0000
ATT: -40, -1, 305
GPS: 588622688, 0, 0, 0.0000000, 0.0000000, 0, -0.8600, 0.0000, 0.0000, 0.0000
ATT: -40, -1, 306
GPS: 588622688, 0, 0, 0.0000000, 0.0000000, 0, -0.9500, 0.0000, 0.0000, 0.0000
PM:20020,1001,22,0,0,0,0,0,1,0,1,0,0, 
ATT: -39, -2, 307
GPS: 588622688, 0, 0, 0.0000000, 0.0000000, 0, -0.9500, 0.0000, 0.0000, 0.0000
ATT: -39, -2, 307
GPS: 588622688, 0, 0, 0.0000000, 0.0000000, 0, -0.9500, 0.0000, 0.0000, 0.0000
ATT: -39, -2, 308
GPS: 588622688, 0, 0, 0.0000000, 0.0000000, 0, -0.9500, 0.0000, 0.0000, 0.0000
ATT: -39, -1, 309
GPS: 588622688, 0, 0, 0.0000000, 0.0000000, 0, -0.9500, 0.0000, 0.0000, 0.0000
ATT: -39, -2, 309
GPS: 588623694, 0, 0, 0.0000000, 0.0000000, 0, -0.8600, 0.0000, 0.0000, 0.0000
ATT: -39, -2, 309
GPS: 588623694, 0, 0, 0.0000000, 0.0000000, 0, -0.7700, 0.0000, 0.0000, 0.0000
ATT: -40, -2, 309
GPS: 588623694, 0, 0, 0.0000000, 0.0000000, 0, -0.6900, 0.0000, 0.0000, 0.0000
ATT: -40, -2, 309
GPS: 588623694, 0, 0, 0.0000000, 0.0000000, 0, -0.6900, 0.0000, 0.0000, 0.0000
ATT: -40, -2, 309
GPS: 588623694, 0, 0, 0.0000000, 0.0000000, 0, -0.7700, 0.0000, 0.0000, 0.0000
ATT: -40, -2, 309
GPS: 588623694, 0, 0, 0.0000000, 0.0000000, 0, -0.8600, 0.0000, 0.0000, 0.0000
ATT: -40, -1, 310
GPS: 588623694, 0, 0, 0.0000000, 0.0000000, 0, -0.7700, 0.0000, 0.0000, 0.0000
ATT: -39, -2, 310
GPS: 588623694, 0, 0, 0.0000000, 0.0000000, 0, -0.7700, 0.0000, 0.0000, 0.0000
ATT: -39, -2, 310
GPS: 588623694, 0, 0, 0.0000000, 0.0000000, 0, -0.7700, 0.0000, 0.0000, 0.0000
ATT: -39, -1, 311
GPS: 588623694, 0, 0, 0.0000000, 0.0000000, 0, -0.7700, 0.0000, 0.0000, 0.0000
ATT: -39, -2, 311
GPS: 588624692, 0, 0, 0.0000000, 0.0000000, 0, -0.7700, 0.0000, 0.0000, 0.0000
ATT: -39, -1, 312
GPS: 588624692, 0, 0, 0.0000000, 0.0000000, 0, -0.7700, 0.0000, 0.0000, 0.0000
ATT: -38, -2, 312
GPS: 588624692, 0, 0, 0.0000000, 0.0000000, 0, -0.6900, 0.0000, 0.0000, 0.0000
ATT: -38, -2, 312
GPS: 588624692, 0, 0, 0.0000000, 0.0000000, 0, -0.6900, 0.0000, 0.0000, 0.0000
ATT: -39, -3, 312
GPS: 588624692, 0, 0, 0.0000000, 0.0000000, 0, -0.6000, 0.0000, 0.0000, 0.0000
ATT: -39, -2, 312
GPS: 588624692, 0, 0, 0.0000000, 0.0000000, 0, -0.5100, 0.0000, 0.0000, 0.0000
ATT: -44, 19, 312
GPS: 588624692, 0, 0, 0.0000000, 0.0000000, 0, -0.5100, 0.0000, 0.0000, 0.0000
ATT: -43, 99, 313
GPS: 588624692, 0, 0, 0.0000000, 0.0000000, 0, -0.5100, 0.0000, 0.0000, 0.0000
ATT: -44, 158, 321
GPS: 588624692, 0, 0, 0.0000000, 0.0000000, 0, -0.6000, 0.0000, 0.0000, 0.0000
ATT: -44, 175, 316
GPS: 588624692, 0, 0, 0.0000000, 0.0000000, 0, -0.6000, 0.0000, 0.0000, 0.0000
ATT: -52, 201, 321
GPS: 588625688, 0, 0, 0.0000000, 0.0000000, 0, -0.6000, 0.0000, 0.0000, 0.0000
ATT: -52, 252, 338
GPS: 588625688, 0, 0, 0.0000000, 0.0000000, 0, -0.6000, 0.0000, 0.0000, 0.0000
ATT: -53, 282, 355
GPS: 588625688, 0, 0, 0.0000000, 0.0000000, 0, -0.5100, 0.0000, 0.0000, 0.0000
ATT: -48, 276, 358
GPS: 588625688, 0, 0, 0.0000000, 0.0000000, 0, -0.4300, 0.0000, 0.0000, 0.0000
ATT: -44, 111, 373
GPS: 588625688, 0, 0, 0.0000000, 0.0000000, 0, -0.5100, 0.0000, 0.0000, 0.0000
ATT: -40, 15, 382
GPS: 588625688, 0, 0, 0.0000000, 0.0000000, 0, -0.6000, 0.0000, 0.0000, 0.0000
ATT: -46, 37, 382
GPS: 588625688, 0, 0, 0.0000000, 0.0000000, 0, -0.6900, 0.0000, 0.0000, 0.0000
ATT: -43, 32, 385
GPS: 588625688, 0, 0, 0.0000000, 0.0000000, 0, -0.6900, 0.0000, 0.0000, 0.0000
ATT: -41, 25, 387
GPS: 588625688, 0, 0, 0.0000000, 0.0000000, 0, -0.6000, 0.0000, 0.0000, 0.0000
ATT: -44, 32, 387
GPS: 588625688, 0, 0, 0.0000000, 0.0000000, 0, -0.5100, 0.0000, 0.0000, 0.0000
ATT: -41, 27, 389
GPS: 588626694, 0, 0, 0.0000000, 0.0000000, 0, -0.6000, 0.0000, 0.0000, 0.0000
ATT: -43, 30, 389
GPS: 588626694, 0, 0, 0.0000000, 0.0000000, 0, -0.6900, 0.0000, 0.0000, 0.0000
ATT: -42, 28, 390
GPS: 588626694, 0, 0, 0.0000000, 0.0000000, 0, -0.6900, 0.0000, 0.0000, 0.0000
ATT: -43, 29, 391
GPS: 588626694, 0, 0, 0.0000000, 0.0000000, 0, -0.6900, 0.0000, 0.0000, 0.0000
ATT: -43, 28, 391
GPS: 588626694, 0, 0, 0.0000000, 0.0000000, 0, -0.7700, 0.0000, 0.0000, 0.0000
ATT: -42, 28, 391
GPS: 588626694, 0, 0, 0.0000000, 0.0000000, 0, -0.7700, 0.0000, 0.0000, 0.0000
ATT: -43, 28, 392
GPS: 588626694, 0, 0, 0.0000000, 0.0000000, 0, -0.6900, 0.0000, 0.0000, 0.0000
ATT: -42, 27, 392
GPS: 588626694, 0, 0, 0.0000000, 0.0000000, 0, -0.6900, 0.0000, 0.0000, 0.0000
ATT: -42, 29, 392
GPS: 588626694, 0, 0, 0.0000000, 0.0000000, 0, -0.4300, 0.0000, 0.0000, 0.0000
ATT: -42, 28, 393
GPS: 588626694, 0, 0, 0.0000000, 0.0000000, 0, -0.2500, 0.0000, 0.0000, 0.0000
ATT: -43, 29, 393
GPS: 588627697, 0, 0, 0.0000000, 0.0000000, 0, -0.2500, 0.0000, 0.0000, 0.0000
ATT: -42, 28, 394
GPS: 588627697, 0, 0, 0.0000000, 0.0000000, 0, -0.2500, 0.0000, 0.0000, 0.0000
ATT: -43, 29, 394
GPS: 588627697, 0, 0, 0.0000000, 0.0000000, 0, -0.2500, 0.0000, 0.0000, 0.0000
ATT: -43, 28, 395
GPS: 588627697, 0, 0, 0.0000000, 0.0000000, 0, -0.2500, 0.0000, 0.0000, 0.0000
ATT: -42, 27, 395
GPS: 588627697, 0, 0, 0.0000000, 0.0000000, 0, -0.4300, 0.0000, 0.0000, 0.0000
ATT: -42, 27, 395
GPS: 588627697, 0, 0, 0.0000000, 0.0000000, 0, -0.5100, 0.0000, 0.0000, 0.0000
ATT: -42, 26, 395
GPS: 588627697, 0, 0, 0.0000000, 0.0000000, 0, -0.5100, 0.0000, 0.0000, 0.0000
ATT: -43, 27, 396
GPS: 588627697, 0, 0, 0.0000000, 0.0000000, 0, -0.5100, 0.0000, 0.0000, 0.0000
ATT: -43, 26, 396
GPS: 588627697, 0, 0, 0.0000000, 0.0000000, 0, -0.6000, 0.0000, 0.0000, 0.0000
ATT: -43, 26, 396
GPS: 588627697, 0, 0, 0.0000000, 0.0000000, 0, -0.6900, 0.0000, 0.0000, 0.0000
ATT: -43, 25, 397
GPS: 588628688, 0, 0, 0.0000000, 0.0000000, 0, -0.8600, 0.0000, 0.0000, 0.0000
ATT: -43, 26, 397
GPS: 588628688, 0, 0, 0.0000000, 0.0000000, 0, -0.9500, 0.0000, 0.0000, 0.0000
ATT: -43, 25, 398
GPS: 588628688, 0, 0, 0.0000000, 0.0000000, 0, -0.8600, 0.0000, 0.0000, 0.0000
ATT: -43, 25, 398
GPS: 588628688, 0, 0, 0.0000000, 0.0000000, 0, -0.8600, 0.0000, 0.0000, 0.0000
ATT: -43, 25, 398
GPS: 588628688, 0, 0, 0.0000000, 0.0000000, 0, -0.6000, 0.0000, 0.0000, 0.0000
ATT: -44, 24, 400
GPS: 588628688, 0, 0, 0.0000000, 0.0000000, 0, -0.4300, 0.0000, 0.0000, 0.0000
ATT: -44, 25, 400
GPS: 588628688, 0, 0, 0.0000000, 0.0000000, 0, -0.6000, 0.0000, 0.0000, 0.0000
ATT: -43, 24, 401
GPS: 588628688, 0, 0, 0.0000000, 0.0000000, 0, -0.6900, 0.0000, 0.0000, 0.0000
ATT: -43, 25, 402
GPS: 588628688, 0, 0, 0.0000000, 0.0000000, 0, -0.6900, 0.0000, 0.0000, 0.0000
ATT: -44, 24, 403
GPS: 588628688, 0, 0, 0.0000000, 0.0000000, 0, -0.6900, 0.0000, 0.0000, 0.0000
ATT: -44, 25, 404
GPS: 588629688, 0, 0, 0.0000000, 0.0000000, 0, -0.8600, 0.0000, 0.0000, 0.0000
ATT: -44, 25, 404
GPS: 588629688, 0, 0, 0.0000000, 0.0000000, 0, -0.9500, 0.0000, 0.0000, 0.0000
ATT: -44, 25, 405
GPS: 588629688, 0, 0, 0.0000000, 0.0000000, 0, -0.9500, 0.0000, 0.0000, 0.0000
ATT: -44, 26, 405
GPS: 588629688, 0, 0, 0.0000000, 0.0000000, 0, -0.9500, 0.0000, 0.0000, 0.0000
ATT: -44, 25, 406
GPS: 588629688, 0, 0, 0.0000000, 0.0000000, 0, -0.9500, 0.0000, 0.0000, 0.0000
ATT: -44, 26, 407
GPS: 588629688, 0, 0, 0.0000000, 0.0000000, 0, -0.9500, 0.0000, 0.0000, 0.0000
ATT: -44, 25, 408
GPS: 588629688, 0, 0, 0.0000000, 0.0000000, 0, -0.7700, 0.0000, 0.0000, 0.0000
ATT: -44, 26, 408
GPS: 588629688, 0, 0, 0.0000000, 0.0000000, 0, -0.6000, 0.0000, 0.0000, 0.0000
ATT: -44, 25, 409
GPS: 588629688, 0, 0, 0.0000000, 0.0000000, 0, -0.6000, 0.0000, 0.0000, 0.0000
ATT: -45, 25, 410
GPS: 588629688, 0, 0, 0.0000000, 0.0000000, 0, -0.6000, 0.0000, 0.0000, 0.0000
ATT: -44, 24, 411
GPS: 588630697, 0, 0, 0.0000000, 0.0000000, 0, -0.5100, 0.0000, 0.0000, 0.0000
ATT: -44, 25, 411
GPS: 588630697, 0, 0, 0.0000000, 0.0000000, 0, -0.4300, 0.0000, 0.0000, 0.0000
ATT: -44, 25, 412
GPS: 588630697, 0, 0, 0.0000000, 0.0000000, 0, -0.5100, 0.0000, 0.0000, 0.0000
ATT: -44, 24, 413
GPS: 588630697, 0, 0, 0.0000000, 0.0000000, 0, -0.6000, 0.0000, 0.0000, 0.0000
ATT: -44, 25, 413
GPS: 588630697, 0, 0, 0.0000000, 0.0000000, 0, -0.6000, 0.0000, 0.0000, 0.0000
ATT: -44, 25, 414
GPS: 588630697, 0, 0, 0.0000000, 0.0000000, 0, -0.6000, 0.0000, 0.0000, 0.0000
ATT: -44, 26, 414
GPS: 588630697, 0, 0, 0.0000000, 0.0000000, 0, -0.7700, 0.0000, 0.0000, 0.0000
ATT: -44, 25, 415
GPS: 588630697, 0, 0, 0.0000000, 0.0000000, 0, -0.8600, 0.0000, 0.0000, 0.0000
ATT: -44, 25, 415
GPS: 588630697, 0, 0, 0.0000000, 0.0000000, 0, -0.8600, 0.0000, 0.0000, 0.0000
ATT: -45, 25, 416
GPS: 588630697, 0, 0, 0.0000000, 0.0000000, 0, -0.8600, 0.0000, 0.0000, 0.0000
ATT: -44, 25, 416
GPS: 588631688, 0, 0, 0.0000000, 0.0000000, 0, -0.7700, 0.0000, 0.0000, 0.0000
ATT: -44, 26, 417
GPS: 588631688, 0, 0, 0.0000000, 0.0000000, 0, -0.6900, 0.0000, 0.0000, 0.0000
ATT: -44, 25, 417
GPS: 588631688, 0, 0, 0.0000000, 0.0000000, 0, -0.6900, 0.0000, 0.0000, 0.0000
ATT: -44, 25, 418
GPS: 588631688, 0, 0, 0.0000000, 0.0000000, 0, -0.6900, 0.0000, 0.0000, 0.0000
ATT: -44, 24, 419
GPS: 588631688, 0, 0, 0.0000000, 0.0000000, 0, -0.6900, 0.0000, 0.0000, 0.0000
ATT: -44, 25, 419
GPS: 588631688, 0, 0, 0.0000000, 0.0000000, 0, -0.6900, 0.0000, 0.0000, 0.0000
ATT: -43, 24, 420
GPS: 588631688, 0, 0, 0.0000000, 0.0000000, 0, -0.6000, 0.0000, 0.0000, 0.0000
ATT: -43, 24, 420
GPS: 588631688, 0, 0, 0.0000000, 0.0000000, 0, -0.5100, 0.0000, 0.0000, 0.0000
ATT: -43, 23, 421
GPS: 588631688, 0, 0, 0.0000000, 0.0000000, 0, -0.6900, 0.0000, 0.0000, 0.0000
ATT: -43, 23, 422
GPS: 588631688, 0, 0, 0.0000000, 0.0000000, 0, -0.7700, 0.0000, 0.0000, 0.0000
ATT: -43, 23, 422
GPS: 588632694, 0, 0, 0.0000000, 0.0000000, 0, -0.6900, 0.0000, 0.0000, 0.0000
ATT: -43, 23, 423
GPS: 588632694, 0, 0, 0.0000000, 0.0000000, 0, -0.6900, 0.0000, 0.0000, 0.0000
ATT: -43, 23, 424
GPS: 588632694, 0, 0, 0.0000000, 0.0000000, 0, -0.7700, 0.0000, 0.0000, 0.0000
ATT: -43, 21, 424
GPS: 588632694, 0, 0, 0.0000000, 0.0000000, 0, -0.7700, 0.0000, 0.0000, 0.0000
ATT: -44, 23, 424
GPS: 588632694, 0, 0, 0.0000000, 0.0000000, 0, -0.7700, 0.0000, 0.0000, 0.0000
ATT: -44, 22, 425
GPS: 588632694, 0, 0, 0.0000000, 0.0000000, 0, -0.7700, 0.0000, 0.0000, 0.0000
ATT: -43, 22, 425
GPS: 588632694, 0, 0, 0.0000000, 0.0000000, 0, -0.7700, 0.0000, 0.0000, 0.0000
ATT: -43, 23, 425
GPS: 588632694, 0, 0, 0.0000000, 0.0000000, 0, -0.7700, 0.0000, 0.0000, 0.0000
ATT: -43, 23, 425
GPS: 588632694, 0, 0, 0.0000000, 0.0000000, 0, -0.7700, 0.0000, 0.0000, 0.0000
ATT: -44, 23, 426
GPS: 588632694, 0, 0, 0.0000000, 0.0000000, 0, -0.7700, 0.0000, 0.0000, 0.0000
ATT: -44, 22, 426
GPS: 588633697, 0, 0, 0.0000000, 0.0000000, 0, -0.5100, 0.0000, 0.0000, 0.0000
ATT: -43, 23, 426
GPS: 588633697, 0, 0, 0.0000000, 0.0000000, 0, -0.2500, 0.0000, 0.0000, 0.0000
ATT: -43, 23, 427
GPS: 588633697, 0, 0, 0.0000000, 0.0000000, 0, -0.3400, 0.0000, 0.0000, 0.0000
ATT: -43, 23, 427
GPS: 588633697, 0, 0, 0.0000000, 0.0000000, 0, -0.3400, 0.0000, 0.0000, 0.0000
ATT: -43, 23, 428
GPS: 588633697, 0, 0, 0.0000000, 0.0000000, 0, -0.2500, 0.0000, 0.0000, 0.0000
ATT: -43, 22, 428
GPS: 588633697, 0, 0, 0.0000000, 0.0000000, 0, -0.2500, 0.0000, 0.0000, 0.0000
ATT: -42, 22, 428
GPS: 588633697, 0, 0, 0.0000000, 0.0000000, 0, -0.3400, 0.0000, 0.0000, 0.0000
ATT: -42, 21, 429
GPS: 588633697, 0, 0, 0.0000000, 0.0000000, 0, -0.4300, 0.0000, 0.0000, 0.0000
ATT: -43, 22, 429
GPS: 588633697, 0, 0, 0.0000000, 0.0000000, 0, -0.4300, 0.0000, 0.0000, 0.0000
ATT: -43, 21, 430
GPS: 588633697, 0, 0, 0.0000000, 0.0000000, 0, -0.4300, 0.0000, 0.0000, 0.0000
ATT: -43, 21, 431
GPS: 588634688, 0, 0, 0.0000000, 0.0000000, 0, -0.4300, 0.0000, 0.0000, 0.0000
ATT: -42, 20, 432
GPS: 588634688, 0, 0, 0.0000000, 0.0000000, 0, -0.4300, 0.0000, 0.0000, 0.0000
ATT: -42, 21, 432
GPS: 588634688, 0, 0, 0.0000000, 0.0000000, 0, -0.4300, 0.0000, 0.0000, 0.0000
ATT: -42, 21, 432
GPS: 588634688, 0, 0, 0.0000000, 0.0000000, 0, -0.4300, 0.0000, 0.0000, 0.0000
ATT: -42, 21, 433
GPS: 588634688, 0, 0, 0.0000000, 0.0000000, 0, -0.4300, 0.0000, 0.0000, 0.0000
ATT: -42, 21, 434
GPS: 588634688, 0, 0, 0.0000000, 0.0000000, 0, -0.4300, 0.0000, 0.0000, 0.0000
ATT: -42, 21, 434
GPS: 588634688, 0, 0, 0.0000000, 0.0000000, 0, -0.4300, 0.0000, 0.0000, 0.0000
ATT: -43, 22, 435
GPS: 588634688, 0, 0, 0.0000000, 0.0000000, 0, -0.4300, 0.0000, 0.0000, 0.0000
ATT: -43, 21, 436
GPS: 588634688, 0, 0, 0.0000000, 0.0000000, 0, -0.2500, 0.0000, 0.0000, 0.0000
ATT: -43, 22, 436
GPS: 588634688, 0, 0, 0.0000000, 0.0000000, 0, -0.1700, 0.0000, 0.0000, 0.0000
ATT: -43, 22, 437
GPS: 588635688, 0, 0, 0.0000000, 0.0000000, 0, -0.3400, 0.0000, 0.0000, 0.0000
ATT: -43, 22, 438
GPS: 588635688, 0, 0, 0.0000000, 0.0000000, 0, -0.5100, 0.0000, 0.0000, 0.0000
ATT: -43, 22, 438
GPS: 588635688, 0, 0, 0.0000000, 0.0000000, 0, -0.4300, 0.0000, 0.0000, 0.0000
ATT: -43, 21, 439
GPS: 588635688, 0, 0, 0.0000000, 0.0000000, 0, -0.4300, 0.0000, 0.0000, 0.0000
ATT: -43, 22, 439
GPS: 588635688, 0, 0, 0.0000000, 0.0000000, 0, -0.4300, 0.0000, 0.0000, 0.0000
ATT: -43, 22, 440
GPS: 588635688, 0, 0, 0.0000000, 0.0000000, 0, -0.4300, 0.0000, 0.0000, 0.0000
ATT: -43, 23, 440
GPS: 588635688, 0, 0, 0.0000000, 0.0000000, 0, -0.3400, 0.0000, 0.0000, 0.0000
ATT: -41, 21, 441
GPS: 588635688, 0, 0, 0.0000000, 0.0000000, 0, -0.3400, 0.0000, 0.0000, 0.0000
ATT: -42, 22, 441
GPS: 588635688, 0, 0, 0.0000000, 0.0000000, 0, -0.3400, 0.0000, 0.0000, 0.0000
ATT: -42, 22, 442
GPS: 588635688, 0, 0, 0.0000000, 0.0000000, 0, -0.3400, 0.0000, 0.0000, 0.0000
ATT: -41, 22, 442
GPS: 588636697, 0, 0, 0.0000000, 0.0000000, 0, -0.3400, 0.0000, 0.0000, 0.0000
ATT: -41, 21, 443
GPS: 588636697, 0, 0, 0.0000000, 0.0000000, 0, -0.3400, 0.0000, 0.0000, 0.0000
ATT: -41, 21, 443
GPS: 588636697, 0, 0, 0.0000000, 0.0000000, 0, -0.3400, 0.0000, 0.0000, 0.0000
ATT: -41, 22, 443
GPS: 588636697, 0, 0, 0.0000000, 0.0000000, 0, -0.3400, 0.0000, 0.0000, 0.0000
ATT: -41, 21, 444
GPS: 588636697, 0, 0, 0.0000000, 0.0000000, 0, -0.2500, 0.0000, 0.0000, 0.0000
ATT: -41, 22, 445
GPS: 588636697, 0, 0, 0.0000000, 0.0000000, 0, -0.2500, 0.0000, 0.0000, 0.0000
ATT: -42, 21, 445
GPS: 588636697, 0, 0, 0.0000000, 0.0000000, 0, -0.2500, 0.0000, 0.0000, 0.0000
ATT: -42, 23, 446
GPS: 588636697, 0, 0, 0.0000000, 0.0000000, 0, -0.2500, 0.0000, 0.0000, 0.0000
ATT: -43, 22, 448
GPS: 588636697, 0, 0, 0.0000000, 0.0000000, 0, -0.2500, 0.0000, 0.0000, 0.0000
ATT: -43, 23, 448
GPS: 588636697, 0, 0, 0.0000000, 0.0000000, 0, -0.2500, 0.0000, 0.0000, 0.0000
ATT: -43, 22, 449
GPS: 588637688, 0, 0, 0.0000000, 0.0000000, 0, -0.2500, 0.0000, 0.0000, 0.0000
ATT: -43, 23, 450
GPS: 588637688, 0, 0, 0.0000000, 0.0000000, 0, -0.2500, 0.0000, 0.0000, 0.0000
ATT: -43, 23, 451
GPS: 588637688, 0, 0, 0.0000000, 0.0000000, 0, -0.2500, 0.0000, 0.0000, 0.0000
ATT: -43, 22, 452
GPS: 588637688, 0, 0, 0.0000000, 0.0000000, 0, -0.2500, 0.0000, 0.0000, 0.0000
ATT: -43, 23, 453
GPS: 588637688, 0, 0, 0.0000000, 0.0000000, 0, -0.3400, 0.0000, 0.0000, 0.0000
ATT: -43, 23, 454
GPS: 588637688, 0, 0, 0.0000000, 0.0000000, 0, -0.3400, 0.0000, 0.0000, 0.0000
ATT: -43, 23, 455
GPS: 588637688, 0, 0, 0.0000000, 0.0000000, 0, -0.3400, 0.0000, 0.0000, 0.0000
ATT: -42, 22, 455
GPS: 588637688, 0, 0, 0.0000000, 0.0000000, 0, -0.3400, 0.0000, 0.0000, 0.0000
ATT: -42, 23, 456
GPS: 588637688, 0, 0, 0.0000000, 0.0000000, 0, -0.4300, 0.0000, 0.0000, 0.0000
ATT: -43, 23, 457
GPS: 588637688, 0, 0, 0.0000000, 0.0000000, 0, -0.5100, 0.0000, 0.0000, 0.0000
ATT: -42, 22, 458
GPS: 588638688, 0, 0, 0.0000000, 0.0000000, 0, -0.4300, 0.0000, 0.0000, 0.0000
ATT: -43, 23, 458
GPS: 588638688, 0, 0, 0.0000000, 0.0000000, 0, -0.4300, 0.0000, 0.0000, 0.0000
ATT: -42, 22, 459
GPS: 588638688, 0, 0, 0.0000000, 0.0000000, 0, -0.5100, 0.0000, 0.0000, 0.0000
ATT: -43, 23, 460
GPS: 588638688, 0, 0, 0.0000000, 0.0000000, 0, -0.6000, 0.0000, 0.0000, 0.0000
ATT: -43, 22, 460
GPS: 588638688, 0, 0, 0.0000000, 0.0000000, 0, -0.6000, 0.0000, 0.0000, 0.0000
ATT: -43, 24, 460
GPS: 588638688, 0, 0, 0.0000000, 0.0000000, 0, -0.6000, 0.0000, 0.0000, 0.0000
ATT: -44, 23, 460
GPS: 588638688, 0, 0, 0.0000000, 0.0000000, 0, -0.5100, 0.0000, 0.0000, 0.0000
ATT: -44, 24, 461
GPS: 588638688, 0, 0, 0.0000000, 0.0000000, 0, -0.5100, 0.0000, 0.0000, 0.0000
ATT: -43, 22, 462
GPS: 588638688, 0, 0, 0.0000000, 0.0000000, 0, -0.5100, 0.0000, 0.0000, 0.0000
ATT: -44, 23, 462
GPS: 588638688, 0, 0, 0.0000000, 0.0000000, 0, -0.5100, 0.0000, 0.0000, 0.0000
ATT: -44, 22, 463
GPS: 588639697, 0, 0, 0.0000000, 0.0000000, 0, -0.4300, 0.0000, 0.0000, 0.0000
ATT: -44, 21, 463
GPS: 588639697, 0, 0, 0.0000000, 0.0000000, 0, -0.3400, 0.0000, 0.0000, 0.0000
ATT: -43, 22, 464
GPS: 588639697, 0, 0, 0.0000000, 0.0000000, 0, -0.3400, 0.0000, 0.0000, 0.0000
ATT: -44, 20, 465
GPS: 588639697, 0, 0, 0.0000000, 0.0000000, 0, -0.3400, 0.0000, 0.0000, 0.0000
ATT: -44, 21, 465
GPS: 588639697, 0, 0, 0.0000000, 0.0000000, 0, -0.5100, 0.0000, 0.0000, 0.0000
ATT: -44, 21, 466
GPS: 588639697, 0, 0, 0.0000000, 0.0000000, 0, -0.6000, 0.0000, 0.0000, 0.0000
ATT: -44, 21, 466
GPS: 588639697, 0, 0, 0.0000000, 0.0000000, 0, -0.5100, 0.0000, 0.0000, 0.0000
ATT: -43, 21, 467
GPS: 588639697, 0, 0, 0.0000000, 0.0000000, 0, -0.4300, 0.0000, 0.0000, 0.0000
ATT: -43, 20, 467
GPS: 588639697, 0, 0, 0.0000000, 0.0000000, 0, -0.3400, 0.0000, 0.0000, 0.0000
ATT: -44, 20, 468
GPS: 588639697, 0, 0, 0.0000000, 0.0000000, 0, -0.3400, 0.0000, 0.0000, 0.0000
ATT: -44, 20, 469
GPS: 588640690, 0, 0, 0.0000000, 0.0000000, 0, -0.3400, 0.0000, 0.0000, 0.0000
ATT: -44, 20, 469
GPS: 588640690, 0, 0, 0.0000000, 0.0000000, 0, -0.3400, 0.0000, 0.0000, 0.0000
ATT: -44, 20, 471
GPS: 588640690, 0, 0, 0.0000000, 0.0000000, 0, -0.5100, 0.0000, 0.0000, 0.0000
ATT: -43, 19, 472
GPS: 588640690, 0, 0, 0.0000000, 0.0000000, 0, -0.6000, 0.0000, 0.0000, 0.0000
ATT: -43, 18, 472
GPS: 588640690, 0, 0, 0.0000000, 0.0000000, 0, -0.5100, 0.0000, 0.0000, 0.0000
ATT: -42, 18, 473
GPS: 588640690, 0, 0, 0.0000000, 0.0000000, 0, -0.4300, 0.0000, 0.0000, 0.0000
ATT: -42, 18, 473
GPS: 588640690, 0, 0, 0.0000000, 0.0000000, 0, -0.4300, 0.0000, 0.0000, 0.0000
ATT: -42, 17, 474
GPS: 588640690, 0, 0, 0.0000000, 0.0000000, 0, -0.4300, 0.0000, 0.0000, 0.0000
ATT: -42, 18, 474
GPS: 588640690, 0, 0, 0.0000000, 0.0000000, 0, -0.4300, 0.0000, 0.0000, 0.0000
ATT: -43, 17, 475
GPS: 588640690, 0, 0, 0.0000000, 0.0000000, 0, -0.4300, 0.0000, 0.0000, 0.0000
ATT: -43, 18, 475
GPS: 588641690, 0, 0, 0.0000000, 0.0000000, 0, -0.3400, 0.0000, 0.0000, 0.0000
ATT: -43, 17, 476
GPS: 588641690, 0, 0, 0.0000000, 0.0000000, 0, -0.2500, 0.0000, 0.0000, 0.0000
ATT: -43, 18, 476
GPS: 588641690, 0, 0, 0.0000000, 0.0000000, 0, -0.2500, 0.0000, 0.0000, 0.0000
ATT: -43, 18, 476
GPS: 588641690, 0, 0, 0.0000000, 0.0000000, 0, -0.2500, 0.0000, 0.0000, 0.0000
ATT: -43, 18, 476
GPS: 588641690, 0, 0, 0.0000000, 0.0000000, 0, -0.3400, 0.0000, 0.0000, 0.0000
ATT: -43, 18, 477
GPS: 588641690, 0, 0, 0.0000000, 0.0000000, 0, -0.4300, 0.0000, 0.0000, 0.0000
ATT: -43, 19, 478
GPS: 588641690, 0, 0, 0.0000000, 0.0000000, 0, -0.3400, 0.0000, 0.0000, 0.0000
ATT: -43, 20, 478
GPS: 588641690, 0, 0, 0.0000000, 0.0000000, 0, -0.2500, 0.0000, 0.0000, 0.0000
ATT: -43, 20, 478
GPS: 588641690, 0, 0, 0.0000000, 0.0000000, 0, -0.2500, 0.0000, 0.0000, 0.0000
ATT: -43, 20, 479
GPS: 588641690, 0, 0, 0.0000000, 0.0000000, 0, -0.2500, 0.0000, 0.0000, 0.0000
ATT: -43, 20, 479
GPS: 588642699, 0, 0, 0.0000000, 0.0000000, 0, -0.3400, 0.0000, 0.0000, 0.0000
ATT: -43, 20, 480
GPS: 588642699, 0, 0, 0.0000000, 0.0000000, 0, -0.3400, 0.0000, 0.0000, 0.0000
ATT: -43, 21, 480
GPS: 588642699, 0, 0, 0.0000000, 0.0000000, 0, -0.3400, 0.0000, 0.0000, 0.0000
ATT: -43, 20, 481
GPS: 588642699, 0, 0, 0.0000000, 0.0000000, 0, -0.3400, 0.0000, 0.0000, 0.0000
ATT: -43, 20, 481
GPS: 588642699, 0, 0, 0.0000000, 0.0000000, 0, -0.5100, 0.0000, 0.0000, 0.0000
ATT: -43, 20, 482
GPS: 588642699, 0, 0, 0.0000000, 0.0000000, 0, -0.6000, 0.0000, 0.0000, 0.0000
PM:20001,1000,20,0,0,0,0,0,1,0,0,0,0, 
ATT: -43, 21, 481
GPS: 588642699, 0, 0, 0.0000000, 0.0000000, 0, -0.6000, 0.0000, 0.0000, 0.0000
ATT: -43, 21, 482
GPS: 588642699, 0, 0, 0.0000000, 0.0000000, 0, -0.6000, 0.0000, 0.0000, 0.0000
ATT: -43, 22, 482
GPS: 588642699, 0, 0, 0.0000000, 0.0000000, 0, -0.6000, 0.0000, 0.0000, 0.0000
ATT: -43, 21, 483
GPS: 588642699, 0, 0, 0.0000000, 0.0000000, 0, -0.6000, 0.0000, 0.0000, 0.0000
ATT: -43, 21, 483
GPS: 588643690, 0, 0, 0.0000000, 0.0000000, 0, -0.5100, 0.0000, 0.0000, 0.0000
ATT: -42, 20, 483
GPS: 588643690, 0, 0, 0.0000000, 0.0000000, 0, -0.4300, 0.0000, 0.0000, 0.0000
ATT: -42, 21, 484
GPS: 588643690, 0, 0, 0.0000000, 0.0000000, 0, -0.3400, 0.0000, 0.0000, 0.0000
ATT: -42, 21, 485
GPS: 588643690, 0, 0, 0.0000000, 0.0000000, 0, -0.2500, 0.0000, 0.0000, 0.0000
ATT: -43, 21, 486
GPS: 588643690, 0, 0, 0.0000000, 0.0000000, 0, -0.3400, 0.0000, 0.0000, 0.0000
ATT: -43, 22, 486
GPS: 588643690, 0, 0, 0.0000000, 0.0000000, 0, -0.4300, 0.0000, 0.0000, 0.0000
ATT: -43, 21, 487
GPS: 588643690, 0, 0, 0.0000000, 0.0000000, 0, -0.3400, 0.0000, 0.0000, 0.0000
ATT: -43, 21, 488
GPS: 588643690, 0, 0, 0.0000000, 0.0000000, 0, -0.2500, 0.0000, 0.0000, 0.0000
ATT: -43, 20, 488
GPS: 588643690, 0, 0, 0.0000000, 0.0000000, 0, -0.2500, 0.0000, 0.0000, 0.0000
ATT: -43, 21, 488
GPS: 588643690, 0, 0, 0.0000000, 0.0000000, 0, -0.2500, 0.0000, 0.0000, 0.0000
ATT: -43, 21, 489
GPS: 588644690, 0, 0, 0.0000000, 0.0000000, 0, -0.3400, 0.0000, 0.0000, 0.0000
ATT: -43, 21, 489
GPS: 588644690, 0, 0, 0.0000000, 0.0000000, 0, -0.4300, 0.0000, 0.0000, 0.0000
ATT: -42, 20, 490
GPS: 588644690, 0, 0, 0.0000000, 0.0000000, 0, -0.4300, 0.0000, 0.0000, 0.0000
ATT: -42, 19, 491
GPS: 588644690, 0, 0, 0.0000000, 0.0000000, 0, -0.4300, 0.0000, 0.0000, 0.0000
ATT: -43, 21, 491
GPS: 588644690, 0, 0, 0.0000000, 0.0000000, 0, -0.3400, 0.0000, 0.0000, 0.0000
ATT: -44, 21, 492
GPS: 588644690, 0, 0, 0.0000000, 0.0000000, 0, -0.2500, 0.0000, 0.0000, 0.0000
ATT: -43, 23, 493
GPS: 588644690, 0, 0, 0.0000000, 0.0000000, 0, -0.2500, 0.0000, 0.0000, 0.0000
ATT: -43, 21, 493
GPS: 588644690, 0, 0, 0.0000000, 0.0000000, 0, -0.2500, 0.0000, 0.0000, 0.0000
ATT: -43, 21, 494
GPS: 588644690, 0, 0, 0.0000000, 0.0000000, 0, -0.4300, 0.0000, 0.0000, 0.0000
ATT: -44, 22, 495
GPS: 588644690, 0, 0, 0.0000000, 0.0000000, 0, -0.5100, 0.0000, 0.0000, 0.0000
ATT: -44, 21, 496
GPS: 588645694, 0, 0, 0.0000000, 0.0000000, 0, -0.3400, 0.0000, 0.0000, 0.0000
ATT: -44, 22, 496
GPS: 588645694, 0, 0, 0.0000000, 0.0000000, 0, -0.2500, 0.0000, 0.0000, 0.0000
ATT: -43, 22, 497
GPS: 588645694, 0, 0, 0.0000000, 0.0000000, 0, -0.2500, 0.0000, 0.0000, 0.0000
ATT: -44, 22, 498
GPS: 588645694, 0, 0, 0.0000000, 0.0000000, 0, -0.2500, 0.0000, 0.0000, 0.0000
ATT: -44, 21, 498
GPS: 588645694, 0, 0, 0.0000000, 0.0000000, 0, -0.3400, 0.0000, 0.0000, 0.0000
ATT: -44, 22, 498
GPS: 588645694, 0, 0, 0.0000000, 0.0000000, 0, -0.4300, 0.0000, 0.0000, 0.0000
ATT: -44, 22, 499
GPS: 588645694, 0, 0, 0.0000000, 0.0000000, 0, -0.6000, 0.0000, 0.0000, 0.0000
ATT: -44, 22, 500
GPS: 588645694, 0, 0, 0.0000000, 0.0000000, 0, -0.6900, 0.0000, 0.0000, 0.0000
ATT: -44, 22, 500
GPS: 588645694, 0, 0, 0.0000000, 0.0000000, 0, -0.7700, 0.0000, 0.0000, 0.0000
ATT: -44, 22, 501
GPS: 588645694, 0, 0, 0.0000000, 0.0000000, 0, -0.8600, 0.0000, 0.0000, 0.0000
ATT: -44, 23, 501
GPS: 588646696, 0, 0, 0.0000000, 0.0000000, 0, -0.8600, 0.0000, 0.0000, 0.0000
ATT: -45, 22, 502
GPS: 588646696, 0, 0, 0.0000000, 0.0000000, 0, -0.8600, 0.0000, 0.0000, 0.0000
ATT: -44, 22, 503
GPS: 588646696, 0, 0, 0.0000000, 0.0000000, 0, -0.8600, 0.0000, 0.0000, 0.0000
ATT: -44, 21, 503
GPS: 588646696, 0, 0, 0.0000000, 0.0000000, 0, -0.8600, 0.0000, 0.0000, 0.0000
ATT: -44, 21, 503
GPS: 588646696, 0, 0, 0.0000000, 0.0000000, 0, -0.7700, 0.0000, 0.0000, 0.0000
ATT: -45, 21, 504
GPS: 588646696, 0, 0, 0.0000000, 0.0000000, 0, -0.6900, 0.0000, 0.0000, 0.0000
ATT: -45, 21, 505
GPS: 588646696, 0, 0, 0.0000000, 0.0000000, 0, -0.7700, 0.0000, 0.0000, 0.0000
ATT: -45, 21, 506
GPS: 588646696, 0, 0, 0.0000000, 0.0000000, 0, -0.8600, 0.0000, 0.0000, 0.0000
ATT: -44, 20, 507
GPS: 588646696, 0, 0, 0.0000000, 0.0000000, 0, -0.8600, 0.0000, 0.0000, 0.0000
ATT: -45, 21, 507
GPS: 588646696, 0, 0, 0.0000000, 0.0000000, 0, -0.8600, 0.0000, 0.0000, 0.0000
ATT: -44, 21, 508
GPS: 588647690, 0, 0, 0.0000000, 0.0000000, 0, -0.7700, 0.0000, 0.0000, 0.0000
ATT: -44, 21, 509
GPS: 588647690, 0, 0, 0.0000000, 0.0000000, 0, -0.7700, 0.0000, 0.0000, 0.0000
ATT: -44, 20, 510
GPS: 588647690, 0, 0, 0.0000000, 0.0000000, 0, -0.7700, 0.0000, 0.0000, 0.0000
ATT: -43, 20, 511
GPS: 588647690, 0, 0, 0.0000000, 0.0000000, 0, -0.7700, 0.0000, 0.0000, 0.0000
ATT: -43, 20, 511
GPS: 588647690, 0, 0, 0.0000000, 0.0000000, 0, -0.7700, 0.0000, 0.0000, 0.0000
ATT: -43, 21, 513
GPS: 588647690, 0, 0, 0.0000000, 0.0000000, 0, -0.7700, 0.0000, 0.0000, 0.0000
ATT: -43, 22, 513
GPS: 588647690, 0, 0, 0.0000000, 0.0000000, 0, -0.7700, 0.0000, 0.0000, 0.0000
ATT: -43, 22, 514
GPS: 588647690, 0, 0, 0.0000000, 0.0000000, 0, -0.7700, 0.0000, 0.0000, 0.0000
ATT: -43, 22, 515
GPS: 588647690, 0, 0, 0.0000000, 0.0000000, 0, -0.8600, 0.0000, 0.0000, 0.0000
ATT: -43, 22, 515
GPS: 588647690, 0, 0, 0.0000000, 0.0000000, 0, -0.9500, 0.0000, 0.0000, 0.0000
ATT: -42, 22, 516
GPS: 588648694, 0, 0, 0.0000000, 0.0000000, 0, -0.9500, 0.0000, 0.0000, 0.0000
ATT: -43, 22, 517
GPS: 588648694, 0, 0, 0.0000000, 0.0000000, 0, -0.9500, 0.0000, 0.0000, 0.0000
ATT: -43, 22, 517
GPS: 588648694, 0, 0, 0.0000000, 0.0000000, 0, -0.8600, 0.0000, 0.0000, 0.0000
ATT: -43, 22, 518
GPS: 588648694, 0, 0, 0.0000000, 0.0000000, 0, -0.7700, 0.0000, 0.0000, 0.0000
ATT: -42, 23, 519
GPS: 588648694, 0, 0, 0.0000000, 0.0000000, 0, -0.7700, 0.0000, 0.0000, 0.0000
ATT: -43, 23, 519
GPS: 588648694, 0, 0, 0.0000000, 0.0000000, 0, -0.7700, 0.0000, 0.0000, 0.0000
ATT: -43, 22, 520
GPS: 588648694, 0, 0, 0.0000000, 0.0000000, 0, -0.7700, 0.0000, 0.0000, 0.0000
ATT: -43, 22, 520
GPS: 588648694, 0, 0, 0.0000000, 0.0000000, 0, -0.7700, 0.0000, 0.0000, 0.0000
ATT: -42, 22, 521
GPS: 588648694, 0, 0, 0.0000000, 0.0000000, 0, -0.7700, 0.0000, 0.0000, 0.0000
ATT: -42, 22, 522
GPS: 588648694, 0, 0, 0.0000000, 0.0000000, 0, -0.7700, 0.0000, 0.0000, 0.0000
ATT: -42, 21, 522
GPS: 588649695, 0, 0, 0.0000000, 0.0000000, 0, -0.7700, 0.0000, 0.0000, 0.0000
ATT: -42, 22, 522
GPS: 588649695, 0, 0, 0.0000000, 0.0000000, 0, -0.7700, 0.0000, 0.0000, 0.0000
ATT: -42, 21, 523
GPS: 588649695, 0, 0, 0.0000000, 0.0000000, 0, -0.7700, 0.0000, 0.0000, 0.0000
ATT: -42, 21, 523
GPS: 588649695, 0, 0, 0.0000000, 0.0000000, 0, -0.7700, 0.0000, 0.0000, 0.0000
ATT: -43, 21, 523
GPS: 588649695, 0, 0, 0.0000000, 0.0000000, 0, -0.7700, 0.0000, 0.0000, 0.0000
ATT: -43, 21, 524
GPS: 588649695, 0, 0, 0.0000000, 0.0000000, 0, -0.7700, 0.0000, 0.0000, 0.0000
ATT: -42, 22, 524
GPS: 588649695, 0, 0, 0.0000000, 0.0000000, 0, -0.8600, 0.0000, 0.0000, 0.0000
ATT: -42, 21, 525
GPS: 588649695, 0, 0, 0.0000000, 0.0000000, 0, -0.8600, 0.0000, 0.0000, 0.0000
ATT: -41, 21, 525
GPS: 588649695, 0, 0, 0.0000000, 0.0000000, 0, -0.8600, 0.0000, 0.0000, 0.0000
ATT: -41, 21, 526
GPS: 588649695, 0, 0, 0.0000000, 0.0000000, 0, -0.8600, 0.0000, 0.0000, 0.0000
ATT: -42, 22, 526
GPS: 588650690, 0, 0, 0.0000000, 0.0000000, 0, -0.7700, 0.0000, 0.0000, 0.0000
ATT: -42, 22, 527
GPS: 588650690, 0, 0, 0.0000000, 0.0000000, 0, -0.6900, 0.0000, 0.0000, 0.0000
ATT: -42, 21, 528
GPS: 588650690, 0, 0, 0.0000000, 0.0000000, 0, -0.6900, 0.0000, 0.0000, 0.0000
ATT: -43, 21, 528
GPS: 588650690, 0, 0, 0.0000000, 0.0000000, 0, -0.6900, 0.0000, 0.0000, 0.0000
ATT: -42, 21, 529
GPS: 588650690, 0, 0, 0.0000000, 0.0000000, 0, -0.6900, 0.0000, 0.0000, 0.0000
ATT: -43, 21, 530
GPS: 588650690, 0, 0, 0.0000000, 0.0000000, 0, -0.6900, 0.0000, 0.0000, 0.0000
ATT: -43, 21, 530
GPS: 588650690, 0, 0, 0.0000000, 0.0000000, 0, -0.6900, 0.0000, 0.0000, 0.0000
ATT: -44, 22, 531
GPS: 588650690, 0, 0, 0.0000000, 0.0000000, 0, -0.6900, 0.0000, 0.0000, 0.0000
ATT: -44, 22, 532
GPS: 588650690, 0, 0, 0.0000000, 0.0000000, 0, -0.6900, 0.0000, 0.0000, 0.0000
ATT: -43, 22, 533
GPS: 588650690, 0, 0, 0.0000000, 0.0000000, 0, -0.6900, 0.0000, 0.0000, 0.0000
ATT: -43, 23, 533
GPS: 588651694, 0, 0, 0.0000000, 0.0000000, 0, -0.6900, 0.0000, 0.0000, 0.0000
ATT: -43, 22, 534
GPS: 588651694, 0, 0, 0.0000000, 0.0000000, 0, -0.6900, 0.0000, 0.0000, 0.0000
ATT: -43, 22, 534
GPS: 588651694, 0, 0, 0.0000000, 0.0000000, 0, -0.7700, 0.0000, 0.0000, 0.0000
ATT: -42, 21, 535
GPS: 588651694, 0, 0, 0.0000000, 0.0000000, 0, -0.8600, 0.0000, 0.0000, 0.0000
ATT: -43, 22, 536
GPS: 588651694, 0, 0, 0.0000000, 0.0000000, 0, -0.8600, 0.0000, 0.0000, 0.0000
ATT: -43, 21, 536
GPS: 588651694, 0, 0, 0.0000000, 0.0000000, 0, -0.8600, 0.0000, 0.0000, 0.0000
ATT: -43, 22, 536
GPS: 588651694, 0, 0, 0.0000000, 0.0000000, 0, -0.8600, 0.0000, 0.0000, 0.0000
ATT: -44, 21, 537
GPS: 588651694, 0, 0, 0.0000000, 0.0000000, 0, -0.8600, 0.0000, 0.0000, 0.0000
ATT: -43, 22, 537
GPS: 588651694, 0, 0, 0.0000000, 0.0000000, 0, -0.8600, 0.0000, 0.0000, 0.0000
ATT: -44, 21, 538
GPS: 588651694, 0, 0, 0.0000000, 0.0000000, 0, -0.8600, 0.0000, 0.0000, 0.0000
ATT: -44, 20, 538
GPS: 588652697, 0, 0, 0.0000000, 0.0000000, 0, -0.8600, 0.0000, 0.0000, 0.0000
ATT: -44, 20, 538
GPS: 588652697, 0, 0, 0.0000000, 0.0000000, 0, -0.8600, 0.0000, 0.0000, 0.0000
ATT: -44, 20, 539
GPS: 588652697, 0, 0, 0.0000000, 0.0000000, 0, -0.8600, 0.0000, 0.0000, 0.0000
ATT: -44, 20, 540
GPS: 588652697, 0, 0, 0.0000000, 0.0000000, 0, -0.8600, 0.0000, 0.0000, 0.0000
ATT: -44, 20, 541
GPS: 588652697, 0, 0, 0.0000000, 0.0000000, 0, -0.8600, 0.0000, 0.0000, 0.0000
ATT: -44, 21, 542
GPS: 588652697, 0, 0, 0.0000000, 0.0000000, 0, -0.8600, 0.0000, 0.0000, 0.0000
ATT: -44, 20, 543
GPS: 588652697, 0, 0, 0.0000000, 0.0000000, 0, -0.9500, 0.0000, 0.0000, 0.0000
ATT: -44, 21, 544
GPS: 588652697, 0, 0, 0.0000000, 0.0000000, 0, -0.9500, 0.0000, 0.0000, 0.0000
ATT: -43, 21, 545
GPS: 588652697, 0, 0, 0.0000000, 0.0000000, 0, -0.9500, 0.0000, 0.0000, 0.0000
ATT: -43, 20, 546
GPS: 588652697, 0, 0, 0.0000000, 0.0000000, 0, -0.9500, 0.0000, 0.0000, 0.0000
ATT: -43, 20, 547
GPS: 588653690, 0, 0, 0.0000000, 0.0000000, 0, -0.9500, 0.0000, 0.0000, 0.0000
ATT: -43, 19, 548
GPS: 588653690, 0, 0, 0.0000000, 0.0000000, 0, -0.9500, 0.0000, 0.0000, 0.0000
ATT: -43, 20, 548
GPS: 588653690, 0, 0, 0.0000000, 0.0000000, 0, -0.8600, 0.0000, 0.0000, 0.0000
ATT: -42, 19, 549
GPS: 588653690, 0, 0, 0.0000000, 0.0000000, 0, -0.8600, 0.0000, 0.0000, 0.0000
ATT: -43, 21, 550
GPS: 588653690, 0, 0, 0.0000000, 0.0000000, 0, -0.8600, 0.0000, 0.0000, 0.0000
ATT: -43, 20, 551
GPS: 588653690, 0, 0, 0.0000000, 0.0000000, 0, -0.8600, 0.0000, 0.0000, 0.0000
ATT: -43, 21, 552
GPS: 588653690, 0, 0, 0.0000000, 0.0000000, 0, -0.8600, 0.0000, 0.0000, 0.0000
ATT: -43, 20, 552
GPS: 588653690, 0, 0, 0.0000000, 0.0000000, 0, -0.8600, 0.0000, 0.0000, 0.0000
ATT: -44, 19, 553
GPS: 588653690, 0, 0, 0.0000000, 0.0000000, 0, -0.8600, 0.0000, 0.0000, 0.0000
ATT: -44, 20, 553
GPS: 588653690, 0, 0, 0.0000000, 0.0000000, 0, -0.8600, 0.0000, 0.0000, 0.0000
ATT: -44, 20, 554
GPS: 588654690, 0, 0, 0.0000000, 0.0000000, 0, -0.8600, 0.0000, 0.0000, 0.0000
ATT: -44, 20, 554
GPS: 588654690, 0, 0, 0.0000000, 0.0000000, 0, -0.8600, 0.0000, 0.0000, 0.0000
ATT: -44, 20, 555
GPS: 588654690, 0, 0, 0.0000000, 0.0000000, 0, -0.8600, 0.0000, 0.0000, 0.0000
ATT: -44, 20, 556
GPS: 588654690, 0, 0, 0.0000000, 0.0000000, 0, -0.8600, 0.0000, 0.0000, 0.0000
ATT: -44, 20, 557
GPS: 588654690, 0, 0, 0.0000000, 0.0000000, 0, -0.8600, 0.0000, 0.0000, 0.0000
ATT: -44, 20, 558
GPS: 588654690, 0, 0, 0.0000000, 0.0000000, 0, -0.8600, 0.0000, 0.0000, 0.0000
ATT: -44, 20, 559
GPS: 588654690, 0, 0, 0.0000000, 0.0000000, 0, -0.7700, 0.0000, 0.0000, 0.0000
ATT: -44, 19, 560
GPS: 588654690, 0, 0, 0.0000000, 0.0000000, 0, -0.7700, 0.0000, 0.0000, 0.0000
ATT: -44, 19, 560
GPS: 588654690, 0, 0, 0.0000000, 0.0000000, 0, -0.7700, 0.0000, 0.0000, 0.0000
ATT: -44, 18, 560
GPS: 588654690, 0, 0, 0.0000000, 0.0000000, 0, -0.7700, 0.0000, 0.0000, 0.0000
ATT: -44, 19, 561
GPS: 588655699, 0, 0, 0.0000000, 0.0000000, 0, -0.8600, 0.0000, 0.0000, 0.0000
ATT: -44, 18, 561
GPS: 588655699, 0, 0, 0.0000000, 0.0000000, 0, -0.9500, 0.0000, 0.0000, 0.0000
ATT: -44, 20, 562
GPS: 588655699, 0, 0, 0.0000000, 0.0000000, 0, -0.8600, 0.0000, 0.0000, 0.0000
ATT: -43, 19, 563
GPS: 588655699, 0, 0, 0.0000000, 0.0000000, 0, -0.8600, 0.0000, 0.0000, 0.0000
ATT: -44, 20, 564
GPS: 588655699, 0, 0, 0.0000000, 0.0000000, 0, -0.8600, 0.0000, 0.0000, 0.0000
ATT: -44, 20, 564
GPS: 588655699, 0, 0, 0.0000000, 0.0000000, 0, -0.8600, 0.0000, 0.0000, 0.0000
ATT: -44, 19, 565
GPS: 588655699, 0, 0, 0.0000000, 0.0000000, 0, -0.9500, 0.0000, 0.0000, 0.0000
ATT: -44, 20, 565
GPS: 588655699, 0, 0, 0.0000000, 0.0000000, 0, -1.0300, 0.0000, 0.0000, 0.0000
ATT: -44, 19, 565
GPS: 588655699, 0, 0, 0.0000000, 0.0000000, 0, -0.8600, 0.0000, 0.0000, 0.0000
ATT: -44, 20, 565
GPS: 588655699, 0, 0, 0.0000000, 0.0000000, 0, -0.7700, 0.0000, 0.0000, 0.0000
ATT: -44, 19, 565
GPS: 588656690, 0, 0, 0.0000000, 0.0000000, 0, -0.6900, 0.0000, 0.0000, 0.0000
ATT: -44, 20, 565
GPS: 588656690, 0, 0, 0.0000000, 0.0000000, 0, -0.6000, 0.0000, 0.0000, 0.0000
ATT: -44, 20, 566
GPS: 588656690, 0, 0, 0.0000000, 0.0000000, 0, -0.6000, 0.0000, 0.0000, 0.0000
ATT: -44, 21, 566
GPS: 588656690, 0, 0, 0.0000000, 0.0000000, 0, -0.6000, 0.0000, 0.0000, 0.0000
ATT: -44, 20, 566
GPS: 588656690, 0, 0, 0.0000000, 0.0000000, 0, -0.5100, 0.0000, 0.0000, 0.0000
ATT: -45, 20, 567
GPS: 588656690, 0, 0, 0.0000000, 0.0000000, 0, -0.5100, 0.0000, 0.0000, 0.0000
ATT: -45, 21, 567
GPS: 588656690, 0, 0, 0.0000000, 0.0000000, 0, -0.4300, 0.0000, 0.0000, 0.0000
ATT: -44, 20, 568
GPS: 588656690, 0, 0, 0.0000000, 0.0000000, 0, -0.3400, 0.0000, 0.0000, 0.0000
ATT: -44, 20, 568
GPS: 588656690, 0, 0, 0.0000000, 0.0000000, 0, -0.4300, 0.0000, 0.0000, 0.0000
ATT: -44, 20, 568
GPS: 588656690, 0, 0, 0.0000000, 0.0000000, 0, -0.5100, 0.0000, 0.0000, 0.0000
ATT: -44, 21, 569
GPS: 588657690, 0, 0, 0.0000000, 0.0000000, 0, -0.5100, 0.0000, 0.0000, 0.0000
ATT: -44, 20, 569
GPS: 588657690, 0, 0, 0.0000000, 0.0000000, 0, -0.5100, 0.0000, 0.0000, 0.0000
ATT: -44, 21, 570
GPS: 588657690, 0, 0, 0.0000000, 0.0000000, 0, -0.6900, 0.0000, 0.0000, 0.0000
ATT: -44, 20, 571
GPS: 588657690, 0, 0, 0.0000000, 0.0000000, 0, -0.7700, 0.0000, 0.0000, 0.0000
ATT: -44, 20, 571
GPS: 588657690, 0, 0, 0.0000000, 0.0000000, 0, -0.7700, 0.0000, 0.0000, 0.0000
ATT: -44, 21, 572
GPS: 588657690, 0, 0, 0.0000000, 0.0000000, 0, -0.7700, 0.0000, 0.0000, 0.0000
ATT: -44, 20, 572
GPS: 588657690, 0, 0, 0.0000000, 0.0000000, 0, -0.6900, 0.0000, 0.0000, 0.0000
ATT: -44, 21, 573
GPS: 588657690, 0, 0, 0.0000000, 0.0000000, 0, -0.6000, 0.0000, 0.0000, 0.0000
ATT: -44, 20, 573
GPS: 588657690, 0, 0, 0.0000000, 0.0000000, 0, -0.6900, 0.0000, 0.0000, 0.0000
ATT: -43, 21, 574
GPS: 588657690, 0, 0, 0.0000000, 0.0000000, 0, -0.6900, 0.0000, 0.0000, 0.0000
ATT: -44, 20, 574
GPS: 588658699, 0, 0, 0.0000000, 0.0000000, 0, -0.6000, 0.0000, 0.0000, 0.0000
ATT: -43, 20, 574
GPS: 588658699, 0, 0, 0.0000000, 0.0000000, 0, -0.5100, 0.0000, 0.0000, 0.0000
ATT: -44, 19, 574
GPS: 588658699, 0, 0, 0.0000000, 0.0000000, 0, -0.5100, 0.0000, 0.0000, 0.0000
ATT: -43, 19, 575
GPS: 588658699, 0, 0, 0.0000000, 0.0000000, 0, -0.5100, 0.0000, 0.0000, 0.0000
ATT: -44, 20, 575
GPS: 588658699, 0, 0, 0.0000000, 0.0000000, 0, -0.5100, 0.0000, 0.0000, 0.0000
ATT: -43, 18, 575
GPS: 588658699, 0, 0, 0.0000000, 0.0000000, 0, -0.5100, 0.0000, 0.0000, 0.0000
ATT: -44, 19, 576
GPS: 588658699, 0, 0, 0.0000000, 0.0000000, 0, -0.6900, 0.0000, 0.0000, 0.0000
ATT: -43, 18, 576
GPS: 588658699, 0, 0, 0.0000000, 0.0000000, 0, -0.7700, 0.0000, 0.0000, 0.0000
ATT: -43, 19, 576
GPS: 588658699, 0, 0, 0.0000000, 0.0000000, 0, -0.7700, 0.0000, 0.0000, 0.0000
ATT: -43, 18, 577
GPS: 588658699, 0, 0, 0.0000000, 0.0000000, 0, -0.7700, 0.0000, 0.0000, 0.0000
ATT: -43, 19, 577
GPS: 588659690, 0, 0, 0.0000000, 0.0000000, 0, -0.7700, 0.0000, 0.0000, 0.0000
ATT: -43, 18, 577
GPS: 588659690, 0, 0, 0.0000000, 0.0000000, 0, -0.7700, 0.0000, 0.0000, 0.0000
ATT: -43, 18, 578
GPS: 588659690, 0, 0, 0.0000000, 0.0000000, 0, -0.7700, 0.0000, 0.0000, 0.0000
ATT: -42, 18, 578
GPS: 588659690, 0, 0, 0.0000000, 0.0000000, 0, -0.7700, 0.0000, 0.0000, 0.0000
ATT: -43, 17, 579
GPS: 588659690, 0, 0, 0.0000000, 0.0000000, 0, -0.7700, 0.0000, 0.0000, 0.0000
ATT: -43, 19, 579
GPS: 588659690, 0, 0, 0.0000000, 0.0000000, 0, -0.7700, 0.0000, 0.0000, 0.0000
ATT: -43, 18, 580
GPS: 588659690, 0, 0, 0.0000000, 0.0000000, 0, -0.7700, 0.0000, 0.0000, 0.0000
ATT: -44, 20, 581
GPS: 588659690, 0, 0, 0.0000000, 0.0000000, 0, -0.7700, 0.0000, 0.0000, 0.0000
ATT: -43, 19, 582
GPS: 588659690, 0, 0, 0.0000000, 0.0000000, 0, -0.6000, 0.0000, 0.0000, 0.0000
ATT: -42, 19, 582
GPS: 588659690, 0, 0, 0.0000000, 0.0000000, 0, -0.5100, 0.0000, 0.0000, 0.0000
ATT: -42, 20, 583
GPS: 588660690, 0, 0, 0.0000000, 0.0000000, 0, -0.6000, 0.0000, 0.0000, 0.0000
ATT: -43, 19, 583
GPS: 588660690, 0, 0, 0.0000000, 0.0000000, 0, -0.6000, 0.0000, 0.0000, 0.0000
ATT: -43, 20, 584
GPS: 588660690, 0, 0, 0.0000000, 0.0000000, 0, -0.6000, 0.0000, 0.0000, 0.0000
ATT: -43, 19, 585
GPS: 588660690, 0, 0, 0.0000000, 0.0000000, 0, -0.6000, 0.0000, 0.0000, 0.0000
ATT: -43, 21, 585
GPS: 588660690, 0, 0, 0.0000000, 0.0000000, 0, -0.6000, 0.0000, 0.0000, 0.0000
ATT: -43, 20, 586
GPS: 588660690, 0, 0, 0.0000000, 0.0000000, 0, -0.6000, 0.0000, 0.0000, 0.0000
ATT: -43, 21, 586
GPS: 588660690, 0, 0, 0.0000000, 0.0000000, 0, -0.5100, 0.0000, 0.0000, 0.0000
ATT: -43, 20, 586
GPS: 588660690, 0, 0, 0.0000000, 0.0000000, 0, -0.4300, 0.0000, 0.0000, 0.0000
ATT: -43, 21, 587
GPS: 588660690, 0, 0, 0.0000000, 0.0000000, 0, -0.5100, 0.0000, 0.0000, 0.0000
ATT: -43, 21, 588
GPS: 588660690, 0, 0, 0.0000000, 0.0000000, 0, -0.5100, 0.0000, 0.0000, 0.0000
ATT: -43, 20, 588
GPS: 588661699, 0, 0, 0.0000000, 0.0000000, 0, -0.5100, 0.0000, 0.0000, 0.0000
ATT: -43, 20, 589
GPS: 588661699, 0, 0, 0.0000000, 0.0000000, 0, -0.5100, 0.0000, 0.0000, 0.0000
ATT: -43, 20, 589
GPS: 588661699, 0, 0, 0.0000000, 0.0000000, 0, -0.5100, 0.0000, 0.0000, 0.0000
ATT: -44, 20, 590
GPS: 588661699, 0, 0, 0.0000000, 0.0000000, 0, -0.5100, 0.0000, 0.0000, 0.0000
ATT: -44, 20, 591
GPS: 588661699, 0, 0, 0.0000000, 0.0000000, 0, -0.6000, 0.0000, 0.0000, 0.0000
ATT: -44, 20, 592
GPS: 588661699, 0, 0, 0.0000000, 0.0000000, 0, -0.6900, 0.0000, 0.0000, 0.0000
ATT: -44, 20, 592
GPS: 588661699, 0, 0, 0.0000000, 0.0000000, 0, -0.6900, 0.0000, 0.0000, 0.0000
ATT: -44, 20, 592
GPS: 588661699, 0, 0, 0.0000000, 0.0000000, 0, -0.6900, 0.0000, 0.0000, 0.0000
ATT: -44, 22, 592
GPS: 588661699, 0, 0, 0.0000000, 0.0000000, 0, -0.4300, 0.0000, 0.0000, 0.0000
ATT: -44, 21, 593
GPS: 588662690, 0, 0, 0.0000000, 0.0000000, 0, -0.2500, 0.0000, 0.0000, 0.0000
ATT: -44, 21, 594
GPS: 588662690, 0, 0, 0.0000000, 0.0000000, 0, -0.2500, 0.0000, 0.0000, 0.0000
ATT: -44, 20, 594
GPS: 588662690, 0, 0, 0.0000000, 0.0000000, 0, -0.2500, 0.0000, 0.0000, 0.0000
ATT: -45, 22, 594
GPS: 588662690, 0, 0, 0.0000000, 0.0000000, 0, -0.2500, 0.0000, 0.0000, 0.0000
