Dumping Log 18,    start pg 459,   end pg 535

ArduPlane V2.28
Free RAM: 1452
PM:20012,1001,20,0,0,0,0,0,569,-5,-15,5,0, 
ATT: -897, -241, 23087
GPS: 0, 0, 0, 0.0000000, 0.0000000, 0, 1.8600, 0.0000, 0.0000, 0.0000
ATT: -898, -232, 23087
GPS: 0, 0, 0, 0.0000000, 0.0000000, 0, 1.8600, 0.0000, 0.0000, 0.0000
ATT: -899, -223, 23087
GPS: 0, 0, 0, 0.0000000, 0.0000000, 0, 1.8600, 0.0000, 0.0000, 0.0000
ATT: -901, -215, 23087
GPS: 0, 0, 0, 0.0000000, 0.0000000, 0, 1.8600, 0.0000, 0.0000, 0.0000
ATT: -900, -207, 23087
GPS: 0, 0, 0, 0.0000000, 0.0000000, 0, 1.8600, 0.0000, 0.0000, 0.0000
ATT: -901, -200, 23088
GPS: 0, 0, 0, 0.0000000, 0.0000000, 0, 1.8600, 0.0000, 0.0000, 0.0000
ATT: -903, -193, 23088
GPS: 0, 0, 0, 0.0000000, 0.0000000, 0, 1.9500, 0.0000, 0.0000, 0.0000
ATT: -903, -187, 23088
GPS: 0, 0, 0, 0.0000000, 0.0000000, 0, 2.0400, 0.0000, 0.0000, 0.0000
ATT: -906, -181, 23089
GPS: 0, 0, 0, 0.0000000, 0.0000000, 0, 2.0400, 0.0000, 0.0000, 0.0000
ATT: -906, -175, 23089
GPS: 0, 0, 0, 0.0000000, 0.0000000, 0, 2.0400, 0.0000, 0.0000, 0.0000
ATT: -908, -169, 23089
GPS: 0, 0, 0, 0.0000000, 0.0000000, 0, 1.9500, 0.0000, 0.0000, 0.0000
ATT: -911, -165, 23089
GPS: 0, 0, 0, 0.0000000, 0.0000000, 0, 1.9500, 0.0000, 0.0000, 0.0000
ATT: -911, -161, 23089
GPS: 0, 0, 0, 0.0000000, 0.0000000, 0, 1.9500, 0.0000, 0.0000, 0.0000
ATT: -914, -157, 23090
GPS: 0, 0, 0, 0.0000000, 0.0000000, 0, 1.9500, 0.0000, 0.0000, 0.0000
ATT: -917, -155, 23090
GPS: 0, 0, 0, 0.0000000, 0.0000000, 0, 1.9500, 0.0000, 0.0000, 0.0000
ATT: -919, -152, 23091
GPS: 0, 0, 0, 0.0000000, 0.0000000, 0, 1.9500, 0.0000, 0.0000, 0.0000
ATT: -919, -148, 23091
GPS: 0, 0, 0, 0.0000000, 0.0000000, 0, 1.8600, 0.0000, 0.0000, 0.0000
ATT: -921, -145, 23092
GPS: 0, 0, 0, 0.0000000, 0.0000000, 0, 1.7800, 0.0000, 0.0000, 0.0000
ATT: -920, -142, 23092
GPS: 0, 0, 0, 0.0000000, 0.0000000, 0, 1.7800, 0.0000, 0.0000, 0.0000
ATT: -922, -140, 23092
GPS: 0, 0, 0, 0.0000000, 0.0000000, 0, 1.7800, 0.0000, 0.0000, 0.0000
ATT: -923, -137, 23093
GPS: 0, 0, 0, 0.0000000, 0.0000000, 0, 1.7800, 0.0000, 0.0000, 0.0000
ATT: -925, -136, 23093
GPS: 0, 0, 0, 0.0000000, 0.0000000, 0, 1.7800, 0.0000, 0.0000, 0.0000
ATT: -924, -133, 23093
GPS: 0, 0, 0, 0.0000000, 0.0000000, 0, 1.7800, 0.0000, 0.0000, 0.0000
ATT: -925, -130, 23094
GPS: 0, 0, 0, 0.0000000, 0.0000000, 0, 1.7800, 0.0000, 0.0000, 0.0000
ATT: -929, -129, 23094
GPS: 0, 0, 0, 0.0000000, 0.0000000, 0, 1.6900, 0.0000, 0.0000, 0.0000
ATT: -928, -128, 23096
GPS: 0, 0, 0, 0.0000000, 0.0000000, 0, 1.6900, 0.0000, 0.0000, 0.0000
ATT: -930, -126, 23096
GPS: 0, 0, 0, 0.0000000, 0.0000000, 0, 1.6900, 0.0000, 0.0000, 0.0000
ATT: -927, -124, 23096
GPS: 0, 0, 0, 0.0000000, 0.0000000, 0, 1.6900, 0.0000, 0.0000, 0.0000
ATT: -929, -124, 23096
GPS: 0, 0, 0, 0.0000000, 0.0000000, 0, 1.6900, 0.0000, 0.0000, 0.0000
ATT: -929, -122, 23097
GPS: 0, 0, 0, 0.0000000, 0.0000000, 0, 1.6900, 0.0000, 0.0000, 0.0000
ATT: -928, -122, 23097
GPS: 0, 0, 0, 0.0000000, 0.0000000, 0, 1.6900, 0.0000, 0.0000, 0.0000
ATT: -929, -121, 23098
GPS: 0, 0, 0, 0.0000000, 0.0000000, 0, 1.6900, 0.0000, 0.0000, 0.0000
ATT: -928, -120, 23098
GPS: 0, 0, 0, 0.0000000, 0.0000000, 0, 1.6900, 0.0000, 0.0000, 0.0000
ATT: -929, -120, 23098
GPS: 0, 0, 0, 0.0000000, 0.0000000, 0, 1.6900, 0.0000, 0.0000, 0.0000
ATT: -930, -120, 23098
GPS: 0, 0, 0, 0.0000000, 0.0000000, 0, 1.7800, 0.0000, 0.0000, 0.0000
ATT: -929, -119, 23098
GPS: 0, 0, 0, 0.0000000, 0.0000000, 0, 1.8600, 0.0000, 0.0000, 0.0000
ATT: -931, -119, 23098
GPS: 0, 0, 0, 0.0000000, 0.0000000, 0, 1.8600, 0.0000, 0.0000, 0.0000
ATT: -930, -119, 23098
GPS: 0, 0, 0, 0.0000000, 0.0000000, 0, 1.8600, 0.0000, 0.0000, 0.0000
ATT: -930, -117, 23098
GPS: 0, 0, 0, 0.0000000, 0.0000000, 0, 1.8600, 0.0000, 0.0000, 0.0000
ATT: -931, -116, 23098
GPS: 0, 0, 0, 0.0000000, 0.0000000, 0, 1.8600, 0.0000, 0.0000, 0.0000
ATT: -930, -115, 23098
GPS: 0, 0, 0, 0.0000000, 0.0000000, 0, 1.8600, 0.0000, 0.0000, 0.0000
ATT: -932, -115, 23098
GPS: 0, 0, 0, 0.0000000, 0.0000000, 0, 1.8600, 0.0000, 0.0000, 0.0000
ATT: -931, -115, 23098
GPS: 0, 0, 0, 0.0000000, 0.0000000, 0, 1.7800, 0.0000, 0.0000, 0.0000
ATT: -935, -115, 23099
GPS: 0, 0, 0, 0.0000000, 0.0000000, 0, 1.7800, 0.0000, 0.0000, 0.0000
ATT: -939, -115, 23099
GPS: 0, 0, 0, 0.0000000, 0.0000000, 0, 1.7800, 0.0000, 0.0000, 0.0000
ATT: -940, -115, 23099
GPS: 0, 0, 0, 0.0000000, 0.0000000, 0, 1.7800, 0.0000, 0.0000, 0.0000
ATT: -948, -114, 23100
GPS: 0, 0, 0, 0.0000000, 0.0000000, 0, 1.7800, 0.0000, 0.0000, 0.0000
ATT: -948, -113, 23102
GPS: 0, 0, 0, 0.0000000, 0.0000000, 0, 1.7800, 0.0000, 0.0000, 0.0000
ATT: -950, -111, 23102
GPS: 0, 0, 0, 0.0000000, 0.0000000, 0, 1.6900, 0.0000, 0.0000, 0.0000
ATT: -953, -110, 23103
GPS: 0, 0, 0, 0.0000000, 0.0000000, 0, 1.6000, 0.0000, 0.0000, 0.0000
ATT: -952, -111, 23104
GPS: 0, 0, 0, 0.0000000, 0.0000000, 0, 1.5100, 0.0000, 0.0000, 0.0000
ATT: -956, -112, 23105
GPS: 0, 0, 0, 0.0000000, 0.0000000, 0, 1.4200, 0.0000, 0.0000, 0.0000
ATT: -958, -111, 23108
GPS: 0, 0, 0, 0.0000000, 0.0000000, 0, 1.4200, 0.0000, 0.0000, 0.0000
ATT: -954, -112, 23109
GPS: 0, 0, 0, 0.0000000, 0.0000000, 0, 1.4200, 0.0000, 0.0000, 0.0000
ATT: -954, -111, 23110
GPS: 0, 0, 0, 0.0000000, 0.0000000, 0, 1.4200, 0.0000, 0.0000, 0.0000
ATT: -956, -110, 23111
GPS: 0, 0, 0, 0.0000000, 0.0000000, 0, 1.4200, 0.0000, 0.0000, 0.0000
ATT: -957, -111, 23112
GPS: 0, 0, 0, 0.0000000, 0.0000000, 0, 1.4200, 0.0000, 0.0000, 0.0000
ATT: -960, -111, 23112
GPS: 0, 0, 0, 0.0000000, 0.0000000, 0, 1.4200, 0.0000, 0.0000, 0.0000
ATT: -966, -112, 23115
GPS: 0, 0, 0, 0.0000000, 0.0000000, 0, 1.4200, 0.0000, 0.0000, 0.0000
ATT: -957, -109, 23117
GPS: 0, 0, 0, 0.0000000, 0.0000000, 0, 1.4200, 0.0000, 0.0000, 0.0000
ATT: -969, -112, 23119
GPS: 0, 0, 0, 0.0000000, 0.0000000, 0, 1.4200, 0.0000, 0.0000, 0.0000
ATT: -956, -109, 23122
GPS: 0, 0, 0, 0.0000000, 0.0000000, 0, 1.4200, 0.0000, 0.0000, 0.0000
ATT: -961, -111, 23121
GPS: 0, 0, 0, 0.0000000, 0.0000000, 0, 1.4200, 0.0000, 0.0000, 0.0000
ATT: -955, -109, 23125
GPS: 0, 0, 0, 0.0000000, 0.0000000, 0, 1.4200, 0.0000, 0.0000, 0.0000
ATT: -952, -108, 23125
GPS: 0, 0, 0, 0.0000000, 0.0000000, 0, 1.4200, 0.0000, 0.0000, 0.0000
ATT: -949, -107, 23125
GPS: 0, 0, 0, 0.0000000, 0.0000000, 0, 1.4200, 0.0000, 0.0000, 0.0000
ATT: -948, -108, 23125
GPS: 0, 0, 0, 0.0000000, 0.0000000, 0, 1.4200, 0.0000, 0.0000, 0.0000
ATT: -949, -107, 23125
GPS: 0, 0, 0, 0.0000000, 0.0000000, 0, 1.4200, 0.0000, 0.0000, 0.0000
ATT: -942, -105, 23126
GPS: 0, 0, 0, 0.0000000, 0.0000000, 0, 1.3300, 0.0000, 0.0000, 0.0000
ATT: -944, -106, 23126
GPS: 0, 0, 0, 0.0000000, 0.0000000, 0, 1.3300, 0.0000, 0.0000, 0.0000
ATT: -942, -104, 23126
GPS: 0, 0, 0, 0.0000000, 0.0000000, 0, 1.3300, 0.0000, 0.0000, 0.0000
ATT: -942, -104, 23127
GPS: 0, 0, 0, 0.0000000, 0.0000000, 0, 1.3300, 0.0000, 0.0000, 0.0000
ATT: -943, -105, 23127
GPS: 0, 0, 0, 0.0000000, 0.0000000, 0, 1.2400, 0.0000, 0.0000, 0.0000
ATT: -943, -107, 23128
GPS: 0, 0, 0, 0.0000000, 0.0000000, 0, 1.2400, 0.0000, 0.0000, 0.0000
ATT: -941, -107, 23129
GPS: 0, 0, 0, 0.0000000, 0.0000000, 0, 1.2400, 0.0000, 0.0000, 0.0000
ATT: -943, -107, 23129
GPS: 0, 0, 0, 0.0000000, 0.0000000, 0, 1.2400, 0.0000, 0.0000, 0.0000
ATT: -946, -108, 23129
GPS: 0, 0, 0, 0.0000000, 0.0000000, 0, 1.3300, 0.0000, 0.0000, 0.0000
ATT: -948, -109, 23129
GPS: 0, 0, 0, 0.0000000, 0.0000000, 0, 1.3300, 0.0000, 0.0000, 0.0000
ATT: -947, -108, 23129
GPS: 0, 0, 0, 0.0000000, 0.0000000, 0, 1.3300, 0.0000, 0.0000, 0.0000
ATT: -948, -109, 23129
GPS: 0, 0, 0, 0.0000000, 0.0000000, 0, 1.3300, 0.0000, 0.0000, 0.0000
ATT: -949, -109, 23129
GPS: 0, 0, 0, 0.0000000, 0.0000000, 0, 1.3300, 0.0000, 0.0000, 0.0000
ATT: -949, -109, 23129
GPS: 0, 0, 0, 0.0000000, 0.0000000, 0, 1.3300, 0.0000, 0.0000, 0.0000
ATT: -949, -109, 23130
GPS: 0, 0, 0, 0.0000000, 0.0000000, 0, 1.3300, 0.0000, 0.0000, 0.0000
ATT: -948, -108, 23129
GPS: 0, 0, 0, 0.0000000, 0.0000000, 0, 1.3300, 0.0000, 0.0000, 0.0000
ATT: -947, -109, 23130
GPS: 0, 0, 0, 0.0000000, 0.0000000, 0, 1.3300, 0.0000, 0.0000, 0.0000
ATT: -947, -109, 23130
GPS: 0, 0, 0, 0.0000000, 0.0000000, 0, 1.3300, 0.0000, 0.0000, 0.0000
ATT: -945, -109, 23130
GPS: 0, 0, 0, 0.0000000, 0.0000000, 0, 1.4200, 0.0000, 0.0000, 0.0000
ATT: -945, -108, 23130
GPS: 0, 0, 0, 0.0000000, 0.0000000, 0, 1.5100, 0.0000, 0.0000, 0.0000
ATT: -945, -108, 23130
GPS: 0, 0, 0, 0.0000000, 0.0000000, 0, 1.5100, 0.0000, 0.0000, 0.0000
ATT: -941, -107, 23131
GPS: 0, 0, 0, 0.0000000, 0.0000000, 0, 1.5100, 0.0000, 0.0000, 0.0000
ATT: -941, -107, 23131
GPS: 0, 0, 0, 0.0000000, 0.0000000, 0, 1.5100, 0.0000, 0.0000, 0.0000
ATT: -938, -106, 23131
GPS: 0, 0, 0, 0.0000000, 0.0000000, 0, 1.5100, 0.0000, 0.0000, 0.0000
ATT: -935, -106, 23131
GPS: 0, 0, 0, 0.0000000, 0.0000000, 0, 1.5100, 0.0000, 0.0000, 0.0000
ATT: -934, -105, 23131
GPS: 0, 0, 0, 0.0000000, 0.0000000, 0, 1.5100, 0.0000, 0.0000, 0.0000
ATT: -932, -105, 23131
GPS: 0, 0, 0, 0.0000000, 0.0000000, 0, 1.5100, 0.0000, 0.0000, 0.0000
ATT: -932, -105, 23131
GPS: 0, 0, 0, 0.0000000, 0.0000000, 0, 1.5100, 0.0000, 0.0000, 0.0000
ATT: -934, -105, 23131
GPS: 0, 0, 0, 0.0000000, 0.0000000, 0, 1.5100, 0.0000, 0.0000, 0.0000
ATT: -935, -106, 23131
GPS: 0, 0, 0, 0.0000000, 0.0000000, 0, 1.5100, 0.0000, 0.0000, 0.0000
ATT: -934, -106, 23131
GPS: 0, 0, 0, 0.0000000, 0.0000000, 0, 1.5100, 0.0000, 0.0000, 0.0000
ATT: -934, -107, 23131
GPS: 0, 0, 0, 0.0000000, 0.0000000, 0, 1.5100, 0.0000, 0.0000, 0.0000
ATT: -935, -107, 23132
GPS: 0, 0, 0, 0.0000000, 0.0000000, 0, 1.5100, 0.0000, 0.0000, 0.0000
ATT: -935, -108, 23132
GPS: 0, 0, 0, 0.0000000, 0.0000000, 0, 1.5100, 0.0000, 0.0000, 0.0000
ATT: -935, -108, 23132
GPS: 0, 0, 0, 0.0000000, 0.0000000, 0, 1.5100, 0.0000, 0.0000, 0.0000
ATT: -936, -108, 23132
GPS: 0, 0, 0, 0.0000000, 0.0000000, 0, 1.5100, 0.0000, 0.0000, 0.0000
ATT: -937, -109, 23132
GPS: 0, 0, 0, 0.0000000, 0.0000000, 0, 1.4200, 0.0000, 0.0000, 0.0000
ATT: -938, -109, 23132
GPS: 0, 0, 0, 0.0000000, 0.0000000, 0, 1.4200, 0.0000, 0.0000, 0.0000
ATT: -938, -110, 23133
GPS: 0, 0, 0, 0.0000000, 0.0000000, 0, 1.4200, 0.0000, 0.0000, 0.0000
ATT: -939, -110, 23133
GPS: 0, 0, 0, 0.0000000, 0.0000000, 0, 1.4200, 0.0000, 0.0000, 0.0000
ATT: -940, -111, 23133
GPS: 0, 0, 0, 0.0000000, 0.0000000, 0, 1.4200, 0.0000, 0.0000, 0.0000
ATT: -941, -111, 23133
GPS: 0, 0, 0, 0.0000000, 0.0000000, 0, 1.4200, 0.0000, 0.0000, 0.0000
ATT: -942, -111, 23133
GPS: 0, 0, 0, 0.0000000, 0.0000000, 0, 1.4200, 0.0000, 0.0000, 0.0000
ATT: -942, -112, 23134
GPS: 0, 0, 0, 0.0000000, 0.0000000, 0, 1.4200, 0.0000, 0.0000, 0.0000
ATT: -942, -110, 23134
GPS: 0, 0, 0, 0.0000000, 0.0000000, 0, 1.4200, 0.0000, 0.0000, 0.0000
ATT: -943, -111, 23134
GPS: 0, 0, 0, 0.0000000, 0.0000000, 0, 1.4200, 0.0000, 0.0000, 0.0000
ATT: -943, -110, 23135
GPS: 0, 0, 0, 0.0000000, 0.0000000, 0, 1.4200, 0.0000, 0.0000, 0.0000
ATT: -944, -110, 23135
GPS: 0, 0, 0, 0.0000000, 0.0000000, 0, 1.4200, 0.0000, 0.0000, 0.0000
ATT: -943, -109, 23136
GPS: 0, 0, 0, 0.0000000, 0.0000000, 0, 1.3300, 0.0000, 0.0000, 0.0000
ATT: -944, -109, 23137
GPS: 0, 0, 0, 0.0000000, 0.0000000, 0, 1.2400, 0.0000, 0.0000, 0.0000
ATT: -943, -109, 23137
GPS: 0, 0, 0, 0.0000000, 0.0000000, 0, 1.2400, 0.0000, 0.0000, 0.0000
ATT: -943, -109, 23138
GPS: 0, 0, 0, 0.0000000, 0.0000000, 0, 1.2400, 0.0000, 0.0000, 0.0000
ATT: -942, -110, 23138
GPS: 0, 0, 0, 0.0000000, 0.0000000, 0, 1.2400, 0.0000, 0.0000, 0.0000
ATT: -942, -110, 23139
GPS: 0, 0, 0, 0.0000000, 0.0000000, 0, 1.2400, 0.0000, 0.0000, 0.0000
ATT: -943, -111, 23139
GPS: 0, 0, 0, 0.0000000, 0.0000000, 0, 1.2400, 0.0000, 0.0000, 0.0000
ATT: -943, -111, 23140
GPS: 0, 0, 0, 0.0000000, 0.0000000, 0, 1.2400, 0.0000, 0.0000, 0.0000
ATT: -946, -111, 23140
GPS: 0, 0, 0, 0.0000000, 0.0000000, 0, 1.2400, 0.0000, 0.0000, 0.0000
ATT: -947, -111, 23141
GPS: 0, 0, 0, 0.0000000, 0.0000000, 0, 1.2400, 0.0000, 0.0000, 0.0000
ATT: -948, -111, 23142
GPS: 0, 0, 0, 0.0000000, 0.0000000, 0, 1.2400, 0.0000, 0.0000, 0.0000
ATT: -944, -112, 23144
GPS: 0, 0, 0, 0.0000000, 0.0000000, 0, 1.2400, 0.0000, 0.0000, 0.0000
ATT: -947, -112, 23145
GPS: 0, 0, 0, 0.0000000, 0.0000000, 0, 1.2400, 0.0000, 0.0000, 0.0000
ATT: -948, -112, 23145
GPS: 0, 0, 0, 0.0000000, 0.0000000, 0, 1.2400, 0.0000, 0.0000, 0.0000
ATT: -952, -112, 23146
GPS: 0, 0, 0, 0.0000000, 0.0000000, 0, 1.2400, 0.0000, 0.0000, 0.0000
ATT: -949, -112, 23147
GPS: 0, 0, 0, 0.0000000, 0.0000000, 0, 1.2400, 0.0000, 0.0000, 0.0000
ATT: -950, -113, 23147
GPS: 0, 0, 0, 0.0000000, 0.0000000, 0, 1.2400, 0.0000, 0.0000, 0.0000
ATT: -951, -113, 23148
GPS: 0, 0, 0, 0.0000000, 0.0000000, 0, 1.2400, 0.0000, 0.0000, 0.0000
ATT: -954, -112, 23148
GPS: 0, 0, 0, 0.0000000, 0.0000000, 0, 1.2400, 0.0000, 0.0000, 0.0000
ATT: -952, -112, 23150
GPS: 0, 0, 0, 0.0000000, 0.0000000, 0, 1.2400, 0.0000, 0.0000, 0.0000
ATT: -952, -112, 23150
GPS: 0, 0, 0, 0.0000000, 0.0000000, 0, 1.2400, 0.0000, 0.0000, 0.0000
ATT: -949, -110, 23153
GPS: 0, 0, 0, 0.0000000, 0.0000000, 0, 1.2400, 0.0000, 0.0000, 0.0000
ATT: -955, -111, 23153
GPS: 0, 0, 0, 0.0000000, 0.0000000, 0, 1.1500, 0.0000, 0.0000, 0.0000
ATT: -952, -110, 23155
GPS: 0, 0, 0, 0.0000000, 0.0000000, 0, 1.0600, 0.0000, 0.0000, 0.0000
ATT: -956, -110, 23156
GPS: 0, 0, 0, 0.0000000, 0.0000000, 0, 1.0600, 0.0000, 0.0000, 0.0000
ATT: -956, -110, 23159
GPS: 0, 0, 0, 0.0000000, 0.0000000, 0, 1.0600, 0.0000, 0.0000, 0.0000
ATT: -965, -111, 23160
GPS: 0, 0, 0, 0.0000000, 0.0000000, 0, 0.9700, 0.0000, 0.0000, 0.0000
ATT: -963, -111, 23163
GPS: 0, 0, 0, 0.0000000, 0.0000000, 0, 0.9700, 0.0000, 0.0000, 0.0000
ATT: -959, -110, 23165
GPS: 0, 0, 0, 0.0000000, 0.0000000, 0, 0.9700, 0.0000, 0.0000, 0.0000
ATT: -957, -108, 23167
GPS: 0, 0, 0, 0.0000000, 0.0000000, 0, 0.9700, 0.0000, 0.0000, 0.0000
ATT: -957, -108, 23168
GPS: 0, 0, 0, 0.0000000, 0.0000000, 0, 0.9700, 0.0000, 0.0000, 0.0000
ATT: -959, -109, 23168
GPS: 0, 0, 0, 0.0000000, 0.0000000, 0, 0.9700, 0.0000, 0.0000, 0.0000
ATT: -959, -110, 23169
GPS: 0, 0, 0, 0.0000000, 0.0000000, 0, 0.9700, 0.0000, 0.0000, 0.0000
ATT: -959, -110, 23169
GPS: 0, 0, 0, 0.0000000, 0.0000000, 0, 0.9700, 0.0000, 0.0000, 0.0000
ATT: -954, -108, 23171
GPS: 0, 0, 0, 0.0000000, 0.0000000, 0, 0.9700, 0.0000, 0.0000, 0.0000
ATT: -960, -109, 23172
GPS: 0, 0, 0, 0.0000000, 0.0000000, 0, 0.9700, 0.0000, 0.0000, 0.0000
ATT: -956, -108, 23173
GPS: 0, 0, 0, 0.0000000, 0.0000000, 0, 0.8800, 0.0000, 0.0000, 0.0000
ATT: -962, -109, 23173
GPS: 0, 0, 0, 0.0000000, 0.0000000, 0, 0.8800, 0.0000, 0.0000, 0.0000
ATT: -959, -108, 23174
GPS: 0, 0, 0, 0.0000000, 0.0000000, 0, 0.8800, 0.0000, 0.0000, 0.0000
ATT: -968, -109, 23173
GPS: 0, 0, 0, 0.0000000, 0.0000000, 0, 0.8800, 0.0000, 0.0000, 0.0000
ATT: -961, -107, 23175
GPS: 0, 0, 0, 0.0000000, 0.0000000, 0, 0.8800, 0.0000, 0.0000, 0.0000
ATT: -963, -108, 23175
GPS: 0, 0, 0, 0.0000000, 0.0000000, 0, 0.8800, 0.0000, 0.0000, 0.0000
ATT: -963, -108, 23176
GPS: 0, 0, 0, 0.0000000, 0.0000000, 0, 0.8800, 0.0000, 0.0000, 0.0000
ATT: -962, -107, 23176
GPS: 0, 0, 0, 0.0000000, 0.0000000, 0, 0.8800, 0.0000, 0.0000, 0.0000
ATT: -963, -108, 23176
GPS: 0, 0, 0, 0.0000000, 0.0000000, 0, 0.8800, 0.0000, 0.0000, 0.0000
ATT: -966, -108, 23177
GPS: 0, 0, 0, 0.0000000, 0.0000000, 0, 0.8800, 0.0000, 0.0000, 0.0000
ATT: -965, -108, 23178
GPS: 0, 0, 0, 0.0000000, 0.0000000, 0, 0.8800, 0.0000, 0.0000, 0.0000
ATT: -966, -108, 23179
GPS: 0, 0, 0, 0.0000000, 0.0000000, 0, 0.8800, 0.0000, 0.0000, 0.0000
ATT: -965, -108, 23179
GPS: 0, 0, 0, 0.0000000, 0.0000000, 0, 0.8800, 0.0000, 0.0000, 0.0000
ATT: -964, -109, 23179
GPS: 0, 0, 0, 0.0000000, 0.0000000, 0, 0.8800, 0.0000, 0.0000, 0.0000
ATT: -965, -108, 23179
GPS: 0, 0, 0, 0.0000000, 0.0000000, 0, 0.9700, 0.0000, 0.0000, 0.0000
ATT: -961, -108, 23179
GPS: 0, 0, 0, 0.0000000, 0.0000000, 0, 0.9700, 0.0000, 0.0000, 0.0000
ATT: -962, -107, 23179
GPS: 0, 0, 0, 0.0000000, 0.0000000, 0, 0.9700, 0.0000, 0.0000, 0.0000
ATT: -962, -108, 23179
GPS: 0, 0, 0, 0.0000000, 0.0000000, 0, 0.9700, 0.0000, 0.0000, 0.0000
ATT: -959, -107, 23179
GPS: 0, 0, 0, 0.0000000, 0.0000000, 0, 0.9700, 0.0000, 0.0000, 0.0000
ATT: -960, -107, 23179
GPS: 0, 0, 0, 0.0000000, 0.0000000, 0, 0.9700, 0.0000, 0.0000, 0.0000
ATT: -958, -106, 23179
GPS: 0, 0, 0, 0.0000000, 0.0000000, 0, 0.9700, 0.0000, 0.0000, 0.0000
ATT: -957, -105, 23179
GPS: 0, 0, 0, 0.0000000, 0.0000000, 0, 0.9700, 0.0000, 0.0000, 0.0000
ATT: -955, -104, 23179
GPS: 0, 0, 0, 0.0000000, 0.0000000, 0, 0.9700, 0.0000, 0.0000, 0.0000
ATT: -955, -103, 23179
GPS: 0, 0, 0, 0.0000000, 0.0000000, 0, 0.9700, 0.0000, 0.0000, 0.0000
ATT: -954, -102, 23179
GPS: 0, 0, 0, 0.0000000, 0.0000000, 0, 0.9700, 0.0000, 0.0000, 0.0000
ATT: -954, -101, 23179
GPS: 0, 0, 0, 0.0000000, 0.0000000, 0, 0.9700, 0.0000, 0.0000, 0.0000
ATT: -951, -99, 23179
GPS: 0, 0, 0, 0.0000000, 0.0000000, 0, 0.9700, 0.0000, 0.0000, 0.0000
ATT: -951, -100, 23179
GPS: 0, 0, 0, 0.0000000, 0.0000000, 0, 0.9700, 0.0000, 0.0000, 0.0000
ATT: -949, -99, 23179
GPS: 0, 0, 0, 0.0000000, 0.0000000, 0, 0.9700, 0.0000, 0.0000, 0.0000
ATT: -948, -99, 23179
GPS: 0, 0, 0, 0.0000000, 0.0000000, 0, 0.9700, 0.0000, 0.0000, 0.0000
ATT: -946, -96, 23178
GPS: 0, 0, 0, 0.0000000, 0.0000000, 0, 0.9700, 0.0000, 0.0000, 0.0000
ATT: -947, -95, 23178
GPS: 0, 0, 0, 0.0000000, 0.0000000, 0, 0.9700, 0.0000, 0.0000, 0.0000
ATT: -946, -95, 23178
GPS: 0, 0, 0, 0.0000000, 0.0000000, 0, 0.9700, 0.0000, 0.0000, 0.0000
ATT: -945, -96, 23178
GPS: 0, 0, 0, 0.0000000, 0.0000000, 0, 0.9700, 0.0000, 0.0000, 0.0000
ATT: -946, -95, 23178
GPS: 0, 0, 0, 0.0000000, 0.0000000, 0, 0.8800, 0.0000, 0.0000, 0.0000
ATT: -944, -95, 23178
GPS: 0, 0, 0, 0.0000000, 0.0000000, 0, 0.8800, 0.0000, 0.0000, 0.0000
ATT: -945, -95, 23178
GPS: 0, 0, 0, 0.0000000, 0.0000000, 0, 0.8000, 0.0000, 0.0000, 0.0000
ATT: -944, -95, 23178
GPS: 0, 0, 0, 0.0000000, 0.0000000, 0, 0.8000, 0.0000, 0.0000, 0.0000
ATT: -945, -95, 23178
GPS: 0, 0, 0, 0.0000000, 0.0000000, 0, 0.8000, 0.0000, 0.0000, 0.0000
ATT: -942, -95, 23178
GPS: 0, 0, 0, 0.0000000, 0.0000000, 0, 0.8000, 0.0000, 0.0000, 0.0000
ATT: -942, -95, 23178
GPS: 0, 0, 0, 0.0000000, 0.0000000, 0, 0.8800, 0.0000, 0.0000, 0.0000
ATT: -943, -97, 23179
GPS: 0, 0, 0, 0.0000000, 0.0000000, 0, 0.9700, 0.0000, 0.0000, 0.0000
ATT: -943, -94, 23178
GPS: 0, 0, 0, 0.0000000, 0.0000000, 0, 0.9700, 0.0000, 0.0000, 0.0000
ATT: -944, -94, 23178
GPS: 0, 0, 0, 0.0000000, 0.0000000, 0, 0.9700, 0.0000, 0.0000, 0.0000
ATT: -946, -93, 23178
GPS: 0, 0, 0, 0.0000000, 0.0000000, 0, 0.9700, 0.0000, 0.0000, 0.0000
ATT: -948, -92, 23179
GPS: 0, 0, 0, 0.0000000, 0.0000000, 0, 0.9700, 0.0000, 0.0000, 0.0000
ATT: -948, -91, 23179
GPS: 0, 0, 0, 0.0000000, 0.0000000, 0, 0.9700, 0.0000, 0.0000, 0.0000
ATT: -945, -90, 23179
GPS: 0, 0, 0, 0.0000000, 0.0000000, 0, 0.9700, 0.0000, 0.0000, 0.0000
PM:20019,1001,20,0,0,0,0,0,1000,-6,-13,6,0, 
ATT: -944, -89, 23179
GPS: 0, 0, 0, 0.0000000, 0.0000000, 0, 1.0600, 0.0000, 0.0000, 0.0000
ATT: -945, -89, 23179
GPS: 0, 0, 0, 0.0000000, 0.0000000, 0, 1.1500, 0.0000, 0.0000, 0.0000
ATT: -941, -90, 23179
GPS: 0, 0, 0, 0.0000000, 0.0000000, 0, 1.1500, 0.0000, 0.0000, 0.0000
ATT: -939, -89, 23179
GPS: 0, 0, 0, 0.0000000, 0.0000000, 0, 1.1500, 0.0000, 0.0000, 0.0000
ATT: -939, -89, 23179
GPS: 0, 0, 0, 0.0000000, 0.0000000, 0, 1.1500, 0.0000, 0.0000, 0.0000
ATT: -939, -89, 23179
GPS: 0, 0, 0, 0.0000000, 0.0000000, 0, 1.1500, 0.0000, 0.0000, 0.0000
ATT: -938, -89, 23179
GPS: 0, 0, 0, 0.0000000, 0.0000000, 0, 1.2400, 0.0000, 0.0000, 0.0000
ATT: -937, -88, 23179
GPS: 0, 0, 0, 0.0000000, 0.0000000, 0, 1.3300, 0.0000, 0.0000, 0.0000
ATT: -935, -88, 23179
GPS: 0, 0, 0, 0.0000000, 0.0000000, 0, 1.3300, 0.0000, 0.0000, 0.0000
ATT: -935, -87, 23179
GPS: 0, 0, 0, 0.0000000, 0.0000000, 0, 1.3300, 0.0000, 0.0000, 0.0000
ATT: -931, -84, 23178
GPS: 0, 0, 0, 0.0000000, 0.0000000, 0, 1.3300, 0.0000, 0.0000, 0.0000
ATT: -931, -84, 23178
GPS: 0, 0, 0, 0.0000000, 0.0000000, 0, 1.3300, 0.0000, 0.0000, 0.0000
ATT: -929, -81, 23178
GPS: 0, 0, 0, 0.0000000, 0.0000000, 0, 1.3300, 0.0000, 0.0000, 0.0000
ATT: -931, -81, 23178
GPS: 0, 0, 0, 0.0000000, 0.0000000, 0, 1.3300, 0.0000, 0.0000, 0.0000
ATT: -931, -79, 23177
GPS: 0, 0, 0, 0.0000000, 0.0000000, 0, 1.3300, 0.0000, 0.0000, 0.0000
ATT: -932, -80, 23177
GPS: 0, 0, 0, 0.0000000, 0.0000000, 0, 1.3300, 0.0000, 0.0000, 0.0000
ATT: -933, -78, 23177
GPS: 0, 0, 0, 0.0000000, 0.0000000, 0, 1.3300, 0.0000, 0.0000, 0.0000
ATT: -934, -77, 23177
GPS: 0, 0, 0, 0.0000000, 0.0000000, 0, 1.3300, 0.0000, 0.0000, 0.0000
ATT: -933, -76, 23176
GPS: 0, 0, 0, 0.0000000, 0.0000000, 0, 1.3300, 0.0000, 0.0000, 0.0000
ATT: -932, -74, 23176
GPS: 0, 0, 0, 0.0000000, 0.0000000, 0, 1.3300, 0.0000, 0.0000, 0.0000
ATT: -933, -74, 23176
GPS: 0, 0, 0, 0.0000000, 0.0000000, 0, 1.3300, 0.0000, 0.0000, 0.0000
ATT: -931, -73, 23176
GPS: 0, 0, 0, 0.0000000, 0.0000000, 0, 1.3300, 0.0000, 0.0000, 0.0000
ATT: -932, -73, 23175
GPS: 0, 0, 0, 0.0000000, 0.0000000, 0, 1.3300, 0.0000, 0.0000, 0.0000
ATT: -933, -72, 23175
GPS: 0, 0, 0, 0.0000000, 0.0000000, 0, 1.3300, 0.0000, 0.0000, 0.0000
ATT: -932, -72, 23175
GPS: 0, 0, 0, 0.0000000, 0.0000000, 0, 1.3300, 0.0000, 0.0000, 0.0000
ATT: -931, -71, 23175
GPS: 0, 0, 0, 0.0000000, 0.0000000, 0, 1.3300, 0.0000, 0.0000, 0.0000
ATT: -932, -70, 23174
GPS: 0, 0, 0, 0.0000000, 0.0000000, 0, 1.4200, 0.0000, 0.0000, 0.0000
ATT: -931, -68, 23174
GPS: 0, 0, 0, 0.0000000, 0.0000000, 0, 1.4200, 0.0000, 0.0000, 0.0000
ATT: -932, -66, 23173
GPS: 0, 0, 0, 0.0000000, 0.0000000, 0, 1.4200, 0.0000, 0.0000, 0.0000
ATT: -933, -66, 23173
GPS: 0, 0, 0, 0.0000000, 0.0000000, 0, 1.4200, 0.0000, 0.0000, 0.0000
ATT: -932, -66, 23173
GPS: 0, 0, 0, 0.0000000, 0.0000000, 0, 1.4200, 0.0000, 0.0000, 0.0000
ATT: -933, -67, 23173
GPS: 0, 0, 0, 0.0000000, 0.0000000, 0, 1.4200, 0.0000, 0.0000, 0.0000
ATT: -932, -66, 23172
GPS: 0, 0, 0, 0.0000000, 0.0000000, 0, 1.4200, 0.0000, 0.0000, 0.0000
ATT: -931, -66, 23172
GPS: 0, 0, 0, 0.0000000, 0.0000000, 0, 1.4200, 0.0000, 0.0000, 0.0000
ATT: -931, -65, 23172
GPS: 0, 0, 0, 0.0000000, 0.0000000, 0, 1.4200, 0.0000, 0.0000, 0.0000
ATT: -931, -64, 23171
GPS: 0, 0, 0, 0.0000000, 0.0000000, 0, 1.4200, 0.0000, 0.0000, 0.0000
ATT: -932, -63, 23171
GPS: 0, 0, 0, 0.0000000, 0.0000000, 0, 1.4200, 0.0000, 0.0000, 0.0000
ATT: -930, -62, 23171
GPS: 0, 0, 0, 0.0000000, 0.0000000, 0, 1.4200, 0.0000, 0.0000, 0.0000
ATT: -930, -62, 23171
GPS: 0, 0, 0, 0.0000000, 0.0000000, 0, 1.4200, 0.0000, 0.0000, 0.0000
ATT: -930, -63, 23170
GPS: 0, 0, 0, 0.0000000, 0.0000000, 0, 1.4200, 0.0000, 0.0000, 0.0000
ATT: -930, -63, 23170
GPS: 0, 0, 0, 0.0000000, 0.0000000, 0, 1.4200, 0.0000, 0.0000, 0.0000
ATT: -929, -64, 23170
GPS: 0, 0, 0, 0.0000000, 0.0000000, 0, 1.4200, 0.0000, 0.0000, 0.0000
ATT: -929, -65, 23170
GPS: 0, 0, 0, 0.0000000, 0.0000000, 0, 1.4200, 0.0000, 0.0000, 0.0000
ATT: -929, -65, 23170
GPS: 0, 0, 0, 0.0000000, 0.0000000, 0, 1.4200, 0.0000, 0.0000, 0.0000
ATT: -929, -66, 23170
GPS: 0, 0, 0, 0.0000000, 0.0000000, 0, 1.4200, 0.0000, 0.0000, 0.0000
ATT: -927, -64, 23169
GPS: 0, 0, 0, 0.0000000, 0.0000000, 0, 1.4200, 0.0000, 0.0000, 0.0000
ATT: -928, -64, 23169
GPS: 0, 0, 0, 0.0000000, 0.0000000, 0, 1.4200, 0.0000, 0.0000, 0.0000
ATT: -926, -65, 23169
GPS: 0, 0, 0, 0.0000000, 0.0000000, 0, 1.4200, 0.0000, 0.0000, 0.0000
ATT: -925, -64, 23169
GPS: 0, 0, 0, 0.0000000, 0.0000000, 0, 1.4200, 0.0000, 0.0000, 0.0000
ATT: -923, -63, 23168
GPS: 0, 0, 0, 0.0000000, 0.0000000, 0, 1.4200, 0.0000, 0.0000, 0.0000
ATT: -924, -65, 23168
GPS: 0, 0, 0, 0.0000000, 0.0000000, 0, 1.4200, 0.0000, 0.0000, 0.0000
ATT: -923, -63, 23168
GPS: 0, 0, 0, 0.0000000, 0.0000000, 0, 1.4200, 0.0000, 0.0000, 0.0000
ATT: -923, -62, 23168
GPS: 0, 0, 0, 0.0000000, 0.0000000, 0, 1.4200, 0.0000, 0.0000, 0.0000
ATT: -923, -64, 23167
GPS: 0, 0, 0, 0.0000000, 0.0000000, 0, 1.4200, 0.0000, 0.0000, 0.0000
ATT: -923, -64, 23167
GPS: 0, 0, 0, 0.0000000, 0.0000000, 0, 1.4200, 0.0000, 0.0000, 0.0000
ATT: -923, -63, 23167
GPS: 0, 0, 0, 0.0000000, 0.0000000, 0, 1.4200, 0.0000, 0.0000, 0.0000
ATT: -922, -63, 23167
GPS: 0, 0, 0, 0.0000000, 0.0000000, 0, 1.5100, 0.0000, 0.0000, 0.0000
ATT: -923, -65, 23167
GPS: 0, 0, 0, 0.0000000, 0.0000000, 0, 1.5100, 0.0000, 0.0000, 0.0000
ATT: -924, -65, 23167
GPS: 0, 0, 0, 0.0000000, 0.0000000, 0, 1.5100, 0.0000, 0.0000, 0.0000
ATT: -923, -66, 23167
GPS: 0, 0, 0, 0.0000000, 0.0000000, 0, 1.5100, 0.0000, 0.0000, 0.0000
ATT: -922, -66, 23166
GPS: 0, 0, 0, 0.0000000, 0.0000000, 0, 1.5100, 0.0000, 0.0000, 0.0000
ATT: -921, -66, 23166
GPS: 0, 0, 0, 0.0000000, 0.0000000, 0, 1.5100, 0.0000, 0.0000, 0.0000
ATT: -921, -66, 23166
GPS: 0, 0, 0, 0.0000000, 0.0000000, 0, 1.6000, 0.0000, 0.0000, 0.0000
ATT: -920, -66, 23166
GPS: 0, 0, 0, 0.0000000, 0.0000000, 0, 1.6000, 0.0000, 0.0000, 0.0000
ATT: -920, -67, 23166
GPS: 0, 0, 0, 0.0000000, 0.0000000, 0, 1.6000, 0.0000, 0.0000, 0.0000
ATT: -921, -68, 23166
GPS: 0, 0, 0, 0.0000000, 0.0000000, 0, 1.6000, 0.0000, 0.0000, 0.0000
ATT: -919, -67, 23165
GPS: 0, 0, 0, 0.0000000, 0.0000000, 0, 1.6000, 0.0000, 0.0000, 0.0000
ATT: -920, -68, 23165
GPS: 0, 0, 0, 0.0000000, 0.0000000, 0, 1.6000, 0.0000, 0.0000, 0.0000
ATT: -922, -68, 23165
GPS: 0, 0, 0, 0.0000000, 0.0000000, 0, 1.5100, 0.0000, 0.0000, 0.0000
ATT: -922, -69, 23165
GPS: 0, 0, 0, 0.0000000, 0.0000000, 0, 1.5100, 0.0000, 0.0000, 0.0000
ATT: -924, -70, 23165
GPS: 0, 0, 0, 0.0000000, 0.0000000, 0, 1.5100, 0.0000, 0.0000, 0.0000
ATT: -924, -72, 23165
GPS: 0, 0, 0, 0.0000000, 0.0000000, 0, 1.5100, 0.0000, 0.0000, 0.0000
ATT: -921, -71, 23165
GPS: 0, 0, 0, 0.0000000, 0.0000000, 0, 1.6900, 0.0000, 0.0000, 0.0000
ATT: -919, -71, 23165
GPS: 0, 0, 0, 0.0000000, 0.0000000, 0, 1.7800, 0.0000, 0.0000, 0.0000
ATT: -916, -71, 23165
GPS: 0, 0, 0, 0.0000000, 0.0000000, 0, 1.8600, 0.0000, 0.0000, 0.0000
ATT: -912, -71, 23165
GPS: 0, 0, 0, 0.0000000, 0.0000000, 0, 1.8600, 0.0000, 0.0000, 0.0000
ATT: -916, -73, 23165
GPS: 0, 0, 0, 0.0000000, 0.0000000, 0, 1.8600, 0.0000, 0.0000, 0.0000
ATT: -917, -75, 23165
GPS: 0, 0, 0, 0.0000000, 0.0000000, 0, 1.8600, 0.0000, 0.0000, 0.0000
ATT: -917, -76, 23165
GPS: 0, 0, 0, 0.0000000, 0.0000000, 0, 1.8600, 0.0000, 0.0000, 0.0000
ATT: -919, -76, 23165
GPS: 0, 0, 0, 0.0000000, 0.0000000, 0, 1.8600, 0.0000, 0.0000, 0.0000
ATT: -920, -78, 23165
GPS: 0, 0, 0, 0.0000000, 0.0000000, 0, 1.8600, 0.0000, 0.0000, 0.0000
ATT: -920, -80, 23165
GPS: 0, 0, 0, 0.0000000, 0.0000000, 0, 1.8600, 0.0000, 0.0000, 0.0000
ATT: -920, -80, 23166
GPS: 0, 0, 0, 0.0000000, 0.0000000, 0, 2.0400, 0.0000, 0.0000, 0.0000
ATT: -921, -82, 23166
GPS: 0, 0, 0, 0.0000000, 0.0000000, 0, 2.1300, 0.0000, 0.0000, 0.0000
ATT: -921, -82, 23166
GPS: 0, 0, 0, 0.0000000, 0.0000000, 0, 2.2200, 0.0000, 0.0000, 0.0000
ATT: -923, -84, 23166
GPS: 0, 0, 0, 0.0000000, 0.0000000, 0, 2.2200, 0.0000, 0.0000, 0.0000
ATT: -924, -84, 23166
GPS: 0, 0, 0, 0.0000000, 0.0000000, 0, 2.2200, 0.0000, 0.0000, 0.0000
ATT: -923, -84, 23166
GPS: 0, 0, 0, 0.0000000, 0.0000000, 0, 2.2200, 0.0000, 0.0000, 0.0000
MOD:Manual
ATT: -922, -84, 23166
GPS: 0, 0, 0, 0.0000000, 0.0000000, 0, 2.2200, 0.0000, 0.0000, 0.0000
ATT: -926, -85, 23166
GPS: 0, 0, 0, 0.0000000, 0.0000000, 0, 2.2200, 0.0000, 0.0000, 0.0000
ATT: -924, -84, 23167
GPS: 0, 0, 0, 0.0000000, 0.0000000, 0, 2.2200, 0.0000, 0.0000, 0.0000
ATT: -929, -85, 23167
GPS: 0, 0, 0, 0.0000000, 0.0000000, 0, 2.2200, 0.0000, 0.0000, 0.0000
ATT: -927, -86, 23167
GPS: 0, 0, 0, 0.0000000, 0.0000000, 0, 2.2200, 0.0000, 0.0000, 0.0000
ATT: -928, -87, 23167
GPS: 0, 0, 0, 0.0000000, 0.0000000, 0, 2.2200, 0.0000, 0.0000, 0.0000
ATT: -929, -88, 23167
GPS: 0, 0, 0, 0.0000000, 0.0000000, 0, 2.2200, 0.0000, 0.0000, 0.0000
ATT: -929, -89, 23168
GPS: 0, 0, 0, 0.0000000, 0.0000000, 0, 2.2200, 0.0000, 0.0000, 0.0000
ATT: -929, -90, 23168
GPS: 0, 0, 0, 0.0000000, 0.0000000, 0, 2.2200, 0.0000, 0.0000, 0.0000
ATT: -930, -91, 23168
GPS: 0, 0, 0, 0.0000000, 0.0000000, 0, 2.2200, 0.0000, 0.0000, 0.0000
ATT: -932, -92, 23168
GPS: 0, 0, 0, 0.0000000, 0.0000000, 0, 2.2200, 0.0000, 0.0000, 0.0000
ATT: -933, -93, 23168
GPS: 0, 0, 0, 0.0000000, 0.0000000, 0, 2.2200, 0.0000, 0.0000, 0.0000
ATT: -933, -94, 23169
GPS: 0, 0, 0, 0.0000000, 0.0000000, 0, 2.2200, 0.0000, 0.0000, 0.0000
ATT: -934, -94, 23169
GPS: 0, 0, 0, 0.0000000, 0.0000000, 0, 2.2200, 0.0000, 0.0000, 0.0000
ATT: -934, -95, 23169
GPS: 0, 0, 0, 0.0000000, 0.0000000, 0, 2.2200, 0.0000, 0.0000, 0.0000
ATT: -933, -94, 23169
GPS: 0, 0, 0, 0.0000000, 0.0000000, 0, 2.2200, 0.0000, 0.0000, 0.0000
ATT: -934, -95, 23170
GPS: 0, 0, 0, 0.0000000, 0.0000000, 0, 2.2200, 0.0000, 0.0000, 0.0000
ATT: -934, -95, 23170
GPS: 0, 0, 0, 0.0000000, 0.0000000, 0, 2.2200, 0.0000, 0.0000, 0.0000
ATT: -935, -95, 23170
GPS: 0, 0, 0, 0.0000000, 0.0000000, 0, 2.2200, 0.0000, 0.0000, 0.0000
ATT: -936, -96, 23170
GPS: 0, 0, 0, 0.0000000, 0.0000000, 0, 2.2200, 0.0000, 0.0000, 0.0000
ATT: -935, -95, 23170
GPS: 0, 0, 0, 0.0000000, 0.0000000, 0, 2.2200, 0.0000, 0.0000, 0.0000
ATT: -935, -96, 23171
GPS: 0, 0, 0, 0.0000000, 0.0000000, 0, 2.2200, 0.0000, 0.0000, 0.0000
ATT: -935, -96, 23171
GPS: 0, 0, 0, 0.0000000, 0.0000000, 0, 2.2200, 0.0000, 0.0000, 0.0000
ATT: -935, -97, 23171
GPS: 0, 0, 0, 0.0000000, 0.0000000, 0, 2.2200, 0.0000, 0.0000, 0.0000
ATT: -936, -97, 23171
GPS: 0, 0, 0, 0.0000000, 0.0000000, 0, 2.2200, 0.0000, 0.0000, 0.0000
ATT: -937, -98, 23171
GPS: 0, 0, 0, 0.0000000, 0.0000000, 0, 2.2200, 0.0000, 0.0000, 0.0000
ATT: -936, -98, 23171
GPS: 0, 0, 0, 0.0000000, 0.0000000, 0, 2.2200, 0.0000, 0.0000, 0.0000
ATT: -937, -98, 23172
GPS: 0, 0, 0, 0.0000000, 0.0000000, 0, 2.2200, 0.0000, 0.0000, 0.0000
ATT: -937, -98, 23172
GPS: 0, 0, 0, 0.0000000, 0.0000000, 0, 2.2200, 0.0000, 0.0000, 0.0000
ATT: -936, -99, 23172
GPS: 0, 0, 0, 0.0000000, 0.0000000, 0, 2.2200, 0.0000, 0.0000, 0.0000
ATT: -937, -99, 23172
GPS: 0, 0, 0, 0.0000000, 0.0000000, 0, 2.2200, 0.0000, 0.0000, 0.0000
ATT: -936, -99, 23172
GPS: 0, 0, 0, 0.0000000, 0.0000000, 0, 2.2200, 0.0000, 0.0000, 0.0000
ATT: -936, -99, 23173
GPS: 0, 0, 0, 0.0000000, 0.0000000, 0, 2.1300, 0.0000, 0.0000, 0.0000
ATT: -936, -100, 23173
GPS: 0, 0, 0, 0.0000000, 0.0000000, 0, 2.1300, 0.0000, 0.0000, 0.0000
ATT: -938, -100, 23173
GPS: 0, 0, 0, 0.0000000, 0.0000000, 0, 2.0400, 0.0000, 0.0000, 0.0000
ATT: -938, -100, 23173
GPS: 0, 0, 0, 0.0000000, 0.0000000, 0, 2.0400, 0.0000, 0.0000, 0.0000
ATT: -939, -101, 23173
GPS: 0, 0, 0, 0.0000000, 0.0000000, 0, 2.0400, 0.0000, 0.0000, 0.0000
ATT: -940, -101, 23174
GPS: 0, 0, 0, 0.0000000, 0.0000000, 0, 2.0400, 0.0000, 0.0000, 0.0000
ATT: -940, -101, 23174
GPS: 0, 0, 0, 0.0000000, 0.0000000, 0, 2.0400, 0.0000, 0.0000, 0.0000
ATT: -941, -101, 23174
GPS: 0, 0, 0, 0.0000000, 0.0000000, 0, 2.0400, 0.0000, 0.0000, 0.0000
ATT: -940, -101, 23174
GPS: 0, 0, 0, 0.0000000, 0.0000000, 0, 2.0400, 0.0000, 0.0000, 0.0000
ATT: -942, -102, 23174
GPS: 0, 0, 0, 0.0000000, 0.0000000, 0, 2.0400, 0.0000, 0.0000, 0.0000
ATT: -942, -102, 23175
GPS: 0, 0, 0, 0.0000000, 0.0000000, 0, 1.8600, 0.0000, 0.0000, 0.0000
ATT: -942, -102, 23175
GPS: 0, 0, 0, 0.0000000, 0.0000000, 0, 1.7800, 0.0000, 0.0000, 0.0000
ATT: -941, -102, 23175
GPS: 0, 0, 0, 0.0000000, 0.0000000, 0, 1.6000, 0.0000, 0.0000, 0.0000
ATT: -940, -102, 23175
GPS: 0, 0, 0, 0.0000000, 0.0000000, 0, 1.5100, 0.0000, 0.0000, 0.0000
ATT: -941, -102, 23176
GPS: 0, 0, 0, 0.0000000, 0.0000000, 0, 1.4200, 0.0000, 0.0000, 0.0000
ATT: -938, -100, 23176
GPS: 0, 0, 0, 0.0000000, 0.0000000, 0, 1.3300, 0.0000, 0.0000, 0.0000
ATT: -938, -101, 23176
GPS: 0, 0, 0, 0.0000000, 0.0000000, 0, 1.3300, 0.0000, 0.0000, 0.0000
ATT: -938, -101, 23176
GPS: 0, 0, 0, 0.0000000, 0.0000000, 0, 1.3300, 0.0000, 0.0000, 0.0000
ATT: -937, -101, 23177
GPS: 0, 0, 0, 0.0000000, 0.0000000, 0, 1.3300, 0.0000, 0.0000, 0.0000
ATT: -938, -101, 23177
GPS: 0, 0, 0, 0.0000000, 0.0000000, 0, 1.3300, 0.0000, 0.0000, 0.0000
ATT: -937, -101, 23177
GPS: 0, 0, 0, 0.0000000, 0.0000000, 0, 1.3300, 0.0000, 0.0000, 0.0000
ATT: -937, -99, 23178
GPS: 0, 0, 0, 0.0000000, 0.0000000, 0, 1.3300, 0.0000, 0.0000, 0.0000
ATT: -936, -99, 23178
GPS: 0, 0, 0, 0.0000000, 0.0000000, 0, 1.3300, 0.0000, 0.0000, 0.0000
ATT: -933, -99, 23178
GPS: 0, 0, 0, 0.0000000, 0.0000000, 0, 1.3300, 0.0000, 0.0000, 0.0000
ATT: -935, -100, 23178
GPS: 0, 0, 0, 0.0000000, 0.0000000, 0, 1.3300, 0.0000, 0.0000, 0.0000
ATT: -934, -100, 23179
GPS: 0, 0, 0, 0.0000000, 0.0000000, 0, 1.3300, 0.0000, 0.0000, 0.0000
ATT: -934, -100, 23179
GPS: 0, 0, 0, 0.0000000, 0.0000000, 0, 1.3300, 0.0000, 0.0000, 0.0000
ATT: -931, -98, 23179
GPS: 0, 0, 0, 0.0000000, 0.0000000, 0, 1.3300, 0.0000, 0.0000, 0.0000
ATT: -931, -98, 23179
GPS: 0, 0, 0, 0.0000000, 0.0000000, 0, 1.3300, 0.0000, 0.0000, 0.0000
ATT: -931, -99, 23180
GPS: 0, 0, 0, 0.0000000, 0.0000000, 0, 1.3300, 0.0000, 0.0000, 0.0000
ATT: -931, -98, 23180
GPS: 0, 0, 0, 0.0000000, 0.0000000, 0, 1.3300, 0.0000, 0.0000, 0.0000
ATT: -931, -98, 23180
GPS: 0, 0, 0, 0.0000000, 0.0000000, 0, 1.3300, 0.0000, 0.0000, 0.0000
ATT: -929, -98, 23180
GPS: 0, 0, 0, 0.0000000, 0.0000000, 0, 1.4200, 0.0000, 0.0000, 0.0000
ATT: -928, -98, 23180
GPS: 0, 0, 0, 0.0000000, 0.0000000, 0, 1.4200, 0.0000, 0.0000, 0.0000
ATT: -928, -97, 23180
GPS: 0, 0, 0, 0.0000000, 0.0000000, 0, 1.4200, 0.0000, 0.0000, 0.0000
ATT: -928, -97, 23181
GPS: 0, 0, 0, 0.0000000, 0.0000000, 0, 1.4200, 0.0000, 0.0000, 0.0000
ATT: -929, -97, 23181
GPS: 0, 0, 0, 0.0000000, 0.0000000, 0, 1.4200, 0.0000, 0.0000, 0.0000
ATT: -928, -97, 23181
GPS: 0, 0, 0, 0.0000000, 0.0000000, 0, 1.4200, 0.0000, 0.0000, 0.0000
ATT: -927, -96, 23181
GPS: 0, 0, 0, 0.0000000, 0.0000000, 0, 1.4200, 0.0000, 0.0000, 0.0000
ATT: -930, -95, 23181
GPS: 0, 0, 0, 0.0000000, 0.0000000, 0, 1.4200, 0.0000, 0.0000, 0.0000
ATT: -927, -93, 23181
GPS: 0, 0, 0, 0.0000000, 0.0000000, 0, 1.4200, 0.0000, 0.0000, 0.0000
ATT: -929, -94, 23181
GPS: 0, 0, 0, 0.0000000, 0.0000000, 0, 1.4200, 0.0000, 0.0000, 0.0000
ATT: -927, -94, 23181
GPS: 0, 0, 0, 0.0000000, 0.0000000, 0, 1.4200, 0.0000, 0.0000, 0.0000
ATT: -928, -94, 23181
GPS: 0, 0, 0, 0.0000000, 0.0000000, 0, 1.4200, 0.0000, 0.0000, 0.0000
ATT: -929, -94, 23182
GPS: 0, 0, 0, 0.0000000, 0.0000000, 0, 1.4200, 0.0000, 0.0000, 0.0000
ATT: -926, -93, 23182
GPS: 0, 0, 0, 0.0000000, 0.0000000, 0, 1.4200, 0.0000, 0.0000, 0.0000
ATT: -929, -94, 23182
GPS: 0, 0, 0, 0.0000000, 0.0000000, 0, 1.4200, 0.0000, 0.0000, 0.0000
ATT: -928, -93, 23183
GPS: 0, 0, 0, 0.0000000, 0.0000000, 0, 1.4200, 0.0000, 0.0000, 0.0000
ATT: -931, -94, 23183
GPS: 0, 0, 0, 0.0000000, 0.0000000, 0, 1.4200, 0.0000, 0.0000, 0.0000
ATT: -930, -94, 23183
GPS: 0, 0, 0, 0.0000000, 0.0000000, 0, 1.4200, 0.0000, 0.0000, 0.0000
ATT: -930, -94, 23183
GPS: 0, 0, 0, 0.0000000, 0.0000000, 0, 1.4200, 0.0000, 0.0000, 0.0000
ATT: -930, -94, 23183
GPS: 0, 0, 0, 0.0000000, 0.0000000, 0, 1.4200, 0.0000, 0.0000, 0.0000
ATT: -929, -95, 23183
GPS: 0, 0, 0, 0.0000000, 0.0000000, 0, 1.4200, 0.0000, 0.0000, 0.0000
ATT: -931, -94, 23183
GPS: 0, 0, 0, 0.0000000, 0.0000000, 0, 1.4200, 0.0000, 0.0000, 0.0000
ATT: -926, -93, 23183
GPS: 0, 0, 0, 0.0000000, 0.0000000, 0, 1.5100, 0.0000, 0.0000, 0.0000
ATT: -929, -93, 23184
GPS: 0, 0, 0, 0.0000000, 0.0000000, 0, 1.5100, 0.0000, 0.0000, 0.0000
ATT: -927, -91, 23183
GPS: 0, 0, 0, 0.0000000, 0.0000000, 0, 1.5100, 0.0000, 0.0000, 0.0000
ATT: -929, -90, 23183
GPS: 0, 0, 0, 0.0000000, 0.0000000, 0, 1.5100, 0.0000, 0.0000, 0.0000
ATT: -928, -91, 23184
GPS: 0, 0, 0, 0.0000000, 0.0000000, 0, 1.5100, 0.0000, 0.0000, 0.0000
ATT: -927, -91, 23184
GPS: 0, 0, 0, 0.0000000, 0.0000000, 0, 1.5100, 0.0000, 0.0000, 0.0000
ATT: -926, -89, 23184
GPS: 0, 0, 0, 0.0000000, 0.0000000, 0, 1.5100, 0.0000, 0.0000, 0.0000
ATT: -927, -89, 23184
GPS: 0, 0, 0, 0.0000000, 0.0000000, 0, 1.5100, 0.0000, 0.0000, 0.0000
ATT: -926, -88, 23184
GPS: 0, 0, 0, 0.0000000, 0.0000000, 0, 1.5100, 0.0000, 0.0000, 0.0000
ATT: -927, -89, 23184
GPS: 0, 0, 0, 0.0000000, 0.0000000, 0, 1.5100, 0.0000, 0.0000, 0.0000
ATT: -927, -90, 23184
GPS: 0, 0, 0, 0.0000000, 0.0000000, 0, 1.5100, 0.0000, 0.0000, 0.0000
ATT: -928, -90, 23184
GPS: 0, 0, 0, 0.0000000, 0.0000000, 0, 1.5100, 0.0000, 0.0000, 0.0000
ATT: -930, -90, 23184
GPS: 0, 0, 0, 0.0000000, 0.0000000, 0, 1.5100, 0.0000, 0.0000, 0.0000
ATT: -929, -90, 23184
GPS: 0, 0, 0, 0.0000000, 0.0000000, 0, 1.5100, 0.0000, 0.0000, 0.0000
ATT: -930, -90, 23185
GPS: 0, 0, 0, 0.0000000, 0.0000000, 0, 1.5100, 0.0000, 0.0000, 0.0000
ATT: -929, -91, 23185
GPS: 0, 0, 0, 0.0000000, 0.0000000, 0, 1.5100, 0.0000, 0.0000, 0.0000
ATT: -930, -91, 23185
GPS: 0, 0, 0, 0.0000000, 0.0000000, 0, 1.5100, 0.0000, 0.0000, 0.0000
ATT: -930, -91, 23185
GPS: 0, 0, 0, 0.0000000, 0.0000000, 0, 1.5100, 0.0000, 0.0000, 0.0000
ATT: -929, -92, 23185
GPS: 0, 0, 0, 0.0000000, 0.0000000, 0, 1.5100, 0.0000, 0.0000, 0.0000
ATT: -927, -92, 23185
GPS: 0, 0, 0, 0.0000000, 0.0000000, 0, 1.5100, 0.0000, 0.0000, 0.0000
ATT: -926, -93, 23186
GPS: 0, 0, 0, 0.0000000, 0.0000000, 0, 1.5100, 0.0000, 0.0000, 0.0000
ATT: -937, -98, 23191
GPS: 0, 0, 0, 0.0000000, 0.0000000, 0, 1.5100, 0.0000, 0.0000, 0.0000
ATT: -981, -376, 23299
GPS: 0, 0, 0, 0.0000000, 0.0000000, 0, 1.6900, 0.0000, 0.0000, 0.0000
ATT: -1055, -815, 23363
GPS: 0, 0, 0, 0.0000000, 0.0000000, 0, 1.7800, 0.0000, 0.0000, 0.0000
ATT: -993, -1236, 23415
GPS: 0, 0, 0, 0.0000000, 0.0000000, 0, 1.7800, 0.0000, 0.0000, 0.0000
ATT: -878, -1624, 23548
GPS: 0, 0, 0, 0.0000000, 0.0000000, 0, 1.7800, 0.0000, 0.0000, 0.0000
PM:20019,1001,20,0,0,0,0,0,1000,-7,-12,6,0, 
ATT: -832, -2039, 23653
GPS: 0, 0, 0, 0.0000000, 0.0000000, 0, 1.7800, 0.0000, 0.0000, 0.0000
ATT: -871, -2528, 23597
GPS: 0, 0, 0, 0.0000000, 0.0000000, 0, 1.7800, 0.0000, 0.0000, 0.0000
ATT: -936, -3243, 23429
GPS: 0, 0, 0, 0.0000000, 0.0000000, 0, 1.8600, 0.0000, 0.0000, 0.0000
ATT: -804, -4269, 23140
GPS: 0, 0, 0, 0.0000000, 0.0000000, 0, 1.8600, 0.0000, 0.0000, 0.0000
ATT: -25, -5345, 22303
GPS: 0, 0, 0, 0.0000000, 0.0000000, 0, 1.8600, 0.0000, 0.0000, 0.0000
MOD:Stabilize
ATT: 1943, -6080, 20189
GPS: 0, 0, 0, 0.0000000, 0.0000000, 0, 1.8600, 0.0000, 0.0000, 0.0000
ATT: 4358, -6029, 17725
GPS: 0, 0, 0, 0.0000000, 0.0000000, 0, 1.8600, 0.0000, 0.0000, 0.0000
ATT: 5968, -5617, 16464
GPS: 0, 0, 0, 0.0000000, 0.0000000, 0, 1.8600, 0.0000, 0.0000, 0.0000
ATT: 6722, -5159, 16195
GPS: 0, 0, 0, 0.0000000, 0.0000000, 0, 1.8600, 0.0000, 0.0000, 0.0000
ATT: 6748, -4829, 16501
GPS: 0, 0, 0, 0.0000000, 0.0000000, 0, 1.8600, 0.0000, 0.0000, 0.0000
ATT: 6566, -4572, 16644
GPS: 0, 0, 0, 0.0000000, 0.0000000, 0, 1.8600, 0.0000, 0.0000, 0.0000
ATT: 6658, -4235, 16184
GPS: 0, 0, 0, 0.0000000, 0.0000000, 0, 1.8600, 0.0000, 0.0000, 0.0000
ATT: 6732, -3977, 15525
GPS: 0, 0, 0, 0.0000000, 0.0000000, 0, 1.8600, 0.0000, 0.0000, 0.0000
ATT: 6614, -3823, 14908
GPS: 0, 0, 0, 0.0000000, 0.0000000, 0, 1.8600, 0.0000, 0.0000, 0.0000
ATT: 6270, -3620, 14538
GPS: 0, 0, 0, 0.0000000, 0.0000000, 0, 2.0400, 0.0000, 0.0000, 0.0000
ATT: 6115, -3725, 14127
GPS: 0, 0, 0, 0.0000000, 0.0000000, 0, 2.1300, 0.0000, 0.0000, 0.0000
ATT: 6327, -4161, 13327
GPS: 0, 0, 0, 0.0000000, 0.0000000, 0, 2.2200, 0.0000, 0.0000, 0.0000
ATT: 6714, -4324, 12244
GPS: 0, 0, 0, 0.0000000, 0.0000000, 0, 2.3100, 0.0000, 0.0000, 0.0000
ATT: 6946, -4100, 11336
GPS: 0, 0, 0, 0.0000000, 0.0000000, 0, 2.4000, 0.0000, 0.0000, 0.0000
ATT: 7046, -3824, 10679
GPS: 0, 0, 0, 0.0000000, 0.0000000, 0, 2.4900, 0.0000, 0.0000, 0.0000
ATT: 7043, -3648, 10214
GPS: 0, 0, 0, 0.0000000, 0.0000000, 0, 2.5800, 0.0000, 0.0000, 0.0000
ATT: 6851, -3504, 10050
GPS: 0, 0, 0, 0.0000000, 0.0000000, 0, 2.5800, 0.0000, 0.0000, 0.0000
ATT: 6729, -3464, 10005
GPS: 0, 0, 0, 0.0000000, 0.0000000, 0, 2.5800, 0.0000, 0.0000, 0.0000
ATT: 6661, -3486, 9961
GPS: 0, 0, 0, 0.0000000, 0.0000000, 0, 2.5800, 0.0000, 0.0000, 0.0000
ATT: 6540, -3450, 9905
GPS: 0, 0, 0, 0.0000000, 0.0000000, 0, 2.5800, 0.0000, 0.0000, 0.0000
ATT: 6437, -3417, 9781
GPS: 0, 0, 0, 0.0000000, 0.0000000, 0, 2.5800, 0.0000, 0.0000, 0.0000
ATT: 6309, -3380, 9707
GPS: 0, 0, 0, 0.0000000, 0.0000000, 0, 2.5800, 0.0000, 0.0000, 0.0000
ATT: 6174, -3304, 9707
GPS: 0, 0, 0, 0.0000000, 0.0000000, 0, 2.5800, 0.0000, 0.0000, 0.0000
ATT: 6073, -3199, 9727
GPS: 0, 0, 0, 0.0000000, 0.0000000, 0, 2.5800, 0.0000, 0.0000, 0.0000
ATT: 5977, -3078, 9787
GPS: 0, 0, 0, 0.0000000, 0.0000000, 0, 2.5800, 0.0000, 0.0000, 0.0000
ATT: 5919, -3005, 9795
GPS: 0, 0, 0, 0.0000000, 0.0000000, 0, 2.6700, 0.0000, 0.0000, 0.0000
ATT: 5875, -2974, 9780
GPS: 0, 0, 0, 0.0000000, 0.0000000, 0, 2.6700, 0.0000, 0.0000, 0.0000
ATT: 5826, -2963, 9780
GPS: 0, 0, 0, 0.0000000, 0.0000000, 0, 2.7500, 0.0000, 0.0000, 0.0000
ATT: 5723, -2968, 9817
GPS: 0, 0, 0, 0.0000000, 0.0000000, 0, 2.7500, 0.0000, 0.0000, 0.0000
ATT: 5624, -3023, 9880
GPS: 0, 0, 0, 0.0000000, 0.0000000, 0, 2.7500, 0.0000, 0.0000, 0.0000
ATT: 5565, -3110, 9945
GPS: 0, 0, 0, 0.0000000, 0.0000000, 0, 2.7500, 0.0000, 0.0000, 0.0000
ATT: 5559, -3181, 9957
GPS: 0, 0, 0, 0.0000000, 0.0000000, 0, 2.7500, 0.0000, 0.0000, 0.0000
ATT: 5554, -3211, 9933
GPS: 0, 0, 0, 0.0000000, 0.0000000, 0, 2.7500, 0.0000, 0.0000, 0.0000
MOD:Manual
ATT: 5548, -3230, 9936
GPS: 0, 0, 0, 0.0000000, 0.0000000, 0, 2.7500, 0.0000, 0.0000, 0.0000
ATT: 5568, -3272, 9947
GPS: 0, 0, 0, 0.0000000, 0.0000000, 0, 2.7500, 0.0000, 0.0000, 0.0000
ATT: 5608, -3295, 9982
GPS: 0, 0, 0, 0.0000000, 0.0000000, 0, 2.7500, 0.0000, 0.0000, 0.0000
ATT: 5569, -3254, 10078
GPS: 0, 0, 0, 0.0000000, 0.0000000, 0, 2.7500, 0.0000, 0.0000, 0.0000
ATT: 5438, -3249, 10139
GPS: 0, 0, 0, 0.0000000, 0.0000000, 0, 2.8400, 0.0000, 0.0000, 0.0000
ATT: 5253, -3216, 10223
GPS: 0, 0, 0, 0.0000000, 0.0000000, 0, 2.8400, 0.0000, 0.0000, 0.0000
ATT: 5173, -3186, 10264
GPS: 0, 0, 0, 0.0000000, 0.0000000, 0, 2.8400, 0.0000, 0.0000, 0.0000
ATT: 5141, -3159, 10300
GPS: 0, 0, 0, 0.0000000, 0.0000000, 0, 2.8400, 0.0000, 0.0000, 0.0000
ATT: 5047, -3124, 10381
GPS: 0, 0, 0, 0.0000000, 0.0000000, 0, 2.8400, 0.0000, 0.0000, 0.0000
ATT: 4932, -3098, 10424
GPS: 0, 0, 0, 0.0000000, 0.0000000, 0, 2.8400, 0.0000, 0.0000, 0.0000
ATT: 4833, -3083, 10461
GPS: 0, 0, 0, 0.0000000, 0.0000000, 0, 2.8400, 0.0000, 0.0000, 0.0000
ATT: 4778, -3078, 10462
GPS: 0, 0, 0, 0.0000000, 0.0000000, 0, 2.8400, 0.0000, 0.0000, 0.0000
ATT: 4740, -3045, 10428
GPS: 0, 0, 0, 0.0000000, 0.0000000, 0, 2.8400, 0.0000, 0.0000, 0.0000
ATT: 4788, -2957, 10362
GPS: 0, 0, 0, 0.0000000, 0.0000000, 0, 2.8400, 0.0000, 0.0000, 0.0000
ATT: 4878, -2903, 10261
GPS: 0, 0, 0, 0.0000000, 0.0000000, 0, 2.8400, 0.0000, 0.0000, 0.0000
ATT: 4895, -2844, 10214
GPS: 0, 0, 0, 0.0000000, 0.0000000, 0, 2.8400, 0.0000, 0.0000, 0.0000
ATT: 4908, -2856, 10166
GPS: 0, 0, 0, 0.0000000, 0.0000000, 0, 2.9300, 0.0000, 0.0000, 0.0000
ATT: 4866, -2965, 10169
GPS: 0, 0, 0, 0.0000000, 0.0000000, 0, 2.9300, 0.0000, 0.0000, 0.0000
ATT: 4724, -3144, 10287
GPS: 0, 0, 0, 0.0000000, 0.0000000, 0, 2.9300, 0.0000, 0.0000, 0.0000
ATT: 4491, -3371, 10463
GPS: 0, 0, 0, 0.0000000, 0.0000000, 0, 2.9300, 0.0000, 0.0000, 0.0000
ATT: 4238, -3668, 10575
GPS: 0, 0, 0, 0.0000000, 0.0000000, 0, 2.9300, 0.0000, 0.0000, 0.0000
ATT: 3942, -3962, 10740
GPS: 0, 0, 0, 0.0000000, 0.0000000, 0, 2.9300, 0.0000, 0.0000, 0.0000
ATT: 3575, -4151, 11074
GPS: 0, 0, 0, 0.0000000, 0.0000000, 0, 3.0200, 0.0000, 0.0000, 0.0000
ATT: 3253, -4270, 11502
GPS: 0, 0, 0, 0.0000000, 0.0000000, 0, 3.1100, 0.0000, 0.0000, 0.0000
ATT: 3067, -4442, 11805
GPS: 0, 0, 0, 0.0000000, 0.0000000, 0, 3.1100, 0.0000, 0.0000, 0.0000
ATT: 2929, -4568, 11975
GPS: 0, 0, 0, 0.0000000, 0.0000000, 0, 3.1100, 0.0000, 0.0000, 0.0000
ATT: 2872, -4626, 12053
GPS: 0, 0, 0, 0.0000000, 0.0000000, 0, 3.1100, 0.0000, 0.0000, 0.0000
ATT: 2892, -4654, 12086
GPS: 0, 0, 0, 0.0000000, 0.0000000, 0, 3.1100, 0.0000, 0.0000, 0.0000
ATT: 2988, -4658, 12065
GPS: 0, 0, 0, 0.0000000, 0.0000000, 0, 3.2000, 0.0000, 0.0000, 0.0000
ATT: 3076, -4648, 12007
GPS: 0, 0, 0, 0.0000000, 0.0000000, 0, 3.2900, 0.0000, 0.0000, 0.0000
ATT: 3083, -4603, 11967
GPS: 0, 0, 0, 0.0000000, 0.0000000, 0, 3.2900, 0.0000, 0.0000, 0.0000
ATT: 3095, -4580, 11969
GPS: 0, 0, 0, 0.0000000, 0.0000000, 0, 3.2900, 0.0000, 0.0000, 0.0000
ATT: 3094, -4585, 12003
GPS: 0, 0, 0, 0.0000000, 0.0000000, 0, 3.2900, 0.0000, 0.0000, 0.0000
ATT: 3062, -4592, 12017
GPS: 0, 0, 0, 0.0000000, 0.0000000, 0, 3.2900, 0.0000, 0.0000, 0.0000
ATT: 3067, -4616, 11998
GPS: 0, 0, 0, 0.0000000, 0.0000000, 0, 3.2900, 0.0000, 0.0000, 0.0000
ATT: 3072, -4584, 12003
GPS: 0, 0, 0, 0.0000000, 0.0000000, 0, 3.2900, 0.0000, 0.0000, 0.0000
ATT: 3079, -4546, 12002
GPS: 0, 0, 0, 0.0000000, 0.0000000, 0, 3.2900, 0.0000, 0.0000, 0.0000
ATT: 3072, -4551, 11985
GPS: 0, 0, 0, 0.0000000, 0.0000000, 0, 3.2900, 0.0000, 0.0000, 0.0000
ATT: 3031, -4542, 11992
GPS: 0, 0, 0, 0.0000000, 0.0000000, 0, 3.2900, 0.0000, 0.0000, 0.0000
ATT: 3014, -4519, 12023
GPS: 0, 0, 0, 0.0000000, 0.0000000, 0, 3.2900, 0.0000, 0.0000, 0.0000
ATT: 3001, -4503, 12057
GPS: 0, 0, 0, 0.0000000, 0.0000000, 0, 3.2900, 0.0000, 0.0000, 0.0000
ATT: 2980, -4493, 12079
GPS: 0, 0, 0, 0.0000000, 0.0000000, 0, 3.2900, 0.0000, 0.0000, 0.0000
ATT: 2956, -4469, 12102
GPS: 0, 0, 0, 0.0000000, 0.0000000, 0, 3.2000, 0.0000, 0.0000, 0.0000
ATT: 2931, -4441, 12149
GPS: 0, 0, 0, 0.0000000, 0.0000000, 0, 3.2000, 0.0000, 0.0000, 0.0000
ATT: 2902, -4425, 12195
GPS: 0, 0, 0, 0.0000000, 0.0000000, 0, 3.2000, 0.0000, 0.0000, 0.0000
ATT: 2839, -4402, 12206
GPS: 0, 0, 0, 0.0000000, 0.0000000, 0, 3.2000, 0.0000, 0.0000, 0.0000
ATT: 2813, -4364, 12170
GPS: 0, 0, 0, 0.0000000, 0.0000000, 0, 3.2900, 0.0000, 0.0000, 0.0000
ATT: 2842, -4285, 12089
GPS: 0, 0, 0, 0.0000000, 0.0000000, 0, 3.2900, 0.0000, 0.0000, 0.0000
ATT: 2883, -4217, 12004
GPS: 0, 0, 0, 0.0000000, 0.0000000, 0, 3.2900, 0.0000, 0.0000, 0.0000
ATT: 2874, -4192, 11947
GPS: 0, 0, 0, 0.0000000, 0.0000000, 0, 3.2900, 0.0000, 0.0000, 0.0000
ATT: 2848, -4183, 11891
GPS: 0, 0, 0, 0.0000000, 0.0000000, 0, 3.2900, 0.0000, 0.0000, 0.0000
ATT: 2833, -4196, 11816
GPS: 0, 0, 0, 0.0000000, 0.0000000, 0, 3.2900, 0.0000, 0.0000, 0.0000
ATT: 2834, -4193, 11765
GPS: 0, 0, 0, 0.0000000, 0.0000000, 0, 3.2900, 0.0000, 0.0000, 0.0000
ATT: 2851, -4212, 11745
GPS: 0, 0, 0, 0.0000000, 0.0000000, 0, 3.2900, 0.0000, 0.0000, 0.0000
ATT: 2817, -4224, 11760
GPS: 0, 0, 0, 0.0000000, 0.0000000, 0, 3.2900, 0.0000, 0.0000, 0.0000
ATT: 2818, -4251, 11765
GPS: 0, 0, 0, 0.0000000, 0.0000000, 0, 3.2900, 0.0000, 0.0000, 0.0000
ATT: 2861, -4275, 11734
GPS: 0, 0, 0, 0.0000000, 0.0000000, 0, 3.2900, 0.0000, 0.0000, 0.0000
ATT: 2947, -4297, 11654
GPS: 0, 0, 0, 0.0000000, 0.0000000, 0, 3.2900, 0.0000, 0.0000, 0.0000
ATT: 3044, -4293, 11552
GPS: 0, 0, 0, 0.0000000, 0.0000000, 0, 3.3800, 0.0000, 0.0000, 0.0000
ATT: 3087, -4270, 11498
GPS: 0, 0, 0, 0.0000000, 0.0000000, 0, 3.4700, 0.0000, 0.0000, 0.0000
ATT: 3052, -4229, 11521
GPS: 0, 0, 0, 0.0000000, 0.0000000, 0, 3.4700, 0.0000, 0.0000, 0.0000
ATT: 3004, -4207, 11574
GPS: 0, 0, 0, 0.0000000, 0.0000000, 0, 3.4700, 0.0000, 0.0000, 0.0000
ATT: 2964, -4192, 11647
GPS: 0, 0, 0, 0.0000000, 0.0000000, 0, 3.5600, 0.0000, 0.0000, 0.0000
ATT: 2960, -4184, 11686
GPS: 0, 0, 0, 0.0000000, 0.0000000, 0, 3.6400, 0.0000, 0.0000, 0.0000
ATT: 2972, -4195, 11683
GPS: 0, 0, 0, 0.0000000, 0.0000000, 0, 3.6400, 0.0000, 0.0000, 0.0000
ATT: 2997, -4195, 11679
GPS: 0, 0, 0, 0.0000000, 0.0000000, 0, 3.6400, 0.0000, 0.0000, 0.0000
ATT: 3019, -4208, 11656
GPS: 0, 0, 0, 0.0000000, 0.0000000, 0, 3.6400, 0.0000, 0.0000, 0.0000
ATT: 3052, -4263, 11560
GPS: 0, 0, 0, 0.0000000, 0.0000000, 0, 3.6400, 0.0000, 0.0000, 0.0000
ATT: 3103, -4265, 11444
GPS: 0, 0, 0, 0.0000000, 0.0000000, 0, 3.6400, 0.0000, 0.0000, 0.0000
ATT: 3122, -4200, 11389
GPS: 0, 0, 0, 0.0000000, 0.0000000, 0, 3.6400, 0.0000, 0.0000, 0.0000
ATT: 3100, -4148, 11359
GPS: 0, 0, 0, 0.0000000, 0.0000000, 0, 3.5600, 0.0000, 0.0000, 0.0000
ATT: 2990, -4131, 11382
GPS: 0, 0, 0, 0.0000000, 0.0000000, 0, 3.5600, 0.0000, 0.0000, 0.0000
ATT: 2897, -4092, 11429
GPS: 0, 0, 0, 0.0000000, 0.0000000, 0, 3.5600, 0.0000, 0.0000, 0.0000
ATT: 2881, -4050, 11404
GPS: 0, 0, 0, 0.0000000, 0.0000000, 0, 3.5600, 0.0000, 0.0000, 0.0000
ATT: 2882, -3996, 11308
GPS: 0, 0, 0, 0.0000000, 0.0000000, 0, 3.4700, 0.0000, 0.0000, 0.0000
ATT: 2880, -3973, 11223
GPS: 0, 0, 0, 0.0000000, 0.0000000, 0, 3.4700, 0.0000, 0.0000, 0.0000
ATT: 2920, -3932, 11179
GPS: 0, 0, 0, 0.0000000, 0.0000000, 0, 3.4700, 0.0000, 0.0000, 0.0000
ATT: 2937, -4015, 11229
GPS: 0, 0, 0, 0.0000000, 0.0000000, 0, 3.4700, 0.0000, 0.0000, 0.0000
ATT: 2932, -4172, 11284
GPS: 0, 0, 0, 0.0000000, 0.0000000, 0, 3.4700, 0.0000, 0.0000, 0.0000
ATT: 2942, -4316, 11340
GPS: 0, 0, 0, 0.0000000, 0.0000000, 0, 3.4700, 0.0000, 0.0000, 0.0000
ATT: 2963, -4371, 11472
GPS: 0, 0, 0, 0.0000000, 0.0000000, 0, 3.4700, 0.0000, 0.0000, 0.0000
ATT: 2886, -4373, 11673
GPS: 0, 0, 0, 0.0000000, 0.0000000, 0, 3.4700, 0.0000, 0.0000, 0.0000
ATT: 2706, -4415, 11928
GPS: 0, 0, 0, 0.0000000, 0.0000000, 0, 3.4700, 0.0000, 0.0000, 0.0000
ATT: 2650, -4409, 12047
GPS: 0, 0, 0, 0.0000000, 0.0000000, 0, 3.4700, 0.0000, 0.0000, 0.0000
ATT: 2697, -4375, 11992
GPS: 0, 0, 0, 0.0000000, 0.0000000, 0, 3.3800, 0.0000, 0.0000, 0.0000
ATT: 2681, -4339, 11944
GPS: 0, 0, 0, 0.0000000, 0.0000000, 0, 3.2900, 0.0000, 0.0000, 0.0000
ATT: 2629, -4353, 11970
GPS: 0, 0, 0, 0.0000000, 0.0000000, 0, 3.2900, 0.0000, 0.0000, 0.0000
ATT: 2598, -4367, 12034
GPS: 0, 0, 0, 0.0000000, 0.0000000, 0, 3.2900, 0.0000, 0.0000, 0.0000
ATT: 2553, -4397, 12138
GPS: 0, 0, 0, 0.0000000, 0.0000000, 0, 3.2900, 0.0000, 0.0000, 0.0000
ATT: 2493, -4465, 12212
GPS: 0, 0, 0, 0.0000000, 0.0000000, 0, 3.2900, 0.0000, 0.0000, 0.0000
ATT: 2458, -4555, 12254
GPS: 0, 0, 0, 0.0000000, 0.0000000, 0, 3.2000, 0.0000, 0.0000, 0.0000
ATT: 2439, -4600, 12322
GPS: 0, 0, 0, 0.0000000, 0.0000000, 0, 3.1100, 0.0000, 0.0000, 0.0000
ATT: 2456, -4692, 12371
GPS: 0, 0, 0, 0.0000000, 0.0000000, 0, 3.1100, 0.0000, 0.0000, 0.0000
ATT: 2464, -4797, 12450
GPS: 0, 0, 0, 0.0000000, 0.0000000, 0, 3.1100, 0.0000, 0.0000, 0.0000
ATT: 2473, -4907, 12499
GPS: 0, 0, 0, 0.0000000, 0.0000000, 0, 3.0200, 0.0000, 0.0000, 0.0000
ATT: 2434, -4968, 12547
GPS: 0, 0, 0, 0.0000000, 0.0000000, 0, 3.0200, 0.0000, 0.0000, 0.0000
ATT: 2436, -5032, 12555
GPS: 0, 0, 0, 0.0000000, 0.0000000, 0, 2.9300, 0.0000, 0.0000, 0.0000
ATT: 2462, -5072, 12524
GPS: 0, 0, 0, 0.0000000, 0.0000000, 0, 2.9300, 0.0000, 0.0000, 0.0000
ATT: 2523, -5104, 12438
GPS: 0, 0, 0, 0.0000000, 0.0000000, 0, 2.9300, 0.0000, 0.0000, 0.0000
ATT: 2547, -5124, 12373
GPS: 0, 0, 0, 0.0000000, 0.0000000, 0, 2.9300, 0.0000, 0.0000, 0.0000
ATT: 2437, -5101, 12433
GPS: 0, 0, 0, 0.0000000, 0.0000000, 0, 2.9300, 0.0000, 0.0000, 0.0000
ATT: 2328, -5125, 12493
GPS: 0, 0, 0, 0.0000000, 0.0000000, 0, 2.9300, 0.0000, 0.0000, 0.0000
ATT: 2274, -5116, 12556
GPS: 0, 0, 0, 0.0000000, 0.0000000, 0, 2.9300, 0.0000, 0.0000, 0.0000
ATT: 2286, -5138, 12595
GPS: 0, 0, 0, 0.0000000, 0.0000000, 0, 2.9300, 0.0000, 0.0000, 0.0000
ATT: 2278, -5185, 12632
GPS: 0, 0, 0, 0.0000000, 0.0000000, 0, 2.9300, 0.0000, 0.0000, 0.0000
ATT: 2214, -5212, 12709
GPS: 0, 0, 0, 0.0000000, 0.0000000, 0, 2.9300, 0.0000, 0.0000, 0.0000
ATT: 2182, -5175, 12772
GPS: 0, 0, 0, 0.0000000, 0.0000000, 0, 2.9300, 0.0000, 0.0000, 0.0000
ATT: 2183, -5155, 12768
GPS: 0, 0, 0, 0.0000000, 0.0000000, 0, 2.9300, 0.0000, 0.0000, 0.0000
ATT: 2131, -5120, 12804
GPS: 0, 0, 0, 0.0000000, 0.0000000, 0, 2.9300, 0.0000, 0.0000, 0.0000
ATT: 2124, -5092, 12838
GPS: 0, 0, 0, 0.0000000, 0.0000000, 0, 2.9300, 0.0000, 0.0000, 0.0000
ATT: 2137, -5054, 12847
GPS: 0, 0, 0, 0.0000000, 0.0000000, 0, 3.0200, 0.0000, 0.0000, 0.0000
ATT: 2143, -5048, 12858
GPS: 0, 0, 0, 0.0000000, 0.0000000, 0, 3.1100, 0.0000, 0.0000, 0.0000
ATT: 2113, -5021, 12899
GPS: 0, 0, 0, 0.0000000, 0.0000000, 0, 3.1100, 0.0000, 0.0000, 0.0000
ATT: 2076, -4991, 12929
GPS: 0, 0, 0, 0.0000000, 0.0000000, 0, 3.1100, 0.0000, 0.0000, 0.0000
ATT: 2046, -4939, 12960
GPS: 0, 0, 0, 0.0000000, 0.0000000, 0, 3.1100, 0.0000, 0.0000, 0.0000
ATT: 2038, -4945, 12957
GPS: 0, 0, 0, 0.0000000, 0.0000000, 0, 3.1100, 0.0000, 0.0000, 0.0000
ATT: 2010, -4918, 12979
GPS: 0, 0, 0, 0.0000000, 0.0000000, 0, 3.1100, 0.0000, 0.0000, 0.0000
ATT: 2037, -4920, 12977
GPS: 0, 0, 0, 0.0000000, 0.0000000, 0, 3.1100, 0.0000, 0.0000, 0.0000
ATT: 2062, -4936, 12972
GPS: 0, 0, 0, 0.0000000, 0.0000000, 0, 3.0200, 0.0000, 0.0000, 0.0000
ATT: 2046, -4952, 12991
GPS: 0, 0, 0, 0.0000000, 0.0000000, 0, 3.0200, 0.0000, 0.0000, 0.0000
ATT: 1996, -4900, 13041
GPS: 0, 0, 0, 0.0000000, 0.0000000, 0, 3.0200, 0.0000, 0.0000, 0.0000
ATT: 1998, -4864, 13024
GPS: 0, 0, 0, 0.0000000, 0.0000000, 0, 3.0200, 0.0000, 0.0000, 0.0000
ATT: 2003, -4872, 12982
GPS: 0, 0, 0, 0.0000000, 0.0000000, 0, 3.0200, 0.0000, 0.0000, 0.0000
ATT: 1933, -4855, 13021
GPS: 0, 0, 0, 0.0000000, 0.0000000, 0, 3.0200, 0.0000, 0.0000, 0.0000
ATT: 1926, -4849, 13019
GPS: 0, 0, 0, 0.0000000, 0.0000000, 0, 2.9300, 0.0000, 0.0000, 0.0000
ATT: 1973, -4855, 12965
GPS: 0, 0, 0, 0.0000000, 0.0000000, 0, 2.8400, 0.0000, 0.0000, 0.0000
ATT: 1978, -4852, 12956
GPS: 0, 0, 0, 0.0000000, 0.0000000, 0, 2.8400, 0.0000, 0.0000, 0.0000
ATT: 1940, -4842, 13007
GPS: 0, 0, 0, 0.0000000, 0.0000000, 0, 2.8400, 0.0000, 0.0000, 0.0000
ATT: 1873, -4845, 13103
GPS: 0, 0, 0, 0.0000000, 0.0000000, 0, 2.8400, 0.0000, 0.0000, 0.0000
ATT: 1854, -4895, 13131
GPS: 0, 0, 0, 0.0000000, 0.0000000, 0, 2.8400, 0.0000, 0.0000, 0.0000
ATT: 1871, -4902, 13144
GPS: 0, 0, 0, 0.0000000, 0.0000000, 0, 2.8400, 0.0000, 0.0000, 0.0000
ATT: 1878, -4909, 13195
GPS: 0, 0, 0, 0.0000000, 0.0000000, 0, 2.8400, 0.0000, 0.0000, 0.0000
ATT: 1837, -4928, 13209
GPS: 0, 0, 0, 0.0000000, 0.0000000, 0, 2.7500, 0.0000, 0.0000, 0.0000
ATT: 1854, -4946, 13130
GPS: 0, 0, 0, 0.0000000, 0.0000000, 0, 2.7500, 0.0000, 0.0000, 0.0000
ATT: 1892, -4922, 13057
GPS: 0, 0, 0, 0.0000000, 0.0000000, 0, 2.7500, 0.0000, 0.0000, 0.0000
ATT: 1821, -4750, 13138
GPS: 0, 0, 0, 0.0000000, 0.0000000, 0, 2.7500, 0.0000, 0.0000, 0.0000
ATT: 1760, -4626, 13232
GPS: 0, 0, 0, 0.0000000, 0.0000000, 0, 2.8400, 0.0000, 0.0000, 0.0000
ATT: 1728, -4675, 13210
GPS: 0, 0, 0, 0.0000000, 0.0000000, 0, 2.9300, 0.0000, 0.0000, 0.0000
ATT: 1708, -4776, 13163
GPS: 0, 0, 0, 0.0000000, 0.0000000, 0, 2.9300, 0.0000, 0.0000, 0.0000
ATT: 1709, -4797, 13197
GPS: 0, 0, 0, 0.0000000, 0.0000000, 0, 2.9300, 0.0000, 0.0000, 0.0000
ATT: 1669, -4896, 13246
GPS: 0, 0, 0, 0.0000000, 0.0000000, 0, 2.9300, 0.0000, 0.0000, 0.0000
ATT: 1561, -5095, 13232
GPS: 0, 0, 0, 0.0000000, 0.0000000, 0, 2.9300, 0.0000, 0.0000, 0.0000
ATT: 1602, -5227, 13083
GPS: 0, 0, 0, 0.0000000, 0.0000000, 0, 2.9300, 0.0000, 0.0000, 0.0000
ATT: 1686, -5300, 12937
GPS: 0, 0, 0, 0.0000000, 0.0000000, 0, 2.9300, 0.0000, 0.0000, 0.0000
ATT: 1718, -5398, 12758
GPS: 0, 0, 0, 0.0000000, 0.0000000, 0, 3.1100, 0.0000, 0.0000, 0.0000
ATT: 1705, -5475, 12566
GPS: 0, 0, 0, 0.0000000, 0.0000000, 0, 3.2000, 0.0000, 0.0000, 0.0000
ATT: 1717, -5498, 12405
GPS: 0, 0, 0, 0.0000000, 0.0000000, 0, 3.2900, 0.0000, 0.0000, 0.0000
ATT: 1798, -5499, 12156
GPS: 0, 0, 0, 0.0000000, 0.0000000, 0, 3.2900, 0.0000, 0.0000, 0.0000
ATT: 1925, -5456, 11784
GPS: 0, 0, 0, 0.0000000, 0.0000000, 0, 3.2900, 0.0000, 0.0000, 0.0000
ATT: 2070, -5350, 11375
GPS: 0, 0, 0, 0.0000000, 0.0000000, 0, 3.2900, 0.0000, 0.0000, 0.0000
ATT: 2182, -5187, 11028
GPS: 0, 0, 0, 0.0000000, 0.0000000, 0, 3.2900, 0.0000, 0.0000, 0.0000
ATT: 2291, -4896, 10709
GPS: 0, 0, 0, 0.0000000, 0.0000000, 0, 3.2900, 0.0000, 0.0000, 0.0000
ATT: 2412, -4505, 10429
GPS: 0, 0, 0, 0.0000000, 0.0000000, 0, 3.2900, 0.0000, 0.0000, 0.0000
ATT: 2475, -4081, 10239
GPS: 0, 0, 0, 0.0000000, 0.0000000, 0, 3.2900, 0.0000, 0.0000, 0.0000
ATT: 2405, -3671, 10153
GPS: 0, 0, 0, 0.0000000, 0.0000000, 0, 3.2900, 0.0000, 0.0000, 0.0000
ATT: 2254, -3291, 10097
GPS: 0, 0, 0, 0.0000000, 0.0000000, 0, 3.2900, 0.0000, 0.0000, 0.0000
ATT: 2134, -2962, 9942
GPS: 0, 0, 0, 0.0000000, 0.0000000, 0, 3.2900, 0.0000, 0.0000, 0.0000
ATT: 2043, -2636, 9741
GPS: 0, 0, 0, 0.0000000, 0.0000000, 0, 3.2900, 0.0000, 0.0000, 0.0000
ATT: 1865, -2267, 9608
GPS: 0, 0, 0, 0.0000000, 0.0000000, 0, 3.2900, 0.0000, 0.0000, 0.0000
ATT: 1465, -1752, 9638
GPS: 0, 0, 0, 0.0000000, 0.0000000, 0, 3.2900, 0.0000, 0.0000, 0.0000
ATT: 1156, -1364, 9746
GPS: 0, 0, 0, 0.0000000, 0.0000000, 0, 3.2900, 0.0000, 0.0000, 0.0000
ATT: 1031, -1116, 9817
GPS: 0, 0, 0, 0.0000000, 0.0000000, 0, 3.2900, 0.0000, 0.0000, 0.0000
ATT: 1030, -801, 9852
GPS: 0, 0, 0, 0.0000000, 0.0000000, 0, 3.2900, 0.0000, 0.0000, 0.0000
PM:20022,1001,20,0,0,0,0,0,1000,-9,-13,8,0, 
ATT: 1151, -508, 9715
GPS: 0, 0, 0, 0.0000000, 0.0000000, 0, 3.2900, 0.0000, 0.0000, 0.0000
ATT: 1385, -377, 9445
GPS: 0, 0, 0, 0.0000000, 0.0000000, 0, 3.2900, 0.0000, 0.0000, 0.0000
ATT: 1594, -288, 9096
GPS: 0, 0, 0, 0.0000000, 0.0000000, 0, 3.2900, 0.0000, 0.0000, 0.0000
ATT: 1758, -238, 8721
GPS: 0, 0, 0, 0.0000000, 0.0000000, 0, 3.2900, 0.0000, 0.0000, 0.0000
ATT: 1860, -335, 8349
GPS: 0, 0, 0, 0.0000000, 0.0000000, 0, 3.2900, 0.0000, 0.0000, 0.0000
ATT: 1795, -400, 8042
GPS: 0, 0, 0, 0.0000000, 0.0000000, 0, 3.2900, 0.0000, 0.0000, 0.0000
ATT: 1633, -615, 7851
GPS: 0, 0, 0, 0.0000000, 0.0000000, 0, 3.2900, 0.0000, 0.0000, 0.0000
ATT: 1469, -922, 7650
GPS: 0, 0, 0, 0.0000000, 0.0000000, 0, 3.2900, 0.0000, 0.0000, 0.0000
ATT: 1352, -1053, 7442
GPS: 0, 0, 0, 0.0000000, 0.0000000, 0, 3.2900, 0.0000, 0.0000, 0.0000
ATT: 1264, -974, 7303
GPS: 0, 0, 0, 0.0000000, 0.0000000, 0, 3.3800, 0.0000, 0.0000, 0.0000
ATT: 1275, -840, 7220
GPS: 0, 0, 0, 0.0000000, 0.0000000, 0, 3.3800, 0.0000, 0.0000, 0.0000
ATT: 1505, -1002, 7082
GPS: 0, 0, 0, 0.0000000, 0.0000000, 0, 3.3800, 0.0000, 0.0000, 0.0000
ATT: 1690, -1316, 6972
GPS: 0, 0, 0, 0.0000000, 0.0000000, 0, 3.3800, 0.0000, 0.0000, 0.0000
ATT: 1682, -1448, 6928
GPS: 0, 0, 0, 0.0000000, 0.0000000, 0, 3.3800, 0.0000, 0.0000, 0.0000
ATT: 1458, -1327, 6943
GPS: 0, 0, 0, 0.0000000, 0.0000000, 0, 3.3800, 0.0000, 0.0000, 0.0000
ATT: 1200, -1078, 6976
GPS: 0, 0, 0, 0.0000000, 0.0000000, 0, 3.3800, 0.0000, 0.0000, 0.0000
ATT: 1015, -1018, 7038
GPS: 0, 0, 0, 0.0000000, 0.0000000, 0, 3.3800, 0.0000, 0.0000, 0.0000
ATT: 903, -1061, 7195
GPS: 0, 0, 0, 0.0000000, 0.0000000, 0, 3.3800, 0.0000, 0.0000, 0.0000
ATT: 883, -1067, 7435
GPS: 0, 0, 0, 0.0000000, 0.0000000, 0, 3.3800, 0.0000, 0.0000, 0.0000
ATT: 834, -1062, 7621
GPS: 0, 0, 0, 0.0000000, 0.0000000, 0, 3.3800, 0.0000, 0.0000, 0.0000
ATT: 665, -1091, 7701
GPS: 0, 0, 0, 0.0000000, 0.0000000, 0, 3.3800, 0.0000, 0.0000, 0.0000
ATT: 514, -986, 7759
GPS: 0, 0, 0, 0.0000000, 0.0000000, 0, 3.2900, 0.0000, 0.0000, 0.0000
ATT: 531, -807, 7832
GPS: 0, 0, 0, 0.0000000, 0.0000000, 0, 3.2900, 0.0000, 0.0000, 0.0000
ATT: 677, -692, 7855
GPS: 0, 0, 0, 0.0000000, 0.0000000, 0, 3.2900, 0.0000, 0.0000, 0.0000
ATT: 776, -685, 7862
GPS: 0, 0, 0, 0.0000000, 0.0000000, 0, 3.2900, 0.0000, 0.0000, 0.0000
ATT: 760, -888, 7849
GPS: 0, 0, 0, 0.0000000, 0.0000000, 0, 3.2900, 0.0000, 0.0000, 0.0000
ATT: 714, -1051, 7890
GPS: 0, 0, 0, 0.0000000, 0.0000000, 0, 3.2900, 0.0000, 0.0000, 0.0000
ATT: 675, -937, 8005
GPS: 0, 0, 0, 0.0000000, 0.0000000, 0, 3.3800, 0.0000, 0.0000, 0.0000
ATT: 608, -808, 8118
GPS: 0, 0, 0, 0.0000000, 0.0000000, 0, 3.3800, 0.0000, 0.0000, 0.0000
ATT: 516, -829, 8230
GPS: 0, 0, 0, 0.0000000, 0.0000000, 0, 3.3800, 0.0000, 0.0000, 0.0000
ATT: 549, -968, 8380
GPS: 0, 0, 0, 0.0000000, 0.0000000, 0, 3.3800, 0.0000, 0.0000, 0.0000
ATT: 633, -999, 8552
GPS: 0, 0, 0, 0.0000000, 0.0000000, 0, 3.3800, 0.0000, 0.0000, 0.0000
ATT: 595, -848, 8693
GPS: 0, 0, 0, 0.0000000, 0.0000000, 0, 3.3800, 0.0000, 0.0000, 0.0000
ATT: 470, -703, 8805
GPS: 0, 0, 0, 0.0000000, 0.0000000, 0, 3.3800, 0.0000, 0.0000, 0.0000
ATT: 316, -667, 8914
GPS: 0, 0, 0, 0.0000000, 0.0000000, 0, 3.3800, 0.0000, 0.0000, 0.0000
ATT: 188, -627, 9025
GPS: 0, 0, 0, 0.0000000, 0.0000000, 0, 3.3800, 0.0000, 0.0000, 0.0000
ATT: 11, -451, 9089
GPS: 0, 0, 0, 0.0000000, 0.0000000, 0, 3.3800, 0.0000, 0.0000, 0.0000
ATT: -110, -236, 9100
GPS: 0, 0, 0, 0.0000000, 0.0000000, 0, 3.4700, 0.0000, 0.0000, 0.0000
ATT: -138, -21, 9059
GPS: 0, 0, 0, 0.0000000, 0.0000000, 0, 3.4700, 0.0000, 0.0000, 0.0000
ATT: -114, 280, 8966
GPS: 0, 0, 0, 0.0000000, 0.0000000, 0, 3.4700, 0.0000, 0.0000, 0.0000
ATT: -45, 473, 8858
GPS: 0, 0, 0, 0.0000000, 0.0000000, 0, 3.4700, 0.0000, 0.0000, 0.0000
ATT: -20, 576, 8746
GPS: 0, 0, 0, 0.0000000, 0.0000000, 0, 3.4700, 0.0000, 0.0000, 0.0000
ATT: -17, 699, 8650
GPS: 0, 0, 0, 0.0000000, 0.0000000, 0, 3.4700, 0.0000, 0.0000, 0.0000
ATT: 19, 783, 8619
GPS: 0, 0, 0, 0.0000000, 0.0000000, 0, 3.5600, 0.0000, 0.0000, 0.0000
ATT: 43, 717, 8643
GPS: 0, 0, 0, 0.0000000, 0.0000000, 0, 3.5600, 0.0000, 0.0000, 0.0000
ATT: 0, 696, 8656
GPS: 0, 0, 0, 0.0000000, 0.0000000, 0, 3.7300, 0.0000, 0.0000, 0.0000
ATT: -164, 833, 8642
GPS: 0, 0, 0, 0.0000000, 0.0000000, 0, 3.8200, 0.0000, 0.0000, 0.0000
ATT: -235, 938, 8686
GPS: 0, 0, 0, 0.0000000, 0.0000000, 0, 3.8200, 0.0000, 0.0000, 0.0000
ATT: -162, 984, 8815
GPS: 0, 0, 0, 0.0000000, 0.0000000, 0, 3.8200, 0.0000, 0.0000, 0.0000
ATT: -136, 959, 8961
GPS: 0, 0, 0, 0.0000000, 0.0000000, 0, 3.8200, 0.0000, 0.0000, 0.0000
ATT: -158, 934, 9102
GPS: 0, 0, 0, 0.0000000, 0.0000000, 0, 3.8200, 0.0000, 0.0000, 0.0000
ATT: -127, 876, 9243
GPS: 0, 0, 0, 0.0000000, 0.0000000, 0, 3.9100, 0.0000, 0.0000, 0.0000
ATT: -44, 807, 9364
GPS: 0, 0, 0, 0.0000000, 0.0000000, 0, 3.9100, 0.0000, 0.0000, 0.0000
ATT: 2, 785, 9449
GPS: 0, 0, 0, 0.0000000, 0.0000000, 0, 3.9100, 0.0000, 0.0000, 0.0000
ATT: -79, 815, 9431
GPS: 0, 0, 0, 0.0000000, 0.0000000, 0, 3.9100, 0.0000, 0.0000, 0.0000
ATT: -184, 936, 9301
GPS: 0, 0, 0, 0.0000000, 0.0000000, 0, 3.9100, 0.0000, 0.0000, 0.0000
ATT: -264, 981, 9148
GPS: 0, 0, 0, 0.0000000, 0.0000000, 0, 3.9100, 0.0000, 0.0000, 0.0000
ATT: -271, 960, 9034
GPS: 0, 0, 0, 0.0000000, 0.0000000, 0, 3.9100, 0.0000, 0.0000, 0.0000
ATT: -231, 917, 8985
GPS: 0, 0, 0, 0.0000000, 0.0000000, 0, 3.9100, 0.0000, 0.0000, 0.0000
MOD:Loiter
ATT: -216, 944, 8998
GPS: 0, 0, 0, 0.0000000, 0.0000000, 0, 3.9100, 0.0000, 0.0000, 0.0000
ATT: -239, 987, 9067
GPS: 0, 0, 0, 0.0000000, 0.0000000, 0, 3.9100, 0.0000, 0.0000, 0.0000
ATT: -223, 949, 9186
GPS: 0, 0, 0, 0.0000000, 0.0000000, 0, 3.9100, 0.0000, 0.0000, 0.0000
MOD:Stabilize
ATT: -250, 957, 9290
GPS: 0, 0, 0, 0.0000000, 0.0000000, 0, 3.9100, 0.0000, 0.0000, 0.0000
ATT: -327, 998, 9373
GPS: 0, 0, 0, 0.0000000, 0.0000000, 0, 3.9100, 0.0000, 0.0000, 0.0000
ATT: -351, 1087, 9464
GPS: 0, 0, 0, 0.0000000, 0.0000000, 0, 3.9100, 0.0000, 0.0000, 0.0000
ATT: -384, 1125, 9563
GPS: 0, 0, 0, 0.0000000, 0.0000000, 0, 3.9100, 0.0000, 0.0000, 0.0000
ATT: -389, 1052, 9657
GPS: 0, 0, 0, 0.0000000, 0.0000000, 0, 3.9100, 0.0000, 0.0000, 0.0000
ATT: -333, 1036, 9720
GPS: 0, 0, 0, 0.0000000, 0.0000000, 0, 3.9100, 0.0000, 0.0000, 0.0000
ATT: -284, 1126, 9723
GPS: 0, 0, 0, 0.0000000, 0.0000000, 0, 3.9100, 0.0000, 0.0000, 0.0000
ATT: -225, 1214, 9660
GPS: 0, 0, 0, 0.0000000, 0.0000000, 0, 3.9100, 0.0000, 0.0000, 0.0000
ATT: -151, 1209, 9586
GPS: 0, 0, 0, 0.0000000, 0.0000000, 0, 3.9100, 0.0000, 0.0000, 0.0000
ATT: -74, 1210, 9529
GPS: 0, 0, 0, 0.0000000, 0.0000000, 0, 3.9100, 0.0000, 0.0000, 0.0000
ATT: -7, 1250, 9503
GPS: 0, 0, 0, 0.0000000, 0.0000000, 0, 3.9100, 0.0000, 0.0000, 0.0000
ATT: 54, 1214, 9537
GPS: 0, 0, 0, 0.0000000, 0.0000000, 0, 3.9100, 0.0000, 0.0000, 0.0000
ATT: 43, 1157, 9586
GPS: 0, 0, 0, 0.0000000, 0.0000000, 0, 3.9100, 0.0000, 0.0000, 0.0000
ATT: 57, 1086, 9634
GPS: 0, 0, 0, 0.0000000, 0.0000000, 0, 3.9100, 0.0000, 0.0000, 0.0000
ATT: 157, 992, 9644
GPS: 0, 0, 0, 0.0000000, 0.0000000, 0, 3.9100, 0.0000, 0.0000, 0.0000
ATT: 220, 1011, 9585
GPS: 0, 0, 0, 0.0000000, 0.0000000, 0, 3.9100, 0.0000, 0.0000, 0.0000
ATT: 176, 1201, 9490
GPS: 0, 0, 0, 0.0000000, 0.0000000, 0, 3.9100, 0.0000, 0.0000, 0.0000
ATT: 78, 1304, 9419
GPS: 0, 0, 0, 0.0000000, 0.0000000, 0, 3.9100, 0.0000, 0.0000, 0.0000
ATT: -23, 1302, 9371
GPS: 0, 0, 0, 0.0000000, 0.0000000, 0, 3.9100, 0.0000, 0.0000, 0.0000
ATT: -49, 1200, 9364
GPS: 0, 0, 0, 0.0000000, 0.0000000, 0, 3.9100, 0.0000, 0.0000, 0.0000
ATT: -95, 1122, 9359
GPS: 0, 0, 0, 0.0000000, 0.0000000, 0, 3.9100, 0.0000, 0.0000, 0.0000
ATT: -122, 1136, 9344
GPS: 0, 0, 0, 0.0000000, 0.0000000, 0, 3.9100, 0.0000, 0.0000, 0.0000
ATT: -109, 1176, 9348
GPS: 0, 0, 0, 0.0000000, 0.0000000, 0, 3.9100, 0.0000, 0.0000, 0.0000
ATT: -139, 1116, 9365
GPS: 0, 0, 0, 0.0000000, 0.0000000, 0, 3.9100, 0.0000, 0.0000, 0.0000
ATT: -215, 1026, 9372
GPS: 0, 0, 0, 0.0000000, 0.0000000, 0, 3.9100, 0.0000, 0.0000, 0.0000
ATT: -249, 1022, 9351
GPS: 0, 0, 0, 0.0000000, 0.0000000, 0, 3.9100, 0.0000, 0.0000, 0.0000
ATT: -279, 1043, 9306
GPS: 0, 0, 0, 0.0000000, 0.0000000, 0, 3.9100, 0.0000, 0.0000, 0.0000
ATT: -322, 1038, 9256
GPS: 0, 0, 0, 0.0000000, 0.0000000, 0, 3.9100, 0.0000, 0.0000, 0.0000
ATT: -350, 1006, 9229
GPS: 0, 0, 0, 0.0000000, 0.0000000, 0, 3.9100, 0.0000, 0.0000, 0.0000
ATT: -361, 983, 9218
GPS: 0, 0, 0, 0.0000000, 0.0000000, 0, 3.9100, 0.0000, 0.0000, 0.0000
ATT: -352, 994, 9218
GPS: 0, 0, 0, 0.0000000, 0.0000000, 0, 3.9100, 0.0000, 0.0000, 0.0000
ATT: -297, 1015, 9225
GPS: 0, 0, 0, 0.0000000, 0.0000000, 0, 3.8200, 0.0000, 0.0000, 0.0000
ATT: -232, 1041, 9225
GPS: 0, 0, 0, 0.0000000, 0.0000000, 0, 3.8200, 0.0000, 0.0000, 0.0000
ATT: -218, 1004, 9198
GPS: 0, 0, 0, 0.0000000, 0.0000000, 0, 3.8200, 0.0000, 0.0000, 0.0000
ATT: -212, 954, 9160
GPS: 0, 0, 0, 0.0000000, 0.0000000, 0, 3.8200, 0.0000, 0.0000, 0.0000
ATT: -211, 920, 9120
GPS: 0, 0, 0, 0.0000000, 0.0000000, 0, 3.7300, 0.0000, 0.0000, 0.0000
ATT: -246, 829, 9075
GPS: 0, 0, 0, 0.0000000, 0.0000000, 0, 3.7300, 0.0000, 0.0000, 0.0000
ATT: -266, 708, 9041
GPS: 0, 0, 0, 0.0000000, 0.0000000, 0, 3.7300, 0.0000, 0.0000, 0.0000
ATT: -249, 545, 9004
GPS: 0, 0, 0, 0.0000000, 0.0000000, 0, 3.7300, 0.0000, 0.0000, 0.0000
ATT: -251, 487, 8973
GPS: 0, 0, 0, 0.0000000, 0.0000000, 0, 3.7300, 0.0000, 0.0000, 0.0000
ATT: -254, 557, 8968
GPS: 0, 0, 0, 0.0000000, 0.0000000, 0, 3.7300, 0.0000, 0.0000, 0.0000
ATT: -257, 663, 8992
GPS: 0, 0, 0, 0.0000000, 0.0000000, 0, 3.6400, 0.0000, 0.0000, 0.0000
ATT: -315, 746, 9039
GPS: 0, 0, 0, 0.0000000, 0.0000000, 0, 3.5600, 0.0000, 0.0000, 0.0000
ATT: -363, 809, 9112
GPS: 0, 0, 0, 0.0000000, 0.0000000, 0, 3.5600, 0.0000, 0.0000, 0.0000
ATT: -324, 821, 9200
GPS: 0, 0, 0, 0.0000000, 0.0000000, 0, 3.5600, 0.0000, 0.0000, 0.0000
ATT: -272, 810, 9256
GPS: 0, 0, 0, 0.0000000, 0.0000000, 0, 3.4700, 0.0000, 0.0000, 0.0000
ATT: -259, 810, 9266
GPS: 0, 0, 0, 0.0000000, 0.0000000, 0, 3.3800, 0.0000, 0.0000, 0.0000
ATT: -295, 874, 9217
GPS: 0, 0, 0, 0.0000000, 0.0000000, 0, 3.3800, 0.0000, 0.0000, 0.0000
ATT: -318, 879, 9130
GPS: 0, 0, 0, 0.0000000, 0.0000000, 0, 3.3800, 0.0000, 0.0000, 0.0000
ATT: -284, 873, 9042
GPS: 0, 0, 0, 0.0000000, 0.0000000, 0, 3.3800, 0.0000, 0.0000, 0.0000
ATT: -230, 849, 8968
GPS: 0, 0, 0, 0.0000000, 0.0000000, 0, 3.3800, 0.0000, 0.0000, 0.0000
ATT: -169, 851, 8922
GPS: 0, 0, 0, 0.0000000, 0.0000000, 0, 3.3800, 0.0000, 0.0000, 0.0000
ATT: -94, 884, 8908
GPS: 0, 0, 0, 0.0000000, 0.0000000, 0, 3.3800, 0.0000, 0.0000, 0.0000
ATT: -27, 897, 8911
GPS: 0, 0, 0, 0.0000000, 0.0000000, 0, 3.3800, 0.0000, 0.0000, 0.0000
ATT: 14, 822, 8913
GPS: 0, 0, 0, 0.0000000, 0.0000000, 0, 3.3800, 0.0000, 0.0000, 0.0000
ATT: 56, 685, 8901
GPS: 0, 0, 0, 0.0000000, 0.0000000, 0, 3.3800, 0.0000, 0.0000, 0.0000
ATT: 72, 602, 8876
GPS: 0, 0, 0, 0.0000000, 0.0000000, 0, 3.3800, 0.0000, 0.0000, 0.0000
ATT: 99, 543, 8840
GPS: 0, 0, 0, 0.0000000, 0.0000000, 0, 3.3800, 0.0000, 0.0000, 0.0000
ATT: 133, 498, 8784
GPS: 0, 0, 0, 0.0000000, 0.0000000, 0, 3.3800, 0.0000, 0.0000, 0.0000
ATT: 139, 494, 8728
GPS: 0, 0, 0, 0.0000000, 0.0000000, 0, 3.2900, 0.0000, 0.0000, 0.0000
ATT: 113, 523, 8672
GPS: 0, 0, 0, 0.0000000, 0.0000000, 0, 3.2900, 0.0000, 0.0000, 0.0000
ATT: 57, 552, 8604
GPS: 0, 0, 0, 0.0000000, 0.0000000, 0, 3.2900, 0.0000, 0.0000, 0.0000
ATT: -1, 597, 8534
GPS: 0, 0, 0, 0.0000000, 0.0000000, 0, 3.2900, 0.0000, 0.0000, 0.0000
ATT: -32, 582, 8466
GPS: 0, 0, 0, 0.0000000, 0.0000000, 0, 3.2000, 0.0000, 0.0000, 0.0000
ATT: -49, 511, 8401
GPS: 0, 0, 0, 0.0000000, 0.0000000, 0, 3.2000, 0.0000, 0.0000, 0.0000
ATT: -83, 503, 8340
GPS: 0, 0, 0, 0.0000000, 0.0000000, 0, 3.2000, 0.0000, 0.0000, 0.0000
ATT: -128, 542, 8280
GPS: 0, 0, 0, 0.0000000, 0.0000000, 0, 3.2000, 0.0000, 0.0000, 0.0000
ATT: -137, 572, 8222
GPS: 0, 0, 0, 0.0000000, 0.0000000, 0, 3.2000, 0.0000, 0.0000, 0.0000
ATT: -107, 603, 8167
GPS: 0, 0, 0, 0.0000000, 0.0000000, 0, 3.2000, 0.0000, 0.0000, 0.0000
ATT: -79, 857, 8117
GPS: 0, 0, 0, 0.0000000, 0.0000000, 0, 3.2000, 0.0000, 0.0000, 0.0000
ATT: -59, 1210, 8070
GPS: 0, 0, 0, 0.0000000, 0.0000000, 0, 3.2000, 0.0000, 0.0000, 0.0000
ATT: -49, 1542, 8017
GPS: 0, 0, 0, 0.0000000, 0.0000000, 0, 3.2000, 0.0000, 0.0000, 0.0000
ATT: -64, 1927, 7954
GPS: 0, 0, 0, 0.0000000, 0.0000000, 0, 3.2000, 0.0000, 0.0000, 0.0000
ATT: -122, 2313, 7878
GPS: 0, 0, 0, 0.0000000, 0.0000000, 0, 3.2000, 0.0000, 0.0000, 0.0000
ATT: -217, 2602, 7762
GPS: 0, 0, 0, 0.0000000, 0.0000000, 0, 3.2000, 0.0000, 0.0000, 0.0000
ATT: -317, 2797, 7620
GPS: 0, 0, 0, 0.0000000, 0.0000000, 0, 3.2900, 0.0000, 0.0000, 0.0000
ATT: -432, 2991, 7455
GPS: 0, 0, 0, 0.0000000, 0.0000000, 0, 3.2900, 0.0000, 0.0000, 0.0000
ATT: -551, 3107, 7297
GPS: 0, 0, 0, 0.0000000, 0.0000000, 0, 3.3800, 0.0000, 0.0000, 0.0000
ATT: -641, 3032, 7173
GPS: 0, 0, 0, 0.0000000, 0.0000000, 0, 3.4700, 0.0000, 0.0000, 0.0000
ATT: -670, 2648, 7068
GPS: 0, 0, 0, 0.0000000, 0.0000000, 0, 3.4700, 0.0000, 0.0000, 0.0000
ATT: -634, 2096, 6956
GPS: 0, 0, 0, 0.0000000, 0.0000000, 0, 3.4700, 0.0000, 0.0000, 0.0000
ATT: -559, 1510, 6818
GPS: 0, 0, 0, 0.0000000, 0.0000000, 0, 3.3800, 0.0000, 0.0000, 0.0000
ATT: -452, 938, 6669
GPS: 0, 0, 0, 0.0000000, 0.0000000, 0, 3.3800, 0.0000, 0.0000, 0.0000
ATT: -312, 471, 6528
GPS: 0, 0, 0, 0.0000000, 0.0000000, 0, 3.3800, 0.0000, 0.0000, 0.0000
ATT: -202, 42, 6476
GPS: 0, 0, 0, 0.0000000, 0.0000000, 0, 3.3800, 0.0000, 0.0000, 0.0000
ATT: -119, -315, 6479
GPS: 0, 0, 0, 0.0000000, 0.0000000, 0, 3.4700, 0.0000, 0.0000, 0.0000
ATT: -71, -612, 6484
GPS: 0, 0, 0, 0.0000000, 0.0000000, 0, 3.4700, 0.0000, 0.0000, 0.0000
ATT: -92, -850, 6539
GPS: 0, 0, 0, 0.0000000, 0.0000000, 0, 3.4700, 0.0000, 0.0000, 0.0000
ATT: -124, -1048, 6590
GPS: 0, 0, 0, 0.0000000, 0.0000000, 0, 3.4700, 0.0000, 0.0000, 0.0000
ATT: -153, -1229, 6638
GPS: 0, 0, 0, 0.0000000, 0.0000000, 0, 3.3800, 0.0000, 0.0000, 0.0000
ATT: -178, -1363, 6672
GPS: 0, 0, 0, 0.0000000, 0.0000000, 0, 3.3800, 0.0000, 0.0000, 0.0000
ATT: -209, -1481, 6704
GPS: 0, 0, 0, 0.0000000, 0.0000000, 0, 3.3800, 0.0000, 0.0000, 0.0000
ATT: -251, -1627, 6750
GPS: 0, 0, 0, 0.0000000, 0.0000000, 0, 3.3800, 0.0000, 0.0000, 0.0000
ATT: -295, -1812, 6823
GPS: 0, 0, 0, 0.0000000, 0.0000000, 0, 3.3800, 0.0000, 0.0000, 0.0000
ATT: -266, -1888, 6907
GPS: 0, 0, 0, 0.0000000, 0.0000000, 0, 3.3800, 0.0000, 0.0000, 0.0000
ATT: -200, -1842, 6937
GPS: 0, 0, 0, 0.0000000, 0.0000000, 0, 3.2900, 0.0000, 0.0000, 0.0000
ATT: -171, -1717, 6967
GPS: 0, 0, 0, 0.0000000, 0.0000000, 0, 3.2000, 0.0000, 0.0000, 0.0000
ATT: -129, -1549, 6963
GPS: 0, 0, 0, 0.0000000, 0.0000000, 0, 3.2000, 0.0000, 0.0000, 0.0000
ATT: -101, -1397, 6965
GPS: 0, 0, 0, 0.0000000, 0.0000000, 0, 3.2000, 0.0000, 0.0000, 0.0000
ATT: -84, -1269, 6966
GPS: 0, 0, 0, 0.0000000, 0.0000000, 0, 3.2000, 0.0000, 0.0000, 0.0000
ATT: -68, -1176, 6971
GPS: 0, 0, 0, 0.0000000, 0.0000000, 0, 3.2000, 0.0000, 0.0000, 0.0000
ATT: -60, -1162, 6996
GPS: 0, 0, 0, 0.0000000, 0.0000000, 0, 3.2000, 0.0000, 0.0000, 0.0000
ATT: -48, -1155, 7044
GPS: 0, 0, 0, 0.0000000, 0.0000000, 0, 3.2000, 0.0000, 0.0000, 0.0000
ATT: -2, -1082, 7095
GPS: 0, 0, 0, 0.0000000, 0.0000000, 0, 3.2900, 0.0000, 0.0000, 0.0000
ATT: 15, -1024, 7137
GPS: 0, 0, 0, 0.0000000, 0.0000000, 0, 3.2900, 0.0000, 0.0000, 0.0000
ATT: -1, -1004, 7155
GPS: 0, 0, 0, 0.0000000, 0.0000000, 0, 3.2900, 0.0000, 0.0000, 0.0000
ATT: 36, -968, 7156
GPS: 0, 0, 0, 0.0000000, 0.0000000, 0, 3.2900, 0.0000, 0.0000, 0.0000
ATT: 58, -898, 7129
GPS: 0, 0, 0, 0.0000000, 0.0000000, 0, 3.2000, 0.0000, 0.0000, 0.0000
ATT: 53, -849, 7094
GPS: 0, 0, 0, 0.0000000, 0.0000000, 0, 3.2000, 0.0000, 0.0000, 0.0000
ATT: 25, -823, 7076
GPS: 0, 0, 0, 0.0000000, 0.0000000, 0, 3.2000, 0.0000, 0.0000, 0.0000
ATT: -18, -820, 7091
GPS: 0, 0, 0, 0.0000000, 0.0000000, 0, 3.2000, 0.0000, 0.0000, 0.0000
ATT: -7, -853, 7118
GPS: 0, 0, 0, 0.0000000, 0.0000000, 0, 3.2000, 0.0000, 0.0000, 0.0000
ATT: 23, -835, 7131
GPS: 0, 0, 0, 0.0000000, 0.0000000, 0, 3.2000, 0.0000, 0.0000, 0.0000
ATT: 45, -831, 7115
GPS: 0, 0, 0, 0.0000000, 0.0000000, 0, 3.1100, 0.0000, 0.0000, 0.0000
ATT: 56, -836, 7106
GPS: 0, 0, 0, 0.0000000, 0.0000000, 0, 3.1100, 0.0000, 0.0000, 0.0000
ATT: 54, -871, 7120
GPS: 0, 0, 0, 0.0000000, 0.0000000, 0, 3.1100, 0.0000, 0.0000, 0.0000
ATT: 60, -881, 7156
GPS: 0, 0, 0, 0.0000000, 0.0000000, 0, 3.1100, 0.0000, 0.0000, 0.0000
ATT: 55, -833, 7197
GPS: 0, 0, 0, 0.0000000, 0.0000000, 0, 3.1100, 0.0000, 0.0000, 0.0000
ATT: 45, -751, 7246
GPS: 0, 0, 0, 0.0000000, 0.0000000, 0, 3.1100, 0.0000, 0.0000, 0.0000
ATT: 101, -685, 7283
GPS: 0, 0, 0, 0.0000000, 0.0000000, 0, 3.2000, 0.0000, 0.0000, 0.0000
ATT: 171, -697, 7291
GPS: 0, 0, 0, 0.0000000, 0.0000000, 0, 3.2900, 0.0000, 0.0000, 0.0000
ATT: 222, -711, 7256
GPS: 0, 0, 0, 0.0000000, 0.0000000, 0, 3.2900, 0.0000, 0.0000, 0.0000
ATT: 273, -735, 7175
GPS: 0, 0, 0, 0.0000000, 0.0000000, 0, 3.2900, 0.0000, 0.0000, 0.0000
ATT: 313, -801, 7071
GPS: 0, 0, 0, 0.0000000, 0.0000000, 0, 3.2900, 0.0000, 0.0000, 0.0000
ATT: 337, -847, 6986
GPS: 0, 0, 0, 0.0000000, 0.0000000, 0, 3.2900, 0.0000, 0.0000, 0.0000
ATT: 341, -852, 6945
GPS: 0, 0, 0, 0.0000000, 0.0000000, 0, 3.2900, 0.0000, 0.0000, 0.0000
ATT: 337, -864, 6941
GPS: 0, 0, 0, 0.0000000, 0.0000000, 0, 3.2900, 0.0000, 0.0000, 0.0000
ATT: 294, -974, 6967
GPS: 0, 0, 0, 0.0000000, 0.0000000, 0, 3.2900, 0.0000, 0.0000, 0.0000
ATT: 231, -1096, 7036
GPS: 0, 0, 0, 0.0000000, 0.0000000, 0, 3.2900, 0.0000, 0.0000, 0.0000
ATT: 222, -1124, 7138
GPS: 0, 0, 0, 0.0000000, 0.0000000, 0, 3.2900, 0.0000, 0.0000, 0.0000
ATT: 236, -1119, 7225
GPS: 0, 0, 0, 0.0000000, 0.0000000, 0, 3.2900, 0.0000, 0.0000, 0.0000
ATT: 255, -1097, 7281
GPS: 0, 0, 0, 0.0000000, 0.0000000, 0, 3.3800, 0.0000, 0.0000, 0.0000
ATT: 284, -1111, 7291
GPS: 0, 0, 0, 0.0000000, 0.0000000, 0, 3.4700, 0.0000, 0.0000, 0.0000
ATT: 315, -1118, 7271
GPS: 0, 0, 0, 0.0000000, 0.0000000, 0, 3.4700, 0.0000, 0.0000, 0.0000
ATT: 332, -1031, 7240
GPS: 0, 0, 0, 0.0000000, 0.0000000, 0, 3.4700, 0.0000, 0.0000, 0.0000
ATT: 228, -779, 7193
GPS: 0, 0, 0, 0.0000000, 0.0000000, 0, 3.4700, 0.0000, 0.0000, 0.0000
ATT: -91, -390, 7076
GPS: 0, 0, 0, 0.0000000, 0.0000000, 0, 3.4700, 0.0000, 0.0000, 0.0000
ATT: -401, -80, 6875
GPS: 0, 0, 0, 0.0000000, 0.0000000, 0, 3.4700, 0.0000, 0.0000, 0.0000
PM:20017,1001,20,0,0,0,0,0,1000,-9,-14,8,0, 
ATT: -569, 141, 6662
GPS: 0, 0, 0, 0.0000000, 0.0000000, 0, 3.4700, 0.0000, 0.0000, 0.0000
ATT: -688, 343, 6473
GPS: 0, 0, 0, 0.0000000, 0.0000000, 0, 3.4700, 0.0000, 0.0000, 0.0000
ATT: -708, 487, 6318
GPS: 0, 0, 0, 0.0000000, 0.0000000, 0, 3.4700, 0.0000, 0.0000, 0.0000
ATT: -630, 498, 6210
GPS: 0, 0, 0, 0.0000000, 0.0000000, 0, 3.4700, 0.0000, 0.0000, 0.0000
ATT: -552, 418, 6157
GPS: 0, 0, 0, 0.0000000, 0.0000000, 0, 3.4700, 0.0000, 0.0000, 0.0000
ATT: -499, 351, 6177
GPS: 0, 0, 0, 0.0000000, 0.0000000, 0, 3.4700, 0.0000, 0.0000, 0.0000
ATT: -454, 316, 6263
GPS: 0, 0, 0, 0.0000000, 0.0000000, 0, 3.4700, 0.0000, 0.0000, 0.0000
ATT: -399, 236, 6273
GPS: 0, 0, 0, 0.0000000, 0.0000000, 0, 3.4700, 0.0000, 0.0000, 0.0000
ATT: -362, 232, 6246
GPS: 0, 0, 0, 0.0000000, 0.0000000, 0, 3.4700, 0.0000, 0.0000, 0.0000
ATT: -403, 269, 6189
GPS: 0, 0, 0, 0.0000000, 0.0000000, 0, 3.4700, 0.0000, 0.0000, 0.0000
ATT: -399, 319, 6119
GPS: 0, 0, 0, 0.0000000, 0.0000000, 0, 3.4700, 0.0000, 0.0000, 0.0000
ATT: -213, 392, 6104
GPS: 0, 0, 0, 0.0000000, 0.0000000, 0, 3.4700, 0.0000, 0.0000, 0.0000
ATT: -8, 374, 6190
GPS: 0, 0, 0, 0.0000000, 0.0000000, 0, 3.4700, 0.0000, 0.0000, 0.0000
ATT: 62, 307, 6257
GPS: 0, 0, 0, 0.0000000, 0.0000000, 0, 3.4700, 0.0000, 0.0000, 0.0000
ATT: 28, 203, 6337
GPS: 0, 0, 0, 0.0000000, 0.0000000, 0, 3.4700, 0.0000, 0.0000, 0.0000
ATT: -42, 126, 6343
GPS: 0, 0, 0, 0.0000000, 0.0000000, 0, 3.3800, 0.0000, 0.0000, 0.0000
ATT: -50, 119, 6305
GPS: 0, 0, 0, 0.0000000, 0.0000000, 0, 3.3800, 0.0000, 0.0000, 0.0000
ATT: -102, 109, 6266
GPS: 0, 0, 0, 0.0000000, 0.0000000, 0, 3.3800, 0.0000, 0.0000, 0.0000
ATT: -124, 96, 6202
GPS: 0, 0, 0, 0.0000000, 0.0000000, 0, 3.3800, 0.0000, 0.0000, 0.0000
ATT: -134, 52, 6131
GPS: 0, 0, 0, 0.0000000, 0.0000000, 0, 3.3800, 0.0000, 0.0000, 0.0000
ATT: -143, 30, 6074
GPS: 0, 0, 0, 0.0000000, 0.0000000, 0, 3.3800, 0.0000, 0.0000, 0.0000
ATT: -115, 103, 6019
GPS: 0, 0, 0, 0.0000000, 0.0000000, 0, 3.3800, 0.0000, 0.0000, 0.0000
ATT: -60, 217, 5958
GPS: 0, 0, 0, 0.0000000, 0.0000000, 0, 3.3800, 0.0000, 0.0000, 0.0000
ATT: 11, 294, 5910
GPS: 0, 0, 0, 0.0000000, 0.0000000, 0, 3.3800, 0.0000, 0.0000, 0.0000
ATT: 78, 328, 5813
GPS: 0, 0, 0, 0.0000000, 0.0000000, 0, 3.3800, 0.0000, 0.0000, 0.0000
ATT: 173, 385, 5719
GPS: 0, 0, 0, 0.0000000, 0.0000000, 0, 3.3800, 0.0000, 0.0000, 0.0000
ATT: 292, 440, 5662
GPS: 0, 0, 0, 0.0000000, 0.0000000, 0, 3.3800, 0.0000, 0.0000, 0.0000
ATT: 352, 464, 5642
GPS: 0, 0, 0, 0.0000000, 0.0000000, 0, 3.3800, 0.0000, 0.0000, 0.0000
ATT: 398, 377, 5661
GPS: 0, 0, 0, 0.0000000, 0.0000000, 0, 3.3800, 0.0000, 0.0000, 0.0000
ATT: 492, 251, 5719
GPS: 0, 0, 0, 0.0000000, 0.0000000, 0, 3.3800, 0.0000, 0.0000, 0.0000
ATT: 580, 144, 5785
GPS: 0, 0, 0, 0.0000000, 0.0000000, 0, 3.3800, 0.0000, 0.0000, 0.0000
ATT: 578, 90, 5824
GPS: 0, 0, 0, 0.0000000, 0.0000000, 0, 3.3800, 0.0000, 0.0000, 0.0000
ATT: 446, 108, 5783
GPS: 0, 0, 0, 0.0000000, 0.0000000, 0, 3.3800, 0.0000, 0.0000, 0.0000
ATT: 307, 139, 5649
GPS: 0, 0, 0, 0.0000000, 0.0000000, 0, 3.3800, 0.0000, 0.0000, 0.0000
ATT: 210, 191, 5445
GPS: 0, 0, 0, 0.0000000, 0.0000000, 0, 3.3800, 0.0000, 0.0000, 0.0000
ATT: 169, 207, 5273
GPS: 0, 0, 0, 0.0000000, 0.0000000, 0, 3.3800, 0.0000, 0.0000, 0.0000
ATT: 117, 222, 5222
GPS: 0, 0, 0, 0.0000000, 0.0000000, 0, 3.3800, 0.0000, 0.0000, 0.0000
ATT: 44, 251, 5242
GPS: 0, 0, 0, 0.0000000, 0.0000000, 0, 3.3800, 0.0000, 0.0000, 0.0000
ATT: -27, 245, 5259
GPS: 0, 0, 0, 0.0000000, 0.0000000, 0, 3.3800, 0.0000, 0.0000, 0.0000
ATT: -93, 211, 5293
GPS: 0, 0, 0, 0.0000000, 0.0000000, 0, 3.3800, 0.0000, 0.0000, 0.0000
ATT: -194, 213, 5316
GPS: 0, 0, 0, 0.0000000, 0.0000000, 0, 3.3800, 0.0000, 0.0000, 0.0000
ATT: -289, 238, 5324
GPS: 0, 0, 0, 0.0000000, 0.0000000, 0, 3.4700, 0.0000, 0.0000, 0.0000
ATT: -295, 253, 5356
GPS: 0, 0, 0, 0.0000000, 0.0000000, 0, 3.4700, 0.0000, 0.0000, 0.0000
ATT: -274, 277, 5366
GPS: 0, 0, 0, 0.0000000, 0.0000000, 0, 3.3800, 0.0000, 0.0000, 0.0000
ATT: -245, 279, 5335
GPS: 0, 0, 0, 0.0000000, 0.0000000, 0, 3.2900, 0.0000, 0.0000, 0.0000
ATT: -186, 270, 5298
GPS: 0, 0, 0, 0.0000000, 0.0000000, 0, 3.2000, 0.0000, 0.0000, 0.0000
ATT: -166, 245, 5268
GPS: 0, 0, 0, 0.0000000, 0.0000000, 0, 3.1100, 0.0000, 0.0000, 0.0000
ATT: -175, 216, 5270
GPS: 0, 0, 0, 0.0000000, 0.0000000, 0, 3.1100, 0.0000, 0.0000, 0.0000
ATT: -206, 201, 5308
GPS: 0, 0, 0, 0.0000000, 0.0000000, 0, 3.1100, 0.0000, 0.0000, 0.0000
ATT: -253, 172, 5361
GPS: 0, 0, 0, 0.0000000, 0.0000000, 0, 3.1100, 0.0000, 0.0000, 0.0000
ATT: -408, 137, 5405
GPS: 0, 0, 0, 0.0000000, 0.0000000, 0, 3.1100, 0.0000, 0.0000, 0.0000
ATT: -491, 133, 5460
GPS: 0, 0, 0, 0.0000000, 0.0000000, 0, 3.1100, 0.0000, 0.0000, 0.0000
ATT: -453, 140, 5511
GPS: 0, 0, 0, 0.0000000, 0.0000000, 0, 3.1100, 0.0000, 0.0000, 0.0000
ATT: -433, 157, 5631
GPS: 0, 0, 0, 0.0000000, 0.0000000, 0, 3.0200, 0.0000, 0.0000, 0.0000
ATT: -446, 147, 5730
GPS: 0, 0, 0, 0.0000000, 0.0000000, 0, 3.0200, 0.0000, 0.0000, 0.0000
ATT: -412, 199, 5741
GPS: 0, 0, 0, 0.0000000, 0.0000000, 0, 3.0200, 0.0000, 0.0000, 0.0000
ATT: -406, 158, 5714
GPS: 0, 0, 0, 0.0000000, 0.0000000, 0, 3.0200, 0.0000, 0.0000, 0.0000
ATT: -395, 115, 5704
GPS: 0, 0, 0, 0.0000000, 0.0000000, 0, 3.0200, 0.0000, 0.0000, 0.0000
ATT: -416, 67, 5696
GPS: 0, 0, 0, 0.0000000, 0.0000000, 0, 3.0200, 0.0000, 0.0000, 0.0000
ATT: -450, 49, 5693
GPS: 0, 0, 0, 0.0000000, 0.0000000, 0, 2.9300, 0.0000, 0.0000, 0.0000
ATT: -468, 46, 5694
GPS: 0, 0, 0, 0.0000000, 0.0000000, 0, 2.9300, 0.0000, 0.0000, 0.0000
