Dumping Log 1,    start pg 1,   end pg 82

ArduPlane V2.33
Free RAM: 3497
GROUND START -  4 commands in memory
CMD:0,16,0,10000,426231904,-712072320, 
CMD:1,16,0,10000,426235616,-712060672, 
CMD:2,16,0,9900,426242016,-712065600, 
CMD:3,16,0,9900,426237920,-712078784, 
CMD:4,18,2,9900,426234528,-712076736, 
MOD:Manual
ATT: -41, 9, 35991
GPS: 146216848, 0, 0, 0.0000000, 0.0000000, 0, -0.4500, 33.5400, 0.0000, 0.0000
ATT: -36, 9, 35991
GPS: 146216848, 0, 0, 0.0000000, 0.0000000, 0, 0.6300, 33.5400, 0.0000, 0.0000
ATT: -32, 8, 35991
GPS: 146216848, 0, 0, 0.0000000, 0.0000000, 0, 1.4400, 33.5400, 0.0000, 0.0000
ATT: -27, 8, 35991
GPS: 146216848, 0, 0, 0.0000000, 0.0000000, 0, 1.8000, 33.5400, 0.0000, 0.0000
ATT: -24, 8, 35991
GPS: 146216848, 0, 0, 0.0000000, 0.0000000, 0, 2.0700, 33.5400, 0.0000, 0.0000
ATT: -20, 7, 35991
GPS: 146216848, 0, 0, 0.0000000, 0.0000000, 0, 1.8000, 33.5400, 0.0000, 0.0000
ATT: -18, 6, 35991
GPS: 146216848, 0, 0, 0.0000000, 0.0000000, 0, 1.6200, 33.5400, 0.0000, 0.0000
ATT: -15, 6, 35991
GPS: 146216848, 0, 0, 0.0000000, 0.0000000, 0, 1.1700, 33.5400, 0.0000, 0.0000
ATT: -13, 6, 35991
GPS: 146216848, 0, 0, 0.0000000, 0.0000000, 0, 0.9000, 33.5400, 0.0000, 0.0000
ATT: -12, 6, 35992
GPS: 146216848, 0, 0, 0.0000000, 0.0000000, 0, 0.0900, 33.5400, 0.0000, 0.0000
ATT: -10, 5, 35992
GPS: 146216848, 0, 0, 0.0000000, 0.0000000, 0, -0.4500, 33.5400, 0.0000, 0.0000
ATT: -8, 5, 35992
GPS: 146216848, 0, 0, 0.0000000, 0.0000000, 0, -0.7200, 33.5400, 0.0000, 0.0000
ATT: -7, 5, 35993
GPS: 146216848, 0, 0, 0.0000000, 0.0000000, 0, -0.9000, 33.5400, 0.0000, 0.0000
ATT: -5, 4, 35993
GPS: 146216848, 0, 0, 0.0000000, 0.0000000, 0, -0.9900, 33.5400, 0.0000, 0.0000
PM:20006,73,128,0,0,0,0,0,1,2,0,0,0, 
ATT: -4, 4, 35994
GPS: 146216848, 0, 0, 0.0000000, 0.0000000, 0, -1.0800, 33.5400, 0.0000, 0.0000
ATT: -4, 3, 35994
GPS: 146216848, 0, 0, 0.0000000, 0.0000000, 0, -1.0800, 33.5400, 0.0000, 0.0000
ATT: -3, 3, 35994
GPS: 146216848, 0, 0, 0.0000000, 0.0000000, 0, -1.0800, 33.5400, 0.0000, 0.0000
ATT: -2, 3, 35995
GPS: 146216848, 0, 0, 0.0000000, 0.0000000, 0, -1.0800, 33.5400, 0.0000, 0.0000
ATT: -2, 2, 35995
GPS: 146216848, 0, 0, 0.0000000, 0.0000000, 0, -1.0800, 33.5400, 0.0000, 0.0000
ATT: -2, 3, 35996
GPS: 146216848, 0, 0, 0.0000000, 0.0000000, 0, -1.0800, 33.5400, 0.0000, 0.0000
ATT: -2, 3, 35995
GPS: 146220848, 0, 0, 0.0000000, 0.0000000, 0, -1.0800, 33.5400, 0.0000, 0.0000
ATT: -1, 3, 35995
GPS: 146220848, 0, 0, 0.0000000, 0.0000000, 0, -0.9900, 33.5400, 0.0000, 0.0000
ATT: -1, 3, 35995
GPS: 146220848, 0, 0, 0.0000000, 0.0000000, 0, -0.9900, 33.5400, 0.0000, 0.0000
ATT: 0, 2, 35995
GPS: 146220848, 0, 0, 0.0000000, 0.0000000, 0, -0.9900, 33.5400, 0.0000, 0.0000
ATT: 0, 2, 35995
GPS: 146220848, 0, 0, 0.0000000, 0.0000000, 0, -0.9900, 33.5400, 0.0000, 0.0000
ATT: 0, 2, 35995
GPS: 146220848, 0, 0, 0.0000000, 0.0000000, 0, -0.9900, 33.5400, 0.0000, 0.0000
ATT: 0, 2, 35996
GPS: 146220848, 0, 0, 0.0000000, 0.0000000, 0, -0.9900, 33.5400, 0.0000, 0.0000
ATT: 0, 2, 35996
GPS: 146220848, 0, 0, 0.0000000, 0.0000000, 0, -1.1700, 33.5400, 0.0000, 0.0000
ATT: 0, 2, 35997
GPS: 146220848, 0, 0, 0.0000000, 0.0000000, 0, -1.2600, 33.5400, 0.0000, 0.0000
ATT: 0, 2, 35997
GPS: 146220848, 0, 0, 0.0000000, 0.0000000, 0, -1.1700, 33.5400, 0.0000, 0.0000
ATT: 0, 2, 35998
GPS: 146221848, 0, 0, 0.0000000, 0.0000000, 0, -1.0800, 33.5400, 0.0000, 0.0000
ATT: 0, 1, 35998
GPS: 146221848, 0, 0, 0.0000000, 0.0000000, 0, -1.0800, 33.5400, 0.0000, 0.0000
ATT: 0, 1, 35998
GPS: 146221848, 0, 0, 0.0000000, 0.0000000, 0, -1.0800, 33.5400, 0.0000, 0.0000
ATT: 0, 1, 35998
GPS: 146221848, 0, 0, 0.0000000, 0.0000000, 0, -0.9900, 33.5400, 0.0000, 0.0000
ATT: 0, 1, 35998
GPS: 146221848, 0, 0, 0.0000000, 0.0000000, 0, -0.9000, 33.5400, 0.0000, 0.0000
ATT: 0, 1, 35999
GPS: 146221848, 0, 0, 0.0000000, 0.0000000, 0, -1.0800, 33.5400, 0.0000, 0.0000
ATT: 0, 0, 35999
GPS: 146221848, 0, 0, 0.0000000, 0.0000000, 0, -1.1700, 33.5400, 0.0000, 0.0000
ATT: 0, 0, 35999
GPS: 146221848, 0, 0, 0.0000000, 0.0000000, 0, -1.1700, 33.5400, 0.0000, 0.0000
ATT: -1, 0, 0
GPS: 146221848, 0, 0, 0.0000000, 0.0000000, 0, -1.1700, 33.5400, 0.0000, 0.0000
ATT: -1, 0, 0
GPS: 146221848, 0, 0, 0.0000000, 0.0000000, 0, -1.1700, 33.5400, 0.0000, 0.0000
ATT: -1, 0, 0
GPS: 146222844, 0, 0, 0.0000000, 0.0000000, 0, -1.1700, 33.5400, 0.0000, 0.0000
ATT: -2, 0, 0
GPS: 146222844, 0, 0, 0.0000000, 0.0000000, 0, -1.1700, 33.5400, 0.0000, 0.0000
ATT: -2, -1, 0
GPS: 146222844, 0, 0, 0.0000000, 0.0000000, 0, -1.1700, 33.5400, 0.0000, 0.0000
ATT: -2, 0, 1
GPS: 146222844, 0, 0, 0.0000000, 0.0000000, 0, -1.0800, 33.5400, 0.0000, 0.0000
ATT: -2, 0, 1
GPS: 146222844, 0, 0, 0.0000000, 0.0000000, 0, -1.0800, 33.5400, 0.0000, 0.0000
ATT: -2, 0, 1
GPS: 146222844, 0, 0, 0.0000000, 0.0000000, 0, -1.2600, 33.5400, 0.0000, 0.0000
ATT: -2, 0, 1
GPS: 146222844, 0, 0, 0.0000000, 0.0000000, 0, -1.3500, 33.5400, 0.0000, 0.0000
ATT: -2, 0, 1
GPS: 146222844, 0, 0, 0.0000000, 0.0000000, 0, -1.4400, 33.5400, 0.0000, 0.0000
ATT: -2, 0, 1
GPS: 146222844, 0, 0, 0.0000000, 0.0000000, 0, -1.4400, 33.5400, 0.0000, 0.0000
ATT: -3, 0, 2
GPS: 146222844, 0, 0, 0.0000000, 0.0000000, 0, -1.3500, 33.5400, 0.0000, 0.0000
ATT: -4, 0, 2
GPS: 146223844, 0, 0, 0.0000000, 0.0000000, 0, -1.2600, 33.5400, 0.0000, 0.0000
ATT: -4, 0, 2
GPS: 146223844, 0, 0, 0.0000000, 0.0000000, 0, -1.1700, 33.5400, 0.0000, 0.0000
ATT: -4, 0, 2
GPS: 146223844, 0, 0, 0.0000000, 0.0000000, 0, -1.1700, 33.5400, 0.0000, 0.0000
ATT: -4, 1, 2
GPS: 146223844, 0, 0, 0.0000000, 0.0000000, 0, -1.0800, 33.5400, 0.0000, 0.0000
ATT: -4, 1, 2
GPS: 146223844, 0, 0, 0.0000000, 0.0000000, 0, -1.0800, 33.5400, 0.0000, 0.0000
ATT: -4, 2, 2
GPS: 146223844, 0, 0, 0.0000000, 0.0000000, 0, -1.0800, 33.5400, 0.0000, 0.0000
ATT: -4, 2, 3
GPS: 146223844, 0, 0, 0.0000000, 0.0000000, 0, -1.0800, 33.5400, 0.0000, 0.0000
ATT: -4, 1, 3
GPS: 146223844, 0, 0, 0.0000000, 0.0000000, 0, -1.0800, 33.5400, 0.0000, 0.0000
ATT: -3, 2, 3
GPS: 146223844, 0, 0, 0.0000000, 0.0000000, 0, -1.0800, 33.5400, 0.0000, 0.0000
ATT: -3, 1, 4
GPS: 146223844, 0, 0, 0.0000000, 0.0000000, 0, -1.0800, 33.5400, 0.0000, 0.0000
ATT: -4, 2, 4
GPS: 146224848, 0, 0, 0.0000000, 0.0000000, 0, -1.0800, 33.5400, 0.0000, 0.0000
ATT: -4, 3, 4
GPS: 146224848, 0, 0, 0.0000000, 0.0000000, 0, -1.0800, 33.5400, 0.0000, 0.0000
ATT: -4, 4, 4
GPS: 146224848, 0, 0, 0.0000000, 0.0000000, 0, -1.0800, 33.5400, 0.0000, 0.0000
ATT: -5, 4, 5
GPS: 146224848, 0, 0, 0.0000000, 0.0000000, 0, -1.1700, 33.5400, 0.0000, 0.0000
ATT: -5, 4, 4
GPS: 146224848, 0, 0, 0.0000000, 0.0000000, 0, -1.2600, 33.5400, 0.0000, 0.0000
ATT: -5, 4, 5
GPS: 146224848, 0, 0, 0.0000000, 0.0000000, 0, -1.3500, 33.5400, 0.0000, 0.0000
ATT: -5, 4, 6
GPS: 146224848, 0, 0, 0.0000000, 0.0000000, 0, -1.4400, 33.5400, 0.0000, 0.0000
ATT: -5, 4, 6
GPS: 146224848, 0, 0, 0.0000000, 0.0000000, 0, -1.4400, 33.5400, 0.0000, 0.0000
ATT: -5, 4, 6
GPS: 146224848, 0, 0, 0.0000000, 0.0000000, 0, -1.4400, 33.5400, 0.0000, 0.0000
ATT: -5, 4, 7
GPS: 146224848, 0, 0, 0.0000000, 0.0000000, 0, -1.2600, 33.5400, 0.0000, 0.0000
ATT: -5, 3, 7
GPS: 146225848, 0, 0, 0.0000000, 0.0000000, 0, -1.1700, 33.5400, 0.0000, 0.0000
ATT: -5, 3, 8
GPS: 146225848, 0, 0, 0.0000000, 0.0000000, 0, -1.2600, 33.5400, 0.0000, 0.0000
ATT: -5, 4, 8
GPS: 146225848, 0, 0, 0.0000000, 0.0000000, 0, -1.2600, 33.5400, 0.0000, 0.0000
ATT: -5, 4, 8
GPS: 146225848, 0, 0, 0.0000000, 0.0000000, 0, -1.1700, 33.5400, 0.0000, 0.0000
ATT: -5, 4, 9
GPS: 146225848, 0, 0, 0.0000000, 0.0000000, 0, -1.0800, 33.5400, 0.0000, 0.0000
ATT: -5, 4, 10
GPS: 146225848, 0, 0, 0.0000000, 0.0000000, 0, -1.0800, 33.5400, 0.0000, 0.0000
ATT: -5, 4, 10
GPS: 146225848, 0, 0, 0.0000000, 0.0000000, 0, -1.0800, 33.5400, 0.0000, 0.0000
ATT: -5, 4, 11
GPS: 146225848, 0, 0, 0.0000000, 0.0000000, 0, -1.0800, 33.5400, 0.0000, 0.0000
ATT: -6, 4, 12
GPS: 146225848, 0, 0, 0.0000000, 0.0000000, 0, -1.0800, 33.5400, 0.0000, 0.0000
ATT: -6, 4, 12
GPS: 146225848, 0, 0, 0.0000000, 0.0000000, 0, -1.0800, 33.5400, 0.0000, 0.0000
ATT: -6, 4, 12
GPS: 146226844, 0, 0, 0.0000000, 0.0000000, 0, -1.0800, 33.5400, 0.0000, 0.0000
ATT: -5, 4, 13
GPS: 146226844, 0, 0, 0.0000000, 0.0000000, 0, -0.9000, 33.5400, 0.0000, 0.0000
ATT: -6, 3, 13
GPS: 146226844, 0, 0, 0.0000000, 0.0000000, 0, -0.8100, 33.5400, 0.0000, 0.0000
ATT: -5, 4, 14
GPS: 146226844, 0, 0, 0.0000000, 0.0000000, 0, -0.9000, 33.5400, 0.0000, 0.0000
ATT: -5, 4, 14
GPS: 146226844, 0, 0, 0.0000000, 0.0000000, 0, -0.9000, 33.5400, 0.0000, 0.0000
ATT: -6, 5, 15
GPS: 146226844, 0, 0, 0.0000000, 0.0000000, 0, -0.9000, 33.5400, 0.0000, 0.0000
ATT: -6, 5, 16
GPS: 146226844, 0, 0, 0.0000000, 0.0000000, 0, -0.9000, 33.5400, 0.0000, 0.0000
ATT: -6, 5, 17
GPS: 146226844, 0, 0, 0.0000000, 0.0000000, 0, -0.9000, 33.5400, 0.0000, 0.0000
ATT: -5, 4, 17
GPS: 146226844, 0, 0, 0.0000000, 0.0000000, 0, -0.9000, 33.5400, 0.0000, 0.0000
ATT: -5, 4, 18
GPS: 146226844, 0, 0, 0.0000000, 0.0000000, 0, -0.9900, 33.5400, 0.0000, 0.0000
ATT: -6, 4, 19
GPS: 146227844, 0, 0, 0.0000000, 0.0000000, 0, -0.9900, 33.5400, 0.0000, 0.0000
ATT: -6, 3, 20
GPS: 146227844, 0, 0, 0.0000000, 0.0000000, 0, -1.1700, 33.5400, 0.0000, 0.0000
ATT: -6, 4, 20
GPS: 146227844, 0, 0, 0.0000000, 0.0000000, 0, -1.3500, 33.5400, 0.0000, 0.0000
ATT: -6, 4, 21
GPS: 146227844, 0, 0, 0.0000000, 0.0000000, 0, -1.3500, 33.5400, 0.0000, 0.0000
ATT: -6, 4, 22
GPS: 146227844, 0, 0, 0.0000000, 0.0000000, 0, -1.3500, 33.5400, 0.0000, 0.0000
ATT: -7, 4, 23
GPS: 146227844, 0, 0, 0.0000000, 0.0000000, 0, -1.4400, 33.5400, 0.0000, 0.0000
ATT: -7, 3, 24
GPS: 146227844, 0, 0, 0.0000000, 0.0000000, 0, -1.5300, 33.5400, 0.0000, 0.0000
ATT: -7, 3, 25
GPS: 146227844, 0, 0, 0.0000000, 0.0000000, 0, -1.4400, 33.5400, 0.0000, 0.0000
ATT: -7, 3, 25
GPS: 146227844, 0, 0, 0.0000000, 0.0000000, 0, -1.3500, 33.5400, 0.0000, 0.0000
ATT: -7, 3, 26
GPS: 146227844, 0, 0, 0.0000000, 0.0000000, 0, -1.3500, 33.5400, 0.0000, 0.0000
ATT: -7, 3, 27
GPS: 146228848, 0, 0, 0.0000000, 0.0000000, 0, -1.3500, 33.5400, 0.0000, 0.0000
ATT: -8, 4, 27
GPS: 146228848, 0, 0, 0.0000000, 0.0000000, 0, -1.5300, 33.5400, 0.0000, 0.0000
ATT: -7, 4, 28
GPS: 146228848, 0, 0, 0.0000000, 0.0000000, 0, -1.6200, 33.5400, 0.0000, 0.0000
ATT: -8, 4, 29
GPS: 146228848, 0, 0, 0.0000000, 0.0000000, 0, -1.7100, 33.5400, 0.0000, 0.0000
ATT: -8, 4, 30
GPS: 146228848, 0, 0, 0.0000000, 0.0000000, 0, -1.7100, 33.5400, 0.0000, 0.0000
ATT: -8, 4, 31
GPS: 146228848, 0, 0, 0.0000000, 0.0000000, 0, -1.7100, 33.5400, 0.0000, 0.0000
ATT: -8, 4, 31
GPS: 146228848, 0, 0, 0.0000000, 0.0000000, 0, -1.7100, 33.5400, 0.0000, 0.0000
ATT: -8, 3, 31
GPS: 146228848, 0, 0, 0.0000000, 0.0000000, 0, -1.8000, 33.5400, 0.0000, 0.0000
ATT: -8, 2, 32
GPS: 146228848, 0, 0, 0.0000000, 0.0000000, 0, -1.8000, 33.5400, 0.0000, 0.0000
ATT: -8, 2, 32
GPS: 146228848, 0, 0, 0.0000000, 0.0000000, 0, -1.8000, 33.5400, 0.0000, 0.0000
ATT: -8, 2, 32
GPS: 146229848, 0, 0, 0.0000000, 0.0000000, 0, -1.8000, 33.5400, 0.0000, 0.0000
ATT: -8, 2, 34
GPS: 146229848, 0, 0, 0.0000000, 0.0000000, 0, -1.7100, 33.5400, 0.0000, 0.0000
ATT: -8, 2, 35
GPS: 146229848, 0, 0, 0.0000000, 0.0000000, 0, -1.6200, 33.5400, 0.0000, 0.0000
ATT: -8, 2, 35
GPS: 146229848, 0, 0, 0.0000000, 0.0000000, 0, -1.5300, 33.5400, 0.0000, 0.0000
ATT: -8, 2, 36
GPS: 146229848, 0, 0, 0.0000000, 0.0000000, 0, -1.5300, 33.5400, 0.0000, 0.0000
ATT: -8, 2, 37
GPS: 146229848, 0, 0, 0.0000000, 0.0000000, 0, -1.4400, 33.5400, 0.0000, 0.0000
ATT: -8, 2, 37
GPS: 146229848, 0, 0, 0.0000000, 0.0000000, 0, -1.3500, 33.5400, 0.0000, 0.0000
ATT: -8, 2, 37
GPS: 146229848, 0, 0, 0.0000000, 0.0000000, 0, -1.3500, 33.5400, 0.0000, 0.0000
ATT: -9, 2, 37
GPS: 146229848, 0, 0, 0.0000000, 0.0000000, 0, -1.3500, 33.5400, 0.0000, 0.0000
ATT: -8, 2, 38
GPS: 146229848, 0, 0, 0.0000000, 0.0000000, 0, -1.3500, 33.5400, 0.0000, 0.0000
ATT: -9, 3, 38
GPS: 146230844, 0, 0, 0.0000000, 0.0000000, 0, -1.3500, 33.5400, 0.0000, 0.0000
ATT: -9, 2, 39
GPS: 146230844, 0, 0, 0.0000000, 0.0000000, 0, -1.3500, 33.5400, 0.0000, 0.0000
ATT: -9, 3, 39
GPS: 146230844, 0, 0, 0.0000000, 0.0000000, 0, -1.3500, 33.5400, 0.0000, 0.0000
ATT: -9, 2, 40
GPS: 146230844, 0, 0, 0.0000000, 0.0000000, 0, -1.4400, 33.5400, 0.0000, 0.0000
ATT: -9, 2, 41
GPS: 146230844, 0, 0, 0.0000000, 0.0000000, 0, -1.4400, 33.5400, 0.0000, 0.0000
ATT: -8, 3, 41
GPS: 146230844, 0, 0, 0.0000000, 0.0000000, 0, -1.3500, 33.5400, 0.0000, 0.0000
ATT: -8, 3, 42
GPS: 146230844, 0, 0, 0.0000000, 0.0000000, 0, -1.2600, 33.5400, 0.0000, 0.0000
ATT: -7, 2, 42
GPS: 146230844, 0, 0, 0.0000000, 0.0000000, 0, -1.3500, 33.5400, 0.0000, 0.0000
ATT: -8, 3, 43
GPS: 146230844, 0, 0, 0.0000000, 0.0000000, 0, -1.4400, 33.5400, 0.0000, 0.0000
ATT: -8, 3, 43
GPS: 146230844, 0, 0, 0.0000000, 0.0000000, 0, -1.4400, 33.5400, 0.0000, 0.0000
ATT: -8, 3, 44
GPS: 146231844, 0, 0, 0.0000000, 0.0000000, 0, -1.4400, 33.5400, 0.0000, 0.0000
ATT: -8, 3, 44
GPS: 146231844, 0, 0, 0.0000000, 0.0000000, 0, -1.3500, 33.5400, 0.0000, 0.0000
ATT: -8, 3, 45
GPS: 146231844, 0, 0, 0.0000000, 0.0000000, 0, -1.2600, 33.5400, 0.0000, 0.0000
ATT: -8, 3, 45
GPS: 146231844, 0, 0, 0.0000000, 0.0000000, 0, -1.0800, 33.5400, 0.0000, 0.0000
ATT: -7, 2, 45
GPS: 146231844, 0, 0, 0.0000000, 0.0000000, 0, -0.9900, 33.5400, 0.0000, 0.0000
ATT: -8, 3, 46
GPS: 146231844, 0, 0, 0.0000000, 0.0000000, 0, -1.0800, 33.5400, 0.0000, 0.0000
ATT: -8, 3, 47
GPS: 146231844, 0, 0, 0.0000000, 0.0000000, 0, -1.1700, 33.5400, 0.0000, 0.0000
ATT: -8, 4, 48
GPS: 146231844, 0, 0, 0.0000000, 0.0000000, 0, -1.2600, 33.5400, 0.0000, 0.0000
ATT: -8, 4, 48
GPS: 146231844, 0, 0, 0.0000000, 0.0000000, 0, -1.2600, 33.5400, 0.0000, 0.0000
ATT: -9, 5, 49
GPS: 146231844, 0, 0, 0.0000000, 0.0000000, 0, -1.2600, 33.5400, 0.0000, 0.0000
ATT: -9, 4, 50
GPS: 146232848, 0, 0, 0.0000000, 0.0000000, 0, -1.2600, 33.5400, 0.0000, 0.0000
ATT: -8, 4, 51
GPS: 146232848, 0, 0, 0.0000000, 0.0000000, 0, -1.2600, 33.5400, 0.0000, 0.0000
ATT: -8, 4, 52
GPS: 146232848, 0, 0, 0.0000000, 0.0000000, 0, -1.2600, 33.5400, 0.0000, 0.0000
ATT: -8, 5, 53
GPS: 146232848, 0, 0, 0.0000000, 0.0000000, 0, -1.1700, 33.5400, 0.0000, 0.0000
ATT: -8, 4, 54
GPS: 146232848, 0, 0, 0.0000000, 0.0000000, 0, -1.1700, 33.5400, 0.0000, 0.0000
ATT: -8, 5, 55
GPS: 146232848, 0, 0, 0.0000000, 0.0000000, 0, -1.2600, 33.5400, 0.0000, 0.0000
ATT: -8, 5, 56
GPS: 146232848, 0, 0, 0.0000000, 0.0000000, 0, -1.2600, 33.5400, 0.0000, 0.0000
ATT: -8, 5, 57
GPS: 146232848, 0, 0, 0.0000000, 0.0000000, 0, -1.1700, 33.5400, 0.0000, 0.0000
ATT: -8, 5, 58
GPS: 146232848, 0, 0, 0.0000000, 0.0000000, 0, -1.0800, 33.5400, 0.0000, 0.0000
ATT: -8, 6, 59
GPS: 146232848, 0, 0, 0.0000000, 0.0000000, 0, -1.0800, 33.5400, 0.0000, 0.0000
ATT: -7, 7, 60
GPS: 146233848, 0, 0, 0.0000000, 0.0000000, 0, -1.0800, 33.5400, 0.0000, 0.0000
ATT: -7, 6, 60
GPS: 146233848, 0, 0, 0.0000000, 0.0000000, 0, -1.0800, 33.5400, 0.0000, 0.0000
ATT: -8, 6, 61
GPS: 146233848, 0, 0, 0.0000000, 0.0000000, 0, -1.0800, 33.5400, 0.0000, 0.0000
ATT: -7, 5, 61
GPS: 146233848, 0, 0, 0.0000000, 0.0000000, 0, -1.0800, 33.5400, 0.0000, 0.0000
ATT: -7, 5, 62
GPS: 146233848, 0, 0, 0.0000000, 0.0000000, 0, -1.0800, 33.5400, 0.0000, 0.0000
ATT: -6, 5, 62
GPS: 146233848, 0, 0, 0.0000000, 0.0000000, 0, -1.0800, 33.5400, 0.0000, 0.0000
ATT: -6, 6, 63
GPS: 146233848, 0, 0, 0.0000000, 0.0000000, 0, -1.0800, 33.5400, 0.0000, 0.0000
ATT: -6, 6, 64
GPS: 146233848, 0, 0, 0.0000000, 0.0000000, 0, -1.0800, 33.5400, 0.0000, 0.0000
ATT: -6, 6, 65
GPS: 146233848, 0, 0, 0.0000000, 0.0000000, 0, -1.0800, 33.5400, 0.0000, 0.0000
ATT: -6, 6, 66
GPS: 146233848, 0, 0, 0.0000000, 0.0000000, 0, -1.0800, 33.5400, 0.0000, 0.0000
ATT: -5, 6, 66
GPS: 146234844, 0, 0, 0.0000000, 0.0000000, 0, -1.0800, 33.5400, 0.0000, 0.0000
ATT: -6, 6, 67
GPS: 146234844, 0, 0, 0.0000000, 0.0000000, 0, -1.0800, 33.5400, 0.0000, 0.0000
ATT: -5, 6, 68
GPS: 146234844, 0, 0, 0.0000000, 0.0000000, 0, -1.0800, 33.5400, 0.0000, 0.0000
ATT: -5, 6, 69
GPS: 146234844, 0, 0, 0.0000000, 0.0000000, 0, -1.1700, 33.5400, 0.0000, 0.0000
ATT: -5, 6, 69
GPS: 146234844, 0, 0, 0.0000000, 0.0000000, 0, -1.2600, 33.5400, 0.0000, 0.0000
ATT: -5, 6, 70
GPS: 146234844, 0, 0, 0.0000000, 0.0000000, 0, -1.0800, 33.5400, 0.0000, 0.0000
ATT: -5, 6, 70
GPS: 146234844, 0, 0, 0.0000000, 0.0000000, 0, -0.9900, 33.5400, 0.0000, 0.0000
ATT: -5, 6, 71
GPS: 146234844, 0, 0, 0.0000000, 0.0000000, 0, -0.9900, 33.5400, 0.0000, 0.0000
ATT: -5, 6, 72
GPS: 146234844, 0, 0, 0.0000000, 0.0000000, 0, -0.9900, 33.5400, 0.0000, 0.0000
ATT: -5, 5, 73
GPS: 146234844, 0, 0, 0.0000000, 0.0000000, 0, -1.0800, 33.5400, 0.0000, 0.0000
ATT: -4, 5, 73
GPS: 146235844, 0, 0, 0.0000000, 0.0000000, 0, -1.1700, 33.5400, 0.0000, 0.0000
ATT: -4, 5, 74
GPS: 146235844, 0, 0, 0.0000000, 0.0000000, 0, -1.4400, 33.5400, 0.0000, 0.0000
ATT: -4, 4, 74
GPS: 146235844, 0, 0, 0.0000000, 0.0000000, 0, -1.6200, 33.5400, 0.0000, 0.0000
ATT: -3, 4, 75
GPS: 146235844, 0, 0, 0.0000000, 0.0000000, 0, -1.6200, 33.5400, 0.0000, 0.0000
ATT: -3, 4, 75
GPS: 146235844, 0, 0, 0.0000000, 0.0000000, 0, -1.6200, 33.5400, 0.0000, 0.0000
ATT: -3, 4, 75
GPS: 146235844, 0, 0, 0.0000000, 0.0000000, 0, -1.5300, 33.5400, 0.0000, 0.0000
ATT: -3, 4, 75
GPS: 146235844, 0, 0, 0.0000000, 0.0000000, 0, -1.4400, 33.5400, 0.0000, 0.0000
ATT: -4, 4, 76
GPS: 146235844, 0, 0, 0.0000000, 0.0000000, 0, -1.3500, 33.5400, 0.0000, 0.0000
ATT: -3, 4, 77
GPS: 146235844, 0, 0, 0.0000000, 0.0000000, 0, -1.2600, 33.5400, 0.0000, 0.0000
ATT: -4, 3, 77
GPS: 146235844, 0, 0, 0.0000000, 0.0000000, 0, -1.3500, 33.5400, 0.0000, 0.0000
ATT: -4, 4, 78
GPS: 146236848, 0, 0, 0.0000000, 0.0000000, 0, -1.3500, 33.5400, 0.0000, 0.0000
ATT: -4, 4, 78
GPS: 146236848, 0, 0, 0.0000000, 0.0000000, 0, -1.3500, 33.5400, 0.0000, 0.0000
ATT: -4, 4, 79
GPS: 146236848, 0, 0, 0.0000000, 0.0000000, 0, -1.3500, 33.5400, 0.0000, 0.0000
ATT: -4, 3, 80
GPS: 146236848, 0, 0, 0.0000000, 0.0000000, 0, -1.4400, 33.5400, 0.0000, 0.0000
ATT: -3, 4, 80
GPS: 146236848, 0, 0, 0.0000000, 0.0000000, 0, -1.4400, 33.5400, 0.0000, 0.0000
ATT: -4, 5, 81
GPS: 146236848, 0, 0, 0.0000000, 0.0000000, 0, -1.4400, 33.5400, 0.0000, 0.0000
ATT: -3, 5, 81
GPS: 146236848, 0, 0, 0.0000000, 0.0000000, 0, -1.4400, 33.5400, 0.0000, 0.0000
ATT: -3, 5, 82
GPS: 146236848, 0, 0, 0.0000000, 0.0000000, 0, -1.4400, 33.5400, 0.0000, 0.0000
ATT: -3, 5, 83
GPS: 146236848, 0, 0, 0.0000000, 0.0000000, 0, -1.4400, 33.5400, 0.0000, 0.0000
ATT: -2, 5, 84
GPS: 146236848, 0, 0, 0.0000000, 0.0000000, 0, -1.4400, 33.5400, 0.0000, 0.0000
ATT: -2, 5, 85
GPS: 146237848, 0, 0, 0.0000000, 0.0000000, 0, -1.4400, 33.5400, 0.0000, 0.0000
ATT: -2, 6, 85
GPS: 146237848, 0, 0, 0.0000000, 0.0000000, 0, -1.4400, 33.5400, 0.0000, 0.0000
ATT: -1, 5, 86
GPS: 146237848, 0, 0, 0.0000000, 0.0000000, 0, -1.4400, 33.5400, 0.0000, 0.0000
ATT: -1, 4, 86
GPS: 146237848, 0, 0, 0.0000000, 0.0000000, 0, -1.4400, 33.5400, 0.0000, 0.0000
ATT: 0, 4, 86
GPS: 146237848, 0, 0, 0.0000000, 0.0000000, 0, -1.4400, 33.5400, 0.0000, 0.0000
ATT: -1, 5, 87
GPS: 146237848, 0, 0, 0.0000000, 0.0000000, 0, -1.4400, 33.5400, 0.0000, 0.0000
ATT: 0, 5, 87
GPS: 146237848, 0, 0, 0.0000000, 0.0000000, 0, -1.4400, 33.5400, 0.0000, 0.0000
ATT: 0, 6, 87
GPS: 146237848, 0, 0, 0.0000000, 0.0000000, 0, -1.4400, 33.5400, 0.0000, 0.0000
ATT: 0, 5, 88
GPS: 146237848, 0, 0, 0.0000000, 0.0000000, 0, -1.4400, 33.5400, 0.0000, 0.0000
ATT: 0, 5, 88
GPS: 146237848, 0, 0, 0.0000000, 0.0000000, 0, -1.4400, 33.5400, 0.0000, 0.0000
ATT: 0, 5, 88
GPS: 146238844, 0, 0, 0.0000000, 0.0000000, 0, -1.4400, 33.5400, 0.0000, 0.0000
ATT: 1, 5, 89
GPS: 146238844, 0, 0, 0.0000000, 0.0000000, 0, -1.3500, 33.5400, 0.0000, 0.0000
ATT: 2, 5, 90
GPS: 146238844, 0, 0, 0.0000000, 0.0000000, 0, -1.2600, 33.5400, 0.0000, 0.0000
ATT: 1, 5, 90
GPS: 146238844, 0, 0, 0.0000000, 0.0000000, 0, -1.2600, 33.5400, 0.0000, 0.0000
ATT: 1, 6, 91
GPS: 146238844, 0, 0, 0.0000000, 0.0000000, 0, -1.2600, 33.5400, 0.0000, 0.0000
ATT: 1, 6, 91
GPS: 146238844, 0, 0, 0.0000000, 0.0000000, 0, -1.4400, 33.5400, 0.0000, 0.0000
ATT: 1, 7, 92
GPS: 146238844, 0, 0, 0.0000000, 0.0000000, 0, -1.6200, 33.5400, 0.0000, 0.0000
ATT: 2, 8, 93
GPS: 146238844, 0, 0, 0.0000000, 0.0000000, 0, -1.6200, 33.5400, 0.0000, 0.0000
ATT: 2, 8, 94
GPS: 146238844, 0, 0, 0.0000000, 0.0000000, 0, -1.6200, 33.5400, 0.0000, 0.0000
ATT: 2, 8, 95
GPS: 146238844, 0, 0, 0.0000000, 0.0000000, 0, -1.6200, 33.5400, 0.0000, 0.0000
ATT: 2, 8, 95
GPS: 146239844, 0, 0, 0.0000000, 0.0000000, 0, -1.6200, 33.5400, 0.0000, 0.0000
ATT: 2, 7, 96
GPS: 146239844, 0, 0, 0.0000000, 0.0000000, 0, -1.6200, 33.5400, 0.0000, 0.0000
ATT: 2, 7, 96
GPS: 146239844, 0, 0, 0.0000000, 0.0000000, 0, -1.6200, 33.5400, 0.0000, 0.0000
ATT: 2, 8, 97
GPS: 146239844, 0, 0, 0.0000000, 0.0000000, 0, -1.4400, 33.5400, 0.0000, 0.0000
ATT: 2, 8, 98
GPS: 146239844, 0, 0, 0.0000000, 0.0000000, 0, -1.3500, 33.5400, 0.0000, 0.0000
PM:20019,1001,20,0,0,0,0,0,1,3,0,0,0, 
ATT: 1, 9, 99
GPS: 146239844, 0, 0, 0.0000000, 0.0000000, 0, -1.4400, 33.5400, 0.0000, 0.0000
ATT: 2, 9, 99
GPS: 146239844, 0, 0, 0.0000000, 0.0000000, 0, -1.4400, 33.5400, 0.0000, 0.0000
ATT: 1, 9, 100
GPS: 146239844, 0, 0, 0.0000000, 0.0000000, 0, -1.5300, 33.5400, 0.0000, 0.0000
ATT: 2, 10, 101
GPS: 146239844, 0, 0, 0.0000000, 0.0000000, 0, -1.6200, 33.5400, 0.0000, 0.0000
ATT: 2, 9, 101
GPS: 146239844, 0, 0, 0.0000000, 0.0000000, 0, -1.6200, 33.5400, 0.0000, 0.0000
ATT: 2, 10, 102
GPS: 146240848, 0, 0, 0.0000000, 0.0000000, 0, -1.6200, 33.5400, 0.0000, 0.0000
ATT: 1, 10, 103
GPS: 146240848, 0, 0, 0.0000000, 0.0000000, 0, -1.6200, 33.5400, 0.0000, 0.0000
ATT: 2, 10, 103
GPS: 146240848, 0, 0, 0.0000000, 0.0000000, 0, -1.6200, 33.5400, 0.0000, 0.0000
ATT: 2, 11, 104
GPS: 146240848, 0, 0, 0.0000000, 0.0000000, 0, -1.6200, 33.5400, 0.0000, 0.0000
ATT: 3, 10, 104
GPS: 146240848, 0, 0, 0.0000000, 0.0000000, 0, -1.6200, 33.5400, 0.0000, 0.0000
ATT: 3, 10, 105
GPS: 146240848, 0, 0, 0.0000000, 0.0000000, 0, -1.6200, 33.5400, 0.0000, 0.0000
ATT: 4, 10, 105
GPS: 146240848, 0, 0, 0.0000000, 0.0000000, 0, -1.6200, 33.5400, 0.0000, 0.0000
ATT: 4, 10, 105
GPS: 146240848, 0, 0, 0.0000000, 0.0000000, 0, -1.4400, 33.5400, 0.0000, 0.0000
ATT: 5, 10, 106
GPS: 146240848, 0, 0, 0.0000000, 0.0000000, 0, -1.3500, 33.5400, 0.0000, 0.0000
ATT: 5, 10, 107
GPS: 146240848, 0, 0, 0.0000000, 0.0000000, 0, -1.4400, 33.5400, 0.0000, 0.0000
ATT: 5, 9, 108
GPS: 146241848, 0, 0, 0.0000000, 0.0000000, 0, -1.4400, 33.5400, 0.0000, 0.0000
ATT: 6, 9, 108
GPS: 146241848, 0, 0, 0.0000000, 0.0000000, 0, -1.4400, 33.5400, 0.0000, 0.0000
ATT: 5, 10, 108
GPS: 146241848, 0, 0, 0.0000000, 0.0000000, 0, -1.4400, 33.5400, 0.0000, 0.0000
ATT: 6, 10, 108
GPS: 146241848, 0, 0, 0.0000000, 0.0000000, 0, -1.4400, 33.5400, 0.0000, 0.0000
ATT: 6, 11, 108
GPS: 146241848, 0, 0, 0.0000000, 0.0000000, 0, -1.4400, 33.5400, 0.0000, 0.0000
ATT: 6, 11, 109
GPS: 146241848, 0, 0, 0.0000000, 0.0000000, 0, -1.3500, 33.5400, 0.0000, 0.0000
ATT: 6, 11, 110
GPS: 146241848, 0, 0, 0.0000000, 0.0000000, 0, -1.2600, 33.5400, 0.0000, 0.0000
ATT: 6, 11, 110
GPS: 146241848, 0, 0, 0.0000000, 0.0000000, 0, -1.3500, 33.5400, 0.0000, 0.0000
ATT: 6, 12, 111
GPS: 146241848, 0, 0, 0.0000000, 0.0000000, 0, -1.3500, 33.5400, 0.0000, 0.0000
ATT: 7, 11, 111
GPS: 146241848, 0, 0, 0.0000000, 0.0000000, 0, -1.5300, 33.5400, 0.0000, 0.0000
ATT: 9, 11, 111
GPS: 146242844, 0, 0, 0.0000000, 0.0000000, 0, -1.6200, 33.5400, 0.0000, 0.0000
ATT: 9, 11, 112
GPS: 146242844, 0, 0, 0.0000000, 0.0000000, 0, -1.8000, 33.5400, 0.0000, 0.0000
ATT: 8, 11, 112
GPS: 146242844, 0, 0, 0.0000000, 0.0000000, 0, -1.8900, 33.5400, 0.0000, 0.0000
ATT: 9, 10, 111
GPS: 146242844, 0, 0, 0.0000000, 0.0000000, 0, -1.8900, 33.5400, 0.0000, 0.0000
ATT: 9, 10, 111
GPS: 146242844, 0, 0, 0.0000000, 0.0000000, 0, -1.8900, 33.5400, 0.0000, 0.0000
ATT: 9, 10, 111
GPS: 146242844, 0, 0, 0.0000000, 0.0000000, 0, -1.9800, 33.5400, 0.0000, 0.0000
ATT: 11, 9, 112
GPS: 146242844, 0, 0, 0.0000000, 0.0000000, 0, -1.9800, 33.5400, 0.0000, 0.0000
ATT: 11, 11, 112
GPS: 146242844, 0, 0, 0.0000000, 0.0000000, 0, -1.9800, 33.5400, 0.0000, 0.0000
ATT: 12, 11, 111
GPS: 146242844, 0, 0, 0.0000000, 0.0000000, 0, -1.9800, 33.5400, 0.0000, 0.0000
ATT: 12, 10, 111
GPS: 146242844, 0, 0, 0.0000000, 0.0000000, 0, -1.9800, 33.5400, 0.0000, 0.0000
ATT: 13, 9, 111
GPS: 146243844, 0, 0, 0.0000000, 0.0000000, 0, -1.9800, 33.5400, 0.0000, 0.0000
ATT: 13, 10, 110
GPS: 146243844, 0, 0, 0.0000000, 0.0000000, 0, -1.9800, 33.5400, 0.0000, 0.0000
ATT: 9, 10, 110
GPS: 146243844, 0, 0, 0.0000000, 0.0000000, 0, -1.9800, 33.5400, 0.0000, 0.0000
ATT: 11, 10, 109
GPS: 146243844, 0, 0, 0.0000000, 0.0000000, 0, -1.9800, 33.5400, 0.0000, 0.0000
ATT: 9, 15, 111
GPS: 146243844, 0, 0, 0.0000000, 0.0000000, 0, -1.9800, 33.5400, 0.0000, 0.0000
ATT: 12, 12, 112
GPS: 146243844, 0, 0, 0.0000000, 0.0000000, 0, -1.9800, 33.5400, 0.0000, 0.0000
ATT: 8, 20, 109
GPS: 146243844, 0, 0, 0.0000000, 0.0000000, 0, -1.9800, 33.5400, 0.0000, 0.0000
ATT: 1, 24, 108
GPS: 146243844, 0, 0, 0.0000000, 0.0000000, 0, -1.8000, 33.5400, 0.0000, 0.0000
ATT: 5, 14, 112
GPS: 146243844, 0, 0, 0.0000000, 0.0000000, 0, -1.7100, 33.5400, 0.0000, 0.0000
ATT: -3, 25, 112
GPS: 146243844, 0, 0, 0.0000000, 0.0000000, 0, -1.8000, 33.5400, 0.0000, 0.0000
ATT: 1, 17, 114
GPS: 146244848, 0, 0, 0.0000000, 0.0000000, 0, -1.8000, 33.5400, 0.0000, 0.0000
ATT: 1, 19, 113
GPS: 146244848, 0, 0, 0.0000000, 0.0000000, 0, -1.8000, 33.5400, 0.0000, 0.0000
ATT: -5, 28, 108
GPS: 146244848, 0, 0, 0.0000000, 0.0000000, 0, -1.8000, 33.5400, 0.0000, 0.0000
ATT: 11, 10, 112
GPS: 146244848, 0, 0, 0.0000000, 0.0000000, 0, -1.7100, 33.5400, 0.0000, 0.0000
ATT: 7, 19, 111
GPS: 146244848, 0, 0, 0.0000000, 0.0000000, 0, -1.7100, 33.5400, 0.0000, 0.0000
ATT: 10, 25, 112
GPS: 146244848, 0, 0, 0.0000000, 0.0000000, 0, -1.8000, 33.5400, 0.0000, 0.0000
ATT: 17, 25, 113
GPS: 146244848, 0, 0, 0.0000000, 0.0000000, 0, -1.8000, 33.5400, 0.0000, 0.0000
ATT: 23, 18, 113
GPS: 146244848, 0, 0, 0.0000000, 0.0000000, 0, -1.7100, 33.5400, 0.0000, 0.0000
ATT: 23, 24, 112
GPS: 146244848, 0, 0, 0.0000000, 0.0000000, 0, -1.6200, 33.5400, 0.0000, 0.0000
ATT: 18, 16, 113
GPS: 146244848, 0, 0, 0.0000000, 0.0000000, 0, -1.8000, 33.5400, 0.0000, 0.0000
ATT: 31, 14, 113
GPS: 146245848, 0, 0, 0.0000000, 0.0000000, 0, -1.8900, 33.5400, 0.0000, 0.0000
ATT: 24, 26, 112
GPS: 146245848, 0, 0, 0.0000000, 0.0000000, 0, -1.9800, 33.5400, 0.0000, 0.0000
ATT: 30, 13, 111
GPS: 146245848, 0, 0, 0.0000000, 0.0000000, 0, -2.0700, 33.5400, 0.0000, 0.0000
ATT: 33, 18, 110
GPS: 146245848, 0, 0, 0.0000000, 0.0000000, 0, -2.0700, 33.5400, 0.0000, 0.0000
ATT: 36, 23, 107
GPS: 146245848, 0, 0, 0.0000000, 0.0000000, 0, -2.0700, 33.5400, 0.0000, 0.0000
ATT: 33, 18, 106
GPS: 146245848, 0, 0, 0.0000000, 0.0000000, 0, -2.0700, 33.5400, 0.0000, 0.0000
ATT: 29, 16, 104
GPS: 146245848, 0, 0, 0.0000000, 0.0000000, 0, -2.0700, 33.5400, 0.0000, 0.0000
ATT: 26, 16, 103
GPS: 146245848, 0, 0, 0.0000000, 0.0000000, 0, -2.2500, 33.5400, 0.0000, 0.0000
ATT: 25, 9, 100
GPS: 146245848, 0, 0, 0.0000000, 0.0000000, 0, -2.3400, 33.5400, 0.0000, 0.0000
ATT: 24, 1, 94
GPS: 146245848, 0, 0, 0.0000000, 0.0000000, 0, -2.2500, 33.5400, 0.0000, 0.0000
ATT: 27, -3, 82
GPS: 146246844, 0, 0, 0.0000000, 0.0000000, 0, -2.1600, 33.5400, 0.0000, 0.0000
ATT: 35, -8, 77
GPS: 146246844, 0, 0, 0.0000000, 0.0000000, 0, -2.2500, 33.5400, 0.0000, 0.0000
ATT: 37, -8, 81
GPS: 146246844, 0, 0, 0.0000000, 0.0000000, 0, -2.2500, 33.5400, 0.0000, 0.0000
ATT: 54, -24, 64
GPS: 146246844, 0, 0, 0.0000000, 0.0000000, 0, -2.2500, 33.5400, 0.0000, 0.0000
ATT: 50, -25, 61
GPS: 146246844, 0, 0, 0.0000000, 0.0000000, 0, -2.2500, 33.5400, 0.0000, 0.0000
ATT: 53, -28, 62
GPS: 146246844, 0, 0, 0.0000000, 0.0000000, 0, -2.3400, 33.5400, 0.0000, 0.0000
ATT: 52, -24, 62
GPS: 146246844, 0, 0, 0.0000000, 0.0000000, 0, -2.4300, 33.5400, 0.0000, 0.0000
ATT: 36, 12, 86
GPS: 146246844, 0, 0, 0.0000000, 0.0000000, 0, -2.2500, 33.5400, 0.0000, 0.0000
ATT: 27, 15, 92
GPS: 146246844, 0, 0, 0.0000000, 0.0000000, 0, -2.1600, 33.5400, 0.0000, 0.0000
ATT: 27, 16, 92
GPS: 146246844, 0, 0, 0.0000000, 0.0000000, 0, -2.1600, 33.5400, 0.0000, 0.0000
ATT: 10, 14, 92
GPS: 146247848, 0, 0, 0.0000000, 0.0000000, 0, -2.1600, 33.5400, 0.0000, 0.0000
ATT: 14, 16, 93
GPS: 146247848, 0, 0, 0.0000000, 0.0000000, 0, -2.3400, 33.5400, 0.0000, 0.0000
ATT: 13, 16, 90
GPS: 146247848, 0, 0, 0.0000000, 0.0000000, 0, -2.4300, 33.5400, 0.0000, 0.0000
ATT: 15, 15, 90
GPS: 146247848, 0, 0, 0.0000000, 0.0000000, 0, -2.4300, 33.5400, 0.0000, 0.0000
ATT: 16, 14, 91
GPS: 146247848, 0, 0, 0.0000000, 0.0000000, 0, -2.4300, 33.5400, 0.0000, 0.0000
ATT: 19, 15, 91
GPS: 146247848, 0, 0, 0.0000000, 0.0000000, 0, -2.4300, 33.5400, 0.0000, 0.0000
ATT: 19, 15, 91
GPS: 146247848, 0, 0, 0.0000000, 0.0000000, 0, -2.4300, 33.5400, 0.0000, 0.0000
ATT: 20, 15, 90
GPS: 146247848, 0, 0, 0.0000000, 0.0000000, 0, -2.4300, 33.5400, 0.0000, 0.0000
ATT: 20, 14, 89
GPS: 146247848, 0, 0, 0.0000000, 0.0000000, 0, -2.4300, 33.5400, 0.0000, 0.0000
ATT: 20, 15, 89
GPS: 146247848, 0, 0, 0.0000000, 0.0000000, 0, -2.4300, 33.5400, 0.0000, 0.0000
ATT: 21, 15, 87
GPS: 146248848, 0, 0, 0.0000000, 0.0000000, 0, -2.4300, 33.5400, 0.0000, 0.0000
ATT: 21, 15, 88
GPS: 146248848, 0, 0, 0.0000000, 0.0000000, 0, -2.3400, 33.5400, 0.0000, 0.0000
ATT: 21, 15, 88
GPS: 146248848, 0, 0, 0.0000000, 0.0000000, 0, -2.2500, 33.5400, 0.0000, 0.0000
ATT: 22, 15, 87
GPS: 146248848, 0, 0, 0.0000000, 0.0000000, 0, -2.2500, 33.5400, 0.0000, 0.0000
ATT: 22, 15, 86
GPS: 146248848, 0, 0, 0.0000000, 0.0000000, 0, -2.2500, 33.5400, 0.0000, 0.0000
ATT: 22, 14, 86
GPS: 146248848, 0, 0, 0.0000000, 0.0000000, 0, -2.2500, 33.5400, 0.0000, 0.0000
ATT: 23, 14, 85
GPS: 146248848, 0, 0, 0.0000000, 0.0000000, 0, -2.2500, 33.5400, 0.0000, 0.0000
ATT: 25, 13, 84
GPS: 146248848, 0, 0, 0.0000000, 0.0000000, 0, -2.4300, 33.5400, 0.0000, 0.0000
ATT: 25, 13, 83
GPS: 146248848, 0, 0, 0.0000000, 0.0000000, 0, -2.5200, 33.5400, 0.0000, 0.0000
ATT: 25, 12, 82
GPS: 146248848, 0, 0, 0.0000000, 0.0000000, 0, -2.5200, 33.5400, 0.0000, 0.0000
ATT: 25, 12, 81
GPS: 146249848, 0, 0, 0.0000000, 0.0000000, 0, -2.5200, 33.5400, 0.0000, 0.0000
ATT: 26, 11, 80
GPS: 146249848, 0, 0, 0.0000000, 0.0000000, 0, -2.3400, 33.5400, 0.0000, 0.0000
ATT: 26, 12, 78
GPS: 146249848, 0, 0, 0.0000000, 0.0000000, 0, -2.2500, 33.5400, 0.0000, 0.0000
ATT: 25, 12, 78
GPS: 146249848, 0, 0, 0.0000000, 0.0000000, 0, -2.2500, 33.5400, 0.0000, 0.0000
ATT: 27, 12, 77
GPS: 146249848, 0, 0, 0.0000000, 0.0000000, 0, -2.2500, 33.5400, 0.0000, 0.0000
ATT: 27, 11, 76
GPS: 146249848, 0, 0, 0.0000000, 0.0000000, 0, -2.2500, 33.5400, 0.0000, 0.0000
ATT: 27, 12, 75
GPS: 146249848, 0, 0, 0.0000000, 0.0000000, 0, -2.2500, 33.5400, 0.0000, 0.0000
ATT: 28, 12, 74
GPS: 146249848, 0, 0, 0.0000000, 0.0000000, 0, -2.3400, 33.5400, 0.0000, 0.0000
ATT: 28, 13, 72
GPS: 146249848, 0, 0, 0.0000000, 0.0000000, 0, -2.3400, 33.5400, 0.0000, 0.0000
ATT: 29, 13, 71
GPS: 146249848, 0, 0, 0.0000000, 0.0000000, 0, -2.3400, 33.5400, 0.0000, 0.0000
ATT: 29, 13, 70
GPS: 146250844, 0, 0, 0.0000000, 0.0000000, 0, -2.3400, 33.5400, 0.0000, 0.0000
ATT: 29, 14, 69
GPS: 146250844, 0, 0, 0.0000000, 0.0000000, 0, -2.3400, 33.5400, 0.0000, 0.0000
ATT: 29, 15, 68
GPS: 146250844, 0, 0, 0.0000000, 0.0000000, 0, -2.3400, 33.5400, 0.0000, 0.0000
ATT: 30, 15, 67
GPS: 146250844, 0, 0, 0.0000000, 0.0000000, 0, -2.2500, 33.5400, 0.0000, 0.0000
ATT: 30, 16, 66
GPS: 146250844, 0, 0, 0.0000000, 0.0000000, 0, -2.1600, 33.5400, 0.0000, 0.0000
ATT: 30, 16, 65
GPS: 146250844, 0, 0, 0.0000000, 0.0000000, 0, -2.1600, 33.5400, 0.0000, 0.0000
ATT: 31, 15, 64
GPS: 146250844, 0, 0, 0.0000000, 0.0000000, 0, -2.1600, 33.5400, 0.0000, 0.0000
ATT: 31, 16, 62
GPS: 146250844, 0, 0, 0.0000000, 0.0000000, 0, -2.2500, 33.5400, 0.0000, 0.0000
ATT: 32, 16, 61
GPS: 146250844, 0, 0, 0.0000000, 0.0000000, 0, -2.3400, 33.5400, 0.0000, 0.0000
ATT: 31, 15, 60
GPS: 146250844, 0, 0, 0.0000000, 0.0000000, 0, -2.1600, 33.5400, 0.0000, 0.0000
ATT: 32, 16, 58
GPS: 146251844, 0, 0, 0.0000000, 0.0000000, 0, -1.9800, 33.5400, 0.0000, 0.0000
ATT: 31, 16, 58
GPS: 146251844, 0, 0, 0.0000000, 0.0000000, 0, -1.8900, 33.5400, 0.0000, 0.0000
ATT: 29, 17, 56
GPS: 146251844, 0, 0, 0.0000000, 0.0000000, 0, -1.8000, 33.5400, 0.0000, 0.0000
ATT: 29, 17, 54
GPS: 146251844, 0, 0, 0.0000000, 0.0000000, 0, -1.8000, 33.5400, 0.0000, 0.0000
ATT: 29, 17, 53
GPS: 146251844, 0, 0, 0.0000000, 0.0000000, 0, -1.8000, 33.5400, 0.0000, 0.0000
ATT: 28, 18, 52
GPS: 146251844, 0, 0, 0.0000000, 0.0000000, 0, -1.8900, 33.5400, 0.0000, 0.0000
ATT: 29, 17, 51
GPS: 146251844, 0, 0, 0.0000000, 0.0000000, 0, -1.9800, 33.5400, 0.0000, 0.0000
ATT: 29, 17, 49
GPS: 146251844, 0, 0, 0.0000000, 0.0000000, 0, -1.9800, 33.5400, 0.0000, 0.0000
ATT: 28, 18, 48
GPS: 146251844, 0, 0, 0.0000000, 0.0000000, 0, -1.9800, 33.5400, 0.0000, 0.0000
ATT: 29, 18, 46
GPS: 146251844, 0, 0, 0.0000000, 0.0000000, 0, -1.8900, 33.5400, 0.0000, 0.0000
ATT: 29, 18, 44
GPS: 146252848, 0, 0, 0.0000000, 0.0000000, 0, -1.8900, 33.5400, 0.0000, 0.0000
ATT: 29, 18, 43
GPS: 146252848, 0, 0, 0.0000000, 0.0000000, 0, -1.8900, 33.5400, 0.0000, 0.0000
ATT: 29, 18, 42
GPS: 146252848, 0, 0, 0.0000000, 0.0000000, 0, -1.8900, 33.5400, 0.0000, 0.0000
ATT: 30, 18, 41
GPS: 146252848, 0, 0, 0.0000000, 0.0000000, 0, -1.8900, 33.5400, 0.0000, 0.0000
ATT: 29, 19, 39
GPS: 146252848, 0, 0, 0.0000000, 0.0000000, 0, -1.8900, 33.5400, 0.0000, 0.0000
ATT: 31, 20, 38
GPS: 146252848, 0, 0, 0.0000000, 0.0000000, 0, -1.8900, 33.5400, 0.0000, 0.0000
ATT: 30, 20, 37
GPS: 146252848, 0, 0, 0.0000000, 0.0000000, 0, -1.8900, 33.5400, 0.0000, 0.0000
ATT: 29, 21, 36
GPS: 146252848, 0, 0, 0.0000000, 0.0000000, 0, -1.8000, 33.5400, 0.0000, 0.0000
ATT: 29, 22, 35
GPS: 146252848, 0, 0, 0.0000000, 0.0000000, 0, -1.8000, 33.5400, 0.0000, 0.0000
ATT: 28, 21, 34
GPS: 146252848, 0, 0, 0.0000000, 0.0000000, 0, -1.5300, 33.5400, 0.0000, 0.0000
ATT: 28, 20, 33
GPS: 146253848, 0, 0, 0.0000000, 0.0000000, 0, -1.3500, 33.5400, 0.0000, 0.0000
ATT: 27, 21, 32
GPS: 146253848, 0, 0, 0.0000000, 0.0000000, 0, -1.5300, 33.5400, 0.0000, 0.0000
ATT: 27, 20, 31
GPS: 146253848, 0, 0, 0.0000000, 0.0000000, 0, -1.6200, 33.5400, 0.0000, 0.0000
ATT: 27, 20, 31
GPS: 146253848, 0, 0, 0.0000000, 0.0000000, 0, -1.7100, 33.5400, 0.0000, 0.0000
ATT: 26, 20, 30
GPS: 146253848, 0, 0, 0.0000000, 0.0000000, 0, -1.7100, 33.5400, 0.0000, 0.0000
ATT: 26, 19, 29
GPS: 146253848, 0, 0, 0.0000000, 0.0000000, 0, -1.8900, 33.5400, 0.0000, 0.0000
ATT: 25, 19, 28
GPS: 146253848, 0, 0, 0.0000000, 0.0000000, 0, -1.9800, 33.5400, 0.0000, 0.0000
ATT: 25, 19, 27
GPS: 146253848, 0, 0, 0.0000000, 0.0000000, 0, -1.9800, 33.5400, 0.0000, 0.0000
ATT: 25, 19, 26
GPS: 146253848, 0, 0, 0.0000000, 0.0000000, 0, -1.9800, 33.5400, 0.0000, 0.0000
ATT: 24, 19, 25
GPS: 146253848, 0, 0, 0.0000000, 0.0000000, 0, -1.9800, 33.5400, 0.0000, 0.0000
ATT: 25, 19, 24
GPS: 146254844, 0, 0, 0.0000000, 0.0000000, 0, -1.9800, 33.5400, 0.0000, 0.0000
ATT: 24, 20, 23
GPS: 146254844, 0, 0, 0.0000000, 0.0000000, 0, -1.8900, 33.5400, 0.0000, 0.0000
ATT: 23, 20, 22
GPS: 146254844, 0, 0, 0.0000000, 0.0000000, 0, -1.8000, 33.5400, 0.0000, 0.0000
ATT: 24, 20, 21
GPS: 146254844, 0, 0, 0.0000000, 0.0000000, 0, -1.8000, 33.5400, 0.0000, 0.0000
ATT: 23, 20, 19
GPS: 146254844, 0, 0, 0.0000000, 0.0000000, 0, -1.8000, 33.5400, 0.0000, 0.0000
ATT: 23, 21, 18
GPS: 146254844, 0, 0, 0.0000000, 0.0000000, 0, -1.8000, 33.5400, 0.0000, 0.0000
ATT: 22, 22, 18
GPS: 146254844, 0, 0, 0.0000000, 0.0000000, 0, -1.8000, 33.5400, 0.0000, 0.0000
ATT: 22, 22, 17
GPS: 146254844, 0, 0, 0.0000000, 0.0000000, 0, -1.7100, 33.5400, 0.0000, 0.0000
ATT: 21, 21, 17
GPS: 146254844, 0, 0, 0.0000000, 0.0000000, 0, -1.7100, 33.5400, 0.0000, 0.0000
ATT: 21, 22, 16
GPS: 146254844, 0, 0, 0.0000000, 0.0000000, 0, -1.7100, 33.5400, 0.0000, 0.0000
ATT: 20, 21, 13
GPS: 146255844, 0, 0, 0.0000000, 0.0000000, 0, -1.7100, 33.5400, 0.0000, 0.0000
ATT: 21, 21, 12
GPS: 146255844, 0, 0, 0.0000000, 0.0000000, 0, -1.8000, 33.5400, 0.0000, 0.0000
ATT: 21, 21, 11
GPS: 146255844, 0, 0, 0.0000000, 0.0000000, 0, -1.8900, 33.5400, 0.0000, 0.0000
ATT: 21, 21, 11
GPS: 146255844, 0, 0, 0.0000000, 0.0000000, 0, -1.8900, 33.5400, 0.0000, 0.0000
ATT: 20, 21, 11
GPS: 146255844, 0, 0, 0.0000000, 0.0000000, 0, -1.8900, 33.5400, 0.0000, 0.0000
ATT: 19, 21, 11
GPS: 146255844, 0, 0, 0.0000000, 0.0000000, 0, -1.8900, 33.5400, 0.0000, 0.0000
ATT: 19, 21, 10
GPS: 146255844, 0, 0, 0.0000000, 0.0000000, 0, -1.8900, 33.5400, 0.0000, 0.0000
ATT: 19, 20, 9
GPS: 146255844, 0, 0, 0.0000000, 0.0000000, 0, -1.9800, 33.5400, 0.0000, 0.0000
ATT: 19, 19, 8
GPS: 146255844, 0, 0, 0.0000000, 0.0000000, 0, -2.0700, 33.5400, 0.0000, 0.0000
ATT: 19, 19, 6
GPS: 146255844, 0, 0, 0.0000000, 0.0000000, 0, -1.9800, 33.5400, 0.0000, 0.0000
ATT: 20, 18, 6
GPS: 146256848, 0, 0, 0.0000000, 0.0000000, 0, -1.8900, 33.5400, 0.0000, 0.0000
ATT: 20, 17, 5
GPS: 146256848, 0, 0, 0.0000000, 0.0000000, 0, -1.7100, 33.5400, 0.0000, 0.0000
ATT: 21, 16, 4
GPS: 146256848, 0, 0, 0.0000000, 0.0000000, 0, -1.6200, 33.5400, 0.0000, 0.0000
ATT: 21, 16, 3
GPS: 146256848, 0, 0, 0.0000000, 0.0000000, 0, -1.5300, 33.5400, 0.0000, 0.0000
ATT: 21, 15, 2
GPS: 146256848, 0, 0, 0.0000000, 0.0000000, 0, -1.5300, 33.5400, 0.0000, 0.0000
ATT: 21, 14, 0
GPS: 146256848, 0, 0, 0.0000000, 0.0000000, 0, -1.6200, 33.5400, 0.0000, 0.0000
ATT: 21, 14, 0
GPS: 146256848, 0, 0, 0.0000000, 0.0000000, 0, -1.7100, 33.5400, 0.0000, 0.0000
ATT: 21, 14, 35999
GPS: 146256848, 0, 0, 0.0000000, 0.0000000, 0, -1.7100, 33.5400, 0.0000, 0.0000
ATT: 21, 12, 35998
GPS: 146256848, 0, 0, 0.0000000, 0.0000000, 0, -1.7100, 33.5400, 0.0000, 0.0000
ATT: 21, 12, 35997
GPS: 146256848, 0, 0, 0.0000000, 0.0000000, 0, -1.9800, 33.5400, 0.0000, 0.0000
ATT: 22, 12, 35996
GPS: 146257848, 0, 0, 0.0000000, 0.0000000, 0, -2.1600, 33.5400, 0.0000, 0.0000
ATT: 22, 12, 35995
GPS: 146257848, 0, 0, 0.0000000, 0.0000000, 0, -1.9800, 33.5400, 0.0000, 0.0000
ATT: 22, 12, 35994
GPS: 146257848, 0, 0, 0.0000000, 0.0000000, 0, -1.8900, 33.5400, 0.0000, 0.0000
ATT: 24, 11, 35994
GPS: 146257848, 0, 0, 0.0000000, 0.0000000, 0, -1.8900, 33.5400, 0.0000, 0.0000
ATT: 25, 11, 35992
GPS: 146257848, 0, 0, 0.0000000, 0.0000000, 0, -1.8900, 33.5400, 0.0000, 0.0000
ATT: 26, 11, 35991
GPS: 146257848, 0, 0, 0.0000000, 0.0000000, 0, -1.9800, 33.5400, 0.0000, 0.0000
ATT: 26, 11, 35990
GPS: 146257848, 0, 0, 0.0000000, 0.0000000, 0, -2.0700, 33.5400, 0.0000, 0.0000
ATT: 29, 10, 35991
GPS: 146257848, 0, 0, 0.0000000, 0.0000000, 0, -2.0700, 33.5400, 0.0000, 0.0000
ATT: 31, 9, 35991
GPS: 146257848, 0, 0, 0.0000000, 0.0000000, 0, -2.0700, 33.5400, 0.0000, 0.0000
ATT: 31, 10, 35990
GPS: 146257848, 0, 0, 0.0000000, 0.0000000, 0, -1.9800, 33.5400, 0.0000, 0.0000
ATT: 31, 10, 35990
GPS: 146258844, 0, 0, 0.0000000, 0.0000000, 0, -1.8900, 33.5400, 0.0000, 0.0000
ATT: 34, 9, 35991
GPS: 146258844, 0, 0, 0.0000000, 0.0000000, 0, -1.8900, 33.5400, 0.0000, 0.0000
ATT: 34, 9, 35989
GPS: 146258844, 0, 0, 0.0000000, 0.0000000, 0, -1.8900, 33.5400, 0.0000, 0.0000
ATT: 34, 10, 35987
GPS: 146258844, 0, 0, 0.0000000, 0.0000000, 0, -1.8900, 33.5400, 0.0000, 0.0000
ATT: 34, 11, 35985
GPS: 146258844, 0, 0, 0.0000000, 0.0000000, 0, -1.8900, 33.5400, 0.0000, 0.0000
ATT: 34, 11, 35984
GPS: 146258844, 0, 0, 0.0000000, 0.0000000, 0, -1.8900, 33.5400, 0.0000, 0.0000
ATT: 35, 11, 35983
GPS: 146258844, 0, 0, 0.0000000, 0.0000000, 0, -1.8900, 33.5400, 0.0000, 0.0000
ATT: 35, 11, 35982
GPS: 146258844, 0, 0, 0.0000000, 0.0000000, 0, -1.8900, 33.5400, 0.0000, 0.0000
ATT: 34, 13, 35982
GPS: 146258844, 0, 0, 0.0000000, 0.0000000, 0, -1.8900, 33.5400, 0.0000, 0.0000
ATT: 32, 13, 35981
GPS: 146258844, 0, 0, 0.0000000, 0.0000000, 0, -1.9800, 33.5400, 0.0000, 0.0000
ATT: 33, 14, 35981
GPS: 146259844, 0, 0, 0.0000000, 0.0000000, 0, -1.9800, 33.5400, 0.0000, 0.0000
ATT: 34, 14, 35980
GPS: 146259844, 0, 0, 0.0000000, 0.0000000, 0, -2.0700, 33.5400, 0.0000, 0.0000
ATT: 34, 14, 35978
GPS: 146259844, 0, 0, 0.0000000, 0.0000000, 0, -2.0700, 33.5400, 0.0000, 0.0000
ATT: 34, 15, 35977
GPS: 146259844, 0, 0, 0.0000000, 0.0000000, 0, -2.1600, 33.5400, 0.0000, 0.0000
ATT: 35, 16, 35975
GPS: 146259844, 0, 0, 0.0000000, 0.0000000, 0, -2.1600, 33.5400, 0.0000, 0.0000
PM:20027,1001,20,0,0,0,0,0,1,1,-2,0,0, 
ATT: 34, 16, 35975
GPS: 146259844, 0, 0, 0.0000000, 0.0000000, 0, -2.1600, 33.5400, 0.0000, 0.0000
ATT: 34, 15, 35974
GPS: 146259844, 0, 0, 0.0000000, 0.0000000, 0, -2.1600, 33.5400, 0.0000, 0.0000
ATT: 34, 16, 35972
GPS: 146259844, 0, 0, 0.0000000, 0.0000000, 0, -2.1600, 33.5400, 0.0000, 0.0000
ATT: 34, 17, 35970
GPS: 146259844, 0, 0, 0.0000000, 0.0000000, 0, -2.1600, 33.5400, 0.0000, 0.0000
ATT: 30, 18, 35970
GPS: 146259844, 0, 0, 0.0000000, 0.0000000, 0, -2.2500, 33.5400, 0.0000, 0.0000
ATT: 31, 18, 35968
GPS: 146260848, 0, 0, 0.0000000, 0.0000000, 0, -2.3400, 33.5400, 0.0000, 0.0000
ATT: 32, 17, 35967
GPS: 146260848, 0, 0, 0.0000000, 0.0000000, 0, -2.3400, 33.5400, 0.0000, 0.0000
ATT: 32, 18, 35966
GPS: 146260848, 0, 0, 0.0000000, 0.0000000, 0, -2.3400, 33.5400, 0.0000, 0.0000
ATT: 32, 19, 35965
GPS: 146260848, 0, 0, 0.0000000, 0.0000000, 0, -2.2500, 33.5400, 0.0000, 0.0000
ATT: 32, 19, 35964
GPS: 146260848, 0, 0, 0.0000000, 0.0000000, 0, -2.1600, 33.5400, 0.0000, 0.0000
ATT: 31, 19, 35962
GPS: 146260848, 0, 0, 0.0000000, 0.0000000, 0, -2.2500, 33.5400, 0.0000, 0.0000
ATT: 29, 20, 35962
GPS: 146260848, 0, 0, 0.0000000, 0.0000000, 0, -2.3400, 33.5400, 0.0000, 0.0000
ATT: 29, 20, 35961
GPS: 146260848, 0, 0, 0.0000000, 0.0000000, 0, -2.5200, 33.5400, 0.0000, 0.0000
ATT: 29, 20, 35959
GPS: 146260848, 0, 0, 0.0000000, 0.0000000, 0, -2.6100, 33.5400, 0.0000, 0.0000
ATT: 29, 21, 35957
GPS: 146260848, 0, 0, 0.0000000, 0.0000000, 0, -2.5200, 33.5400, 0.0000, 0.0000
ATT: 28, 21, 35956
GPS: 146261848, 0, 0, 0.0000000, 0.0000000, 0, -2.4300, 33.5400, 0.0000, 0.0000
ATT: 28, 21, 35956
GPS: 146261848, 0, 0, 0.0000000, 0.0000000, 0, -2.4300, 33.5400, 0.0000, 0.0000
ATT: 28, 21, 35955
GPS: 146261848, 0, 0, 0.0000000, 0.0000000, 0, -2.4300, 33.5400, 0.0000, 0.0000
ATT: 28, 21, 35955
GPS: 146261848, 0, 0, 0.0000000, 0.0000000, 0, -2.3400, 33.5400, 0.0000, 0.0000
ATT: 27, 20, 35954
GPS: 146261848, 0, 0, 0.0000000, 0.0000000, 0, -2.2500, 33.5400, 0.0000, 0.0000
ATT: 27, 21, 35953
GPS: 146261848, 0, 0, 0.0000000, 0.0000000, 0, -2.2500, 33.5400, 0.0000, 0.0000
ATT: 27, 21, 35952
GPS: 146261848, 0, 0, 0.0000000, 0.0000000, 0, -2.2500, 33.5400, 0.0000, 0.0000
ATT: 27, 20, 35951
GPS: 146261848, 0, 0, 0.0000000, 0.0000000, 0, -2.2500, 33.5400, 0.0000, 0.0000
ATT: 27, 20, 35950
GPS: 146261848, 0, 0, 0.0000000, 0.0000000, 0, -2.2500, 33.5400, 0.0000, 0.0000
ATT: 27, 20, 35948
GPS: 146261848, 0, 0, 0.0000000, 0.0000000, 0, -2.1600, 33.5400, 0.0000, 0.0000
ATT: 27, 20, 35947
GPS: 146262844, 0, 0, 0.0000000, 0.0000000, 0, -2.0700, 33.5400, 0.0000, 0.0000
ATT: 27, 19, 35947
GPS: 146262844, 0, 0, 0.0000000, 0.0000000, 0, -2.2500, 33.5400, 0.0000, 0.0000
ATT: 27, 19, 35946
GPS: 146262844, 0, 0, 0.0000000, 0.0000000, 0, -2.3400, 33.5400, 0.0000, 0.0000
ATT: 27, 19, 35945
GPS: 146262844, 0, 0, 0.0000000, 0.0000000, 0, -2.2500, 33.5400, 0.0000, 0.0000
ATT: 28, 19, 35944
GPS: 146262844, 0, 0, 0.0000000, 0.0000000, 0, -2.1600, 33.5400, 0.0000, 0.0000
ATT: 28, 18, 35943
GPS: 146262844, 0, 0, 0.0000000, 0.0000000, 0, -2.1600, 33.5400, 0.0000, 0.0000
ATT: 27, 19, 35942
GPS: 146262844, 0, 0, 0.0000000, 0.0000000, 0, -2.1600, 33.5400, 0.0000, 0.0000
ATT: 27, 20, 35941
GPS: 146262844, 0, 0, 0.0000000, 0.0000000, 0, -2.2500, 33.5400, 0.0000, 0.0000
ATT: 26, 20, 35940
GPS: 146262844, 0, 0, 0.0000000, 0.0000000, 0, -2.2500, 33.5400, 0.0000, 0.0000
ATT: 24, 20, 35939
GPS: 146262844, 0, 0, 0.0000000, 0.0000000, 0, -2.1600, 33.5400, 0.0000, 0.0000
ATT: 26, 20, 35938
GPS: 146263844, 0, 0, 0.0000000, 0.0000000, 0, -2.1600, 33.5400, 0.0000, 0.0000
ATT: 26, 20, 35937
GPS: 146263844, 0, 0, 0.0000000, 0.0000000, 0, -2.1600, 33.5400, 0.0000, 0.0000
ATT: 26, 21, 35936
GPS: 146263844, 0, 0, 0.0000000, 0.0000000, 0, -2.1600, 33.5400, 0.0000, 0.0000
ATT: 26, 21, 35935
GPS: 146263844, 0, 0, 0.0000000, 0.0000000, 0, -2.1600, 33.5400, 0.0000, 0.0000
ATT: 26, 22, 35934
GPS: 146263844, 0, 0, 0.0000000, 0.0000000, 0, -2.1600, 33.5400, 0.0000, 0.0000
ATT: 26, 22, 35933
GPS: 146263844, 0, 0, 0.0000000, 0.0000000, 0, -2.1600, 33.5400, 0.0000, 0.0000
ATT: 26, 21, 35931
GPS: 146263844, 0, 0, 0.0000000, 0.0000000, 0, -2.1600, 33.5400, 0.0000, 0.0000
ATT: 25, 21, 35930
GPS: 146263844, 0, 0, 0.0000000, 0.0000000, 0, -2.1600, 33.5400, 0.0000, 0.0000
ATT: 25, 21, 35929
GPS: 146263844, 0, 0, 0.0000000, 0.0000000, 0, -2.1600, 33.5400, 0.0000, 0.0000
ATT: 25, 21, 35928
GPS: 146264848, 0, 0, 0.0000000, 0.0000000, 0, -2.1600, 33.5400, 0.0000, 0.0000
ATT: 24, 22, 35926
GPS: 146264848, 0, 0, 0.0000000, 0.0000000, 0, -2.1600, 33.5400, 0.0000, 0.0000
ATT: 24, 21, 35925
GPS: 146264848, 0, 0, 0.0000000, 0.0000000, 0, -2.1600, 33.5400, 0.0000, 0.0000
ATT: 24, 22, 35924
GPS: 146264848, 0, 0, 0.0000000, 0.0000000, 0, -2.1600, 33.5400, 0.0000, 0.0000
ATT: 24, 22, 35923
GPS: 146264848, 0, 0, 0.0000000, 0.0000000, 0, -2.2500, 33.5400, 0.0000, 0.0000
ATT: 24, 22, 35921
GPS: 146264848, 0, 0, 0.0000000, 0.0000000, 0, -2.2500, 33.5400, 0.0000, 0.0000
ATT: 24, 22, 35920
GPS: 146264848, 0, 0, 0.0000000, 0.0000000, 0, -2.3400, 33.5400, 0.0000, 0.0000
ATT: 23, 21, 35919
GPS: 146264848, 0, 0, 0.0000000, 0.0000000, 0, -2.4300, 33.5400, 0.0000, 0.0000
ATT: 23, 22, 35918
GPS: 146264848, 0, 0, 0.0000000, 0.0000000, 0, -2.3400, 33.5400, 0.0000, 0.0000
ATT: 23, 21, 35918
GPS: 146264848, 0, 0, 0.0000000, 0.0000000, 0, -2.2500, 33.5400, 0.0000, 0.0000
ATT: 23, 21, 35917
GPS: 146264848, 0, 0, 0.0000000, 0.0000000, 0, -2.2500, 33.5400, 0.0000, 0.0000
ATT: 23, 21, 35916
GPS: 146265848, 0, 0, 0.0000000, 0.0000000, 0, -2.2500, 33.5400, 0.0000, 0.0000
ATT: 23, 21, 35916
GPS: 146265848, 0, 0, 0.0000000, 0.0000000, 0, -2.1600, 33.5400, 0.0000, 0.0000
ATT: 23, 22, 35914
GPS: 146265848, 0, 0, 0.0000000, 0.0000000, 0, -2.0700, 33.5400, 0.0000, 0.0000
ATT: 23, 22, 35913
GPS: 146265848, 0, 0, 0.0000000, 0.0000000, 0, -2.1600, 33.5400, 0.0000, 0.0000
ATT: 23, 22, 35912
GPS: 146265848, 0, 0, 0.0000000, 0.0000000, 0, -2.1600, 33.5400, 0.0000, 0.0000
ATT: 23, 23, 35911
GPS: 146265848, 0, 0, 0.0000000, 0.0000000, 0, -2.0700, 33.5400, 0.0000, 0.0000
ATT: 23, 23, 35909
GPS: 146265848, 0, 0, 0.0000000, 0.0000000, 0, -2.0700, 33.5400, 0.0000, 0.0000
ATT: 22, 23, 35908
GPS: 146265848, 0, 0, 0.0000000, 0.0000000, 0, -2.1600, 33.5400, 0.0000, 0.0000
ATT: 22, 24, 35906
GPS: 146265848, 0, 0, 0.0000000, 0.0000000, 0, -2.2500, 33.5400, 0.0000, 0.0000
ATT: 22, 24, 35905
GPS: 146265848, 0, 0, 0.0000000, 0.0000000, 0, -2.0700, 33.5400, 0.0000, 0.0000
ATT: 22, 24, 35904
GPS: 146266844, 0, 0, 0.0000000, 0.0000000, 0, -1.8900, 33.5400, 0.0000, 0.0000
ATT: 22, 24, 35903
GPS: 146266844, 0, 0, 0.0000000, 0.0000000, 0, -1.9800, 33.5400, 0.0000, 0.0000
ATT: 22, 23, 35902
GPS: 146266844, 0, 0, 0.0000000, 0.0000000, 0, -2.0700, 33.5400, 0.0000, 0.0000
ATT: 22, 23, 35901
GPS: 146266844, 0, 0, 0.0000000, 0.0000000, 0, -2.0700, 33.5400, 0.0000, 0.0000
ATT: 21, 23, 35899
GPS: 146266844, 0, 0, 0.0000000, 0.0000000, 0, -2.0700, 33.5400, 0.0000, 0.0000
ATT: 22, 23, 35898
GPS: 146266844, 0, 0, 0.0000000, 0.0000000, 0, -2.1600, 33.5400, 0.0000, 0.0000
ATT: 21, 23, 35897
GPS: 146266844, 0, 0, 0.0000000, 0.0000000, 0, -2.1600, 33.5400, 0.0000, 0.0000
ATT: 21, 23, 35896
GPS: 146266844, 0, 0, 0.0000000, 0.0000000, 0, -2.2500, 33.5400, 0.0000, 0.0000
ATT: 21, 22, 35895
GPS: 146266844, 0, 0, 0.0000000, 0.0000000, 0, -2.3400, 33.5400, 0.0000, 0.0000
ATT: 21, 22, 35894
GPS: 146266844, 0, 0, 0.0000000, 0.0000000, 0, -2.3400, 33.5400, 0.0000, 0.0000
ATT: 21, 21, 35893
GPS: 146267844, 0, 0, 0.0000000, 0.0000000, 0, -2.3400, 33.5400, 0.0000, 0.0000
ATT: 21, 21, 35892
GPS: 146267844, 0, 0, 0.0000000, 0.0000000, 0, -2.2500, 33.5400, 0.0000, 0.0000
ATT: 21, 21, 35891
GPS: 146267844, 0, 0, 0.0000000, 0.0000000, 0, -2.1600, 33.5400, 0.0000, 0.0000
ATT: 21, 20, 35890
GPS: 146267844, 0, 0, 0.0000000, 0.0000000, 0, -1.9800, 33.5400, 0.0000, 0.0000
ATT: 20, 20, 35889
GPS: 146267844, 0, 0, 0.0000000, 0.0000000, 0, -1.8900, 33.5400, 0.0000, 0.0000
ATT: 20, 19, 35888
GPS: 146267844, 0, 0, 0.0000000, 0.0000000, 0, -2.0700, 33.5400, 0.0000, 0.0000
ATT: 20, 20, 35886
GPS: 146267844, 0, 0, 0.0000000, 0.0000000, 0, -2.1600, 33.5400, 0.0000, 0.0000
ATT: 20, 19, 35885
GPS: 146267844, 0, 0, 0.0000000, 0.0000000, 0, -2.0700, 33.5400, 0.0000, 0.0000
ATT: 20, 19, 35884
GPS: 146267844, 0, 0, 0.0000000, 0.0000000, 0, -1.9800, 33.5400, 0.0000, 0.0000
ATT: 20, 19, 35883
GPS: 146267844, 0, 0, 0.0000000, 0.0000000, 0, -1.9800, 33.5400, 0.0000, 0.0000
ATT: 20, 19, 35882
GPS: 146267844, 0, 0, 0.0000000, 0.0000000, 0, -1.9800, 33.5400, 0.0000, 0.0000
ATT: 20, 19, 35880
GPS: 146268848, 1, 6, 42.6228070, -71.2071840, 0, -2.0700, 57.0700, 0.0900, 0.0000
ATT: 19, 19, 35879
GPS: 146268848, 1, 6, 42.6228070, -71.2071840, 0, -2.0700, 57.0700, 0.0900, 0.0000
ATT: 20, 19, 35879
GPS: 146268848, 1, 6, 42.6228070, -71.2071840, 0, -2.0700, 57.0700, 0.0900, 0.0000
ATT: 19, 19, 35878
GPS: 146268848, 1, 6, 42.6228070, -71.2071840, 0, -2.0700, 57.0700, 0.0900, 0.0000
ATT: 19, 18, 35876
GPS: 146268848, 1, 6, 42.6228070, -71.2071840, 0, -1.9800, 57.0700, 0.0900, 0.0000
ATT: 19, 19, 35875
GPS: 146268848, 1, 6, 42.6228070, -71.2071840, 0, -1.8900, 57.0700, 0.0900, 0.0000
ATT: 19, 19, 35874
GPS: 146268848, 1, 6, 42.6228070, -71.2071840, 0, -1.9800, 57.0700, 0.0900, 0.0000
ATT: 19, 19, 35874
GPS: 146268848, 1, 6, 42.6228070, -71.2071840, 0, -1.9800, 57.0700, 0.0900, 0.0000
ATT: 19, 19, 35873
GPS: 146268848, 1, 6, 42.6228070, -71.2071840, 0, -1.9800, 57.0700, 0.0900, 0.0000
ATT: 19, 19, 35871
GPS: 146268848, 1, 6, 42.6228070, -71.2071840, 0, -1.9800, 57.0700, 0.0900, 0.0000
ATT: 19, 18, 35870
GPS: 146268848, 1, 6, 42.6228070, -71.2071840, 0, -1.8900, 57.0700, 0.0900, 0.0000
ATT: 18, 19, 35869
GPS: 146268848, 1, 6, 42.6228070, -71.2071840, 0, -1.8900, 57.0700, 0.0900, 0.0000
ATT: 18, 18, 35868
GPS: 146268848, 1, 6, 42.6228070, -71.2071840, 0, -1.8900, 57.0700, 0.0900, 0.0000
ATT: 17, 19, 35867
GPS: 146270000, 1, 6, 42.6228140, -71.2071990, 0, -1.8900, 47.5100, 0.0800, 0.0000
ATT: 17, 20, 35866
GPS: 146270000, 1, 6, 42.6228140, -71.2071990, 0, -1.8900, 47.5100, 0.0800, 0.0000
ATT: 17, 19, 35865
GPS: 146270000, 1, 6, 42.6228140, -71.2071990, 0, -1.8900, 47.5100, 0.0800, 0.0000
ATT: 17, 19, 35864
GPS: 146270000, 1, 6, 42.6228140, -71.2071990, 0, -1.9800, 47.5100, 0.0800, 0.0000
ATT: 18, 19, 35863
GPS: 146270000, 1, 6, 42.6228140, -71.2071990, 0, -2.0700, 47.5100, 0.0800, 0.0000
ATT: 17, 19, 35861
GPS: 146270000, 1, 6, 42.6228140, -71.2071990, 0, -1.9800, 47.5100, 0.0800, 0.0000
ATT: 17, 19, 35860
GPS: 146270000, 1, 6, 42.6228140, -71.2071990, 0, -1.9800, 47.5100, 0.0800, 0.0000
ATT: 17, 20, 35858
GPS: 146270000, 1, 6, 42.6228140, -71.2071990, 0, -1.9800, 47.5100, 0.0800, 0.0000
ATT: 17, 20, 35857
GPS: 146270000, 1, 6, 42.6228140, -71.2071990, 0, -1.9800, 47.5100, 0.0800, 0.0000
ATT: 17, 20, 35855
GPS: 146270000, 1, 6, 42.6228140, -71.2071990, 0, -1.8900, 47.5100, 0.0800, 0.0000
ATT: 17, 20, 35854
GPS: 146271000, 1, 6, 42.6228140, -71.2071990, 0, -1.8900, 46.7300, 0.0800, 0.0000
ATT: 17, 20, 35853
GPS: 146271000, 1, 6, 42.6228140, -71.2071990, 0, -1.8900, 46.7300, 0.0800, 0.0000
ATT: 17, 20, 35851
GPS: 146271000, 1, 6, 42.6228140, -71.2071990, 0, -1.8900, 46.7300, 0.0800, 0.0000
ATT: 16, 20, 35850
GPS: 146271000, 1, 6, 42.6228140, -71.2071990, 0, -1.8900, 46.7300, 0.0800, 0.0000
ATT: 16, 20, 35848
GPS: 146271000, 1, 6, 42.6228140, -71.2071990, 0, -1.8900, 46.7300, 0.0800, 0.0000
ATT: 16, 20, 35847
GPS: 146271000, 1, 6, 42.6228140, -71.2071990, 0, -1.8900, 46.7300, 0.0800, 0.0000
ATT: 16, 20, 35845
GPS: 146271000, 1, 6, 42.6228140, -71.2071990, 0, -1.8900, 46.7300, 0.0800, 0.0000
ATT: 16, 20, 35843
GPS: 146271000, 1, 6, 42.6228140, -71.2071990, 0, -1.8900, 46.7300, 0.0800, 0.0000
ATT: 16, 19, 35842
GPS: 146271000, 1, 6, 42.6228140, -71.2071990, 0, -1.8900, 46.7300, 0.0800, 0.0000
ATT: 16, 19, 35841
GPS: 146271000, 1, 6, 42.6228140, -71.2071990, 0, -1.8900, 46.7300, 0.0800, 0.0000
ATT: 16, 18, 35840
GPS: 146272000, 1, 6, 42.6228100, -71.2071910, 0, -1.8900, 49.3400, 0.0900, 0.0000
ATT: 16, 18, 35838
GPS: 146272000, 1, 6, 42.6228100, -71.2071910, 0, -1.8900, 49.3400, 0.0900, 0.0000
ATT: 16, 18, 35837
GPS: 146272000, 1, 6, 42.6228100, -71.2071910, 0, -1.8900, 49.3400, 0.0900, 0.0000
ATT: 16, 18, 35835
GPS: 146272000, 1, 6, 42.6228100, -71.2071910, 0, -1.9800, 49.3400, 0.0900, 0.0000
ATT: 16, 17, 35834
GPS: 146272000, 1, 6, 42.6228100, -71.2071910, 0, -1.9800, 49.3400, 0.0900, 0.0000
ATT: 16, 17, 35832
GPS: 146272000, 1, 6, 42.6228100, -71.2071910, 0, -1.9800, 49.3400, 0.0900, 0.0000
ATT: 16, 17, 35830
GPS: 146272000, 1, 6, 42.6228100, -71.2071910, 0, -1.9800, 49.3400, 0.0900, 0.0000
ATT: 16, 17, 35829
GPS: 146272000, 1, 6, 42.6228100, -71.2071910, 0, -1.9800, 49.3400, 0.0900, 0.0000
ATT: 16, 17, 35828
GPS: 146272000, 1, 6, 42.6228100, -71.2071910, 0, -1.9800, 49.3400, 0.0900, 0.0000
ATT: 16, 17, 35826
GPS: 146272000, 1, 6, 42.6228100, -71.2071910, 0, -1.8000, 49.3400, 0.0900, 0.0000
ATT: 16, 16, 35824
GPS: 146273000, 1, 6, 42.6228100, -71.2071840, 0, 48.6100, 50.3200, 0.0800, 0.0000
ATT: 15, 17, 35823
GPS: 146273000, 1, 6, 42.6228100, -71.2071840, 0, 48.4300, 50.3200, 0.0800, 0.0000
ATT: 15, 17, 35822
GPS: 146273000, 1, 6, 42.6228100, -71.2071840, 0, 48.3400, 50.3200, 0.0800, 0.0000
ATT: 15, 17, 35821
GPS: 146273000, 1, 6, 42.6228100, -71.2071840, 0, 48.4300, 50.3200, 0.0800, 0.0000
ATT: 15, 17, 35820
GPS: 146273000, 1, 6, 42.6228100, -71.2071840, 0, 48.5200, 50.3200, 0.0800, 0.0000
ATT: 15, 17, 35819
GPS: 146273000, 1, 6, 42.6228100, -71.2071840, 0, 48.5200, 50.3200, 0.0800, 0.0000
ATT: 15, 18, 35818
GPS: 146273000, 1, 6, 42.6228100, -71.2071840, 0, 48.5200, 50.3200, 0.0800, 0.0000
ATT: 15, 17, 35816
GPS: 146273000, 1, 6, 42.6228100, -71.2071840, 0, 48.5200, 50.3200, 0.0800, 0.0000
ATT: 14, 18, 35815
GPS: 146273000, 1, 6, 42.6228100, -71.2071840, 0, 48.5200, 50.3200, 0.0800, 0.0000
ATT: 14, 19, 35814
GPS: 146274000, 1, 6, 42.6228100, -71.2071840, 0, 48.5200, 50.8500, 0.0900, 0.0000
ATT: 15, 18, 35812
GPS: 146274000, 1, 6, 42.6228100, -71.2071840, 0, 48.5200, 50.8500, 0.0900, 0.0000
ATT: 15, 18, 35810
GPS: 146274000, 1, 6, 42.6228100, -71.2071840, 0, 48.6100, 50.8500, 0.0900, 0.0000
ATT: 14, 19, 35809
GPS: 146274000, 1, 6, 42.6228100, -71.2071840, 0, 48.6100, 50.8500, 0.0900, 0.0000
ATT: 14, 19, 35809
GPS: 146274000, 1, 6, 42.6228100, -71.2071840, 0, 48.7000, 50.8500, 0.0900, 0.0000
ATT: 13, 18, 35808
GPS: 146274000, 1, 6, 42.6228100, -71.2071840, 0, 48.7900, 50.8500, 0.0900, 0.0000
ATT: 13, 18, 35807
GPS: 146274000, 1, 6, 42.6228100, -71.2071840, 0, 48.7000, 50.8500, 0.0900, 0.0000
ATT: 13, 17, 35806
GPS: 146274000, 1, 6, 42.6228100, -71.2071840, 0, 48.6100, 50.8500, 0.0900, 0.0000
ATT: 13, 16, 35804
GPS: 146274000, 1, 6, 42.6228100, -71.2071840, 0, 48.7000, 50.8500, 0.0900, 0.0000
ATT: 13, 16, 35802
GPS: 146274000, 1, 6, 42.6228100, -71.2071840, 0, 48.7000, 50.8500, 0.0900, 0.0000
ATT: 12, 15, 35801
GPS: 146275000, 1, 6, 42.6228100, -71.2071840, 0, 48.7900, 51.1300, 0.0900, 0.0000
ATT: 12, 15, 35800
GPS: 146275000, 1, 6, 42.6228100, -71.2071840, 0, 48.7900, 51.1300, 0.0900, 0.0000
ATT: 11, 15, 35800
GPS: 146275000, 1, 6, 42.6228100, -71.2071840, 0, 48.7900, 51.1300, 0.0900, 0.0000
ATT: 12, 14, 35799
GPS: 146275000, 1, 6, 42.6228100, -71.2071840, 0, 48.7900, 51.1300, 0.0900, 0.0000
ATT: 11, 14, 35799
GPS: 146275000, 1, 6, 42.6228100, -71.2071840, 0, 48.6100, 51.1300, 0.0900, 0.0000
ATT: 11, 14, 35797
GPS: 146275000, 1, 6, 42.6228100, -71.2071840, 0, 48.5200, 51.1300, 0.0900, 0.0000
ATT: 12, 14, 35796
GPS: 146275000, 1, 6, 42.6228100, -71.2071840, 0, 48.6100, 51.1300, 0.0900, 0.0000
ATT: 11, 13, 35795
GPS: 146275000, 1, 6, 42.6228100, -71.2071840, 0, 48.7000, 51.1300, 0.0900, 0.0000
ATT: 11, 13, 35795
GPS: 146275000, 1, 6, 42.6228100, -71.2071840, 0, 48.7000, 51.1300, 0.0900, 0.0000
ATT: 10, 12, 35795
GPS: 146275000, 1, 6, 42.6228100, -71.2071840, 0, 48.7000, 51.1300, 0.0900, 0.0000
ATT: 11, 12, 35794
GPS: 146276000, 1, 6, 42.6228100, -71.2071840, 0, 48.7000, 51.2600, 0.0800, 0.0000
ATT: 10, 12, 35792
GPS: 146276000, 1, 6, 42.6228100, -71.2071840, 0, 48.7000, 51.2600, 0.0800, 0.0000
ATT: 10, 13, 35792
GPS: 146276000, 1, 6, 42.6228100, -71.2071840, 0, 48.7000, 51.2600, 0.0800, 0.0000
ATT: 10, 13, 35792
GPS: 146276000, 1, 6, 42.6228100, -71.2071840, 0, 48.7000, 51.2600, 0.0800, 0.0000
ATT: 10, 13, 35791
GPS: 146276000, 1, 6, 42.6228100, -71.2071840, 0, 48.7000, 51.2600, 0.0800, 0.0000
ATT: 9, 13, 35791
GPS: 146276000, 1, 6, 42.6228100, -71.2071840, 0, 48.7000, 51.2600, 0.0800, 0.0000
ATT: 9, 13, 35790
GPS: 146276000, 1, 6, 42.6228100, -71.2071840, 0, 48.6100, 51.2600, 0.0800, 0.0000
ATT: 9, 13, 35790
GPS: 146276000, 1, 6, 42.6228100, -71.2071840, 0, 48.6100, 51.2600, 0.0800, 0.0000
ATT: 9, 13, 35789
GPS: 146276000, 1, 6, 42.6228100, -71.2071840, 0, 48.6100, 51.2600, 0.0800, 0.0000
ATT: 9, 13, 35788
GPS: 146276000, 1, 6, 42.6228100, -71.2071840, 0, 48.6100, 51.2600, 0.0800, 0.0000
ATT: 9, 13, 35787
GPS: 146277000, 1, 6, 42.6228100, -71.2071760, 0, 48.7000, 51.3900, 0.0800, 0.0000
ATT: 9, 14, 35786
GPS: 146277000, 1, 6, 42.6228100, -71.2071760, 0, 48.7900, 51.3900, 0.0800, 0.0000
ATT: 9, 14, 35786
GPS: 146277000, 1, 6, 42.6228100, -71.2071760, 0, 48.7900, 51.3900, 0.0800, 0.0000
ATT: 10, 14, 35785
GPS: 146277000, 1, 6, 42.6228100, -71.2071760, 0, 48.7900, 51.3900, 0.0800, 0.0000
ATT: 10, 14, 35783
GPS: 146277000, 1, 6, 42.6228100, -71.2071760, 0, 48.8800, 51.3900, 0.0800, 0.0000
ATT: 10, 14, 35782
GPS: 146277000, 1, 6, 42.6228100, -71.2071760, 0, 48.9700, 51.3900, 0.0800, 0.0000
ATT: 10, 13, 35781
GPS: 146277000, 1, 6, 42.6228100, -71.2071760, 0, 48.9700, 51.3900, 0.0800, 0.0000
ATT: 10, 13, 35780
GPS: 146277000, 1, 6, 42.6228100, -71.2071760, 0, 48.9700, 51.3900, 0.0800, 0.0000
ATT: 10, 13, 35778
GPS: 146277000, 1, 6, 42.6228100, -71.2071760, 0, 49.0600, 51.3900, 0.0800, 0.0000
ATT: 10, 13, 35778
GPS: 146277000, 1, 6, 42.6228100, -71.2071760, 0, 49.0600, 51.3900, 0.0800, 0.0000
ATT: 10, 12, 35777
GPS: 146278000, 1, 6, 42.6228100, -71.2071760, 0, 48.9700, 51.5400, 0.1000, 0.0000
ATT: 9, 11, 35777
GPS: 146278000, 1, 6, 42.6228100, -71.2071760, 0, 48.9700, 51.5400, 0.1000, 0.0000
ATT: 9, 11, 35775
GPS: 146278000, 1, 6, 42.6228100, -71.2071760, 0, 48.8800, 51.5400, 0.1000, 0.0000
ATT: 9, 11, 35774
GPS: 146278000, 1, 6, 42.6228100, -71.2071760, 0, 48.8800, 51.5400, 0.1000, 0.0000
ATT: 9, 10, 35773
GPS: 146278000, 1, 6, 42.6228100, -71.2071760, 0, 48.8800, 51.5400, 0.1000, 0.0000
ATT: 9, 10, 35773
GPS: 146278000, 1, 6, 42.6228100, -71.2071760, 0, 48.8800, 51.5400, 0.1000, 0.0000
ATT: 10, 10, 35772
GPS: 146278000, 1, 6, 42.6228100, -71.2071760, 0, 48.8800, 51.5400, 0.1000, 0.0000
ATT: 10, 9, 35772
GPS: 146278000, 1, 6, 42.6228100, -71.2071760, 0, 48.8800, 51.5400, 0.1000, 0.0000
ATT: 10, 10, 35772
GPS: 146278000, 1, 6, 42.6228100, -71.2071760, 0, 48.9700, 51.5400, 0.1000, 0.0000
CMD:0,16,0,15032,426235616,-712060672, 
MOD:Auto
ATT: 10, 10, 35770
GPS: 146278000, 1, 6, 42.6228100, -71.2071760, 0, 49.0600, 51.5400, 0.1000, 0.0000
ATT: 10, 10, 35769
GPS: 146279000, 1, 6, 42.6228100, -71.2071690, 0, 48.9700, 51.7200, 0.0900, 0.0000
ATT: 9, 10, 35769
GPS: 146279000, 1, 6, 42.6228100, -71.2071690, 0, 48.9700, 51.7200, 0.0900, 0.0000
ATT: 9, 11, 35768
GPS: 146279000, 1, 6, 42.6228100, -71.2071690, 0, 48.7900, 51.7200, 0.0900, 0.0000
ATT: 9, 11, 35768
GPS: 146279000, 1, 6, 42.6228100, -71.2071690, 0, 48.7000, 51.7200, 0.0900, 0.0000
ATT: 9, 11, 35767
GPS: 146279000, 1, 6, 42.6228100, -71.2071690, 0, 48.9700, 51.7200, 0.0900, 0.0000
ATT: 9, 11, 35766
GPS: 146279000, 1, 6, 42.6228100, -71.2071690, 0, 49.1500, 51.7200, 0.0900, 0.0000
ATT: 9, 11, 35766
GPS: 146279000, 1, 6, 42.6228100, -71.2071690, 0, 49.2400, 51.7200, 0.0900, 0.0000
ATT: 9, 11, 35765
GPS: 146279000, 1, 6, 42.6228100, -71.2071690, 0, 49.2400, 51.7200, 0.0900, 0.0000
ATT: 9, 12, 35764
GPS: 146279000, 1, 6, 42.6228100, -71.2071690, 0, 49.2400, 51.7200, 0.0900, 0.0000
ATT: 9, 12, 35764
GPS: 146279000, 1, 6, 42.6228100, -71.2071690, 0, 49.2400, 51.7200, 0.0900, 0.0000
ATT: 10, 12, 35764
GPS: 146280000, 1, 6, 42.6228100, -71.2071690, 0, 49.2400, 51.9300, 0.0800, 0.0000
PM:20010,997,68,0,0,0,0,12,1,0,-4,0,0, 
ATT: 9, 12, 35763
GPS: 146280000, 1, 6, 42.6228100, -71.2071690, 0, 49.2400, 51.9300, 0.0800, 0.0000
ATT: 9, 12, 35762
GPS: 146280000, 1, 6, 42.6228100, -71.2071690, 0, 49.0600, 51.9300, 0.0800, 0.0000
ATT: 9, 12, 35761
GPS: 146280000, 1, 6, 42.6228100, -71.2071690, 0, 48.9700, 51.9300, 0.0800, 0.0000
ATT: 8, 12, 35760
GPS: 146280000, 1, 6, 42.6228100, -71.2071690, 0, 48.7900, 51.9300, 0.0800, 0.0000
ATT: 8, 12, 35760
GPS: 146280000, 1, 6, 42.6228100, -71.2071690, 0, 48.7000, 51.9300, 0.0800, 0.0000
ATT: 8, 12, 35759
GPS: 146280000, 1, 6, 42.6228100, -71.2071690, 0, 48.7000, 51.9300, 0.0800, 0.0000
ATT: 8, 12, 35758
GPS: 146280000, 1, 6, 42.6228100, -71.2071690, 0, 48.7000, 51.9300, 0.0800, 0.0000
ATT: 8, 11, 35757
GPS: 146280000, 1, 6, 42.6228100, -71.2071690, 0, 48.7900, 51.9300, 0.0800, 0.0000
ATT: 8, 11, 35756
GPS: 146280000, 1, 6, 42.6228100, -71.2071690, 0, 48.7900, 51.9300, 0.0800, 0.0000
ATT: 7, 11, 35755
GPS: 146281000, 1, 6, 42.6228100, -71.2071760, 0, 48.7900, 50.7100, 0.0800, 0.0000
ATT: 7, 11, 35754
GPS: 146281000, 1, 6, 42.6228100, -71.2071760, 0, 48.7900, 50.7100, 0.0800, 0.0000
ATT: 7, 10, 35754
GPS: 146281000, 1, 6, 42.6228100, -71.2071760, 0, 48.8800, 50.7100, 0.0800, 0.0000
ATT: 7, 12, 35753
GPS: 146281000, 1, 6, 42.6228100, -71.2071760, 0, 48.9700, 50.7100, 0.0800, 0.0000
ATT: 7, 12, 35753
GPS: 146281000, 1, 6, 42.6228100, -71.2071760, 0, 48.9700, 50.7100, 0.0800, 0.0000
ATT: 6, 13, 35752
GPS: 146281000, 1, 6, 42.6228100, -71.2071760, 0, 48.9700, 50.7100, 0.0800, 0.0000
ATT: 5, 13, 35751
GPS: 146281000, 1, 6, 42.6228100, -71.2071760, 0, 49.0600, 50.7100, 0.0800, 0.0000
ATT: 5, 13, 35750
GPS: 146281000, 1, 6, 42.6228100, -71.2071760, 0, 49.1500, 50.7100, 0.0800, 0.0000
ATT: 5, 13, 35751
GPS: 146281000, 1, 6, 42.6228100, -71.2071760, 0, 49.0600, 50.7100, 0.0800, 0.0000
ATT: 6, 13, 35751
GPS: 146281000, 1, 6, 42.6228100, -71.2071760, 0, 48.9700, 50.7100, 0.0800, 0.0000
ATT: 6, 12, 35750
GPS: 146282000, 1, 6, 42.6228140, -71.2071530, 0, 49.0600, 53.6700, 0.1700, 0.0000
ATT: 7, 10, 35749
GPS: 146282000, 1, 6, 42.6228140, -71.2071530, 0, 49.1500, 53.6700, 0.1700, 0.0000
ATT: 7, 9, 35748
GPS: 146282000, 1, 6, 42.6228140, -71.2071530, 0, 49.1500, 53.6700, 0.1700, 0.0000
ATT: 6, 8, 35748
GPS: 146282000, 1, 6, 42.6228140, -71.2071530, 0, 49.1500, 53.6700, 0.1700, 0.0000
ATT: 6, 7, 35746
GPS: 146282000, 1, 6, 42.6228140, -71.2071530, 0, 49.1500, 53.6700, 0.1700, 0.0000
ATT: 6, 6, 35746
GPS: 146282000, 1, 6, 42.6228140, -71.2071530, 0, 49.1500, 53.6700, 0.1700, 0.0000
ATT: 6, 5, 35745
GPS: 146282000, 1, 6, 42.6228140, -71.2071530, 0, 49.1500, 53.6700, 0.1700, 0.0000
ATT: 7, 4, 35744
GPS: 146282000, 1, 6, 42.6228140, -71.2071530, 0, 49.1500, 53.6700, 0.1700, 0.0000
ATT: 6, 3, 35743
GPS: 146282000, 1, 6, 42.6228140, -71.2071530, 0, 49.0600, 53.6700, 0.1700, 0.0000
ATT: 7, 2, 35742
GPS: 146282000, 1, 6, 42.6228140, -71.2071530, 0, 49.0600, 53.6700, 0.1700, 0.0000
ATT: 18, 11, 35747
GPS: 146283000, 1, 5, 42.6228140, -71.2071530, 0, 49.0600, 54.4000, 0.1500, 0.0000
ATT: 9, 111, 35750
GPS: 146283000, 1, 5, 42.6228140, -71.2071530, 0, 49.0600, 54.4000, 0.1500, 0.0000
ATT: 10, 140, 35750
GPS: 146283000, 1, 5, 42.6228140, -71.2071530, 0, 49.1500, 54.4000, 0.1500, 0.0000
ATT: 34, 153, 35767
GPS: 146283000, 1, 5, 42.6228140, -71.2071530, 0, 49.1500, 54.4000, 0.1500, 0.0000
ATT: 72, 90, 35788
GPS: 146283000, 1, 5, 42.6228140, -71.2071530, 0, 49.0600, 54.4000, 0.1500, 0.0000
ATT: 78, -37, 35825
GPS: 146283000, 1, 5, 42.6228140, -71.2071530, 0, 49.0600, 54.4000, 0.1500, 0.0000
ATT: 42, -290, 35802
GPS: 146283000, 1, 5, 42.6228140, -71.2071530, 0, 49.0600, 54.4000, 0.1500, 0.0000
ATT: 86, -570, 35772
GPS: 146283000, 1, 5, 42.6228140, -71.2071530, 0, 49.0600, 54.4000, 0.1500, 0.0000
ATT: 129, -925, 35762
GPS: 146283000, 1, 5, 42.6228140, -71.2071530, 0, 49.1500, 54.4000, 0.1500, 0.0000
ATT: 122, -1348, 35716
GPS: 146283000, 1, 5, 42.6228140, -71.2071530, 0, 49.2400, 54.4000, 0.1500, 0.0000
ATT: 42, -1829, 35647
GPS: 146284000, 1, 6, 42.6228140, -71.2071530, 0, 49.0600, 54.3200, 0.0300, 0.0000
ATT: -56, -2331, 35592
GPS: 146284000, 1, 6, 42.6228140, -71.2071530, 0, 48.8800, 54.3200, 0.0300, 0.0000
ATT: -130, -2816, 35552
GPS: 146284000, 1, 6, 42.6228140, -71.2071530, 0, 48.9700, 54.3200, 0.0300, 0.0000
ATT: -209, -3294, 35503
GPS: 146284000, 1, 6, 42.6228140, -71.2071530, 0, 48.9700, 54.3200, 0.0300, 0.0000
ATT: -307, -3751, 35472
GPS: 146284000, 1, 6, 42.6228140, -71.2071530, 0, 48.9700, 54.3200, 0.0300, 0.0000
ATT: -397, -4237, 35432
GPS: 146284000, 1, 6, 42.6228140, -71.2071530, 0, 48.9700, 54.3200, 0.0300, 0.0000
ATT: -491, -4670, 35391
GPS: 146284000, 1, 6, 42.6228140, -71.2071530, 0, 49.1500, 54.3200, 0.0300, 0.0000
ATT: -565, -4964, 35351
GPS: 146284000, 1, 6, 42.6228140, -71.2071530, 0, 49.2400, 54.3200, 0.0300, 0.0000
ATT: -607, -5147, 35329
GPS: 146284000, 1, 6, 42.6228140, -71.2071530, 0, 49.5100, 54.3200, 0.0300, 0.0000
ATT: -654, -5203, 35369
GPS: 146284000, 1, 6, 42.6228140, -71.2071530, 0, 49.7800, 54.3200, 0.0300, 0.0000
ATT: -668, -4967, 35378
GPS: 146285000, 1, 6, 42.6228140, -71.2071460, 0, 49.8700, 54.7400, 0.1100, 0.0000
ATT: -582, -4406, 35319
GPS: 146285000, 1, 6, 42.6228140, -71.2071460, 0, 49.9600, 54.7400, 0.1100, 0.0000
ATT: -575, -3693, 35338
GPS: 146285000, 1, 6, 42.6228140, -71.2071460, 0, 49.8700, 54.7400, 0.1100, 0.0000
ATT: -680, -2904, 35339
GPS: 146285000, 1, 6, 42.6228140, -71.2071460, 0, 49.8700, 54.7400, 0.1100, 0.0000
ATT: -832, -2136, 35292
GPS: 146285000, 1, 6, 42.6228140, -71.2071460, 0, 49.9600, 54.7400, 0.1100, 0.0000
ATT: -973, -1396, 35239
GPS: 146285000, 1, 6, 42.6228140, -71.2071460, 0, 50.0500, 54.7400, 0.1100, 0.0000
ATT: -1103, -726, 35243
GPS: 146285000, 1, 6, 42.6228140, -71.2071460, 0, 50.1400, 54.7400, 0.1100, 0.0000
ATT: -1241, -139, 35281
GPS: 146285000, 1, 6, 42.6228140, -71.2071460, 0, 50.1400, 54.7400, 0.1100, 0.0000
ATT: -1280, 361, 35345
GPS: 146285000, 1, 6, 42.6228140, -71.2071460, 0, 50.0500, 54.7400, 0.1100, 0.0000
ATT: -1209, 731, 35389
GPS: 146285000, 1, 6, 42.6228140, -71.2071460, 0, 49.9600, 54.7400, 0.1100, 0.0000
ATT: -1075, 995, 35386
GPS: 146286000, 1, 6, 42.6228140, -71.2071460, 0, 49.8700, 54.7400, 0.0400, 0.0000
ATT: -923, 1253, 35333
GPS: 146286000, 1, 6, 42.6228140, -71.2071460, 0, 49.7800, 54.7400, 0.0400, 0.0000
ATT: -799, 1531, 35259
GPS: 146286000, 1, 6, 42.6228140, -71.2071460, 0, 49.6000, 54.7400, 0.0400, 0.0000
ATT: -689, 1727, 35194
GPS: 146286000, 1, 6, 42.6228140, -71.2071460, 0, 49.5100, 54.7400, 0.0400, 0.0000
ATT: -601, 1758, 35137
GPS: 146286000, 1, 6, 42.6228140, -71.2071460, 0, 49.5100, 54.7400, 0.0400, 0.0000
ATT: -507, 1480, 35141
GPS: 146286000, 1, 6, 42.6228140, -71.2071460, 0, 49.5100, 54.7400, 0.0400, 0.0000
ATT: -410, 916, 35177
GPS: 146286000, 1, 6, 42.6228140, -71.2071460, 0, 49.4200, 54.7400, 0.0400, 0.0000
ATT: -284, 301, 35218
GPS: 146286000, 1, 6, 42.6228140, -71.2071460, 0, 49.3300, 54.7400, 0.0400, 0.0000
ATT: -173, -220, 35259
GPS: 146286000, 1, 6, 42.6228140, -71.2071460, 0, 49.3300, 54.7400, 0.0400, 0.0000
ATT: -81, -607, 35311
GPS: 146286000, 1, 6, 42.6228140, -71.2071460, 0, 49.3300, 54.7400, 0.0400, 0.0000
ATT: -92, -854, 35363
GPS: 146287000, 1, 6, 42.6228140, -71.2071460, 0, 49.3300, 54.4200, 0.0800, 0.0000
ATT: -167, -986, 35378
GPS: 146287000, 1, 6, 42.6228140, -71.2071460, 0, 49.3300, 54.4200, 0.0800, 0.0000
ATT: -275, -1052, 35392
GPS: 146287000, 1, 6, 42.6228140, -71.2071460, 0, 49.3300, 54.4200, 0.0800, 0.0000
ATT: -382, -1069, 35416
GPS: 146287000, 1, 6, 42.6228140, -71.2071460, 0, 49.3300, 54.4200, 0.0800, 0.0000
ATT: -422, -1071, 35459
GPS: 146287000, 1, 6, 42.6228140, -71.2071460, 0, 49.3300, 54.4200, 0.0800, 0.0000
ATT: -410, -1084, 35498
GPS: 146287000, 1, 6, 42.6228140, -71.2071460, 0, 49.3300, 54.4200, 0.0800, 0.0000
ATT: -352, -1110, 35516
GPS: 146287000, 1, 6, 42.6228140, -71.2071460, 0, 49.3300, 54.4200, 0.0800, 0.0000
ATT: -265, -1141, 35534
GPS: 146287000, 1, 6, 42.6228140, -71.2071460, 0, 49.3300, 54.4200, 0.0800, 0.0000
ATT: -187, -1208, 35560
GPS: 146287000, 1, 6, 42.6228140, -71.2071460, 0, 49.3300, 54.4200, 0.0800, 0.0000
ATT: -138, -1309, 35581
GPS: 146287000, 1, 6, 42.6228140, -71.2071460, 0, 49.3300, 54.4200, 0.0800, 0.0000
ATT: -117, -1388, 35598
GPS: 146288000, 1, 6, 42.6228140, -71.2071460, 0, 49.3300, 53.9500, 0.1400, 0.0000
ATT: -126, -1395, 35623
GPS: 146288000, 1, 6, 42.6228140, -71.2071460, 0, 49.3300, 53.9500, 0.1400, 0.0000
ATT: -138, -1380, 35639
GPS: 146288000, 1, 6, 42.6228140, -71.2071460, 0, 49.3300, 53.9500, 0.1400, 0.0000
ATT: -151, -1355, 35642
GPS: 146288000, 1, 6, 42.6228140, -71.2071460, 0, 49.3300, 53.9500, 0.1400, 0.0000
ATT: -153, -1303, 35636
GPS: 146288000, 1, 6, 42.6228140, -71.2071460, 0, 49.1500, 53.9500, 0.1400, 0.0000
ATT: -150, -1226, 35621
GPS: 146288000, 1, 6, 42.6228140, -71.2071460, 0, 49.0600, 53.9500, 0.1400, 0.0000
ATT: -139, -1155, 35609
GPS: 146288000, 1, 6, 42.6228140, -71.2071460, 0, 49.3300, 53.9500, 0.1400, 0.0000
ATT: -121, -1119, 35599
GPS: 146288000, 1, 6, 42.6228140, -71.2071460, 0, 49.5100, 53.9500, 0.1400, 0.0000
ATT: -97, -1117, 35600
GPS: 146288000, 1, 6, 42.6228140, -71.2071460, 0, 49.4200, 53.9500, 0.1400, 0.0000
ATT: -78, -1130, 35616
GPS: 146289000, 1, 6, 42.6228140, -71.2071460, 0, 49.4200, 53.2300, 0.0700, 0.0000
ATT: -68, -1136, 35631
GPS: 146289000, 1, 6, 42.6228140, -71.2071460, 0, 49.4200, 53.2300, 0.0700, 0.0000
ATT: -76, -1149, 35637
GPS: 146289000, 1, 6, 42.6228140, -71.2071460, 0, 49.4200, 53.2300, 0.0700, 0.0000
ATT: -87, -1162, 35632
GPS: 146289000, 1, 6, 42.6228140, -71.2071460, 0, 49.6900, 53.2300, 0.0700, 0.0000
ATT: -88, -1183, 35617
GPS: 146289000, 1, 6, 42.6228140, -71.2071460, 0, 49.8700, 53.2300, 0.0700, 0.0000
ATT: -82, -1238, 35601
GPS: 146289000, 1, 6, 42.6228140, -71.2071460, 0, 49.6000, 53.2300, 0.0700, 0.0000
ATT: -76, -1303, 35579
GPS: 146289000, 1, 6, 42.6228140, -71.2071460, 0, 49.4200, 53.2300, 0.0700, 0.0000
ATT: -71, -1371, 35543
GPS: 146289000, 1, 6, 42.6228140, -71.2071460, 0, 49.4200, 53.2300, 0.0700, 0.0000
ATT: -77, -1436, 35496
GPS: 146289000, 1, 6, 42.6228140, -71.2071460, 0, 49.4200, 53.2300, 0.0700, 0.0000
ATT: -87, -1495, 35461
GPS: 146289000, 1, 6, 42.6228140, -71.2071460, 0, 49.5100, 53.2300, 0.0700, 0.0000
ATT: -98, -1524, 35442
GPS: 146290000, 1, 6, 42.6228140, -71.2071460, 0, 49.6000, 52.7100, 0.0600, 0.0000
ATT: -106, -1558, 35436
GPS: 146290000, 1, 6, 42.6228140, -71.2071460, 0, 49.5100, 52.7100, 0.0600, 0.0000
ATT: -121, -1626, 35433
GPS: 146290000, 1, 6, 42.6228140, -71.2071460, 0, 49.5100, 52.7100, 0.0600, 0.0000
ATT: -144, -1675, 35440
GPS: 146290000, 1, 6, 42.6228140, -71.2071460, 0, 49.4200, 52.7100, 0.0600, 0.0000
ATT: -162, -1667, 35457
GPS: 146290000, 1, 6, 42.6228140, -71.2071460, 0, 49.4200, 52.7100, 0.0600, 0.0000
ATT: -161, -1573, 35464
GPS: 146290000, 1, 6, 42.6228140, -71.2071460, 0, 49.4200, 52.7100, 0.0600, 0.0000
ATT: -151, -1351, 35477
GPS: 146290000, 1, 6, 42.6228140, -71.2071460, 0, 49.4200, 52.7100, 0.0600, 0.0000
ATT: -164, -978, 35472
GPS: 146290000, 1, 6, 42.6228140, -71.2071460, 0, 49.4200, 52.7100, 0.0600, 0.0000
ATT: -220, -545, 35462
GPS: 146290000, 1, 6, 42.6228140, -71.2071460, 0, 49.4200, 52.7100, 0.0600, 0.0000
ATT: -299, -108, 35423
GPS: 146290000, 1, 6, 42.6228140, -71.2071460, 0, 49.3300, 52.7100, 0.0600, 0.0000
ATT: -364, 233, 35371
GPS: 146291000, 1, 6, 42.6228140, -71.2071460, 0, 49.2400, 51.9200, 0.0600, 0.0000
ATT: -365, 408, 35323
GPS: 146291000, 1, 6, 42.6228140, -71.2071460, 0, 49.2400, 51.9200, 0.0600, 0.0000
ATT: -316, 456, 35294
GPS: 146291000, 1, 6, 42.6228140, -71.2071460, 0, 49.2400, 51.9200, 0.0600, 0.0000
ATT: -245, 447, 35285
GPS: 146291000, 1, 6, 42.6228140, -71.2071460, 0, 49.1500, 51.9200, 0.0600, 0.0000
ATT: -182, 414, 35284
GPS: 146291000, 1, 6, 42.6228140, -71.2071460, 0, 49.1500, 51.9200, 0.0600, 0.0000
ATT: -166, 384, 35276
GPS: 146291000, 1, 6, 42.6228140, -71.2071460, 0, 49.0600, 51.9200, 0.0600, 0.0000
ATT: -186, 369, 35281
GPS: 146291000, 1, 6, 42.6228140, -71.2071460, 0, 49.0600, 51.9200, 0.0600, 0.0000
ATT: -203, 380, 35291
GPS: 146291000, 1, 6, 42.6228140, -71.2071460, 0, 49.2400, 51.9200, 0.0600, 0.0000
ATT: -212, 383, 35308
GPS: 146291000, 1, 6, 42.6228140, -71.2071460, 0, 49.3300, 51.9200, 0.0600, 0.0000
ATT: -217, 388, 35320
GPS: 146291000, 1, 6, 42.6228140, -71.2071460, 0, 49.4200, 51.9200, 0.0600, 0.0000
ATT: -206, 399, 35334
GPS: 146292000, 1, 6, 42.6228140, -71.2071530, 0, 49.5100, 50.9800, 0.0700, 0.0000
ATT: -198, 413, 35352
GPS: 146292000, 1, 6, 42.6228140, -71.2071530, 0, 49.4200, 50.9800, 0.0700, 0.0000
ATT: -192, 410, 35355
GPS: 146292000, 1, 6, 42.6228140, -71.2071530, 0, 49.3300, 50.9800, 0.0700, 0.0000
ATT: -184, 397, 35357
GPS: 146292000, 1, 6, 42.6228140, -71.2071530, 0, 49.3300, 50.9800, 0.0700, 0.0000
ATT: -173, 383, 35369
GPS: 146292000, 1, 6, 42.6228140, -71.2071530, 0, 49.3300, 50.9800, 0.0700, 0.0000
ATT: -170, 372, 35378
GPS: 146292000, 1, 6, 42.6228140, -71.2071530, 0, 49.5100, 50.9800, 0.0700, 0.0000
ATT: -179, 359, 35375
GPS: 146292000, 1, 6, 42.6228140, -71.2071530, 0, 49.6000, 50.9800, 0.0700, 0.0000
ATT: -184, 358, 35376
GPS: 146292000, 1, 6, 42.6228140, -71.2071530, 0, 49.4200, 50.9800, 0.0700, 0.0000
ATT: -186, 345, 35383
GPS: 146292000, 1, 6, 42.6228140, -71.2071530, 0, 49.3300, 50.9800, 0.0700, 0.0000
ATT: -188, 333, 35390
GPS: 146292000, 1, 6, 42.6228140, -71.2071530, 0, 49.3300, 50.9800, 0.0700, 0.0000
ATT: -189, 333, 35391
GPS: 146293000, 1, 6, 42.6228140, -71.2071530, 0, 49.3300, 50.3700, 0.0600, 0.0000
ATT: -193, 331, 35386
GPS: 146293000, 1, 6, 42.6228140, -71.2071530, 0, 49.3300, 50.3700, 0.0600, 0.0000
ATT: -185, 321, 35383
GPS: 146293000, 1, 6, 42.6228140, -71.2071530, 0, 49.3300, 50.3700, 0.0600, 0.0000
ATT: -173, 322, 35382
GPS: 146293000, 1, 6, 42.6228140, -71.2071530, 0, 49.2400, 50.3700, 0.0600, 0.0000
ATT: -166, 329, 35378
GPS: 146293000, 1, 6, 42.6228140, -71.2071530, 0, 49.1500, 50.3700, 0.0600, 0.0000
ATT: -164, 343, 35366
GPS: 146293000, 1, 6, 42.6228140, -71.2071530, 0, 49.0600, 50.3700, 0.0600, 0.0000
ATT: -157, 355, 35356
GPS: 146293000, 1, 6, 42.6228140, -71.2071530, 0, 49.0600, 50.3700, 0.0600, 0.0000
ATT: -152, 350, 35355
GPS: 146293000, 1, 6, 42.6228140, -71.2071530, 0, 49.1500, 50.3700, 0.0600, 0.0000
ATT: -153, 347, 35362
GPS: 146293000, 1, 6, 42.6228140, -71.2071530, 0, 49.1500, 50.3700, 0.0600, 0.0000
ATT: -161, 348, 35372
GPS: 146293000, 1, 6, 42.6228140, -71.2071530, 0, 49.1500, 50.3700, 0.0600, 0.0000
ATT: -172, 358, 35375
GPS: 146294000, 1, 6, 42.6228140, -71.2071530, 0, 49.1500, 49.8000, 0.0600, 0.0000
ATT: -167, 353, 35385
GPS: 146294000, 1, 6, 42.6228140, -71.2071530, 0, 49.1500, 49.8000, 0.0600, 0.0000
ATT: -169, 301, 35412
GPS: 146294000, 1, 6, 42.6228140, -71.2071530, 0, 49.1500, 49.8000, 0.0600, 0.0000
ATT: -173, 240, 35410
GPS: 146294000, 1, 6, 42.6228140, -71.2071530, 0, 49.1500, 49.8000, 0.0600, 0.0000
ATT: -199, 211, 35390
GPS: 146294000, 1, 6, 42.6228140, -71.2071530, 0, 49.1500, 49.8000, 0.0600, 0.0000
ATT: -231, 174, 35384
GPS: 146294000, 1, 6, 42.6228140, -71.2071530, 0, 49.1500, 49.8000, 0.0600, 0.0000
ATT: -254, 124, 35327
GPS: 146294000, 1, 6, 42.6228140, -71.2071530, 0, 49.1500, 49.8000, 0.0600, 0.0000
ATT: -300, 46, 35260
GPS: 146294000, 1, 6, 42.6228140, -71.2071530, 0, 49.1500, 49.8000, 0.0600, 0.0000
ATT: -381, -23, 35269
GPS: 146294000, 1, 6, 42.6228140, -71.2071530, 0, 49.1500, 49.8000, 0.0600, 0.0000
ATT: -408, -86, 35313
GPS: 146294000, 1, 6, 42.6228140, -71.2071530, 0, 49.1500, 49.8000, 0.0600, 0.0000
ATT: -315, -153, 35417
GPS: 146295000, 1, 6, 42.6228140, -71.2071530, 0, 49.1500, 49.2400, 0.0900, 0.0000
ATT: -233, -137, 35435
GPS: 146295000, 1, 6, 42.6228140, -71.2071530, 0, 49.1500, 49.2400, 0.0900, 0.0000
ATT: -276, -141, 35386
GPS: 146295000, 1, 6, 42.6228140, -71.2071530, 0, 49.1500, 49.2400, 0.0900, 0.0000
ATT: -335, -206, 35470
GPS: 146295000, 1, 6, 42.6228140, -71.2071530, 0, 49.1500, 49.2400, 0.0900, 0.0000
ATT: -539, -39, 35559
GPS: 146295000, 1, 6, 42.6228140, -71.2071530, 0, 49.1500, 49.2400, 0.0900, 0.0000
ATT: -716, 10, 35555
GPS: 146295000, 1, 6, 42.6228140, -71.2071530, 0, 49.2400, 49.2400, 0.0900, 0.0000
ATT: -802, -16, 35556
GPS: 146295000, 1, 6, 42.6228140, -71.2071530, 0, 49.2400, 49.2400, 0.0900, 0.0000
ATT: -669, 21, 35561
GPS: 146295000, 1, 6, 42.6228140, -71.2071530, 0, 49.2400, 49.2400, 0.0900, 0.0000
ATT: -307, 6, 35638
GPS: 146295000, 1, 6, 42.6228140, -71.2071530, 0, 49.2400, 49.2400, 0.0900, 0.0000
ATT: -33, -17, 35657
GPS: 146295000, 1, 6, 42.6228140, -71.2071530, 0, 49.2400, 49.2400, 0.0900, 0.0000
ATT: 55, -29, 35675
GPS: 146296000, 1, 6, 42.6228140, -71.2071530, 0, 49.2400, 48.7100, 0.0800, 0.0000
ATT: 24, -27, 35665
GPS: 146296000, 1, 6, 42.6228140, -71.2071530, 0, 49.2400, 48.7100, 0.0800, 0.0000
ATT: -92, -17, 35633
GPS: 146296000, 1, 6, 42.6228140, -71.2071530, 0, 49.2400, 48.7100, 0.0800, 0.0000
ATT: -254, -15, 35599
GPS: 146296000, 1, 6, 42.6228140, -71.2071530, 0, 49.1500, 48.7100, 0.0800, 0.0000
ATT: -397, -29, 35577
GPS: 146296000, 1, 6, 42.6228140, -71.2071530, 0, 49.1500, 48.7100, 0.0800, 0.0000
ATT: -472, -51, 35568
GPS: 146296000, 1, 6, 42.6228140, -71.2071530, 0, 49.0600, 48.7100, 0.0800, 0.0000
ATT: -432, -50, 35566
GPS: 146296000, 1, 6, 42.6228140, -71.2071530, 0, 48.9700, 48.7100, 0.0800, 0.0000
ATT: -321, -50, 35567
GPS: 146296000, 1, 6, 42.6228140, -71.2071530, 0, 49.0600, 48.7100, 0.0800, 0.0000
ATT: -183, -50, 35531
GPS: 146296000, 1, 6, 42.6228140, -71.2071530, 0, 49.1500, 48.7100, 0.0800, 0.0000
ATT: -81, -34, 35521
GPS: 146296000, 1, 6, 42.6228140, -71.2071530, 0, 49.2400, 48.7100, 0.0800, 0.0000
ATT: -43, -121, 35571
GPS: 146297000, 1, 6, 42.6228140, -71.2071530, 0, 49.2400, 48.3500, 0.0500, 0.0000
ATT: -105, -216, 35620
GPS: 146297000, 1, 6, 42.6228140, -71.2071530, 0, 49.2400, 48.3500, 0.0500, 0.0000
ATT: -205, -208, 35656
GPS: 146297000, 1, 6, 42.6228140, -71.2071530, 0, 49.2400, 48.3500, 0.0500, 0.0000
ATT: -234, -83, 35654
GPS: 146297000, 1, 6, 42.6228140, -71.2071530, 0, 49.2400, 48.3500, 0.0500, 0.0000
ATT: -249, -33, 35626
GPS: 146297000, 1, 6, 42.6228140, -71.2071530, 0, 49.2400, 48.3500, 0.0500, 0.0000
ATT: -284, -147, 35601
GPS: 146297000, 1, 6, 42.6228140, -71.2071530, 0, 49.1500, 48.3500, 0.0500, 0.0000
ATT: -285, -170, 35561
GPS: 146297000, 1, 6, 42.6228140, -71.2071530, 0, 49.0600, 48.3500, 0.0500, 0.0000
ATT: -195, -174, 35560
GPS: 146297000, 1, 6, 42.6228140, -71.2071530, 0, 48.9700, 48.3500, 0.0500, 0.0000
ATT: -41, -272, 35546
GPS: 146297000, 1, 6, 42.6228140, -71.2071530, 0, 48.9700, 48.3500, 0.0500, 0.0000
ATT: 72, -366, 35554
GPS: 146297000, 1, 6, 42.6228140, -71.2071530, 0, 48.9700, 48.3500, 0.0500, 0.0000
ATT: 147, -472, 35583
GPS: 146298000, 1, 6, 42.6228140, -71.2071530, 0, 48.9700, 48.0800, 0.0400, 0.0000
ATT: 159, -571, 35581
GPS: 146298000, 1, 6, 42.6228140, -71.2071530, 0, 48.9700, 48.0800, 0.0400, 0.0000
ATT: 121, -655, 35585
GPS: 146298000, 1, 6, 42.6228140, -71.2071530, 0, 48.9700, 48.0800, 0.0400, 0.0000
ATT: 68, -662, 35587
GPS: 146298000, 1, 6, 42.6228140, -71.2071530, 0, 48.9700, 48.0800, 0.0400, 0.0000
ATT: -18, -602, 35549
GPS: 146298000, 1, 6, 42.6228140, -71.2071530, 0, 48.9700, 48.0800, 0.0400, 0.0000
ATT: 0, -564, 35617
GPS: 146298000, 1, 6, 42.6228140, -71.2071530, 0, 49.0600, 48.0800, 0.0400, 0.0000
ATT: -67, -587, 35681
GPS: 146298000, 1, 6, 42.6228140, -71.2071530, 0, 49.0600, 48.0800, 0.0400, 0.0000
ATT: -93, -619, 35618
GPS: 146298000, 1, 6, 42.6228140, -71.2071530, 0, 49.1500, 48.0800, 0.0400, 0.0000
ATT: -220, -730, 35487
GPS: 146298000, 1, 6, 42.6228140, -71.2071530, 0, 49.1500, 48.0800, 0.0400, 0.0000
ATT: -287, -896, 35319
GPS: 146298000, 1, 6, 42.6228140, -71.2071530, 0, 49.2400, 48.0800, 0.0400, 0.0000
ATT: -278, -1019, 34997
GPS: 146299000, 1, 6, 42.6228140, -71.2071530, 0, 49.3300, 47.9700, 0.0800, 0.0000
ATT: -212, -1184, 34650
GPS: 146299000, 1, 6, 42.6228140, -71.2071530, 0, 49.4200, 47.9700, 0.0800, 0.0000
ATT: -145, -1366, 34222
GPS: 146299000, 1, 6, 42.6228140, -71.2071530, 0, 49.4200, 47.9700, 0.0800, 0.0000
ATT: -210, -1557, 33731
GPS: 146299000, 1, 6, 42.6228140, -71.2071530, 0, 49.4200, 47.9700, 0.0800, 0.0000
ATT: -251, -1713, 33048
GPS: 146299000, 1, 6, 42.6228140, -71.2071530, 0, 49.4200, 47.9700, 0.0800, 0.0000
ATT: -268, -1849, 32184
GPS: 146299000, 1, 6, 42.6228140, -71.2071530, 0, 49.5100, 47.9700, 0.0800, 0.0000
ATT: -198, -1885, 31213
GPS: 146299000, 1, 6, 42.6228140, -71.2071530, 0, 49.6000, 47.9700, 0.0800, 0.0000
ATT: -159, -1830, 30236
GPS: 146299000, 1, 6, 42.6228140, -71.2071530, 0, 49.6900, 47.9700, 0.0800, 0.0000
ATT: -184, -1799, 29349
GPS: 146299000, 1, 6, 42.6228140, -71.2071530, 0, 49.7800, 47.9700, 0.0800, 0.0000
ATT: -234, -1765, 28634
GPS: 146299000, 1, 6, 42.6228140, -71.2071530, 0, 49.8700, 47.9700, 0.0800, 0.0000
ATT: -119, -1752, 28085
GPS: 146300000, 1, 6, 42.6228140, -71.2071530, 0, 49.8700, 47.8600, 0.3000, 0.0000
ATT: 21, -1765, 27663
GPS: 146300000, 1, 6, 42.6228140, -71.2071530, 0, 49.8700, 47.8600, 0.3000, 0.0000
PM:20019,1000,21,0,0,0,0,20,1,0,-4,0,0, 
ATT: 122, -1702, 27320
GPS: 146300000, 1, 6, 42.6228140, -71.2071530, 0, 49.8700, 47.8600, 0.3000, 0.0000
ATT: 195, -1601, 27071
GPS: 146300000, 1, 6, 42.6228140, -71.2071530, 0, 49.7800, 47.8600, 0.3000, 0.0000
ATT: 220, -1474, 26997
GPS: 146300000, 1, 6, 42.6228140, -71.2071530, 0, 49.6900, 47.8600, 0.3000, 0.0000
ATT: 166, -1307, 27158
GPS: 146300000, 1, 6, 42.6228140, -71.2071530, 0, 49.6900, 47.8600, 0.3000, 0.0000
ATT: 104, -1037, 27559
GPS: 146300000, 1, 6, 42.6228140, -71.2071530, 0, 49.6900, 47.8600, 0.3000, 0.0000
ATT: 141, -767, 28127
GPS: 146300000, 1, 6, 42.6228140, -71.2071530, 0, 49.6900, 47.8600, 0.3000, 0.0000
ATT: 277, -505, 28611
GPS: 146300000, 1, 6, 42.6228140, -71.2071530, 0, 49.6900, 47.8600, 0.3000, 0.0000
ATT: 464, -301, 29010
GPS: 146300000, 1, 6, 42.6228140, -71.2071530, 0, 49.6900, 47.8600, 0.3000, 0.0000
ATT: 540, -220, 29408
GPS: 146301000, 1, 6, 42.6228140, -71.2071530, 0, 49.6900, 47.3500, 0.7200, 43.2000
ATT: 539, -281, 29786
GPS: 146301000, 1, 6, 42.6228140, -71.2071530, 0, 49.6000, 47.3500, 0.7200, 43.2000
ATT: 485, -424, 30154
GPS: 146301000, 1, 6, 42.6228140, -71.2071530, 0, 49.6000, 47.3500, 0.7200, 43.2000
ATT: 377, -665, 30550
GPS: 146301000, 1, 6, 42.6228140, -71.2071530, 0, 49.6000, 47.3500, 0.7200, 43.2000
ATT: 147, -866, 30948
GPS: 146301000, 1, 6, 42.6228140, -71.2071530, 0, 49.6000, 47.3500, 0.7200, 43.2000
ATT: -6, -955, 31340
GPS: 146301000, 1, 6, 42.6228140, -71.2071530, 0, 49.4200, 47.3500, 0.7200, 43.2000
ATT: -101, -883, 31857
GPS: 146301000, 1, 6, 42.6228140, -71.2071530, 0, 49.2400, 47.3500, 0.7200, 43.2000
ATT: -53, -656, 32386
GPS: 146301000, 1, 6, 42.6228140, -71.2071530, 0, 49.2400, 47.3500, 0.7200, 43.2000
ATT: 57, -389, 32855
GPS: 146301000, 1, 6, 42.6228140, -71.2071530, 0, 49.2400, 47.3500, 0.7200, 43.2000
ATT: 122, -201, 33251
GPS: 146301000, 1, 6, 42.6228140, -71.2071530, 0, 49.1500, 47.3500, 0.7200, 43.2000
ATT: 113, 128, 33510
GPS: 146302000, 1, 6, 42.6228140, -71.2071460, 0, 49.1500, 47.0300, 0.6300, 101.0000
ATT: 110, 615, 33539
GPS: 146302000, 1, 6, 42.6228140, -71.2071460, 0, 48.8800, 47.0300, 0.6300, 101.0000
ATT: 70, 768, 33408
GPS: 146302000, 1, 6, 42.6228140, -71.2071460, 0, 48.7000, 47.0300, 0.6300, 101.0000
ATT: 2, 695, 33064
GPS: 146302000, 1, 6, 42.6228140, -71.2071460, 0, 48.7000, 47.0300, 0.6300, 101.0000
ATT: -120, 594, 32699
GPS: 146302000, 1, 6, 42.6228140, -71.2071460, 0, 48.7000, 47.0300, 0.6300, 101.0000
ATT: -230, 526, 32389
GPS: 146302000, 1, 6, 42.6228140, -71.2071460, 0, 48.7000, 47.0300, 0.6300, 101.0000
ATT: -242, 435, 32199
GPS: 146302000, 1, 6, 42.6228140, -71.2071460, 0, 48.7000, 47.0300, 0.6300, 101.0000
ATT: -165, 277, 32025
GPS: 146302000, 1, 6, 42.6228140, -71.2071460, 0, 48.7900, 47.0300, 0.6300, 101.0000
ATT: -37, 25, 31806
GPS: 146302000, 1, 6, 42.6228140, -71.2071460, 0, 48.8800, 47.0300, 0.6300, 101.0000
ATT: 9, -240, 31504
GPS: 146302000, 1, 6, 42.6228140, -71.2071460, 0, 48.9700, 47.0300, 0.6300, 101.0000
ATT: -56, -464, 31170
GPS: 146303000, 1, 6, 42.6228140, -71.2071460, 0, 49.0600, 46.7500, 0.0200, 101.0000
ATT: -148, -656, 30906
GPS: 146303000, 1, 6, 42.6228140, -71.2071460, 0, 49.0600, 46.7500, 0.0200, 101.0000
ATT: -167, -804, 30789
GPS: 146303000, 1, 6, 42.6228140, -71.2071460, 0, 49.0600, 46.7500, 0.0200, 101.0000
ATT: -66, -942, 30726
GPS: 146303000, 1, 6, 42.6228140, -71.2071460, 0, 49.1500, 46.7500, 0.0200, 101.0000
ATT: 50, -1042, 30648
GPS: 146303000, 1, 6, 42.6228140, -71.2071460, 0, 49.2400, 46.7500, 0.0200, 101.0000
ATT: 108, -1046, 30586
GPS: 146303000, 1, 6, 42.6228140, -71.2071460, 0, 49.3300, 46.7500, 0.0200, 101.0000
MOD:Manual
ATT: 123, -1018, 30603
GPS: 146303000, 1, 6, 42.6228140, -71.2071460, 0, 49.4200, 46.7500, 0.0200, 101.0000
ATT: 159, -1019, 30661
GPS: 146303000, 1, 6, 42.6228140, -71.2071460, 0, 49.4200, 46.7500, 0.0200, 101.0000
ATT: 226, -1057, 30721
GPS: 146303000, 1, 6, 42.6228140, -71.2071460, 0, 49.4200, 46.7500, 0.0200, 101.0000
ATT: 253, -1114, 30854
GPS: 146303000, 1, 6, 42.6228140, -71.2071460, 0, 49.2400, 46.7500, 0.0200, 101.0000
ATT: 254, -1176, 31129
GPS: 146304000, 1, 6, 42.6228140, -71.2071530, 0, 49.1500, 46.5000, 0.2900, 101.0000
ATT: 274, -1133, 31554
GPS: 146304000, 1, 6, 42.6228140, -71.2071530, 0, 49.1500, 46.5000, 0.2900, 101.0000
ATT: 301, -913, 32030
GPS: 146304000, 1, 6, 42.6228140, -71.2071530, 0, 49.1500, 46.5000, 0.2900, 101.0000
ATT: 313, -581, 32537
GPS: 146304000, 1, 6, 42.6228140, -71.2071530, 0, 49.3300, 46.5000, 0.2900, 101.0000
ATT: 440, -283, 32994
GPS: 146304000, 1, 6, 42.6228140, -71.2071530, 0, 49.4200, 46.5000, 0.2900, 101.0000
ATT: 638, -61, 33336
GPS: 146304000, 1, 6, 42.6228140, -71.2071530, 0, 49.3300, 46.5000, 0.2900, 101.0000
ATT: 787, 17, 33522
GPS: 146304000, 1, 6, 42.6228140, -71.2071530, 0, 49.3300, 46.5000, 0.2900, 101.0000
ATT: 886, 31, 33581
GPS: 146304000, 1, 6, 42.6228140, -71.2071530, 0, 49.2400, 46.5000, 0.2900, 101.0000
ATT: 912, -47, 33638
GPS: 146304000, 1, 6, 42.6228140, -71.2071530, 0, 49.1500, 46.5000, 0.2900, 101.0000
ATT: 944, -40, 33820
GPS: 146304000, 1, 6, 42.6228140, -71.2071530, 0, 48.8800, 46.5000, 0.2900, 101.0000
ATT: 1011, -12, 34060
GPS: 146305000, 1, 6, 42.6228140, -71.2071460, 0, 48.7000, 46.2600, 0.7200, 59.4600
ATT: 1018, 118, 34234
GPS: 146305000, 1, 6, 42.6228140, -71.2071460, 0, 48.7000, 46.2600, 0.7200, 59.4600
ATT: 811, 195, 34395
GPS: 146305000, 1, 6, 42.6228140, -71.2071460, 0, 48.7000, 46.2600, 0.7200, 59.4600
ATT: 598, 194, 34584
GPS: 146305000, 1, 6, 42.6228140, -71.2071460, 0, 48.7000, 46.2600, 0.7200, 59.4600
ATT: 491, 187, 34772
GPS: 146305000, 1, 6, 42.6228140, -71.2071460, 0, 48.7000, 46.2600, 0.7200, 59.4600
ATT: 446, 185, 34926
GPS: 146305000, 1, 6, 42.6228140, -71.2071460, 0, 48.6100, 46.2600, 0.7200, 59.4600
ATT: 186, 161, 35048
GPS: 146305000, 1, 6, 42.6228140, -71.2071460, 0, 48.5200, 46.2600, 0.7200, 59.4600
ATT: -51, 83, 35242
GPS: 146305000, 1, 6, 42.6228140, -71.2071460, 0, 48.5200, 46.2600, 0.7200, 59.4600
ATT: -214, 145, 35545
GPS: 146305000, 1, 6, 42.6228140, -71.2071460, 0, 48.5200, 46.2600, 0.7200, 59.4600
ATT: -292, 243, 35645
GPS: 146305000, 1, 6, 42.6228140, -71.2071460, 0, 48.5200, 46.2600, 0.7200, 59.4600
ATT: -321, 266, 35580
GPS: 146306000, 1, 6, 42.6228140, -71.2071460, 0, 48.5200, 45.9300, 0.0200, 59.4600
ATT: -302, 234, 35511
GPS: 146306000, 1, 6, 42.6228140, -71.2071460, 0, 48.6100, 45.9300, 0.0200, 59.4600
ATT: -289, 255, 35502
GPS: 146306000, 1, 6, 42.6228140, -71.2071460, 0, 48.7000, 45.9300, 0.0200, 59.4600
ATT: -253, 207, 35505
GPS: 146306000, 1, 6, 42.6228140, -71.2071460, 0, 48.6100, 45.9300, 0.0200, 59.4600
ATT: -285, 196, 35514
GPS: 146306000, 1, 6, 42.6228140, -71.2071460, 0, 48.6100, 45.9300, 0.0200, 59.4600
ATT: -315, 196, 35513
GPS: 146306000, 1, 6, 42.6228140, -71.2071460, 0, 48.6100, 45.9300, 0.0200, 59.4600
ATT: -260, 210, 35531
GPS: 146306000, 1, 6, 42.6228140, -71.2071460, 0, 48.6100, 45.9300, 0.0200, 59.4600
ATT: -137, 207, 35539
GPS: 146306000, 1, 6, 42.6228140, -71.2071460, 0, 48.7000, 45.9300, 0.0200, 59.4600
ATT: -52, 210, 35538
GPS: 146306000, 1, 6, 42.6228140, -71.2071460, 0, 48.7900, 45.9300, 0.0200, 59.4600
ATT: -74, 210, 35534
GPS: 146306000, 1, 6, 42.6228140, -71.2071460, 0, 48.7000, 45.9300, 0.0200, 59.4600
ATT: -135, 215, 35533
GPS: 146307000, 1, 6, 42.6228140, -71.2071460, 0, 48.7000, 46.1200, 0.0100, 59.4600
ATT: -166, 217, 35530
GPS: 146307000, 1, 6, 42.6228140, -71.2071460, 0, 48.7000, 46.1200, 0.0100, 59.4600
ATT: -156, 215, 35529
GPS: 146307000, 1, 6, 42.6228140, -71.2071460, 0, 48.7000, 46.1200, 0.0100, 59.4600
ATT: -134, 213, 35533
GPS: 146307000, 1, 6, 42.6228140, -71.2071460, 0, 48.7000, 46.1200, 0.0100, 59.4600
ATT: -120, 213, 35535
GPS: 146307000, 1, 6, 42.6228140, -71.2071460, 0, 48.7000, 46.1200, 0.0100, 59.4600
ATT: -115, 214, 35536
GPS: 146307000, 1, 6, 42.6228140, -71.2071460, 0, 48.6100, 46.1200, 0.0100, 59.4600
ATT: -124, 213, 35533
GPS: 146307000, 1, 6, 42.6228140, -71.2071460, 0, 48.5200, 46.1200, 0.0100, 59.4600
ATT: -140, 213, 35531
GPS: 146307000, 1, 6, 42.6228140, -71.2071460, 0, 48.4300, 46.1200, 0.0100, 59.4600
ATT: -150, 212, 35529
GPS: 146307000, 1, 6, 42.6228140, -71.2071460, 0, 48.4300, 46.1200, 0.0100, 59.4600
ATT: -152, 212, 35529
GPS: 146307000, 1, 6, 42.6228140, -71.2071460, 0, 48.4300, 46.1200, 0.0100, 59.4600
ATT: -154, 211, 35529
GPS: 146308000, 1, 6, 42.6228140, -71.2071460, 0, 48.4300, 46.0800, 0.0700, 59.4600
ATT: -153, 208, 35529
GPS: 146308000, 1, 6, 42.6228140, -71.2071460, 0, 48.5200, 46.0800, 0.0700, 59.4600
ATT: -151, 208, 35533
GPS: 146308000, 1, 6, 42.6228140, -71.2071460, 0, 48.6100, 46.0800, 0.0700, 59.4600
ATT: -238, 206, 35515
GPS: 146308000, 1, 6, 42.6228140, -71.2071460, 0, 48.5200, 46.0800, 0.0700, 59.4600
ATT: -296, 204, 35519
GPS: 146308000, 1, 6, 42.6228140, -71.2071460, 0, 48.4300, 46.0800, 0.0700, 59.4600
ATT: -212, 205, 35532
GPS: 146308000, 1, 6, 42.6228140, -71.2071460, 0, 48.4300, 46.0800, 0.0700, 59.4600
ATT: -150, 204, 35540
GPS: 146308000, 1, 6, 42.6228140, -71.2071460, 0, 48.4300, 46.0800, 0.0700, 59.4600
ATT: -142, 199, 35541
GPS: 146308000, 1, 6, 42.6228140, -71.2071460, 0, 48.4300, 46.0800, 0.0700, 59.4600
ATT: -165, 196, 35537
GPS: 146308000, 1, 6, 42.6228140, -71.2071460, 0, 48.4300, 46.0800, 0.0700, 59.4600
ATT: -190, 194, 35534
GPS: 146308000, 1, 6, 42.6228140, -71.2071460, 0, 48.5200, 46.0800, 0.0700, 59.4600
ATT: -208, 192, 35530
GPS: 146309000, 1, 6, 42.6228140, -71.2071460, 0, 48.5200, 46.1400, 0.0600, 59.4600
ATT: -220, 189, 35528
GPS: 146309000, 1, 6, 42.6228140, -71.2071460, 0, 48.5200, 46.1400, 0.0600, 59.4600
ATT: -223, 187, 35528
GPS: 146309000, 1, 6, 42.6228140, -71.2071460, 0, 48.5200, 46.1400, 0.0600, 59.4600
ATT: -216, 185, 35530
GPS: 146309000, 1, 6, 42.6228140, -71.2071460, 0, 48.5200, 46.1400, 0.0600, 59.4600
ATT: -205, 184, 35531
GPS: 146309000, 1, 6, 42.6228140, -71.2071460, 0, 48.5200, 46.1400, 0.0600, 59.4600
ATT: -200, 183, 35532
GPS: 146309000, 1, 6, 42.6228140, -71.2071460, 0, 48.4300, 46.1400, 0.0600, 59.4600
ATT: -201, 182, 35532
GPS: 146309000, 1, 6, 42.6228140, -71.2071460, 0, 48.4300, 46.1400, 0.0600, 59.4600
ATT: -203, 181, 35532
GPS: 146309000, 1, 6, 42.6228140, -71.2071460, 0, 48.4300, 46.1400, 0.0600, 59.4600
ATT: -192, 180, 35535
GPS: 146309000, 1, 6, 42.6228140, -71.2071460, 0, 48.4300, 46.1400, 0.0600, 59.4600
ATT: -159, 181, 35539
GPS: 146309000, 1, 6, 42.6228140, -71.2071460, 0, 48.5200, 46.1400, 0.0600, 59.4600
ATT: -129, 181, 35545
GPS: 146310000, 1, 6, 42.6228100, -71.2071460, 0, 48.6100, 46.1000, 0.0700, 59.4600
ATT: -123, 180, 35546
GPS: 146310000, 1, 6, 42.6228100, -71.2071460, 0, 48.7000, 46.1000, 0.0700, 59.4600
ATT: -129, 179, 35546
GPS: 146310000, 1, 6, 42.6228100, -71.2071460, 0, 48.7900, 46.1000, 0.0700, 59.4600
ATT: -144, 178, 35544
GPS: 146310000, 1, 6, 42.6228100, -71.2071460, 0, 48.7900, 46.1000, 0.0700, 59.4600
ATT: -165, 176, 35542
GPS: 146310000, 1, 6, 42.6228100, -71.2071460, 0, 48.7900, 46.1000, 0.0700, 59.4600
