Dumping Log 2,    start pg 235,   end pg 300

ArduPlane V2.33
Free RAM: 3417
GROUND START -  2 commands in memory
CMD:0,16,0,6036,426227540,-712070839, 
CMD:1,18,2,2000,426239168,-712069696, 
CMD:2,20,0,2000,426234208,-712086720, 
MOD:Manual
ATT: -53, -128, 33
GPS: 325014000, 1, 8, 42.6228220, -71.2071610, 0, -0.3400, 37.9400, 0.0500, 0.0000
ATT: -42, -110, 35
GPS: 325014000, 1, 8, 42.6228220, -71.2071610, 0, 0.6800, 37.9400, 0.0500, 0.0000
ATT: -40, -93, 34
GPS: 325014000, 1, 8, 42.6228220, -71.2071610, 0, 1.4400, 37.9400, 0.0500, 0.0000
ATT: -32, -80, 36
GPS: 325014000, 1, 8, 42.6228220, -71.2071610, 0, 1.5300, 37.9400, 0.0500, 0.0000
ATT: -26, -72, 36
GPS: 325014000, 1, 8, 42.6228220, -71.2071610, 0, 1.5300, 37.9400, 0.0500, 0.0000
ATT: -21, -63, 38
GPS: 325014000, 1, 8, 42.6228220, -71.2071610, 0, 1.3600, 37.9400, 0.0500, 0.0000
ATT: -18, -50, 38
GPS: 325014000, 1, 8, 42.6228220, -71.2071610, 0, 1.2700, 37.9400, 0.0500, 0.0000
ATT: -15, -45, 38
GPS: 325014000, 1, 8, 42.6228220, -71.2071610, 0, 0.7600, 37.9400, 0.0500, 0.0000
ATT: -11, -45, 41
GPS: 325014000, 1, 8, 42.6228220, -71.2071610, 0, 0.4200, 37.9400, 0.0500, 0.0000
ATT: -7, -40, 40
GPS: 325014000, 1, 8, 42.6228220, -71.2071610, 0, -0.1600, 37.9400, 0.0500, 0.0000
ATT: -3, -34, 41
GPS: 325017000, 1, 9, 42.6228180, -71.2071610, 0, -0.5900, 36.5700, 0.0100, 0.0000
ATT: 1, -39, 44
GPS: 325017000, 1, 9, 42.6228180, -71.2071610, 0, -0.7600, 36.5700, 0.0100, 0.0000
ATT: 0, -33, 45
GPS: 325017000, 1, 9, 42.6228180, -71.2071610, 0, -0.9300, 36.5700, 0.0100, 0.0000
ATT: 3, -31, 47
GPS: 325017000, 1, 9, 42.6228180, -71.2071610, 0, -0.9300, 36.5700, 0.0100, 0.0000
ATT: 7, -33, 49
GPS: 325017000, 1, 9, 42.6228180, -71.2071610, 0, -0.9300, 36.5700, 0.0100, 0.0000
ATT: 8, -29, 49
GPS: 325017000, 1, 9, 42.6228180, -71.2071610, 0, -1.1000, 36.5700, 0.0100, 0.0000
ATT: 6, -27, 49
GPS: 325017000, 1, 9, 42.6228180, -71.2071610, 0, -1.1900, 36.5700, 0.0100, 0.0000
ATT: 6, -17, 49
GPS: 325017000, 1, 9, 42.6228180, -71.2071610, 0, -1.1000, 36.5700, 0.0100, 0.0000
ATT: 4, -12, 49
GPS: 325017000, 1, 9, 42.6228180, -71.2071610, 0, -1.0200, 36.5700, 0.0100, 0.0000
ATT: 4, -12, 52
GPS: 325017000, 1, 9, 42.6228180, -71.2071610, 0, -1.0200, 36.5700, 0.0100, 0.0000
ATT: 3, -8, 52
GPS: 325018000, 1, 9, 42.6228180, -71.2071610, 0, -1.0200, 36.4000, 0.0400, 0.0000
ATT: 3, -8, 53
GPS: 325018000, 1, 9, 42.6228180, -71.2071610, 0, -1.1900, 36.4000, 0.0400, 0.0000
ATT: 7, -7, 54
GPS: 325018000, 1, 9, 42.6228180, -71.2071610, 0, -1.2700, 36.4000, 0.0400, 0.0000
ATT: 5, -5, 54
GPS: 325018000, 1, 9, 42.6228180, -71.2071610, 0, -1.1900, 36.4000, 0.0400, 0.0000
ATT: 5, -7, 56
GPS: 325018000, 1, 9, 42.6228180, -71.2071610, 0, -1.1900, 36.4000, 0.0400, 0.0000
PM:20016,126,104,0,0,0,0,3,1,3,6,0,0, 
ATT: 7, -3, 57
GPS: 325018000, 1, 9, 42.6228180, -71.2071610, 0, -1.2700, 36.4000, 0.0400, 0.0000
ATT: 6, -6, 56
GPS: 325018000, 1, 9, 42.6228180, -71.2071610, 0, -1.3600, 36.4000, 0.0400, 0.0000
ATT: 5, -2, 56
GPS: 325018000, 1, 9, 42.6228180, -71.2071610, 0, -1.3600, 36.4000, 0.0400, 0.0000
ATT: 4, -4, 57
GPS: 325018000, 1, 9, 42.6228180, -71.2071610, 0, -1.3600, 36.4000, 0.0400, 0.0000
ATT: 8, -8, 59
GPS: 325018000, 1, 9, 42.6228180, -71.2071610, 0, -1.3600, 36.4000, 0.0400, 0.0000
ATT: 7, -14, 60
GPS: 325018000, 1, 9, 42.6228180, -71.2071610, 0, -1.3600, 36.4000, 0.0400, 0.0000
ATT: 7, -16, 63
GPS: 325019000, 1, 9, 42.6228260, -71.2071690, 0, -1.2700, 33.7600, 0.0200, 0.0000
ATT: 10, -18, 65
GPS: 325019000, 1, 9, 42.6228260, -71.2071690, 0, -1.2700, 33.7600, 0.0200, 0.0000
ATT: 9, -18, 66
GPS: 325019000, 1, 9, 42.6228260, -71.2071690, 0, -1.1000, 33.7600, 0.0200, 0.0000
ATT: 13, -21, 70
GPS: 325019000, 1, 9, 42.6228260, -71.2071690, 0, -1.0200, 33.7600, 0.0200, 0.0000
ATT: 15, -27, 71
GPS: 325019000, 1, 9, 42.6228260, -71.2071690, 0, -1.2700, 33.7600, 0.0200, 0.0000
ATT: 15, -24, 72
GPS: 325019000, 1, 9, 42.6228260, -71.2071690, 0, -1.4400, 33.7600, 0.0200, 0.0000
ATT: 14, -25, 75
GPS: 325019000, 1, 9, 42.6228260, -71.2071690, 0, -1.4400, 33.7600, 0.0200, 0.0000
ATT: 11, -21, 76
GPS: 325019000, 1, 9, 42.6228260, -71.2071690, 0, -1.4400, 33.7600, 0.0200, 0.0000
ATT: 11, -15, 74
GPS: 325019000, 1, 9, 42.6228260, -71.2071690, 0, -1.2700, 33.7600, 0.0200, 0.0000
ATT: 11, -14, 74
GPS: 325019000, 1, 9, 42.6228260, -71.2071690, 0, -1.1900, 33.7600, 0.0200, 0.0000
ATT: 14, -16, 75
GPS: 325020000, 1, 9, 42.6228290, -71.2071690, 0, 30.8700, 32.0600, 0.0300, 0.0000
ATT: 14, -8, 75
GPS: 325020000, 1, 9, 42.6228290, -71.2071690, 0, 30.8700, 32.0600, 0.0300, 0.0000
ATT: 14, -6, 75
GPS: 325020000, 1, 9, 42.6228290, -71.2071690, 0, 30.7900, 32.0600, 0.0300, 0.0000
ATT: 17, -9, 77
GPS: 325020000, 1, 9, 42.6228290, -71.2071690, 0, 30.7000, 32.0600, 0.0300, 0.0000
ATT: 17, -8, 77
GPS: 325020000, 1, 9, 42.6228290, -71.2071690, 0, 30.6200, 32.0600, 0.0300, 0.0000
ATT: 15, -9, 79
GPS: 325020000, 1, 9, 42.6228290, -71.2071690, 0, 30.6200, 32.0600, 0.0300, 0.0000
ATT: 18, -9, 80
GPS: 325020000, 1, 9, 42.6228290, -71.2071690, 0, 30.7900, 32.0600, 0.0300, 0.0000
ATT: 15, -9, 81
GPS: 325020000, 1, 9, 42.6228290, -71.2071690, 0, 30.8700, 32.0600, 0.0300, 0.0000
ATT: 17, -16, 83
GPS: 325020000, 1, 9, 42.6228290, -71.2071690, 0, 30.8700, 32.0600, 0.0300, 0.0000
ATT: 19, -22, 83
GPS: 325021000, 1, 9, 42.6228330, -71.2071690, 0, 30.8700, 30.8600, 0.0700, 0.0000
ATT: 21, -25, 86
GPS: 325021000, 1, 9, 42.6228330, -71.2071690, 0, 30.9600, 30.8600, 0.0700, 0.0000
ATT: 19, -28, 90
GPS: 325021000, 1, 9, 42.6228330, -71.2071690, 0, 31.0400, 30.8600, 0.0700, 0.0000
ATT: 20, -28, 88
GPS: 325021000, 1, 9, 42.6228330, -71.2071690, 0, 31.0400, 30.8600, 0.0700, 0.0000
ATT: 21, -33, 91
GPS: 325021000, 1, 9, 42.6228330, -71.2071690, 0, 31.0400, 30.8600, 0.0700, 0.0000
ATT: 19, -33, 94
GPS: 325021000, 1, 9, 42.6228330, -71.2071690, 0, 31.0400, 30.8600, 0.0700, 0.0000
ATT: 17, -29, 94
GPS: 325021000, 1, 9, 42.6228330, -71.2071690, 0, 31.0400, 30.8600, 0.0700, 0.0000
ATT: 15, -26, 95
GPS: 325021000, 1, 9, 42.6228330, -71.2071690, 0, 30.9600, 30.8600, 0.0700, 0.0000
ATT: 14, -23, 97
GPS: 325021000, 1, 9, 42.6228330, -71.2071690, 0, 30.9600, 30.8600, 0.0700, 0.0000
ATT: 12, -20, 95
GPS: 325021000, 1, 9, 42.6228330, -71.2071690, 0, 30.8700, 30.8600, 0.0700, 0.0000
ATT: 13, -23, 98
GPS: 325022000, 1, 9, 42.6228330, -71.2071690, 0, 30.7900, 30.0200, 0.0500, 0.0000
ATT: 15, -19, 99
GPS: 325022000, 1, 9, 42.6228330, -71.2071690, 0, 30.7900, 30.0200, 0.0500, 0.0000
ATT: 14, -12, 100
GPS: 325022000, 1, 9, 42.6228330, -71.2071690, 0, 30.7900, 30.0200, 0.0500, 0.0000
ATT: 14, -11, 101
GPS: 325022000, 1, 9, 42.6228330, -71.2071690, 0, 30.7900, 30.0200, 0.0500, 0.0000
ATT: 17, -13, 104
GPS: 325022000, 1, 9, 42.6228330, -71.2071690, 0, 30.7900, 30.0200, 0.0500, 0.0000
ATT: 19, -19, 104
GPS: 325022000, 1, 9, 42.6228330, -71.2071690, 0, 30.7000, 30.0200, 0.0500, 0.0000
ATT: 20, -18, 105
GPS: 325022000, 1, 9, 42.6228330, -71.2071690, 0, 30.6200, 30.0200, 0.0500, 0.0000
ATT: 17, -19, 108
GPS: 325022000, 1, 9, 42.6228330, -71.2071690, 0, 30.6200, 30.0200, 0.0500, 0.0000
ATT: 17, -21, 107
GPS: 325022000, 1, 9, 42.6228330, -71.2071690, 0, 30.6200, 30.0200, 0.0500, 0.0000
ATT: 20, -24, 109
GPS: 325022000, 1, 9, 42.6228330, -71.2071690, 0, 30.7900, 30.0200, 0.0500, 0.0000
ATT: 19, -28, 111
GPS: 325023000, 1, 9, 42.6228370, -71.2071690, 0, 30.8700, 29.3200, 0.0500, 0.0000
ATT: 18, -30, 112
GPS: 325023000, 1, 9, 42.6228370, -71.2071690, 0, 30.8700, 29.3200, 0.0500, 0.0000
ATT: 20, -32, 113
GPS: 325023000, 1, 9, 42.6228370, -71.2071690, 0, 30.8700, 29.3200, 0.0500, 0.0000
ATT: 18, -32, 116
GPS: 325023000, 1, 9, 42.6228370, -71.2071690, 0, 30.9600, 29.3200, 0.0500, 0.0000
ATT: 20, -36, 118
GPS: 325023000, 1, 9, 42.6228370, -71.2071690, 0, 31.0400, 29.3200, 0.0500, 0.0000
ATT: 23, -37, 118
GPS: 325023000, 1, 9, 42.6228370, -71.2071690, 0, 31.0400, 29.3200, 0.0500, 0.0000
ATT: 22, -37, 120
GPS: 325023000, 1, 9, 42.6228370, -71.2071690, 0, 31.0400, 29.3200, 0.0500, 0.0000
ATT: 21, -35, 121
GPS: 325023000, 1, 9, 42.6228370, -71.2071690, 0, 31.0400, 29.3200, 0.0500, 0.0000
ATT: 21, -34, 121
GPS: 325023000, 1, 9, 42.6228370, -71.2071690, 0, 31.0400, 29.3200, 0.0500, 0.0000
ATT: 19, -35, 123
GPS: 325023000, 1, 9, 42.6228370, -71.2071690, 0, 31.1300, 29.3200, 0.0500, 0.0000
ATT: 19, -32, 126
GPS: 325023000, 1, 9, 42.6228370, -71.2071690, 0, 31.1300, 29.3200, 0.0500, 0.0000
ATT: 16, -25, 126
GPS: 325024000, 1, 9, 42.6228370, -71.2071690, 0, 31.1300, 28.7200, 0.0600, 0.0000
ATT: 17, -23, 126
GPS: 325024000, 1, 9, 42.6228370, -71.2071690, 0, 31.1300, 28.7200, 0.0600, 0.0000
ATT: 16, -22, 127
GPS: 325024000, 1, 9, 42.6228370, -71.2071690, 0, 31.1300, 28.7200, 0.0600, 0.0000
ATT: 16, -21, 129
GPS: 325024000, 1, 9, 42.6228370, -71.2071690, 0, 31.1300, 28.7200, 0.0600, 0.0000
ATT: 17, -22, 130
GPS: 325024000, 1, 9, 42.6228370, -71.2071690, 0, 31.0400, 28.7200, 0.0600, 0.0000
ATT: 16, -19, 131
GPS: 325024000, 1, 9, 42.6228370, -71.2071690, 0, 30.9600, 28.7200, 0.0600, 0.0000
ATT: 15, -17, 132
GPS: 325024000, 1, 9, 42.6228370, -71.2071690, 0, 31.0400, 28.7200, 0.0600, 0.0000
ATT: 15, -13, 131
GPS: 325024000, 1, 9, 42.6228370, -71.2071690, 0, 31.1300, 28.7200, 0.0600, 0.0000
ATT: 18, -22, 135
GPS: 325024000, 1, 9, 42.6228370, -71.2071690, 0, 31.0400, 28.7200, 0.0600, 0.0000
ATT: 19, -30, 135
GPS: 325025000, 1, 9, 42.6228370, -71.2071690, 0, 30.9600, 28.3500, 0.0400, 0.0000
ATT: 14, -28, 135
GPS: 325025000, 1, 9, 42.6228370, -71.2071690, 0, 31.0400, 28.3500, 0.0400, 0.0000
ATT: 15, -28, 136
GPS: 325025000, 1, 9, 42.6228370, -71.2071690, 0, 31.0400, 28.3500, 0.0400, 0.0000
ATT: 15, -29, 138
GPS: 325025000, 1, 9, 42.6228370, -71.2071690, 0, 31.0400, 28.3500, 0.0400, 0.0000
ATT: 16, -30, 139
GPS: 325025000, 1, 9, 42.6228370, -71.2071690, 0, 31.0400, 28.3500, 0.0400, 0.0000
ATT: 18, -34, 142
GPS: 325025000, 1, 9, 42.6228370, -71.2071690, 0, 31.1300, 28.3500, 0.0400, 0.0000
ATT: 18, -28, 141
GPS: 325025000, 1, 9, 42.6228370, -71.2071690, 0, 31.2100, 28.3500, 0.0400, 0.0000
ATT: 17, -32, 145
GPS: 325025000, 1, 9, 42.6228370, -71.2071690, 0, 31.2100, 28.3500, 0.0400, 0.0000
ATT: 19, -34, 148
GPS: 325025000, 1, 9, 42.6228370, -71.2071690, 0, 31.2100, 28.3500, 0.0400, 0.0000
ATT: 17, -28, 148
GPS: 325025000, 1, 9, 42.6228370, -71.2071690, 0, 31.0400, 28.3500, 0.0400, 0.0000
ATT: 15, -26, 150
GPS: 325026000, 1, 9, 42.6228370, -71.2071690, 0, 30.9600, 28.1700, 0.0400, 0.0000
ATT: 16, -22, 152
GPS: 325026000, 1, 9, 42.6228370, -71.2071690, 0, 30.8700, 28.1700, 0.0400, 0.0000
ATT: 15, -18, 153
GPS: 325026000, 1, 9, 42.6228370, -71.2071690, 0, 30.7900, 28.1700, 0.0400, 0.0000
ATT: 14, -20, 155
GPS: 325026000, 1, 9, 42.6228370, -71.2071690, 0, 30.8700, 28.1700, 0.0400, 0.0000
ATT: 12, -13, 154
GPS: 325026000, 1, 9, 42.6228370, -71.2071690, 0, 30.8700, 28.1700, 0.0400, 0.0000
ATT: 12, -11, 158
GPS: 325026000, 1, 9, 42.6228370, -71.2071690, 0, 30.8700, 28.1700, 0.0400, 0.0000
ATT: 12, -14, 158
GPS: 325026000, 1, 9, 42.6228370, -71.2071690, 0, 30.8700, 28.1700, 0.0400, 0.0000
ATT: 15, -19, 162
GPS: 325026000, 1, 9, 42.6228370, -71.2071690, 0, 30.6200, 28.1700, 0.0400, 0.0000
ATT: 15, -23, 164
GPS: 325026000, 1, 9, 42.6228370, -71.2071690, 0, 30.4500, 28.1700, 0.0400, 0.0000
ATT: 15, -17, 163
GPS: 325026000, 1, 9, 42.6228370, -71.2071690, 0, 30.4500, 28.1700, 0.0400, 0.0000
ATT: 15, -17, 166
GPS: 325027000, 1, 9, 42.6228370, -71.2071690, 0, 30.4500, 28.0700, 0.0400, 0.0000
ATT: 14, -21, 168
GPS: 325027000, 1, 9, 42.6228370, -71.2071690, 0, 30.5300, 28.0700, 0.0400, 0.0000
ATT: 15, -22, 170
GPS: 325027000, 1, 9, 42.6228370, -71.2071690, 0, 30.6200, 28.0700, 0.0400, 0.0000
ATT: 15, -25, 172
GPS: 325027000, 1, 9, 42.6228370, -71.2071690, 0, 30.6200, 28.0700, 0.0400, 0.0000
ATT: 14, -25, 174
GPS: 325027000, 1, 9, 42.6228370, -71.2071690, 0, 30.6200, 28.0700, 0.0400, 0.0000
ATT: 16, -23, 174
GPS: 325027000, 1, 9, 42.6228370, -71.2071690, 0, 30.6200, 28.0700, 0.0400, 0.0000
ATT: 15, -31, 177
GPS: 325027000, 1, 9, 42.6228370, -71.2071690, 0, 30.6200, 28.0700, 0.0400, 0.0000
ATT: 15, -32, 179
GPS: 325027000, 1, 9, 42.6228370, -71.2071690, 0, 30.7000, 28.0700, 0.0400, 0.0000
ATT: 15, -33, 181
GPS: 325027000, 1, 9, 42.6228370, -71.2071690, 0, 30.7900, 28.0700, 0.0400, 0.0000
ATT: 14, -35, 183
GPS: 325027000, 1, 9, 42.6228370, -71.2071690, 0, 30.7900, 28.0700, 0.0400, 0.0000
ATT: 16, -29, 184
GPS: 325027000, 1, 9, 42.6228370, -71.2071690, 0, 30.7900, 28.0700, 0.0400, 0.0000
ATT: 13, -30, 185
GPS: 325028000, 1, 9, 42.6228370, -71.2071690, 0, 30.7900, 27.9800, 0.0300, 0.0000
ATT: 13, -26, 188
GPS: 325028000, 1, 9, 42.6228370, -71.2071690, 0, 30.7900, 27.9800, 0.0300, 0.0000
ATT: 13, -24, 189
GPS: 325028000, 1, 9, 42.6228370, -71.2071690, 0, 30.9600, 27.9800, 0.0300, 0.0000
ATT: 13, -24, 190
GPS: 325028000, 1, 9, 42.6228370, -71.2071690, 0, 31.1300, 27.9800, 0.0300, 0.0000
ATT: 15, -17, 192
GPS: 325028000, 1, 9, 42.6228370, -71.2071690, 0, 31.2100, 27.9800, 0.0300, 0.0000
ATT: 13, -15, 192
GPS: 325028000, 1, 9, 42.6228370, -71.2071690, 0, 31.2100, 27.9800, 0.0300, 0.0000
ATT: 14, -17, 194
GPS: 325028000, 1, 9, 42.6228370, -71.2071690, 0, 31.1300, 27.9800, 0.0300, 0.0000
ATT: 13, -15, 193
GPS: 325028000, 1, 9, 42.6228370, -71.2071690, 0, 31.0400, 27.9800, 0.0300, 0.0000
ATT: 11, -16, 194
GPS: 325028000, 1, 9, 42.6228370, -71.2071690, 0, 30.9600, 27.9800, 0.0300, 0.0000
ATT: 12, -14, 196
GPS: 325028000, 1, 9, 42.6228370, -71.2071690, 0, 30.8700, 27.9800, 0.0300, 0.0000
ATT: 11, -13, 197
GPS: 325029000, 1, 9, 42.6228330, -71.2071690, 0, 30.7000, 27.9500, 0.0600, 0.0000
ATT: 11, -19, 200
GPS: 325029000, 1, 9, 42.6228330, -71.2071690, 0, 30.6200, 27.9500, 0.0600, 0.0000
ATT: 10, -26, 203
GPS: 325029000, 1, 9, 42.6228330, -71.2071690, 0, 30.7900, 27.9500, 0.0600, 0.0000
ATT: 10, -27, 204
GPS: 325029000, 1, 9, 42.6228330, -71.2071690, 0, 30.8700, 27.9500, 0.0600, 0.0000
ATT: 12, -33, 207
GPS: 325029000, 1, 9, 42.6228330, -71.2071690, 0, 31.0400, 27.9500, 0.0600, 0.0000
ATT: 15, -38, 209
GPS: 325029000, 1, 9, 42.6228330, -71.2071690, 0, 31.1300, 27.9500, 0.0600, 0.0000
ATT: 13, -34, 208
GPS: 325029000, 1, 9, 42.6228330, -71.2071690, 0, 31.0400, 27.9500, 0.0600, 0.0000
ATT: 13, -37, 210
GPS: 325029000, 1, 9, 42.6228330, -71.2071690, 0, 30.9600, 27.9500, 0.0600, 0.0000
ATT: 14, -40, 211
GPS: 325029000, 1, 9, 42.6228330, -71.2071690, 0, 30.7900, 27.9500, 0.0600, 0.0000
ATT: 13, -47, 213
GPS: 325030000, 1, 9, 42.6228330, -71.2071690, 0, 30.6200, 28.0400, 0.0500, 0.0000
ATT: 15, -47, 215
GPS: 325030000, 1, 9, 42.6228330, -71.2071690, 0, 30.7900, 28.0400, 0.0500, 0.0000
ATT: 11, -42, 215
GPS: 325030000, 1, 9, 42.6228330, -71.2071690, 0, 30.8700, 28.0400, 0.0500, 0.0000
ATT: 11, -41, 218
GPS: 325030000, 1, 9, 42.6228330, -71.2071690, 0, 30.8700, 28.0400, 0.0500, 0.0000
ATT: 11, -39, 219
GPS: 325030000, 1, 9, 42.6228330, -71.2071690, 0, 30.8700, 28.0400, 0.0500, 0.0000
ATT: 8, -36, 219
GPS: 325030000, 1, 9, 42.6228330, -71.2071690, 0, 31.0400, 28.0400, 0.0500, 0.0000
ATT: 10, -32, 222
GPS: 325030000, 1, 9, 42.6228330, -71.2071690, 0, 31.2100, 28.0400, 0.0500, 0.0000
ATT: 8, -26, 221
GPS: 325030000, 1, 9, 42.6228330, -71.2071690, 0, 31.0400, 28.0400, 0.0500, 0.0000
ATT: 8, -23, 223
GPS: 325030000, 1, 9, 42.6228330, -71.2071690, 0, 30.9600, 28.0400, 0.0500, 0.0000
ATT: 6, -25, 224
GPS: 325030000, 1, 9, 42.6228330, -71.2071690, 0, 30.9600, 28.0400, 0.0500, 0.0000
ATT: 3, -24, 223
GPS: 325031000, 1, 9, 42.6228330, -71.2071610, 0, 30.9600, 28.1500, 0.0300, 0.0000
ATT: 4, -21, 224
GPS: 325031000, 1, 9, 42.6228330, -71.2071610, 0, 31.0400, 28.1500, 0.0300, 0.0000
ATT: 1, -20, 224
GPS: 325031000, 1, 9, 42.6228330, -71.2071610, 0, 31.1300, 28.1500, 0.0300, 0.0000
ATT: 0, -23, 227
GPS: 325031000, 1, 9, 42.6228330, -71.2071610, 0, 31.0400, 28.1500, 0.0300, 0.0000
ATT: 3, -24, 230
GPS: 325031000, 1, 9, 42.6228330, -71.2071610, 0, 30.9600, 28.1500, 0.0300, 0.0000
ATT: 2, -25, 229
GPS: 325031000, 1, 9, 42.6228330, -71.2071610, 0, 31.0400, 28.1500, 0.0300, 0.0000
ATT: 4, -33, 234
GPS: 325031000, 1, 9, 42.6228330, -71.2071610, 0, 31.0400, 28.1500, 0.0300, 0.0000
ATT: 3, -35, 236
GPS: 325031000, 1, 9, 42.6228330, -71.2071610, 0, 31.1300, 28.1500, 0.0300, 0.0000
ATT: 5, -37, 239
GPS: 325031000, 1, 9, 42.6228330, -71.2071610, 0, 31.2100, 28.1500, 0.0300, 0.0000
ATT: 5, -38, 239
GPS: 325031000, 1, 9, 42.6228330, -71.2071610, 0, 31.2100, 28.1500, 0.0300, 0.0000
ATT: 6, -39, 242
GPS: 325031000, 1, 9, 42.6228330, -71.2071610, 0, 31.2100, 28.1500, 0.0300, 0.0000
ATT: 3, -37, 243
GPS: 325032000, 1, 9, 42.6228330, -71.2071610, 0, 31.1300, 28.1700, 0.0800, 0.0000
ATT: 6, -33, 243
GPS: 325032000, 1, 9, 42.6228330, -71.2071610, 0, 31.1300, 28.1700, 0.0800, 0.0000
ATT: 2, -35, 247
GPS: 325032000, 1, 9, 42.6228330, -71.2071610, 0, 31.2100, 28.1700, 0.0800, 0.0000
ATT: 0, -30, 247
GPS: 325032000, 1, 9, 42.6228330, -71.2071610, 0, 31.2100, 28.1700, 0.0800, 0.0000
ATT: 3, -37, 253
GPS: 325032000, 1, 9, 42.6228330, -71.2071610, 0, 31.1300, 28.1700, 0.0800, 0.0000
ATT: 3, -30, 250
GPS: 325032000, 1, 9, 42.6228330, -71.2071610, 0, 31.0400, 28.1700, 0.0800, 0.0000
ATT: 2, -26, 249
GPS: 325032000, 1, 9, 42.6228330, -71.2071610, 0, 31.0400, 28.1700, 0.0800, 0.0000
ATT: 2, -25, 253
GPS: 325032000, 1, 9, 42.6228330, -71.2071610, 0, 31.0400, 28.1700, 0.0800, 0.0000
ATT: 1, -20, 251
GPS: 325032000, 1, 9, 42.6228330, -71.2071610, 0, 31.1300, 28.1700, 0.0800, 0.0000
ATT: 0, -15, 257
GPS: 325033000, 1, 9, 42.6228290, -71.2071610, 0, 31.1300, 28.2900, 0.0300, 0.0000
ATT: -7, -6, 257
GPS: 325033000, 1, 9, 42.6228290, -71.2071610, 0, 31.1300, 28.2900, 0.0300, 0.0000
ATT: -7, -4, 260
GPS: 325033000, 1, 9, 42.6228290, -71.2071610, 0, 31.1300, 28.2900, 0.0300, 0.0000
ATT: -12, -3, 259
GPS: 325033000, 1, 9, 42.6228290, -71.2071610, 0, 31.0400, 28.2900, 0.0300, 0.0000
ATT: -12, -2, 259
GPS: 325033000, 1, 9, 42.6228290, -71.2071610, 0, 30.9600, 28.2900, 0.0300, 0.0000
ATT: -10, -5, 261
GPS: 325033000, 1, 9, 42.6228290, -71.2071610, 0, 30.9600, 28.2900, 0.0300, 0.0000
ATT: -6, -11, 263
GPS: 325033000, 1, 9, 42.6228290, -71.2071610, 0, 30.9600, 28.2900, 0.0300, 0.0000
ATT: -6, -14, 266
GPS: 325033000, 1, 9, 42.6228290, -71.2071610, 0, 30.9600, 28.2900, 0.0300, 0.0000
ATT: -7, -17, 268
GPS: 325033000, 1, 9, 42.6228290, -71.2071610, 0, 30.9600, 28.2900, 0.0300, 0.0000
ATT: -6, -19, 270
GPS: 325033000, 1, 9, 42.6228290, -71.2071610, 0, 30.9600, 28.2900, 0.0300, 0.0000
ATT: -2, -19, 272
GPS: 325034000, 1, 8, 42.6228290, -71.2071610, 0, 30.9600, 28.5100, 0.0300, 0.0000
ATT: -3, -22, 274
GPS: 325034000, 1, 8, 42.6228290, -71.2071610, 0, 31.0400, 28.5100, 0.0300, 0.0000
ATT: -2, -22, 276
GPS: 325034000, 1, 8, 42.6228290, -71.2071610, 0, 31.1300, 28.5100, 0.0300, 0.0000
ATT: -3, -17, 277
GPS: 325034000, 1, 8, 42.6228290, -71.2071610, 0, 31.3000, 28.5100, 0.0300, 0.0000
ATT: -3, -17, 279
GPS: 325034000, 1, 8, 42.6228290, -71.2071610, 0, 31.3800, 28.5100, 0.0300, 0.0000
ATT: -3, -15, 281
GPS: 325034000, 1, 8, 42.6228290, -71.2071610, 0, 31.1300, 28.5100, 0.0300, 0.0000
ATT: -2, -12, 282
GPS: 325034000, 1, 8, 42.6228290, -71.2071610, 0, 30.9600, 28.5100, 0.0300, 0.0000
ATT: -3, -12, 284
GPS: 325034000, 1, 8, 42.6228290, -71.2071610, 0, 30.8700, 28.5100, 0.0300, 0.0000
ATT: -3, -8, 287
GPS: 325034000, 1, 8, 42.6228290, -71.2071610, 0, 30.7900, 28.5100, 0.0300, 0.0000
ATT: -6, -7, 289
GPS: 325034000, 1, 8, 42.6228290, -71.2071610, 0, 30.7000, 28.5100, 0.0300, 0.0000
ATT: -3, -8, 291
GPS: 325034000, 1, 8, 42.6228290, -71.2071610, 0, 30.7000, 28.5100, 0.0300, 0.0000
ATT: -3, -8, 292
GPS: 325035000, 1, 8, 42.6228290, -71.2071610, 0, 30.7900, 28.7700, 0.0300, 0.0000
ATT: -2, -8, 293
GPS: 325035000, 1, 8, 42.6228290, -71.2071610, 0, 30.8700, 28.7700, 0.0300, 0.0000
ATT: -2, -10, 296
GPS: 325035000, 1, 8, 42.6228290, -71.2071610, 0, 30.8700, 28.7700, 0.0300, 0.0000
ATT: -4, -9, 297
GPS: 325035000, 1, 8, 42.6228290, -71.2071610, 0, 30.8700, 28.7700, 0.0300, 0.0000
ATT: -3, -7, 301
GPS: 325035000, 1, 8, 42.6228290, -71.2071610, 0, 30.9600, 28.7700, 0.0300, 0.0000
ATT: -2, -11, 303
GPS: 325035000, 1, 8, 42.6228290, -71.2071610, 0, 30.9600, 28.7700, 0.0300, 0.0000
ATT: -3, -11, 304
GPS: 325035000, 1, 8, 42.6228290, -71.2071610, 0, 30.9600, 28.7700, 0.0300, 0.0000
ATT: -3, -13, 306
GPS: 325035000, 1, 8, 42.6228290, -71.2071610, 0, 30.9600, 28.7700, 0.0300, 0.0000
ATT: -1, -3, 309
GPS: 325035000, 1, 8, 42.6228290, -71.2071610, 0, 30.9600, 28.7700, 0.0300, 0.0000
ATT: -1, -2, 310
GPS: 325035000, 1, 8, 42.6228290, -71.2071610, 0, 30.9600, 28.7700, 0.0300, 0.0000
ATT: -2, -5, 312
GPS: 325036000, 1, 8, 42.6228260, -71.2071610, 0, 31.1300, 28.9900, 0.0500, 0.0000
ATT: -2, -7, 314
GPS: 325036000, 1, 8, 42.6228260, -71.2071610, 0, 31.2100, 28.9900, 0.0500, 0.0000
ATT: -3, -6, 316
GPS: 325036000, 1, 8, 42.6228260, -71.2071610, 0, 31.1300, 28.9900, 0.0500, 0.0000
ATT: -5, -6, 317
GPS: 325036000, 1, 8, 42.6228260, -71.2071610, 0, 31.1300, 28.9900, 0.0500, 0.0000
ATT: -5, -9, 319
GPS: 325036000, 1, 8, 42.6228260, -71.2071610, 0, 31.1300, 28.9900, 0.0500, 0.0000
ATT: -7, -7, 320
GPS: 325036000, 1, 8, 42.6228260, -71.2071610, 0, 31.1300, 28.9900, 0.0500, 0.0000
ATT: -8, -7, 320
GPS: 325036000, 1, 8, 42.6228260, -71.2071610, 0, 31.3800, 28.9900, 0.0500, 0.0000
ATT: -6, -7, 322
GPS: 325036000, 1, 8, 42.6228260, -71.2071610, 0, 31.5500, 28.9900, 0.0500, 0.0000
ATT: -9, -9, 323
GPS: 325036000, 1, 8, 42.6228260, -71.2071610, 0, 31.4700, 28.9900, 0.0500, 0.0000
ATT: -8, -12, 326
GPS: 325037000, 1, 8, 42.6228260, -71.2071610, 0, 31.4700, 29.1100, 0.0500, 0.0000
ATT: -10, -10, 329
GPS: 325037000, 1, 8, 42.6228260, -71.2071610, 0, 31.4700, 29.1100, 0.0500, 0.0000
ATT: -11, -9, 331
GPS: 325037000, 1, 8, 42.6228260, -71.2071610, 0, 31.4700, 29.1100, 0.0500, 0.0000
ATT: -9, -9, 331
GPS: 325037000, 1, 8, 42.6228260, -71.2071610, 0, 31.3800, 29.1100, 0.0500, 0.0000
ATT: -10, -8, 331
GPS: 325037000, 1, 8, 42.6228260, -71.2071610, 0, 31.3000, 29.1100, 0.0500, 0.0000
ATT: -9, -8, 331
GPS: 325037000, 1, 8, 42.6228260, -71.2071610, 0, 31.1300, 29.1100, 0.0500, 0.0000
ATT: -5, -11, 334
GPS: 325037000, 1, 8, 42.6228260, -71.2071610, 0, 31.0400, 29.1100, 0.0500, 0.0000
ATT: -7, -12, 336
GPS: 325037000, 1, 8, 42.6228260, -71.2071610, 0, 30.9600, 29.1100, 0.0500, 0.0000
ATT: -5, -14, 338
GPS: 325037000, 1, 8, 42.6228260, -71.2071610, 0, 30.9600, 29.1100, 0.0500, 0.0000
ATT: -7, -13, 340
GPS: 325037000, 1, 8, 42.6228260, -71.2071610, 0, 31.0400, 29.1100, 0.0500, 0.0000
ATT: -7, -10, 342
GPS: 325038000, 1, 9, 42.6228260, -71.2071610, 0, 31.1300, 29.2300, 0.0500, 0.0000
ATT: -7, -11, 344
GPS: 325038000, 1, 9, 42.6228260, -71.2071610, 0, 31.1300, 29.2300, 0.0500, 0.0000
ATT: -8, -9, 343
GPS: 325038000, 1, 9, 42.6228260, -71.2071610, 0, 31.1300, 29.2300, 0.0500, 0.0000
ATT: -5, -9, 343
GPS: 325038000, 1, 9, 42.6228260, -71.2071610, 0, 31.2100, 29.2300, 0.0500, 0.0000
ATT: -7, -7, 344
GPS: 325038000, 1, 9, 42.6228260, -71.2071610, 0, 31.2100, 29.2300, 0.0500, 0.0000
PM:20006,998,60,0,0,0,0,20,1,3,5,0,0, 
ATT: -8, -7, 346
GPS: 325038000, 1, 9, 42.6228260, -71.2071610, 0, 31.1300, 29.2300, 0.0500, 0.0000
ATT: -6, -9, 348
GPS: 325038000, 1, 9, 42.6228260, -71.2071610, 0, 31.0400, 29.2300, 0.0500, 0.0000
ATT: -5, -10, 349
GPS: 325038000, 1, 9, 42.6228260, -71.2071610, 0, 31.0400, 29.2300, 0.0500, 0.0000
ATT: -7, -8, 350
GPS: 325038000, 1, 9, 42.6228260, -71.2071610, 0, 31.0400, 29.2300, 0.0500, 0.0000
ATT: -7, -10, 352
GPS: 325038000, 1, 9, 42.6228260, -71.2071610, 0, 31.0400, 29.2300, 0.0500, 0.0000
ATT: -7, -9, 354
GPS: 325039000, 1, 8, 42.6228260, -71.2071530, 0, 31.0400, 29.4600, 0.0400, 0.0000
ATT: -6, -9, 357
GPS: 325039000, 1, 8, 42.6228260, -71.2071530, 0, 31.1300, 29.4600, 0.0400, 0.0000
ATT: -4, -8, 358
GPS: 325039000, 1, 8, 42.6228260, -71.2071530, 0, 31.1300, 29.4600, 0.0400, 0.0000
ATT: -5, -7, 359
GPS: 325039000, 1, 8, 42.6228260, -71.2071530, 0, 30.9600, 29.4600, 0.0400, 0.0000
ATT: -6, -9, 361
GPS: 325039000, 1, 8, 42.6228260, -71.2071530, 0, 30.8700, 29.4600, 0.0400, 0.0000
ATT: -6, -8, 360
GPS: 325039000, 1, 8, 42.6228260, -71.2071530, 0, 30.8700, 29.4600, 0.0400, 0.0000
ATT: -6, -7, 362
GPS: 325039000, 1, 8, 42.6228260, -71.2071530, 0, 30.8700, 29.4600, 0.0400, 0.0000
ATT: -5, -7, 363
GPS: 325039000, 1, 8, 42.6228260, -71.2071530, 0, 30.7900, 29.4600, 0.0400, 0.0000
ATT: -5, -6, 364
GPS: 325039000, 1, 8, 42.6228260, -71.2071530, 0, 30.7900, 29.4600, 0.0400, 0.0000
ATT: -7, -6, 366
GPS: 325039000, 1, 8, 42.6228260, -71.2071530, 0, 30.7900, 29.4600, 0.0400, 0.0000
ATT: -6, -5, 368
GPS: 325039000, 1, 8, 42.6228260, -71.2071530, 0, 30.7900, 29.4600, 0.0400, 0.0000
ATT: -7, -5, 369
GPS: 325040000, 1, 8, 42.6228220, -71.2071530, 0, 30.9600, 29.6100, 0.0500, 0.0000
ATT: -8, -8, 371
GPS: 325040000, 1, 8, 42.6228220, -71.2071530, 0, 31.0400, 29.6100, 0.0500, 0.0000
ATT: -9, -8, 372
GPS: 325040000, 1, 8, 42.6228220, -71.2071530, 0, 31.1300, 29.6100, 0.0500, 0.0000
ATT: -8, -7, 373
GPS: 325040000, 1, 8, 42.6228220, -71.2071530, 0, 31.2100, 29.6100, 0.0500, 0.0000
ATT: -9, -7, 373
GPS: 325040000, 1, 8, 42.6228220, -71.2071530, 0, 31.3000, 29.6100, 0.0500, 0.0000
ATT: -12, -8, 375
GPS: 325040000, 1, 8, 42.6228220, -71.2071530, 0, 31.3800, 29.6100, 0.0500, 0.0000
ATT: -13, -10, 377
GPS: 325040000, 1, 8, 42.6228220, -71.2071530, 0, 31.5500, 29.6100, 0.0500, 0.0000
ATT: -15, -8, 381
GPS: 325040000, 1, 8, 42.6228220, -71.2071530, 0, 31.6400, 29.6100, 0.0500, 0.0000
ATT: -18, -6, 383
GPS: 325040000, 1, 8, 42.6228220, -71.2071530, 0, 31.4700, 29.6100, 0.0500, 0.0000
ATT: -17, -9, 383
GPS: 325041000, 1, 8, 42.6228220, -71.2071530, 0, 31.3800, 29.7300, 0.0500, 0.0000
ATT: -19, -9, 386
GPS: 325041000, 1, 8, 42.6228220, -71.2071530, 0, 31.3000, 29.7300, 0.0500, 0.0000
ATT: -17, -8, 388
GPS: 325041000, 1, 8, 42.6228220, -71.2071530, 0, 31.3000, 29.7300, 0.0500, 0.0000
ATT: -18, -8, 391
GPS: 325041000, 1, 8, 42.6228220, -71.2071530, 0, 31.3800, 29.7300, 0.0500, 0.0000
ATT: -19, -7, 391
GPS: 325041000, 1, 8, 42.6228220, -71.2071530, 0, 31.3800, 29.7300, 0.0500, 0.0000
ATT: -17, -11, 391
GPS: 325041000, 1, 8, 42.6228220, -71.2071530, 0, 31.3800, 29.7300, 0.0500, 0.0000
ATT: -15, -7, 391
GPS: 325041000, 1, 8, 42.6228220, -71.2071530, 0, 31.3800, 29.7300, 0.0500, 0.0000
ATT: -14, -8, 394
GPS: 325041000, 1, 8, 42.6228220, -71.2071530, 0, 31.3000, 29.7300, 0.0500, 0.0000
ATT: -13, -10, 394
GPS: 325041000, 1, 8, 42.6228220, -71.2071530, 0, 31.2100, 29.7300, 0.0500, 0.0000
ATT: -15, -10, 395
GPS: 325042000, 1, 8, 42.6228220, -71.2071530, 0, 31.2100, 29.8600, 0.0500, 0.0000
ATT: -14, -10, 396
GPS: 325042000, 1, 8, 42.6228220, -71.2071530, 0, 31.2100, 29.8600, 0.0500, 0.0000
ATT: -12, -10, 396
GPS: 325042000, 1, 8, 42.6228220, -71.2071530, 0, 31.0400, 29.8600, 0.0500, 0.0000
ATT: -13, -10, 400
GPS: 325042000, 1, 8, 42.6228220, -71.2071530, 0, 30.9600, 29.8600, 0.0500, 0.0000
ATT: -14, -11, 401
GPS: 325042000, 1, 8, 42.6228220, -71.2071530, 0, 30.8700, 29.8600, 0.0500, 0.0000
ATT: -14, -9, 402
GPS: 325042000, 1, 8, 42.6228220, -71.2071530, 0, 30.7900, 29.8600, 0.0500, 0.0000
ATT: -17, -10, 405
GPS: 325042000, 1, 8, 42.6228220, -71.2071530, 0, 30.8700, 29.8600, 0.0500, 0.0000
ATT: -17, -10, 405
GPS: 325042000, 1, 8, 42.6228220, -71.2071530, 0, 30.9600, 29.8600, 0.0500, 0.0000
ATT: -15, -10, 407
GPS: 325042000, 1, 8, 42.6228220, -71.2071530, 0, 30.9600, 29.8600, 0.0500, 0.0000
ATT: -16, -11, 410
GPS: 325042000, 1, 8, 42.6228220, -71.2071530, 0, 30.9600, 29.8600, 0.0500, 0.0000
ATT: -17, -9, 411
GPS: 325042000, 1, 8, 42.6228220, -71.2071530, 0, 31.0400, 29.8600, 0.0500, 0.0000
ATT: -16, -11, 414
GPS: 325043000, 1, 8, 42.6228220, -71.2071530, 0, 31.1300, 29.9500, 0.0600, 0.0000
ATT: -18, -12, 414
GPS: 325043000, 1, 8, 42.6228220, -71.2071530, 0, 31.1300, 29.9500, 0.0600, 0.0000
ATT: -16, -10, 416
GPS: 325043000, 1, 8, 42.6228220, -71.2071530, 0, 31.1300, 29.9500, 0.0600, 0.0000
ATT: -18, -15, 419
GPS: 325043000, 1, 8, 42.6228220, -71.2071530, 0, 31.0400, 29.9500, 0.0600, 0.0000
ATT: -14, -12, 419
GPS: 325043000, 1, 8, 42.6228220, -71.2071530, 0, 31.0400, 29.9500, 0.0600, 0.0000
ATT: -12, -21, 420
GPS: 325043000, 1, 8, 42.6228220, -71.2071530, 0, 31.1300, 29.9500, 0.0600, 0.0000
ATT: -14, -8, 423
GPS: 325043000, 1, 8, 42.6228220, -71.2071530, 0, 31.1300, 29.9500, 0.0600, 0.0000
ATT: -17, -13, 425
GPS: 325043000, 1, 8, 42.6228220, -71.2071530, 0, 30.9600, 29.9500, 0.0600, 0.0000
ATT: -19, -13, 428
GPS: 325043000, 1, 8, 42.6228220, -71.2071530, 0, 30.7900, 29.9500, 0.0600, 0.0000
ATT: -16, -13, 428
GPS: 325043000, 1, 8, 42.6228220, -71.2071530, 0, 30.7000, 29.9500, 0.0600, 0.0000
ATT: -17, -11, 429
GPS: 325044000, 1, 8, 42.6228220, -71.2071530, 0, 30.6200, 30.0100, 0.0600, 0.0000
ATT: -15, -13, 431
GPS: 325044000, 1, 8, 42.6228220, -71.2071530, 0, 30.6200, 30.0100, 0.0600, 0.0000
ATT: -19, -13, 435
GPS: 325044000, 1, 8, 42.6228220, -71.2071530, 0, 30.6200, 30.0100, 0.0600, 0.0000
ATT: -15, -15, 433
GPS: 325044000, 1, 8, 42.6228220, -71.2071530, 0, 30.6200, 30.0100, 0.0600, 0.0000
ATT: -18, -15, 436
GPS: 325044000, 1, 8, 42.6228220, -71.2071530, 0, 30.6200, 30.0100, 0.0600, 0.0000
ATT: -16, -14, 436
GPS: 325044000, 1, 8, 42.6228220, -71.2071530, 0, 30.7900, 30.0100, 0.0600, 0.0000
ATT: -15, -16, 439
GPS: 325044000, 1, 8, 42.6228220, -71.2071530, 0, 30.8700, 30.0100, 0.0600, 0.0000
ATT: -18, -15, 441
GPS: 325044000, 1, 8, 42.6228220, -71.2071530, 0, 30.9600, 30.0100, 0.0600, 0.0000
ATT: -19, -15, 442
GPS: 325044000, 1, 8, 42.6228220, -71.2071530, 0, 31.0400, 30.0100, 0.0600, 0.0000
ATT: -20, -14, 444
GPS: 325044000, 1, 8, 42.6228220, -71.2071530, 0, 31.0400, 30.0100, 0.0600, 0.0000
ATT: -19, -14, 445
GPS: 325045000, 1, 8, 42.6228180, -71.2071530, 0, 31.0400, 30.1200, 0.0500, 0.0000
ATT: -20, -16, 447
GPS: 325045000, 1, 8, 42.6228180, -71.2071530, 0, 31.1300, 30.1200, 0.0500, 0.0000
ATT: -20, -16, 450
GPS: 325045000, 1, 8, 42.6228180, -71.2071530, 0, 31.1300, 30.1200, 0.0500, 0.0000
ATT: -20, -15, 452
GPS: 325045000, 1, 8, 42.6228180, -71.2071530, 0, 31.2100, 30.1200, 0.0500, 0.0000
ATT: -20, -14, 455
GPS: 325045000, 1, 8, 42.6228180, -71.2071530, 0, 31.3000, 30.1200, 0.0500, 0.0000
ATT: -21, -14, 456
GPS: 325045000, 1, 8, 42.6228180, -71.2071530, 0, 31.3800, 30.1200, 0.0500, 0.0000
ATT: -19, -16, 457
GPS: 325045000, 1, 8, 42.6228180, -71.2071530, 0, 31.4700, 30.1200, 0.0500, 0.0000
ATT: -18, -15, 458
GPS: 325045000, 1, 8, 42.6228180, -71.2071530, 0, 31.4700, 30.1200, 0.0500, 0.0000
ATT: -19, -14, 460
GPS: 325045000, 1, 8, 42.6228180, -71.2071530, 0, 31.4700, 30.1200, 0.0500, 0.0000
ATT: -18, -15, 462
GPS: 325045000, 1, 8, 42.6228180, -71.2071530, 0, 31.3800, 30.1200, 0.0500, 0.0000
ATT: -20, -15, 465
GPS: 325046000, 1, 8, 42.6228180, -71.2071530, 0, 31.3000, 30.2200, 0.0500, 0.0000
ATT: -20, -15, 467
GPS: 325046000, 1, 8, 42.6228180, -71.2071530, 0, 31.3800, 30.2200, 0.0500, 0.0000
ATT: -21, -15, 468
GPS: 325046000, 1, 8, 42.6228180, -71.2071530, 0, 31.4700, 30.2200, 0.0500, 0.0000
ATT: -19, -17, 470
GPS: 325046000, 1, 8, 42.6228180, -71.2071530, 0, 31.4700, 30.2200, 0.0500, 0.0000
ATT: -20, -14, 473
GPS: 325046000, 1, 8, 42.6228180, -71.2071530, 0, 31.4700, 30.2200, 0.0500, 0.0000
ATT: -21, -17, 474
GPS: 325046000, 1, 8, 42.6228180, -71.2071530, 0, 31.3000, 30.2200, 0.0500, 0.0000
ATT: -20, -17, 476
GPS: 325046000, 1, 8, 42.6228180, -71.2071530, 0, 31.1300, 30.2200, 0.0500, 0.0000
ATT: -21, -15, 479
GPS: 325046000, 1, 8, 42.6228180, -71.2071530, 0, 31.1300, 30.2200, 0.0500, 0.0000
ATT: -21, -16, 480
GPS: 325046000, 1, 8, 42.6228180, -71.2071530, 0, 31.1300, 30.2200, 0.0500, 0.0000
ATT: -20, -18, 482
GPS: 325047000, 1, 8, 42.6228180, -71.2071530, 0, 31.3000, 30.3500, 0.0500, 0.0000
ATT: -19, -18, 484
GPS: 325047000, 1, 8, 42.6228180, -71.2071530, 0, 31.4700, 30.3500, 0.0500, 0.0000
ATT: -19, -17, 486
GPS: 325047000, 1, 8, 42.6228180, -71.2071530, 0, 31.4700, 30.3500, 0.0500, 0.0000
ATT: -22, -18, 488
GPS: 325047000, 1, 8, 42.6228180, -71.2071530, 0, 31.4700, 30.3500, 0.0500, 0.0000
ATT: -23, -16, 492
GPS: 325047000, 1, 8, 42.6228180, -71.2071530, 0, 31.3800, 30.3500, 0.0500, 0.0000
ATT: -22, -20, 495
GPS: 325047000, 1, 8, 42.6228180, -71.2071530, 0, 31.3800, 30.3500, 0.0500, 0.0000
ATT: -21, -19, 497
GPS: 325047000, 1, 8, 42.6228180, -71.2071530, 0, 31.3800, 30.3500, 0.0500, 0.0000
ATT: -22, -18, 497
GPS: 325047000, 1, 8, 42.6228180, -71.2071530, 0, 31.3800, 30.3500, 0.0500, 0.0000
ATT: -19, -19, 496
GPS: 325047000, 1, 8, 42.6228180, -71.2071530, 0, 31.6400, 30.3500, 0.0500, 0.0000
ATT: -20, -19, 500
GPS: 325047000, 1, 8, 42.6228180, -71.2071530, 0, 31.8100, 30.3500, 0.0500, 0.0000
ATT: -15, -21, 498
GPS: 325047000, 1, 8, 42.6228180, -71.2071530, 0, 31.7200, 30.3500, 0.0500, 0.0000
ATT: -13, -20, 496
GPS: 325048000, 1, 8, 42.6228180, -71.2071530, 0, 31.6400, 30.5200, 0.0500, 0.0000
ATT: -11, -32, 503
GPS: 325048000, 1, 8, 42.6228180, -71.2071530, 0, 31.5500, 30.5200, 0.0500, 0.0000
ATT: -19, -22, 505
GPS: 325048000, 1, 8, 42.6228180, -71.2071530, 0, 31.4700, 30.5200, 0.0500, 0.0000
ATT: -20, -21, 506
GPS: 325048000, 1, 8, 42.6228180, -71.2071530, 0, 31.4700, 30.5200, 0.0500, 0.0000
ATT: -20, -22, 507
GPS: 325048000, 1, 8, 42.6228180, -71.2071530, 0, 31.4700, 30.5200, 0.0500, 0.0000
ATT: -18, -21, 510
GPS: 325048000, 1, 8, 42.6228180, -71.2071530, 0, 31.3800, 30.5200, 0.0500, 0.0000
ATT: -22, -20, 514
GPS: 325048000, 1, 8, 42.6228180, -71.2071530, 0, 31.3000, 30.5200, 0.0500, 0.0000
ATT: -22, -20, 517
GPS: 325048000, 1, 8, 42.6228180, -71.2071530, 0, 31.3000, 30.5200, 0.0500, 0.0000
ATT: -19, -21, 516
GPS: 325048000, 1, 8, 42.6228180, -71.2071530, 0, 31.3000, 30.5200, 0.0500, 0.0000
ATT: -19, -17, 517
GPS: 325049000, 1, 8, 42.6228180, -71.2071530, 0, 31.3800, 30.5500, 0.0500, 0.0000
ATT: -22, -16, 521
GPS: 325049000, 1, 8, 42.6228180, -71.2071530, 0, 31.3800, 30.5500, 0.0500, 0.0000
ATT: -22, -20, 525
GPS: 325049000, 1, 8, 42.6228180, -71.2071530, 0, 31.3800, 30.5500, 0.0500, 0.0000
ATT: -23, -20, 528
GPS: 325049000, 1, 8, 42.6228180, -71.2071530, 0, 31.3800, 30.5500, 0.0500, 0.0000
ATT: -24, -18, 530
GPS: 325049000, 1, 8, 42.6228180, -71.2071530, 0, 31.3000, 30.5500, 0.0500, 0.0000
ATT: -23, -16, 531
GPS: 325049000, 1, 8, 42.6228180, -71.2071530, 0, 31.2100, 30.5500, 0.0500, 0.0000
ATT: -23, -18, 532
GPS: 325049000, 1, 8, 42.6228180, -71.2071530, 0, 31.3800, 30.5500, 0.0500, 0.0000
ATT: -21, -17, 533
GPS: 325049000, 1, 8, 42.6228180, -71.2071530, 0, 31.4700, 30.5500, 0.0500, 0.0000
ATT: -20, -18, 536
GPS: 325049000, 1, 8, 42.6228180, -71.2071530, 0, 31.4700, 30.5500, 0.0500, 0.0000
ATT: -20, -18, 539
GPS: 325049000, 1, 8, 42.6228180, -71.2071530, 0, 31.4700, 30.5500, 0.0500, 0.0000
ATT: -23, -16, 543
GPS: 325050000, 1, 8, 42.6228180, -71.2071530, 0, 31.4700, 30.6900, 0.0500, 0.0000
ATT: -22, -19, 546
GPS: 325050000, 1, 8, 42.6228180, -71.2071530, 0, 31.4700, 30.6900, 0.0500, 0.0000
ATT: -21, -20, 547
GPS: 325050000, 1, 8, 42.6228180, -71.2071530, 0, 31.5500, 30.6900, 0.0500, 0.0000
ATT: -21, -21, 547
GPS: 325050000, 1, 8, 42.6228180, -71.2071530, 0, 31.5500, 30.6900, 0.0500, 0.0000
ATT: -19, -18, 550
GPS: 325050000, 1, 8, 42.6228180, -71.2071530, 0, 31.5500, 30.6900, 0.0500, 0.0000
ATT: -20, -21, 554
GPS: 325050000, 1, 8, 42.6228180, -71.2071530, 0, 31.5500, 30.6900, 0.0500, 0.0000
ATT: -22, -18, 556
GPS: 325050000, 1, 8, 42.6228180, -71.2071530, 0, 31.3800, 30.6900, 0.0500, 0.0000
ATT: -21, -18, 558
GPS: 325050000, 1, 8, 42.6228180, -71.2071530, 0, 31.3000, 30.6900, 0.0500, 0.0000
ATT: -20, -19, 560
GPS: 325050000, 1, 8, 42.6228180, -71.2071530, 0, 31.3000, 30.6900, 0.0500, 0.0000
ATT: -20, -18, 561
GPS: 325050000, 1, 8, 42.6228180, -71.2071530, 0, 31.3000, 30.6900, 0.0500, 0.0000
ATT: -20, -17, 564
GPS: 325051000, 1, 8, 42.6228180, -71.2071530, 0, 31.2100, 30.7000, 0.0700, 0.0000
ATT: -20, -19, 567
GPS: 325051000, 1, 8, 42.6228180, -71.2071530, 0, 31.1300, 30.7000, 0.0700, 0.0000
ATT: -20, -22, 568
GPS: 325051000, 1, 8, 42.6228180, -71.2071530, 0, 31.2100, 30.7000, 0.0700, 0.0000
ATT: -21, -22, 570
GPS: 325051000, 1, 8, 42.6228180, -71.2071530, 0, 31.2100, 30.7000, 0.0700, 0.0000
ATT: -19, -20, 574
GPS: 325051000, 1, 8, 42.6228180, -71.2071530, 0, 31.3000, 30.7000, 0.0700, 0.0000
ATT: -24, -20, 573
GPS: 325051000, 1, 8, 42.6228180, -71.2071530, 0, 31.3000, 30.7000, 0.0700, 0.0000
ATT: -24, -24, 579
GPS: 325051000, 1, 8, 42.6228180, -71.2071530, 0, 31.1300, 30.7000, 0.0700, 0.0000
ATT: -23, -23, 579
GPS: 325051000, 1, 8, 42.6228180, -71.2071530, 0, 31.0400, 30.7000, 0.0700, 0.0000
ATT: -23, -24, 582
GPS: 325051000, 1, 8, 42.6228180, -71.2071530, 0, 31.1300, 30.7000, 0.0700, 0.0000
ATT: -22, -24, 584
GPS: 325051000, 1, 8, 42.6228180, -71.2071530, 0, 31.2100, 30.7000, 0.0700, 0.0000
ATT: -21, -24, 586
GPS: 325051000, 1, 8, 42.6228180, -71.2071530, 0, 31.3000, 30.7000, 0.0700, 0.0000
ATT: -22, -25, 587
GPS: 325052000, 1, 8, 42.6228180, -71.2071460, 0, 31.3000, 30.7200, 0.0500, 0.0000
ATT: -22, -25, 590
GPS: 325052000, 1, 8, 42.6228180, -71.2071460, 0, 31.1300, 30.7200, 0.0500, 0.0000
ATT: -22, -24, 592
GPS: 325052000, 1, 8, 42.6228180, -71.2071460, 0, 31.0400, 30.7200, 0.0500, 0.0000
ATT: -22, -23, 595
GPS: 325052000, 1, 8, 42.6228180, -71.2071460, 0, 31.2100, 30.7200, 0.0500, 0.0000
ATT: -22, -22, 598
GPS: 325052000, 1, 8, 42.6228180, -71.2071460, 0, 31.3000, 30.7200, 0.0500, 0.0000
ATT: -21, -23, 600
GPS: 325052000, 1, 8, 42.6228180, -71.2071460, 0, 31.3800, 30.7200, 0.0500, 0.0000
ATT: -21, -22, 601
GPS: 325052000, 1, 8, 42.6228180, -71.2071460, 0, 31.3800, 30.7200, 0.0500, 0.0000
ATT: -21, -23, 604
GPS: 325052000, 1, 8, 42.6228180, -71.2071460, 0, 31.3800, 30.7200, 0.0500, 0.0000
ATT: -20, -23, 606
GPS: 325052000, 1, 8, 42.6228180, -71.2071460, 0, 31.3800, 30.7200, 0.0500, 0.0000
ATT: -20, -22, 608
GPS: 325053000, 1, 8, 42.6228140, -71.2071460, 0, 31.3000, 30.6000, 0.0500, 0.0000
ATT: -19, -21, 610
GPS: 325053000, 1, 8, 42.6228140, -71.2071460, 0, 31.3000, 30.6000, 0.0500, 0.0000
ATT: -20, -22, 612
GPS: 325053000, 1, 8, 42.6228140, -71.2071460, 0, 31.3000, 30.6000, 0.0500, 0.0000
ATT: -18, -20, 614
GPS: 325053000, 1, 8, 42.6228140, -71.2071460, 0, 31.3000, 30.6000, 0.0500, 0.0000
ATT: -18, -20, 617
GPS: 325053000, 1, 8, 42.6228140, -71.2071460, 0, 31.3800, 30.6000, 0.0500, 0.0000
ATT: -18, -20, 620
GPS: 325053000, 1, 8, 42.6228140, -71.2071460, 0, 31.4700, 30.6000, 0.0500, 0.0000
ATT: -18, -21, 622
GPS: 325053000, 1, 8, 42.6228140, -71.2071460, 0, 31.4700, 30.6000, 0.0500, 0.0000
ATT: -19, -19, 625
GPS: 325053000, 1, 8, 42.6228140, -71.2071460, 0, 31.4700, 30.6000, 0.0500, 0.0000
ATT: -16, -21, 624
GPS: 325053000, 1, 8, 42.6228140, -71.2071460, 0, 31.4700, 30.6000, 0.0500, 0.0000
ATT: -16, -19, 626
GPS: 325053000, 1, 8, 42.6228140, -71.2071460, 0, 31.4700, 30.6000, 0.0500, 0.0000
ATT: -14, -22, 630
GPS: 325054000, 1, 8, 42.6228140, -71.2071460, 0, 31.4700, 30.6700, 0.0500, 0.0000
ATT: -16, -20, 632
GPS: 325054000, 1, 8, 42.6228140, -71.2071460, 0, 31.4700, 30.6700, 0.0500, 0.0000
ATT: -16, -25, 635
GPS: 325054000, 1, 8, 42.6228140, -71.2071460, 0, 31.4700, 30.6700, 0.0500, 0.0000
ATT: -20, -21, 638
GPS: 325054000, 1, 8, 42.6228140, -71.2071460, 0, 31.4700, 30.6700, 0.0500, 0.0000
ATT: -14, -22, 637
GPS: 325054000, 1, 8, 42.6228140, -71.2071460, 0, 31.3800, 30.6700, 0.0500, 0.0000
ATT: -14, -18, 638
GPS: 325054000, 1, 8, 42.6228140, -71.2071460, 0, 31.3000, 30.6700, 0.0500, 0.0000
ATT: -15, -17, 642
GPS: 325054000, 1, 8, 42.6228140, -71.2071460, 0, 31.3000, 30.6700, 0.0500, 0.0000
ATT: -15, -20, 645
GPS: 325054000, 1, 8, 42.6228140, -71.2071460, 0, 31.3000, 30.6700, 0.0500, 0.0000
ATT: -15, -19, 645
GPS: 325054000, 1, 8, 42.6228140, -71.2071460, 0, 31.3800, 30.6700, 0.0500, 0.0000
ATT: -14, -23, 649
GPS: 325054000, 1, 8, 42.6228140, -71.2071460, 0, 31.3800, 30.6700, 0.0500, 0.0000
ATT: -14, -20, 649
GPS: 325055000, 1, 8, 42.6228140, -71.2071460, 0, 31.2100, 30.5800, 0.0700, 0.0000
ATT: -15, -20, 652
GPS: 325055000, 1, 8, 42.6228140, -71.2071460, 0, 31.1300, 30.5800, 0.0700, 0.0000
ATT: -14, -20, 655
GPS: 325055000, 1, 8, 42.6228140, -71.2071460, 0, 31.2100, 30.5800, 0.0700, 0.0000
ATT: -14, -20, 658
GPS: 325055000, 1, 8, 42.6228140, -71.2071460, 0, 31.2100, 30.5800, 0.0700, 0.0000
ATT: -14, -21, 661
GPS: 325055000, 1, 8, 42.6228140, -71.2071460, 0, 31.0400, 30.5800, 0.0700, 0.0000
ATT: -15, -20, 662
GPS: 325055000, 1, 8, 42.6228140, -71.2071460, 0, 30.9600, 30.5800, 0.0700, 0.0000
ATT: -15, -21, 664
GPS: 325055000, 1, 8, 42.6228140, -71.2071460, 0, 31.0400, 30.5800, 0.0700, 0.0000
ATT: -15, -21, 666
GPS: 325055000, 1, 8, 42.6228140, -71.2071460, 0, 31.0400, 30.5800, 0.0700, 0.0000
ATT: -16, -21, 669
GPS: 325055000, 1, 8, 42.6228140, -71.2071460, 0, 31.3000, 30.5800, 0.0700, 0.0000
ATT: -14, -21, 670
GPS: 325055000, 1, 8, 42.6228140, -71.2071460, 0, 31.4700, 30.5800, 0.0700, 0.0000
ATT: -14, -21, 673
GPS: 325055000, 1, 8, 42.6228140, -71.2071460, 0, 31.2100, 30.5800, 0.0700, 0.0000
ATT: -14, -21, 675
GPS: 325056000, 1, 7, 42.6228140, -71.2071460, 0, 31.0400, 30.5600, 0.0500, 0.0000
ATT: -13, -21, 678
GPS: 325056000, 1, 7, 42.6228140, -71.2071460, 0, 30.9600, 30.5600, 0.0500, 0.0000
ATT: -14, -21, 681
GPS: 325056000, 1, 7, 42.6228140, -71.2071460, 0, 30.9600, 30.5600, 0.0500, 0.0000
ATT: -14, -19, 683
GPS: 325056000, 1, 7, 42.6228140, -71.2071460, 0, 30.8700, 30.5600, 0.0500, 0.0000
ATT: -15, -18, 685
GPS: 325056000, 1, 7, 42.6228140, -71.2071460, 0, 30.8700, 30.5600, 0.0500, 0.0000
ATT: -14, -18, 687
GPS: 325056000, 1, 7, 42.6228140, -71.2071460, 0, 30.9600, 30.5600, 0.0500, 0.0000
ATT: -13, -19, 689
GPS: 325056000, 1, 7, 42.6228140, -71.2071460, 0, 30.9600, 30.5600, 0.0500, 0.0000
ATT: -13, -18, 690
GPS: 325056000, 1, 7, 42.6228140, -71.2071460, 0, 31.1300, 30.5600, 0.0500, 0.0000
ATT: -7, -28, 691
GPS: 325056000, 1, 7, 42.6228140, -71.2071460, 0, 31.2100, 30.5600, 0.0500, 0.0000
ATT: -6, -30, 695
GPS: 325057000, 1, 7, 42.6228140, -71.2071460, 0, 31.3800, 30.5800, 0.0300, 0.0000
ATT: -12, -19, 699
GPS: 325057000, 1, 7, 42.6228140, -71.2071460, 0, 31.4700, 30.5800, 0.0300, 0.0000
ATT: -14, -18, 701
GPS: 325057000, 1, 7, 42.6228140, -71.2071460, 0, 31.4700, 30.5800, 0.0300, 0.0000
ATT: -13, -18, 703
GPS: 325057000, 1, 7, 42.6228140, -71.2071460, 0, 31.4700, 30.5800, 0.0300, 0.0000
ATT: -13, -17, 704
GPS: 325057000, 1, 7, 42.6228140, -71.2071460, 0, 31.3800, 30.5800, 0.0300, 0.0000
ATT: -10, -16, 703
GPS: 325057000, 1, 7, 42.6228140, -71.2071460, 0, 31.3000, 30.5800, 0.0300, 0.0000
ATT: -11, -15, 705
GPS: 325057000, 1, 7, 42.6228140, -71.2071460, 0, 31.3000, 30.5800, 0.0300, 0.0000
ATT: -11, -16, 708
GPS: 325057000, 1, 7, 42.6228140, -71.2071460, 0, 31.3000, 30.5800, 0.0300, 0.0000
ATT: -12, -15, 711
GPS: 325057000, 1, 7, 42.6228140, -71.2071460, 0, 31.3000, 30.5800, 0.0300, 0.0000
ATT: -12, -14, 711
GPS: 325057000, 1, 7, 42.6228140, -71.2071460, 0, 31.3000, 30.5800, 0.0300, 0.0000
ATT: -11, -14, 713
GPS: 325057000, 1, 7, 42.6228140, -71.2071460, 0, 31.2100, 30.5800, 0.0300, 0.0000
ATT: -10, -11, 715
GPS: 325058000, 1, 7, 42.6228140, -71.2071460, 0, 31.2100, 30.6500, 0.0400, 0.0000
ATT: -10, -12, 717
GPS: 325058000, 1, 7, 42.6228140, -71.2071460, 0, 31.1300, 30.6500, 0.0400, 0.0000
ATT: -11, -12, 718
GPS: 325058000, 1, 7, 42.6228140, -71.2071460, 0, 31.0400, 30.6500, 0.0400, 0.0000
ATT: -12, -11, 721
GPS: 325058000, 1, 7, 42.6228140, -71.2071460, 0, 31.0400, 30.6500, 0.0400, 0.0000
ATT: -12, -13, 723
GPS: 325058000, 1, 7, 42.6228140, -71.2071460, 0, 31.0400, 30.6500, 0.0400, 0.0000
PM:20013,1001,20,0,0,0,0,20,1,3,7,0,0, 
ATT: -13, -12, 726
GPS: 325058000, 1, 7, 42.6228140, -71.2071460, 0, 31.1300, 30.6500, 0.0400, 0.0000
ATT: -12, -13, 728
GPS: 325058000, 1, 7, 42.6228140, -71.2071460, 0, 31.2100, 30.6500, 0.0400, 0.0000
ATT: -13, -11, 730
GPS: 325058000, 1, 7, 42.6228140, -71.2071460, 0, 31.2100, 30.6500, 0.0400, 0.0000
ATT: -12, -11, 731
GPS: 325058000, 1, 7, 42.6228140, -71.2071460, 0, 31.2100, 30.6500, 0.0400, 0.0000
ATT: -10, -12, 734
GPS: 325059000, 1, 8, 42.6228140, -71.2071460, 0, 31.1300, 30.8500, 0.0500, 0.0000
ATT: -9, -13, 736
GPS: 325059000, 1, 8, 42.6228140, -71.2071460, 0, 31.1300, 30.8500, 0.0500, 0.0000
ATT: -9, -12, 738
GPS: 325059000, 1, 8, 42.6228140, -71.2071460, 0, 31.1300, 30.8500, 0.0500, 0.0000
ATT: -9, -13, 740
GPS: 325059000, 1, 8, 42.6228140, -71.2071460, 0, 31.1300, 30.8500, 0.0500, 0.0000
ATT: -10, -14, 743
GPS: 325059000, 1, 8, 42.6228140, -71.2071460, 0, 31.3000, 30.8500, 0.0500, 0.0000
ATT: -10, -14, 744
GPS: 325059000, 1, 8, 42.6228140, -71.2071460, 0, 31.3800, 30.8500, 0.0500, 0.0000
ATT: -10, -13, 746
GPS: 325059000, 1, 8, 42.6228140, -71.2071460, 0, 31.2100, 30.8500, 0.0500, 0.0000
ATT: -10, -13, 748
GPS: 325059000, 1, 8, 42.6228140, -71.2071460, 0, 31.0400, 30.8500, 0.0500, 0.0000
ATT: -10, -12, 750
GPS: 325059000, 1, 8, 42.6228140, -71.2071460, 0, 31.0400, 30.8500, 0.0500, 0.0000
ATT: -10, -13, 752
GPS: 325059000, 1, 8, 42.6228140, -71.2071460, 0, 31.0400, 30.8500, 0.0500, 0.0000
ATT: -11, -13, 755
GPS: 325059000, 1, 8, 42.6228140, -71.2071460, 0, 31.2100, 30.8500, 0.0500, 0.0000
ATT: -10, -12, 757
GPS: 325060000, 1, 8, 42.6228140, -71.2071460, 0, 31.3000, 30.8400, 0.0300, 0.0000
ATT: -10, -12, 760
GPS: 325060000, 1, 8, 42.6228140, -71.2071460, 0, 31.2100, 30.8400, 0.0300, 0.0000
ATT: -8, -12, 762
GPS: 325060000, 1, 8, 42.6228140, -71.2071460, 0, 31.1300, 30.8400, 0.0300, 0.0000
ATT: -7, -11, 763
GPS: 325060000, 1, 8, 42.6228140, -71.2071460, 0, 30.9600, 30.8400, 0.0300, 0.0000
ATT: -7, -11, 766
GPS: 325060000, 1, 8, 42.6228140, -71.2071460, 0, 30.7900, 30.8400, 0.0300, 0.0000
ATT: -8, -10, 768
GPS: 325060000, 1, 8, 42.6228140, -71.2071460, 0, 31.0400, 30.8400, 0.0300, 0.0000
ATT: -6, -10, 770
GPS: 325060000, 1, 8, 42.6228140, -71.2071460, 0, 31.2100, 30.8400, 0.0300, 0.0000
ATT: -6, -10, 772
GPS: 325060000, 1, 8, 42.6228140, -71.2071460, 0, 31.1300, 30.8400, 0.0300, 0.0000
ATT: -7, -9, 773
GPS: 325060000, 1, 8, 42.6228140, -71.2071460, 0, 31.0400, 30.8400, 0.0300, 0.0000
ATT: -6, -8, 774
GPS: 325060000, 1, 8, 42.6228140, -71.2071460, 0, 31.1300, 30.8400, 0.0300, 0.0000
ATT: -7, -8, 777
GPS: 325061000, 1, 8, 42.6228140, -71.2071460, 0, 31.2100, 30.9000, 0.0400, 0.0000
ATT: -6, -8, 778
GPS: 325061000, 1, 8, 42.6228140, -71.2071460, 0, 31.2100, 30.9000, 0.0400, 0.0000
ATT: -8, -8, 780
GPS: 325061000, 1, 8, 42.6228140, -71.2071460, 0, 31.2100, 30.9000, 0.0400, 0.0000
ATT: -9, -8, 782
GPS: 325061000, 1, 8, 42.6228140, -71.2071460, 0, 31.2100, 30.9000, 0.0400, 0.0000
ATT: -8, -9, 784
GPS: 325061000, 1, 8, 42.6228140, -71.2071460, 0, 31.2100, 30.9000, 0.0400, 0.0000
ATT: -9, -6, 786
GPS: 325061000, 1, 8, 42.6228140, -71.2071460, 0, 31.3000, 30.9000, 0.0400, 0.0000
ATT: -7, -5, 788
GPS: 325061000, 1, 8, 42.6228140, -71.2071460, 0, 31.3000, 30.9000, 0.0400, 0.0000
ATT: -6, -7, 791
GPS: 325061000, 1, 8, 42.6228140, -71.2071460, 0, 31.4700, 30.9000, 0.0400, 0.0000
ATT: -7, -7, 793
GPS: 325061000, 1, 8, 42.6228140, -71.2071460, 0, 31.5500, 30.9000, 0.0400, 0.0000
ATT: -6, -6, 795
GPS: 325062000, 1, 8, 42.6228140, -71.2071460, 0, 31.4700, 30.8600, 0.0200, 0.0000
ATT: -7, -4, 797
GPS: 325062000, 1, 8, 42.6228140, -71.2071460, 0, 31.3800, 30.8600, 0.0200, 0.0000
ATT: -6, -4, 799
GPS: 325062000, 1, 8, 42.6228140, -71.2071460, 0, 31.3800, 30.8600, 0.0200, 0.0000
ATT: -6, -4, 802
GPS: 325062000, 1, 8, 42.6228140, -71.2071460, 0, 31.3800, 30.8600, 0.0200, 0.0000
ATT: -6, -3, 804
GPS: 325062000, 1, 8, 42.6228140, -71.2071460, 0, 31.4700, 30.8600, 0.0200, 0.0000
ATT: -4, -3, 806
GPS: 325062000, 1, 8, 42.6228140, -71.2071460, 0, 31.5500, 30.8600, 0.0200, 0.0000
ATT: 0, -3, 808
GPS: 325062000, 1, 8, 42.6228140, -71.2071460, 0, 31.3800, 30.8600, 0.0200, 0.0000
ATT: -2, -2, 810
GPS: 325062000, 1, 8, 42.6228140, -71.2071460, 0, 31.3000, 30.8600, 0.0200, 0.0000
ATT: 0, -3, 812
GPS: 325062000, 1, 8, 42.6228140, -71.2071460, 0, 31.3000, 30.8600, 0.0200, 0.0000
ATT: 0, -2, 813
GPS: 325062000, 1, 8, 42.6228140, -71.2071460, 0, 31.3000, 30.8600, 0.0200, 0.0000
ATT: -1, -1, 815
GPS: 325062000, 1, 8, 42.6228140, -71.2071460, 0, 31.3000, 30.8600, 0.0200, 0.0000
ATT: 0, -1, 816
GPS: 325063000, 1, 8, 42.6228140, -71.2071460, 0, 31.3000, 30.7500, 0.0400, 0.0000
ATT: -1, -3, 818
GPS: 325063000, 1, 8, 42.6228140, -71.2071460, 0, 31.3800, 30.7500, 0.0400, 0.0000
ATT: -3, -4, 820
GPS: 325063000, 1, 8, 42.6228140, -71.2071460, 0, 31.3800, 30.7500, 0.0400, 0.0000
ATT: -3, -4, 821
GPS: 325063000, 1, 8, 42.6228140, -71.2071460, 0, 31.4700, 30.7500, 0.0400, 0.0000
ATT: -3, -4, 823
GPS: 325063000, 1, 8, 42.6228140, -71.2071460, 0, 31.5500, 30.7500, 0.0400, 0.0000
ATT: -3, -2, 826
GPS: 325063000, 1, 8, 42.6228140, -71.2071460, 0, 31.4700, 30.7500, 0.0400, 0.0000
ATT: -4, -2, 826
GPS: 325063000, 1, 8, 42.6228140, -71.2071460, 0, 31.3800, 30.7500, 0.0400, 0.0000
ATT: -4, -4, 828
GPS: 325063000, 1, 8, 42.6228140, -71.2071460, 0, 31.3800, 30.7500, 0.0400, 0.0000
ATT: -3, -6, 831
GPS: 325063000, 1, 8, 42.6228140, -71.2071460, 0, 31.3800, 30.7500, 0.0400, 0.0000
ATT: -3, -4, 831
GPS: 325064000, 1, 8, 42.6228140, -71.2071460, 0, 31.3800, 30.7300, 0.0200, 0.0000
ATT: -5, -3, 834
GPS: 325064000, 1, 8, 42.6228140, -71.2071460, 0, 31.3800, 30.7300, 0.0200, 0.0000
ATT: -4, -4, 836
GPS: 325064000, 1, 8, 42.6228140, -71.2071460, 0, 31.3800, 30.7300, 0.0200, 0.0000
ATT: -3, -8, 837
GPS: 325064000, 1, 8, 42.6228140, -71.2071460, 0, 31.3800, 30.7300, 0.0200, 0.0000
ATT: -3, -5, 837
GPS: 325064000, 1, 8, 42.6228140, -71.2071460, 0, 31.3800, 30.7300, 0.0200, 0.0000
ATT: -4, -5, 840
GPS: 325064000, 1, 8, 42.6228140, -71.2071460, 0, 31.3800, 30.7300, 0.0200, 0.0000
ATT: 0, -5, 840
GPS: 325064000, 1, 8, 42.6228140, -71.2071460, 0, 31.3000, 30.7300, 0.0200, 0.0000
ATT: 0, -3, 839
GPS: 325064000, 1, 8, 42.6228140, -71.2071460, 0, 31.2100, 30.7300, 0.0200, 0.0000
ATT: -2, -2, 842
GPS: 325064000, 1, 8, 42.6228140, -71.2071460, 0, 31.2100, 30.7300, 0.0200, 0.0000
ATT: -3, -1, 842
GPS: 325064000, 1, 8, 42.6228140, -71.2071460, 0, 31.2100, 30.7300, 0.0200, 0.0000
ATT: -1, -2, 844
GPS: 325065000, 1, 8, 42.6228140, -71.2071460, 0, 31.3000, 30.6900, 0.0600, 0.0000
ATT: -2, -2, 846
GPS: 325065000, 1, 8, 42.6228140, -71.2071460, 0, 31.3000, 30.6900, 0.0600, 0.0000
ATT: -3, -2, 847
GPS: 325065000, 1, 8, 42.6228140, -71.2071460, 0, 31.3000, 30.6900, 0.0600, 0.0000
ATT: -2, -4, 849
GPS: 325065000, 1, 8, 42.6228140, -71.2071460, 0, 31.3000, 30.6900, 0.0600, 0.0000
ATT: -3, -4, 851
GPS: 325065000, 1, 8, 42.6228140, -71.2071460, 0, 31.3000, 30.6900, 0.0600, 0.0000
ATT: -4, -4, 852
GPS: 325065000, 1, 8, 42.6228140, -71.2071460, 0, 31.3000, 30.6900, 0.0600, 0.0000
ATT: -4, -4, 854
GPS: 325065000, 1, 8, 42.6228140, -71.2071460, 0, 31.2100, 30.6900, 0.0600, 0.0000
ATT: -3, -4, 856
GPS: 325065000, 1, 8, 42.6228140, -71.2071460, 0, 31.1300, 30.6900, 0.0600, 0.0000
ATT: -3, -4, 857
GPS: 325065000, 1, 8, 42.6228140, -71.2071460, 0, 31.2100, 30.6900, 0.0600, 0.0000
ATT: -2, -4, 859
GPS: 325065000, 1, 8, 42.6228140, -71.2071460, 0, 31.3000, 30.6900, 0.0600, 0.0000
ATT: -2, -4, 861
GPS: 325066000, 1, 8, 42.6228140, -71.2071460, 0, 31.1300, 30.6400, 0.0300, 0.0000
ATT: -3, -3, 862
GPS: 325066000, 1, 8, 42.6228140, -71.2071460, 0, 30.9600, 30.6400, 0.0300, 0.0000
ATT: -3, -2, 863
GPS: 325066000, 1, 8, 42.6228140, -71.2071460, 0, 30.9600, 30.6400, 0.0300, 0.0000
ATT: -3, -1, 865
GPS: 325066000, 1, 8, 42.6228140, -71.2071460, 0, 30.9600, 30.6400, 0.0300, 0.0000
ATT: -3, -1, 867
GPS: 325066000, 1, 8, 42.6228140, -71.2071460, 0, 31.1300, 30.6400, 0.0300, 0.0000
ATT: -4, -1, 868
GPS: 325066000, 1, 8, 42.6228140, -71.2071460, 0, 31.2100, 30.6400, 0.0300, 0.0000
ATT: -4, -2, 870
GPS: 325066000, 1, 8, 42.6228140, -71.2071460, 0, 31.1300, 30.6400, 0.0300, 0.0000
ATT: -4, -2, 872
GPS: 325066000, 1, 8, 42.6228140, -71.2071460, 0, 31.0400, 30.6400, 0.0300, 0.0000
ATT: -4, -2, 874
GPS: 325066000, 1, 8, 42.6228140, -71.2071460, 0, 31.0400, 30.6400, 0.0300, 0.0000
ATT: -4, -2, 876
GPS: 325066000, 1, 8, 42.6228140, -71.2071460, 0, 31.0400, 30.6400, 0.0300, 0.0000
ATT: -4, -2, 877
GPS: 325066000, 1, 8, 42.6228140, -71.2071460, 0, 31.2100, 30.6400, 0.0300, 0.0000
ATT: -4, -2, 879
GPS: 325067000, 1, 8, 42.6228140, -71.2071460, 0, 31.3000, 30.6400, 0.0400, 0.0000
ATT: -4, -1, 880
GPS: 325067000, 1, 8, 42.6228140, -71.2071460, 0, 31.3000, 30.6400, 0.0400, 0.0000
ATT: -3, 0, 881
GPS: 325067000, 1, 8, 42.6228140, -71.2071460, 0, 31.3000, 30.6400, 0.0400, 0.0000
ATT: -3, -1, 883
GPS: 325067000, 1, 8, 42.6228140, -71.2071460, 0, 31.2100, 30.6400, 0.0400, 0.0000
ATT: -4, -1, 884
GPS: 325067000, 1, 8, 42.6228140, -71.2071460, 0, 31.2100, 30.6400, 0.0400, 0.0000
ATT: -5, -1, 886
GPS: 325067000, 1, 8, 42.6228140, -71.2071460, 0, 31.2100, 30.6400, 0.0400, 0.0000
ATT: -5, -2, 887
GPS: 325067000, 1, 8, 42.6228140, -71.2071460, 0, 31.2100, 30.6400, 0.0400, 0.0000
ATT: -6, -2, 889
GPS: 325067000, 1, 8, 42.6228140, -71.2071460, 0, 31.0400, 30.6400, 0.0400, 0.0000
ATT: -6, -2, 890
GPS: 325067000, 1, 8, 42.6228140, -71.2071460, 0, 30.9600, 30.6400, 0.0400, 0.0000
ATT: -6, -2, 891
GPS: 325068000, 1, 8, 42.6228140, -71.2071460, 0, 31.1300, 30.6900, 0.0300, 0.0000
ATT: -6, -2, 893
GPS: 325068000, 1, 8, 42.6228140, -71.2071460, 0, 31.2100, 30.6900, 0.0300, 0.0000
ATT: -5, -3, 894
GPS: 325068000, 1, 8, 42.6228140, -71.2071460, 0, 31.1300, 30.6900, 0.0300, 0.0000
ATT: -5, -2, 896
GPS: 325068000, 1, 8, 42.6228140, -71.2071460, 0, 31.1300, 30.6900, 0.0300, 0.0000
ATT: -6, -2, 897
GPS: 325068000, 1, 8, 42.6228140, -71.2071460, 0, 31.0400, 30.6900, 0.0300, 0.0000
ATT: -6, -2, 899
GPS: 325068000, 1, 8, 42.6228140, -71.2071460, 0, 31.0400, 30.6900, 0.0300, 0.0000
ATT: -6, -2, 901
GPS: 325068000, 1, 8, 42.6228140, -71.2071460, 0, 31.1300, 30.6900, 0.0300, 0.0000
ATT: -6, -2, 902
GPS: 325068000, 1, 8, 42.6228140, -71.2071460, 0, 31.1300, 30.6900, 0.0300, 0.0000
ATT: -7, -2, 904
GPS: 325068000, 1, 8, 42.6228140, -71.2071460, 0, 31.3000, 30.6900, 0.0300, 0.0000
ATT: -7, -1, 905
GPS: 325068000, 1, 8, 42.6228140, -71.2071460, 0, 31.3800, 30.6900, 0.0300, 0.0000
ATT: -7, -1, 906
GPS: 325069000, 1, 8, 42.6228140, -71.2071460, 0, 31.3000, 30.7000, 0.0100, 0.0000
ATT: -7, -1, 908
GPS: 325069000, 1, 8, 42.6228140, -71.2071460, 0, 31.2100, 30.7000, 0.0100, 0.0000
ATT: -7, -1, 910
GPS: 325069000, 1, 8, 42.6228140, -71.2071460, 0, 31.2100, 30.7000, 0.0100, 0.0000
ATT: -6, -1, 911
GPS: 325069000, 1, 8, 42.6228140, -71.2071460, 0, 31.2100, 30.7000, 0.0100, 0.0000
ATT: -6, 0, 913
GPS: 325069000, 1, 8, 42.6228140, -71.2071460, 0, 31.1300, 30.7000, 0.0100, 0.0000
ATT: -6, 0, 915
GPS: 325069000, 1, 8, 42.6228140, -71.2071460, 0, 31.0400, 30.7000, 0.0100, 0.0000
ATT: -6, 0, 917
GPS: 325069000, 1, 8, 42.6228140, -71.2071460, 0, 31.1300, 30.7000, 0.0100, 0.0000
ATT: -6, 0, 918
GPS: 325069000, 1, 8, 42.6228140, -71.2071460, 0, 31.1300, 30.7000, 0.0100, 0.0000
ATT: -6, 0, 920
GPS: 325069000, 1, 8, 42.6228140, -71.2071460, 0, 31.1300, 30.7000, 0.0100, 0.0000
ATT: -7, 0, 922
GPS: 325069000, 1, 8, 42.6228140, -71.2071460, 0, 31.1300, 30.7000, 0.0100, 0.0000
ATT: -7, -1, 924
GPS: 325070000, 1, 8, 42.6228140, -71.2071460, 0, 31.1300, 30.6900, 0.0600, 0.0000
ATT: -7, -3, 925
GPS: 325070000, 1, 8, 42.6228140, -71.2071460, 0, 31.1300, 30.6900, 0.0600, 0.0000
ATT: -7, -4, 927
GPS: 325070000, 1, 8, 42.6228140, -71.2071460, 0, 31.1300, 30.6900, 0.0600, 0.0000
ATT: -7, -5, 929
GPS: 325070000, 1, 8, 42.6228140, -71.2071460, 0, 31.1300, 30.6900, 0.0600, 0.0000
ATT: -7, -6, 930
GPS: 325070000, 1, 8, 42.6228140, -71.2071460, 0, 30.9600, 30.6900, 0.0600, 0.0000
ATT: -7, -7, 932
GPS: 325070000, 1, 8, 42.6228140, -71.2071460, 0, 30.8700, 30.6900, 0.0600, 0.0000
ATT: -7, -7, 934
GPS: 325070000, 1, 8, 42.6228140, -71.2071460, 0, 30.7900, 30.6900, 0.0600, 0.0000
ATT: -6, -8, 936
GPS: 325070000, 1, 8, 42.6228140, -71.2071460, 0, 30.7900, 30.6900, 0.0600, 0.0000
ATT: -6, -8, 938
GPS: 325070000, 1, 8, 42.6228140, -71.2071460, 0, 30.8700, 30.6900, 0.0600, 0.0000
ATT: -5, -8, 939
GPS: 325070000, 1, 8, 42.6228140, -71.2071460, 0, 30.9600, 30.6900, 0.0600, 0.0000
ATT: -6, -8, 941
GPS: 325070000, 1, 8, 42.6228140, -71.2071460, 0, 30.9600, 30.6900, 0.0600, 0.0000
ATT: -6, -8, 943
GPS: 325071000, 1, 8, 42.6228140, -71.2071460, 0, 30.9600, 30.6000, 0.0600, 0.0000
ATT: -6, -9, 945
GPS: 325071000, 1, 8, 42.6228140, -71.2071460, 0, 31.0400, 30.6000, 0.0600, 0.0000
ATT: -6, -8, 947
GPS: 325071000, 1, 8, 42.6228140, -71.2071460, 0, 31.1300, 30.6000, 0.0600, 0.0000
ATT: -6, -8, 949
GPS: 325071000, 1, 8, 42.6228140, -71.2071460, 0, 31.2100, 30.6000, 0.0600, 0.0000
ATT: -6, -9, 951
GPS: 325071000, 1, 8, 42.6228140, -71.2071460, 0, 31.2100, 30.6000, 0.0600, 0.0000
ATT: -5, -9, 953
GPS: 325071000, 1, 8, 42.6228140, -71.2071460, 0, 31.3800, 30.6000, 0.0600, 0.0000
ATT: -5, -9, 954
GPS: 325071000, 1, 8, 42.6228140, -71.2071460, 0, 31.4700, 30.6000, 0.0600, 0.0000
ATT: -4, -10, 956
GPS: 325071000, 1, 8, 42.6228140, -71.2071460, 0, 31.3800, 30.6000, 0.0600, 0.0000
ATT: -5, -9, 958
GPS: 325071000, 1, 8, 42.6228140, -71.2071460, 0, 31.3800, 30.6000, 0.0600, 0.0000
ATT: -5, -9, 959
GPS: 325072000, 1, 8, 42.6228140, -71.2071460, 0, 31.3000, 30.6300, 0.0400, 0.0000
ATT: -5, -7, 961
GPS: 325072000, 1, 8, 42.6228140, -71.2071460, 0, 31.2100, 30.6300, 0.0400, 0.0000
ATT: -5, -7, 963
GPS: 325072000, 1, 8, 42.6228140, -71.2071460, 0, 31.3000, 30.6300, 0.0400, 0.0000
ATT: -5, -6, 965
GPS: 325072000, 1, 8, 42.6228140, -71.2071460, 0, 31.3800, 30.6300, 0.0400, 0.0000
ATT: -6, -5, 967
GPS: 325072000, 1, 8, 42.6228140, -71.2071460, 0, 31.2100, 30.6300, 0.0400, 0.0000
ATT: -6, -4, 969
GPS: 325072000, 1, 8, 42.6228140, -71.2071460, 0, 31.0400, 30.6300, 0.0400, 0.0000
ATT: -6, -4, 970
GPS: 325072000, 1, 8, 42.6228140, -71.2071460, 0, 31.2100, 30.6300, 0.0400, 0.0000
ATT: -6, -4, 972
GPS: 325072000, 1, 8, 42.6228140, -71.2071460, 0, 31.3000, 30.6300, 0.0400, 0.0000
ATT: -6, -3, 974
GPS: 325072000, 1, 8, 42.6228140, -71.2071460, 0, 31.2100, 30.6300, 0.0400, 0.0000
ATT: -7, -3, 976
GPS: 325072000, 1, 8, 42.6228140, -71.2071460, 0, 31.1300, 30.6300, 0.0400, 0.0000
ATT: -7, -2, 977
GPS: 325073000, 1, 8, 42.6228140, -71.2071460, 0, 31.1300, 30.6600, 0.0200, 0.0000
ATT: -7, -2, 979
GPS: 325073000, 1, 8, 42.6228140, -71.2071460, 0, 31.1300, 30.6600, 0.0200, 0.0000
ATT: -7, -1, 981
GPS: 325073000, 1, 8, 42.6228140, -71.2071460, 0, 31.2100, 30.6600, 0.0200, 0.0000
ATT: -7, -1, 983
GPS: 325073000, 1, 8, 42.6228140, -71.2071460, 0, 31.2100, 30.6600, 0.0200, 0.0000
ATT: -7, 0, 985
GPS: 325073000, 1, 8, 42.6228140, -71.2071460, 0, 31.0400, 30.6600, 0.0200, 0.0000
ATT: -7, 0, 987
GPS: 325073000, 1, 8, 42.6228140, -71.2071460, 0, 30.9600, 30.6600, 0.0200, 0.0000
ATT: -7, 0, 989
GPS: 325073000, 1, 8, 42.6228140, -71.2071460, 0, 30.9600, 30.6600, 0.0200, 0.0000
ATT: -6, 0, 991
GPS: 325073000, 1, 8, 42.6228140, -71.2071460, 0, 30.9600, 30.6600, 0.0200, 0.0000
ATT: -7, 0, 992
GPS: 325073000, 1, 8, 42.6228140, -71.2071460, 0, 31.0400, 30.6600, 0.0200, 0.0000
ATT: -7, 1, 994
GPS: 325073000, 1, 8, 42.6228140, -71.2071460, 0, 31.1300, 30.6600, 0.0200, 0.0000
ATT: -7, 1, 995
GPS: 325074000, 1, 8, 42.6228140, -71.2071460, 0, 31.0400, 30.7600, 0.0100, 0.0000
ATT: -7, 2, 996
GPS: 325074000, 1, 8, 42.6228140, -71.2071460, 0, 30.9600, 30.7600, 0.0100, 0.0000
ATT: -7, 2, 998
GPS: 325074000, 1, 8, 42.6228140, -71.2071460, 0, 30.9600, 30.7600, 0.0100, 0.0000
ATT: -7, 3, 999
GPS: 325074000, 1, 8, 42.6228140, -71.2071460, 0, 30.9600, 30.7600, 0.0100, 0.0000
ATT: -7, 2, 1001
GPS: 325074000, 1, 8, 42.6228140, -71.2071460, 0, 31.1300, 30.7600, 0.0100, 0.0000
ATT: -7, 3, 1003
GPS: 325074000, 1, 8, 42.6228140, -71.2071460, 0, 31.2100, 30.7600, 0.0100, 0.0000
ATT: -6, 3, 1004
GPS: 325074000, 1, 8, 42.6228140, -71.2071460, 0, 31.1300, 30.7600, 0.0100, 0.0000
ATT: -7, 3, 1006
GPS: 325074000, 1, 8, 42.6228140, -71.2071460, 0, 31.0400, 30.7600, 0.0100, 0.0000
ATT: -6, 3, 1008
GPS: 325074000, 1, 8, 42.6228140, -71.2071460, 0, 31.0400, 30.7600, 0.0100, 0.0000
ATT: -6, 3, 1010
GPS: 325074000, 1, 8, 42.6228140, -71.2071460, 0, 31.0400, 30.7600, 0.0100, 0.0000
ATT: -6, 4, 1012
GPS: 325074000, 1, 8, 42.6228140, -71.2071460, 0, 31.0400, 30.7600, 0.0100, 0.0000
ATT: -6, 3, 1014
GPS: 325075000, 1, 8, 42.6228140, -71.2071460, 0, 31.0400, 30.8000, 0.0200, 0.0000
ATT: -5, 3, 1015
GPS: 325075000, 1, 8, 42.6228140, -71.2071460, 0, 31.0400, 30.8000, 0.0200, 0.0000
ATT: -5, 3, 1017
GPS: 325075000, 1, 8, 42.6228140, -71.2071460, 0, 31.0400, 30.8000, 0.0200, 0.0000
ATT: -5, 3, 1020
GPS: 325075000, 1, 8, 42.6228140, -71.2071460, 0, 30.9600, 30.8000, 0.0200, 0.0000
ATT: -5, 3, 1022
GPS: 325075000, 1, 8, 42.6228140, -71.2071460, 0, 30.9600, 30.8000, 0.0200, 0.0000
ATT: -5, 2, 1024
GPS: 325075000, 1, 8, 42.6228140, -71.2071460, 0, 30.9600, 30.8000, 0.0200, 0.0000
ATT: -5, 2, 1025
GPS: 325075000, 1, 8, 42.6228140, -71.2071460, 0, 30.9600, 30.8000, 0.0200, 0.0000
ATT: -5, 2, 1027
GPS: 325075000, 1, 8, 42.6228140, -71.2071460, 0, 30.7900, 30.8000, 0.0200, 0.0000
ATT: -5, 1, 1029
GPS: 325075000, 1, 8, 42.6228140, -71.2071460, 0, 30.7000, 30.8000, 0.0200, 0.0000
ATT: -5, 1, 1031
GPS: 325075000, 1, 8, 42.6228140, -71.2071460, 0, 30.7000, 30.8000, 0.0200, 0.0000
ATT: -4, 0, 1033
GPS: 325076000, 1, 8, 42.6228140, -71.2071460, 0, 30.7000, 30.7500, 0.0300, 0.0000
ATT: -5, 0, 1035
GPS: 325076000, 1, 8, 42.6228140, -71.2071460, 0, 30.7000, 30.7500, 0.0300, 0.0000
ATT: -5, 0, 1037
GPS: 325076000, 1, 8, 42.6228140, -71.2071460, 0, 30.7000, 30.7500, 0.0300, 0.0000
ATT: -5, 0, 1039
GPS: 325076000, 1, 8, 42.6228140, -71.2071460, 0, 30.7000, 30.7500, 0.0300, 0.0000
ATT: -4, 0, 1040
GPS: 325076000, 1, 8, 42.6228140, -71.2071460, 0, 30.7000, 30.7500, 0.0300, 0.0000
ATT: -5, 0, 1042
GPS: 325076000, 1, 8, 42.6228140, -71.2071460, 0, 30.8700, 30.7500, 0.0300, 0.0000
ATT: -5, 0, 1044
GPS: 325076000, 1, 8, 42.6228140, -71.2071460, 0, 30.9600, 30.7500, 0.0300, 0.0000
ATT: -5, 0, 1046
GPS: 325076000, 1, 8, 42.6228140, -71.2071460, 0, 30.8700, 30.7500, 0.0300, 0.0000
ATT: -4, -1, 1048
GPS: 325076000, 1, 8, 42.6228140, -71.2071460, 0, 30.7900, 30.7500, 0.0300, 0.0000
ATT: 1, -4, 1051
GPS: 325077000, 1, 8, 42.6228140, -71.2071460, 0, 30.9600, 30.6600, 0.0200, 0.0000
ATT: -1, 3, 1065
GPS: 325077000, 1, 8, 42.6228140, -71.2071460, 0, 31.0400, 30.6600, 0.0200, 0.0000
ATT: -7, 0, 1057
GPS: 325077000, 1, 8, 42.6228140, -71.2071460, 0, 31.0400, 30.6600, 0.0200, 0.0000
ATT: -6, 0, 1063
GPS: 325077000, 1, 8, 42.6228140, -71.2071460, 0, 31.0400, 30.6600, 0.0200, 0.0000
ATT: -6, -7, 1066
GPS: 325077000, 1, 8, 42.6228140, -71.2071460, 0, 30.9600, 30.6600, 0.0200, 0.0000
ATT: -9, -3, 1063
GPS: 325077000, 1, 8, 42.6228140, -71.2071460, 0, 30.9600, 30.6600, 0.0200, 0.0000
ATT: -5, -4, 1067
GPS: 325077000, 1, 8, 42.6228140, -71.2071460, 0, 30.9600, 30.6600, 0.0200, 0.0000
ATT: -7, -2, 1066
GPS: 325077000, 1, 8, 42.6228140, -71.2071460, 0, 30.9600, 30.6600, 0.0200, 0.0000
ATT: -6, -4, 1068
GPS: 325077000, 1, 8, 42.6228140, -71.2071460, 0, 30.9600, 30.6600, 0.0200, 0.0000
ATT: -6, -3, 1069
GPS: 325077000, 1, 8, 42.6228140, -71.2071460, 0, 30.9600, 30.6600, 0.0200, 0.0000
ATT: -10, 6, 1065
GPS: 325078000, 1, 9, 42.6228140, -71.2071460, 0, 30.8700, 30.5900, 0.0600, 0.0000
ATT: -27, -7, 1040
GPS: 325078000, 1, 9, 42.6228140, -71.2071460, 0, 30.8700, 30.5900, 0.0600, 0.0000
ATT: -34, -17, 1010
GPS: 325078000, 1, 9, 42.6228140, -71.2071460, 0, 30.9600, 30.5900, 0.0600, 0.0000
ATT: -15, -41, 1002
GPS: 325078000, 1, 9, 42.6228140, -71.2071460, 0, 31.0400, 30.5900, 0.0600, 0.0000
ATT: 2, -48, 995
GPS: 325078000, 1, 9, 42.6228140, -71.2071460, 0, 30.9600, 30.5900, 0.0600, 0.0000
ATT: 43, -64, 986
GPS: 325078000, 1, 9, 42.6228140, -71.2071460, 0, 30.8700, 30.5900, 0.0600, 0.0000
PM:20018,1001,20,0,0,0,0,20,1,4,7,0,0, 
ATT: 65, -73, 973
GPS: 325078000, 1, 9, 42.6228140, -71.2071460, 0, 30.7900, 30.5900, 0.0600, 0.0000
ATT: 54, -63, 990
GPS: 325078000, 1, 9, 42.6228140, -71.2071460, 0, 30.7000, 30.5900, 0.0600, 0.0000
ATT: 21, -43, 1001
GPS: 325078000, 1, 9, 42.6228140, -71.2071460, 0, 30.6200, 30.5900, 0.0600, 0.0000
ATT: 1, -31, 953
GPS: 325078000, 1, 9, 42.6228140, -71.2071460, 0, 30.6200, 30.5900, 0.0600, 0.0000
ATT: -72, -35, 949
GPS: 325078000, 1, 9, 42.6228140, -71.2071460, 0, 30.6200, 30.5900, 0.0600, 0.0000
ATT: -68, -21, 955
GPS: 325079000, 1, 7, 42.6228100, -71.2071460, 0, 30.6200, 30.8700, 0.1500, 0.0000
ATT: -84, -21, 957
GPS: 325079000, 1, 7, 42.6228100, -71.2071460, 0, 30.7000, 30.8700, 0.1500, 0.0000
ATT: -68, -11, 988
GPS: 325079000, 1, 7, 42.6228100, -71.2071460, 0, 30.7900, 30.8700, 0.1500, 0.0000
ATT: -104, -9, 942
GPS: 325079000, 1, 7, 42.6228100, -71.2071460, 0, 30.7900, 30.8700, 0.1500, 0.0000
ATT: -26, -48, 978
GPS: 325079000, 1, 7, 42.6228100, -71.2071460, 0, 30.7900, 30.8700, 0.1500, 0.0000
ATT: -81, -71, 1013
GPS: 325079000, 1, 7, 42.6228100, -71.2071460, 0, 30.8700, 30.8700, 0.1500, 0.0000
ATT: -71, -107, 959
GPS: 325079000, 1, 7, 42.6228100, -71.2071460, 0, 30.8700, 30.8700, 0.1500, 0.0000
ATT: -6, -128, 927
GPS: 325079000, 1, 7, 42.6228100, -71.2071460, 0, 30.7000, 30.8700, 0.1500, 0.0000
ATT: 34, -123, 962
GPS: 325079000, 1, 7, 42.6228100, -71.2071460, 0, 30.6200, 30.8700, 0.1500, 0.0000
ATT: 55, -137, 1010
GPS: 325079000, 1, 7, 42.6228100, -71.2071460, 0, 30.6200, 30.8700, 0.1500, 0.0000
ATT: 45, -93, 1036
GPS: 325080000, 1, 5, 42.6228140, -71.2071460, 0, 30.6200, 30.9400, 0.2200, 0.0000
ATT: 50, -54, 1056
GPS: 325080000, 1, 5, 42.6228140, -71.2071460, 0, 30.4500, 30.9400, 0.2200, 0.0000
ATT: 51, -39, 1065
GPS: 325080000, 1, 5, 42.6228140, -71.2071460, 0, 30.3600, 30.9400, 0.2200, 0.0000
ATT: 70, -47, 1069
GPS: 325080000, 1, 5, 42.6228140, -71.2071460, 0, 30.4500, 30.9400, 0.2200, 0.0000
ATT: 179, -32, 1064
GPS: 325080000, 1, 5, 42.6228140, -71.2071460, 0, 30.5300, 30.9400, 0.2200, 0.0000
ATT: 233, -36, 1060
GPS: 325080000, 1, 5, 42.6228140, -71.2071460, 0, 30.6200, 30.9400, 0.2200, 0.0000
ATT: 203, -5, 1061
GPS: 325080000, 1, 5, 42.6228140, -71.2071460, 0, 30.6200, 30.9400, 0.2200, 0.0000
ATT: 117, 17, 1043
GPS: 325080000, 1, 5, 42.6228140, -71.2071460, 0, 30.6200, 30.9400, 0.2200, 0.0000
ATT: 44, 24, 1058
GPS: 325080000, 1, 5, 42.6228140, -71.2071460, 0, 30.6200, 30.9400, 0.2200, 0.0000
ATT: -21, -2, 1074
GPS: 325080000, 1, 5, 42.6228140, -71.2071460, 0, 30.5300, 30.9400, 0.2200, 0.0000
ATT: -97, 28, 1076
GPS: 325081000, 1, 5, 42.6228140, -71.2071460, 0, 30.4500, 30.5800, 0.8600, 243.9300
ATT: -116, 11, 1085
GPS: 325081000, 1, 5, 42.6228140, -71.2071460, 0, 30.5300, 30.5800, 0.8600, 243.9300
ATT: -125, 8, 1089
GPS: 325081000, 1, 5, 42.6228140, -71.2071460, 0, 30.6200, 30.5800, 0.8600, 243.9300
ATT: -108, 23, 1070
GPS: 325081000, 1, 5, 42.6228140, -71.2071460, 0, 30.5300, 30.5800, 0.8600, 243.9300
ATT: -57, 36, 1054
GPS: 325081000, 1, 5, 42.6228140, -71.2071460, 0, 30.4500, 30.5800, 0.8600, 243.9300
ATT: 9, 31, 1039
GPS: 325081000, 1, 5, 42.6228140, -71.2071460, 0, 30.4500, 30.5800, 0.8600, 243.9300
ATT: -3, 6, 1012
GPS: 325081000, 1, 5, 42.6228140, -71.2071460, 0, 30.4500, 30.5800, 0.8600, 243.9300
ATT: -10, -14, 1025
GPS: 325081000, 1, 5, 42.6228140, -71.2071460, 0, 30.4500, 30.5800, 0.8600, 243.9300
ATT: 101, -26, 1054
GPS: 325081000, 1, 5, 42.6228140, -71.2071460, 0, 30.4500, 30.5800, 0.8600, 243.9300
ATT: 243, -10, 1072
GPS: 325081000, 1, 5, 42.6228140, -71.2071460, 0, 30.5300, 30.5800, 0.8600, 243.9300
ATT: 297, 13, 1088
GPS: 325082000, 1, 5, 42.6228140, -71.2071530, 0, 30.5300, 30.4000, 0.3300, 243.9300
ATT: 212, 18, 1067
GPS: 325082000, 1, 5, 42.6228140, -71.2071530, 0, 30.4500, 30.4000, 0.3300, 243.9300
ATT: -594, 246, 1149
GPS: 325082000, 1, 5, 42.6228140, -71.2071530, 0, 30.3600, 30.4000, 0.3300, 243.9300
ATT: -267, 427, 1104
GPS: 325082000, 1, 5, 42.6228140, -71.2071530, 0, 30.4500, 30.4000, 0.3300, 243.9300
ATT: -350, 597, 1079
GPS: 325082000, 1, 5, 42.6228140, -71.2071530, 0, 30.5300, 30.4000, 0.3300, 243.9300
ATT: -318, 656, 1046
GPS: 325082000, 1, 5, 42.6228140, -71.2071530, 0, 30.5300, 30.4000, 0.3300, 243.9300
ATT: -147, 752, 1045
GPS: 325082000, 1, 5, 42.6228140, -71.2071530, 0, 30.5300, 30.4000, 0.3300, 243.9300
ATT: 275, 1456, 861
GPS: 325082000, 1, 5, 42.6228140, -71.2071530, 0, 30.5300, 30.4000, 0.3300, 243.9300
ATT: 73, 1612, 822
GPS: 325082000, 1, 5, 42.6228140, -71.2071530, 0, 30.5300, 30.4000, 0.3300, 243.9300
ATT: -139, 1758, 800
GPS: 325082000, 1, 5, 42.6228140, -71.2071530, 0, 30.7000, 30.4000, 0.3300, 243.9300
ATT: -29, 1268, 903
GPS: 325083000, 1, 4, 42.6228180, -71.2071530, 0, 30.8700, 30.2800, 0.4900, 243.9300
ATT: 267, 1495, 975
GPS: 325083000, 1, 4, 42.6228180, -71.2071530, 0, 30.6200, 30.2800, 0.4900, 243.9300
ATT: 889, 2326, 1169
GPS: 325083000, 1, 4, 42.6228180, -71.2071530, 0, 30.3600, 30.2800, 0.4900, 243.9300
ATT: 962, 3512, 1394
GPS: 325083000, 1, 4, 42.6228180, -71.2071530, 0, 30.3600, 30.2800, 0.4900, 243.9300
ATT: 894, 4402, 1443
GPS: 325083000, 1, 4, 42.6228180, -71.2071530, 0, 30.3600, 30.2800, 0.4900, 243.9300
ATT: 1315, 5059, 1855
GPS: 325083000, 1, 4, 42.6228180, -71.2071530, 0, 30.3600, 30.2800, 0.4900, 243.9300
ATT: 1275, 4925, 1811
GPS: 325083000, 1, 4, 42.6228180, -71.2071530, 0, 30.3600, 30.2800, 0.4900, 243.9300
ATT: 1511, 5036, 2126
GPS: 325083000, 1, 4, 42.6228180, -71.2071530, 0, 30.1900, 30.2800, 0.4900, 243.9300
ATT: 1659, 5142, 2381
GPS: 325083000, 1, 4, 42.6228180, -71.2071530, 0, 30.1100, 30.2800, 0.4900, 243.9300
ATT: 1537, 5089, 2309
GPS: 325083000, 1, 4, 42.6228180, -71.2071530, 0, 30.1900, 30.2800, 0.4900, 243.9300
ATT: 1325, 4983, 2121
GPS: 325084000, 1, 6, 42.6228180, -71.2071460, 0, 30.2800, 30.8800, 0.3100, 243.9300
ATT: 1427, 5082, 2120
GPS: 325084000, 1, 6, 42.6228180, -71.2071460, 0, 30.2800, 30.8800, 0.3100, 243.9300
ATT: 1615, 5190, 2154
GPS: 325084000, 1, 6, 42.6228180, -71.2071460, 0, 30.2800, 30.8800, 0.3100, 243.9300
ATT: 1582, 5093, 2061
GPS: 325084000, 1, 6, 42.6228180, -71.2071460, 0, 30.1900, 30.8800, 0.3100, 243.9300
ATT: 1504, 4951, 2171
GPS: 325084000, 1, 6, 42.6228180, -71.2071460, 0, 30.1900, 30.8800, 0.3100, 243.9300
ATT: 1348, 4979, 2020
GPS: 325084000, 1, 6, 42.6228180, -71.2071460, 0, 30.1900, 30.8800, 0.3100, 243.9300
ATT: 1330, 5063, 1941
GPS: 325084000, 1, 6, 42.6228180, -71.2071460, 0, 30.1900, 30.8800, 0.3100, 243.9300
ATT: 1370, 5046, 1994
GPS: 325084000, 1, 6, 42.6228180, -71.2071460, 0, 30.2800, 30.8800, 0.3100, 243.9300
ATT: 1336, 5047, 2010
GPS: 325084000, 1, 6, 42.6228180, -71.2071460, 0, 30.3600, 30.8800, 0.3100, 243.9300
ATT: 1326, 5023, 1990
GPS: 325085000, 1, 5, 42.6228180, -71.2071460, 0, 30.2800, 31.2300, 0.4600, 243.9300
ATT: 1322, 5006, 1984
GPS: 325085000, 1, 5, 42.6228180, -71.2071460, 0, 30.1900, 31.2300, 0.4600, 243.9300
ATT: 1355, 5013, 1991
GPS: 325085000, 1, 5, 42.6228180, -71.2071460, 0, 30.1900, 31.2300, 0.4600, 243.9300
ATT: 1706, 5177, 2222
GPS: 325085000, 1, 5, 42.6228180, -71.2071460, 0, 30.1900, 31.2300, 0.4600, 243.9300
ATT: 1834, 5172, 2332
GPS: 325085000, 1, 5, 42.6228180, -71.2071460, 0, 30.2800, 31.2300, 0.4600, 243.9300
ATT: 1787, 5130, 2392
GPS: 325085000, 1, 5, 42.6228180, -71.2071460, 0, 30.3600, 31.2300, 0.4600, 243.9300
ATT: 1749, 5078, 2361
GPS: 325085000, 1, 5, 42.6228180, -71.2071460, 0, 30.3600, 31.2300, 0.4600, 243.9300
ATT: 1609, 5005, 2197
GPS: 325085000, 1, 5, 42.6228180, -71.2071460, 0, 30.3600, 31.2300, 0.4600, 243.9300
ATT: 1556, 4982, 2145
GPS: 325085000, 1, 5, 42.6228180, -71.2071460, 0, 30.3600, 31.2300, 0.4600, 243.9300
ATT: 1514, 4955, 2130
GPS: 325085000, 1, 5, 42.6228180, -71.2071460, 0, 30.3600, 31.2300, 0.4600, 243.9300
ATT: 1542, 5041, 2081
GPS: 325086000, 1, 6, 42.6228140, -71.2071460, 0, 30.5300, 31.9200, 0.0700, 243.9300
ATT: 1620, 5082, 2051
GPS: 325086000, 1, 6, 42.6228140, -71.2071460, 0, 30.6200, 31.9200, 0.0700, 243.9300
ATT: 1598, 5074, 2080
GPS: 325086000, 1, 6, 42.6228140, -71.2071460, 0, 30.5300, 31.9200, 0.0700, 243.9300
ATT: 1617, 5082, 2109
GPS: 325086000, 1, 6, 42.6228140, -71.2071460, 0, 30.4500, 31.9200, 0.0700, 243.9300
ATT: 1659, 5093, 2162
GPS: 325086000, 1, 6, 42.6228140, -71.2071460, 0, 30.4500, 31.9200, 0.0700, 243.9300
ATT: 1668, 5095, 2180
GPS: 325086000, 1, 6, 42.6228140, -71.2071460, 0, 30.4500, 31.9200, 0.0700, 243.9300
ATT: 1645, 5096, 2165
GPS: 325086000, 1, 6, 42.6228140, -71.2071460, 0, 30.3600, 31.9200, 0.0700, 243.9300
ATT: 1592, 5079, 2152
GPS: 325086000, 1, 6, 42.6228140, -71.2071460, 0, 30.3600, 31.9200, 0.0700, 243.9300
ATT: 1575, 5061, 2139
GPS: 325086000, 1, 6, 42.6228140, -71.2071460, 0, 30.5300, 31.9200, 0.0700, 243.9300
ATT: 1561, 5060, 2126
GPS: 325086000, 1, 6, 42.6228140, -71.2071460, 0, 30.6200, 31.9200, 0.0700, 243.9300
ATT: 1547, 5048, 2114
GPS: 325087000, 1, 7, 42.6228140, -71.2071460, 0, 30.5300, 32.4800, 0.0500, 243.9300
ATT: 1523, 5036, 2088
GPS: 325087000, 1, 7, 42.6228140, -71.2071460, 0, 30.5300, 32.4800, 0.0500, 243.9300
ATT: 1513, 5029, 2071
GPS: 325087000, 1, 7, 42.6228140, -71.2071460, 0, 30.6200, 32.4800, 0.0500, 243.9300
ATT: 1514, 5044, 2077
GPS: 325087000, 1, 7, 42.6228140, -71.2071460, 0, 30.6200, 32.4800, 0.0500, 243.9300
ATT: 1515, 5045, 2081
GPS: 325087000, 1, 7, 42.6228140, -71.2071460, 0, 30.6200, 32.4800, 0.0500, 243.9300
ATT: 1513, 5048, 2074
GPS: 325087000, 1, 7, 42.6228140, -71.2071460, 0, 30.6200, 32.4800, 0.0500, 243.9300
ATT: 1510, 5053, 2063
GPS: 325087000, 1, 7, 42.6228140, -71.2071460, 0, 30.4500, 32.4800, 0.0500, 243.9300
ATT: 1507, 5050, 2063
GPS: 325087000, 1, 7, 42.6228140, -71.2071460, 0, 30.3600, 32.4800, 0.0500, 243.9300
ATT: 1424, 5001, 2025
GPS: 325087000, 1, 7, 42.6228140, -71.2071460, 0, 30.3600, 32.4800, 0.0500, 243.9300
ATT: 1364, 4951, 2019
GPS: 325087000, 1, 7, 42.6228140, -71.2071460, 0, 30.3600, 32.4800, 0.0500, 243.9300
ATT: 1457, 5041, 2041
GPS: 325087000, 1, 7, 42.6228140, -71.2071460, 0, 30.2800, 32.4800, 0.0500, 243.9300
ATT: 1476, 5046, 2053
GPS: 325088000, 1, 8, 42.6228100, -71.2071460, 0, 30.2800, 32.6400, 0.0500, 243.9300
ATT: 1477, 5039, 2060
GPS: 325088000, 1, 8, 42.6228100, -71.2071460, 0, 30.2800, 32.6400, 0.0500, 243.9300
ATT: 1470, 5027, 2056
GPS: 325088000, 1, 8, 42.6228100, -71.2071460, 0, 30.2800, 32.6400, 0.0500, 243.9300
ATT: 1457, 5009, 2051
GPS: 325088000, 1, 8, 42.6228100, -71.2071460, 0, 30.2800, 32.6400, 0.0500, 243.9300
ATT: 1458, 4994, 2058
GPS: 325088000, 1, 8, 42.6228100, -71.2071460, 0, 30.2800, 32.6400, 0.0500, 243.9300
ATT: 1454, 4987, 2054
GPS: 325088000, 1, 8, 42.6228100, -71.2071460, 0, 30.2800, 32.6400, 0.0500, 243.9300
ATT: 1447, 4973, 2030
GPS: 325088000, 1, 8, 42.6228100, -71.2071460, 0, 30.2800, 32.6400, 0.0500, 243.9300
ATT: 1414, 4948, 2001
GPS: 325088000, 1, 8, 42.6228100, -71.2071460, 0, 30.2800, 32.6400, 0.0500, 243.9300
ATT: 1214, 4822, 1893
GPS: 325088000, 1, 8, 42.6228100, -71.2071460, 0, 30.2800, 32.6400, 0.0500, 243.9300
ATT: 1060, 4629, 1775
GPS: 325089000, 1, 8, 42.6228100, -71.2071460, 0, 30.1900, 32.7700, 0.0600, 243.9300
ATT: 445, 4251, 1369
GPS: 325089000, 1, 8, 42.6228100, -71.2071460, 0, 30.1900, 32.7700, 0.0600, 243.9300
ATT: -203, 3769, 1059
GPS: 325089000, 1, 8, 42.6228100, -71.2071460, 0, 30.0200, 32.7700, 0.0600, 243.9300
ATT: -146, 3511, 1084
GPS: 325089000, 1, 8, 42.6228100, -71.2071460, 0, 29.9400, 32.7700, 0.0600, 243.9300
ATT: -236, 3255, 1021
GPS: 325089000, 1, 8, 42.6228100, -71.2071460, 0, 30.0200, 32.7700, 0.0600, 243.9300
ATT: -390, 2572, 1015
GPS: 325089000, 1, 8, 42.6228100, -71.2071460, 0, 30.1100, 32.7700, 0.0600, 243.9300
ATT: -77, 1490, 1177
GPS: 325089000, 1, 8, 42.6228100, -71.2071460, 0, 30.1100, 32.7700, 0.0600, 243.9300
ATT: 53, 79, 1023
GPS: 325089000, 1, 8, 42.6228100, -71.2071460, 0, 30.1100, 32.7700, 0.0600, 243.9300
