Dumping Log 7,    start pg 1211,   end pg 1280

ArduPlane V2.33
Free RAM: 3417
GROUND START -  4 commands in memory
CMD:0,16,0,4514,426227702,-712071067, 
CMD:1,16,0,10000,426235616,-712060672, 
CMD:2,16,0,9900,426242016,-712065600, 
CMD:3,16,0,9900,426237920,-712078784, 
CMD:4,18,2,9900,426234528,-712076736, 
MOD:Manual
ATT: -39, -52, 34
GPS: 148277000, 1, 10, 42.6232870, -71.2072220, 0, -0.2600, 42.2300, 0.0200, 0.0000
ATT: -34, -46, 35
GPS: 148277000, 1, 10, 42.6232870, -71.2072220, 0, 1.1500, 42.2300, 0.0200, 0.0000
ATT: -29, -40, 35
GPS: 148277000, 1, 10, 42.6232870, -71.2072220, 0, 2.1300, 42.2300, 0.0200, 0.0000
ATT: -25, -35, 37
GPS: 148277000, 1, 10, 42.6232870, -71.2072220, 0, 2.6700, 42.2300, 0.0200, 0.0000
ATT: -21, -30, 37
GPS: 148277000, 1, 10, 42.6232870, -71.2072220, 0, 3.0300, 42.2300, 0.0200, 0.0000
ATT: -17, -26, 38
GPS: 148277000, 1, 10, 42.6232870, -71.2072220, 0, 2.7600, 42.2300, 0.0200, 0.0000
ATT: -15, -22, 39
GPS: 148277000, 1, 10, 42.6232870, -71.2072220, 0, 2.5800, 42.2300, 0.0200, 0.0000
ATT: -12, -19, 39
GPS: 148277000, 1, 10, 42.6232870, -71.2072220, 0, 1.9600, 42.2300, 0.0200, 0.0000
ATT: -10, -17, 40
GPS: 148277000, 1, 10, 42.6232870, -71.2072220, 0, 1.5100, 42.2300, 0.0200, 0.0000
ATT: -8, -15, 41
GPS: 148277000, 1, 10, 42.6232870, -71.2072220, 0, 0.9800, 42.2300, 0.0200, 0.0000
ATT: -6, -12, 41
GPS: 148277000, 1, 10, 42.6232870, -71.2072220, 0, 0.5300, 42.2300, 0.0200, 0.0000
ATT: -4, -10, 42
GPS: 148277000, 1, 10, 42.6232870, -71.2072220, 0, 0.2600, 42.2300, 0.0200, 0.0000
ATT: -3, -9, 42
GPS: 148277000, 1, 10, 42.6232870, -71.2072220, 0, 0.0800, 42.2300, 0.0200, 0.0000
ATT: -3, -8, 43
GPS: 148277000, 1, 10, 42.6232870, -71.2072220, 0, 0.0000, 42.2300, 0.0200, 0.0000
ATT: -3, -6, 44
GPS: 148277000, 1, 10, 42.6232870, -71.2072220, 0, -0.0800, 42.2300, 0.0200, 0.0000
ATT: -2, -4, 45
GPS: 148277000, 1, 10, 42.6232870, -71.2072220, 0, -0.0800, 42.2300, 0.0200, 0.0000
ATT: -1, -2, 45
GPS: 148277000, 1, 10, 42.6232870, -71.2072220, 0, -0.0800, 42.2300, 0.0200, 0.0000
ATT: -1, -1, 46
GPS: 148277000, 1, 10, 42.6232870, -71.2072220, 0, -0.0800, 42.2300, 0.0200, 0.0000
ATT: -1, -1, 46
GPS: 148277000, 1, 10, 42.6232870, -71.2072220, 0, -0.0800, 42.2300, 0.0200, 0.0000
ATT: 0, 0, 47
GPS: 148277000, 1, 10, 42.6232870, -71.2072220, 0, -0.0800, 42.2300, 0.0200, 0.0000
ATT: -1, 0, 47
GPS: 148281000, 1, 10, 42.6232870, -71.2072220, 0, -0.0800, 42.3000, 0.0200, 0.0000
ATT: -1, 0, 48
GPS: 148281000, 1, 10, 42.6232870, -71.2072220, 0, -0.0800, 42.3000, 0.0200, 0.0000
ATT: -1, 0, 49
GPS: 148281000, 1, 10, 42.6232870, -71.2072220, 0, -0.0800, 42.3000, 0.0200, 0.0000
ATT: -1, 0, 50
GPS: 148281000, 1, 10, 42.6232870, -71.2072220, 0, -0.1700, 42.3000, 0.0200, 0.0000
ATT: -1, 0, 51
GPS: 148281000, 1, 10, 42.6232870, -71.2072220, 0, -0.1700, 42.3000, 0.0200, 0.0000
ATT: -4, 0, 51
GPS: 148281000, 1, 10, 42.6232870, -71.2072220, 0, 0.0000, 42.3000, 0.0200, 0.0000
ATT: -4, 0, 52
GPS: 148281000, 1, 10, 42.6232870, -71.2072220, 0, 0.0800, 42.3000, 0.0200, 0.0000
ATT: -3, 1, 53
GPS: 148281000, 1, 10, 42.6232870, -71.2072220, 0, 0.1700, 42.3000, 0.0200, 0.0000
PM:20012,139,90,0,0,0,0,2,1,2,2,0,0, 
ATT: -3, 1, 54
GPS: 148281000, 1, 10, 42.6232870, -71.2072220, 0, 0.1700, 42.3000, 0.0200, 0.0000
ATT: -3, 1, 54
GPS: 148281000, 1, 10, 42.6232870, -71.2072220, 0, 0.0800, 42.3000, 0.0200, 0.0000
ATT: -3, 2, 55
GPS: 148282000, 1, 10, 42.6232870, -71.2072220, 0, 0.0000, 42.3400, 0.0200, 0.0000
ATT: -3, 2, 56
GPS: 148282000, 1, 10, 42.6232870, -71.2072220, 0, 0.0800, 42.3400, 0.0200, 0.0000
ATT: -2, 1, 57
GPS: 148282000, 1, 10, 42.6232870, -71.2072220, 0, 0.1700, 42.3400, 0.0200, 0.0000
ATT: -2, 1, 58
GPS: 148282000, 1, 10, 42.6232870, -71.2072220, 0, 0.1700, 42.3400, 0.0200, 0.0000
ATT: -2, 1, 59
GPS: 148282000, 1, 10, 42.6232870, -71.2072220, 0, 0.1700, 42.3400, 0.0200, 0.0000
ATT: 0, 1, 60
GPS: 148282000, 1, 10, 42.6232870, -71.2072220, 0, 0.0800, 42.3400, 0.0200, 0.0000
ATT: -1, 1, 60
GPS: 148282000, 1, 10, 42.6232870, -71.2072220, 0, 0.0000, 42.3400, 0.0200, 0.0000
ATT: -2, 1, 60
GPS: 148282000, 1, 10, 42.6232870, -71.2072220, 0, 0.0000, 42.3400, 0.0200, 0.0000
ATT: -1, 1, 61
GPS: 148282000, 1, 10, 42.6232870, -71.2072220, 0, 0.0000, 42.3400, 0.0200, 0.0000
ATT: -2, 1, 61
GPS: 148282000, 1, 10, 42.6232870, -71.2072220, 0, 0.0000, 42.3400, 0.0200, 0.0000
ATT: -2, 1, 62
GPS: 148283000, 1, 10, 42.6232870, -71.2072220, 0, 0.0000, 42.3700, 0.0200, 0.0000
ATT: -1, 1, 62
GPS: 148283000, 1, 10, 42.6232870, -71.2072220, 0, -0.0800, 42.3700, 0.0200, 0.0000
ATT: -2, 1, 63
GPS: 148283000, 1, 10, 42.6232870, -71.2072220, 0, -0.1700, 42.3700, 0.0200, 0.0000
ATT: -1, 1, 63
GPS: 148283000, 1, 10, 42.6232870, -71.2072220, 0, -0.3500, 42.3700, 0.0200, 0.0000
ATT: 0, 1, 64
GPS: 148283000, 1, 10, 42.6232870, -71.2072220, 0, -0.4400, 42.3700, 0.0200, 0.0000
ATT: 0, 1, 64
GPS: 148283000, 1, 10, 42.6232870, -71.2072220, 0, -0.4400, 42.3700, 0.0200, 0.0000
ATT: 0, 2, 64
GPS: 148283000, 1, 10, 42.6232870, -71.2072220, 0, -0.4400, 42.3700, 0.0200, 0.0000
ATT: 0, 2, 64
GPS: 148283000, 1, 10, 42.6232870, -71.2072220, 0, -0.4400, 42.3700, 0.0200, 0.0000
ATT: 0, 2, 65
GPS: 148283000, 1, 10, 42.6232870, -71.2072220, 0, -0.4400, 42.3700, 0.0200, 0.0000
ATT: -1, 3, 66
GPS: 148283000, 1, 10, 42.6232870, -71.2072220, 0, -0.4400, 42.3700, 0.0200, 0.0000
ATT: -2, 2, 66
GPS: 148284000, 1, 10, 42.6232870, -71.2072220, 0, 41.9700, 42.4100, 0.0300, 0.0000
ATT: -2, 1, 67
GPS: 148284000, 1, 10, 42.6232870, -71.2072220, 0, 41.8800, 42.4100, 0.0300, 0.0000
ATT: -1, 1, 68
GPS: 148284000, 1, 10, 42.6232870, -71.2072220, 0, 41.8800, 42.4100, 0.0300, 0.0000
ATT: -1, 1, 68
GPS: 148284000, 1, 10, 42.6232870, -71.2072220, 0, 41.9700, 42.4100, 0.0300, 0.0000
ATT: 0, 2, 69
GPS: 148284000, 1, 10, 42.6232870, -71.2072220, 0, 41.9700, 42.4100, 0.0300, 0.0000
ATT: 0, 1, 69
GPS: 148284000, 1, 10, 42.6232870, -71.2072220, 0, 42.0600, 42.4100, 0.0300, 0.0000
ATT: 0, 1, 70
GPS: 148284000, 1, 10, 42.6232870, -71.2072220, 0, 42.0600, 42.4100, 0.0300, 0.0000
ATT: 0, 1, 70
GPS: 148284000, 1, 10, 42.6232870, -71.2072220, 0, 42.1500, 42.4100, 0.0300, 0.0000
ATT: 2, 0, 67
GPS: 148284000, 1, 10, 42.6232870, -71.2072220, 0, 42.1500, 42.4100, 0.0300, 0.0000
ATT: 112, -22, 81
GPS: 148284000, 1, 10, 42.6232870, -71.2072220, 0, 42.0600, 42.4100, 0.0300, 0.0000
ATT: 448, -107, 87
GPS: 148285000, 1, 10, 42.6232830, -71.2072220, 0, 41.9700, 42.6400, 0.0600, 0.0000
ATT: 723, 37, 139
GPS: 148285000, 1, 10, 42.6232830, -71.2072220, 0, 41.8800, 42.6400, 0.0600, 0.0000
ATT: 1186, 358, 337
GPS: 148285000, 1, 10, 42.6232830, -71.2072220, 0, 41.8800, 42.6400, 0.0600, 0.0000
ATT: 1605, 697, 731
GPS: 148285000, 1, 10, 42.6232830, -71.2072220, 0, 41.9700, 42.6400, 0.0600, 0.0000
ATT: 1965, 885, 1092
GPS: 148285000, 1, 10, 42.6232830, -71.2072220, 0, 42.0600, 42.6400, 0.0600, 0.0000
ATT: 2147, 882, 1402
GPS: 148285000, 1, 10, 42.6232830, -71.2072220, 0, 42.0600, 42.6400, 0.0600, 0.0000
ATT: 1968, 680, 1761
GPS: 148285000, 1, 10, 42.6232830, -71.2072220, 0, 42.0600, 42.6400, 0.0600, 0.0000
ATT: 1442, 368, 2183
GPS: 148285000, 1, 10, 42.6232830, -71.2072220, 0, 42.2400, 42.6400, 0.0600, 0.0000
ATT: 853, 111, 2590
GPS: 148285000, 1, 10, 42.6232830, -71.2072220, 0, 42.4100, 42.6400, 0.0600, 0.0000
ATT: 129, -385, 2993
GPS: 148285000, 1, 10, 42.6232830, -71.2072220, 0, 42.4100, 42.6400, 0.0600, 0.0000
ATT: -532, -1331, 3332
GPS: 148286000, 1, 10, 42.6232830, -71.2072220, 0, 42.4100, 42.9900, 0.2800, 0.0000
ATT: -867, -2409, 3625
GPS: 148286000, 1, 10, 42.6232830, -71.2072220, 0, 42.6700, 42.9900, 0.2800, 0.0000
ATT: -1061, -2913, 3880
GPS: 148286000, 1, 10, 42.6232830, -71.2072220, 0, 42.8500, 42.9900, 0.2800, 0.0000
ATT: -793, -3077, 4049
GPS: 148286000, 1, 10, 42.6232830, -71.2072220, 0, 42.7600, 42.9900, 0.2800, 0.0000
ATT: -494, -3029, 3985
GPS: 148286000, 1, 10, 42.6232830, -71.2072220, 0, 42.6700, 42.9900, 0.2800, 0.0000
ATT: -304, -2911, 3697
GPS: 148286000, 1, 10, 42.6232830, -71.2072220, 0, 42.4900, 42.9900, 0.2800, 0.0000
ATT: -229, -2724, 3186
GPS: 148286000, 1, 10, 42.6232830, -71.2072220, 0, 42.4100, 42.9900, 0.2800, 0.0000
ATT: -487, -2468, 2668
GPS: 148286000, 1, 10, 42.6232830, -71.2072220, 0, 42.4100, 42.9900, 0.2800, 0.0000
ATT: -1115, -2169, 2506
GPS: 148286000, 1, 10, 42.6232830, -71.2072220, 0, 42.4100, 42.9900, 0.2800, 0.0000
ATT: -1682, -1610, 2586
GPS: 148286000, 1, 10, 42.6232830, -71.2072220, 0, 42.4100, 42.9900, 0.2800, 0.0000
ATT: -1787, -1022, 2555
GPS: 148287000, 1, 10, 42.6232760, -71.2072140, 0, 42.4100, 43.4200, 1.2100, 131.1700
ATT: -1790, -531, 2395
GPS: 148287000, 1, 10, 42.6232760, -71.2072140, 0, 42.5800, 43.4200, 1.2100, 131.1700
ATT: -1873, -250, 2123
GPS: 148287000, 1, 10, 42.6232760, -71.2072140, 0, 42.7600, 43.4200, 1.2100, 131.1700
ATT: -2151, -260, 1753
GPS: 148287000, 1, 10, 42.6232760, -71.2072140, 0, 42.8500, 43.4200, 1.2100, 131.1700
ATT: -2292, -431, 1420
GPS: 148287000, 1, 10, 42.6232760, -71.2072140, 0, 42.9400, 43.4200, 1.2100, 131.1700
ATT: -2590, -479, 1293
GPS: 148287000, 1, 10, 42.6232760, -71.2072140, 0, 43.1200, 43.4200, 1.2100, 131.1700
ATT: -2976, -319, 1349
GPS: 148287000, 1, 10, 42.6232760, -71.2072140, 0, 43.2100, 43.4200, 1.2100, 131.1700
ATT: -3220, -143, 1461
GPS: 148287000, 1, 10, 42.6232760, -71.2072140, 0, 43.2100, 43.4200, 1.2100, 131.1700
ATT: -3278, -52, 1585
GPS: 148287000, 1, 10, 42.6232760, -71.2072140, 0, 43.2100, 43.4200, 1.2100, 131.1700
ATT: -3248, -20, 1661
GPS: 148287000, 1, 10, 42.6232760, -71.2072140, 0, 43.1200, 43.4200, 1.2100, 131.1700
ATT: -3314, -49, 1701
GPS: 148288000, 1, 10, 42.6232720, -71.2071990, 0, 43.0300, 43.5700, 1.4500, 124.1600
ATT: -3311, -260, 1844
GPS: 148288000, 1, 10, 42.6232720, -71.2071990, 0, 43.0300, 43.5700, 1.4500, 124.1600
ATT: -3300, -521, 2027
GPS: 148288000, 1, 10, 42.6232720, -71.2071990, 0, 43.0300, 43.5700, 1.4500, 124.1600
ATT: -3649, -719, 2257
GPS: 148288000, 1, 10, 42.6232720, -71.2071990, 0, 43.1200, 43.5700, 1.4500, 124.1600
ATT: -4139, -798, 2380
GPS: 148288000, 1, 10, 42.6232720, -71.2071990, 0, 43.2100, 43.5700, 1.4500, 124.1600
ATT: -4528, -867, 2460
GPS: 148288000, 1, 10, 42.6232720, -71.2071990, 0, 43.3000, 43.5700, 1.4500, 124.1600
ATT: -4434, -940, 2649
GPS: 148288000, 1, 10, 42.6232720, -71.2071990, 0, 43.3900, 43.5700, 1.4500, 124.1600
ATT: -4020, -915, 2875
GPS: 148288000, 1, 10, 42.6232720, -71.2071990, 0, 43.3000, 43.5700, 1.4500, 124.1600
ATT: -3626, -831, 3051
GPS: 148288000, 1, 10, 42.6232720, -71.2071990, 0, 43.3000, 43.5700, 1.4500, 124.1600
ATT: -3701, -638, 3207
GPS: 148288000, 1, 10, 42.6232720, -71.2071990, 0, 43.2100, 43.5700, 1.4500, 124.1600
ATT: -4008, -332, 3298
GPS: 148289000, 1, 10, 42.6232600, -71.2071840, 0, 43.2100, 43.7400, 1.8500, 144.0600
ATT: -4172, -165, 3451
GPS: 148289000, 1, 10, 42.6232600, -71.2071840, 0, 43.2100, 43.7400, 1.8500, 144.0600
ATT: -4092, -186, 3749
GPS: 148289000, 1, 10, 42.6232600, -71.2071840, 0, 43.2100, 43.7400, 1.8500, 144.0600
ATT: -3981, -219, 4071
GPS: 148289000, 1, 10, 42.6232600, -71.2071840, 0, 43.3000, 43.7400, 1.8500, 144.0600
ATT: -3957, -249, 4397
GPS: 148289000, 1, 10, 42.6232600, -71.2071840, 0, 43.3000, 43.7400, 1.8500, 144.0600
ATT: -4020, -133, 4703
GPS: 148289000, 1, 10, 42.6232600, -71.2071840, 0, 43.3000, 43.7400, 1.8500, 144.0600
ATT: -4111, 22, 5009
GPS: 148289000, 1, 10, 42.6232600, -71.2071840, 0, 43.3000, 43.7400, 1.8500, 144.0600
ATT: -4131, -122, 5235
GPS: 148289000, 1, 10, 42.6232600, -71.2071840, 0, 43.3000, 43.7400, 1.8500, 144.0600
ATT: -4073, -898, 5483
GPS: 148289000, 1, 10, 42.6232600, -71.2071840, 0, 43.3000, 43.7400, 1.8500, 144.0600
ATT: -4101, -1824, 5726
GPS: 148289000, 1, 10, 42.6232600, -71.2071840, 0, 43.3900, 43.7400, 1.8500, 144.0600
ATT: -4031, -2237, 5823
GPS: 148290000, 1, 10, 42.6232450, -71.2071760, 0, 43.3900, 43.8800, 1.6600, 154.4600
ATT: -4063, -1795, 5757
GPS: 148290000, 1, 10, 42.6232450, -71.2071760, 0, 43.3000, 43.8800, 1.6600, 154.4600
ATT: -3885, -773, 5509
GPS: 148290000, 1, 10, 42.6232450, -71.2071760, 0, 43.3000, 43.8800, 1.6600, 154.4600
ATT: -3555, 248, 5304
GPS: 148290000, 1, 10, 42.6232450, -71.2071760, 0, 43.4700, 43.8800, 1.6600, 154.4600
ATT: -3118, 886, 5412
GPS: 148290000, 1, 10, 42.6232450, -71.2071760, 0, 43.5600, 43.8800, 1.6600, 154.4600
ATT: -2622, 1100, 5682
GPS: 148290000, 1, 10, 42.6232450, -71.2071760, 0, 43.3900, 43.8800, 1.6600, 154.4600
ATT: -2155, 952, 5896
GPS: 148290000, 1, 10, 42.6232450, -71.2071760, 0, 43.2100, 43.8800, 1.6600, 154.4600
ATT: -1826, 662, 6068
GPS: 148290000, 1, 10, 42.6232450, -71.2071760, 0, 43.3900, 43.8800, 1.6600, 154.4600
ATT: -1559, 536, 6256
GPS: 148290000, 1, 10, 42.6232450, -71.2071760, 0, 43.4700, 43.8800, 1.6600, 154.4600
ATT: -1235, 483, 6492
GPS: 148290000, 1, 10, 42.6232450, -71.2071760, 0, 43.4700, 43.8800, 1.6600, 154.4600
ATT: -999, 573, 6681
GPS: 148291000, 1, 10, 42.6232340, -71.2071690, 0, 43.4700, 44.0900, 1.6200, 151.1600
ATT: -984, 842, 6814
GPS: 148291000, 1, 10, 42.6232340, -71.2071690, 0, 43.3900, 44.0900, 1.6200, 151.1600
ATT: -1147, 1018, 6901
GPS: 148291000, 1, 10, 42.6232340, -71.2071690, 0, 43.3900, 44.0900, 1.6200, 151.1600
ATT: -1151, 791, 6958
GPS: 148291000, 1, 10, 42.6232340, -71.2071690, 0, 43.3900, 44.0900, 1.6200, 151.1600
ATT: -1009, 564, 7035
GPS: 148291000, 1, 10, 42.6232340, -71.2071690, 0, 43.3900, 44.0900, 1.6200, 151.1600
ATT: -999, 489, 7019
GPS: 148291000, 1, 10, 42.6232340, -71.2071690, 0, 43.3900, 44.0900, 1.6200, 151.1600
ATT: -1044, 481, 6954
GPS: 148291000, 1, 10, 42.6232340, -71.2071690, 0, 43.3900, 44.0900, 1.6200, 151.1600
ATT: -1055, 564, 6803
GPS: 148291000, 1, 10, 42.6232340, -71.2071690, 0, 43.3900, 44.0900, 1.6200, 151.1600
ATT: -962, 422, 6709
GPS: 148291000, 1, 10, 42.6232340, -71.2071690, 0, 43.3900, 44.0900, 1.6200, 151.1600
ATT: -809, 199, 6668
GPS: 148291000, 1, 10, 42.6232340, -71.2071690, 0, 43.3900, 44.0900, 1.6200, 151.1600
ATT: -632, -85, 6739
GPS: 148292000, 1, 10, 42.6232190, -71.2071530, 0, 43.3900, 44.3400, 1.5500, 146.0800
ATT: -464, -360, 6983
GPS: 148292000, 1, 10, 42.6232190, -71.2071530, 0, 43.3900, 44.3400, 1.5500, 146.0800
ATT: -531, -588, 7298
GPS: 148292000, 1, 10, 42.6232190, -71.2071530, 0, 43.3900, 44.3400, 1.5500, 146.0800
ATT: -381, -652, 7647
GPS: 148292000, 1, 10, 42.6232190, -71.2071530, 0, 43.3000, 44.3400, 1.5500, 146.0800
ATT: -574, -808, 7823
GPS: 148292000, 1, 10, 42.6232190, -71.2071530, 0, 43.2100, 44.3400, 1.5500, 146.0800
ATT: -762, -977, 7806
GPS: 148292000, 1, 10, 42.6232190, -71.2071530, 0, 43.3000, 44.3400, 1.5500, 146.0800
ATT: -967, -976, 7607
GPS: 148292000, 1, 10, 42.6232190, -71.2071530, 0, 43.3000, 44.3400, 1.5500, 146.0800
ATT: -1206, -997, 7453
GPS: 148292000, 1, 10, 42.6232190, -71.2071530, 0, 43.3000, 44.3400, 1.5500, 146.0800
ATT: -1339, -981, 7341
GPS: 148292000, 1, 10, 42.6232190, -71.2071530, 0, 43.3000, 44.3400, 1.5500, 146.0800
ATT: -1369, -1037, 7291
GPS: 148292000, 1, 10, 42.6232190, -71.2071530, 0, 43.2100, 44.3400, 1.5500, 146.0800
ATT: -1347, -1160, 7283
GPS: 148293000, 1, 10, 42.6232110, -71.2071460, 0, 43.1200, 44.5000, 1.3900, 151.5600
ATT: -1196, -1237, 7325
GPS: 148293000, 1, 10, 42.6232110, -71.2071460, 0, 42.9400, 44.5000, 1.3900, 151.5600
ATT: -1262, -1068, 7463
GPS: 148293000, 1, 10, 42.6232110, -71.2071460, 0, 42.7600, 44.5000, 1.3900, 151.5600
ATT: -1258, -965, 7773
GPS: 148293000, 1, 10, 42.6232110, -71.2071460, 0, 42.7600, 44.5000, 1.3900, 151.5600
ATT: -1374, -938, 8062
GPS: 148293000, 1, 10, 42.6232110, -71.2071460, 0, 42.7600, 44.5000, 1.3900, 151.5600
ATT: -1266, -1042, 8192
GPS: 148293000, 1, 10, 42.6232110, -71.2071460, 0, 42.8500, 44.5000, 1.3900, 151.5600
ATT: -1044, -1101, 8224
GPS: 148293000, 1, 10, 42.6232110, -71.2071460, 0, 42.9400, 44.5000, 1.3900, 151.5600
ATT: -1141, -961, 8022
GPS: 148293000, 1, 10, 42.6232110, -71.2071460, 0, 42.9400, 44.5000, 1.3900, 151.5600
ATT: -1290, -826, 7983
GPS: 148293000, 1, 10, 42.6232110, -71.2071460, 0, 42.9400, 44.5000, 1.3900, 151.5600
ATT: -1512, -682, 7947
GPS: 148293000, 1, 10, 42.6232110, -71.2071460, 0, 42.6700, 44.5000, 1.3900, 151.5600
ATT: -1280, -721, 7939
GPS: 148294000, 1, 10, 42.6231960, -71.2071380, 0, 42.4900, 44.6400, 1.2600, 155.7700
ATT: -1117, -855, 8054
GPS: 148294000, 1, 10, 42.6231960, -71.2071380, 0, 42.7600, 44.6400, 1.2600, 155.7700
ATT: -887, -1017, 8107
GPS: 148294000, 1, 10, 42.6231960, -71.2071380, 0, 43.0300, 44.6400, 1.2600, 155.7700
ATT: -901, -991, 8263
GPS: 148294000, 1, 10, 42.6231960, -71.2071380, 0, 42.8500, 44.6400, 1.2600, 155.7700
ATT: -1023, -816, 8419
GPS: 148294000, 1, 10, 42.6231960, -71.2071380, 0, 42.7600, 44.6400, 1.2600, 155.7700
ATT: -931, -595, 8619
GPS: 148294000, 1, 10, 42.6231960, -71.2071380, 0, 42.7600, 44.6400, 1.2600, 155.7700
ATT: -843, -437, 8768
GPS: 148294000, 1, 10, 42.6231960, -71.2071380, 0, 42.7600, 44.6400, 1.2600, 155.7700
ATT: -674, -408, 8855
GPS: 148294000, 1, 10, 42.6231960, -71.2071380, 0, 42.9400, 44.6400, 1.2600, 155.7700
ATT: -797, -431, 8814
GPS: 148294000, 1, 10, 42.6231960, -71.2071380, 0, 43.1200, 44.6400, 1.2600, 155.7700
ATT: -884, -445, 8660
GPS: 148294000, 1, 10, 42.6231960, -71.2071380, 0, 43.2100, 44.6400, 1.2600, 155.7700
ATT: -964, -308, 8558
GPS: 148295000, 1, 10, 42.6231880, -71.2071300, 0, 43.2100, 44.8000, 1.0600, 149.6600
ATT: -941, -192, 8748
GPS: 148295000, 1, 10, 42.6231880, -71.2071300, 0, 43.2100, 44.8000, 1.0600, 149.6600
ATT: -892, -134, 8547
GPS: 148295000, 1, 10, 42.6231880, -71.2071300, 0, 43.2100, 44.8000, 1.0600, 149.6600
ATT: -1120, -238, 8494
GPS: 148295000, 1, 10, 42.6231880, -71.2071300, 0, 43.0300, 44.8000, 1.0600, 149.6600
ATT: -1189, -365, 8436
GPS: 148295000, 1, 10, 42.6231880, -71.2071300, 0, 42.9400, 44.8000, 1.0600, 149.6600
ATT: -1142, -538, 8504
GPS: 148295000, 1, 10, 42.6231880, -71.2071300, 0, 42.9400, 44.8000, 1.0600, 149.6600
ATT: -974, -609, 8698
GPS: 148295000, 1, 10, 42.6231880, -71.2071300, 0, 42.9400, 44.8000, 1.0600, 149.6600
ATT: -810, -540, 8927
GPS: 148295000, 1, 10, 42.6231880, -71.2071300, 0, 42.9400, 44.8000, 1.0600, 149.6600
ATT: -787, -409, 9143
GPS: 148295000, 1, 10, 42.6231880, -71.2071300, 0, 42.9400, 44.8000, 1.0600, 149.6600
ATT: -621, -371, 9243
GPS: 148295000, 1, 10, 42.6231880, -71.2071300, 0, 42.7600, 44.8000, 1.0600, 149.6600
ATT: -240, -453, 9218
GPS: 148296000, 1, 10, 42.6231800, -71.2071230, 0, 42.6700, 44.8800, 0.9400, 150.4400
ATT: -407, -588, 9125
GPS: 148296000, 1, 10, 42.6231800, -71.2071230, 0, 42.6700, 44.8800, 0.9400, 150.4400
ATT: -601, -697, 8939
GPS: 148296000, 1, 10, 42.6231800, -71.2071230, 0, 42.6700, 44.8800, 0.9400, 150.4400
ATT: -744, -659, 8718
GPS: 148296000, 1, 10, 42.6231800, -71.2071230, 0, 42.9400, 44.8800, 0.9400, 150.4400
ATT: -823, -617, 8619
GPS: 148296000, 1, 10, 42.6231800, -71.2071230, 0, 43.1200, 44.8800, 0.9400, 150.4400
ATT: -873, -696, 8600
GPS: 148296000, 1, 10, 42.6231800, -71.2071230, 0, 43.3000, 44.8800, 0.9400, 150.4400
ATT: -746, -796, 8629
GPS: 148296000, 1, 10, 42.6231800, -71.2071230, 0, 43.3900, 44.8800, 0.9400, 150.4400
ATT: -674, -848, 8667
GPS: 148296000, 1, 10, 42.6231800, -71.2071230, 0, 43.3000, 44.8800, 0.9400, 150.4400
ATT: -714, -740, 8777
GPS: 148296000, 1, 10, 42.6231800, -71.2071230, 0, 43.3000, 44.8800, 0.9400, 150.4400
ATT: -707, -589, 9022
GPS: 148296000, 1, 10, 42.6231800, -71.2071230, 0, 43.1200, 44.8800, 0.9400, 150.4400
ATT: -823, -425, 9298
GPS: 148297000, 1, 10, 42.6231730, -71.2071150, 0, 42.9400, 45.0300, 1.1700, 143.3300
ATT: -845, -382, 9408
GPS: 148297000, 1, 10, 42.6231730, -71.2071150, 0, 43.1200, 45.0300, 1.1700, 143.3300
ATT: -852, -465, 9423
GPS: 148297000, 1, 10, 42.6231730, -71.2071150, 0, 43.3000, 45.0300, 1.1700, 143.3300
ATT: -906, -572, 9342
GPS: 148297000, 1, 10, 42.6231730, -71.2071150, 0, 43.3000, 45.0300, 1.1700, 143.3300
ATT: -953, -641, 9259
GPS: 148297000, 1, 10, 42.6231730, -71.2071150, 0, 43.3000, 45.0300, 1.1700, 143.3300
ATT: -956, -595, 9205
GPS: 148297000, 1, 10, 42.6231730, -71.2071150, 0, 43.2100, 45.0300, 1.1700, 143.3300
ATT: -942, -511, 9224
GPS: 148297000, 1, 10, 42.6231730, -71.2071150, 0, 43.1200, 45.0300, 1.1700, 143.3300
ATT: -886, -521, 9290
GPS: 148297000, 1, 10, 42.6231730, -71.2071150, 0, 43.0300, 45.0300, 1.1700, 143.3300
ATT: -775, -597, 9365
GPS: 148297000, 1, 10, 42.6231730, -71.2071150, 0, 43.0300, 45.0300, 1.1700, 143.3300
ATT: -497, -622, 9500
GPS: 148297000, 1, 10, 42.6231730, -71.2071150, 0, 43.0300, 45.0300, 1.1700, 143.3300
ATT: -121, -584, 9637
GPS: 148298000, 1, 10, 42.6231650, -71.2071080, 0, 43.0300, 45.0700, 1.1500, 145.0600
ATT: 35, -593, 9885
GPS: 148298000, 1, 10, 42.6231650, -71.2071080, 0, 43.0300, 45.0700, 1.1500, 145.0600
ATT: 169, -590, 10093
GPS: 148298000, 1, 10, 42.6231650, -71.2071080, 0, 43.0300, 45.0700, 1.1500, 145.0600
ATT: 249, -698, 10174
GPS: 148298000, 1, 10, 42.6231650, -71.2071080, 0, 43.1200, 45.0700, 1.1500, 145.0600
ATT: 293, -858, 10131
GPS: 148298000, 1, 10, 42.6231650, -71.2071080, 0, 43.2100, 45.0700, 1.1500, 145.0600
ATT: 179, -1015, 9931
GPS: 148298000, 1, 10, 42.6231650, -71.2071080, 0, 43.2100, 45.0700, 1.1500, 145.0600
ATT: -105, -1004, 9639
GPS: 148298000, 1, 10, 42.6231650, -71.2071080, 0, 43.2100, 45.0700, 1.1500, 145.0600
ATT: -387, -980, 9446
GPS: 148298000, 1, 10, 42.6231650, -71.2071080, 0, 43.2100, 45.0700, 1.1500, 145.0600
ATT: -577, -1054, 9308
GPS: 148298000, 1, 10, 42.6231650, -71.2071080, 0, 43.2100, 45.0700, 1.1500, 145.0600
ATT: -576, -1183, 9119
GPS: 148298000, 1, 10, 42.6231650, -71.2071080, 0, 43.3000, 45.0700, 1.1500, 145.0600
ATT: -416, -1338, 9044
GPS: 148299000, 1, 10, 42.6231540, -71.2071080, 0, 43.3000, 45.1700, 1.2500, 147.6600
ATT: -614, -1351, 8857
GPS: 148299000, 1, 10, 42.6231540, -71.2071080, 0, 43.3000, 45.1700, 1.2500, 147.6600
ATT: -771, -1234, 8822
GPS: 148299000, 1, 10, 42.6231540, -71.2071080, 0, 43.3000, 45.1700, 1.2500, 147.6600
ATT: -883, -994, 8986
GPS: 148299000, 1, 10, 42.6231540, -71.2071080, 0, 43.3000, 45.1700, 1.2500, 147.6600
ATT: -821, -862, 9164
GPS: 148299000, 1, 10, 42.6231540, -71.2071080, 0, 43.3000, 45.1700, 1.2500, 147.6600
ATT: -688, -867, 9237
GPS: 148299000, 1, 10, 42.6231540, -71.2071080, 0, 43.3900, 45.1700, 1.2500, 147.6600
ATT: -760, -946, 9299
GPS: 148299000, 1, 10, 42.6231540, -71.2071080, 0, 43.3900, 45.1700, 1.2500, 147.6600
ATT: -1001, -905, 9164
GPS: 148299000, 1, 10, 42.6231540, -71.2071080, 0, 43.3900, 45.1700, 1.2500, 147.6600
ATT: -1196, -837, 9080
GPS: 148299000, 1, 10, 42.6231540, -71.2071080, 0, 43.3900, 45.1700, 1.2500, 147.6600
ATT: -1266, -732, 9085
GPS: 148300000, 1, 10, 42.6231460, -71.2070920, 0, 43.2100, 45.2700, 1.1700, 141.3600
ATT: -1266, -644, 9166
GPS: 148300000, 1, 10, 42.6231460, -71.2070920, 0, 43.1200, 45.2700, 1.1700, 141.3600
ATT: -1119, -660, 9330
GPS: 148300000, 1, 10, 42.6231460, -71.2070920, 0, 43.2100, 45.2700, 1.1700, 141.3600
ATT: -1029, -659, 9512
GPS: 148300000, 1, 10, 42.6231460, -71.2070920, 0, 43.3000, 45.2700, 1.1700, 141.3600
ATT: -1086, -553, 9687
GPS: 148300000, 1, 10, 42.6231460, -71.2070920, 0, 43.3000, 45.2700, 1.1700, 141.3600
ATT: -1069, -384, 9947
GPS: 148300000, 1, 10, 42.6231460, -71.2070920, 0, 43.3000, 45.2700, 1.1700, 141.3600
ATT: -971, -221, 10242
GPS: 148300000, 1, 10, 42.6231460, -71.2070920, 0, 43.3000, 45.2700, 1.1700, 141.3600
ATT: -781, -252, 10492
GPS: 148300000, 1, 10, 42.6231460, -71.2070920, 0, 43.3000, 45.2700, 1.1700, 141.3600
ATT: -707, -393, 10618
GPS: 148300000, 1, 10, 42.6231460, -71.2070920, 0, 43.3000, 45.2700, 1.1700, 141.3600
ATT: -833, -398, 10642
GPS: 148300000, 1, 10, 42.6231460, -71.2070920, 0, 43.3000, 45.2700, 1.1700, 141.3600
ATT: -907, -422, 10570
GPS: 148300000, 1, 10, 42.6231460, -71.2070920, 0, 43.2100, 45.2700, 1.1700, 141.3600
ATT: -940, -433, 10481
GPS: 148301000, 1, 10, 42.6231380, -71.2070850, 0, 43.2100, 45.3300, 1.2800, 144.3200
ATT: -789, -409, 10419
GPS: 148301000, 1, 10, 42.6231380, -71.2070850, 0, 43.1200, 45.3300, 1.2800, 144.3200
ATT: -782, -505, 10238
GPS: 148301000, 1, 10, 42.6231380, -71.2070850, 0, 43.1200, 45.3300, 1.2800, 144.3200
ATT: -785, -679, 10050
GPS: 148301000, 1, 10, 42.6231380, -71.2070850, 0, 43.1200, 45.3300, 1.2800, 144.3200
ATT: -833, -754, 9880
GPS: 148301000, 1, 10, 42.6231380, -71.2070850, 0, 43.1200, 45.3300, 1.2800, 144.3200
ATT: -971, -570, 9722
GPS: 148301000, 1, 10, 42.6231380, -71.2070850, 0, 43.2100, 45.3300, 1.2800, 144.3200
ATT: -1270, -268, 9557
GPS: 148301000, 1, 10, 42.6231380, -71.2070850, 0, 43.3000, 45.3300, 1.2800, 144.3200
PM:20017,999,57,0,0,0,0,20,1,4,2,0,0, 
ATT: -1523, -83, 9357
GPS: 148301000, 1, 10, 42.6231380, -71.2070850, 0, 43.3000, 45.3300, 1.2800, 144.3200
ATT: -1750, -48, 9141
GPS: 148301000, 1, 10, 42.6231380, -71.2070850, 0, 43.3000, 45.3300, 1.2800, 144.3200
ATT: -2041, 76, 8832
GPS: 148301000, 1, 10, 42.6231380, -71.2070850, 0, 43.3900, 45.3300, 1.2800, 144.3200
ATT: -2273, 162, 8479
GPS: 148302000, 1, 10, 42.6231270, -71.2070770, 0, 43.4700, 45.3300, 1.4100, 157.4500
ATT: -2367, 32, 8212
GPS: 148302000, 1, 10, 42.6231270, -71.2070770, 0, 43.4700, 45.3300, 1.4100, 157.4500
ATT: -2411, -195, 8020
GPS: 148302000, 1, 10, 42.6231270, -71.2070770, 0, 43.4700, 45.3300, 1.4100, 157.4500
ATT: -2339, -542, 7867
GPS: 148302000, 1, 10, 42.6231270, -71.2070770, 0, 43.4700, 45.3300, 1.4100, 157.4500
ATT: -2234, -898, 7788
GPS: 148302000, 1, 10, 42.6231270, -71.2070770, 0, 43.4700, 45.3300, 1.4100, 157.4500
ATT: -2221, -1175, 7867
GPS: 148302000, 1, 10, 42.6231270, -71.2070770, 0, 43.6500, 45.3300, 1.4100, 157.4500
ATT: -2250, -1270, 8075
GPS: 148302000, 1, 10, 42.6231270, -71.2070770, 0, 43.8300, 45.3300, 1.4100, 157.4500
ATT: -2399, -1172, 8333
GPS: 148302000, 1, 10, 42.6231270, -71.2070770, 0, 43.6500, 45.3300, 1.4100, 157.4500
ATT: -2382, -954, 8474
GPS: 148302000, 1, 10, 42.6231270, -71.2070770, 0, 43.4700, 45.3300, 1.4100, 157.4500
ATT: -2149, -972, 8584
GPS: 148302000, 1, 10, 42.6231270, -71.2070770, 0, 43.5600, 45.3300, 1.4100, 157.4500
ATT: -1952, -1066, 8589
GPS: 148303000, 1, 10, 42.6231120, -71.2070690, 0, 43.6500, 45.3500, 1.4200, 164.4500
ATT: -2024, -1139, 8486
GPS: 148303000, 1, 10, 42.6231120, -71.2070690, 0, 43.4700, 45.3500, 1.4200, 164.4500
ATT: -2196, -1045, 8473
GPS: 148303000, 1, 10, 42.6231120, -71.2070690, 0, 43.3900, 45.3500, 1.4200, 164.4500
ATT: -2097, -862, 8476
GPS: 148303000, 1, 10, 42.6231120, -71.2070690, 0, 43.3000, 45.3500, 1.4200, 164.4500
ATT: -1936, -913, 8556
GPS: 148303000, 1, 10, 42.6231120, -71.2070690, 0, 43.2100, 45.3500, 1.4200, 164.4500
ATT: -1785, -1106, 8614
GPS: 148303000, 1, 10, 42.6231120, -71.2070690, 0, 43.0300, 45.3500, 1.4200, 164.4500
ATT: -1848, -1105, 8836
GPS: 148303000, 1, 10, 42.6231120, -71.2070690, 0, 42.9400, 45.3500, 1.4200, 164.4500
ATT: -2028, -946, 9211
GPS: 148303000, 1, 10, 42.6231120, -71.2070690, 0, 42.9400, 45.3500, 1.4200, 164.4500
ATT: -2044, -635, 9518
GPS: 148303000, 1, 10, 42.6231120, -71.2070690, 0, 42.9400, 45.3500, 1.4200, 164.4500
ATT: -1854, -408, 9589
GPS: 148304000, 1, 10, 42.6231000, -71.2070690, 0, 42.8500, 45.4500, 1.4000, 161.7700
ATT: -1793, -350, 9684
GPS: 148304000, 1, 10, 42.6231000, -71.2070690, 0, 42.7600, 45.4500, 1.4000, 161.7700
ATT: -1856, -400, 9693
GPS: 148304000, 1, 10, 42.6231000, -71.2070690, 0, 42.6700, 45.4500, 1.4000, 161.7700
ATT: -1994, -536, 9607
GPS: 148304000, 1, 10, 42.6231000, -71.2070690, 0, 42.5800, 45.4500, 1.4000, 161.7700
ATT: -2233, -527, 9439
GPS: 148304000, 1, 10, 42.6231000, -71.2070690, 0, 42.6700, 45.4500, 1.4000, 161.7700
ATT: -2252, -390, 9366
GPS: 148304000, 1, 10, 42.6231000, -71.2070690, 0, 42.6700, 45.4500, 1.4000, 161.7700
ATT: -1962, -263, 9334
GPS: 148304000, 1, 10, 42.6231000, -71.2070690, 0, 42.7600, 45.4500, 1.4000, 161.7700
ATT: -1595, -323, 9414
GPS: 148304000, 1, 10, 42.6231000, -71.2070690, 0, 42.8500, 45.4500, 1.4000, 161.7700
ATT: -1370, -260, 9482
GPS: 148304000, 1, 10, 42.6231000, -71.2070690, 0, 43.1200, 45.4500, 1.4000, 161.7700
ATT: -1298, -95, 9442
GPS: 148304000, 1, 10, 42.6231000, -71.2070690, 0, 43.3900, 45.4500, 1.4000, 161.7700
ATT: -1467, 199, 9292
GPS: 148305000, 1, 10, 42.6230890, -71.2070690, 0, 43.3900, 45.3200, 1.2800, 168.1300
ATT: -1575, 351, 9107
GPS: 148305000, 1, 10, 42.6230890, -71.2070690, 0, 43.3900, 45.3200, 1.2800, 168.1300
ATT: -1558, 225, 8958
GPS: 148305000, 1, 10, 42.6230890, -71.2070690, 0, 43.3000, 45.3200, 1.2800, 168.1300
ATT: -1537, -196, 8822
GPS: 148305000, 1, 10, 42.6230890, -71.2070690, 0, 43.3000, 45.3200, 1.2800, 168.1300
ATT: -1795, -339, 8599
GPS: 148305000, 1, 10, 42.6230890, -71.2070690, 0, 43.3000, 45.3200, 1.2800, 168.1300
ATT: -2117, -238, 8341
GPS: 148305000, 1, 10, 42.6230890, -71.2070690, 0, 43.3000, 45.3200, 1.2800, 168.1300
ATT: -2250, -191, 8180
GPS: 148305000, 1, 10, 42.6230890, -71.2070690, 0, 43.3900, 45.3200, 1.2800, 168.1300
ATT: -2034, -288, 8083
GPS: 148305000, 1, 10, 42.6230890, -71.2070690, 0, 43.3900, 45.3200, 1.2800, 168.1300
ATT: -1681, -587, 8131
GPS: 148305000, 1, 10, 42.6230890, -71.2070690, 0, 43.3900, 45.3200, 1.2800, 168.1300
ATT: -1221, -966, 8295
GPS: 148305000, 1, 10, 42.6230890, -71.2070690, 0, 43.3900, 45.3200, 1.2800, 168.1300
ATT: -794, -1380, 8632
GPS: 148305000, 1, 10, 42.6230890, -71.2070690, 0, 43.3000, 45.3200, 1.2800, 168.1300
ATT: -490, -1759, 9084
GPS: 148306000, 1, 10, 42.6230770, -71.2070620, 0, 43.3000, 45.3700, 1.2100, 149.9900
ATT: -465, -1833, 9393
GPS: 148306000, 1, 10, 42.6230770, -71.2070620, 0, 43.3900, 45.3700, 1.2100, 149.9900
ATT: -500, -1868, 9566
GPS: 148306000, 1, 10, 42.6230770, -71.2070620, 0, 43.4700, 45.3700, 1.2100, 149.9900
ATT: -391, -2049, 9626
GPS: 148306000, 1, 10, 42.6230770, -71.2070620, 0, 43.3000, 45.3700, 1.2100, 149.9900
ATT: -355, -2401, 9570
GPS: 148306000, 1, 10, 42.6230770, -71.2070620, 0, 43.2100, 45.3700, 1.2100, 149.9900
ATT: -531, -2718, 9352
GPS: 148306000, 1, 10, 42.6230770, -71.2070620, 0, 43.3000, 45.3700, 1.2100, 149.9900
ATT: -783, -2733, 9038
GPS: 148306000, 1, 10, 42.6230770, -71.2070620, 0, 43.3000, 45.3700, 1.2100, 149.9900
ATT: -921, -2760, 8887
GPS: 148306000, 1, 10, 42.6230770, -71.2070620, 0, 43.0300, 45.3700, 1.2100, 149.9900
ATT: -941, -2854, 8695
GPS: 148306000, 1, 10, 42.6230770, -71.2070620, 0, 42.8500, 45.3700, 1.2100, 149.9900
ATT: -1186, -2951, 8507
GPS: 148307000, 1, 10, 42.6230700, -71.2070470, 0, 42.9400, 45.4800, 1.2800, 146.6600
ATT: -1495, -2835, 8313
GPS: 148307000, 1, 10, 42.6230700, -71.2070470, 0, 43.0300, 45.4800, 1.2800, 146.6600
ATT: -1770, -2520, 8091
GPS: 148307000, 1, 10, 42.6230700, -71.2070470, 0, 43.0300, 45.4800, 1.2800, 146.6600
ATT: -1994, -2069, 7814
GPS: 148307000, 1, 10, 42.6230700, -71.2070470, 0, 43.0300, 45.4800, 1.2800, 146.6600
ATT: -2081, -1720, 7486
GPS: 148307000, 1, 10, 42.6230700, -71.2070470, 0, 43.0300, 45.4800, 1.2800, 146.6600
ATT: -2199, -1516, 7146
GPS: 148307000, 1, 10, 42.6230700, -71.2070470, 0, 43.0300, 45.4800, 1.2800, 146.6600
ATT: -2501, -1332, 6771
GPS: 148307000, 1, 10, 42.6230700, -71.2070470, 0, 43.0300, 45.4800, 1.2800, 146.6600
ATT: -2717, -1253, 6388
GPS: 148307000, 1, 10, 42.6230700, -71.2070470, 0, 43.0300, 45.4800, 1.2800, 146.6600
ATT: -2747, -1211, 6050
GPS: 148307000, 1, 10, 42.6230700, -71.2070470, 0, 43.0300, 45.4800, 1.2800, 146.6600
ATT: -2657, -1208, 5776
GPS: 148307000, 1, 10, 42.6230700, -71.2070470, 0, 43.0300, 45.4800, 1.2800, 146.6600
ATT: -2464, -1254, 5563
GPS: 148308000, 1, 10, 42.6230550, -71.2070390, 0, 43.1200, 45.9100, 1.4200, 145.7500
ATT: -2357, -1337, 5471
GPS: 148308000, 1, 10, 42.6230550, -71.2070390, 0, 43.1200, 45.9100, 1.4200, 145.7500
ATT: -2534, -1292, 5534
GPS: 148308000, 1, 10, 42.6230550, -71.2070390, 0, 43.2100, 45.9100, 1.4200, 145.7500
ATT: -2773, -1137, 5720
GPS: 148308000, 1, 10, 42.6230550, -71.2070390, 0, 43.3000, 45.9100, 1.4200, 145.7500
ATT: -2948, -996, 5939
GPS: 148308000, 1, 10, 42.6230550, -71.2070390, 0, 43.3000, 45.9100, 1.4200, 145.7500
ATT: -2987, -920, 6119
GPS: 148308000, 1, 10, 42.6230550, -71.2070390, 0, 43.3000, 45.9100, 1.4200, 145.7500
ATT: -3066, -803, 6160
GPS: 148308000, 1, 10, 42.6230550, -71.2070390, 0, 43.1200, 45.9100, 1.4200, 145.7500
ATT: -3347, -644, 6074
GPS: 148308000, 1, 10, 42.6230550, -71.2070390, 0, 43.0300, 45.9100, 1.4200, 145.7500
ATT: -3635, -498, 5917
GPS: 148308000, 1, 10, 42.6230550, -71.2070390, 0, 43.0300, 45.9100, 1.4200, 145.7500
ATT: -3905, -508, 5800
GPS: 148308000, 1, 10, 42.6230550, -71.2070390, 0, 43.0300, 45.9100, 1.4200, 145.7500
ATT: -3992, -628, 5716
GPS: 148309000, 1, 10, 42.6230470, -71.2070240, 0, 42.9400, 46.2000, 1.4600, 148.5400
ATT: -3935, -867, 5685
GPS: 148309000, 1, 10, 42.6230470, -71.2070240, 0, 42.8500, 46.2000, 1.4600, 148.5400
ATT: -3817, -1096, 5759
GPS: 148309000, 1, 10, 42.6230470, -71.2070240, 0, 42.7600, 46.2000, 1.4600, 148.5400
ATT: -3756, -1159, 5996
GPS: 148309000, 1, 10, 42.6230470, -71.2070240, 0, 42.7600, 46.2000, 1.4600, 148.5400
ATT: -3634, -1036, 6311
GPS: 148309000, 1, 10, 42.6230470, -71.2070240, 0, 42.7600, 46.2000, 1.4600, 148.5400
ATT: -3681, -786, 6627
GPS: 148309000, 1, 10, 42.6230470, -71.2070240, 0, 42.7600, 46.2000, 1.4600, 148.5400
ATT: -3721, -635, 6919
GPS: 148309000, 1, 10, 42.6230470, -71.2070240, 0, 42.7600, 46.2000, 1.4600, 148.5400
ATT: -3768, -617, 7159
GPS: 148309000, 1, 10, 42.6230470, -71.2070240, 0, 42.7600, 46.2000, 1.4600, 148.5400
ATT: -3878, -584, 7314
GPS: 148309000, 1, 10, 42.6230470, -71.2070240, 0, 42.5800, 46.2000, 1.4600, 148.5400
ATT: -3972, -595, 7372
GPS: 148309000, 1, 10, 42.6230470, -71.2070240, 0, 42.4900, 46.2000, 1.4600, 148.5400
ATT: -4031, -554, 7290
GPS: 148310000, 1, 10, 42.6230350, -71.2070240, 0, 42.4100, 46.5400, 1.1300, 157.7000
ATT: -4051, -598, 7211
GPS: 148310000, 1, 10, 42.6230350, -71.2070240, 0, 42.4100, 46.5400, 1.1300, 157.7000
ATT: -4066, -626, 7135
GPS: 148310000, 1, 10, 42.6230350, -71.2070240, 0, 42.4100, 46.5400, 1.1300, 157.7000
ATT: -4066, -657, 7056
GPS: 148310000, 1, 10, 42.6230350, -71.2070240, 0, 42.4100, 46.5400, 1.1300, 157.7000
ATT: -4123, -665, 7054
GPS: 148310000, 1, 10, 42.6230350, -71.2070240, 0, 42.3300, 46.5400, 1.1300, 157.7000
ATT: -4053, -650, 7148
GPS: 148310000, 1, 10, 42.6230350, -71.2070240, 0, 42.2400, 46.5400, 1.1300, 157.7000
ATT: -4023, -639, 7347
GPS: 148310000, 1, 10, 42.6230350, -71.2070240, 0, 42.2400, 46.5400, 1.1300, 157.7000
ATT: -3983, -681, 7503
GPS: 148310000, 1, 10, 42.6230350, -71.2070240, 0, 42.2400, 46.5400, 1.1300, 157.7000
ATT: -3984, -693, 7542
GPS: 148310000, 1, 10, 42.6230350, -71.2070240, 0, 42.4100, 46.5400, 1.1300, 157.7000
ATT: -4158, -745, 7557
GPS: 148310000, 1, 10, 42.6230350, -71.2070240, 0, 42.5800, 46.5400, 1.1300, 157.7000
ATT: -4217, -931, 7537
GPS: 148311000, 1, 10, 42.6230200, -71.2070240, 0, 42.5800, 46.7000, 1.5500, 182.1700
ATT: -4162, -1224, 7554
GPS: 148311000, 1, 10, 42.6230200, -71.2070240, 0, 42.5800, 46.7000, 1.5500, 182.1700
ATT: -4057, -1574, 7611
GPS: 148311000, 1, 10, 42.6230200, -71.2070240, 0, 42.3300, 46.7000, 1.5500, 182.1700
ATT: -4059, -1735, 7612
GPS: 148311000, 1, 10, 42.6230200, -71.2070240, 0, 42.1500, 46.7000, 1.5500, 182.1700
ATT: -3999, -1701, 7602
GPS: 148311000, 1, 10, 42.6230200, -71.2070240, 0, 42.1500, 46.7000, 1.5500, 182.1700
ATT: -4083, -1555, 7705
GPS: 148311000, 1, 10, 42.6230200, -71.2070240, 0, 42.1500, 46.7000, 1.5500, 182.1700
ATT: -4227, -1286, 7849
GPS: 148311000, 1, 10, 42.6230200, -71.2070240, 0, 42.1500, 46.7000, 1.5500, 182.1700
ATT: -4185, -1096, 8022
GPS: 148311000, 1, 10, 42.6230200, -71.2070240, 0, 42.1500, 46.7000, 1.5500, 182.1700
ATT: -4019, -1140, 8290
GPS: 148311000, 1, 10, 42.6230200, -71.2070240, 0, 42.1500, 46.7000, 1.5500, 182.1700
ATT: -4038, -1270, 8669
GPS: 148311000, 1, 10, 42.6230200, -71.2070240, 0, 42.1500, 46.7000, 1.5500, 182.1700
ATT: -4156, -1344, 8986
GPS: 148311000, 1, 10, 42.6230200, -71.2070240, 0, 42.2400, 46.7000, 1.5500, 182.1700
ATT: -4221, -1489, 9164
GPS: 148312000, 1, 10, 42.6230050, -71.2070240, 0, 42.2400, 46.7200, 1.6100, 192.7700
ATT: -4146, -1621, 9292
GPS: 148312000, 1, 10, 42.6230050, -71.2070240, 0, 42.3300, 46.7200, 1.6100, 192.7700
ATT: -3912, -1765, 9404
GPS: 148312000, 1, 10, 42.6230050, -71.2070240, 0, 42.3300, 46.7200, 1.6100, 192.7700
ATT: -3696, -1946, 9592
GPS: 148312000, 1, 10, 42.6230050, -71.2070240, 0, 42.3300, 46.7200, 1.6100, 192.7700
ATT: -3619, -2113, 9889
GPS: 148312000, 1, 10, 42.6230050, -71.2070240, 0, 42.3300, 46.7200, 1.6100, 192.7700
ATT: -3596, -2127, 10203
GPS: 148312000, 1, 10, 42.6230050, -71.2070240, 0, 42.4100, 46.7200, 1.6100, 192.7700
ATT: -3415, -2124, 10344
GPS: 148312000, 1, 10, 42.6230050, -71.2070240, 0, 42.4100, 46.7200, 1.6100, 192.7700
ATT: -3180, -2241, 10451
GPS: 148312000, 1, 10, 42.6230050, -71.2070240, 0, 42.4100, 46.7200, 1.6100, 192.7700
ATT: -3154, -2414, 10585
GPS: 148312000, 1, 10, 42.6230050, -71.2070240, 0, 42.4100, 46.7200, 1.6100, 192.7700
ATT: -3295, -2632, 10670
GPS: 148313000, 1, 10, 42.6229930, -71.2070240, 0, 42.4100, 46.7700, 1.7200, 197.3000
ATT: -3261, -2768, 10521
GPS: 148313000, 1, 10, 42.6229930, -71.2070240, 0, 42.4100, 46.7700, 1.7200, 197.3000
ATT: -3126, -2864, 10280
GPS: 148313000, 1, 10, 42.6229930, -71.2070240, 0, 42.5800, 46.7700, 1.7200, 197.3000
ATT: -2936, -2871, 10002
GPS: 148313000, 1, 10, 42.6229930, -71.2070240, 0, 42.6700, 46.7700, 1.7200, 197.3000
ATT: -2874, -2735, 9792
GPS: 148313000, 1, 10, 42.6229930, -71.2070240, 0, 42.6700, 46.7700, 1.7200, 197.3000
ATT: -3032, -2525, 9858
GPS: 148313000, 1, 10, 42.6229930, -71.2070240, 0, 42.6700, 46.7700, 1.7200, 197.3000
ATT: -3052, -2141, 10001
GPS: 148313000, 1, 10, 42.6229930, -71.2070240, 0, 42.4900, 46.7700, 1.7200, 197.3000
ATT: -2814, -1778, 10075
GPS: 148313000, 1, 10, 42.6229930, -71.2070240, 0, 42.4100, 46.7700, 1.7200, 197.3000
ATT: -2629, -1573, 10083
GPS: 148313000, 1, 10, 42.6229930, -71.2070240, 0, 42.4100, 46.7700, 1.7200, 197.3000
ATT: -2739, -1500, 10063
GPS: 148313000, 1, 10, 42.6229930, -71.2070240, 0, 42.4100, 46.7700, 1.7200, 197.3000
ATT: -3150, -1442, 9978
GPS: 148314000, 1, 10, 42.6229740, -71.2070310, 0, 42.4900, 46.9000, 1.6200, 186.5000
ATT: -3517, -1280, 9728
GPS: 148314000, 1, 10, 42.6229740, -71.2070310, 0, 42.5800, 46.9000, 1.6200, 186.5000
ATT: -3587, -1226, 9496
GPS: 148314000, 1, 10, 42.6229740, -71.2070310, 0, 42.5800, 46.9000, 1.6200, 186.5000
ATT: -3406, -1272, 9336
GPS: 148314000, 1, 10, 42.6229740, -71.2070310, 0, 42.5800, 46.9000, 1.6200, 186.5000
ATT: -3174, -1374, 9283
GPS: 148314000, 1, 10, 42.6229740, -71.2070310, 0, 42.4900, 46.9000, 1.6200, 186.5000
ATT: -3131, -1406, 9373
GPS: 148314000, 1, 10, 42.6229740, -71.2070310, 0, 42.4100, 46.9000, 1.6200, 186.5000
ATT: -3171, -1376, 9619
GPS: 148314000, 1, 10, 42.6229740, -71.2070310, 0, 42.4900, 46.9000, 1.6200, 186.5000
ATT: -3106, -1296, 9969
GPS: 148314000, 1, 10, 42.6229740, -71.2070310, 0, 42.5800, 46.9000, 1.6200, 186.5000
ATT: -2958, -1256, 10317
GPS: 148314000, 1, 10, 42.6229740, -71.2070310, 0, 42.5800, 46.9000, 1.6200, 186.5000
ATT: -2808, -1303, 10618
GPS: 148314000, 1, 10, 42.6229740, -71.2070310, 0, 42.5800, 46.9000, 1.6200, 186.5000
ATT: -2942, -1368, 10841
GPS: 148315000, 1, 10, 42.6229590, -71.2070310, 0, 42.7600, 47.0100, 1.5100, 183.0300
ATT: -3269, -1385, 10830
GPS: 148315000, 1, 10, 42.6229590, -71.2070310, 0, 42.8500, 47.0100, 1.5100, 183.0300
ATT: -3466, -1354, 10567
GPS: 148315000, 1, 10, 42.6229590, -71.2070310, 0, 42.8500, 47.0100, 1.5100, 183.0300
ATT: -3558, -1313, 10265
GPS: 148315000, 1, 10, 42.6229590, -71.2070310, 0, 42.8500, 47.0100, 1.5100, 183.0300
ATT: -3484, -1352, 9970
GPS: 148315000, 1, 10, 42.6229590, -71.2070310, 0, 42.7600, 47.0100, 1.5100, 183.0300
ATT: -3331, -1375, 9718
GPS: 148315000, 1, 10, 42.6229590, -71.2070310, 0, 42.6700, 47.0100, 1.5100, 183.0300
ATT: -3082, -1415, 9575
GPS: 148315000, 1, 10, 42.6229590, -71.2070310, 0, 42.5800, 47.0100, 1.5100, 183.0300
ATT: -2914, -1468, 9658
GPS: 148315000, 1, 10, 42.6229590, -71.2070310, 0, 42.4900, 47.0100, 1.5100, 183.0300
ATT: -2821, -1438, 9883
GPS: 148315000, 1, 10, 42.6229590, -71.2070310, 0, 42.5800, 47.0100, 1.5100, 183.0300
ATT: -2623, -1353, 10081
GPS: 148315000, 1, 10, 42.6229590, -71.2070310, 0, 42.5800, 47.0100, 1.5100, 183.0300
ATT: -2425, -1343, 10254
GPS: 148316000, 1, 10, 42.6229480, -71.2070310, 0, 42.5800, 47.0800, 1.5900, 182.6700
ATT: -2496, -1312, 10421
GPS: 148316000, 1, 10, 42.6229480, -71.2070310, 0, 42.5800, 47.0800, 1.5900, 182.6700
ATT: -2745, -1237, 10402
GPS: 148316000, 1, 10, 42.6229480, -71.2070310, 0, 42.5800, 47.0800, 1.5900, 182.6700
ATT: -3091, -1189, 10233
GPS: 148316000, 1, 10, 42.6229480, -71.2070310, 0, 42.5800, 47.0800, 1.5900, 182.6700
ATT: -3258, -1217, 10062
GPS: 148316000, 1, 10, 42.6229480, -71.2070310, 0, 42.5800, 47.0800, 1.5900, 182.6700
ATT: -3167, -1382, 9867
GPS: 148316000, 1, 10, 42.6229480, -71.2070310, 0, 42.5800, 47.0800, 1.5900, 182.6700
ATT: -3033, -1582, 9696
GPS: 148316000, 1, 10, 42.6229480, -71.2070310, 0, 42.7600, 47.0800, 1.5900, 182.6700
ATT: -3080, -1565, 9758
GPS: 148316000, 1, 10, 42.6229480, -71.2070310, 0, 42.8500, 47.0800, 1.5900, 182.6700
ATT: -3071, -1444, 10098
GPS: 148316000, 1, 10, 42.6229480, -71.2070310, 0, 42.8500, 47.0800, 1.5900, 182.6700
ATT: -2876, -1347, 10490
GPS: 148316000, 1, 10, 42.6229480, -71.2070310, 0, 42.8500, 47.0800, 1.5900, 182.6700
ATT: -2634, -1381, 10836
GPS: 148317000, 1, 10, 42.6229320, -71.2070390, 0, 42.8500, 47.1500, 1.5700, 193.6300
ATT: -2537, -1470, 11124
GPS: 148317000, 1, 10, 42.6229320, -71.2070390, 0, 42.8500, 47.1500, 1.5700, 193.6300
ATT: -2767, -1439, 11260
GPS: 148317000, 1, 10, 42.6229320, -71.2070390, 0, 42.9400, 47.1500, 1.5700, 193.6300
ATT: -3077, -1359, 11143
GPS: 148317000, 1, 10, 42.6229320, -71.2070390, 0, 42.9400, 47.1500, 1.5700, 193.6300
ATT: -3205, -1415, 10942
GPS: 148317000, 1, 10, 42.6229320, -71.2070390, 0, 43.1200, 47.1500, 1.5700, 193.6300
ATT: -3137, -1636, 10697
GPS: 148317000, 1, 10, 42.6229320, -71.2070390, 0, 43.2100, 47.1500, 1.5700, 193.6300
ATT: -3111, -1893, 10541
GPS: 148317000, 1, 10, 42.6229320, -71.2070390, 0, 43.0300, 47.1500, 1.5700, 193.6300
ATT: -3184, -2028, 10627
GPS: 148317000, 1, 10, 42.6229320, -71.2070390, 0, 42.9400, 47.1500, 1.5700, 193.6300
ATT: -3150, -1988, 10830
GPS: 148317000, 1, 10, 42.6229320, -71.2070390, 0, 42.8500, 47.1500, 1.5700, 193.6300
ATT: -3081, -1823, 11160
GPS: 148317000, 1, 10, 42.6229320, -71.2070390, 0, 42.8500, 47.1500, 1.5700, 193.6300
ATT: -2912, -1728, 11454
GPS: 148318000, 1, 10, 42.6229170, -71.2070470, 0, 42.9400, 47.1700, 1.6300, 202.9300
ATT: -2761, -1711, 11658
GPS: 148318000, 1, 10, 42.6229170, -71.2070470, 0, 43.0300, 47.1700, 1.6300, 202.9300
ATT: -2899, -1679, 11706
GPS: 148318000, 1, 10, 42.6229170, -71.2070470, 0, 43.0300, 47.1700, 1.6300, 202.9300
ATT: -3190, -1484, 11411
GPS: 148318000, 1, 10, 42.6229170, -71.2070470, 0, 43.0300, 47.1700, 1.6300, 202.9300
ATT: -3455, -1364, 10975
GPS: 148318000, 1, 10, 42.6229170, -71.2070470, 0, 42.9400, 47.1700, 1.6300, 202.9300
ATT: -3410, -1368, 10506
GPS: 148318000, 1, 10, 42.6229170, -71.2070470, 0, 42.9400, 47.1700, 1.6300, 202.9300
ATT: -3189, -1520, 10178
GPS: 148318000, 1, 10, 42.6229170, -71.2070470, 0, 43.1200, 47.1700, 1.6300, 202.9300
ATT: -3062, -1608, 9926
GPS: 148318000, 1, 10, 42.6229170, -71.2070470, 0, 43.2100, 47.1700, 1.6300, 202.9300
ATT: -3197, -1624, 9885
GPS: 148318000, 1, 10, 42.6229170, -71.2070470, 0, 43.1200, 47.1700, 1.6300, 202.9300
ATT: -3345, -1550, 10029
GPS: 148318000, 1, 10, 42.6229170, -71.2070470, 0, 43.0300, 47.1700, 1.6300, 202.9300
ATT: -3294, -1521, 10268
GPS: 148319000, 1, 10, 42.6229060, -71.2070540, 0, 43.0300, 47.2800, 1.5600, 201.7900
ATT: -3121, -1572, 10584
GPS: 148319000, 1, 10, 42.6229060, -71.2070540, 0, 43.0300, 47.2800, 1.5600, 201.7900
ATT: -3068, -1556, 10934
GPS: 148319000, 1, 10, 42.6229060, -71.2070540, 0, 43.0300, 47.2800, 1.5600, 201.7900
ATT: -3215, -1526, 11286
GPS: 148319000, 1, 10, 42.6229060, -71.2070540, 0, 43.0300, 47.2800, 1.5600, 201.7900
ATT: -3263, -1457, 11442
GPS: 148319000, 1, 10, 42.6229060, -71.2070540, 0, 43.0300, 47.2800, 1.5600, 201.7900
ATT: -3239, -1491, 11432
GPS: 148319000, 1, 10, 42.6229060, -71.2070540, 0, 43.0300, 47.2800, 1.5600, 201.7900
ATT: -3144, -1606, 11276
GPS: 148319000, 1, 10, 42.6229060, -71.2070540, 0, 43.1200, 47.2800, 1.5600, 201.7900
ATT: -3024, -1718, 11039
GPS: 148319000, 1, 10, 42.6229060, -71.2070540, 0, 43.2100, 47.2800, 1.5600, 201.7900
ATT: -3045, -1683, 10942
GPS: 148319000, 1, 10, 42.6229060, -71.2070540, 0, 43.2100, 47.2800, 1.5600, 201.7900
ATT: -2825, -1624, 10968
GPS: 148319000, 1, 10, 42.6229060, -71.2070540, 0, 43.2100, 47.2800, 1.5600, 201.7900
ATT: -2692, -1513, 10990
GPS: 148320000, 1, 9, 42.6228940, -71.2070690, 0, 43.1200, 47.3100, 1.5700, 203.3600
ATT: -2530, -1533, 10982
GPS: 148320000, 1, 9, 42.6228940, -71.2070690, 0, 43.1200, 47.3100, 1.5700, 203.3600
ATT: -2343, -1711, 10990
GPS: 148320000, 1, 9, 42.6228940, -71.2070690, 0, 43.2100, 47.3100, 1.5700, 203.3600
ATT: -2460, -1634, 10840
GPS: 148320000, 1, 9, 42.6228940, -71.2070690, 0, 43.2100, 47.3100, 1.5700, 203.3600
ATT: -2721, -1469, 10430
GPS: 148320000, 1, 9, 42.6228940, -71.2070690, 0, 43.2100, 47.3100, 1.5700, 203.3600
ATT: -2889, -1235, 9647
GPS: 148320000, 1, 9, 42.6228940, -71.2070690, 0, 43.2100, 47.3100, 1.5700, 203.3600
ATT: -2829, -1115, 8881
GPS: 148320000, 1, 9, 42.6228940, -71.2070690, 0, 43.3000, 47.3100, 1.5700, 203.3600
ATT: -2572, -1090, 8187
GPS: 148320000, 1, 9, 42.6228940, -71.2070690, 0, 43.3900, 47.3100, 1.5700, 203.3600
ATT: -2343, -1090, 7649
GPS: 148320000, 1, 9, 42.6228940, -71.2070690, 0, 43.2100, 47.3100, 1.5700, 203.3600
ATT: -2306, -1063, 7400
GPS: 148320000, 1, 9, 42.6228940, -71.2070690, 0, 43.1200, 47.3100, 1.5700, 203.3600
ATT: -2372, -1023, 7472
GPS: 148321000, 1, 10, 42.6228750, -71.2070690, 0, 43.1200, 47.4500, 1.4500, 193.7900
ATT: -2348, -1008, 7760
GPS: 148321000, 1, 10, 42.6228750, -71.2070690, 0, 43.1200, 47.4500, 1.4500, 193.7900
ATT: -2235, -1090, 8176
GPS: 148321000, 1, 10, 42.6228750, -71.2070690, 0, 43.3000, 47.4500, 1.4500, 193.7900
ATT: -2112, -1187, 8613
GPS: 148321000, 1, 10, 42.6228750, -71.2070690, 0, 43.4700, 47.4500, 1.4500, 193.7900
ATT: -2218, -1249, 8888
GPS: 148321000, 1, 10, 42.6228750, -71.2070690, 0, 43.4700, 47.4500, 1.4500, 193.7900
ATT: -2563, -1205, 8887
GPS: 148321000, 1, 10, 42.6228750, -71.2070690, 0, 43.4700, 47.4500, 1.4500, 193.7900
ATT: -2950, -1241, 8762
GPS: 148321000, 1, 10, 42.6228750, -71.2070690, 0, 43.4700, 47.4500, 1.4500, 193.7900
ATT: -3188, -1301, 8636
GPS: 148321000, 1, 10, 42.6228750, -71.2070690, 0, 43.4700, 47.4500, 1.4500, 193.7900
ATT: -3283, -1363, 8589
GPS: 148321000, 1, 10, 42.6228750, -71.2070690, 0, 43.3900, 47.4500, 1.4500, 193.7900
PM:20020,1001,20,0,0,0,0,20,1,4,2,0,0, 
ATT: -3353, -1405, 8802
GPS: 148321000, 1, 10, 42.6228750, -71.2070690, 0, 43.3000, 47.4500, 1.4500, 193.7900
ATT: -3450, -1388, 9293
GPS: 148322000, 1, 9, 42.6228640, -71.2070690, 0, 43.1200, 47.5700, 1.5200, 193.3000
ATT: -3566, -1143, 9868
GPS: 148322000, 1, 9, 42.6228640, -71.2070690, 0, 42.9400, 47.5700, 1.5200, 193.3000
ATT: -3474, -828, 10447
GPS: 148322000, 1, 9, 42.6228640, -71.2070690, 0, 42.9400, 47.5700, 1.5200, 193.3000
ATT: -3172, -780, 11008
GPS: 148322000, 1, 9, 42.6228640, -71.2070690, 0, 42.9400, 47.5700, 1.5200, 193.3000
ATT: -2940, -867, 11382
GPS: 148322000, 1, 9, 42.6228640, -71.2070690, 0, 43.1200, 47.5700, 1.5200, 193.3000
ATT: -3121, -933, 11517
GPS: 148322000, 1, 9, 42.6228640, -71.2070690, 0, 43.2100, 47.5700, 1.5200, 193.3000
ATT: -3349, -993, 11371
GPS: 148322000, 1, 9, 42.6228640, -71.2070690, 0, 43.3900, 47.5700, 1.5200, 193.3000
ATT: -3482, -1134, 11155
GPS: 148322000, 1, 9, 42.6228640, -71.2070690, 0, 43.4700, 47.5700, 1.5200, 193.3000
ATT: -3441, -1318, 10942
GPS: 148322000, 1, 9, 42.6228640, -71.2070690, 0, 43.5600, 47.5700, 1.5200, 193.3000
ATT: -3396, -1497, 10831
GPS: 148322000, 1, 9, 42.6228640, -71.2070690, 0, 43.6500, 47.5700, 1.5200, 193.3000
ATT: -3404, -1562, 10855
GPS: 148323000, 1, 10, 42.6228520, -71.2070770, 0, 43.3900, 47.7200, 1.5900, 200.4800
ATT: -3536, -1513, 10992
GPS: 148323000, 1, 10, 42.6228520, -71.2070770, 0, 43.2100, 47.7200, 1.5900, 200.4800
ATT: -3737, -1419, 11296
GPS: 148323000, 1, 10, 42.6228520, -71.2070770, 0, 43.3000, 47.7200, 1.5900, 200.4800
ATT: -3941, -1284, 11709
GPS: 148323000, 1, 10, 42.6228520, -71.2070770, 0, 43.3900, 47.7200, 1.5900, 200.4800
ATT: -3940, -1265, 12127
GPS: 148323000, 1, 10, 42.6228520, -71.2070770, 0, 43.2100, 47.7200, 1.5900, 200.4800
ATT: -3910, -1312, 12390
GPS: 148323000, 1, 10, 42.6228520, -71.2070770, 0, 43.1200, 47.7200, 1.5900, 200.4800
ATT: -4105, -1284, 12282
GPS: 148323000, 1, 10, 42.6228520, -71.2070770, 0, 43.1200, 47.7200, 1.5900, 200.4800
ATT: -4336, -1347, 11952
GPS: 148323000, 1, 10, 42.6228520, -71.2070770, 0, 43.1200, 47.7200, 1.5900, 200.4800
ATT: -4491, -1440, 11589
GPS: 148323000, 1, 10, 42.6228520, -71.2070770, 0, 43.0300, 47.7200, 1.5900, 200.4800
ATT: -4393, -1534, 11196
GPS: 148323000, 1, 10, 42.6228520, -71.2070770, 0, 43.0300, 47.7200, 1.5900, 200.4800
ATT: -4226, -1566, 10828
GPS: 148324000, 1, 10, 42.6228370, -71.2070920, 0, 43.0300, 47.8200, 1.4000, 206.2700
ATT: -4291, -1427, 10598
GPS: 148324000, 1, 10, 42.6228370, -71.2070920, 0, 43.0300, 47.8200, 1.4000, 206.2700
ATT: -4421, -1160, 10509
GPS: 148324000, 1, 10, 42.6228370, -71.2070920, 0, 43.2100, 47.8200, 1.4000, 206.2700
ATT: -4394, -874, 10574
GPS: 148324000, 1, 10, 42.6228370, -71.2070920, 0, 43.3000, 47.8200, 1.4000, 206.2700
ATT: -4002, -748, 10715
GPS: 148324000, 1, 10, 42.6228370, -71.2070920, 0, 43.3000, 47.8200, 1.4000, 206.2700
ATT: -3606, -777, 10927
GPS: 148324000, 1, 10, 42.6228370, -71.2070920, 0, 43.3000, 47.8200, 1.4000, 206.2700
ATT: -3522, -757, 11057
GPS: 148324000, 1, 10, 42.6228370, -71.2070920, 0, 43.3000, 47.8200, 1.4000, 206.2700
ATT: -3576, -721, 10964
GPS: 148324000, 1, 10, 42.6228370, -71.2070920, 0, 43.3000, 47.8200, 1.4000, 206.2700
ATT: -3492, -744, 10765
GPS: 148324000, 1, 10, 42.6228370, -71.2070920, 0, 43.2100, 47.8200, 1.4000, 206.2700
ATT: -3270, -894, 10642
GPS: 148324000, 1, 10, 42.6228370, -71.2070920, 0, 43.1200, 47.8200, 1.4000, 206.2700
ATT: -2985, -1044, 10544
GPS: 148325000, 1, 10, 42.6228260, -71.2071000, 0, 43.2100, 47.9700, 1.3700, 204.4300
ATT: -2776, -1087, 10453
GPS: 148325000, 1, 10, 42.6228260, -71.2071000, 0, 43.3000, 47.9700, 1.3700, 204.4300
ATT: -2723, -1069, 10463
GPS: 148325000, 1, 10, 42.6228260, -71.2071000, 0, 43.3000, 47.9700, 1.3700, 204.4300
ATT: -2690, -1020, 10611
GPS: 148325000, 1, 10, 42.6228260, -71.2071000, 0, 43.3000, 47.9700, 1.3700, 204.4300
ATT: -2718, -871, 10839
GPS: 148325000, 1, 10, 42.6228260, -71.2071000, 0, 43.3900, 47.9700, 1.3700, 204.4300
ATT: -2502, -863, 11185
GPS: 148325000, 1, 10, 42.6228260, -71.2071000, 0, 43.3900, 47.9700, 1.3700, 204.4300
ATT: -2280, -975, 11560
GPS: 148325000, 1, 10, 42.6228260, -71.2071000, 0, 43.4700, 47.9700, 1.3700, 204.4300
ATT: -2403, -964, 11719
GPS: 148325000, 1, 10, 42.6228260, -71.2071000, 0, 43.4700, 47.9700, 1.3700, 204.4300
ATT: -2607, -981, 11627
GPS: 148325000, 1, 10, 42.6228260, -71.2071000, 0, 43.3900, 47.9700, 1.3700, 204.4300
ATT: -2606, -1117, 11294
GPS: 148325000, 1, 10, 42.6228260, -71.2071000, 0, 43.3000, 47.9700, 1.3700, 204.4300
ATT: -2421, -1283, 10964
GPS: 148326000, 1, 10, 42.6228140, -71.2071080, 0, 43.3900, 48.1100, 1.4000, 204.5000
ATT: -2065, -1446, 10681
GPS: 148326000, 1, 10, 42.6228140, -71.2071080, 0, 43.4700, 48.1100, 1.4000, 204.5000
ATT: -1729, -1477, 10525
GPS: 148326000, 1, 10, 42.6228140, -71.2071080, 0, 43.3900, 48.1100, 1.4000, 204.5000
ATT: -1433, -1414, 10549
GPS: 148326000, 1, 10, 42.6228140, -71.2071080, 0, 43.3000, 48.1100, 1.4000, 204.5000
ATT: -1066, -1311, 10730
GPS: 148326000, 1, 10, 42.6228140, -71.2071080, 0, 43.3000, 48.1100, 1.4000, 204.5000
ATT: -727, -1331, 11099
GPS: 148326000, 1, 10, 42.6228140, -71.2071080, 0, 43.3000, 48.1100, 1.4000, 204.5000
ATT: -427, -1611, 11432
GPS: 148326000, 1, 10, 42.6228140, -71.2071080, 0, 43.3000, 48.1100, 1.4000, 204.5000
ATT: -284, -1950, 11683
GPS: 148326000, 1, 10, 42.6228140, -71.2071080, 0, 43.3000, 48.1100, 1.4000, 204.5000
ATT: -333, -2161, 11958
GPS: 148326000, 1, 10, 42.6228140, -71.2071080, 0, 43.3900, 48.1100, 1.4000, 204.5000
ATT: -327, -2132, 12157
GPS: 148326000, 1, 10, 42.6228140, -71.2071080, 0, 43.3900, 48.1100, 1.4000, 204.5000
ATT: -95, -2127, 12282
GPS: 148327000, 1, 10, 42.6228030, -71.2071080, 0, 43.3000, 48.3200, 1.3100, 204.4100
ATT: 159, -2120, 12405
GPS: 148327000, 1, 10, 42.6228030, -71.2071080, 0, 43.2100, 48.3200, 1.3100, 204.4100
ATT: 382, -2172, 12543
GPS: 148327000, 1, 10, 42.6228030, -71.2071080, 0, 43.3000, 48.3200, 1.3100, 204.4100
ATT: 688, -2205, 12679
GPS: 148327000, 1, 10, 42.6228030, -71.2071080, 0, 43.3900, 48.3200, 1.3100, 204.4100
ATT: 1001, -2326, 12826
GPS: 148327000, 1, 10, 42.6228030, -71.2071080, 0, 43.3900, 48.3200, 1.3100, 204.4100
ATT: 991, -2308, 13053
GPS: 148327000, 1, 10, 42.6228030, -71.2071080, 0, 43.3900, 48.3200, 1.3100, 204.4100
ATT: 833, -2322, 13216
GPS: 148327000, 1, 10, 42.6228030, -71.2071080, 0, 43.3900, 48.3200, 1.3100, 204.4100
ATT: 624, -2441, 13469
GPS: 148327000, 1, 10, 42.6228030, -71.2071080, 0, 43.3900, 48.3200, 1.3100, 204.4100
ATT: 488, -2363, 13673
GPS: 148327000, 1, 10, 42.6228030, -71.2071080, 0, 43.3900, 48.3200, 1.3100, 204.4100
ATT: 424, -2250, 13698
GPS: 148327000, 1, 10, 42.6228030, -71.2071080, 0, 43.3900, 48.3200, 1.3100, 204.4100
ATT: 392, -2149, 13549
GPS: 148328000, 1, 10, 42.6227910, -71.2071230, 0, 43.3900, 48.7200, 1.4500, 218.2400
ATT: 212, -2079, 13404
GPS: 148328000, 1, 10, 42.6227910, -71.2071230, 0, 43.3900, 48.7200, 1.4500, 218.2400
ATT: 19, -2005, 13290
GPS: 148328000, 1, 10, 42.6227910, -71.2071230, 0, 43.3900, 48.7200, 1.4500, 218.2400
ATT: -164, -1918, 13283
GPS: 148328000, 1, 10, 42.6227910, -71.2071230, 0, 43.3900, 48.7200, 1.4500, 218.2400
ATT: -345, -1897, 13435
GPS: 148328000, 1, 10, 42.6227910, -71.2071230, 0, 43.4700, 48.7200, 1.4500, 218.2400
ATT: -448, -1793, 13668
GPS: 148328000, 1, 10, 42.6227910, -71.2071230, 0, 43.4700, 48.7200, 1.4500, 218.2400
ATT: -431, -1422, 13736
GPS: 148328000, 1, 10, 42.6227910, -71.2071230, 0, 43.3000, 48.7200, 1.4500, 218.2400
ATT: -390, -885, 13562
GPS: 148328000, 1, 10, 42.6227910, -71.2071230, 0, 43.2100, 48.7200, 1.4500, 218.2400
ATT: -428, -475, 13405
GPS: 148328000, 1, 10, 42.6227910, -71.2071230, 0, 43.0300, 48.7200, 1.4500, 218.2400
ATT: -558, -28, 13269
GPS: 148328000, 1, 10, 42.6227910, -71.2071230, 0, 42.8500, 48.7200, 1.4500, 218.2400
ATT: -762, 274, 13213
GPS: 148328000, 1, 10, 42.6227910, -71.2071230, 0, 42.7600, 48.7200, 1.4500, 218.2400
ATT: -814, 72, 13281
GPS: 148329000, 1, 10, 42.6227800, -71.2071300, 0, 42.7600, 48.8900, 0.8400, 208.4300
ATT: -785, -348, 13466
GPS: 148329000, 1, 10, 42.6227800, -71.2071300, 0, 42.6700, 48.8900, 0.8400, 208.4300
ATT: -724, -501, 13636
GPS: 148329000, 1, 10, 42.6227800, -71.2071300, 0, 42.6700, 48.8900, 0.8400, 208.4300
ATT: -643, -606, 13685
GPS: 148329000, 1, 10, 42.6227800, -71.2071300, 0, 42.4100, 48.8900, 0.8400, 208.4300
ATT: -562, -635, 13627
GPS: 148329000, 1, 10, 42.6227800, -71.2071300, 0, 42.2400, 48.8900, 0.8400, 208.4300
ATT: -574, -763, 13581
GPS: 148329000, 1, 10, 42.6227800, -71.2071300, 0, 42.3300, 48.8900, 0.8400, 208.4300
ATT: -637, -894, 13543
GPS: 148329000, 1, 10, 42.6227800, -71.2071300, 0, 42.4100, 48.8900, 0.8400, 208.4300
ATT: -792, -1010, 13526
GPS: 148329000, 1, 10, 42.6227800, -71.2071300, 0, 42.4900, 48.8900, 0.8400, 208.4300
ATT: -1062, -1061, 13488
GPS: 148329000, 1, 10, 42.6227800, -71.2071300, 0, 42.4900, 48.8900, 0.8400, 208.4300
ATT: -1405, -1103, 13396
GPS: 148330000, 1, 10, 42.6227760, -71.2071300, 0, 42.5800, 49.0000, 0.0300, 208.4300
ATT: -1706, -1092, 13406
GPS: 148330000, 1, 10, 42.6227760, -71.2071300, 0, 42.6700, 49.0000, 0.0300, 208.4300
ATT: -1919, -1108, 13383
GPS: 148330000, 1, 10, 42.6227760, -71.2071300, 0, 42.6700, 49.0000, 0.0300, 208.4300
ATT: -1976, -1138, 13416
GPS: 148330000, 1, 10, 42.6227760, -71.2071300, 0, 42.6700, 49.0000, 0.0300, 208.4300
ATT: -2045, -1010, 13552
GPS: 148330000, 1, 10, 42.6227760, -71.2071300, 0, 42.7600, 49.0000, 0.0300, 208.4300
ATT: -1693, -660, 13678
GPS: 148330000, 1, 10, 42.6227760, -71.2071300, 0, 42.7600, 49.0000, 0.0300, 208.4300
ATT: -1221, -617, 13775
GPS: 148330000, 1, 10, 42.6227760, -71.2071300, 0, 42.9400, 49.0000, 0.0300, 208.4300
ATT: -698, -569, 13880
GPS: 148330000, 1, 10, 42.6227760, -71.2071300, 0, 43.0300, 49.0000, 0.0300, 208.4300
ATT: -227, -527, 13979
GPS: 148330000, 1, 10, 42.6227760, -71.2071300, 0, 43.0300, 49.0000, 0.0300, 208.4300
ATT: 56, -522, 14031
GPS: 148330000, 1, 10, 42.6227760, -71.2071300, 0, 43.0300, 49.0000, 0.0300, 208.4300
ATT: 75, -514, 14026
GPS: 148331000, 1, 10, 42.6227760, -71.2071300, 0, 43.0300, 49.2300, 0.0200, 208.4300
ATT: -105, -514, 13978
GPS: 148331000, 1, 10, 42.6227760, -71.2071300, 0, 43.0300, 49.2300, 0.0200, 208.4300
ATT: -379, -532, 13915
GPS: 148331000, 1, 10, 42.6227760, -71.2071300, 0, 43.0300, 49.2300, 0.0200, 208.4300
ATT: -618, -557, 13866
GPS: 148331000, 1, 10, 42.6227760, -71.2071300, 0, 43.0300, 49.2300, 0.0200, 208.4300
ATT: -751, -569, 13842
GPS: 148331000, 1, 10, 42.6227760, -71.2071300, 0, 43.0300, 49.2300, 0.0200, 208.4300
ATT: -758, -571, 13845
GPS: 148331000, 1, 10, 42.6227760, -71.2071300, 0, 43.0300, 49.2300, 0.0200, 208.4300
ATT: -663, -567, 13868
GPS: 148331000, 1, 10, 42.6227760, -71.2071300, 0, 43.0300, 49.2300, 0.0200, 208.4300
ATT: -532, -558, 13896
GPS: 148331000, 1, 10, 42.6227760, -71.2071300, 0, 43.0300, 49.2300, 0.0200, 208.4300
ATT: -418, -547, 13921
GPS: 148331000, 1, 10, 42.6227760, -71.2071300, 0, 43.0300, 49.2300, 0.0200, 208.4300
ATT: -356, -541, 13933
GPS: 148331000, 1, 10, 42.6227760, -71.2071300, 0, 43.0300, 49.2300, 0.0200, 208.4300
ATT: -356, -544, 13932
GPS: 148332000, 1, 10, 42.6227760, -71.2071300, 0, 42.9400, 49.4100, 0.0700, 208.4300
ATT: -402, -557, 13923
GPS: 148332000, 1, 10, 42.6227760, -71.2071300, 0, 42.8500, 49.4100, 0.0700, 208.4300
ATT: -455, -568, 13914
GPS: 148332000, 1, 10, 42.6227760, -71.2071300, 0, 42.7600, 49.4100, 0.0700, 208.4300
ATT: -494, -577, 13908
GPS: 148332000, 1, 10, 42.6227760, -71.2071300, 0, 42.6700, 49.4100, 0.0700, 208.4300
ATT: -504, -583, 13909
GPS: 148332000, 1, 10, 42.6227760, -71.2071300, 0, 42.7600, 49.4100, 0.0700, 208.4300
ATT: -485, -585, 13914
GPS: 148332000, 1, 10, 42.6227760, -71.2071300, 0, 42.8500, 49.4100, 0.0700, 208.4300
ATT: -456, -587, 13921
GPS: 148332000, 1, 10, 42.6227760, -71.2071300, 0, 42.8500, 49.4100, 0.0700, 208.4300
ATT: -438, -588, 13926
GPS: 148332000, 1, 10, 42.6227760, -71.2071300, 0, 42.8500, 49.4100, 0.0700, 208.4300
ATT: -441, -591, 13926
GPS: 148332000, 1, 10, 42.6227760, -71.2071300, 0, 42.8500, 49.4100, 0.0700, 208.4300
ATT: -456, -596, 13925
GPS: 148332000, 1, 10, 42.6227760, -71.2071300, 0, 42.8500, 49.4100, 0.0700, 208.4300
ATT: -470, -600, 13925
GPS: 148333000, 1, 10, 42.6227760, -71.2071300, 0, 42.9400, 49.4900, 0.0300, 208.4300
ATT: -471, -604, 13926
GPS: 148333000, 1, 10, 42.6227760, -71.2071300, 0, 42.9400, 49.4900, 0.0300, 208.4300
ATT: -462, -607, 13931
GPS: 148333000, 1, 10, 42.6227760, -71.2071300, 0, 42.8500, 49.4900, 0.0300, 208.4300
ATT: -451, -610, 13934
GPS: 148333000, 1, 10, 42.6227760, -71.2071300, 0, 42.8500, 49.4900, 0.0300, 208.4300
ATT: -449, -612, 13936
GPS: 148333000, 1, 10, 42.6227760, -71.2071300, 0, 42.8500, 49.4900, 0.0300, 208.4300
ATT: -457, -617, 13937
GPS: 148333000, 1, 10, 42.6227760, -71.2071300, 0, 42.8500, 49.4900, 0.0300, 208.4300
ATT: -468, -620, 13937
GPS: 148333000, 1, 10, 42.6227760, -71.2071300, 0, 42.8500, 49.4900, 0.0300, 208.4300
ATT: -473, -622, 13938
GPS: 148333000, 1, 10, 42.6227760, -71.2071300, 0, 42.8500, 49.4900, 0.0300, 208.4300
ATT: -469, -624, 13941
GPS: 148333000, 1, 10, 42.6227760, -71.2071300, 0, 42.7600, 49.4900, 0.0300, 208.4300
ATT: -458, -625, 13944
GPS: 148333000, 1, 10, 42.6227760, -71.2071300, 0, 42.6700, 49.4900, 0.0300, 208.4300
ATT: -452, -627, 13948
GPS: 148334000, 1, 10, 42.6227760, -71.2071300, 0, 42.8500, 49.6000, 0.0300, 208.4300
ATT: -454, -632, 13948
GPS: 148334000, 1, 10, 42.6227760, -71.2071300, 0, 42.9400, 49.6000, 0.0300, 208.4300
ATT: -461, -637, 13949
GPS: 148334000, 1, 10, 42.6227760, -71.2071300, 0, 42.8500, 49.6000, 0.0300, 208.4300
ATT: -465, -640, 13950
GPS: 148334000, 1, 10, 42.6227760, -71.2071300, 0, 42.7600, 49.6000, 0.0300, 208.4300
ATT: -463, -643, 13952
GPS: 148334000, 1, 10, 42.6227760, -71.2071300, 0, 42.6700, 49.6000, 0.0300, 208.4300
ATT: -458, -645, 13954
GPS: 148334000, 1, 10, 42.6227760, -71.2071300, 0, 42.5800, 49.6000, 0.0300, 208.4300
ATT: -454, -647, 13957
GPS: 148334000, 1, 10, 42.6227760, -71.2071300, 0, 42.7600, 49.6000, 0.0300, 208.4300
ATT: -457, -649, 13958
GPS: 148334000, 1, 10, 42.6227760, -71.2071300, 0, 42.8500, 49.6000, 0.0300, 208.4300
ATT: -430, -645, 13976
GPS: 148334000, 1, 10, 42.6227760, -71.2071300, 0, 42.8500, 49.6000, 0.0300, 208.4300
ATT: -282, -645, 13883
GPS: 148334000, 1, 10, 42.6227760, -71.2071300, 0, 42.8500, 49.6000, 0.0300, 208.4300
ATT: -297, -597, 13666
GPS: 148335000, 1, 10, 42.6227720, -71.2071300, 0, 42.8500, 49.7100, 0.0300, 208.4300
ATT: -277, -547, 13732
GPS: 148335000, 1, 10, 42.6227720, -71.2071300, 0, 42.8500, 49.7100, 0.0300, 208.4300
ATT: -238, -627, 13767
GPS: 148335000, 1, 10, 42.6227720, -71.2071300, 0, 42.8500, 49.7100, 0.0300, 208.4300
ATT: -69, -582, 13686
GPS: 148335000, 1, 10, 42.6227720, -71.2071300, 0, 42.8500, 49.7100, 0.0300, 208.4300
ATT: -119, -621, 13709
GPS: 148335000, 1, 10, 42.6227720, -71.2071300, 0, 42.8500, 49.7100, 0.0300, 208.4300
ATT: -88, -651, 13718
GPS: 148335000, 1, 10, 42.6227720, -71.2071300, 0, 42.8500, 49.7100, 0.0300, 208.4300
ATT: -89, -646, 13723
GPS: 148335000, 1, 10, 42.6227720, -71.2071300, 0, 42.7600, 49.7100, 0.0300, 208.4300
ATT: -96, -645, 13725
GPS: 148335000, 1, 10, 42.6227720, -71.2071300, 0, 42.6700, 49.7100, 0.0300, 208.4300
ATT: -99, -644, 13727
GPS: 148335000, 1, 10, 42.6227720, -71.2071300, 0, 42.4900, 49.7100, 0.0300, 208.4300
ATT: -103, -643, 13730
GPS: 148335000, 1, 10, 42.6227720, -71.2071300, 0, 42.4100, 49.7100, 0.0300, 208.4300
ATT: -105, -643, 13733
GPS: 148335000, 1, 10, 42.6227720, -71.2071300, 0, 42.4100, 49.7100, 0.0300, 208.4300
ATT: -108, -643, 13735
GPS: 148336000, 1, 10, 42.6227720, -71.2071300, 0, 42.4100, 49.8200, 0.0400, 208.4300
ATT: -110, -644, 13738
GPS: 148336000, 1, 10, 42.6227720, -71.2071300, 0, 42.4900, 49.8200, 0.0400, 208.4300
ATT: -111, -645, 13740
GPS: 148336000, 1, 10, 42.6227720, -71.2071300, 0, 42.5800, 49.8200, 0.0400, 208.4300
ATT: -112, -646, 13743
GPS: 148336000, 1, 10, 42.6227720, -71.2071300, 0, 42.4900, 49.8200, 0.0400, 208.4300
ATT: -113, -647, 13745
GPS: 148336000, 1, 10, 42.6227720, -71.2071300, 0, 42.4900, 49.8200, 0.0400, 208.4300
ATT: -115, -647, 13748
GPS: 148336000, 1, 10, 42.6227720, -71.2071300, 0, 42.4900, 49.8200, 0.0400, 208.4300
ATT: -116, -647, 13750
GPS: 148336000, 1, 10, 42.6227720, -71.2071300, 0, 42.4900, 49.8200, 0.0400, 208.4300
ATT: -117, -648, 13753
GPS: 148336000, 1, 10, 42.6227720, -71.2071300, 0, 42.4900, 49.8200, 0.0400, 208.4300
ATT: -119, -648, 13756
GPS: 148336000, 1, 10, 42.6227720, -71.2071300, 0, 42.4900, 49.8200, 0.0400, 208.4300
ATT: -119, -649, 13758
GPS: 148337000, 1, 10, 42.6227720, -71.2071300, 0, 42.4100, 49.8200, 0.0300, 208.4300
ATT: -120, -650, 13760
GPS: 148337000, 1, 10, 42.6227720, -71.2071300, 0, 42.3300, 49.8200, 0.0300, 208.4300
ATT: -120, -651, 13762
GPS: 148337000, 1, 10, 42.6227720, -71.2071300, 0, 42.4900, 49.8200, 0.0300, 208.4300
ATT: -122, -651, 13765
GPS: 148337000, 1, 10, 42.6227720, -71.2071300, 0, 42.6700, 49.8200, 0.0300, 208.4300
ATT: -122, -651, 13767
GPS: 148337000, 1, 10, 42.6227720, -71.2071300, 0, 42.5800, 49.8200, 0.0300, 208.4300
ATT: -123, -652, 13769
GPS: 148337000, 1, 10, 42.6227720, -71.2071300, 0, 42.4900, 49.8200, 0.0300, 208.4300
ATT: -123, -653, 13772
GPS: 148337000, 1, 10, 42.6227720, -71.2071300, 0, 42.5800, 49.8200, 0.0300, 208.4300
ATT: -123, -654, 13775
GPS: 148337000, 1, 10, 42.6227720, -71.2071300, 0, 42.5800, 49.8200, 0.0300, 208.4300
ATT: -124, -654, 13777
GPS: 148337000, 1, 10, 42.6227720, -71.2071300, 0, 42.7600, 49.8200, 0.0300, 208.4300
ATT: -124, -654, 13780
GPS: 148337000, 1, 10, 42.6227720, -71.2071300, 0, 42.8500, 49.8200, 0.0300, 208.4300
ATT: -117, -656, 13783
GPS: 148338000, 1, 10, 42.6227720, -71.2071300, 0, 42.8500, 49.7900, 0.0300, 208.4300
ATT: -119, -660, 13785
GPS: 148338000, 1, 10, 42.6227720, -71.2071300, 0, 42.8500, 49.7900, 0.0300, 208.4300
ATT: -122, -659, 13785
GPS: 148338000, 1, 10, 42.6227720, -71.2071300, 0, 42.8500, 49.7900, 0.0300, 208.4300
ATT: -125, -662, 13786
GPS: 148338000, 1, 10, 42.6227720, -71.2071300, 0, 42.8500, 49.7900, 0.0300, 208.4300
ATT: -124, -662, 13789
GPS: 148338000, 1, 10, 42.6227720, -71.2071300, 0, 42.6700, 49.7900, 0.0300, 208.4300
ATT: -124, -663, 13795
GPS: 148338000, 1, 10, 42.6227720, -71.2071300, 0, 42.5800, 49.7900, 0.0300, 208.4300
ATT: -123, -664, 13796
GPS: 148338000, 1, 10, 42.6227720, -71.2071300, 0, 42.6700, 49.7900, 0.0300, 208.4300
ATT: -128, -664, 13798
GPS: 148338000, 1, 10, 42.6227720, -71.2071300, 0, 42.6700, 49.7900, 0.0300, 208.4300
ATT: -165, -665, 13793
GPS: 148338000, 1, 10, 42.6227720, -71.2071300, 0, 42.8500, 49.7900, 0.0300, 208.4300
ATT: -190, -666, 13795
GPS: 148338000, 1, 10, 42.6227720, -71.2071300, 0, 42.9400, 49.7900, 0.0300, 208.4300
ATT: -190, -667, 13798
GPS: 148339000, 1, 10, 42.6227680, -71.2071300, 0, 43.0300, 49.7000, 0.0100, 208.4300
ATT: -192, -669, 13800
GPS: 148339000, 1, 10, 42.6227680, -71.2071300, 0, 43.1200, 49.7000, 0.0100, 208.4300
ATT: -197, -671, 13798
GPS: 148339000, 1, 10, 42.6227680, -71.2071300, 0, 42.9400, 49.7000, 0.0100, 208.4300
ATT: -206, -670, 13803
GPS: 148339000, 1, 10, 42.6227680, -71.2071300, 0, 42.8500, 49.7000, 0.0100, 208.4300
ATT: -210, -671, 13803
GPS: 148339000, 1, 10, 42.6227680, -71.2071300, 0, 42.8500, 49.7000, 0.0100, 208.4300
ATT: -204, -672, 13807
GPS: 148339000, 1, 10, 42.6227680, -71.2071300, 0, 42.8500, 49.7000, 0.0100, 208.4300
ATT: -205, -673, 13809
GPS: 148339000, 1, 10, 42.6227680, -71.2071300, 0, 42.8500, 49.7000, 0.0100, 208.4300
ATT: -201, -674, 13812
GPS: 148339000, 1, 10, 42.6227680, -71.2071300, 0, 42.8500, 49.7000, 0.0100, 208.4300
ATT: -205, -676, 13816
GPS: 148339000, 1, 10, 42.6227680, -71.2071300, 0, 42.8500, 49.7000, 0.0100, 208.4300
ATT: -209, -675, 13818
GPS: 148339000, 1, 10, 42.6227680, -71.2071300, 0, 42.8500, 49.7000, 0.0100, 208.4300
ATT: -218, -672, 13821
GPS: 148340000, 1, 10, 42.6227680, -71.2071300, 0, 42.9400, 49.6100, 0.0000, 208.4300
ATT: -219, -673, 13822
GPS: 148340000, 1, 10, 42.6227680, -71.2071300, 0, 42.9400, 49.6100, 0.0000, 208.4300
ATT: -218, -673, 13824
GPS: 148340000, 1, 10, 42.6227680, -71.2071300, 0, 42.9400, 49.6100, 0.0000, 208.4300
ATT: -219, -673, 13826
GPS: 148340000, 1, 10, 42.6227680, -71.2071300, 0, 42.9400, 49.6100, 0.0000, 208.4300
ATT: -221, -675, 13828
GPS: 148340000, 1, 10, 42.6227680, -71.2071300, 0, 42.8500, 49.6100, 0.0000, 208.4300
ATT: -221, -674, 13829
GPS: 148340000, 1, 10, 42.6227680, -71.2071300, 0, 42.7600, 49.6100, 0.0000, 208.4300
ATT: -223, -674, 13833
GPS: 148340000, 1, 10, 42.6227680, -71.2071300, 0, 42.8500, 49.6100, 0.0000, 208.4300
ATT: -220, -674, 13836
GPS: 148340000, 1, 10, 42.6227680, -71.2071300, 0, 42.9400, 49.6100, 0.0000, 208.4300
ATT: -221, -675, 13839
GPS: 148340000, 1, 10, 42.6227680, -71.2071300, 0, 42.8500, 49.6100, 0.0000, 208.4300
ATT: -226, -676, 13842
GPS: 148340000, 1, 10, 42.6227680, -71.2071300, 0, 42.7600, 49.6100, 0.0000, 208.4300
ATT: -219, -676, 13844
GPS: 148341000, 1, 10, 42.6227680, -71.2071300, 0, 42.9400, 49.5200, 0.0100, 208.4300
ATT: -220, -678, 13847
GPS: 148341000, 1, 10, 42.6227680, -71.2071300, 0, 43.1200, 49.5200, 0.0100, 208.4300
ATT: -213, -677, 13852
GPS: 148341000, 1, 10, 42.6227680, -71.2071300, 0, 43.2100, 49.5200, 0.0100, 208.4300
ATT: -206, -675, 13862
GPS: 148341000, 1, 10, 42.6227680, -71.2071300, 0, 43.3000, 49.5200, 0.0100, 208.4300
ATT: -196, -676, 13858
GPS: 148341000, 1, 10, 42.6227680, -71.2071300, 0, 43.3900, 49.5200, 0.0100, 208.4300
ATT: -210, -677, 13859
GPS: 148341000, 1, 10, 42.6227680, -71.2071300, 0, 43.3900, 49.5200, 0.0100, 208.4300
ATT: -209, -678, 13862
GPS: 148341000, 1, 10, 42.6227680, -71.2071300, 0, 43.4700, 49.5200, 0.0100, 208.4300
ATT: -210, -681, 13863
GPS: 148341000, 1, 10, 42.6227680, -71.2071300, 0, 43.5600, 49.5200, 0.0100, 208.4300
ATT: -215, -680, 13868
GPS: 148341000, 1, 10, 42.6227680, -71.2071300, 0, 43.4700, 49.5200, 0.0100, 208.4300
PM:20018,1001,20,0,0,0,0,20,1,6,2,0,0, 
ATT: -215, -681, 13870
GPS: 148341000, 1, 10, 42.6227680, -71.2071300, 0, 43.3900, 49.5200, 0.0100, 208.4300
ATT: -221, -684, 13870
GPS: 148342000, 1, 10, 42.6227680, -71.2071300, 0, 43.3000, 49.4300, 0.0100, 208.4300
ATT: -244, -687, 13868
GPS: 148342000, 1, 10, 42.6227680, -71.2071300, 0, 43.2100, 49.4300, 0.0100, 208.4300
ATT: -268, -688, 13867
GPS: 148342000, 1, 10, 42.6227680, -71.2071300, 0, 43.1200, 49.4300, 0.0100, 208.4300
ATT: -259, -685, 13870
GPS: 148342000, 1, 10, 42.6227680, -71.2071300, 0, 43.1200, 49.4300, 0.0100, 208.4300
ATT: -264, -686, 13874
GPS: 148342000, 1, 10, 42.6227680, -71.2071300, 0, 43.0300, 49.4300, 0.0100, 208.4300
ATT: -264, -687, 13877
GPS: 148342000, 1, 10, 42.6227680, -71.2071300, 0, 42.9400, 49.4300, 0.0100, 208.4300
ATT: -264, -687, 13879
GPS: 148342000, 1, 10, 42.6227680, -71.2071300, 0, 42.9400, 49.4300, 0.0100, 208.4300
ATT: -265, -687, 13881
GPS: 148342000, 1, 10, 42.6227680, -71.2071300, 0, 42.9400, 49.4300, 0.0100, 208.4300
ATT: -266, -688, 13883
GPS: 148342000, 1, 10, 42.6227680, -71.2071300, 0, 42.9400, 49.4300, 0.0100, 208.4300
ATT: -266, -688, 13885
GPS: 148342000, 1, 10, 42.6227680, -71.2071300, 0, 42.9400, 49.4300, 0.0100, 208.4300
ATT: -267, -688, 13887
GPS: 148343000, 1, 10, 42.6227650, -71.2071300, 0, 42.9400, 49.3400, 0.0100, 208.4300
ATT: -268, -688, 13890
GPS: 148343000, 1, 10, 42.6227650, -71.2071300, 0, 42.9400, 49.3400, 0.0100, 208.4300
ATT: -268, -688, 13892
GPS: 148343000, 1, 10, 42.6227650, -71.2071300, 0, 42.9400, 49.3400, 0.0100, 208.4300
ATT: -268, -688, 13895
GPS: 148343000, 1, 10, 42.6227650, -71.2071300, 0, 42.9400, 49.3400, 0.0100, 208.4300
ATT: -269, -689, 13897
GPS: 148343000, 1, 10, 42.6227650, -71.2071300, 0, 42.8500, 49.3400, 0.0100, 208.4300
ATT: -269, -689, 13900
GPS: 148343000, 1, 10, 42.6227650, -71.2071300, 0, 42.7600, 49.3400, 0.0100, 208.4300
ATT: -270, -689, 13902
GPS: 148343000, 1, 10, 42.6227650, -71.2071300, 0, 42.9400, 49.3400, 0.0100, 208.4300
ATT: -270, -689, 13905
GPS: 148343000, 1, 10, 42.6227650, -71.2071300, 0, 43.0300, 49.3400, 0.0100, 208.4300
ATT: -270, -689, 13908
GPS: 148343000, 1, 10, 42.6227650, -71.2071300, 0, 43.0300, 49.3400, 0.0100, 208.4300
ATT: -270, -689, 13910
GPS: 148343000, 1, 10, 42.6227650, -71.2071300, 0, 43.0300, 49.3400, 0.0100, 208.4300
ATT: -270, -689, 13912
GPS: 148344000, 1, 10, 42.6227650, -71.2071300, 0, 42.9400, 49.2500, 0.0000, 208.4300
ATT: -271, -689, 13915
GPS: 148344000, 1, 10, 42.6227650, -71.2071300, 0, 42.9400, 49.2500, 0.0000, 208.4300
ATT: -271, -689, 13917
GPS: 148344000, 1, 10, 42.6227650, -71.2071300, 0, 42.9400, 49.2500, 0.0000, 208.4300
ATT: -271, -689, 13920
GPS: 148344000, 1, 10, 42.6227650, -71.2071300, 0, 42.9400, 49.2500, 0.0000, 208.4300
ATT: -272, -690, 13922
GPS: 148344000, 1, 10, 42.6227650, -71.2071300, 0, 43.0300, 49.2500, 0.0000, 208.4300
ATT: -272, -689, 13925
GPS: 148344000, 1, 10, 42.6227650, -71.2071300, 0, 43.1200, 49.2500, 0.0000, 208.4300
ATT: -273, -689, 13927
GPS: 148344000, 1, 10, 42.6227650, -71.2071300, 0, 43.1200, 49.2500, 0.0000, 208.4300
ATT: -272, -689, 13930
GPS: 148344000, 1, 10, 42.6227650, -71.2071300, 0, 43.1200, 49.2500, 0.0000, 208.4300
ATT: -143, -673, 13961
GPS: 148344000, 1, 10, 42.6227650, -71.2071300, 0, 43.1200, 49.2500, 0.0000, 208.4300
ATT: -97, -675, 13959
GPS: 148344000, 1, 10, 42.6227650, -71.2071300, 0, 43.1200, 49.2500, 0.0000, 208.4300
ATT: -83, -679, 13965
GPS: 148345000, 1, 10, 42.6227650, -71.2071300, 0, 43.2100, 49.2000, 0.0200, 208.4300
ATT: -46, -677, 13974
GPS: 148345000, 1, 10, 42.6227650, -71.2071300, 0, 43.3000, 49.2000, 0.0200, 208.4300
ATT: 36, -664, 13980
GPS: 148345000, 1, 10, 42.6227650, -71.2071300, 0, 43.3000, 49.2000, 0.0200, 208.4300
ATT: 61, -658, 13977
GPS: 148345000, 1, 10, 42.6227650, -71.2071300, 0, 43.3000, 49.2000, 0.0200, 208.4300
ATT: 81, -670, 13988
GPS: 148345000, 1, 10, 42.6227650, -71.2071300, 0, 43.3000, 49.2000, 0.0200, 208.4300
ATT: 104, -675, 13999
GPS: 148345000, 1, 10, 42.6227650, -71.2071300, 0, 43.3000, 49.2000, 0.0200, 208.4300
ATT: 133, -674, 14003
GPS: 148345000, 1, 10, 42.6227650, -71.2071300, 0, 43.3900, 49.2000, 0.0200, 208.4300
ATT: 123, -672, 14003
GPS: 148345000, 1, 10, 42.6227650, -71.2071300, 0, 43.3900, 49.2000, 0.0200, 208.4300
ATT: 112, -672, 14005
GPS: 148345000, 1, 10, 42.6227650, -71.2071300, 0, 43.3900, 49.2000, 0.0200, 208.4300
ATT: 107, -672, 14007
GPS: 148345000, 1, 10, 42.6227650, -71.2071300, 0, 43.3900, 49.2000, 0.0200, 208.4300
ATT: 71, -674, 13996
GPS: 148346000, 1, 10, 42.6227610, -71.2071300, 0, 43.4700, 49.4300, 0.0400, 208.4300
ATT: 11, -672, 13986
GPS: 148346000, 1, 10, 42.6227610, -71.2071300, 0, 43.5600, 49.4300, 0.0400, 208.4300
ATT: 7, -672, 13992
GPS: 148346000, 1, 10, 42.6227610, -71.2071300, 0, 43.4700, 49.4300, 0.0400, 208.4300
ATT: 5, -673, 13993
GPS: 148346000, 1, 10, 42.6227610, -71.2071300, 0, 43.3900, 49.4300, 0.0400, 208.4300
ATT: 4, -673, 13996
GPS: 148346000, 1, 10, 42.6227610, -71.2071300, 0, 43.3900, 49.4300, 0.0400, 208.4300
ATT: 4, -674, 13998
GPS: 148346000, 1, 10, 42.6227610, -71.2071300, 0, 43.3900, 49.4300, 0.0400, 208.4300
ATT: 3, -674, 14001
GPS: 148346000, 1, 10, 42.6227610, -71.2071300, 0, 43.3000, 49.4300, 0.0400, 208.4300
ATT: 4, -675, 14003
GPS: 148346000, 1, 10, 42.6227610, -71.2071300, 0, 43.3000, 49.4300, 0.0400, 208.4300
ATT: 3, -675, 14006
GPS: 148346000, 1, 10, 42.6227610, -71.2071300, 0, 43.2100, 49.4300, 0.0400, 208.4300
ATT: 3, -675, 14010
GPS: 148346000, 1, 10, 42.6227610, -71.2071300, 0, 43.1200, 49.4300, 0.0400, 208.4300
ATT: 2, -674, 14013
GPS: 148347000, 1, 10, 42.6227610, -71.2071300, 0, 43.1200, 49.5900, 0.0200, 208.4300
ATT: 2, -674, 14016
GPS: 148347000, 1, 10, 42.6227610, -71.2071300, 0, 43.1200, 49.5900, 0.0200, 208.4300
ATT: 2, -674, 14018
GPS: 148347000, 1, 10, 42.6227610, -71.2071300, 0, 43.1200, 49.5900, 0.0200, 208.4300
ATT: 2, -674, 14021
GPS: 148347000, 1, 10, 42.6227610, -71.2071300, 0, 43.1200, 49.5900, 0.0200, 208.4300
ATT: 2, -674, 14024
GPS: 148347000, 1, 10, 42.6227610, -71.2071300, 0, 43.1200, 49.5900, 0.0200, 208.4300
ATT: 2, -674, 14027
GPS: 148347000, 1, 10, 42.6227610, -71.2071300, 0, 43.1200, 49.5900, 0.0200, 208.4300
ATT: 2, -674, 14030
GPS: 148347000, 1, 10, 42.6227610, -71.2071300, 0, 43.1200, 49.5900, 0.0200, 208.4300
ATT: 1, -673, 14033
GPS: 148347000, 1, 10, 42.6227610, -71.2071300, 0, 43.1200, 49.5900, 0.0200, 208.4300
ATT: 0, -673, 14035
GPS: 148347000, 1, 10, 42.6227610, -71.2071300, 0, 43.1200, 49.5900, 0.0200, 208.4300
ATT: 0, -673, 14038
GPS: 148347000, 1, 10, 42.6227610, -71.2071300, 0, 43.1200, 49.5900, 0.0200, 208.4300
ATT: 0, -673, 14041
GPS: 148347000, 1, 10, 42.6227610, -71.2071300, 0, 43.2100, 49.5900, 0.0200, 208.4300
ATT: 0, -672, 14044
GPS: 148348000, 1, 10, 42.6227610, -71.2071300, 0, 43.2100, 49.4500, 0.0300, 208.4300
ATT: 0, -672, 14046
GPS: 148348000, 1, 10, 42.6227610, -71.2071300, 0, 43.2100, 49.4500, 0.0300, 208.4300
ATT: 0, -672, 14048
GPS: 148348000, 1, 10, 42.6227610, -71.2071300, 0, 43.2100, 49.4500, 0.0300, 208.4300
ATT: 0, -673, 14051
GPS: 148348000, 1, 10, 42.6227610, -71.2071300, 0, 43.3000, 49.4500, 0.0300, 208.4300
ATT: -1, -672, 14054
GPS: 148348000, 1, 10, 42.6227610, -71.2071300, 0, 43.3900, 49.4500, 0.0300, 208.4300
ATT: -1, -672, 14057
GPS: 148348000, 1, 10, 42.6227610, -71.2071300, 0, 43.3900, 49.4500, 0.0300, 208.4300
ATT: -1, -671, 14059
GPS: 148348000, 1, 10, 42.6227610, -71.2071300, 0, 43.3900, 49.4500, 0.0300, 208.4300
ATT: -2, -672, 14062
GPS: 148348000, 1, 10, 42.6227610, -71.2071300, 0, 43.3900, 49.4500, 0.0300, 208.4300
ATT: -2, -672, 14065
GPS: 148348000, 1, 10, 42.6227610, -71.2071300, 0, 43.3900, 49.4500, 0.0300, 208.4300
ATT: -2, -672, 14068
GPS: 148349000, 1, 10, 42.6227610, -71.2071300, 0, 43.4700, 49.3400, 0.0100, 208.4300
ATT: -2, -672, 14071
GPS: 148349000, 1, 10, 42.6227610, -71.2071300, 0, 43.5600, 49.3400, 0.0100, 208.4300
ATT: -1, -672, 14073
GPS: 148349000, 1, 10, 42.6227610, -71.2071300, 0, 43.5600, 49.3400, 0.0100, 208.4300
ATT: -1, -672, 14076
GPS: 148349000, 1, 10, 42.6227610, -71.2071300, 0, 43.5600, 49.3400, 0.0100, 208.4300
ATT: -1, -672, 14079
GPS: 148349000, 1, 10, 42.6227610, -71.2071300, 0, 43.5600, 49.3400, 0.0100, 208.4300
ATT: -1, -672, 14081
GPS: 148349000, 1, 10, 42.6227610, -71.2071300, 0, 43.5600, 49.3400, 0.0100, 208.4300
ATT: -1, -671, 14084
GPS: 148349000, 1, 10, 42.6227610, -71.2071300, 0, 43.5600, 49.3400, 0.0100, 208.4300
ATT: -2, -672, 14087
GPS: 148349000, 1, 10, 42.6227610, -71.2071300, 0, 43.5600, 49.3400, 0.0100, 208.4300
ATT: -1, -671, 14090
GPS: 148349000, 1, 10, 42.6227610, -71.2071300, 0, 43.5600, 49.3400, 0.0100, 208.4300
ATT: -1, -671, 14093
GPS: 148349000, 1, 10, 42.6227610, -71.2071300, 0, 43.5600, 49.3400, 0.0100, 208.4300
ATT: -1, -671, 14096
GPS: 148349000, 1, 10, 42.6227610, -71.2071300, 0, 43.5600, 49.3400, 0.0100, 208.4300
ATT: -1, -671, 14100
GPS: 148350000, 1, 10, 42.6227570, -71.2071300, 0, 43.5600, 49.2100, 0.0200, 208.4300
ATT: -1, -671, 14103
GPS: 148350000, 1, 10, 42.6227570, -71.2071300, 0, 43.5600, 49.2100, 0.0200, 208.4300
ATT: -1, -671, 14106
GPS: 148350000, 1, 10, 42.6227570, -71.2071300, 0, 43.5600, 49.2100, 0.0200, 208.4300
ATT: -1, -671, 14109
GPS: 148350000, 1, 10, 42.6227570, -71.2071300, 0, 43.4700, 49.2100, 0.0200, 208.4300
ATT: -1, -671, 14112
GPS: 148350000, 1, 10, 42.6227570, -71.2071300, 0, 43.3900, 49.2100, 0.0200, 208.4300
ATT: 0, -671, 14115
GPS: 148350000, 1, 10, 42.6227570, -71.2071300, 0, 43.4700, 49.2100, 0.0200, 208.4300
ATT: -1, -671, 14119
GPS: 148350000, 1, 10, 42.6227570, -71.2071300, 0, 43.5600, 49.2100, 0.0200, 208.4300
ATT: -1, -671, 14122
GPS: 148350000, 1, 10, 42.6227570, -71.2071300, 0, 43.6500, 49.2100, 0.0200, 208.4300
ATT: -1, -670, 14125
GPS: 148350000, 1, 10, 42.6227570, -71.2071300, 0, 43.6500, 49.2100, 0.0200, 208.4300
ATT: -1, -670, 14128
GPS: 148351000, 1, 10, 42.6227570, -71.2071300, 0, 43.6500, 49.0900, 0.0200, 208.4300
ATT: -1, -670, 14132
GPS: 148351000, 1, 10, 42.6227570, -71.2071300, 0, 43.6500, 49.0900, 0.0200, 208.4300
ATT: -2, -670, 14135
GPS: 148351000, 1, 10, 42.6227570, -71.2071300, 0, 43.5600, 49.0900, 0.0200, 208.4300
ATT: -2, -670, 14138
GPS: 148351000, 1, 10, 42.6227570, -71.2071300, 0, 43.5600, 49.0900, 0.0200, 208.4300
ATT: -2, -670, 14141
GPS: 148351000, 1, 10, 42.6227570, -71.2071300, 0, 43.4700, 49.0900, 0.0200, 208.4300
ATT: -2, -671, 14144
GPS: 148351000, 1, 10, 42.6227570, -71.2071300, 0, 43.4700, 49.0900, 0.0200, 208.4300
ATT: -2, -670, 14147
GPS: 148351000, 1, 10, 42.6227570, -71.2071300, 0, 43.3000, 49.0900, 0.0200, 208.4300
ATT: -2, -671, 14150
GPS: 148351000, 1, 10, 42.6227570, -71.2071300, 0, 43.2100, 49.0900, 0.0200, 208.4300
ATT: -2, -671, 14153
GPS: 148351000, 1, 10, 42.6227570, -71.2071300, 0, 43.3900, 49.0900, 0.0200, 208.4300
ATT: -2, -671, 14156
GPS: 148351000, 1, 10, 42.6227570, -71.2071300, 0, 43.4700, 49.0900, 0.0200, 208.4300
ATT: -2, -672, 14159
GPS: 148352000, 1, 10, 42.6227570, -71.2071300, 0, 43.3000, 48.9700, 0.0200, 208.4300
ATT: -2, -672, 14162
GPS: 148352000, 1, 10, 42.6227570, -71.2071300, 0, 43.2100, 48.9700, 0.0200, 208.4300
ATT: -2, -672, 14165
GPS: 148352000, 1, 10, 42.6227570, -71.2071300, 0, 43.2100, 48.9700, 0.0200, 208.4300
ATT: -2, -672, 14167
GPS: 148352000, 1, 10, 42.6227570, -71.2071300, 0, 43.2100, 48.9700, 0.0200, 208.4300
ATT: -2, -671, 14170
GPS: 148352000, 1, 10, 42.6227570, -71.2071300, 0, 43.2100, 48.9700, 0.0200, 208.4300
ATT: -2, -671, 14174
GPS: 148352000, 1, 10, 42.6227570, -71.2071300, 0, 43.2100, 48.9700, 0.0200, 208.4300
ATT: -2, -671, 14177
GPS: 148352000, 1, 10, 42.6227570, -71.2071300, 0, 43.1200, 48.9700, 0.0200, 208.4300
ATT: -2, -670, 14180
GPS: 148352000, 1, 10, 42.6227570, -71.2071300, 0, 43.1200, 48.9700, 0.0200, 208.4300
ATT: -2, -670, 14183
GPS: 148352000, 1, 10, 42.6227570, -71.2071300, 0, 43.0300, 48.9700, 0.0200, 208.4300
ATT: -2, -671, 14186
GPS: 148352000, 1, 10, 42.6227570, -71.2071300, 0, 42.9400, 48.9700, 0.0200, 208.4300
ATT: -3, -670, 14189
GPS: 148352000, 1, 10, 42.6227570, -71.2071300, 0, 43.0300, 48.9700, 0.0200, 208.4300
ATT: -3, -671, 14192
GPS: 148353000, 1, 10, 42.6227570, -71.2071300, 0, 43.0300, 48.8500, 0.0200, 208.4300
ATT: -3, -671, 14195
GPS: 148353000, 1, 10, 42.6227570, -71.2071300, 0, 43.0300, 48.8500, 0.0200, 208.4300
ATT: -3, -671, 14198
GPS: 148353000, 1, 10, 42.6227570, -71.2071300, 0, 43.0300, 48.8500, 0.0200, 208.4300
ATT: -3, -672, 14201
GPS: 148353000, 1, 10, 42.6227570, -71.2071300, 0, 43.1200, 48.8500, 0.0200, 208.4300
ATT: -3, -672, 14204
GPS: 148353000, 1, 10, 42.6227570, -71.2071300, 0, 43.1200, 48.8500, 0.0200, 208.4300
ATT: -3, -672, 14207
GPS: 148353000, 1, 10, 42.6227570, -71.2071300, 0, 43.2100, 48.8500, 0.0200, 208.4300
ATT: -4, -672, 14210
GPS: 148353000, 1, 10, 42.6227570, -71.2071300, 0, 43.2100, 48.8500, 0.0200, 208.4300
ATT: -3, -671, 14214
GPS: 148353000, 1, 10, 42.6227570, -71.2071300, 0, 43.0300, 48.8500, 0.0200, 208.4300
ATT: -4, -672, 14216
GPS: 148353000, 1, 10, 42.6227570, -71.2071300, 0, 42.9400, 48.8500, 0.0200, 208.4300
ATT: -4, -672, 14219
GPS: 148354000, 1, 10, 42.6227570, -71.2071300, 0, 43.0300, 48.7400, 0.0200, 208.4300
ATT: -3, -672, 14223
GPS: 148354000, 1, 10, 42.6227570, -71.2071300, 0, 43.1200, 48.7400, 0.0200, 208.4300
ATT: 13, -683, 14232
GPS: 148354000, 1, 10, 42.6227570, -71.2071300, 0, 43.0300, 48.7400, 0.0200, 208.4300
ATT: 6, -677, 14234
GPS: 148354000, 1, 10, 42.6227570, -71.2071300, 0, 42.9400, 48.7400, 0.0200, 208.4300
ATT: -37, -661, 14239
GPS: 148354000, 1, 10, 42.6227570, -71.2071300, 0, 43.0300, 48.7400, 0.0200, 208.4300
ATT: -51, -658, 14227
GPS: 148354000, 1, 10, 42.6227570, -71.2071300, 0, 43.1200, 48.7400, 0.0200, 208.4300
ATT: -57, -657, 14230
GPS: 148354000, 1, 10, 42.6227570, -71.2071300, 0, 43.1200, 48.7400, 0.0200, 208.4300
ATT: -73, -657, 14235
GPS: 148354000, 1, 10, 42.6227570, -71.2071300, 0, 43.1200, 48.7400, 0.0200, 208.4300
ATT: -46, -671, 14245
GPS: 148354000, 1, 10, 42.6227570, -71.2071300, 0, 43.1200, 48.7400, 0.0200, 208.4300
ATT: -52, -636, 14236
GPS: 148354000, 1, 10, 42.6227570, -71.2071300, 0, 43.1200, 48.7400, 0.0200, 208.4300
ATT: -43, -606, 14218
GPS: 148354000, 1, 10, 42.6227570, -71.2071300, 0, 43.2100, 48.7400, 0.0200, 208.4300
ATT: -35, -606, 14235
GPS: 148355000, 1, 9, 42.6227570, -71.2071300, 0, 43.3000, 48.6400, 0.0400, 208.4300
ATT: -22, -594, 14260
GPS: 148355000, 1, 9, 42.6227570, -71.2071300, 0, 43.1200, 48.6400, 0.0400, 208.4300
ATT: -13, -602, 14265
GPS: 148355000, 1, 9, 42.6227570, -71.2071300, 0, 43.0300, 48.6400, 0.0400, 208.4300
ATT: -48, -611, 14212
GPS: 148355000, 1, 9, 42.6227570, -71.2071300, 0, 42.9400, 48.6400, 0.0400, 208.4300
ATT: -110, -529, 14234
GPS: 148355000, 1, 9, 42.6227570, -71.2071300, 0, 42.9400, 48.6400, 0.0400, 208.4300
ATT: -64, -581, 14250
GPS: 148355000, 1, 9, 42.6227570, -71.2071300, 0, 42.9400, 48.6400, 0.0400, 208.4300
ATT: -124, -534, 14213
GPS: 148355000, 1, 9, 42.6227570, -71.2071300, 0, 42.9400, 48.6400, 0.0400, 208.4300
ATT: -96, -567, 14271
GPS: 148355000, 1, 9, 42.6227570, -71.2071300, 0, 43.0300, 48.6400, 0.0400, 208.4300
ATT: -53, -619, 14253
GPS: 148355000, 1, 9, 42.6227570, -71.2071300, 0, 43.1200, 48.6400, 0.0400, 208.4300
ATT: -121, -530, 14183
GPS: 148355000, 1, 9, 42.6227570, -71.2071300, 0, 43.1200, 48.6400, 0.0400, 208.4300
ATT: -62, -582, 14202
GPS: 148356000, 1, 9, 42.6227570, -71.2071300, 0, 43.1200, 48.6400, 0.0600, 208.4300
ATT: -10, -596, 14244
GPS: 148356000, 1, 9, 42.6227570, -71.2071300, 0, 43.3000, 48.6400, 0.0600, 208.4300
ATT: -28, -553, 14254
GPS: 148356000, 1, 9, 42.6227570, -71.2071300, 0, 43.3900, 48.6400, 0.0600, 208.4300
ATT: -56, -574, 14242
GPS: 148356000, 1, 9, 42.6227570, -71.2071300, 0, 43.3900, 48.6400, 0.0600, 208.4300
ATT: -40, -593, 14247
GPS: 148356000, 1, 9, 42.6227570, -71.2071300, 0, 43.3900, 48.6400, 0.0600, 208.4300
ATT: -76, -560, 14279
GPS: 148356000, 1, 9, 42.6227570, -71.2071300, 0, 43.3000, 48.6400, 0.0600, 208.4300
ATT: -101, -556, 14297
GPS: 148356000, 1, 9, 42.6227570, -71.2071300, 0, 43.3000, 48.6400, 0.0600, 208.4300
ATT: -72, -597, 14278
GPS: 148356000, 1, 9, 42.6227570, -71.2071300, 0, 43.3000, 48.6400, 0.0600, 208.4300
ATT: -103, -581, 14264
GPS: 148356000, 1, 9, 42.6227570, -71.2071300, 0, 43.3000, 48.6400, 0.0600, 208.4300
ATT: -90, -592, 14275
GPS: 148356000, 1, 9, 42.6227570, -71.2071300, 0, 43.3000, 48.6400, 0.0600, 208.4300
ATT: -79, -596, 14294
GPS: 148357000, 1, 10, 42.6227570, -71.2071300, 0, 43.3000, 48.6200, 0.0900, 208.4300
ATT: -125, -555, 14286
GPS: 148357000, 1, 10, 42.6227570, -71.2071300, 0, 43.2100, 48.6200, 0.0900, 208.4300
