Dumping Log 7,    start pg 357,   end pg 370

ArduPlane V2.33
Free RAM: 3417
GROUND START -  1 commands in memory
CMD:0,16,0,4518,425742676,-712814811, 
CMD:1,17,0,15000,426236128,712078080, 
MOD:Manual
PM:27609,1,198,0,0,1,0,1,1,5,5,-1,0, 
ATT: 493, -205, 31468
GPS: 58128000, 1, 7, 42.5742610, -71.2814870, 0, -0.1700, 43.5900, 0.0500, 0.0000
ATT: 531, -217, 31435
GPS: 58128000, 1, 7, 42.5742610, -71.2814870, 0, 0.5300, 43.5900, 0.0500, 0.0000
ATT: 556, -181, 31387
GPS: 58128000, 1, 7, 42.5742610, -71.2814870, 0, 0.9800, 43.5900, 0.0500, 0.0000
ATT: 565, -79, 31341
GPS: 58128000, 1, 7, 42.5742610, -71.2814870, 0, 1.0700, 43.5900, 0.0500, 0.0000
ATT: 617, 40, 31294
GPS: 58128000, 1, 7, 42.5742610, -71.2814870, 0, 1.0700, 43.5900, 0.0500, 0.0000
ATT: 704, 162, 31263
GPS: 58128000, 1, 7, 42.5742610, -71.2814870, 0, 1.1500, 43.5900, 0.0500, 0.0000
ATT: 760, 278, 31225
GPS: 58128000, 1, 7, 42.5742610, -71.2814870, 0, 1.1500, 43.5900, 0.0500, 0.0000
ATT: 800, 353, 31184
GPS: 58128000, 1, 7, 42.5742610, -71.2814870, 0, 0.9800, 43.5900, 0.0500, 0.0000
ATT: 846, 376, 31154
GPS: 58128000, 1, 7, 42.5742610, -71.2814870, 0, 0.8900, 43.5900, 0.0500, 0.0000
ATT: 873, 339, 31136
GPS: 58128000, 1, 7, 42.5742610, -71.2814870, 0, 0.7100, 43.5900, 0.0500, 0.0000
ATT: 891, 266, 31125
GPS: 58128000, 1, 7, 42.5742610, -71.2814870, 0, 0.6200, 43.5900, 0.0500, 0.0000
ATT: 880, 143, 31133
GPS: 58128000, 1, 7, 42.5742610, -71.2814870, 0, 0.3500, 43.5900, 0.0500, 0.0000
ATT: 843, 0, 31171
GPS: 58128000, 1, 7, 42.5742610, -71.2814870, 0, 0.1700, 43.5900, 0.0500, 0.0000
ATT: 806, -62, 31228
GPS: 58128000, 1, 7, 42.5742610, -71.2814870, 0, 0.1700, 43.5900, 0.0500, 0.0000
ATT: 785, -46, 31303
GPS: 58128000, 1, 7, 42.5742610, -71.2814870, 0, 0.1700, 43.5900, 0.0500, 0.0000
ATT: 769, -9, 31341
GPS: 58128000, 1, 7, 42.5742610, -71.2814870, 0, 0.0800, 43.5900, 0.0500, 0.0000
ATT: 777, 20, 31319
GPS: 58128000, 1, 7, 42.5742610, -71.2814870, 0, 0.0800, 43.5900, 0.0500, 0.0000
ATT: 809, 23, 31257
GPS: 58128000, 1, 7, 42.5742610, -71.2814870, 0, 0.0000, 43.5900, 0.0500, 0.0000
ATT: 827, -1, 31179
GPS: 58128000, 1, 7, 42.5742610, -71.2814870, 0, -0.0800, 43.5900, 0.0500, 0.0000
ATT: 822, -42, 31118
GPS: 58128000, 1, 7, 42.5742610, -71.2814870, 0, -0.0800, 43.5900, 0.0500, 0.0000
ATT: 855, -17, 31093
GPS: 58132000, 1, 6, 42.5742610, -71.2814870, 0, -0.0800, 44.1600, 0.0400, 0.0000
ATT: 930, 73, 31098
GPS: 58132000, 1, 6, 42.5742610, -71.2814870, 0, 0.0000, 44.1600, 0.0400, 0.0000
ATT: 981, 179, 31104
GPS: 58132000, 1, 6, 42.5742610, -71.2814870, 0, 0.0800, 44.1600, 0.0400, 0.0000
ATT: 975, 225, 31108
GPS: 58132000, 1, 6, 42.5742610, -71.2814870, 0, 0.0000, 44.1600, 0.0400, 0.0000
ATT: 973, 213, 31099
GPS: 58132000, 1, 6, 42.5742610, -71.2814870, 0, -0.0800, 44.1600, 0.0400, 0.0000
ATT: 952, 100, 31090
GPS: 58132000, 1, 6, 42.5742610, -71.2814870, 0, -0.1700, 44.1600, 0.0400, 0.0000
ATT: 890, -84, 31071
GPS: 58132000, 1, 6, 42.5742610, -71.2814870, 0, -0.2600, 44.1600, 0.0400, 0.0000
ATT: 810, -264, 31057
GPS: 58132000, 1, 6, 42.5742610, -71.2814870, 0, -0.4400, 44.1600, 0.0400, 0.0000
ATT: 763, -356, 31103
GPS: 58132000, 1, 6, 42.5742610, -71.2814870, 0, -0.5300, 44.1600, 0.0400, 0.0000
ATT: 755, -385, 31189
GPS: 58132000, 1, 6, 42.5742610, -71.2814870, 0, -0.5300, 44.1600, 0.0400, 0.0000
ATT: 735, -372, 31269
GPS: 58133000, 1, 6, 42.5742610, -71.2814870, 0, -0.5300, 44.2900, 0.0400, 0.0000
ATT: 700, -351, 31280
GPS: 58133000, 1, 6, 42.5742610, -71.2814870, 0, -0.6200, 44.2900, 0.0400, 0.0000
ATT: 655, -320, 31220
GPS: 58133000, 1, 6, 42.5742610, -71.2814870, 0, -0.7100, 44.2900, 0.0400, 0.0000
ATT: 635, -311, 31133
GPS: 58133000, 1, 6, 42.5742610, -71.2814870, 0, -0.7100, 44.2900, 0.0400, 0.0000
ATT: 653, -300, 31064
GPS: 58133000, 1, 6, 42.5742610, -71.2814870, 0, -0.7100, 44.2900, 0.0400, 0.0000
ATT: 701, -248, 30987
GPS: 58133000, 1, 6, 42.5742610, -71.2814870, 0, -0.7100, 44.2900, 0.0400, 0.0000
ATT: 734, -122, 30892
GPS: 58133000, 1, 6, 42.5742610, -71.2814870, 0, -0.7100, 44.2900, 0.0400, 0.0000
ATT: 741, 41, 30777
GPS: 58133000, 1, 6, 42.5742610, -71.2814870, 0, -0.8000, 44.2900, 0.0400, 0.0000
ATT: 717, 195, 30670
GPS: 58133000, 1, 6, 42.5742610, -71.2814870, 0, -0.8900, 44.2900, 0.0400, 0.0000
ATT: 669, 302, 30575
GPS: 58133000, 1, 6, 42.5742610, -71.2814870, 0, -0.8900, 44.2900, 0.0400, 0.0000
ATT: 603, 336, 30490
GPS: 58134000, 1, 7, 42.5742570, -71.2814870, 0, -0.8900, 44.4000, 0.0600, 0.0000
ATT: 548, 337, 30407
GPS: 58134000, 1, 7, 42.5742570, -71.2814870, 0, -0.8000, 44.4000, 0.0600, 0.0000
ATT: 530, 332, 30325
GPS: 58134000, 1, 7, 42.5742570, -71.2814870, 0, -0.7100, 44.4000, 0.0600, 0.0000
ATT: 517, 305, 30271
GPS: 58134000, 1, 7, 42.5742570, -71.2814870, 0, -0.5300, 44.4000, 0.0600, 0.0000
ATT: 537, 274, 30258
GPS: 58134000, 1, 7, 42.5742570, -71.2814870, 0, -0.4400, 44.4000, 0.0600, 0.0000
ATT: 537, 300, 30274
GPS: 58134000, 1, 7, 42.5742570, -71.2814870, 0, -0.3500, 44.4000, 0.0600, 0.0000
ATT: 468, 341, 30327
GPS: 58134000, 1, 7, 42.5742570, -71.2814870, 0, -0.3500, 44.4000, 0.0600, 0.0000
ATT: 393, 371, 30448
GPS: 58134000, 1, 7, 42.5742570, -71.2814870, 0, -0.6200, 44.4000, 0.0600, 0.0000
ATT: 348, 413, 30616
GPS: 58134000, 1, 7, 42.5742570, -71.2814870, 0, -0.8000, 44.4000, 0.0600, 0.0000
ATT: 345, 453, 30779
GPS: 58134000, 1, 7, 42.5742570, -71.2814870, 0, -0.8000, 44.4000, 0.0600, 0.0000
ATT: 396, 523, 30918
GPS: 58135000, 1, 7, 42.5742530, -71.2814870, 0, 43.6700, 44.4700, 0.1500, 0.0000
ATT: 448, 576, 30952
GPS: 58135000, 1, 7, 42.5742530, -71.2814870, 0, 43.6700, 44.4700, 0.1500, 0.0000
ATT: 430, 595, 30953
GPS: 58135000, 1, 7, 42.5742530, -71.2814870, 0, 43.6700, 44.4700, 0.1500, 0.0000
ATT: 389, 558, 30948
GPS: 58135000, 1, 7, 42.5742530, -71.2814870, 0, 43.6700, 44.4700, 0.1500, 0.0000
ATT: 341, 523, 30950
GPS: 58135000, 1, 7, 42.5742530, -71.2814870, 0, 43.6700, 44.4700, 0.1500, 0.0000
ATT: 295, 479, 30970
GPS: 58135000, 1, 7, 42.5742530, -71.2814870, 0, 43.5800, 44.4700, 0.1500, 0.0000
ATT: 232, 377, 31019
GPS: 58135000, 1, 7, 42.5742530, -71.2814870, 0, 43.5800, 44.4700, 0.1500, 0.0000
ATT: 138, 301, 31093
GPS: 58135000, 1, 7, 42.5742530, -71.2814870, 0, 43.4900, 44.4700, 0.1500, 0.0000
ATT: 84, 218, 31239
GPS: 58135000, 1, 7, 42.5742530, -71.2814870, 0, 43.4900, 44.4700, 0.1500, 0.0000
ATT: 114, 124, 31463
GPS: 58135000, 1, 7, 42.5742530, -71.2814870, 0, 43.5800, 44.4700, 0.1500, 0.0000
ATT: 158, 74, 31711
GPS: 58136000, 1, 7, 42.5742530, -71.2814870, 0, 43.5800, 44.5500, 0.0300, 0.0000
ATT: 185, 58, 31934
GPS: 58136000, 1, 7, 42.5742530, -71.2814870, 0, 43.5800, 44.5500, 0.0300, 0.0000
ATT: 202, 129, 32111
GPS: 58136000, 1, 7, 42.5742530, -71.2814870, 0, 43.5800, 44.5500, 0.0300, 0.0000
ATT: 217, 246, 32248
GPS: 58136000, 1, 7, 42.5742530, -71.2814870, 0, 43.6700, 44.5500, 0.0300, 0.0000
ATT: 197, 364, 32346
GPS: 58136000, 1, 7, 42.5742530, -71.2814870, 0, 43.7600, 44.5500, 0.0300, 0.0000
ATT: 169, 408, 32427
GPS: 58136000, 1, 7, 42.5742530, -71.2814870, 0, 43.6700, 44.5500, 0.0300, 0.0000
ATT: 183, 418, 32510
GPS: 58136000, 1, 7, 42.5742530, -71.2814870, 0, 43.5800, 44.5500, 0.0300, 0.0000
ATT: 252, 410, 32644
GPS: 58136000, 1, 7, 42.5742530, -71.2814870, 0, 43.6700, 44.5500, 0.0300, 0.0000
ATT: 366, 359, 32843
GPS: 58136000, 1, 7, 42.5742530, -71.2814870, 0, 43.7600, 44.5500, 0.0300, 0.0000
ATT: 484, 217, 33065
GPS: 58136000, 1, 7, 42.5742530, -71.2814870, 0, 43.8500, 44.5500, 0.0300, 0.0000
ATT: 517, 117, 33288
GPS: 58137000, 1, 7, 42.5742490, -71.2814870, 0, 43.8500, 44.5700, 0.1000, 0.0000
ATT: 518, -30, 33400
GPS: 58137000, 1, 7, 42.5742490, -71.2814870, 0, 43.7600, 44.5700, 0.1000, 0.0000
ATT: 480, -137, 33439
GPS: 58137000, 1, 7, 42.5742490, -71.2814870, 0, 43.6700, 44.5700, 0.1000, 0.0000
ATT: 489, -299, 33473
GPS: 58137000, 1, 7, 42.5742490, -71.2814870, 0, 43.7600, 44.5700, 0.1000, 0.0000
ATT: 518, -368, 33414
GPS: 58137000, 1, 7, 42.5742490, -71.2814870, 0, 43.8500, 44.5700, 0.1000, 0.0000
ATT: 533, -483, 33438
GPS: 58137000, 1, 7, 42.5742490, -71.2814870, 0, 43.6700, 44.5700, 0.1000, 0.0000
ATT: 584, -508, 33523
GPS: 58137000, 1, 7, 42.5742490, -71.2814870, 0, 43.5800, 44.5700, 0.1000, 0.0000
ATT: 598, -391, 33600
GPS: 58137000, 1, 7, 42.5742490, -71.2814870, 0, 43.7600, 44.5700, 0.1000, 0.0000
ATT: 491, -283, 33515
GPS: 58137000, 1, 7, 42.5742490, -71.2814870, 0, 43.8500, 44.5700, 0.1000, 0.0000
ATT: 324, -259, 33371
GPS: 58137000, 1, 7, 42.5742490, -71.2814870, 0, 43.7600, 44.5700, 0.1000, 0.0000
ATT: 116, -244, 33288
GPS: 58138000, 1, 7, 42.5742530, -71.2814870, 0, 43.7600, 44.8000, 0.1100, 0.0000
ATT: -12, -276, 33302
GPS: 58138000, 1, 7, 42.5742530, -71.2814870, 0, 43.7600, 44.8000, 0.1100, 0.0000
ATT: 11, -388, 33448
GPS: 58138000, 1, 7, 42.5742530, -71.2814870, 0, 43.7600, 44.8000, 0.1100, 0.0000
ATT: 129, -486, 33643
GPS: 58138000, 1, 7, 42.5742530, -71.2814870, 0, 43.7600, 44.8000, 0.1100, 0.0000
ATT: 258, -421, 33729
GPS: 58138000, 1, 7, 42.5742530, -71.2814870, 0, 43.7600, 44.8000, 0.1100, 0.0000
ATT: 290, -299, 33661
GPS: 58138000, 1, 7, 42.5742530, -71.2814870, 0, 43.7600, 44.8000, 0.1100, 0.0000
ATT: 217, -201, 33532
GPS: 58138000, 1, 7, 42.5742530, -71.2814870, 0, 43.7600, 44.8000, 0.1100, 0.0000
ATT: 113, -120, 33439
GPS: 58138000, 1, 7, 42.5742530, -71.2814870, 0, 43.5800, 44.8000, 0.1100, 0.0000
ATT: 14, -25, 33434
GPS: 58138000, 1, 7, 42.5742530, -71.2814870, 0, 43.4900, 44.8000, 0.1100, 0.0000
ATT: -159, -11, 33475
GPS: 58138000, 1, 7, 42.5742530, -71.2814870, 0, 43.4900, 44.8000, 0.1100, 0.0000
ATT: -246, -75, 33485
GPS: 58139000, 1, 7, 42.5742490, -71.2814940, 0, 43.4900, 44.9100, 0.1700, 0.0000
ATT: -229, -113, 33436
GPS: 58139000, 1, 7, 42.5742490, -71.2814940, 0, 43.4000, 44.9100, 0.1700, 0.0000
ATT: -136, -140, 33427
GPS: 58139000, 1, 7, 42.5742490, -71.2814940, 0, 43.4000, 44.9100, 0.1700, 0.0000
ATT: -115, -113, 33635
GPS: 58139000, 1, 7, 42.5742490, -71.2814940, 0, 43.4000, 44.9100, 0.1700, 0.0000
ATT: -71, -89, 33891
GPS: 58139000, 1, 7, 42.5742490, -71.2814940, 0, 43.4000, 44.9100, 0.1700, 0.0000
ATT: -71, -64, 33987
GPS: 58139000, 1, 7, 42.5742490, -71.2814940, 0, 43.4000, 44.9100, 0.1700, 0.0000
ATT: -180, -60, 34053
GPS: 58139000, 1, 7, 42.5742490, -71.2814940, 0, 43.4000, 44.9100, 0.1700, 0.0000
ATT: -278, -79, 34311
GPS: 58139000, 1, 7, 42.5742490, -71.2814940, 0, 43.4000, 44.9100, 0.1700, 0.0000
ATT: -296, -123, 34699
GPS: 58139000, 1, 7, 42.5742490, -71.2814940, 0, 43.4000, 44.9100, 0.1700, 0.0000
ATT: -235, -168, 35221
GPS: 58139000, 1, 7, 42.5742490, -71.2814940, 0, 43.4000, 44.9100, 0.1700, 0.0000
ATT: -155, -226, 35763
GPS: 58140000, 1, 6, 42.5742490, -71.2814940, 0, 43.4000, 44.9300, 0.1000, 0.0000
ATT: -129, -285, 267
GPS: 58140000, 1, 6, 42.5742490, -71.2814940, 0, 43.4000, 44.9300, 0.1000, 0.0000
ATT: -237, -325, 669
GPS: 58140000, 1, 6, 42.5742490, -71.2814940, 0, 43.4000, 44.9300, 0.1000, 0.0000
ATT: -424, -335, 958
GPS: 58140000, 1, 6, 42.5742490, -71.2814940, 0, 43.4000, 44.9300, 0.1000, 0.0000
ATT: -642, -325, 1253
GPS: 58140000, 1, 6, 42.5742490, -71.2814940, 0, 43.4000, 44.9300, 0.1000, 0.0000
ATT: -804, -285, 1533
GPS: 58140000, 1, 6, 42.5742490, -71.2814940, 0, 43.4900, 44.9300, 0.1000, 0.0000
ATT: -893, -176, 1789
GPS: 58140000, 1, 6, 42.5742490, -71.2814940, 0, 43.5800, 44.9300, 0.1000, 0.0000
ATT: -847, -32, 2032
GPS: 58140000, 1, 6, 42.5742490, -71.2814940, 0, 43.5800, 44.9300, 0.1000, 0.0000
ATT: -693, 61, 2250
GPS: 58140000, 1, 6, 42.5742490, -71.2814940, 0, 43.5800, 44.9300, 0.1000, 0.0000
ATT: -538, 191, 2407
GPS: 58140000, 1, 6, 42.5742490, -71.2814940, 0, 43.4900, 44.9300, 0.1000, 0.0000
ATT: -480, 265, 2460
GPS: 58141000, 1, 6, 42.5742490, -71.2814940, 0, 43.4900, 45.2900, 0.1800, 0.0000
ATT: -473, 281, 2460
GPS: 58141000, 1, 6, 42.5742490, -71.2814940, 0, 43.4900, 45.2900, 0.1800, 0.0000
ATT: -466, 336, 2434
GPS: 58141000, 1, 6, 42.5742490, -71.2814940, 0, 43.4900, 45.2900, 0.1800, 0.0000
ATT: -524, 397, 2399
GPS: 58141000, 1, 6, 42.5742490, -71.2814940, 0, 43.4900, 45.2900, 0.1800, 0.0000
ATT: -605, 416, 2416
GPS: 58141000, 1, 6, 42.5742490, -71.2814940, 0, 43.4900, 45.2900, 0.1800, 0.0000
ATT: -650, 427, 2441
GPS: 58141000, 1, 6, 42.5742490, -71.2814940, 0, 43.4900, 45.2900, 0.1800, 0.0000
ATT: -639, 457, 2429
GPS: 58141000, 1, 6, 42.5742490, -71.2814940, 0, 43.4900, 45.2900, 0.1800, 0.0000
ATT: -588, 500, 2444
GPS: 58141000, 1, 6, 42.5742490, -71.2814940, 0, 43.4900, 45.2900, 0.1800, 0.0000
ATT: -553, 486, 2466
GPS: 58141000, 1, 6, 42.5742490, -71.2814940, 0, 43.4900, 45.2900, 0.1800, 0.0000
ATT: -609, 506, 2510
GPS: 58141000, 1, 6, 42.5742490, -71.2814940, 0, 43.4900, 45.2900, 0.1800, 0.0000
ATT: -763, 544, 2508
GPS: 58142000, 1, 6, 42.5742530, -71.2814940, 0, 43.4900, 45.6700, 0.0100, 0.0000
ATT: -864, 565, 2571
GPS: 58142000, 1, 6, 42.5742530, -71.2814940, 0, 43.4900, 45.6700, 0.0100, 0.0000
ATT: -584, 573, 2649
GPS: 58142000, 1, 6, 42.5742530, -71.2814940, 0, 43.4900, 45.6700, 0.0100, 0.0000
ATT: -400, 593, 2726
GPS: 58142000, 1, 6, 42.5742530, -71.2814940, 0, 43.4900, 45.6700, 0.0100, 0.0000
ATT: -388, 569, 2726
GPS: 58142000, 1, 6, 42.5742530, -71.2814940, 0, 43.4900, 45.6700, 0.0100, 0.0000
ATT: -339, 550, 2704
GPS: 58142000, 1, 6, 42.5742530, -71.2814940, 0, 43.4900, 45.6700, 0.0100, 0.0000
ATT: -263, 550, 2690
GPS: 58142000, 1, 6, 42.5742530, -71.2814940, 0, 43.4900, 45.6700, 0.0100, 0.0000
ATT: -224, 640, 2713
GPS: 58142000, 1, 6, 42.5742530, -71.2814940, 0, 43.4900, 45.6700, 0.0100, 0.0000
ATT: -166, 755, 2734
GPS: 58142000, 1, 6, 42.5742530, -71.2814940, 0, 43.4900, 45.6700, 0.0100, 0.0000
ATT: -101, 841, 2755
GPS: 58142000, 1, 6, 42.5742530, -71.2814940, 0, 43.4900, 45.6700, 0.0100, 0.0000
ATT: -87, 893, 2759
GPS: 58143000, 1, 6, 42.5742530, -71.2814940, 0, 43.4900, 46.0000, 0.0500, 0.0000
ATT: -66, 907, 2757
GPS: 58143000, 1, 6, 42.5742530, -71.2814940, 0, 43.4900, 46.0000, 0.0500, 0.0000
ATT: -66, 852, 2767
GPS: 58143000, 1, 6, 42.5742530, -71.2814940, 0, 43.4900, 46.0000, 0.0500, 0.0000
ATT: -31, 742, 2760
GPS: 58143000, 1, 6, 42.5742530, -71.2814940, 0, 43.4000, 46.0000, 0.0500, 0.0000
ATT: -26, 683, 2793
GPS: 58143000, 1, 6, 42.5742530, -71.2814940, 0, 43.3200, 46.0000, 0.0500, 0.0000
ATT: -25, 711, 2813
GPS: 58143000, 1, 6, 42.5742530, -71.2814940, 0, 43.2300, 46.0000, 0.0500, 0.0000
ATT: -13, 755, 2831
GPS: 58143000, 1, 6, 42.5742530, -71.2814940, 0, 43.1400, 46.0000, 0.0500, 0.0000
ATT: -34, 696, 2837
GPS: 58143000, 1, 6, 42.5742530, -71.2814940, 0, 43.1400, 46.0000, 0.0500, 0.0000
ATT: -14, 704, 2842
GPS: 58143000, 1, 6, 42.5742530, -71.2814940, 0, 43.1400, 46.0000, 0.0500, 0.0000
ATT: 8, 742, 2851
GPS: 58143000, 1, 6, 42.5742530, -71.2814940, 0, 43.1400, 46.0000, 0.0500, 0.0000
ATT: 15, 746, 2880
GPS: 58144000, 1, 7, 42.5742490, -71.2814940, 0, 43.1400, 46.0200, 0.0900, 0.0000
ATT: 77, 775, 2877
GPS: 58144000, 1, 7, 42.5742490, -71.2814940, 0, 43.0500, 46.0200, 0.0900, 0.0000
ATT: 97, 770, 2893
GPS: 58144000, 1, 7, 42.5742490, -71.2814940, 0, 43.0500, 46.0200, 0.0900, 0.0000
ATT: 129, 768, 2885
GPS: 58144000, 1, 7, 42.5742490, -71.2814940, 0, 43.0500, 46.0200, 0.0900, 0.0000
ATT: 142, 757, 2884
GPS: 58144000, 1, 7, 42.5742490, -71.2814940, 0, 43.0500, 46.0200, 0.0900, 0.0000
ATT: 144, 743, 2868
GPS: 58144000, 1, 7, 42.5742490, -71.2814940, 0, 43.0500, 46.0200, 0.0900, 0.0000
ATT: 132, 739, 2873
GPS: 58144000, 1, 7, 42.5742490, -71.2814940, 0, 43.0500, 46.0200, 0.0900, 0.0000
