Dumping Log 23,    start pg 3131,   end pg 3156

ArduPlane V2.28
Free RAM: 1376
GROUND START -  0 commands in memory
CMD:0,16,0,2842,426570885,-713229770, 
MOD:Manual
MOD:FBW_A
ATT: -96, 102, 0
GPS: 324956000, 1, 7, 42.6633030, -71.3094250, 0, -0.1700, 41.2300, 0.0800, 0.0000
ATT: -91, 97, 0
GPS: 324956000, 1, 7, 42.6633030, -71.3094250, 0, -0.2600, 41.2300, 0.0800, 0.0000
ATT: -85, 94, 0
GPS: 324956000, 1, 7, 42.6633030, -71.3094250, 0, -0.3500, 41.2300, 0.0800, 0.0000
ATT: -80, 90, 0
GPS: 324956000, 1, 7, 42.6633030, -71.3094250, 0, -0.3500, 41.2300, 0.0800, 0.0000
ATT: -76, 86, 0
GPS: 324956000, 1, 7, 42.6633030, -71.3094250, 0, -0.3500, 41.2300, 0.0800, 0.0000
ATT: -70, 81, 0
GPS: 324956000, 1, 7, 42.6633030, -71.3094250, 0, -0.3500, 41.2300, 0.0800, 0.0000
ATT: -67, 77, 0
GPS: 324956000, 1, 7, 42.6633030, -71.3094250, 0, -0.3500, 41.2300, 0.0800, 0.0000
ATT: -62, 74, 0
GPS: 324956000, 1, 7, 42.6633030, -71.3094250, 0, -0.3500, 41.2300, 0.0800, 0.0000
ATT: -59, 71, 0
GPS: 324956000, 1, 7, 42.6633030, -71.3094250, 0, -0.3500, 41.2300, 0.0800, 0.0000
ATT: -56, 68, 0
GPS: 324956000, 1, 7, 42.6633030, -71.3094250, 0, -0.2600, 41.2300, 0.0800, 0.0000
ATT: -54, 64, 0
GPS: 324959000, 1, 7, 42.6633110, -71.3094180, 0, -0.1700, 40.1300, 0.1500, 0.0000
ATT: -52, 62, 0
GPS: 324959000, 1, 7, 42.6633110, -71.3094180, 0, -0.1700, 40.1300, 0.1500, 0.0000
ATT: -49, 59, 0
GPS: 324959000, 1, 7, 42.6633110, -71.3094180, 0, -0.1700, 40.1300, 0.1500, 0.0000
ATT: -45, 57, 0
GPS: 324959000, 1, 7, 42.6633110, -71.3094180, 0, -0.2600, 40.1300, 0.1500, 0.0000
ATT: -44, 55, 0
GPS: 324959000, 1, 7, 42.6633110, -71.3094180, 0, -0.2600, 40.1300, 0.1500, 0.0000
ATT: -42, 53, 0
GPS: 324959000, 1, 7, 42.6633110, -71.3094180, 0, -0.1700, 40.1300, 0.1500, 0.0000
ATT: -41, 52, 0
GPS: 324959000, 1, 7, 42.6633110, -71.3094180, 0, -0.1700, 40.1300, 0.1500, 0.0000
PM:20001,86,119,0,0,0,0,2,1000,0,0,0,0, 
ATT: -40, 50, 0
GPS: 324959000, 1, 7, 42.6633110, -71.3094180, 0, -0.1700, 40.1300, 0.1500, 0.0000
ATT: -40, 49, 0
GPS: 324959000, 1, 7, 42.6633110, -71.3094180, 0, -0.1700, 40.1300, 0.1500, 0.0000
ATT: -39, 47, 0
GPS: 324959000, 1, 7, 42.6633110, -71.3094180, 0, -0.2600, 40.1300, 0.1500, 0.0000
ATT: -37, 46, 0
GPS: 324960000, 1, 7, 42.6633110, -71.3094180, 0, -0.2600, 39.9900, 0.0800, 0.0000
ATT: -36, 44, 0
GPS: 324960000, 1, 7, 42.6633110, -71.3094180, 0, -0.2600, 39.9900, 0.0800, 0.0000
ATT: -34, 43, 0
GPS: 324960000, 1, 7, 42.6633110, -71.3094180, 0, -0.2600, 39.9900, 0.0800, 0.0000
ATT: -33, 41, 0
GPS: 324960000, 1, 7, 42.6633110, -71.3094180, 0, -0.2600, 39.9900, 0.0800, 0.0000
ATT: -33, 40, 0
GPS: 324960000, 1, 7, 42.6633110, -71.3094180, 0, -0.2600, 39.9900, 0.0800, 0.0000
ATT: -31, 39, 0
GPS: 324960000, 1, 7, 42.6633110, -71.3094180, 0, -0.2600, 39.9900, 0.0800, 0.0000
ATT: -29, 39, 0
GPS: 324960000, 1, 7, 42.6633110, -71.3094180, 0, -0.2600, 39.9900, 0.0800, 0.0000
ATT: -28, 38, 0
GPS: 324960000, 1, 7, 42.6633110, -71.3094180, 0, -0.2600, 39.9900, 0.0800, 0.0000
ATT: -27, 38, 0
GPS: 324960000, 1, 7, 42.6633110, -71.3094180, 0, -0.2600, 39.9900, 0.0800, 0.0000
ATT: -25, 37, 0
GPS: 324960000, 1, 7, 42.6633110, -71.3094180, 0, -0.2600, 39.9900, 0.0800, 0.0000
ATT: -24, 37, 0
GPS: 324961000, 1, 7, 42.6633150, -71.3094180, 0, -0.2600, 40.1000, 0.1000, 0.0000
ATT: -24, 36, 0
GPS: 324961000, 1, 7, 42.6633150, -71.3094180, 0, -0.2600, 40.1000, 0.1000, 0.0000
ATT: -24, 36, 0
GPS: 324961000, 1, 7, 42.6633150, -71.3094180, 0, -0.2600, 40.1000, 0.1000, 0.0000
ATT: -23, 36, 0
GPS: 324961000, 1, 7, 42.6633150, -71.3094180, 0, -0.2600, 40.1000, 0.1000, 0.0000
ATT: -22, 35, 0
GPS: 324961000, 1, 7, 42.6633150, -71.3094180, 0, -0.2600, 40.1000, 0.1000, 0.0000
ATT: -22, 35, 0
GPS: 324961000, 1, 7, 42.6633150, -71.3094180, 0, -0.2600, 40.1000, 0.1000, 0.0000
ATT: -22, 35, 0
GPS: 324961000, 1, 7, 42.6633150, -71.3094180, 0, -0.2600, 40.1000, 0.1000, 0.0000
ATT: -22, 35, 0
GPS: 324961000, 1, 7, 42.6633150, -71.3094180, 0, -0.2600, 40.1000, 0.1000, 0.0000
ATT: -22, 34, 0
GPS: 324961000, 1, 7, 42.6633150, -71.3094180, 0, -0.2600, 40.1000, 0.1000, 0.0000
ATT: -19, 34, 0
GPS: 324961000, 1, 7, 42.6633150, -71.3094180, 0, -0.2600, 40.1000, 0.1000, 0.0000
ATT: -19, 34, 0
GPS: 324961000, 1, 7, 42.6633150, -71.3094180, 0, -0.2600, 40.1000, 0.1000, 0.0000
ATT: -18, 33, 0
GPS: 324962000, 1, 6, 42.6633150, -71.3094180, 0, 40.1500, 40.4100, 0.0300, 0.0000
ATT: -17, 33, 0
GPS: 324962000, 1, 6, 42.6633150, -71.3094180, 0, 40.1500, 40.4100, 0.0300, 0.0000
ATT: -16, 32, 0
GPS: 324962000, 1, 6, 42.6633150, -71.3094180, 0, 40.0600, 40.4100, 0.0300, 0.0000
ATT: -15, 31, 0
GPS: 324962000, 1, 6, 42.6633150, -71.3094180, 0, 40.0600, 40.4100, 0.0300, 0.0000
ATT: -15, 31, 0
GPS: 324962000, 1, 6, 42.6633150, -71.3094180, 0, 40.0600, 40.4100, 0.0300, 0.0000
ATT: -16, 30, 0
GPS: 324962000, 1, 6, 42.6633150, -71.3094180, 0, 40.0600, 40.4100, 0.0300, 0.0000
ATT: -15, 30, 0
GPS: 324962000, 1, 6, 42.6633150, -71.3094180, 0, 40.1500, 40.4100, 0.0300, 0.0000
ATT: -13, 30, 0
GPS: 324962000, 1, 6, 42.6633150, -71.3094180, 0, 40.1500, 40.4100, 0.0300, 0.0000
ATT: -13, 30, 0
GPS: 324962000, 1, 6, 42.6633150, -71.3094180, 0, 40.1500, 40.4100, 0.0300, 0.0000
ATT: -13, 30, 0
GPS: 324962000, 1, 6, 42.6633150, -71.3094180, 0, 40.1500, 40.4100, 0.0300, 0.0000
ATT: -13, 30, 0
GPS: 324963000, 1, 6, 42.6633190, -71.3094100, 0, 40.1500, 40.4400, 0.0700, 0.0000
ATT: -11, 30, 0
GPS: 324963000, 1, 6, 42.6633190, -71.3094100, 0, 40.1500, 40.4400, 0.0700, 0.0000
ATT: -11, 30, 0
GPS: 324963000, 1, 6, 42.6633190, -71.3094100, 0, 40.0600, 40.4400, 0.0700, 0.0000
ATT: -11, 30, 0
GPS: 324963000, 1, 6, 42.6633190, -71.3094100, 0, 40.0600, 40.4400, 0.0700, 0.0000
ATT: -10, 30, 0
GPS: 324963000, 1, 6, 42.6633190, -71.3094100, 0, 40.0600, 40.4400, 0.0700, 0.0000
ATT: -10, 30, 0
GPS: 324963000, 1, 6, 42.6633190, -71.3094100, 0, 40.0600, 40.4400, 0.0700, 0.0000
ATT: -10, 30, 0
GPS: 324963000, 1, 6, 42.6633190, -71.3094100, 0, 40.0600, 40.4400, 0.0700, 0.0000
ATT: -9, 29, 0
GPS: 324963000, 1, 6, 42.6633190, -71.3094100, 0, 40.0600, 40.4400, 0.0700, 0.0000
ATT: -9, 29, 0
GPS: 324963000, 1, 6, 42.6633190, -71.3094100, 0, 40.1500, 40.4400, 0.0700, 0.0000
ATT: -11, 27, 0
GPS: 324963000, 1, 6, 42.6633190, -71.3094100, 0, 40.1500, 40.4400, 0.0700, 0.0000
ATT: -11, 25, 0
GPS: 324964000, 1, 6, 42.6633190, -71.3094100, 0, 40.1500, 40.2000, 0.0200, 0.0000
ATT: -11, 25, 0
GPS: 324964000, 1, 6, 42.6633190, -71.3094100, 0, 40.1500, 40.2000, 0.0200, 0.0000
ATT: -11, 25, 0
GPS: 324964000, 1, 6, 42.6633190, -71.3094100, 0, 40.1500, 40.2000, 0.0200, 0.0000
ATT: -12, 25, 0
GPS: 324964000, 1, 6, 42.6633190, -71.3094100, 0, 40.1500, 40.2000, 0.0200, 0.0000
ATT: -12, 24, 0
GPS: 324964000, 1, 6, 42.6633190, -71.3094100, 0, 40.1500, 40.2000, 0.0200, 0.0000
ATT: -12, 24, 0
GPS: 324964000, 1, 6, 42.6633190, -71.3094100, 0, 40.1500, 40.2000, 0.0200, 0.0000
ATT: -11, 24, 0
GPS: 324964000, 1, 6, 42.6633190, -71.3094100, 0, 40.0600, 40.2000, 0.0200, 0.0000
ATT: -11, 24, 0
GPS: 324964000, 1, 6, 42.6633190, -71.3094100, 0, 39.9800, 40.2000, 0.0200, 0.0000
ATT: -11, 23, 0
GPS: 324964000, 1, 6, 42.6633190, -71.3094100, 0, 39.9800, 40.2000, 0.0200, 0.0000
ATT: -11, 21, 0
GPS: 324965000, 1, 6, 42.6633190, -71.3094100, 0, 39.9800, 40.2700, 0.0600, 0.0000
ATT: -12, 21, 1
GPS: 324965000, 1, 6, 42.6633190, -71.3094100, 0, 39.9800, 40.2700, 0.0600, 0.0000
ATT: -11, 20, 2
GPS: 324965000, 1, 6, 42.6633190, -71.3094100, 0, 39.9800, 40.2700, 0.0600, 0.0000
ATT: -12, 19, 3
GPS: 324965000, 1, 6, 42.6633190, -71.3094100, 0, 39.8900, 40.2700, 0.0600, 0.0000
ATT: -11, 19, 3
GPS: 324965000, 1, 6, 42.6633190, -71.3094100, 0, 39.8000, 40.2700, 0.0600, 0.0000
ATT: -11, 18, 4
GPS: 324965000, 1, 6, 42.6633190, -71.3094100, 0, 39.8000, 40.2700, 0.0600, 0.0000
ATT: -11, 17, 4
GPS: 324965000, 1, 6, 42.6633190, -71.3094100, 0, 39.8000, 40.2700, 0.0600, 0.0000
ATT: -11, 17, 4
GPS: 324965000, 1, 6, 42.6633190, -71.3094100, 0, 39.8000, 40.2700, 0.0600, 0.0000
ATT: -11, 16, 4
GPS: 324965000, 1, 6, 42.6633190, -71.3094100, 0, 39.8000, 40.2700, 0.0600, 0.0000
ATT: -12, 17, 4
GPS: 324965000, 1, 6, 42.6633190, -71.3094100, 0, 39.8000, 40.2700, 0.0600, 0.0000
ATT: -10, 17, 4
GPS: 324965000, 1, 6, 42.6633190, -71.3094100, 0, 39.8000, 40.2700, 0.0600, 0.0000
ATT: -10, 17, 4
GPS: 324966000, 1, 6, 42.6633150, -71.3094020, 0, 39.8000, 40.4000, 0.0600, 0.0000
ATT: -11, 16, 4
GPS: 324966000, 1, 6, 42.6633150, -71.3094020, 0, 39.8000, 40.4000, 0.0600, 0.0000
ATT: -10, 17, 4
GPS: 324966000, 1, 6, 42.6633150, -71.3094020, 0, 39.8000, 40.4000, 0.0600, 0.0000
ATT: -11, 16, 4
GPS: 324966000, 1, 6, 42.6633150, -71.3094020, 0, 39.8000, 40.4000, 0.0600, 0.0000
ATT: -11, 17, 5
GPS: 324966000, 1, 6, 42.6633150, -71.3094020, 0, 39.8000, 40.4000, 0.0600, 0.0000
ATT: -11, 18, 5
GPS: 324966000, 1, 6, 42.6633150, -71.3094020, 0, 39.8000, 40.4000, 0.0600, 0.0000
ATT: -10, 19, 5
GPS: 324966000, 1, 6, 42.6633150, -71.3094020, 0, 39.8000, 40.4000, 0.0600, 0.0000
ATT: -11, 18, 5
GPS: 324966000, 1, 6, 42.6633150, -71.3094020, 0, 39.8000, 40.4000, 0.0600, 0.0000
ATT: -10, 18, 5
GPS: 324966000, 1, 6, 42.6633150, -71.3094020, 0, 39.8000, 40.4000, 0.0600, 0.0000
ATT: -10, 19, 5
GPS: 324967000, 1, 6, 42.6633150, -71.3094020, 0, 39.8000, 40.4800, 0.0600, 0.0000
ATT: -9, 19, 5
GPS: 324967000, 1, 6, 42.6633150, -71.3094020, 0, 39.8000, 40.4800, 0.0600, 0.0000
ATT: -10, 19, 5
GPS: 324967000, 1, 6, 42.6633150, -71.3094020, 0, 39.8000, 40.4800, 0.0600, 0.0000
ATT: -11, 18, 5
GPS: 324967000, 1, 6, 42.6633150, -71.3094020, 0, 39.8900, 40.4800, 0.0600, 0.0000
ATT: -10, 19, 5
GPS: 324967000, 1, 6, 42.6633150, -71.3094020, 0, 39.8900, 40.4800, 0.0600, 0.0000
ATT: -9, 18, 5
GPS: 324967000, 1, 6, 42.6633150, -71.3094020, 0, 39.9800, 40.4800, 0.0600, 0.0000
ATT: -10, 18, 5
GPS: 324967000, 1, 6, 42.6633150, -71.3094020, 0, 39.9800, 40.4800, 0.0600, 0.0000
ATT: -11, 17, 5
GPS: 324967000, 1, 6, 42.6633150, -71.3094020, 0, 39.8900, 40.4800, 0.0600, 0.0000
ATT: -11, 18, 5
GPS: 324967000, 1, 6, 42.6633150, -71.3094020, 0, 39.8900, 40.4800, 0.0600, 0.0000
ATT: -11, 18, 5
GPS: 324967000, 1, 6, 42.6633150, -71.3094020, 0, 39.8900, 40.4800, 0.0600, 0.0000
ATT: -12, 19, 5
GPS: 324968000, 1, 6, 42.6633150, -71.3093950, 0, 39.8900, 40.5800, 0.0400, 0.0000
ATT: -12, 20, 5
GPS: 324968000, 1, 6, 42.6633150, -71.3093950, 0, 39.8900, 40.5800, 0.0400, 0.0000
ATT: -13, 20, 5
GPS: 324968000, 1, 6, 42.6633150, -71.3093950, 0, 39.8900, 40.5800, 0.0400, 0.0000
ATT: -13, 20, 5
GPS: 324968000, 1, 6, 42.6633150, -71.3093950, 0, 39.8900, 40.5800, 0.0400, 0.0000
ATT: -13, 21, 5
GPS: 324968000, 1, 6, 42.6633150, -71.3093950, 0, 39.8900, 40.5800, 0.0400, 0.0000
ATT: -13, 21, 5
GPS: 324968000, 1, 6, 42.6633150, -71.3093950, 0, 39.8900, 40.5800, 0.0400, 0.0000
ATT: -13, 22, 5
GPS: 324968000, 1, 6, 42.6633150, -71.3093950, 0, 39.8900, 40.5800, 0.0400, 0.0000
ATT: -14, 21, 5
GPS: 324968000, 1, 6, 42.6633150, -71.3093950, 0, 39.8900, 40.5800, 0.0400, 0.0000
ATT: -13, 22, 5
GPS: 324968000, 1, 6, 42.6633150, -71.3093950, 0, 39.8900, 40.5800, 0.0400, 0.0000
ATT: -14, 22, 5
GPS: 324968000, 1, 6, 42.6633150, -71.3093950, 0, 39.8900, 40.5800, 0.0400, 0.0000
ATT: -14, 22, 5
GPS: 324969000, 1, 6, 42.6633150, -71.3093950, 0, 39.8900, 40.5900, 0.0400, 0.0000
ATT: -13, 23, 5
GPS: 324969000, 1, 6, 42.6633150, -71.3093950, 0, 39.9800, 40.5900, 0.0400, 0.0000
ATT: -13, 23, 5
GPS: 324969000, 1, 6, 42.6633150, -71.3093950, 0, 39.9800, 40.5900, 0.0400, 0.0000
ATT: -14, 22, 5
GPS: 324969000, 1, 6, 42.6633150, -71.3093950, 0, 39.9800, 40.5900, 0.0400, 0.0000
ATT: -14, 22, 5
GPS: 324969000, 1, 6, 42.6633150, -71.3093950, 0, 39.9800, 40.5900, 0.0400, 0.0000
ATT: -14, 23, 5
GPS: 324969000, 1, 6, 42.6633150, -71.3093950, 0, 39.8900, 40.5900, 0.0400, 0.0000
ATT: -14, 21, 5
GPS: 324969000, 1, 6, 42.6633150, -71.3093950, 0, 39.8000, 40.5900, 0.0400, 0.0000
ATT: -14, 21, 5
GPS: 324969000, 1, 6, 42.6633150, -71.3093950, 0, 39.8000, 40.5900, 0.0400, 0.0000
ATT: -13, 22, 5
GPS: 324969000, 1, 6, 42.6633150, -71.3093950, 0, 39.8000, 40.5900, 0.0400, 0.0000
ATT: -12, 21, 5
GPS: 324969000, 1, 6, 42.6633150, -71.3093950, 0, 39.8000, 40.5900, 0.0400, 0.0000
ATT: -12, 21, 5
GPS: 324969000, 1, 6, 42.6633150, -71.3093950, 0, 39.8000, 40.5900, 0.0400, 0.0000
ATT: -12, 19, 5
GPS: 324970000, 1, 6, 42.6633150, -71.3093950, 0, 39.8000, 40.6400, 0.0400, 0.0000
ATT: -13, 19, 5
GPS: 324970000, 1, 6, 42.6633150, -71.3093950, 0, 39.8000, 40.6400, 0.0400, 0.0000
ATT: -13, 18, 5
GPS: 324970000, 1, 6, 42.6633150, -71.3093950, 0, 39.8000, 40.6400, 0.0400, 0.0000
ATT: -14, 19, 5
GPS: 324970000, 1, 6, 42.6633150, -71.3093950, 0, 39.8000, 40.6400, 0.0400, 0.0000
ATT: -14, 18, 5
GPS: 324970000, 1, 6, 42.6633150, -71.3093950, 0, 39.8000, 40.6400, 0.0400, 0.0000
ATT: -13, 18, 5
GPS: 324970000, 1, 6, 42.6633150, -71.3093950, 0, 39.8000, 40.6400, 0.0400, 0.0000
ATT: -14, 17, 6
GPS: 324970000, 1, 6, 42.6633150, -71.3093950, 0, 39.7100, 40.6400, 0.0400, 0.0000
ATT: -15, 15, 6
GPS: 324970000, 1, 6, 42.6633150, -71.3093950, 0, 39.7100, 40.6400, 0.0400, 0.0000
ATT: -17, 15, 7
GPS: 324970000, 1, 6, 42.6633150, -71.3093950, 0, 39.7100, 40.6400, 0.0400, 0.0000
ATT: -17, 16, 10
GPS: 324971000, 1, 6, 42.6633150, -71.3093950, 0, 39.7100, 40.6800, 0.0300, 0.0000
ATT: -18, 14, 10
GPS: 324971000, 1, 6, 42.6633150, -71.3093950, 0, 39.7100, 40.6800, 0.0300, 0.0000
ATT: -18, 16, 12
GPS: 324971000, 1, 6, 42.6633150, -71.3093950, 0, 39.7100, 40.6800, 0.0300, 0.0000
ATT: -17, 16, 13
GPS: 324971000, 1, 6, 42.6633150, -71.3093950, 0, 39.7100, 40.6800, 0.0300, 0.0000
ATT: -18, 16, 13
GPS: 324971000, 1, 6, 42.6633150, -71.3093950, 0, 39.7100, 40.6800, 0.0300, 0.0000
ATT: -19, 13, 13
GPS: 324971000, 1, 6, 42.6633150, -71.3093950, 0, 39.7100, 40.6800, 0.0300, 0.0000
ATT: -18, 13, 13
GPS: 324971000, 1, 6, 42.6633150, -71.3093950, 0, 39.7100, 40.6800, 0.0300, 0.0000
ATT: -17, 13, 13
GPS: 324971000, 1, 6, 42.6633150, -71.3093950, 0, 39.7100, 40.6800, 0.0300, 0.0000
ATT: -17, 13, 13
GPS: 324971000, 1, 6, 42.6633150, -71.3093950, 0, 39.7100, 40.6800, 0.0300, 0.0000
ATT: -17, 14, 13
GPS: 324971000, 1, 6, 42.6633150, -71.3093950, 0, 39.7100, 40.6800, 0.0300, 0.0000
ATT: -17, 14, 13
GPS: 324972000, 1, 6, 42.6633150, -71.3093950, 0, 39.7100, 40.3900, 0.0300, 0.0000
ATT: -18, 13, 13
GPS: 324972000, 1, 6, 42.6633150, -71.3093950, 0, 39.6300, 40.3900, 0.0300, 0.0000
ATT: -18, 14, 13
GPS: 324972000, 1, 6, 42.6633150, -71.3093950, 0, 39.6300, 40.3900, 0.0300, 0.0000
ATT: -19, 14, 13
GPS: 324972000, 1, 6, 42.6633150, -71.3093950, 0, 39.6300, 40.3900, 0.0300, 0.0000
ATT: -18, 15, 15
GPS: 324972000, 1, 6, 42.6633150, -71.3093950, 0, 39.6300, 40.3900, 0.0300, 0.0000
ATT: -17, 15, 15
GPS: 324972000, 1, 6, 42.6633150, -71.3093950, 0, 39.6300, 40.3900, 0.0300, 0.0000
ATT: -17, 15, 15
GPS: 324972000, 1, 6, 42.6633150, -71.3093950, 0, 39.6300, 40.3900, 0.0300, 0.0000
ATT: -18, 15, 15
GPS: 324972000, 1, 6, 42.6633150, -71.3093950, 0, 39.6300, 40.3900, 0.0300, 0.0000
ATT: -18, 15, 15
GPS: 324972000, 1, 6, 42.6633150, -71.3093950, 0, 39.6300, 40.3900, 0.0300, 0.0000
ATT: -17, 15, 15
GPS: 324972000, 1, 6, 42.6633150, -71.3093950, 0, 39.7100, 40.3900, 0.0300, 0.0000
ATT: -16, 15, 15
GPS: 324973000, 1, 6, 42.6633110, -71.3093870, 0, 39.7100, 40.9700, 0.0100, 0.0000
ATT: -17, 16, 15
GPS: 324973000, 1, 6, 42.6633110, -71.3093870, 0, 39.7100, 40.9700, 0.0100, 0.0000
ATT: -17, 16, 16
GPS: 324973000, 1, 6, 42.6633110, -71.3093870, 0, 39.7100, 40.9700, 0.0100, 0.0000
ATT: -18, 17, 16
GPS: 324973000, 1, 6, 42.6633110, -71.3093870, 0, 39.7100, 40.9700, 0.0100, 0.0000
ATT: -19, 18, 17
GPS: 324973000, 1, 6, 42.6633110, -71.3093870, 0, 39.7100, 40.9700, 0.0100, 0.0000
ATT: -19, 19, 17
GPS: 324973000, 1, 6, 42.6633110, -71.3093870, 0, 39.7100, 40.9700, 0.0100, 0.0000
ATT: -19, 19, 18
GPS: 324973000, 1, 6, 42.6633110, -71.3093870, 0, 39.7100, 40.9700, 0.0100, 0.0000
ATT: -20, 19, 18
GPS: 324973000, 1, 6, 42.6633110, -71.3093870, 0, 39.7100, 40.9700, 0.0100, 0.0000
ATT: -21, 18, 19
GPS: 324973000, 1, 6, 42.6633110, -71.3093870, 0, 39.7100, 40.9700, 0.0100, 0.0000
ATT: -20, 18, 20
GPS: 324973000, 1, 6, 42.6633110, -71.3093870, 0, 39.8000, 40.9700, 0.0100, 0.0000
ATT: -20, 18, 20
GPS: 324974000, 1, 6, 42.6633070, -71.3093640, 0, 39.8000, 42.5800, 0.4500, 0.0000
ATT: -20, 18, 20
GPS: 324974000, 1, 6, 42.6633070, -71.3093640, 0, 39.8900, 42.5800, 0.4500, 0.0000
ATT: -20, 18, 20
GPS: 324974000, 1, 6, 42.6633070, -71.3093640, 0, 39.8900, 42.5800, 0.4500, 0.0000
ATT: -19, 18, 20
GPS: 324974000, 1, 6, 42.6633070, -71.3093640, 0, 39.8900, 42.5800, 0.4500, 0.0000
ATT: -20, 17, 20
GPS: 324974000, 1, 6, 42.6633070, -71.3093640, 0, 39.8900, 42.5800, 0.4500, 0.0000
ATT: -20, 17, 20
GPS: 324974000, 1, 6, 42.6633070, -71.3093640, 0, 39.9800, 42.5800, 0.4500, 0.0000
ATT: -20, 16, 20
GPS: 324974000, 1, 6, 42.6633070, -71.3093640, 0, 39.9800, 42.5800, 0.4500, 0.0000
ATT: -21, 17, 20
GPS: 324974000, 1, 6, 42.6633070, -71.3093640, 0, 39.9800, 42.5800, 0.4500, 0.0000
ATT: -21, 17, 20
GPS: 324974000, 1, 6, 42.6633070, -71.3093640, 0, 39.9800, 42.5800, 0.4500, 0.0000
ATT: -21, 17, 20
GPS: 324974000, 1, 6, 42.6633070, -71.3093640, 0, 39.8900, 42.5800, 0.4500, 0.0000
ATT: -20, 18, 20
GPS: 324975000, 1, 6, 42.6633030, -71.3093410, 0, 39.8000, 43.6500, 0.6700, 98.0800
ATT: -21, 19, 20
GPS: 324975000, 1, 6, 42.6633030, -71.3093410, 0, 39.7100, 43.6500, 0.6700, 98.0800
ATT: -21, 19, 20
GPS: 324975000, 1, 6, 42.6633030, -71.3093410, 0, 39.7100, 43.6500, 0.6700, 98.0800
ATT: -21, 20, 20
GPS: 324975000, 1, 6, 42.6633030, -71.3093410, 0, 39.7100, 43.6500, 0.6700, 98.0800
ATT: -21, 20, 20
GPS: 324975000, 1, 6, 42.6633030, -71.3093410, 0, 39.7100, 43.6500, 0.6700, 98.0800
ATT: -21, 21, 21
GPS: 324975000, 1, 6, 42.6633030, -71.3093410, 0, 39.7100, 43.6500, 0.6700, 98.0800
ATT: -22, 22, 21
GPS: 324975000, 1, 6, 42.6633030, -71.3093410, 0, 39.7100, 43.6500, 0.6700, 98.0800
ATT: -22, 22, 21
GPS: 324975000, 1, 6, 42.6633030, -71.3093410, 0, 39.7100, 43.6500, 0.6700, 98.0800
ATT: -22, 23, 21
GPS: 324975000, 1, 6, 42.6633030, -71.3093410, 0, 39.7100, 43.6500, 0.6700, 98.0800
ATT: -22, 22, 21
GPS: 324975000, 1, 6, 42.6633030, -71.3093410, 0, 39.7100, 43.6500, 0.6700, 98.0800
ATT: -22, 22, 22
GPS: 324976000, 1, 6, 42.6633070, -71.3093410, 0, 39.7100, 44.5000, 0.2600, 98.0800
ATT: -23, 22, 22
GPS: 324976000, 1, 6, 42.6633070, -71.3093410, 0, 39.7100, 44.5000, 0.2600, 98.0800
ATT: -22, 22, 22
GPS: 324976000, 1, 6, 42.6633070, -71.3093410, 0, 39.7100, 44.5000, 0.2600, 98.0800
ATT: -22, 23, 22
GPS: 324976000, 1, 6, 42.6633070, -71.3093410, 0, 39.7100, 44.5000, 0.2600, 98.0800
ATT: -22, 22, 22
GPS: 324976000, 1, 6, 42.6633070, -71.3093410, 0, 39.7100, 44.5000, 0.2600, 98.0800
ATT: -22, 21, 22
GPS: 324976000, 1, 6, 42.6633070, -71.3093410, 0, 39.6300, 44.5000, 0.2600, 98.0800
ATT: -22, 20, 22
GPS: 324976000, 1, 6, 42.6633070, -71.3093410, 0, 39.6300, 44.5000, 0.2600, 98.0800
ATT: -22, 20, 22
GPS: 324976000, 1, 6, 42.6633070, -71.3093410, 0, 39.6300, 44.5000, 0.2600, 98.0800
ATT: -23, 21, 22
GPS: 324976000, 1, 6, 42.6633070, -71.3093410, 0, 39.6300, 44.5000, 0.2600, 98.0800
ATT: -23, 21, 22
GPS: 324977000, 1, 6, 42.6633000, -71.3093110, 0, 39.6300, 46.0600, 0.3900, 98.0800
ATT: -23, 21, 22
GPS: 324977000, 1, 6, 42.6633000, -71.3093110, 0, 39.6300, 46.0600, 0.3900, 98.0800
ATT: -23, 22, 22
GPS: 324977000, 1, 6, 42.6633000, -71.3093110, 0, 39.6300, 46.0600, 0.3900, 98.0800
ATT: -23, 21, 22
GPS: 324977000, 1, 6, 42.6633000, -71.3093110, 0, 39.6300, 46.0600, 0.3900, 98.0800
ATT: -23, 21, 22
GPS: 324977000, 1, 6, 42.6633000, -71.3093110, 0, 39.6300, 46.0600, 0.3900, 98.0800
ATT: -22, 22, 22
GPS: 324977000, 1, 6, 42.6633000, -71.3093110, 0, 39.6300, 46.0600, 0.3900, 98.0800
ATT: -21, 20, 22
GPS: 324977000, 1, 6, 42.6633000, -71.3093110, 0, 39.6300, 46.0600, 0.3900, 98.0800
ATT: -21, 18, 22
GPS: 324977000, 1, 6, 42.6633000, -71.3093110, 0, 39.6300, 46.0600, 0.3900, 98.0800
ATT: -21, 17, 22
GPS: 324977000, 1, 6, 42.6633000, -71.3093110, 0, 39.6300, 46.0600, 0.3900, 98.0800
ATT: -21, 18, 22
GPS: 324977000, 1, 6, 42.6633000, -71.3093110, 0, 39.6300, 46.0600, 0.3900, 98.0800
ATT: -20, 17, 22
GPS: 324977000, 1, 6, 42.6633000, -71.3093110, 0, 39.5400, 46.0600, 0.3900, 98.0800
ATT: -20, 17, 22
GPS: 324977000, 1, 6, 42.6633000, -71.3093110, 0, 39.5400, 46.0600, 0.3900, 98.0800
ATT: -20, 16, 22
GPS: 324978000, 1, 8, 42.6632920, -71.3092960, 0, 39.5400, 44.7500, 0.3400, 98.0800
ATT: -20, 17, 22
GPS: 324978000, 1, 8, 42.6632920, -71.3092960, 0, 39.5400, 44.7500, 0.3400, 98.0800
ATT: -20, 16, 22
GPS: 324978000, 1, 8, 42.6632920, -71.3092960, 0, 39.5400, 44.7500, 0.3400, 98.0800
ATT: -20, 15, 23
GPS: 324978000, 1, 8, 42.6632920, -71.3092960, 0, 39.5400, 44.7500, 0.3400, 98.0800
ATT: -20, 15, 23
GPS: 324978000, 1, 8, 42.6632920, -71.3092960, 0, 39.5400, 44.7500, 0.3400, 98.0800
ATT: -20, 16, 23
GPS: 324978000, 1, 8, 42.6632920, -71.3092960, 0, 39.5400, 44.7500, 0.3400, 98.0800
ATT: -21, 17, 24
GPS: 324978000, 1, 8, 42.6632920, -71.3092960, 0, 39.5400, 44.7500, 0.3400, 98.0800
ATT: -21, 18, 24
GPS: 324978000, 1, 8, 42.6632920, -71.3092960, 0, 39.5400, 44.7500, 0.3400, 98.0800
ATT: -20, 17, 24
GPS: 324978000, 1, 8, 42.6632920, -71.3092960, 0, 39.5400, 44.7500, 0.3400, 98.0800
ATT: -20, 17, 24
GPS: 324979000, 1, 8, 42.6632960, -71.3093030, 0, 39.5400, 44.7500, 0.0800, 98.0800
ATT: -21, 18, 24
GPS: 324979000, 1, 8, 42.6632960, -71.3093030, 0, 39.6300, 44.7500, 0.0800, 98.0800
ATT: -21, 18, 24
GPS: 324979000, 1, 8, 42.6632960, -71.3093030, 0, 39.6300, 44.7500, 0.0800, 98.0800
ATT: -21, 18, 24
GPS: 324979000, 1, 8, 42.6632960, -71.3093030, 0, 39.7100, 44.7500, 0.0800, 98.0800
ATT: -21, 18, 24
GPS: 324979000, 1, 8, 42.6632960, -71.3093030, 0, 39.7100, 44.7500, 0.0800, 98.0800
ATT: -21, 18, 24
GPS: 324979000, 1, 8, 42.6632960, -71.3093030, 0, 39.7100, 44.7500, 0.0800, 98.0800
ATT: -20, 17, 24
GPS: 324979000, 1, 8, 42.6632960, -71.3093030, 0, 39.7100, 44.7500, 0.0800, 98.0800
PM:20003,998,59,0,0,0,0,20,1000,0,0,0,0, 
ATT: -18, 18, 24
GPS: 324979000, 1, 8, 42.6632960, -71.3093030, 0, 39.7100, 44.7500, 0.0800, 98.0800
ATT: -19, 16, 24
GPS: 324979000, 1, 8, 42.6632960, -71.3093030, 0, 39.7100, 44.7500, 0.0800, 98.0800
ATT: -19, 14, 24
GPS: 324979000, 1, 8, 42.6632960, -71.3093030, 0, 39.7100, 44.7500, 0.0800, 98.0800
ATT: -19, 14, 25
GPS: 324980000, 1, 9, 42.6632960, -71.3093190, 0, 39.7100, 44.8600, 0.3000, 98.0800
ATT: -17, 15, 26
GPS: 324980000, 1, 9, 42.6632960, -71.3093190, 0, 39.7100, 44.8600, 0.3000, 98.0800
ATT: -18, 14, 27
GPS: 324980000, 1, 9, 42.6632960, -71.3093190, 0, 39.7100, 44.8600, 0.3000, 98.0800
ATT: -19, 13, 27
GPS: 324980000, 1, 9, 42.6632960, -71.3093190, 0, 39.7100, 44.8600, 0.3000, 98.0800
ATT: -17, 14, 28
GPS: 324980000, 1, 9, 42.6632960, -71.3093190, 0, 39.7100, 44.8600, 0.3000, 98.0800
ATT: -17, 13, 28
GPS: 324980000, 1, 9, 42.6632960, -71.3093190, 0, 39.7100, 44.8600, 0.3000, 98.0800
ATT: -18, 14, 28
GPS: 324980000, 1, 9, 42.6632960, -71.3093190, 0, 39.7100, 44.8600, 0.3000, 98.0800
ATT: -17, 13, 29
GPS: 324980000, 1, 9, 42.6632960, -71.3093190, 0, 39.7100, 44.8600, 0.3000, 98.0800
ATT: -17, 12, 29
GPS: 324980000, 1, 9, 42.6632960, -71.3093190, 0, 39.7100, 44.8600, 0.3000, 98.0800
ATT: -18, 12, 29
GPS: 324980000, 1, 9, 42.6632960, -71.3093190, 0, 39.7100, 44.8600, 0.3000, 98.0800
ATT: -16, 12, 29
GPS: 324981000, 1, 9, 42.6633000, -71.3093260, 0, 39.7100, 45.3300, 0.1700, 98.0800
ATT: -18, 11, 29
GPS: 324981000, 1, 9, 42.6633000, -71.3093260, 0, 39.8000, 45.3300, 0.1700, 98.0800
ATT: -18, 13, 29
GPS: 324981000, 1, 9, 42.6633000, -71.3093260, 0, 39.8000, 45.3300, 0.1700, 98.0800
ATT: -17, 14, 29
GPS: 324981000, 1, 9, 42.6633000, -71.3093260, 0, 39.8900, 45.3300, 0.1700, 98.0800
ATT: -18, 14, 29
GPS: 324981000, 1, 9, 42.6633000, -71.3093260, 0, 39.8900, 45.3300, 0.1700, 98.0800
ATT: -18, 13, 29
GPS: 324981000, 1, 9, 42.6633000, -71.3093260, 0, 39.8900, 45.3300, 0.1700, 98.0800
ATT: -18, 13, 30
GPS: 324981000, 1, 9, 42.6633000, -71.3093260, 0, 39.8900, 45.3300, 0.1700, 98.0800
ATT: -19, 14, 30
GPS: 324981000, 1, 9, 42.6633000, -71.3093260, 0, 39.8900, 45.3300, 0.1700, 98.0800
ATT: -18, 15, 31
GPS: 324981000, 1, 9, 42.6633000, -71.3093260, 0, 39.8900, 45.3300, 0.1700, 98.0800
ATT: -18, 16, 31
GPS: 324981000, 1, 9, 42.6633000, -71.3093260, 0, 39.8000, 45.3300, 0.1700, 98.0800
ATT: -19, 15, 31
GPS: 324982000, 1, 9, 42.6633030, -71.3093410, 0, 39.8000, 45.9700, 0.1200, 98.0800
ATT: -19, 14, 31
GPS: 324982000, 1, 9, 42.6633030, -71.3093410, 0, 39.8000, 45.9700, 0.1200, 98.0800
ATT: -19, 14, 31
GPS: 324982000, 1, 9, 42.6633030, -71.3093410, 0, 39.8000, 45.9700, 0.1200, 98.0800
ATT: -19, 14, 31
GPS: 324982000, 1, 9, 42.6633030, -71.3093410, 0, 39.8000, 45.9700, 0.1200, 98.0800
ATT: -19, 14, 31
GPS: 324982000, 1, 9, 42.6633030, -71.3093410, 0, 39.8000, 45.9700, 0.1200, 98.0800
ATT: -19, 15, 31
GPS: 324982000, 1, 9, 42.6633030, -71.3093410, 0, 39.8000, 45.9700, 0.1200, 98.0800
ATT: -20, 15, 31
GPS: 324982000, 1, 9, 42.6633030, -71.3093410, 0, 39.8000, 45.9700, 0.1200, 98.0800
ATT: -19, 16, 32
GPS: 324982000, 1, 9, 42.6633030, -71.3093410, 0, 39.8000, 45.9700, 0.1200, 98.0800
ATT: -19, 16, 32
GPS: 324982000, 1, 9, 42.6633030, -71.3093410, 0, 39.8000, 45.9700, 0.1200, 98.0800
ATT: -19, 16, 32
GPS: 324983000, 1, 8, 42.6633030, -71.3093340, 0, 39.8000, 46.1200, 0.1600, 98.0800
ATT: -20, 17, 33
GPS: 324983000, 1, 8, 42.6633030, -71.3093340, 0, 39.8000, 46.1200, 0.1600, 98.0800
ATT: -20, 18, 33
GPS: 324983000, 1, 8, 42.6633030, -71.3093340, 0, 39.8000, 46.1200, 0.1600, 98.0800
ATT: -21, 16, 33
GPS: 324983000, 1, 8, 42.6633030, -71.3093340, 0, 39.8000, 46.1200, 0.1600, 98.0800
ATT: -21, 16, 34
GPS: 324983000, 1, 8, 42.6633030, -71.3093340, 0, 39.8000, 46.1200, 0.1600, 98.0800
ATT: -19, 17, 34
GPS: 324983000, 1, 8, 42.6633030, -71.3093340, 0, 39.8000, 46.1200, 0.1600, 98.0800
ATT: -21, 17, 34
GPS: 324983000, 1, 8, 42.6633030, -71.3093340, 0, 39.8000, 46.1200, 0.1600, 98.0800
ATT: -20, 15, 36
GPS: 324983000, 1, 8, 42.6633030, -71.3093340, 0, 39.8000, 46.1200, 0.1600, 98.0800
ATT: -18, 16, 36
GPS: 324983000, 1, 8, 42.6633030, -71.3093340, 0, 39.8000, 46.1200, 0.1600, 98.0800
ATT: -19, 15, 37
GPS: 324983000, 1, 8, 42.6633030, -71.3093340, 0, 39.8000, 46.1200, 0.1600, 98.0800
ATT: -20, 15, 37
GPS: 324983000, 1, 8, 42.6633030, -71.3093340, 0, 39.8000, 46.1200, 0.1600, 98.0800
ATT: -19, 14, 37
GPS: 324984000, 1, 8, 42.6633070, -71.3093570, 0, 39.8000, 46.3700, 0.0700, 98.0800
ATT: -19, 14, 37
GPS: 324984000, 1, 8, 42.6633070, -71.3093570, 0, 39.7100, 46.3700, 0.0700, 98.0800
ATT: -20, 12, 38
GPS: 324984000, 1, 8, 42.6633070, -71.3093570, 0, 39.7100, 46.3700, 0.0700, 98.0800
ATT: -20, 11, 38
GPS: 324984000, 1, 8, 42.6633070, -71.3093570, 0, 39.7100, 46.3700, 0.0700, 98.0800
ATT: -20, 11, 39
GPS: 324984000, 1, 8, 42.6633070, -71.3093570, 0, 39.7100, 46.3700, 0.0700, 98.0800
ATT: -20, 12, 39
GPS: 324984000, 1, 8, 42.6633070, -71.3093570, 0, 39.7100, 46.3700, 0.0700, 98.0800
ATT: -20, 13, 39
GPS: 324984000, 1, 8, 42.6633070, -71.3093570, 0, 39.7100, 46.3700, 0.0700, 98.0800
ATT: -20, 13, 39
GPS: 324984000, 1, 8, 42.6633070, -71.3093570, 0, 39.7100, 46.3700, 0.0700, 98.0800
ATT: -21, 12, 40
GPS: 324984000, 1, 8, 42.6633070, -71.3093570, 0, 39.7100, 46.3700, 0.0700, 98.0800
ATT: -21, 13, 40
GPS: 324984000, 1, 8, 42.6633070, -71.3093570, 0, 39.7100, 46.3700, 0.0700, 98.0800
ATT: -20, 14, 40
GPS: 324985000, 1, 9, 42.6633070, -71.3093570, 0, 39.7100, 46.1400, 0.0100, 98.0800
ATT: -21, 13, 41
GPS: 324985000, 1, 9, 42.6633070, -71.3093570, 0, 39.7100, 46.1400, 0.0100, 98.0800
ATT: -20, 14, 41
GPS: 324985000, 1, 9, 42.6633070, -71.3093570, 0, 39.7100, 46.1400, 0.0100, 98.0800
ATT: -20, 14, 41
GPS: 324985000, 1, 9, 42.6633070, -71.3093570, 0, 39.7100, 46.1400, 0.0100, 98.0800
ATT: -21, 13, 41
GPS: 324985000, 1, 9, 42.6633070, -71.3093570, 0, 39.7100, 46.1400, 0.0100, 98.0800
ATT: -20, 12, 42
GPS: 324985000, 1, 9, 42.6633070, -71.3093570, 0, 39.7100, 46.1400, 0.0100, 98.0800
ATT: -20, 11, 42
GPS: 324985000, 1, 9, 42.6633070, -71.3093570, 0, 39.7100, 46.1400, 0.0100, 98.0800
ATT: -20, 10, 43
GPS: 324985000, 1, 9, 42.6633070, -71.3093570, 0, 39.7100, 46.1400, 0.0100, 98.0800
ATT: -19, 11, 43
GPS: 324985000, 1, 9, 42.6633070, -71.3093570, 0, 39.7100, 46.1400, 0.0100, 98.0800
ATT: -18, 11, 44
GPS: 324985000, 1, 9, 42.6633070, -71.3093570, 0, 39.7100, 46.1400, 0.0100, 98.0800
ATT: -19, 11, 44
GPS: 324986000, 1, 9, 42.6633070, -71.3093800, 0, 39.7100, 44.6600, 0.0300, 98.0800
ATT: -19, 11, 44
GPS: 324986000, 1, 9, 42.6633070, -71.3093800, 0, 39.7100, 44.6600, 0.0300, 98.0800
ATT: -20, 10, 44
GPS: 324986000, 1, 9, 42.6633070, -71.3093800, 0, 39.7100, 44.6600, 0.0300, 98.0800
