Dumping Log 6,    start pg 1352,   end pg 1430

ArduPlane V2.33
Free RAM: 3325
GROUND START -  4 commands in memory
CMD:0,16,0,4400,426542784,-713267392, 
CMD:1,16,0,100,426543584,-713268224, 
CMD:2,16,0,100,426544416,-713269184, 
CMD:3,16,0,100,426545280,-713270272, 
CMD:4,16,0,100,426544832,-713265792, 
MOD:Manual
PM:27578,1,166,0,0,0,0,0,1,0,0,0,21, 
ATT: 291, -1145, 35642
GPS: 573630664, 0, 0, 0.0000000, 0.0000000, 0, -0.0800, 33.5000, 0.0000, 0.0000
ATT: 864, -924, 35881
GPS: 573630664, 0, 0, 0.0000000, 0.0000000, 0, -0.5200, 33.5000, 0.0000, 0.0000
ATT: 906, -701, 35827
GPS: 573630664, 0, 0, 0.0000000, 0.0000000, 0, -0.7800, 33.5000, 0.0000, 0.0000
ATT: 335, -589, 35521
GPS: 573630664, 0, 0, 0.0000000, 0.0000000, 0, -0.8600, 33.5000, 0.0000, 0.0000
ATT: 84, -710, 35356
GPS: 573630664, 0, 0, 0.0000000, 0.0000000, 0, -0.9500, 33.5000, 0.0000, 0.0000
ATT: 96, -832, 35374
GPS: 573630664, 0, 0, 0.0000000, 0.0000000, 0, -0.3400, 33.5000, 0.0000, 0.0000
ATT: -25, -629, 35395
GPS: 573630664, 0, 0, 0.0000000, 0.0000000, 0, 0.0800, 33.5000, 0.0000, 0.0000
ATT: -107, -329, 35424
GPS: 573630664, 0, 0, 0.0000000, 0.0000000, 0, 0.0800, 33.5000, 0.0000, 0.0000
ATT: -26, -173, 35548
GPS: 573630664, 0, 0, 0.0000000, 0.0000000, 0, 0.0800, 33.5000, 0.0000, 0.0000
ATT: -103, -19, 35553
GPS: 573630664, 0, 0, 0.0000000, 0.0000000, 0, 0.9500, 33.5000, 0.0000, 0.0000
ATT: -67, 14, 35590
GPS: 573630664, 0, 0, 0.0000000, 0.0000000, 0, 1.5600, 33.5000, 0.0000, 0.0000
ATT: -81, -28, 35618
GPS: 573630664, 0, 0, 0.0000000, 0.0000000, 0, 1.3900, 33.5000, 0.0000, 0.0000
ATT: -100, -111, 35619
GPS: 573630664, 0, 0, 0.0000000, 0.0000000, 0, 1.2100, 33.5000, 0.0000, 0.0000
ATT: 86, -32, 35641
GPS: 573630664, 0, 0, 0.0000000, 0.0000000, 0, 1.6500, 33.5000, 0.0000, 0.0000
ATT: 94, 202, 35647
GPS: 573630664, 0, 0, 0.0000000, 0.0000000, 0, 1.9900, 33.5000, 0.0000, 0.0000
ATT: 328, 180, 35711
GPS: 573630664, 0, 0, 0.0000000, 0.0000000, 0, 2.5100, 33.5000, 0.0000, 0.0000
ATT: 481, -33, 35757
GPS: 573630664, 0, 0, 0.0000000, 0.0000000, 0, 2.8600, 33.5000, 0.0000, 0.0000
ATT: 27, -316, 35730
GPS: 573630664, 0, 0, 0.0000000, 0.0000000, 0, 2.5100, 33.5000, 0.0000, 0.0000
ATT: -593, -330, 35686
GPS: 573630664, 0, 0, 0.0000000, 0.0000000, 0, 2.2500, 33.5000, 0.0000, 0.0000
ATT: -725, -171, 35673
GPS: 573630664, 0, 0, 0.0000000, 0.0000000, 0, 2.5100, 33.5000, 0.0000, 0.0000
ATT: -575, -271, 35768
GPS: 573634660, 0, 0, 0.0000000, 0.0000000, 0, 2.6900, 33.5000, 0.0000, 0.0000
ATT: -444, -425, 35807
GPS: 573634660, 0, 0, 0.0000000, 0.0000000, 0, 2.5100, 33.5000, 0.0000, 0.0000
ATT: -228, -292, 35788
GPS: 573634660, 0, 0, 0.0000000, 0.0000000, 0, 2.3400, 33.5000, 0.0000, 0.0000
ATT: -67, -219, 35799
GPS: 573634660, 0, 0, 0.0000000, 0.0000000, 0, 2.6900, 33.5000, 0.0000, 0.0000
ATT: -218, -203, 35848
GPS: 573634660, 0, 0, 0.0000000, 0.0000000, 0, 2.9500, 33.5000, 0.0000, 0.0000
ATT: -387, -66, 35828
GPS: 573634660, 0, 0, 0.0000000, 0.0000000, 0, 3.3000, 33.5000, 0.0000, 0.0000
ATT: -528, 130, 35873
GPS: 573634660, 0, 0, 0.0000000, 0.0000000, 0, 3.5600, 33.5000, 0.0000, 0.0000
ATT: -459, 292, 15
GPS: 573634660, 0, 0, 0.0000000, 0.0000000, 0, 3.4700, 33.5000, 0.0000, 0.0000
ATT: -158, 313, 182
GPS: 573634660, 0, 0, 0.0000000, 0.0000000, 0, 3.3800, 33.5000, 0.0000, 0.0000
ATT: 116, 252, 181
GPS: 573634660, 0, 0, 0.0000000, 0.0000000, 0, 3.3000, 33.5000, 0.0000, 0.0000
ATT: 37, 283, 21
GPS: 573635664, 0, 0, 0.0000000, 0.0000000, 0, 3.2100, 33.5000, 0.0000, 0.0000
ATT: -276, 267, 35910
GPS: 573635664, 0, 0, 0.0000000, 0.0000000, 0, 2.6000, 33.5000, 0.0000, 0.0000
ATT: -487, 239, 35938
GPS: 573635664, 0, 0, 0.0000000, 0.0000000, 0, 2.1700, 33.5000, 0.0000, 0.0000
ATT: -526, 288, 17
GPS: 573635664, 0, 0, 0.0000000, 0.0000000, 0, 2.2500, 33.5000, 0.0000, 0.0000
ATT: -570, 357, 25
GPS: 573635664, 0, 0, 0.0000000, 0.0000000, 0, 2.3400, 33.5000, 0.0000, 0.0000
ATT: -533, 341, 41
GPS: 573635664, 0, 0, 0.0000000, 0.0000000, 0, 1.9100, 33.5000, 0.0000, 0.0000
ATT: -459, 194, 47
GPS: 573635664, 0, 0, 0.0000000, 0.0000000, 0, 1.6500, 33.5000, 0.0000, 0.0000
ATT: -349, -10, 18
GPS: 573635664, 0, 0, 0.0000000, 0.0000000, 0, 1.7300, 33.5000, 0.0000, 0.0000
ATT: -329, -155, 35956
GPS: 573635664, 0, 0, 0.0000000, 0.0000000, 0, 1.7300, 33.5000, 0.0000, 0.0000
ATT: -427, -189, 1
GPS: 573635664, 0, 0, 0.0000000, 0.0000000, 0, 2.1700, 33.5000, 0.0000, 0.0000
ATT: -477, -158, 213
GPS: 573636664, 0, 0, 0.0000000, 0.0000000, 0, 2.4300, 33.5000, 0.0000, 0.0000
ATT: -399, -189, 425
GPS: 573636664, 0, 0, 0.0000000, 0.0000000, 0, 1.9900, 33.5000, 0.0000, 0.0000
ATT: -462, -191, 478
GPS: 573636664, 0, 0, 0.0000000, 0.0000000, 0, 1.7300, 33.5000, 0.0000, 0.0000
ATT: -506, -186, 494
GPS: 573636664, 0, 0, 0.0000000, 0.0000000, 0, 2.5100, 33.5000, 0.0000, 0.0000
ATT: -427, -262, 532
GPS: 573636664, 0, 0, 0.0000000, 0.0000000, 0, 3.0400, 33.5000, 0.0000, 0.0000
ATT: -303, -364, 492
GPS: 573636664, 0, 0, 0.0000000, 0.0000000, 0, 2.1700, 33.5000, 0.0000, 0.0000
ATT: -257, -396, 344
GPS: 573636664, 0, 0, 0.0000000, 0.0000000, 0, 1.5600, 33.5000, 0.0000, 0.0000
ATT: -291, -476, 223
GPS: 573636664, 0, 0, 0.0000000, 0.0000000, 0, 1.3900, 33.5000, 0.0000, 0.0000
ATT: -308, -584, 139
GPS: 573636664, 0, 0, 0.0000000, 0.0000000, 0, 1.2100, 33.5000, 0.0000, 0.0000
ATT: -289, -629, 92
GPS: 573636664, 0, 0, 0.0000000, 0.0000000, 0, 1.9100, 33.5000, 0.0000, 0.0000
ATT: -270, -554, 61
GPS: 573637660, 0, 0, 0.0000000, 0.0000000, 0, 2.4300, 33.5000, 0.0000, 0.0000
ATT: -258, -435, 42
GPS: 573637660, 0, 0, 0.0000000, 0.0000000, 0, 2.2500, 33.5000, 0.0000, 0.0000
ATT: -287, -341, 35963
GPS: 573637660, 0, 0, 0.0000000, 0.0000000, 0, 2.0800, 33.5000, 0.0000, 0.0000
ATT: -300, -201, 35827
GPS: 573637660, 0, 0, 0.0000000, 0.0000000, 0, 2.3400, 33.5000, 0.0000, 0.0000
ATT: -289, -70, 35679
GPS: 573637660, 0, 0, 0.0000000, 0.0000000, 0, 2.5100, 33.5000, 0.0000, 0.0000
ATT: -290, -20, 35563
GPS: 573637660, 0, 0, 0.0000000, 0.0000000, 0, 1.9100, 33.5000, 0.0000, 0.0000
ATT: -275, 34, 35447
GPS: 573637660, 0, 0, 0.0000000, 0.0000000, 0, 1.4700, 33.5000, 0.0000, 0.0000
ATT: -232, 187, 35354
GPS: 573637660, 0, 0, 0.0000000, 0.0000000, 0, 1.6500, 33.5000, 0.0000, 0.0000
ATT: -200, 339, 35335
GPS: 573637660, 0, 0, 0.0000000, 0.0000000, 0, 1.7300, 33.5000, 0.0000, 0.0000
ATT: -231, 403, 35401
GPS: 573637660, 0, 0, 0.0000000, 0.0000000, 0, 1.7300, 33.5000, 0.0000, 0.0000
ATT: -244, 386, 35447
GPS: 573638664, 0, 0, 0.0000000, 0.0000000, 0, 1.7300, 33.5000, 0.0000, 0.0000
ATT: -186, 409, 35437
GPS: 573638664, 0, 0, 0.0000000, 0.0000000, 0, 1.7300, 33.5000, 0.0000, 0.0000
ATT: -150, 374, 35470
GPS: 573638664, 0, 0, 0.0000000, 0.0000000, 0, 1.7300, 33.5000, 0.0000, 0.0000
ATT: -139, 301, 35539
GPS: 573638664, 0, 0, 0.0000000, 0.0000000, 0, 2.0800, 33.5000, 0.0000, 0.0000
ATT: -103, 288, 35572
GPS: 573638664, 0, 0, 0.0000000, 0.0000000, 0, 2.3400, 33.5000, 0.0000, 0.0000
ATT: -113, 308, 35531
GPS: 573638664, 0, 0, 0.0000000, 0.0000000, 0, 1.6500, 33.5000, 0.0000, 0.0000
ATT: -147, 324, 35529
GPS: 573638664, 0, 0, 0.0000000, 0.0000000, 0, 1.2100, 33.5000, 0.0000, 0.0000
ATT: -126, 296, 35566
GPS: 573638664, 0, 0, 0.0000000, 0.0000000, 0, 1.3900, 33.5000, 0.0000, 0.0000
ATT: -73, 297, 35601
GPS: 573638664, 0, 0, 0.0000000, 0.0000000, 0, 1.4700, 33.5000, 0.0000, 0.0000
ATT: -68, 263, 35604
GPS: 573638664, 0, 0, 0.0000000, 0.0000000, 0, 1.5600, 33.5000, 0.0000, 0.0000
ATT: -114, 239, 35604
GPS: 573639664, 0, 0, 0.0000000, 0.0000000, 0, 1.6500, 33.5000, 0.0000, 0.0000
ATT: -196, 282, 35588
GPS: 573639664, 0, 0, 0.0000000, 0.0000000, 0, 1.5600, 33.5000, 0.0000, 0.0000
ATT: -281, 346, 35590
GPS: 573639664, 0, 0, 0.0000000, 0.0000000, 0, 1.4700, 33.5000, 0.0000, 0.0000
ATT: -277, 439, 35619
GPS: 573639664, 0, 0, 0.0000000, 0.0000000, 0, 1.9900, 33.5000, 0.0000, 0.0000
ATT: -214, 466, 35644
GPS: 573639664, 0, 0, 0.0000000, 0.0000000, 0, 2.3400, 33.5000, 0.0000, 0.0000
ATT: -164, 433, 35689
GPS: 573639664, 0, 0, 0.0000000, 0.0000000, 0, 2.1700, 33.5000, 0.0000, 0.0000
ATT: -156, 427, 35704
GPS: 573639664, 0, 0, 0.0000000, 0.0000000, 0, 2.0800, 33.5000, 0.0000, 0.0000
ATT: -183, 452, 35699
GPS: 573639664, 0, 0, 0.0000000, 0.0000000, 0, 2.2500, 33.5000, 0.0000, 0.0000
ATT: -189, 444, 35752
GPS: 573639664, 0, 0, 0.0000000, 0.0000000, 0, 2.4300, 33.5000, 0.0000, 0.0000
ATT: 2, 442, 35925
GPS: 573639664, 0, 0, 0.0000000, 0.0000000, 0, 2.1700, 33.5000, 0.0000, 0.0000
ATT: 543, 312, 205
GPS: 573640664, 0, 0, 0.0000000, 0.0000000, 0, 1.9900, 33.5000, 0.0000, 0.0000
ATT: 661, -104, 201
GPS: 573640664, 0, 0, 0.0000000, 0.0000000, 0, 2.3400, 33.5000, 0.0000, 0.0000
ATT: 179, -537, 35933
GPS: 573640664, 0, 0, 0.0000000, 0.0000000, 0, 2.6000, 33.5000, 0.0000, 0.0000
ATT: -449, -564, 35779
GPS: 573640664, 0, 0, 0.0000000, 0.0000000, 0, 2.7800, 33.5000, 0.0000, 0.0000
ATT: -701, -413, 24
GPS: 573640664, 0, 0, 0.0000000, 0.0000000, 0, 2.8600, 33.5000, 0.0000, 0.0000
ATT: -567, -402, 531
GPS: 573640664, 0, 0, 0.0000000, 0.0000000, 0, 2.1700, 33.5000, 0.0000, 0.0000
ATT: -285, -439, 916
GPS: 573640664, 0, 0, 0.0000000, 0.0000000, 0, 1.6500, 33.5000, 0.0000, 0.0000
ATT: -152, -433, 890
GPS: 573640664, 0, 0, 0.0000000, 0.0000000, 0, 1.9100, 33.5000, 0.0000, 0.0000
ATT: -279, -384, 752
GPS: 573640664, 0, 0, 0.0000000, 0.0000000, 0, 2.0800, 33.5000, 0.0000, 0.0000
ATT: -402, -381, 707
GPS: 573640664, 0, 0, 0.0000000, 0.0000000, 0, 1.4700, 33.5000, 0.0000, 0.0000
ATT: -503, -334, 734
GPS: 573641660, 0, 0, 0.0000000, 0.0000000, 0, 1.0400, 33.5000, 0.0000, 0.0000
ATT: -644, -184, 725
GPS: 573641660, 0, 0, 0.0000000, 0.0000000, 0, 1.6500, 33.5000, 0.0000, 0.0000
ATT: -633, -86, 745
GPS: 573641660, 0, 0, 0.0000000, 0.0000000, 0, 2.0800, 33.5000, 0.0000, 0.0000
ATT: -405, -153, 909
GPS: 573641660, 0, 0, 0.0000000, 0.0000000, 0, 2.3400, 33.5000, 0.0000, 0.0000
ATT: -210, -184, 1223
GPS: 573641660, 0, 0, 0.0000000, 0.0000000, 0, 2.6000, 33.5000, 0.0000, 0.0000
ATT: -328, -61, 1532
GPS: 573641660, 0, 0, 0.0000000, 0.0000000, 0, 2.1700, 33.5000, 0.0000, 0.0000
ATT: -616, 96, 1848
GPS: 573641660, 0, 0, 0.0000000, 0.0000000, 0, 1.9100, 33.5000, 0.0000, 0.0000
ATT: -824, 184, 2162
GPS: 573641660, 0, 0, 0.0000000, 0.0000000, 0, 2.5100, 33.5000, 0.0000, 0.0000
ATT: -870, 173, 2452
GPS: 573641660, 0, 0, 0.0000000, 0.0000000, 0, 2.9500, 33.5000, 0.0000, 0.0000
ATT: -735, -94, 2703
GPS: 573641660, 0, 0, 0.0000000, 0.0000000, 0, 2.8600, 33.5000, 0.0000, 0.0000
ATT: -504, -242, 2840
GPS: 573642664, 0, 0, 0.0000000, 0.0000000, 0, 2.7800, 33.5000, 0.0000, 0.0000
ATT: -343, -178, 2682
GPS: 573642664, 0, 0, 0.0000000, 0.0000000, 0, 2.6900, 33.5000, 0.0000, 0.0000
ATT: -359, -126, 2463
GPS: 573642664, 0, 0, 0.0000000, 0.0000000, 0, 2.6000, 33.5000, 0.0000, 0.0000
ATT: -476, -131, 2408
GPS: 573642664, 0, 0, 0.0000000, 0.0000000, 0, 2.6000, 33.5000, 0.0000, 0.0000
ATT: -577, -130, 2346
GPS: 573642664, 0, 0, 0.0000000, 0.0000000, 0, 2.6000, 33.5000, 0.0000, 0.0000
ATT: -764, -104, 2241
GPS: 573642664, 0, 0, 0.0000000, 0.0000000, 0, 2.4300, 33.5000, 0.0000, 0.0000
ATT: -948, -190, 2092
GPS: 573642664, 0, 0, 0.0000000, 0.0000000, 0, 2.3400, 33.5000, 0.0000, 0.0000
ATT: -1021, -180, 1897
GPS: 573642664, 0, 0, 0.0000000, 0.0000000, 0, 2.6000, 33.5000, 0.0000, 0.0000
ATT: -963, -199, 1729
GPS: 573642664, 0, 0, 0.0000000, 0.0000000, 0, 2.7800, 33.5000, 0.0000, 0.0000
ATT: -848, -237, 1644
GPS: 573642664, 0, 0, 0.0000000, 0.0000000, 0, 2.5100, 33.5000, 0.0000, 0.0000
ATT: -806, -319, 1615
GPS: 573643664, 0, 0, 0.0000000, 0.0000000, 0, 2.2500, 33.5000, 0.0000, 0.0000
ATT: -894, -367, 1597
GPS: 573643664, 0, 0, 0.0000000, 0.0000000, 0, 2.4300, 33.5000, 0.0000, 0.0000
ATT: -1064, -348, 1550
GPS: 573643664, 0, 0, 0.0000000, 0.0000000, 0, 2.5100, 33.5000, 0.0000, 0.0000
ATT: -1155, -310, 1474
GPS: 573643664, 0, 0, 0.0000000, 0.0000000, 0, 1.7300, 33.5000, 0.0000, 0.0000
ATT: -1039, -315, 1376
GPS: 573643664, 0, 0, 0.0000000, 0.0000000, 0, 1.2100, 33.5000, 0.0000, 0.0000
ATT: -720, -319, 1300
GPS: 573643664, 0, 0, 0.0000000, 0.0000000, 0, 1.4700, 33.5000, 0.0000, 0.0000
ATT: -247, -331, 1270
GPS: 573643664, 0, 0, 0.0000000, 0.0000000, 0, 1.6500, 33.5000, 0.0000, 0.0000
ATT: 179, -408, 1207
GPS: 573643664, 0, 0, 0.0000000, 0.0000000, 0, 1.9100, 33.5000, 0.0000, 0.0000
ATT: 392, -455, 1101
GPS: 573643664, 0, 0, 0.0000000, 0.0000000, 0, 2.0800, 33.5000, 0.0000, 0.0000
ATT: 608, -505, 1042
GPS: 573643664, 0, 0, 0.0000000, 0.0000000, 0, 1.7300, 33.5000, 0.0000, 0.0000
ATT: 1003, -645, 1040
GPS: 573644664, 0, 0, 0.0000000, 0.0000000, 0, 1.4700, 33.5000, 0.0000, 0.0000
ATT: 1222, -770, 979
GPS: 573644664, 0, 0, 0.0000000, 0.0000000, 0, 1.8200, 33.5000, 0.0000, 0.0000
ATT: 1303, -866, 875
GPS: 573644664, 0, 0, 0.0000000, 0.0000000, 0, 2.0800, 33.5000, 0.0000, 0.0000
ATT: 1365, -943, 792
GPS: 573644664, 0, 0, 0.0000000, 0.0000000, 0, 1.8200, 33.5000, 0.0000, 0.0000
ATT: 1265, -798, 779
GPS: 573644664, 0, 0, 0.0000000, 0.0000000, 0, 1.5600, 33.5000, 0.0000, 0.0000
ATT: 1167, -658, 780
GPS: 573644664, 0, 0, 0.0000000, 0.0000000, 0, 1.7300, 33.5000, 0.0000, 0.0000
ATT: 1079, -566, 841
GPS: 573644664, 0, 0, 0.0000000, 0.0000000, 0, 1.8200, 33.5000, 0.0000, 0.0000
ATT: 1072, -526, 918
GPS: 573644664, 0, 0, 0.0000000, 0.0000000, 0, 1.9900, 33.5000, 0.0000, 0.0000
ATT: 1024, -469, 968
GPS: 573644664, 0, 0, 0.0000000, 0.0000000, 0, 2.1700, 33.5000, 0.0000, 0.0000
ATT: 795, -403, 1035
GPS: 573644664, 0, 0, 0.0000000, 0.0000000, 0, 2.1700, 33.5000, 0.0000, 0.0000
ATT: 518, -295, 1174
GPS: 573645660, 0, 0, 0.0000000, 0.0000000, 0, 2.1700, 33.5000, 0.0000, 0.0000
ATT: 595, -207, 1326
GPS: 573645660, 0, 0, 0.0000000, 0.0000000, 0, 2.2500, 33.5000, 0.0000, 0.0000
ATT: 730, -220, 1361
GPS: 573645660, 0, 0, 0.0000000, 0.0000000, 0, 2.3400, 33.5000, 0.0000, 0.0000
ATT: 677, -227, 1298
GPS: 573645660, 0, 0, 0.0000000, 0.0000000, 0, 1.9900, 33.5000, 0.0000, 0.0000
ATT: 541, -115, 1175
GPS: 573645660, 0, 0, 0.0000000, 0.0000000, 0, 1.7300, 33.5000, 0.0000, 0.0000
ATT: 407, -80, 1133
GPS: 573645660, 0, 0, 0.0000000, 0.0000000, 0, 1.5600, 33.5000, 0.0000, 0.0000
ATT: 343, -152, 1150
GPS: 573645660, 0, 0, 0.0000000, 0.0000000, 0, 1.4700, 33.5000, 0.0000, 0.0000
ATT: 322, -166, 1141
GPS: 573645660, 0, 0, 0.0000000, 0.0000000, 0, 1.3000, 33.5000, 0.0000, 0.0000
ATT: 311, -125, 1088
GPS: 573645660, 0, 0, 0.0000000, 0.0000000, 0, 1.1200, 33.5000, 0.0000, 0.0000
ATT: 181, -122, 1084
GPS: 573645660, 0, 0, 0.0000000, 0.0000000, 0, 1.0400, 33.5000, 0.0000, 0.0000
ATT: 138, -122, 1131
GPS: 573646664, 0, 0, 0.0000000, 0.0000000, 0, 0.9500, 33.5000, 0.0000, 0.0000
ATT: 228, -146, 1140
GPS: 573646664, 0, 0, 0.0000000, 0.0000000, 0, 1.2100, 33.5000, 0.0000, 0.0000
ATT: 311, -167, 1135
GPS: 573646664, 0, 0, 0.0000000, 0.0000000, 0, 1.3900, 33.5000, 0.0000, 0.0000
ATT: 532, -179, 1185
GPS: 573646664, 0, 0, 0.0000000, 0.0000000, 0, 0.8600, 33.5000, 0.0000, 0.0000
ATT: 781, -286, 1238
GPS: 573646664, 0, 0, 0.0000000, 0.0000000, 0, 0.5200, 33.5000, 0.0000, 0.0000
ATT: 781, -359, 1222
GPS: 573646664, 0, 0, 0.0000000, 0.0000000, 0, 1.1200, 33.5000, 0.0000, 0.0000
ATT: 579, -324, 1091
GPS: 573646664, 0, 0, 0.0000000, 0.0000000, 0, 1.5600, 33.5000, 0.0000, 0.0000
ATT: 374, -244, 944
GPS: 573646664, 0, 0, 0.0000000, 0.0000000, 0, 1.2100, 33.5000, 0.0000, 0.0000
ATT: 295, -262, 887
GPS: 573646664, 0, 0, 0.0000000, 0.0000000, 0, 0.9500, 33.5000, 0.0000, 0.0000
ATT: 311, -317, 853
GPS: 573646664, 0, 0, 0.0000000, 0.0000000, 0, 0.6900, 33.5000, 0.0000, 0.0000
ATT: 312, -338, 765
GPS: 573647664, 0, 0, 0.0000000, 0.0000000, 0, 0.5200, 33.5000, 0.0000, 0.0000
ATT: 313, -351, 692
GPS: 573647664, 0, 0, 0.0000000, 0.0000000, 0, 1.0400, 33.5000, 0.0000, 0.0000
ATT: 333, -392, 678
GPS: 573647664, 0, 0, 0.0000000, 0.0000000, 0, 1.3900, 33.5000, 0.0000, 0.0000
ATT: 329, -402, 707
GPS: 573647664, 0, 0, 0.0000000, 0.0000000, 0, 1.3900, 33.5000, 0.0000, 0.0000
ATT: 314, -369, 712
GPS: 573647664, 0, 0, 0.0000000, 0.0000000, 0, 1.3900, 33.5000, 0.0000, 0.0000
ATT: 337, -288, 639
GPS: 573647664, 0, 0, 0.0000000, 0.0000000, 0, 1.8200, 33.5000, 0.0000, 0.0000
ATT: 252, -39, 260
GPS: 573647664, 0, 0, 0.0000000, 0.0000000, 0, 2.0800, 33.5000, 0.0000, 0.0000
ATT: 24, 256, 35657
GPS: 573647664, 0, 0, 0.0000000, 0.0000000, 0, 1.3000, 33.5000, 0.0000, 0.0000
ATT: -217, 241, 35217
GPS: 573647664, 0, 0, 0.0000000, 0.0000000, 0, 0.7800, 33.5000, 0.0000, 0.0000
ATT: -302, -112, 35299
GPS: 573647664, 0, 0, 0.0000000, 0.0000000, 0, 1.0400, 33.5000, 0.0000, 0.0000
ATT: -185, -474, 35682
GPS: 573648664, 0, 0, 0.0000000, 0.0000000, 0, 1.2100, 33.5000, 0.0000, 0.0000
ATT: -37, -550, 35941
GPS: 573648664, 0, 0, 0.0000000, 0.0000000, 0, 1.4700, 33.5000, 0.0000, 0.0000
ATT: 94, -416, 82
GPS: 573648664, 0, 0, 0.0000000, 0.0000000, 0, 1.6500, 33.5000, 0.0000, 0.0000
ATT: 249, -395, 247
GPS: 573648664, 0, 0, 0.0000000, 0.0000000, 0, 1.5600, 33.5000, 0.0000, 0.0000
ATT: 428, -486, 468
GPS: 573648664, 0, 0, 0.0000000, 0.0000000, 0, 1.4700, 33.5000, 0.0000, 0.0000
ATT: 580, -506, 553
GPS: 573648664, 0, 0, 0.0000000, 0.0000000, 0, 1.7300, 33.5000, 0.0000, 0.0000
ATT: 593, -439, 503
GPS: 573648664, 0, 0, 0.0000000, 0.0000000, 0, 1.9100, 33.5000, 0.0000, 0.0000
ATT: 476, -417, 461
GPS: 573648664, 0, 0, 0.0000000, 0.0000000, 0, 1.3900, 33.5000, 0.0000, 0.0000
ATT: 445, -473, 511
GPS: 573648664, 0, 0, 0.0000000, 0.0000000, 0, 1.0400, 33.5000, 0.0000, 0.0000
ATT: 549, -507, 528
GPS: 573648664, 0, 0, 0.0000000, 0.0000000, 0, 1.3900, 33.5000, 0.0000, 0.0000
ATT: 637, -522, 516
GPS: 573649660, 0, 0, 0.0000000, 0.0000000, 0, 1.6500, 33.5000, 0.0000, 0.0000
ATT: 786, -540, 611
GPS: 573649660, 0, 0, 0.0000000, 0.0000000, 0, 1.5600, 33.5000, 0.0000, 0.0000
ATT: 1223, -509, 831
GPS: 573649660, 0, 0, 0.0000000, 0.0000000, 0, 1.4700, 33.5000, 0.0000, 0.0000
ATT: 1703, -512, 1001
GPS: 573649660, 0, 0, 0.0000000, 0.0000000, 0, 1.3000, 33.5000, 0.0000, 0.0000
ATT: 1943, -544, 998
GPS: 573649660, 0, 0, 0.0000000, 0.0000000, 0, 1.2100, 33.5000, 0.0000, 0.0000
ATT: 2035, -481, 954
GPS: 573649660, 0, 0, 0.0000000, 0.0000000, 0, 1.7300, 33.5000, 0.0000, 0.0000
ATT: 2080, -421, 960
GPS: 573649660, 0, 0, 0.0000000, 0.0000000, 0, 2.0800, 33.5000, 0.0000, 0.0000
ATT: 2084, -430, 985
GPS: 573649660, 0, 0, 0.0000000, 0.0000000, 0, 2.0800, 33.5000, 0.0000, 0.0000
ATT: 2057, -420, 969
GPS: 573649660, 0, 0, 0.0000000, 0.0000000, 0, 2.0800, 33.5000, 0.0000, 0.0000
ATT: 1893, -379, 935
GPS: 573649660, 0, 0, 0.0000000, 0.0000000, 0, 2.6000, 33.5000, 0.0000, 0.0000
ATT: 1473, -340, 909
GPS: 573650664, 0, 0, 0.0000000, 0.0000000, 0, 3.0400, 33.5000, 0.0000, 0.0000
ATT: 879, -195, 881
GPS: 573650664, 0, 0, 0.0000000, 0.0000000, 0, 2.5100, 33.5000, 0.0000, 0.0000
ATT: 278, 33, 751
GPS: 573650664, 0, 0, 0.0000000, 0.0000000, 0, 2.1700, 33.5000, 0.0000, 0.0000
ATT: -297, 210, 541
GPS: 573650664, 0, 0, 0.0000000, 0.0000000, 0, 2.3400, 33.5000, 0.0000, 0.0000
ATT: -925, 216, 314
GPS: 573650664, 0, 0, 0.0000000, 0.0000000, 0, 2.4300, 33.5000, 0.0000, 0.0000
ATT: -1531, 176, 155
GPS: 573650664, 0, 0, 0.0000000, 0.0000000, 0, 2.6900, 33.5000, 0.0000, 0.0000
ATT: -1982, 79, 70
GPS: 573650664, 0, 0, 0.0000000, 0.0000000, 0, 2.8600, 33.5000, 0.0000, 0.0000
ATT: -2147, 9, 25
GPS: 573650664, 0, 0, 0.0000000, 0.0000000, 0, 2.6900, 33.5000, 0.0000, 0.0000
ATT: -2075, -6, 35976
GPS: 573650664, 0, 0, 0.0000000, 0.0000000, 0, 2.5100, 33.5000, 0.0000, 0.0000
ATT: -1947, -22, 35931
GPS: 573650664, 0, 0, 0.0000000, 0.0000000, 0, 2.5100, 33.5000, 0.0000, 0.0000
ATT: -1849, -62, 35941
GPS: 573651664, 0, 0, 0.0000000, 0.0000000, 0, 2.5100, 33.5000, 0.0000, 0.0000
ATT: -1681, -113, 8
GPS: 573651664, 0, 0, 0.0000000, 0.0000000, 0, 1.9100, 33.5000, 0.0000, 0.0000
ATT: -1361, -227, 129
GPS: 573651664, 0, 0, 0.0000000, 0.0000000, 0, 1.4700, 33.5000, 0.0000, 0.0000
ATT: -1027, -334, 172
GPS: 573651664, 0, 0, 0.0000000, 0.0000000, 0, 1.4700, 33.5000, 0.0000, 0.0000
ATT: -743, -318, 168
GPS: 573651664, 0, 0, 0.0000000, 0.0000000, 0, 1.4700, 33.5000, 0.0000, 0.0000
ATT: -461, -272, 156
GPS: 573651664, 0, 0, 0.0000000, 0.0000000, 0, 1.9100, 33.5000, 0.0000, 0.0000
ATT: -302, -261, 130
GPS: 573651664, 0, 0, 0.0000000, 0.0000000, 0, 2.2500, 33.5000, 0.0000, 0.0000
ATT: -275, -325, 83
GPS: 573651664, 0, 0, 0.0000000, 0.0000000, 0, 1.8200, 33.5000, 0.0000, 0.0000
ATT: -241, -354, 90
GPS: 573651664, 0, 0, 0.0000000, 0.0000000, 0, 1.5600, 33.5000, 0.0000, 0.0000
ATT: -170, -341, 116
GPS: 573651664, 0, 0, 0.0000000, 0.0000000, 0, 1.9100, 33.5000, 0.0000, 0.0000
PM:20005,1001,21,0,0,0,0,0,1,0,0,0,20, 
ATT: -149, -331, 88
GPS: 573652664, 0, 0, 0.0000000, 0.0000000, 0, 2.1700, 33.5000, 0.0000, 0.0000
ATT: -163, -329, 61
GPS: 573652664, 0, 0, 0.0000000, 0.0000000, 0, 1.9900, 33.5000, 0.0000, 0.0000
ATT: -136, -334, 77
GPS: 573652664, 0, 0, 0.0000000, 0.0000000, 0, 1.9100, 33.5000, 0.0000, 0.0000
ATT: -122, -352, 71
GPS: 573652664, 0, 0, 0.0000000, 0.0000000, 0, 2.2500, 33.5000, 0.0000, 0.0000
ATT: -161, -339, 78
GPS: 573652664, 0, 0, 0.0000000, 0.0000000, 0, 2.5100, 33.5000, 0.0000, 0.0000
ATT: -146, -330, 110
GPS: 573652664, 0, 0, 0.0000000, 0.0000000, 0, 2.4300, 33.5000, 0.0000, 0.0000
ATT: -108, -328, 132
GPS: 573652664, 0, 0, 0.0000000, 0.0000000, 0, 2.3400, 33.5000, 0.0000, 0.0000
ATT: -68, -301, 115
GPS: 573652664, 0, 0, 0.0000000, 0.0000000, 0, 2.1700, 33.5000, 0.0000, 0.0000
ATT: -55, -270, 80
GPS: 573652664, 0, 0, 0.0000000, 0.0000000, 0, 2.0800, 33.5000, 0.0000, 0.0000
ATT: -45, -284, 52
GPS: 573652664, 0, 0, 0.0000000, 0.0000000, 0, 2.2500, 33.5000, 0.0000, 0.0000
ATT: -55, -368, 13
GPS: 573653660, 0, 0, 0.0000000, 0.0000000, 0, 2.3400, 33.5000, 0.0000, 0.0000
ATT: -47, -421, 31
GPS: 573653660, 0, 0, 0.0000000, 0.0000000, 0, 2.0800, 33.5000, 0.0000, 0.0000
ATT: 32, -472, 74
GPS: 573653660, 0, 0, 0.0000000, 0.0000000, 0, 1.9100, 33.5000, 0.0000, 0.0000
ATT: 144, -468, 72
GPS: 573653660, 0, 0, 0.0000000, 0.0000000, 0, 2.3400, 33.5000, 0.0000, 0.0000
ATT: 129, -397, 50
GPS: 573653660, 0, 0, 0.0000000, 0.0000000, 0, 2.6000, 33.5000, 0.0000, 0.0000
ATT: -37, -307, 89
GPS: 573653660, 0, 0, 0.0000000, 0.0000000, 0, 1.9100, 33.5000, 0.0000, 0.0000
ATT: -258, -151, 169
GPS: 573653660, 0, 0, 0.0000000, 0.0000000, 0, 1.3900, 33.5000, 0.0000, 0.0000
ATT: -440, 60, 279
GPS: 573653660, 0, 0, 0.0000000, 0.0000000, 0, 1.4700, 33.5000, 0.0000, 0.0000
ATT: -545, 182, 431
GPS: 573653660, 0, 0, 0.0000000, 0.0000000, 0, 1.4700, 33.5000, 0.0000, 0.0000
ATT: -483, 191, 518
GPS: 573653660, 0, 0, 0.0000000, 0.0000000, 0, 1.8200, 33.5000, 0.0000, 0.0000
ATT: -286, 95, 561
GPS: 573654664, 0, 0, 0.0000000, 0.0000000, 0, 2.0800, 33.5000, 0.0000, 0.0000
ATT: -74, -89, 597
GPS: 573654664, 0, 0, 0.0000000, 0.0000000, 0, 1.5600, 33.5000, 0.0000, 0.0000
ATT: 126, -198, 624
GPS: 573654664, 0, 0, 0.0000000, 0.0000000, 0, 1.2100, 33.5000, 0.0000, 0.0000
ATT: 334, -278, 641
GPS: 573654664, 0, 0, 0.0000000, 0.0000000, 0, 1.4700, 33.5000, 0.0000, 0.0000
ATT: 395, -436, 657
GPS: 573654664, 0, 0, 0.0000000, 0.0000000, 0, 1.6500, 33.5000, 0.0000, 0.0000
ATT: 315, -507, 651
GPS: 573654664, 0, 0, 0.0000000, 0.0000000, 0, 1.1200, 33.5000, 0.0000, 0.0000
ATT: 128, -452, 638
GPS: 573654664, 0, 0, 0.0000000, 0.0000000, 0, 0.7800, 33.5000, 0.0000, 0.0000
ATT: -71, -417, 662
GPS: 573654664, 0, 0, 0.0000000, 0.0000000, 0, 1.2100, 33.5000, 0.0000, 0.0000
ATT: -133, -379, 727
GPS: 573654664, 0, 0, 0.0000000, 0.0000000, 0, 1.4700, 33.5000, 0.0000, 0.0000
ATT: -96, -379, 784
GPS: 573654664, 0, 0, 0.0000000, 0.0000000, 0, 1.9900, 33.5000, 0.0000, 0.0000
ATT: -95, -411, 852
GPS: 573655664, 0, 0, 0.0000000, 0.0000000, 0, 2.4300, 33.5000, 0.0000, 0.0000
ATT: -153, -394, 911
GPS: 573655664, 0, 0, 0.0000000, 0.0000000, 0, 2.2500, 33.5000, 0.0000, 0.0000
ATT: -198, -388, 955
GPS: 573655664, 0, 0, 0.0000000, 0.0000000, 0, 2.0800, 33.5000, 0.0000, 0.0000
ATT: -176, -370, 1013
GPS: 573655664, 0, 0, 0.0000000, 0.0000000, 0, 2.1700, 33.5000, 0.0000, 0.0000
ATT: -170, -383, 1036
GPS: 573655664, 0, 0, 0.0000000, 0.0000000, 0, 2.2500, 33.5000, 0.0000, 0.0000
ATT: -207, -366, 1056
GPS: 573655664, 0, 0, 0.0000000, 0.0000000, 0, 1.7300, 33.5000, 0.0000, 0.0000
ATT: -193, -305, 1105
GPS: 573655664, 0, 0, 0.0000000, 0.0000000, 0, 1.3000, 33.5000, 0.0000, 0.0000
ATT: -48, -275, 1208
GPS: 573655664, 0, 0, 0.0000000, 0.0000000, 0, 1.3000, 33.5000, 0.0000, 0.0000
ATT: 228, -267, 1267
GPS: 573655664, 0, 0, 0.0000000, 0.0000000, 0, 1.3000, 33.5000, 0.0000, 0.0000
ATT: 428, -399, 1239
GPS: 573655664, 0, 0, 0.0000000, 0.0000000, 0, 1.3000, 33.5000, 0.0000, 0.0000
ATT: 318, -626, 1228
GPS: 573656664, 0, 0, 0.0000000, 0.0000000, 0, 1.3000, 33.5000, 0.0000, 0.0000
ATT: 180, -659, 1311
GPS: 573656664, 0, 0, 0.0000000, 0.0000000, 0, 1.4700, 33.5000, 0.0000, 0.0000
ATT: 84, -421, 1392
GPS: 573656664, 0, 0, 0.0000000, 0.0000000, 0, 1.5600, 33.5000, 0.0000, 0.0000
ATT: 99, -93, 1488
GPS: 573656664, 0, 0, 0.0000000, 0.0000000, 0, 2.0800, 33.5000, 0.0000, 0.0000
ATT: 249, -10, 1555
GPS: 573656664, 0, 0, 0.0000000, 0.0000000, 0, 2.4300, 33.5000, 0.0000, 0.0000
ATT: 328, -220, 1483
GPS: 573656664, 0, 0, 0.0000000, 0.0000000, 0, 2.0800, 33.5000, 0.0000, 0.0000
ATT: 147, -372, 1292
GPS: 573656664, 0, 0, 0.0000000, 0.0000000, 0, 1.8200, 33.5000, 0.0000, 0.0000
ATT: -123, -434, 1134
GPS: 573656664, 0, 0, 0.0000000, 0.0000000, 0, 2.3400, 33.5000, 0.0000, 0.0000
ATT: -255, -544, 1116
GPS: 573656664, 0, 0, 0.0000000, 0.0000000, 0, 2.7800, 33.5000, 0.0000, 0.0000
ATT: -306, -646, 1135
GPS: 573656664, 0, 0, 0.0000000, 0.0000000, 0, 2.6900, 33.5000, 0.0000, 0.0000
ATT: -199, -638, 1074
GPS: 573657660, 0, 0, 0.0000000, 0.0000000, 0, 2.6000, 33.5000, 0.0000, 0.0000
ATT: -159, -513, 1000
GPS: 573657660, 0, 0, 0.0000000, 0.0000000, 0, 2.8600, 33.5000, 0.0000, 0.0000
ATT: 211, -439, 991
GPS: 573657660, 0, 0, 0.0000000, 0.0000000, 0, 3.0400, 33.5000, 0.0000, 0.0000
ATT: 193, -385, 910
GPS: 573657660, 0, 0, 0.0000000, 0.0000000, 0, 3.1200, 33.5000, 0.0000, 0.0000
ATT: -122, -176, 827
GPS: 573657660, 0, 0, 0.0000000, 0.0000000, 0, 3.2100, 33.5000, 0.0000, 0.0000
ATT: -254, 35, 889
GPS: 573657660, 0, 0, 0.0000000, 0.0000000, 0, 2.9500, 33.5000, 0.0000, 0.0000
ATT: -240, 235, 1018
GPS: 573657660, 0, 0, 0.0000000, 0.0000000, 0, 2.7800, 33.5000, 0.0000, 0.0000
ATT: -203, 377, 1100
GPS: 573657660, 0, 0, 0.0000000, 0.0000000, 0, 3.0400, 33.5000, 0.0000, 0.0000
ATT: -250, 369, 1141
GPS: 573657660, 0, 0, 0.0000000, 0.0000000, 0, 3.2100, 33.5000, 0.0000, 0.0000
ATT: -217, 223, 1188
GPS: 573657660, 0, 0, 0.0000000, 0.0000000, 0, 2.5100, 33.5000, 0.0000, 0.0000
ATT: -230, 139, 1192
GPS: 573658664, 0, 0, 0.0000000, 0.0000000, 0, 2.0800, 33.5000, 0.0000, 0.0000
ATT: -242, 141, 1178
GPS: 573658664, 0, 0, 0.0000000, 0.0000000, 0, 2.3400, 33.5000, 0.0000, 0.0000
ATT: -138, 82, 1246
GPS: 573658664, 0, 0, 0.0000000, 0.0000000, 0, 2.5100, 33.5000, 0.0000, 0.0000
ATT: -55, 79, 1276
GPS: 573658664, 0, 0, 0.0000000, 0.0000000, 0, 2.5100, 33.5000, 0.0000, 0.0000
ATT: -266, 241, 1210
GPS: 573658664, 0, 0, 0.0000000, 0.0000000, 0, 2.5100, 33.5000, 0.0000, 0.0000
ATT: -503, 290, 1237
GPS: 573658664, 0, 0, 0.0000000, 0.0000000, 0, 2.4300, 33.5000, 0.0000, 0.0000
ATT: -476, 228, 1319
GPS: 573658664, 0, 0, 0.0000000, 0.0000000, 0, 2.3400, 33.5000, 0.0000, 0.0000
ATT: -384, 198, 1382
GPS: 573658664, 0, 0, 0.0000000, 0.0000000, 0, 2.5100, 33.5000, 0.0000, 0.0000
ATT: -304, 260, 1353
GPS: 573658664, 0, 0, 0.0000000, 0.0000000, 0, 2.6000, 33.5000, 0.0000, 0.0000
ATT: -245, 259, 1357
GPS: 573658664, 0, 0, 0.0000000, 0.0000000, 0, 1.9900, 33.5000, 0.0000, 0.0000
ATT: -281, 282, 1417
GPS: 573659664, 0, 0, 0.0000000, 0.0000000, 0, 1.5600, 33.5000, 0.0000, 0.0000
ATT: -315, 422, 1431
GPS: 573659664, 0, 0, 0.0000000, 0.0000000, 0, 1.9100, 33.5000, 0.0000, 0.0000
ATT: -344, 442, 1449
GPS: 573659664, 0, 0, 0.0000000, 0.0000000, 0, 2.1700, 33.5000, 0.0000, 0.0000
ATT: -344, 345, 1449
GPS: 573659664, 0, 0, 0.0000000, 0.0000000, 0, 2.0800, 33.5000, 0.0000, 0.0000
ATT: -294, 279, 1415
GPS: 573659664, 0, 0, 0.0000000, 0.0000000, 0, 1.9900, 33.5000, 0.0000, 0.0000
ATT: -303, 289, 1313
GPS: 573659664, 0, 0, 0.0000000, 0.0000000, 0, 1.5600, 33.5000, 0.0000, 0.0000
ATT: -368, 241, 1218
GPS: 573659664, 0, 0, 0.0000000, 0.0000000, 0, 1.3000, 33.5000, 0.0000, 0.0000
ATT: -408, 179, 1160
GPS: 573659664, 0, 0, 0.0000000, 0.0000000, 0, 1.6500, 33.5000, 0.0000, 0.0000
ATT: -385, 61, 1128
GPS: 573659664, 0, 0, 0.0000000, 0.0000000, 0, 1.9100, 33.5000, 0.0000, 0.0000
ATT: -392, -40, 1084
GPS: 573659664, 0, 0, 0.0000000, 0.0000000, 0, 1.6500, 33.5000, 0.0000, 0.0000
ATT: -459, -64, 1047
GPS: 573660664, 0, 0, 0.0000000, 0.0000000, 0, 1.4700, 33.5000, 0.0000, 0.0000
ATT: -468, -58, 1027
GPS: 573660664, 0, 0, 0.0000000, 0.0000000, 0, 1.8200, 33.5000, 0.0000, 0.0000
ATT: -313, -88, 1065
GPS: 573660664, 0, 0, 0.0000000, 0.0000000, 0, 2.0800, 33.5000, 0.0000, 0.0000
ATT: -181, -47, 1033
GPS: 573660664, 0, 0, 0.0000000, 0.0000000, 0, 1.7300, 33.5000, 0.0000, 0.0000
ATT: -298, 81, 962
GPS: 573660664, 0, 0, 0.0000000, 0.0000000, 0, 1.4700, 33.5000, 0.0000, 0.0000
ATT: -459, 119, 960
GPS: 573660664, 0, 0, 0.0000000, 0.0000000, 0, 1.6500, 33.5000, 0.0000, 0.0000
ATT: -706, 188, 889
GPS: 573660664, 0, 0, 0.0000000, 0.0000000, 0, 1.8200, 33.5000, 0.0000, 0.0000
ATT: -733, 205, 898
GPS: 573660664, 0, 0, 0.0000000, 0.0000000, 0, 1.9100, 33.5000, 0.0000, 0.0000
ATT: -571, 6, 857
GPS: 573660664, 0, 0, 0.0000000, 0.0000000, 0, 1.9900, 33.5000, 0.0000, 0.0000
ATT: -358, -217, 738
GPS: 573660664, 0, 0, 0.0000000, 0.0000000, 0, 2.0800, 33.5000, 0.0000, 0.0000
ATT: -233, -317, 607
GPS: 573661660, 0, 0, 0.0000000, 0.0000000, 0, 2.1700, 33.5000, 0.0000, 0.0000
ATT: -224, -204, 541
GPS: 573661660, 0, 0, 0.0000000, 0.0000000, 0, 2.2500, 33.5000, 0.0000, 0.0000
ATT: -356, -116, 579
GPS: 573661660, 0, 0, 0.0000000, 0.0000000, 0, 2.2500, 33.5000, 0.0000, 0.0000
ATT: -379, -118, 656
GPS: 573661660, 0, 0, 0.0000000, 0.0000000, 0, 1.7300, 33.5000, 0.0000, 0.0000
ATT: -276, -105, 736
GPS: 573661660, 0, 0, 0.0000000, 0.0000000, 0, 1.3000, 33.5000, 0.0000, 0.0000
ATT: -259, -99, 730
GPS: 573661660, 0, 0, 0.0000000, 0.0000000, 0, 1.4700, 33.5000, 0.0000, 0.0000
ATT: -277, -54, 716
GPS: 573661660, 0, 0, 0.0000000, 0.0000000, 0, 1.6500, 33.5000, 0.0000, 0.0000
ATT: -224, -6, 787
GPS: 573661660, 0, 0, 0.0000000, 0.0000000, 0, 2.0800, 33.5000, 0.0000, 0.0000
ATT: -238, 42, 874
GPS: 573661660, 0, 0, 0.0000000, 0.0000000, 0, 2.3400, 33.5000, 0.0000, 0.0000
ATT: -382, 212, 927
GPS: 573661660, 0, 0, 0.0000000, 0.0000000, 0, 2.2500, 33.5000, 0.0000, 0.0000
ATT: -461, 345, 981
GPS: 573662664, 0, 0, 0.0000000, 0.0000000, 0, 2.1700, 33.5000, 0.0000, 0.0000
ATT: -421, 381, 1037
GPS: 573662664, 0, 0, 0.0000000, 0.0000000, 0, 2.3400, 33.5000, 0.0000, 0.0000
ATT: -269, 375, 1063
GPS: 573662664, 0, 0, 0.0000000, 0.0000000, 0, 2.5100, 33.5000, 0.0000, 0.0000
ATT: -132, 298, 1055
GPS: 573662664, 0, 0, 0.0000000, 0.0000000, 0, 2.5100, 33.5000, 0.0000, 0.0000
ATT: -59, 202, 1044
GPS: 573662664, 0, 0, 0.0000000, 0.0000000, 0, 2.5100, 33.5000, 0.0000, 0.0000
ATT: -3, 155, 1052
GPS: 573662664, 0, 0, 0.0000000, 0.0000000, 0, 2.5100, 33.5000, 0.0000, 0.0000
ATT: -79, 141, 1059
GPS: 573662664, 0, 0, 0.0000000, 0.0000000, 0, 2.5100, 33.5000, 0.0000, 0.0000
ATT: -268, 150, 1055
GPS: 573662664, 0, 0, 0.0000000, 0.0000000, 0, 2.6000, 33.5000, 0.0000, 0.0000
ATT: -330, 185, 1088
GPS: 573662664, 0, 0, 0.0000000, 0.0000000, 0, 2.6900, 33.5000, 0.0000, 0.0000
ATT: -229, 257, 1140
GPS: 573662664, 0, 0, 0.0000000, 0.0000000, 0, 2.5100, 33.5000, 0.0000, 0.0000
ATT: -199, 303, 1129
GPS: 573663664, 0, 0, 0.0000000, 0.0000000, 0, 2.4300, 33.5000, 0.0000, 0.0000
ATT: -391, 292, 1080
GPS: 573663664, 0, 0, 0.0000000, 0.0000000, 0, 2.5100, 33.5000, 0.0000, 0.0000
ATT: -637, 327, 1047
GPS: 573663664, 0, 0, 0.0000000, 0.0000000, 0, 2.6000, 33.5000, 0.0000, 0.0000
ATT: -740, 472, 1098
GPS: 573663664, 0, 0, 0.0000000, 0.0000000, 0, 2.3400, 33.5000, 0.0000, 0.0000
ATT: -674, 618, 1218
GPS: 573663664, 0, 0, 0.0000000, 0.0000000, 0, 2.1700, 33.5000, 0.0000, 0.0000
ATT: -445, 674, 1355
GPS: 573663664, 0, 0, 0.0000000, 0.0000000, 0, 2.6000, 33.5000, 0.0000, 0.0000
ATT: -278, 662, 1429
GPS: 573663664, 0, 0, 0.0000000, 0.0000000, 0, 2.8600, 33.5000, 0.0000, 0.0000
ATT: -300, 703, 1369
GPS: 573663664, 0, 0, 0.0000000, 0.0000000, 0, 2.5100, 33.5000, 0.0000, 0.0000
ATT: -451, 832, 1196
GPS: 573663664, 0, 0, 0.0000000, 0.0000000, 0, 2.2500, 33.5000, 0.0000, 0.0000
ATT: -711, 978, 950
GPS: 573663664, 0, 0, 0.0000000, 0.0000000, 0, 2.4300, 33.5000, 0.0000, 0.0000
ATT: -1032, 1042, 703
GPS: 573664660, 0, 0, 0.0000000, 0.0000000, 0, 2.5100, 33.5000, 0.0000, 0.0000
ATT: -1236, 1016, 604
GPS: 573664660, 0, 0, 0.0000000, 0.0000000, 0, 2.7800, 33.5000, 0.0000, 0.0000
ATT: -1222, 961, 656
GPS: 573664660, 0, 0, 0.0000000, 0.0000000, 0, 2.9500, 33.5000, 0.0000, 0.0000
ATT: -1060, 941, 741
GPS: 573664660, 0, 0, 0.0000000, 0.0000000, 0, 2.4300, 33.5000, 0.0000, 0.0000
ATT: -933, 950, 769
GPS: 573664660, 0, 0, 0.0000000, 0.0000000, 0, 1.9900, 33.5000, 0.0000, 0.0000
ATT: -778, 952, 770
GPS: 573664660, 0, 0, 0.0000000, 0.0000000, 0, 2.5100, 33.5000, 0.0000, 0.0000
ATT: -609, 962, 791
GPS: 573664660, 0, 0, 0.0000000, 0.0000000, 0, 2.8600, 33.5000, 0.0000, 0.0000
ATT: -593, 996, 820
GPS: 573664660, 0, 0, 0.0000000, 0.0000000, 0, 2.0800, 33.5000, 0.0000, 0.0000
ATT: -717, 1024, 799
GPS: 573664660, 0, 0, 0.0000000, 0.0000000, 0, 1.5600, 33.5000, 0.0000, 0.0000
ATT: -827, 1067, 775
GPS: 573664660, 0, 0, 0.0000000, 0.0000000, 0, 1.5600, 33.5000, 0.0000, 0.0000
ATT: -893, 1037, 786
GPS: 573665660, 0, 0, 0.0000000, 0.0000000, 0, 1.5600, 33.5000, 0.0000, 0.0000
ATT: -960, 932, 816
GPS: 573665660, 0, 0, 0.0000000, 0.0000000, 0, 1.9100, 33.5000, 0.0000, 0.0000
ATT: -1042, 833, 864
GPS: 573665660, 0, 0, 0.0000000, 0.0000000, 0, 2.1700, 33.5000, 0.0000, 0.0000
ATT: -904, 721, 980
GPS: 573665660, 0, 0, 0.0000000, 0.0000000, 0, 2.1700, 33.5000, 0.0000, 0.0000
ATT: -693, 583, 1078
GPS: 573665660, 0, 0, 0.0000000, 0.0000000, 0, 2.1700, 33.5000, 0.0000, 0.0000
ATT: -533, 570, 1056
GPS: 573665660, 0, 0, 0.0000000, 0.0000000, 0, 2.3400, 33.5000, 0.0000, 0.0000
ATT: -361, 773, 884
GPS: 573665660, 0, 0, 0.0000000, 0.0000000, 0, 2.4300, 33.5000, 0.0000, 0.0000
ATT: -247, 1159, 657
GPS: 573665660, 0, 0, 0.0000000, 0.0000000, 0, 2.0800, 33.5000, 0.0000, 0.0000
ATT: -250, 1712, 639
GPS: 573665660, 0, 0, 0.0000000, 0.0000000, 0, 1.8200, 33.5000, 0.0000, 0.0000
ATT: -267, 2244, 720
GPS: 573665660, 0, 0, 0.0000000, 0.0000000, 0, 1.8200, 33.5000, 0.0000, 0.0000
ATT: -401, 2463, 639
GPS: 573666660, 0, 0, 0.0000000, 0.0000000, 0, 1.8200, 33.5000, 0.0000, 0.0000
ATT: -535, 2451, 474
GPS: 573666660, 0, 0, 0.0000000, 0.0000000, 0, 1.7300, 33.5000, 0.0000, 0.0000
ATT: -597, 2385, 430
GPS: 573666660, 0, 0, 0.0000000, 0.0000000, 0, 1.6500, 33.5000, 0.0000, 0.0000
ATT: -615, 2270, 436
GPS: 573666660, 0, 0, 0.0000000, 0.0000000, 0, 1.9100, 33.5000, 0.0000, 0.0000
ATT: -583, 2281, 429
GPS: 573666660, 0, 0, 0.0000000, 0.0000000, 0, 2.0800, 33.5000, 0.0000, 0.0000
ATT: -585, 2391, 444
GPS: 573666660, 0, 0, 0.0000000, 0.0000000, 0, 2.5100, 33.5000, 0.0000, 0.0000
ATT: -653, 2481, 471
GPS: 573666660, 0, 0, 0.0000000, 0.0000000, 0, 2.7800, 33.5000, 0.0000, 0.0000
ATT: -798, 2555, 461
GPS: 573666660, 0, 0, 0.0000000, 0.0000000, 0, 2.5100, 33.5000, 0.0000, 0.0000
ATT: -870, 2563, 463
GPS: 573666660, 0, 0, 0.0000000, 0.0000000, 0, 2.3400, 33.5000, 0.0000, 0.0000
ATT: -725, 2551, 559
GPS: 573666660, 0, 0, 0.0000000, 0.0000000, 0, 2.8600, 33.5000, 0.0000, 0.0000
ATT: -579, 2432, 644
GPS: 573667664, 0, 0, 0.0000000, 0.0000000, 0, 3.2100, 33.5000, 0.0000, 0.0000
ATT: -574, 2291, 620
GPS: 573667664, 0, 0, 0.0000000, 0.0000000, 0, 2.9500, 33.5000, 0.0000, 0.0000
ATT: -601, 2285, 585
GPS: 573667664, 0, 0, 0.0000000, 0.0000000, 0, 2.6900, 33.5000, 0.0000, 0.0000
ATT: -559, 2310, 604
GPS: 573667664, 0, 0, 0.0000000, 0.0000000, 0, 2.4300, 33.5000, 0.0000, 0.0000
ATT: -462, 2286, 645
GPS: 573667664, 0, 0, 0.0000000, 0.0000000, 0, 2.2500, 33.5000, 0.0000, 0.0000
ATT: -401, 2238, 681
GPS: 573667664, 0, 0, 0.0000000, 0.0000000, 0, 2.5100, 33.5000, 0.0000, 0.0000
ATT: -299, 2173, 710
GPS: 573667664, 0, 0, 0.0000000, 0.0000000, 0, 2.6900, 33.5000, 0.0000, 0.0000
ATT: -90, 2105, 776
GPS: 573667664, 0, 0, 0.0000000, 0.0000000, 0, 2.3400, 33.5000, 0.0000, 0.0000
ATT: 178, 1947, 872
GPS: 573667664, 0, 0, 0.0000000, 0.0000000, 0, 2.0800, 33.5000, 0.0000, 0.0000
ATT: 463, 1632, 991
GPS: 573667664, 0, 0, 0.0000000, 0.0000000, 0, 2.2500, 33.5000, 0.0000, 0.0000
ATT: 687, 1300, 1117
GPS: 573668664, 0, 0, 0.0000000, 0.0000000, 0, 2.4300, 33.5000, 0.0000, 0.0000
ATT: 777, 1008, 1133
GPS: 573668664, 0, 0, 0.0000000, 0.0000000, 0, 1.7300, 33.5000, 0.0000, 0.0000
ATT: 744, 830, 1049
GPS: 573668664, 0, 0, 0.0000000, 0.0000000, 0, 1.2100, 33.5000, 0.0000, 0.0000
ATT: 661, 661, 976
GPS: 573668664, 0, 0, 0.0000000, 0.0000000, 0, 1.4700, 33.5000, 0.0000, 0.0000
ATT: 666, 503, 975
GPS: 573668664, 0, 0, 0.0000000, 0.0000000, 0, 1.6500, 33.5000, 0.0000, 0.0000
ATT: 735, 453, 1041
GPS: 573668664, 0, 0, 0.0000000, 0.0000000, 0, 2.0800, 33.5000, 0.0000, 0.0000
ATT: 701, 475, 1071
GPS: 573668664, 0, 0, 0.0000000, 0.0000000, 0, 2.3400, 33.5000, 0.0000, 0.0000
ATT: 721, 554, 1081
GPS: 573668664, 0, 0, 0.0000000, 0.0000000, 0, 2.3400, 33.5000, 0.0000, 0.0000
ATT: 826, 565, 1076
GPS: 573668664, 0, 0, 0.0000000, 0.0000000, 0, 2.3400, 33.5000, 0.0000, 0.0000
ATT: 859, 541, 1051
GPS: 573668664, 0, 0, 0.0000000, 0.0000000, 0, 2.4300, 33.5000, 0.0000, 0.0000
ATT: 753, 517, 1007
GPS: 573669660, 0, 0, 0.0000000, 0.0000000, 0, 2.5100, 33.5000, 0.0000, 0.0000
ATT: 585, 550, 971
GPS: 573669660, 0, 0, 0.0000000, 0.0000000, 0, 1.9900, 33.5000, 0.0000, 0.0000
ATT: 515, 661, 985
GPS: 573669660, 0, 0, 0.0000000, 0.0000000, 0, 1.6500, 33.5000, 0.0000, 0.0000
ATT: 576, 789, 1026
GPS: 573669660, 0, 0, 0.0000000, 0.0000000, 0, 2.0800, 33.5000, 0.0000, 0.0000
ATT: 602, 839, 1058
GPS: 573669660, 0, 0, 0.0000000, 0.0000000, 0, 2.3400, 33.5000, 0.0000, 0.0000
ATT: 563, 791, 1050
GPS: 573669660, 0, 0, 0.0000000, 0.0000000, 0, 2.3400, 33.5000, 0.0000, 0.0000
ATT: 504, 777, 1000
GPS: 573669660, 0, 0, 0.0000000, 0.0000000, 0, 2.3400, 33.5000, 0.0000, 0.0000
ATT: 410, 848, 952
GPS: 573669660, 0, 0, 0.0000000, 0.0000000, 0, 1.9900, 33.5000, 0.0000, 0.0000
ATT: 356, 888, 965
GPS: 573669660, 0, 0, 0.0000000, 0.0000000, 0, 1.7300, 33.5000, 0.0000, 0.0000
ATT: 403, 892, 1010
GPS: 573669660, 0, 0, 0.0000000, 0.0000000, 0, 1.9900, 33.5000, 0.0000, 0.0000
ATT: 530, 900, 1017
GPS: 573670664, 0, 0, 0.0000000, 0.0000000, 0, 2.1700, 33.5000, 0.0000, 0.0000
ATT: 633, 900, 990
GPS: 573670664, 0, 0, 0.0000000, 0.0000000, 0, 2.0800, 33.5000, 0.0000, 0.0000
ATT: 580, 853, 953
GPS: 573670664, 0, 0, 0.0000000, 0.0000000, 0, 1.9900, 33.5000, 0.0000, 0.0000
ATT: 460, 793, 904
GPS: 573670664, 0, 0, 0.0000000, 0.0000000, 0, 2.2500, 33.5000, 0.0000, 0.0000
ATT: 323, 789, 874
GPS: 573670664, 0, 0, 0.0000000, 0.0000000, 0, 2.5100, 33.5000, 0.0000, 0.0000
ATT: 255, 833, 888
GPS: 573670664, 0, 0, 0.0000000, 0.0000000, 0, 2.0800, 33.5000, 0.0000, 0.0000
ATT: 314, 889, 895
GPS: 573670664, 0, 0, 0.0000000, 0.0000000, 0, 1.7300, 33.5000, 0.0000, 0.0000
ATT: 306, 910, 890
GPS: 573670664, 0, 0, 0.0000000, 0.0000000, 0, 1.9100, 33.5000, 0.0000, 0.0000
ATT: 255, 868, 875
GPS: 573670664, 0, 0, 0.0000000, 0.0000000, 0, 1.9900, 33.5000, 0.0000, 0.0000
ATT: 262, 803, 886
GPS: 573670664, 0, 0, 0.0000000, 0.0000000, 0, 2.3400, 33.5000, 0.0000, 0.0000
ATT: 389, 795, 910
GPS: 573671664, 0, 0, 0.0000000, 0.0000000, 0, 2.6000, 33.5000, 0.0000, 0.0000
ATT: 512, 788, 872
GPS: 573671664, 0, 0, 0.0000000, 0.0000000, 0, 2.5100, 33.5000, 0.0000, 0.0000
ATT: 588, 754, 841
GPS: 573671664, 0, 0, 0.0000000, 0.0000000, 0, 2.4300, 33.5000, 0.0000, 0.0000
ATT: 662, 711, 836
GPS: 573671664, 0, 0, 0.0000000, 0.0000000, 0, 2.7800, 33.5000, 0.0000, 0.0000
ATT: 675, 689, 815
GPS: 573671664, 0, 0, 0.0000000, 0.0000000, 0, 3.0400, 33.5000, 0.0000, 0.0000
ATT: 634, 689, 798
GPS: 573671664, 0, 0, 0.0000000, 0.0000000, 0, 2.4300, 33.5000, 0.0000, 0.0000
ATT: 620, 734, 850
GPS: 573671664, 0, 0, 0.0000000, 0.0000000, 0, 1.9900, 33.5000, 0.0000, 0.0000
ATT: 670, 802, 911
GPS: 573671664, 0, 0, 0.0000000, 0.0000000, 0, 2.2500, 33.5000, 0.0000, 0.0000
ATT: 643, 866, 942
GPS: 573671664, 0, 0, 0.0000000, 0.0000000, 0, 2.4300, 33.5000, 0.0000, 0.0000
ATT: 541, 885, 959
GPS: 573671664, 0, 0, 0.0000000, 0.0000000, 0, 2.1700, 33.5000, 0.0000, 0.0000
PM:20020,1001,20,0,0,0,0,0,1,0,0,0,20, 
ATT: 482, 837, 1057
GPS: 573672664, 0, 0, 0.0000000, 0.0000000, 0, 1.9900, 33.5000, 0.0000, 0.0000
ATT: 486, 815, 1219
GPS: 573672664, 0, 0, 0.0000000, 0.0000000, 0, 1.6500, 33.5000, 0.0000, 0.0000
ATT: 500, 802, 1296
GPS: 573672664, 0, 0, 0.0000000, 0.0000000, 0, 1.3900, 33.5000, 0.0000, 0.0000
ATT: 535, 803, 1324
GPS: 573672664, 0, 0, 0.0000000, 0.0000000, 0, 1.8200, 33.5000, 0.0000, 0.0000
ATT: 590, 823, 1366
GPS: 573672664, 0, 0, 0.0000000, 0.0000000, 0, 2.1700, 33.5000, 0.0000, 0.0000
ATT: 619, 887, 1452
GPS: 573672664, 0, 0, 0.0000000, 0.0000000, 0, 1.8200, 33.5000, 0.0000, 0.0000
ATT: 586, 991, 1551
GPS: 573672664, 0, 0, 0.0000000, 0.0000000, 0, 1.5600, 33.5000, 0.0000, 0.0000
ATT: 547, 1055, 1607
GPS: 573672664, 0, 0, 0.0000000, 0.0000000, 0, 1.9900, 33.5000, 0.0000, 0.0000
ATT: 501, 1100, 1612
GPS: 573672664, 0, 0, 0.0000000, 0.0000000, 0, 2.3400, 33.5000, 0.0000, 0.0000
ATT: 482, 1139, 1652
GPS: 573672664, 0, 0, 0.0000000, 0.0000000, 0, 2.0800, 33.5000, 0.0000, 0.0000
ATT: 503, 1148, 1696
GPS: 573673660, 0, 0, 0.0000000, 0.0000000, 0, 1.9100, 33.5000, 0.0000, 0.0000
ATT: 507, 1171, 1772
GPS: 573673660, 0, 0, 0.0000000, 0.0000000, 0, 1.9100, 33.5000, 0.0000, 0.0000
ATT: 460, 1165, 1862
GPS: 573673660, 0, 0, 0.0000000, 0.0000000, 0, 1.9100, 33.5000, 0.0000, 0.0000
ATT: 338, 1142, 1847
GPS: 573673660, 0, 0, 0.0000000, 0.0000000, 0, 2.1700, 33.5000, 0.0000, 0.0000
ATT: 198, 1204, 1764
GPS: 573673660, 0, 0, 0.0000000, 0.0000000, 0, 2.4300, 33.5000, 0.0000, 0.0000
ATT: 87, 1261, 1731
GPS: 573673660, 0, 0, 0.0000000, 0.0000000, 0, 2.4300, 33.5000, 0.0000, 0.0000
ATT: -19, 1261, 1734
GPS: 573673660, 0, 0, 0.0000000, 0.0000000, 0, 2.4300, 33.5000, 0.0000, 0.0000
ATT: -65, 1239, 1699
GPS: 573673660, 0, 0, 0.0000000, 0.0000000, 0, 2.9500, 33.5000, 0.0000, 0.0000
ATT: -106, 1218, 1665
GPS: 573673660, 0, 0, 0.0000000, 0.0000000, 0, 3.3000, 33.5000, 0.0000, 0.0000
ATT: -149, 1132, 1684
GPS: 573673660, 0, 0, 0.0000000, 0.0000000, 0, 2.5100, 33.5000, 0.0000, 0.0000
ATT: -129, 1027, 1731
GPS: 573674664, 0, 0, 0.0000000, 0.0000000, 0, 1.9900, 33.5000, 0.0000, 0.0000
ATT: -114, 1049, 1746
GPS: 573674664, 0, 0, 0.0000000, 0.0000000, 0, 2.0800, 33.5000, 0.0000, 0.0000
ATT: -111, 1129, 1734
GPS: 573674664, 0, 0, 0.0000000, 0.0000000, 0, 2.1700, 33.5000, 0.0000, 0.0000
ATT: -127, 1174, 1792
GPS: 573674664, 0, 0, 0.0000000, 0.0000000, 0, 2.3400, 33.5000, 0.0000, 0.0000
ATT: -44, 1163, 1833
GPS: 573674664, 0, 0, 0.0000000, 0.0000000, 0, 2.5100, 33.5000, 0.0000, 0.0000
ATT: 107, 1218, 1756
GPS: 573674664, 0, 0, 0.0000000, 0.0000000, 0, 2.1700, 33.5000, 0.0000, 0.0000
ATT: 198, 1322, 1585
GPS: 573674664, 0, 0, 0.0000000, 0.0000000, 0, 1.9100, 33.5000, 0.0000, 0.0000
ATT: 126, 1354, 1407
GPS: 573674664, 0, 0, 0.0000000, 0.0000000, 0, 2.1700, 33.5000, 0.0000, 0.0000
ATT: -49, 1241, 1323
GPS: 573674664, 0, 0, 0.0000000, 0.0000000, 0, 2.4300, 33.5000, 0.0000, 0.0000
ATT: -230, 1071, 1312
GPS: 573674664, 0, 0, 0.0000000, 0.0000000, 0, 1.9900, 33.5000, 0.0000, 0.0000
ATT: -386, 967, 1360
GPS: 573675664, 0, 0, 0.0000000, 0.0000000, 0, 1.7300, 33.5000, 0.0000, 0.0000
ATT: -490, 893, 1387
GPS: 573675664, 0, 0, 0.0000000, 0.0000000, 0, 2.1700, 33.5000, 0.0000, 0.0000
ATT: -564, 918, 1431
GPS: 573675664, 0, 0, 0.0000000, 0.0000000, 0, 2.5100, 33.5000, 0.0000, 0.0000
ATT: -568, 935, 1433
GPS: 573675664, 0, 0, 0.0000000, 0.0000000, 0, 2.5100, 33.5000, 0.0000, 0.0000
ATT: -514, 962, 1416
GPS: 573675664, 0, 0, 0.0000000, 0.0000000, 0, 2.5100, 33.5000, 0.0000, 0.0000
ATT: -476, 951, 1449
GPS: 573675664, 0, 0, 0.0000000, 0.0000000, 0, 2.2500, 33.5000, 0.0000, 0.0000
ATT: -510, 858, 1492
GPS: 573675664, 0, 0, 0.0000000, 0.0000000, 0, 2.0800, 33.5000, 0.0000, 0.0000
ATT: -603, 843, 1543
GPS: 573675664, 0, 0, 0.0000000, 0.0000000, 0, 2.5100, 33.5000, 0.0000, 0.0000
ATT: -689, 891, 1605
GPS: 573675664, 0, 0, 0.0000000, 0.0000000, 0, 2.8600, 33.5000, 0.0000, 0.0000
ATT: -726, 890, 1556
GPS: 573676660, 0, 0, 0.0000000, 0.0000000, 0, 2.3400, 33.5000, 0.0000, 0.0000
ATT: -759, 959, 1527
GPS: 573676660, 0, 0, 0.0000000, 0.0000000, 0, 1.9900, 33.5000, 0.0000, 0.0000
ATT: -701, 984, 1619
GPS: 573676660, 0, 0, 0.0000000, 0.0000000, 0, 1.9900, 33.5000, 0.0000, 0.0000
ATT: -658, 958, 1740
GPS: 573676660, 0, 0, 0.0000000, 0.0000000, 0, 1.9900, 33.5000, 0.0000, 0.0000
ATT: -627, 932, 1836
GPS: 573676660, 0, 0, 0.0000000, 0.0000000, 0, 1.8200, 33.5000, 0.0000, 0.0000
ATT: -542, 931, 1831
GPS: 573676660, 0, 0, 0.0000000, 0.0000000, 0, 1.6500, 33.5000, 0.0000, 0.0000
ATT: -417, 972, 1757
GPS: 573676660, 0, 0, 0.0000000, 0.0000000, 0, 1.6500, 33.5000, 0.0000, 0.0000
ATT: -356, 992, 1765
GPS: 573676660, 0, 0, 0.0000000, 0.0000000, 0, 1.6500, 33.5000, 0.0000, 0.0000
ATT: -285, 914, 1870
GPS: 573676660, 0, 0, 0.0000000, 0.0000000, 0, 2.0800, 33.5000, 0.0000, 0.0000
ATT: -165, 816, 1965
GPS: 573676660, 0, 0, 0.0000000, 0.0000000, 0, 2.3400, 33.5000, 0.0000, 0.0000
ATT: -135, 767, 1990
GPS: 573677660, 0, 0, 0.0000000, 0.0000000, 0, 1.8200, 33.5000, 0.0000, 0.0000
ATT: -159, 767, 2020
GPS: 573677660, 0, 0, 0.0000000, 0.0000000, 0, 1.4700, 33.5000, 0.0000, 0.0000
ATT: -157, 817, 2069
GPS: 573677660, 0, 0, 0.0000000, 0.0000000, 0, 1.9100, 33.5000, 0.0000, 0.0000
ATT: -128, 884, 2048
GPS: 573677660, 0, 0, 0.0000000, 0.0000000, 0, 2.2500, 33.5000, 0.0000, 0.0000
ATT: -164, 929, 1982
GPS: 573677660, 0, 0, 0.0000000, 0.0000000, 0, 1.8200, 33.5000, 0.0000, 0.0000
ATT: -240, 910, 1985
GPS: 573677660, 0, 0, 0.0000000, 0.0000000, 0, 1.5600, 33.5000, 0.0000, 0.0000
ATT: -301, 854, 2028
GPS: 573677660, 0, 0, 0.0000000, 0.0000000, 0, 1.3000, 33.5000, 0.0000, 0.0000
ATT: -324, 801, 2110
GPS: 573677660, 0, 0, 0.0000000, 0.0000000, 0, 1.1200, 33.5000, 0.0000, 0.0000
ATT: -299, 741, 2150
GPS: 573677660, 0, 0, 0.0000000, 0.0000000, 0, 1.4700, 33.5000, 0.0000, 0.0000
ATT: -226, 702, 2108
GPS: 573677660, 0, 0, 0.0000000, 0.0000000, 0, 1.7300, 33.5000, 0.0000, 0.0000
ATT: -177, 658, 2096
GPS: 573678664, 0, 0, 0.0000000, 0.0000000, 0, 1.7300, 33.5000, 0.0000, 0.0000
ATT: -150, 611, 2164
GPS: 573678664, 0, 0, 0.0000000, 0.0000000, 0, 1.7300, 33.5000, 0.0000, 0.0000
ATT: -89, 545, 2197
GPS: 573678664, 0, 0, 0.0000000, 0.0000000, 0, 1.9100, 33.5000, 0.0000, 0.0000
ATT: -63, 559, 2144
GPS: 573678664, 0, 0, 0.0000000, 0.0000000, 0, 2.0800, 33.5000, 0.0000, 0.0000
ATT: -130, 594, 2050
GPS: 573678664, 0, 0, 0.0000000, 0.0000000, 0, 1.5600, 33.5000, 0.0000, 0.0000
ATT: -210, 600, 2020
GPS: 573678664, 0, 0, 0.0000000, 0.0000000, 0, 1.2100, 33.5000, 0.0000, 0.0000
ATT: -260, 592, 2051
GPS: 573678664, 0, 0, 0.0000000, 0.0000000, 0, 1.4700, 33.5000, 0.0000, 0.0000
ATT: -264, 580, 2025
GPS: 573678664, 0, 0, 0.0000000, 0.0000000, 0, 1.6500, 33.5000, 0.0000, 0.0000
ATT: -267, 622, 1957
GPS: 573678664, 0, 0, 0.0000000, 0.0000000, 0, 1.9900, 33.5000, 0.0000, 0.0000
ATT: -268, 651, 1947
GPS: 573678664, 0, 0, 0.0000000, 0.0000000, 0, 2.2500, 33.5000, 0.0000, 0.0000
ATT: -260, 641, 1969
GPS: 573678664, 0, 0, 0.0000000, 0.0000000, 0, 2.1700, 33.5000, 0.0000, 0.0000
ATT: -233, 640, 1969
GPS: 573679664, 0, 0, 0.0000000, 0.0000000, 0, 2.0800, 33.5000, 0.0000, 0.0000
ATT: -193, 647, 1934
GPS: 573679664, 0, 0, 0.0000000, 0.0000000, 0, 2.0800, 33.5000, 0.0000, 0.0000
ATT: -190, 630, 1879
GPS: 573679664, 0, 0, 0.0000000, 0.0000000, 0, 2.0800, 33.5000, 0.0000, 0.0000
ATT: -204, 626, 1850
GPS: 573679664, 0, 0, 0.0000000, 0.0000000, 0, 1.5600, 33.5000, 0.0000, 0.0000
ATT: -214, 628, 1861
GPS: 573679664, 0, 0, 0.0000000, 0.0000000, 0, 1.2100, 33.5000, 0.0000, 0.0000
ATT: -211, 651, 1867
GPS: 573679664, 0, 0, 0.0000000, 0.0000000, 0, 1.6500, 33.5000, 0.0000, 0.0000
ATT: -230, 654, 1833
GPS: 573679664, 0, 0, 0.0000000, 0.0000000, 0, 1.9100, 33.5000, 0.0000, 0.0000
ATT: -265, 648, 1787
GPS: 573679664, 0, 0, 0.0000000, 0.0000000, 0, 1.9100, 33.5000, 0.0000, 0.0000
ATT: -277, 647, 1781
GPS: 573679664, 0, 0, 0.0000000, 0.0000000, 0, 1.9100, 33.5000, 0.0000, 0.0000
ATT: -250, 645, 1799
GPS: 573680664, 0, 0, 0.0000000, 0.0000000, 0, 1.9100, 33.5000, 0.0000, 0.0000
ATT: -232, 619, 1783
GPS: 573680664, 0, 0, 0.0000000, 0.0000000, 0, 1.9100, 33.5000, 0.0000, 0.0000
ATT: -235, 599, 1747
GPS: 573680664, 0, 0, 0.0000000, 0.0000000, 0, 2.1700, 33.5000, 0.0000, 0.0000
ATT: -218, 589, 1717
GPS: 573680664, 0, 0, 0.0000000, 0.0000000, 0, 2.4300, 33.5000, 0.0000, 0.0000
ATT: -230, 591, 1701
GPS: 573680664, 0, 0, 0.0000000, 0.0000000, 0, 2.2500, 33.5000, 0.0000, 0.0000
ATT: -276, 637, 1699
GPS: 573680664, 0, 0, 0.0000000, 0.0000000, 0, 2.1700, 33.5000, 0.0000, 0.0000
ATT: -200, 678, 1700
GPS: 573680664, 0, 0, 0.0000000, 0.0000000, 0, 2.4300, 33.5000, 0.0000, 0.0000
ATT: -47, 638, 1701
GPS: 573680664, 0, 0, 0.0000000, 0.0000000, 0, 2.6000, 33.5000, 0.0000, 0.0000
ATT: 47, 542, 1671
GPS: 573680664, 0, 0, 0.0000000, 0.0000000, 0, 2.1700, 33.5000, 0.0000, 0.0000
ATT: 67, 420, 1613
GPS: 573680664, 0, 0, 0.0000000, 0.0000000, 0, 1.9100, 33.5000, 0.0000, 0.0000
ATT: 120, 293, 1529
GPS: 573681660, 0, 0, 0.0000000, 0.0000000, 0, 1.9900, 33.5000, 0.0000, 0.0000
ATT: 159, 271, 1513
GPS: 573681660, 0, 0, 0.0000000, 0.0000000, 0, 2.0800, 33.5000, 0.0000, 0.0000
ATT: 242, 259, 1562
GPS: 573681660, 0, 0, 0.0000000, 0.0000000, 0, 2.4300, 33.5000, 0.0000, 0.0000
ATT: 388, 269, 1585
GPS: 573681660, 0, 0, 0.0000000, 0.0000000, 0, 2.6900, 33.5000, 0.0000, 0.0000
ATT: 515, 350, 1556
GPS: 573681660, 0, 0, 0.0000000, 0.0000000, 0, 2.4300, 33.5000, 0.0000, 0.0000
ATT: 620, 410, 1456
GPS: 573681660, 0, 0, 0.0000000, 0.0000000, 0, 2.2500, 33.5000, 0.0000, 0.0000
ATT: 636, 526, 1385
GPS: 573681660, 0, 0, 0.0000000, 0.0000000, 0, 2.4300, 33.5000, 0.0000, 0.0000
ATT: 621, 665, 1343
GPS: 573681660, 0, 0, 0.0000000, 0.0000000, 0, 2.6000, 33.5000, 0.0000, 0.0000
ATT: 659, 826, 1255
GPS: 573681660, 0, 0, 0.0000000, 0.0000000, 0, 1.9100, 33.5000, 0.0000, 0.0000
ATT: 707, 1033, 1207
GPS: 573681660, 0, 0, 0.0000000, 0.0000000, 0, 1.3900, 33.5000, 0.0000, 0.0000
ATT: 698, 1119, 1223
GPS: 573682664, 0, 0, 0.0000000, 0.0000000, 0, 1.3900, 33.5000, 0.0000, 0.0000
ATT: 608, 1039, 1217
GPS: 573682664, 0, 0, 0.0000000, 0.0000000, 0, 1.3900, 33.5000, 0.0000, 0.0000
ATT: 529, 936, 1220
GPS: 573682664, 0, 0, 0.0000000, 0.0000000, 0, 1.4700, 33.5000, 0.0000, 0.0000
ATT: 466, 900, 1297
GPS: 573682664, 0, 0, 0.0000000, 0.0000000, 0, 1.5600, 33.5000, 0.0000, 0.0000
ATT: 354, 905, 1385
GPS: 573682664, 0, 0, 0.0000000, 0.0000000, 0, 1.3000, 33.5000, 0.0000, 0.0000
ATT: 191, 934, 1405
GPS: 573682664, 0, 0, 0.0000000, 0.0000000, 0, 1.1200, 33.5000, 0.0000, 0.0000
ATT: 70, 996, 1392
GPS: 573682664, 0, 0, 0.0000000, 0.0000000, 0, 1.4700, 33.5000, 0.0000, 0.0000
ATT: 27, 1021, 1394
GPS: 573682664, 0, 0, 0.0000000, 0.0000000, 0, 1.7300, 33.5000, 0.0000, 0.0000
ATT: 112, 972, 1427
GPS: 573682664, 0, 0, 0.0000000, 0.0000000, 0, 1.7300, 33.5000, 0.0000, 0.0000
ATT: 238, 848, 1447
GPS: 573682664, 0, 0, 0.0000000, 0.0000000, 0, 1.7300, 33.5000, 0.0000, 0.0000
ATT: 335, 722, 1449
GPS: 573682664, 0, 0, 0.0000000, 0.0000000, 0, 2.2500, 33.5000, 0.0000, 0.0000
ATT: 409, 627, 1462
GPS: 573683664, 0, 0, 0.0000000, 0.0000000, 0, 2.6000, 33.5000, 0.0000, 0.0000
ATT: 434, 578, 1505
GPS: 573683664, 0, 0, 0.0000000, 0.0000000, 0, 2.4300, 33.5000, 0.0000, 0.0000
ATT: 435, 572, 1561
GPS: 573683664, 0, 0, 0.0000000, 0.0000000, 0, 2.3400, 33.5000, 0.0000, 0.0000
ATT: 360, 598, 1614
GPS: 573683664, 0, 0, 0.0000000, 0.0000000, 0, 2.4300, 33.5000, 0.0000, 0.0000
ATT: 225, 612, 1672
GPS: 573683664, 0, 0, 0.0000000, 0.0000000, 0, 2.4300, 33.5000, 0.0000, 0.0000
ATT: 131, 666, 1748
GPS: 573683664, 0, 0, 0.0000000, 0.0000000, 0, 2.5100, 33.5000, 0.0000, 0.0000
ATT: 130, 731, 1802
GPS: 573683664, 0, 0, 0.0000000, 0.0000000, 0, 2.6000, 33.5000, 0.0000, 0.0000
ATT: 150, 773, 1797
GPS: 573683664, 0, 0, 0.0000000, 0.0000000, 0, 2.3400, 33.5000, 0.0000, 0.0000
ATT: 183, 803, 1701
GPS: 573683664, 0, 0, 0.0000000, 0.0000000, 0, 2.1700, 33.5000, 0.0000, 0.0000
ATT: 203, 772, 1673
GPS: 573684664, 0, 0, 0.0000000, 0.0000000, 0, 2.6000, 33.5000, 0.0000, 0.0000
ATT: 241, 677, 1713
GPS: 573684664, 0, 0, 0.0000000, 0.0000000, 0, 2.9500, 33.5000, 0.0000, 0.0000
ATT: 316, 634, 1705
GPS: 573684664, 0, 0, 0.0000000, 0.0000000, 0, 2.6000, 33.5000, 0.0000, 0.0000
ATT: 375, 665, 1635
GPS: 573684664, 0, 0, 0.0000000, 0.0000000, 0, 2.3400, 33.5000, 0.0000, 0.0000
ATT: 366, 656, 1589
GPS: 573684664, 0, 0, 0.0000000, 0.0000000, 0, 2.5100, 33.5000, 0.0000, 0.0000
ATT: 311, 623, 1617
GPS: 573684664, 0, 0, 0.0000000, 0.0000000, 0, 2.6900, 33.5000, 0.0000, 0.0000
ATT: 257, 609, 1638
GPS: 573684664, 0, 0, 0.0000000, 0.0000000, 0, 2.9500, 33.5000, 0.0000, 0.0000
ATT: 162, 644, 1640
GPS: 573684664, 0, 0, 0.0000000, 0.0000000, 0, 3.1200, 33.5000, 0.0000, 0.0000
ATT: 61, 652, 1625
GPS: 573684664, 0, 0, 0.0000000, 0.0000000, 0, 2.6900, 33.5000, 0.0000, 0.0000
ATT: -33, 662, 1596
GPS: 573684664, 0, 0, 0.0000000, 0.0000000, 0, 2.4300, 33.5000, 0.0000, 0.0000
ATT: -90, 670, 1625
GPS: 573685660, 0, 0, 0.0000000, 0.0000000, 0, 2.6900, 33.5000, 0.0000, 0.0000
ATT: -86, 666, 1678
GPS: 573685660, 0, 0, 0.0000000, 0.0000000, 0, 2.8600, 33.5000, 0.0000, 0.0000
ATT: -51, 631, 1706
GPS: 573685660, 0, 0, 0.0000000, 0.0000000, 0, 2.4300, 33.5000, 0.0000, 0.0000
ATT: 6, 623, 1770
GPS: 573685660, 0, 0, 0.0000000, 0.0000000, 0, 2.0800, 33.5000, 0.0000, 0.0000
ATT: 92, 581, 1841
GPS: 573685660, 0, 0, 0.0000000, 0.0000000, 0, 2.0800, 33.5000, 0.0000, 0.0000
ATT: 88, 556, 1893
GPS: 573685660, 0, 0, 0.0000000, 0.0000000, 0, 2.0800, 33.5000, 0.0000, 0.0000
ATT: 2, 547, 1929
GPS: 573685660, 0, 0, 0.0000000, 0.0000000, 0, 2.1700, 33.5000, 0.0000, 0.0000
ATT: -26, 630, 1912
GPS: 573685660, 0, 0, 0.0000000, 0.0000000, 0, 2.2500, 33.5000, 0.0000, 0.0000
ATT: 26, 751, 1838
GPS: 573685660, 0, 0, 0.0000000, 0.0000000, 0, 2.2500, 33.5000, 0.0000, 0.0000
ATT: 68, 751, 1828
GPS: 573685660, 0, 0, 0.0000000, 0.0000000, 0, 2.2500, 33.5000, 0.0000, 0.0000
ATT: 111, 638, 1892
GPS: 573686664, 0, 0, 0.0000000, 0.0000000, 0, 2.6000, 33.5000, 0.0000, 0.0000
ATT: 182, 581, 1948
GPS: 573686664, 0, 0, 0.0000000, 0.0000000, 0, 2.8600, 33.5000, 0.0000, 0.0000
ATT: 215, 568, 1975
GPS: 573686664, 0, 0, 0.0000000, 0.0000000, 0, 2.6900, 33.5000, 0.0000, 0.0000
ATT: 178, 528, 1996
GPS: 573686664, 0, 0, 0.0000000, 0.0000000, 0, 2.6000, 33.5000, 0.0000, 0.0000
ATT: 112, 519, 2048
GPS: 573686664, 0, 0, 0.0000000, 0.0000000, 0, 2.6900, 33.5000, 0.0000, 0.0000
ATT: 80, 525, 2151
GPS: 573686664, 0, 0, 0.0000000, 0.0000000, 0, 2.7800, 33.5000, 0.0000, 0.0000
ATT: 68, 523, 2265
GPS: 573686664, 0, 0, 0.0000000, 0.0000000, 0, 2.4300, 33.5000, 0.0000, 0.0000
ATT: 43, 503, 2355
GPS: 573686664, 0, 0, 0.0000000, 0.0000000, 0, 2.1700, 33.5000, 0.0000, 0.0000
ATT: 32, 471, 2390
GPS: 573686664, 0, 0, 0.0000000, 0.0000000, 0, 1.9900, 33.5000, 0.0000, 0.0000
ATT: 36, 491, 2393
GPS: 573686664, 0, 0, 0.0000000, 0.0000000, 0, 1.9100, 33.5000, 0.0000, 0.0000
ATT: 33, 535, 2480
GPS: 573687664, 0, 0, 0.0000000, 0.0000000, 0, 2.5100, 33.5000, 0.0000, 0.0000
ATT: 68, 544, 2668
GPS: 573687664, 0, 0, 0.0000000, 0.0000000, 0, 2.9500, 33.5000, 0.0000, 0.0000
ATT: 139, 572, 2922
GPS: 573687664, 0, 0, 0.0000000, 0.0000000, 0, 2.6000, 33.5000, 0.0000, 0.0000
ATT: 203, 586, 3175
GPS: 573687664, 0, 0, 0.0000000, 0.0000000, 0, 2.3400, 33.5000, 0.0000, 0.0000
ATT: 307, 445, 3436
GPS: 573687664, 0, 0, 0.0000000, 0.0000000, 0, 2.8600, 33.5000, 0.0000, 0.0000
ATT: 570, 261, 3631
GPS: 573687664, 0, 0, 0.0000000, 0.0000000, 0, 3.2100, 33.5000, 0.0000, 0.0000
ATT: 851, 133, 3481
GPS: 573687664, 0, 0, 0.0000000, 0.0000000, 0, 2.7800, 33.5000, 0.0000, 0.0000
ATT: 972, 20, 3117
GPS: 573687664, 0, 0, 0.0000000, 0.0000000, 0, 2.4300, 33.5000, 0.0000, 0.0000
ATT: 989, -172, 2829
GPS: 573687664, 0, 0, 0.0000000, 0.0000000, 0, 2.2500, 33.5000, 0.0000, 0.0000
ATT: 1049, -325, 2567
GPS: 573687664, 0, 0, 0.0000000, 0.0000000, 0, 2.0800, 33.5000, 0.0000, 0.0000
ATT: 1033, -459, 2176
GPS: 573688664, 0, 0, 0.0000000, 0.0000000, 0, 2.6900, 33.5000, 0.0000, 0.0000
ATT: 1022, -446, 1853
GPS: 573688664, 0, 0, 0.0000000, 0.0000000, 0, 3.1200, 33.5000, 0.0000, 0.0000
ATT: 1084, -393, 1683
GPS: 573688664, 0, 0, 0.0000000, 0.0000000, 0, 3.2100, 33.5000, 0.0000, 0.0000
ATT: 1161, -300, 1621
GPS: 573688664, 0, 0, 0.0000000, 0.0000000, 0, 3.2100, 33.5000, 0.0000, 0.0000
ATT: 1265, -171, 1595
GPS: 573688664, 0, 0, 0.0000000, 0.0000000, 0, 3.2100, 33.5000, 0.0000, 0.0000
ATT: 1388, -57, 1541
GPS: 573688664, 0, 0, 0.0000000, 0.0000000, 0, 3.2100, 33.5000, 0.0000, 0.0000
ATT: 1470, -65, 1438
GPS: 573688664, 0, 0, 0.0000000, 0.0000000, 0, 2.6000, 33.5000, 0.0000, 0.0000
ATT: 1472, -196, 1313
GPS: 573688664, 0, 0, 0.0000000, 0.0000000, 0, 2.1700, 33.5000, 0.0000, 0.0000
ATT: 1458, -349, 1223
GPS: 573688664, 0, 0, 0.0000000, 0.0000000, 0, 2.1700, 33.5000, 0.0000, 0.0000
ATT: 1472, -465, 1206
GPS: 573688664, 0, 0, 0.0000000, 0.0000000, 0, 2.1700, 33.5000, 0.0000, 0.0000
ATT: 1509, -508, 1232
GPS: 573689664, 0, 0, 0.0000000, 0.0000000, 0, 2.5100, 33.5000, 0.0000, 0.0000
ATT: 1558, -486, 1247
GPS: 573689664, 0, 0, 0.0000000, 0.0000000, 0, 2.7800, 33.5000, 0.0000, 0.0000
ATT: 1552, -426, 1275
GPS: 573689664, 0, 0, 0.0000000, 0.0000000, 0, 2.4300, 33.5000, 0.0000, 0.0000
ATT: 1495, -375, 1323
GPS: 573689664, 0, 0, 0.0000000, 0.0000000, 0, 2.1700, 33.5000, 0.0000, 0.0000
ATT: 1401, -296, 1383
GPS: 573689664, 0, 0, 0.0000000, 0.0000000, 0, 2.2500, 33.5000, 0.0000, 0.0000
ATT: 1298, -192, 1431
GPS: 573689664, 0, 0, 0.0000000, 0.0000000, 0, 2.3400, 33.5000, 0.0000, 0.0000
ATT: 1192, -126, 1470
GPS: 573689664, 0, 0, 0.0000000, 0.0000000, 0, 1.6500, 33.5000, 0.0000, 0.0000
ATT: 1112, -98, 1513
GPS: 573689664, 0, 0, 0.0000000, 0.0000000, 0, 1.2100, 33.5000, 0.0000, 0.0000
ATT: 1096, -98, 1540
GPS: 573689664, 0, 0, 0.0000000, 0.0000000, 0, 1.5600, 33.5000, 0.0000, 0.0000
ATT: 1115, -115, 1551
GPS: 573689664, 0, 0, 0.0000000, 0.0000000, 0, 1.8200, 33.5000, 0.0000, 0.0000
ATT: 1112, -160, 1525
GPS: 573690664, 0, 0, 0.0000000, 0.0000000, 0, 1.9900, 33.5000, 0.0000, 0.0000
ATT: 1063, -176, 1483
GPS: 573690664, 0, 0, 0.0000000, 0.0000000, 0, 2.1700, 33.5000, 0.0000, 0.0000
ATT: 1029, -173, 1458
GPS: 573690664, 0, 0, 0.0000000, 0.0000000, 0, 2.0800, 33.5000, 0.0000, 0.0000
ATT: 1091, -162, 1467
GPS: 573690664, 0, 0, 0.0000000, 0.0000000, 0, 2.0800, 33.5000, 0.0000, 0.0000
ATT: 1216, -176, 1468
GPS: 573690664, 0, 0, 0.0000000, 0.0000000, 0, 2.6900, 33.5000, 0.0000, 0.0000
ATT: 1309, -195, 1432
GPS: 573690664, 0, 0, 0.0000000, 0.0000000, 0, 3.1200, 33.5000, 0.0000, 0.0000
ATT: 1307, -202, 1380
GPS: 573690664, 0, 0, 0.0000000, 0.0000000, 0, 3.1200, 33.5000, 0.0000, 0.0000
ATT: 1230, -204, 1373
GPS: 573690664, 0, 0, 0.0000000, 0.0000000, 0, 3.1200, 33.5000, 0.0000, 0.0000
ATT: 1166, -166, 1428
GPS: 573690664, 0, 0, 0.0000000, 0.0000000, 0, 3.1200, 33.5000, 0.0000, 0.0000
ATT: 1113, -77, 1507
GPS: 573690664, 0, 0, 0.0000000, 0.0000000, 0, 3.1200, 33.5000, 0.0000, 0.0000
ATT: 1084, 34, 1579
GPS: 573691664, 0, 0, 0.0000000, 0.0000000, 0, 2.6000, 33.5000, 0.0000, 0.0000
ATT: 1066, 121, 1616
GPS: 573691664, 0, 0, 0.0000000, 0.0000000, 0, 2.2500, 33.5000, 0.0000, 0.0000
ATT: 1033, 160, 1628
GPS: 573691664, 0, 0, 0.0000000, 0.0000000, 0, 2.2500, 33.5000, 0.0000, 0.0000
ATT: 1069, 175, 1628
GPS: 573691664, 0, 0, 0.0000000, 0.0000000, 0, 2.2500, 33.5000, 0.0000, 0.0000
ATT: 1127, 138, 1594
GPS: 573691664, 0, 0, 0.0000000, 0.0000000, 0, 2.5100, 33.5000, 0.0000, 0.0000
ATT: 1141, 60, 1526
GPS: 573691664, 0, 0, 0.0000000, 0.0000000, 0, 2.6900, 33.5000, 0.0000, 0.0000
ATT: 1148, -12, 1486
GPS: 573691664, 0, 0, 0.0000000, 0.0000000, 0, 2.4300, 33.5000, 0.0000, 0.0000
ATT: 1177, -68, 1483
GPS: 573691664, 0, 0, 0.0000000, 0.0000000, 0, 2.2500, 33.5000, 0.0000, 0.0000
ATT: 1211, -99, 1491
GPS: 573691664, 0, 0, 0.0000000, 0.0000000, 0, 2.5100, 33.5000, 0.0000, 0.0000
ATT: 1237, -119, 1488
GPS: 573691664, 0, 0, 0.0000000, 0.0000000, 0, 2.6900, 33.5000, 0.0000, 0.0000
ATT: 1240, -154, 1476
GPS: 573692660, 0, 0, 0.0000000, 0.0000000, 0, 1.9900, 33.5000, 0.0000, 0.0000
ATT: 1236, -177, 1476
GPS: 573692660, 0, 0, 0.0000000, 0.0000000, 0, 1.5600, 33.5000, 0.0000, 0.0000
PM:20020,1001,20,0,0,0,0,0,1,0,0,0,20, 
ATT: 1206, -163, 1498
GPS: 573692660, 0, 0, 0.0000000, 0.0000000, 0, 1.9900, 33.5000, 0.0000, 0.0000
ATT: 1120, -112, 1538
GPS: 573692660, 0, 0, 0.0000000, 0.0000000, 0, 2.3400, 33.5000, 0.0000, 0.0000
ATT: 998, -34, 1595
GPS: 573692660, 0, 0, 0.0000000, 0.0000000, 0, 2.6000, 33.5000, 0.0000, 0.0000
ATT: 868, 51, 1649
GPS: 573692660, 0, 0, 0.0000000, 0.0000000, 0, 2.7800, 33.5000, 0.0000, 0.0000
ATT: 705, 128, 1683
GPS: 573692660, 0, 0, 0.0000000, 0.0000000, 0, 2.5100, 33.5000, 0.0000, 0.0000
ATT: 544, 208, 1710
GPS: 573692660, 0, 0, 0.0000000, 0.0000000, 0, 2.2500, 33.5000, 0.0000, 0.0000
ATT: 408, 286, 1728
GPS: 573692660, 0, 0, 0.0000000, 0.0000000, 0, 2.8600, 33.5000, 0.0000, 0.0000
ATT: 342, 353, 1755
GPS: 573692660, 0, 0, 0.0000000, 0.0000000, 0, 3.3000, 33.5000, 0.0000, 0.0000
ATT: 325, 381, 1780
GPS: 573693660, 0, 0, 0.0000000, 0.0000000, 0, 2.8600, 33.5000, 0.0000, 0.0000
ATT: 312, 393, 1776
GPS: 573693660, 0, 0, 0.0000000, 0.0000000, 0, 2.6000, 33.5000, 0.0000, 0.0000
ATT: 309, 396, 1771
GPS: 573693660, 0, 0, 0.0000000, 0.0000000, 0, 2.5100, 33.5000, 0.0000, 0.0000
ATT: 300, 369, 1749
GPS: 573693660, 0, 0, 0.0000000, 0.0000000, 0, 2.4300, 33.5000, 0.0000, 0.0000
ATT: 284, 370, 1715
GPS: 573693660, 0, 0, 0.0000000, 0.0000000, 0, 2.1700, 33.5000, 0.0000, 0.0000
ATT: 315, 404, 1694
GPS: 573693660, 0, 0, 0.0000000, 0.0000000, 0, 1.9100, 33.5000, 0.0000, 0.0000
ATT: 372, 413, 1703
GPS: 573693660, 0, 0, 0.0000000, 0.0000000, 0, 1.9100, 33.5000, 0.0000, 0.0000
ATT: 389, 434, 1713
GPS: 573693660, 0, 0, 0.0000000, 0.0000000, 0, 1.9100, 33.5000, 0.0000, 0.0000
ATT: 387, 473, 1711
GPS: 573693660, 0, 0, 0.0000000, 0.0000000, 0, 1.9900, 33.5000, 0.0000, 0.0000
ATT: 362, 495, 1728
GPS: 573693660, 0, 0, 0.0000000, 0.0000000, 0, 2.0800, 33.5000, 0.0000, 0.0000
ATT: 312, 518, 1765
GPS: 573694664, 0, 0, 0.0000000, 0.0000000, 0, 1.6500, 33.5000, 0.0000, 0.0000
ATT: 242, 558, 1780
GPS: 573694664, 0, 0, 0.0000000, 0.0000000, 0, 1.3000, 33.5000, 0.0000, 0.0000
ATT: 179, 606, 1791
GPS: 573694664, 0, 0, 0.0000000, 0.0000000, 0, 1.7300, 33.5000, 0.0000, 0.0000
ATT: 151, 652, 1825
GPS: 573694664, 0, 0, 0.0000000, 0.0000000, 0, 1.9900, 33.5000, 0.0000, 0.0000
ATT: 153, 670, 1869
GPS: 573694664, 0, 0, 0.0000000, 0.0000000, 0, 1.4700, 33.5000, 0.0000, 0.0000
ATT: 152, 677, 1896
GPS: 573694664, 0, 0, 0.0000000, 0.0000000, 0, 1.1200, 33.5000, 0.0000, 0.0000
ATT: 183, 735, 1963
GPS: 573694664, 0, 0, 0.0000000, 0.0000000, 0, 1.0400, 33.5000, 0.0000, 0.0000
ATT: 245, 812, 2039
GPS: 573694664, 0, 0, 0.0000000, 0.0000000, 0, 0.9500, 33.5000, 0.0000, 0.0000
ATT: 265, 859, 2078
GPS: 573694664, 0, 0, 0.0000000, 0.0000000, 0, 1.3900, 33.5000, 0.0000, 0.0000
ATT: 256, 874, 2101
GPS: 573694664, 0, 0, 0.0000000, 0.0000000, 0, 1.6500, 33.5000, 0.0000, 0.0000
ATT: 270, 898, 2159
GPS: 573695660, 0, 0, 0.0000000, 0.0000000, 0, 1.3900, 33.5000, 0.0000, 0.0000
ATT: 296, 953, 2244
GPS: 573695660, 0, 0, 0.0000000, 0.0000000, 0, 1.1200, 33.5000, 0.0000, 0.0000
ATT: 293, 1049, 2338
GPS: 573695660, 0, 0, 0.0000000, 0.0000000, 0, 1.3000, 33.5000, 0.0000, 0.0000
ATT: 307, 1185, 2489
GPS: 573695660, 0, 0, 0.0000000, 0.0000000, 0, 1.4700, 33.5000, 0.0000, 0.0000
ATT: 376, 1336, 2620
GPS: 573695660, 0, 0, 0.0000000, 0.0000000, 0, 1.1200, 33.5000, 0.0000, 0.0000
ATT: 454, 1528, 2712
GPS: 573695660, 0, 0, 0.0000000, 0.0000000, 0, 0.8600, 33.5000, 0.0000, 0.0000
ATT: 545, 1780, 2821
GPS: 573695660, 0, 0, 0.0000000, 0.0000000, 0, 1.0400, 33.5000, 0.0000, 0.0000
ATT: 731, 2073, 3001
GPS: 573695660, 0, 0, 0.0000000, 0.0000000, 0, 1.1200, 33.5000, 0.0000, 0.0000
ATT: 1022, 2399, 3174
GPS: 573695660, 0, 0, 0.0000000, 0.0000000, 0, 1.4700, 33.5000, 0.0000, 0.0000
ATT: 1283, 2706, 3222
GPS: 573695660, 0, 0, 0.0000000, 0.0000000, 0, 1.7300, 33.5000, 0.0000, 0.0000
ATT: 1381, 2879, 3128
GPS: 573696664, 0, 0, 0.0000000, 0.0000000, 0, 1.8200, 33.5000, 0.0000, 0.0000
ATT: 1540, 2990, 3041
GPS: 573696664, 0, 0, 0.0000000, 0.0000000, 0, 1.9100, 33.5000, 0.0000, 0.0000
ATT: 1944, 3068, 3320
GPS: 573696664, 0, 0, 0.0000000, 0.0000000, 0, 2.3400, 33.5000, 0.0000, 0.0000
ATT: 2507, 2905, 3894
GPS: 573696664, 0, 0, 0.0000000, 0.0000000, 0, 2.6000, 33.5000, 0.0000, 0.0000
ATT: 2916, 2601, 4434
GPS: 573696664, 0, 0, 0.0000000, 0.0000000, 0, 2.2500, 33.5000, 0.0000, 0.0000
ATT: 3179, 2406, 4923
GPS: 573696664, 0, 0, 0.0000000, 0.0000000, 0, 1.9900, 33.5000, 0.0000, 0.0000
ATT: 3332, 2288, 5336
GPS: 573696664, 0, 0, 0.0000000, 0.0000000, 0, 1.9900, 33.5000, 0.0000, 0.0000
ATT: 3391, 2221, 5808
GPS: 573696664, 0, 0, 0.0000000, 0.0000000, 0, 1.9900, 33.5000, 0.0000, 0.0000
ATT: 3490, 2096, 6367
GPS: 573696664, 0, 0, 0.0000000, 0.0000000, 0, 1.9100, 33.5000, 0.0000, 0.0000
ATT: 3494, 1938, 6733
GPS: 573696664, 0, 0, 0.0000000, 0.0000000, 0, 1.8200, 33.5000, 0.0000, 0.0000
ATT: 3383, 1896, 6819
GPS: 573697660, 0, 0, 0.0000000, 0.0000000, 0, 1.8200, 33.5000, 0.0000, 0.0000
ATT: 3297, 2014, 6812
GPS: 573697660, 0, 0, 0.0000000, 0.0000000, 0, 1.8200, 33.5000, 0.0000, 0.0000
ATT: 3256, 2152, 6808
GPS: 573697660, 0, 0, 0.0000000, 0.0000000, 0, 2.4300, 33.5000, 0.0000, 0.0000
ATT: 3227, 2268, 6787
GPS: 573697660, 0, 0, 0.0000000, 0.0000000, 0, 2.8600, 33.5000, 0.0000, 0.0000
ATT: 3182, 2315, 6721
GPS: 573697660, 0, 0, 0.0000000, 0.0000000, 0, 2.6000, 33.5000, 0.0000, 0.0000
ATT: 3160, 2316, 6676
GPS: 573697660, 0, 0, 0.0000000, 0.0000000, 0, 2.4300, 33.5000, 0.0000, 0.0000
ATT: 3140, 2343, 6651
GPS: 573697660, 0, 0, 0.0000000, 0.0000000, 0, 2.8600, 33.5000, 0.0000, 0.0000
ATT: 3055, 2405, 6505
GPS: 573697660, 0, 0, 0.0000000, 0.0000000, 0, 3.1200, 33.5000, 0.0000, 0.0000
ATT: 2928, 2528, 6337
GPS: 573697660, 0, 0, 0.0000000, 0.0000000, 0, 2.6900, 33.5000, 0.0000, 0.0000
ATT: 2783, 2660, 6180
GPS: 573697660, 0, 0, 0.0000000, 0.0000000, 0, 2.4300, 33.5000, 0.0000, 0.0000
ATT: 2563, 2761, 5908
GPS: 573698664, 0, 0, 0.0000000, 0.0000000, 0, 2.3400, 33.5000, 0.0000, 0.0000
ATT: 2311, 2861, 5636
GPS: 573698664, 0, 0, 0.0000000, 0.0000000, 0, 2.2500, 33.5000, 0.0000, 0.0000
ATT: 2177, 2908, 5529
GPS: 573698664, 0, 0, 0.0000000, 0.0000000, 0, 2.4300, 33.5000, 0.0000, 0.0000
ATT: 2137, 2872, 5455
GPS: 573698664, 0, 0, 0.0000000, 0.0000000, 0, 2.5100, 33.5000, 0.0000, 0.0000
ATT: 2010, 2789, 5354
GPS: 573698664, 0, 0, 0.0000000, 0.0000000, 0, 2.2500, 33.5000, 0.0000, 0.0000
ATT: 1708, 2592, 5213
GPS: 573698664, 0, 0, 0.0000000, 0.0000000, 0, 2.0800, 33.5000, 0.0000, 0.0000
ATT: 1398, 2374, 5142
GPS: 573698664, 0, 0, 0.0000000, 0.0000000, 0, 2.3400, 33.5000, 0.0000, 0.0000
ATT: 1107, 2159, 5091
GPS: 573698664, 0, 0, 0.0000000, 0.0000000, 0, 2.5100, 33.5000, 0.0000, 0.0000
ATT: 804, 1997, 4970
GPS: 573698664, 0, 0, 0.0000000, 0.0000000, 0, 1.5600, 33.5000, 0.0000, 0.0000
ATT: 434, 1901, 4841
GPS: 573698664, 0, 0, 0.0000000, 0.0000000, 0, 0.8600, 33.5000, 0.0000, 0.0000
ATT: 57, 1793, 4705
GPS: 573699664, 0, 0, 0.0000000, 0.0000000, 0, 0.9500, 33.5000, 0.0000, 0.0000
ATT: -276, 1730, 4534
GPS: 573699664, 0, 0, 0.0000000, 0.0000000, 0, 0.9500, 33.5000, 0.0000, 0.0000
ATT: -568, 1711, 4324
GPS: 573699664, 0, 0, 0.0000000, 0.0000000, 0, 1.4700, 33.5000, 0.0000, 0.0000
ATT: -784, 1709, 4139
GPS: 573699664, 0, 0, 0.0000000, 0.0000000, 0, 1.8200, 33.5000, 0.0000, 0.0000
ATT: -918, 1661, 4010
GPS: 573699664, 0, 0, 0.0000000, 0.0000000, 0, 1.9100, 33.5000, 0.0000, 0.0000
ATT: -991, 1543, 3940
GPS: 573699664, 0, 0, 0.0000000, 0.0000000, 0, 1.9100, 33.5000, 0.0000, 0.0000
ATT: -1048, 1414, 3888
GPS: 573699664, 0, 0, 0.0000000, 0.0000000, 0, 2.2500, 33.5000, 0.0000, 0.0000
ATT: -1129, 1315, 3824
GPS: 573699664, 0, 0, 0.0000000, 0.0000000, 0, 2.5100, 33.5000, 0.0000, 0.0000
ATT: -1269, 1235, 3774
GPS: 573699664, 0, 0, 0.0000000, 0.0000000, 0, 1.7300, 33.5000, 0.0000, 0.0000
ATT: -1404, 1098, 3768
GPS: 573699664, 0, 0, 0.0000000, 0.0000000, 0, 1.2100, 33.5000, 0.0000, 0.0000
ATT: -1451, 907, 3804
GPS: 573700664, 0, 0, 0.0000000, 0.0000000, 0, 1.6500, 33.5000, 0.0000, 0.0000
ATT: -1426, 688, 3882
GPS: 573700664, 0, 0, 0.0000000, 0.0000000, 0, 1.9100, 33.5000, 0.0000, 0.0000
ATT: -1410, 368, 4002
GPS: 573700664, 0, 0, 0.0000000, 0.0000000, 0, 1.9900, 33.5000, 0.0000, 0.0000
ATT: -1381, 74, 4193
GPS: 573700664, 0, 0, 0.0000000, 0.0000000, 0, 2.0800, 33.5000, 0.0000, 0.0000
ATT: -1344, -174, 4437
GPS: 573700664, 0, 0, 0.0000000, 0.0000000, 0, 2.0800, 33.5000, 0.0000, 0.0000
ATT: -1325, -417, 4669
GPS: 573700664, 0, 0, 0.0000000, 0.0000000, 0, 2.0800, 33.5000, 0.0000, 0.0000
ATT: -1334, -664, 4898
GPS: 573700664, 0, 0, 0.0000000, 0.0000000, 0, 2.4300, 33.5000, 0.0000, 0.0000
ATT: -1357, -896, 5100
GPS: 573700664, 0, 0, 0.0000000, 0.0000000, 0, 2.6900, 33.5000, 0.0000, 0.0000
ATT: -1346, -1091, 5271
GPS: 573700664, 0, 0, 0.0000000, 0.0000000, 0, 2.6000, 33.5000, 0.0000, 0.0000
ATT: -1272, -1279, 5399
GPS: 573700664, 0, 0, 0.0000000, 0.0000000, 0, 2.5100, 33.5000, 0.0000, 0.0000
ATT: -1164, -1418, 5434
GPS: 573701660, 0, 0, 0.0000000, 0.0000000, 0, 2.6900, 33.5000, 0.0000, 0.0000
ATT: -1104, -1528, 5418
GPS: 573701660, 0, 0, 0.0000000, 0.0000000, 0, 2.7800, 33.5000, 0.0000, 0.0000
ATT: -1057, -1619, 5405
GPS: 573701660, 0, 0, 0.0000000, 0.0000000, 0, 2.6000, 33.5000, 0.0000, 0.0000
ATT: -940, -1660, 5357
GPS: 573701660, 0, 0, 0.0000000, 0.0000000, 0, 2.4300, 33.5000, 0.0000, 0.0000
ATT: -801, -1612, 5228
GPS: 573701660, 0, 0, 0.0000000, 0.0000000, 0, 2.4300, 33.5000, 0.0000, 0.0000
ATT: -702, -1478, 5086
GPS: 573701660, 0, 0, 0.0000000, 0.0000000, 0, 2.4300, 33.5000, 0.0000, 0.0000
ATT: -617, -1301, 4942
GPS: 573701660, 0, 0, 0.0000000, 0.0000000, 0, 2.6000, 33.5000, 0.0000, 0.0000
ATT: -604, -1144, 4847
GPS: 573701660, 0, 0, 0.0000000, 0.0000000, 0, 2.6900, 33.5000, 0.0000, 0.0000
ATT: -654, -1071, 4827
GPS: 573701660, 0, 0, 0.0000000, 0.0000000, 0, 2.4300, 33.5000, 0.0000, 0.0000
ATT: -687, -1067, 4818
GPS: 573701660, 0, 0, 0.0000000, 0.0000000, 0, 2.2500, 33.5000, 0.0000, 0.0000
ATT: -733, -1063, 4847
GPS: 573702664, 0, 0, 0.0000000, 0.0000000, 0, 2.2500, 33.5000, 0.0000, 0.0000
ATT: -786, -1077, 4908
GPS: 573702664, 0, 0, 0.0000000, 0.0000000, 0, 2.2500, 33.5000, 0.0000, 0.0000
ATT: -759, -1116, 4901
GPS: 573702664, 0, 0, 0.0000000, 0.0000000, 0, 1.6500, 33.5000, 0.0000, 0.0000
ATT: -722, -1095, 4893
GPS: 573702664, 0, 0, 0.0000000, 0.0000000, 0, 1.2100, 33.5000, 0.0000, 0.0000
ATT: -700, -1059, 4887
GPS: 573702664, 0, 0, 0.0000000, 0.0000000, 0, 1.4700, 33.5000, 0.0000, 0.0000
ATT: -674, -993, 4842
GPS: 573702664, 0, 0, 0.0000000, 0.0000000, 0, 1.6500, 33.5000, 0.0000, 0.0000
ATT: -592, -853, 4737
GPS: 573702664, 0, 0, 0.0000000, 0.0000000, 0, 1.9100, 33.5000, 0.0000, 0.0000
ATT: -513, -753, 4661
GPS: 573702664, 0, 0, 0.0000000, 0.0000000, 0, 2.1700, 33.5000, 0.0000, 0.0000
ATT: -433, -681, 4703
GPS: 573702664, 0, 0, 0.0000000, 0.0000000, 0, 1.8200, 33.5000, 0.0000, 0.0000
ATT: -303, -610, 4794
GPS: 573702664, 0, 0, 0.0000000, 0.0000000, 0, 1.5600, 33.5000, 0.0000, 0.0000
ATT: -40, -513, 4936
GPS: 573703664, 0, 0, 0.0000000, 0.0000000, 0, 2.0800, 33.5000, 0.0000, 0.0000
ATT: 358, -295, 5246
GPS: 573703664, 0, 0, 0.0000000, 0.0000000, 0, 2.4300, 33.5000, 0.0000, 0.0000
ATT: 769, -183, 5662
GPS: 573703664, 0, 0, 0.0000000, 0.0000000, 0, 2.0800, 33.5000, 0.0000, 0.0000
ATT: 1188, -113, 6137
GPS: 573703664, 0, 0, 0.0000000, 0.0000000, 0, 1.8200, 33.5000, 0.0000, 0.0000
ATT: 1596, -96, 6570
GPS: 573703664, 0, 0, 0.0000000, 0.0000000, 0, 2.3400, 33.5000, 0.0000, 0.0000
ATT: 1912, -107, 6906
GPS: 573703664, 0, 0, 0.0000000, 0.0000000, 0, 2.6900, 33.5000, 0.0000, 0.0000
ATT: 2165, -94, 7148
GPS: 573703664, 0, 0, 0.0000000, 0.0000000, 0, 2.5100, 33.5000, 0.0000, 0.0000
ATT: 2345, -6, 7232
GPS: 573703664, 0, 0, 0.0000000, 0.0000000, 0, 2.4300, 33.5000, 0.0000, 0.0000
ATT: 2420, 143, 7138
GPS: 573703664, 0, 0, 0.0000000, 0.0000000, 0, 2.4300, 33.5000, 0.0000, 0.0000
ATT: 2423, 301, 6989
GPS: 573703664, 0, 0, 0.0000000, 0.0000000, 0, 2.4300, 33.5000, 0.0000, 0.0000
ATT: 2362, 453, 6863
GPS: 573704664, 0, 0, 0.0000000, 0.0000000, 0, 2.5100, 33.5000, 0.0000, 0.0000
ATT: 2250, 465, 6933
GPS: 573704664, 0, 0, 0.0000000, 0.0000000, 0, 2.5100, 33.5000, 0.0000, 0.0000
ATT: 2148, 251, 7178
GPS: 573704664, 0, 0, 0.0000000, 0.0000000, 0, 1.9900, 33.5000, 0.0000, 0.0000
ATT: 2138, -28, 7559
GPS: 573704664, 0, 0, 0.0000000, 0.0000000, 0, 1.6500, 33.5000, 0.0000, 0.0000
ATT: 2221, -243, 7979
GPS: 573704664, 0, 0, 0.0000000, 0.0000000, 0, 2.3400, 33.5000, 0.0000, 0.0000
ATT: 2281, -394, 8223
GPS: 573704664, 0, 0, 0.0000000, 0.0000000, 0, 2.8600, 33.5000, 0.0000, 0.0000
ATT: 2291, -436, 8227
GPS: 573704664, 0, 0, 0.0000000, 0.0000000, 0, 2.3400, 33.5000, 0.0000, 0.0000
ATT: 2306, -358, 8124
GPS: 573704664, 0, 0, 0.0000000, 0.0000000, 0, 1.9100, 33.5000, 0.0000, 0.0000
ATT: 2378, -258, 8045
GPS: 573704664, 0, 0, 0.0000000, 0.0000000, 0, 2.1700, 33.5000, 0.0000, 0.0000
ATT: 2461, -144, 8021
GPS: 573704664, 0, 0, 0.0000000, 0.0000000, 0, 2.3400, 33.5000, 0.0000, 0.0000
ATT: 2500, -7, 7991
GPS: 573705660, 0, 0, 0.0000000, 0.0000000, 0, 2.6900, 33.5000, 0.0000, 0.0000
ATT: 2505, 93, 7919
GPS: 573705660, 0, 0, 0.0000000, 0.0000000, 0, 2.9500, 33.5000, 0.0000, 0.0000
ATT: 2504, 200, 7827
GPS: 573705660, 0, 0, 0.0000000, 0.0000000, 0, 2.2500, 33.5000, 0.0000, 0.0000
ATT: 2564, 288, 7715
GPS: 573705660, 0, 0, 0.0000000, 0.0000000, 0, 1.8200, 33.5000, 0.0000, 0.0000
ATT: 2597, 358, 7605
GPS: 573705660, 0, 0, 0.0000000, 0.0000000, 0, 2.2500, 33.5000, 0.0000, 0.0000
ATT: 2582, 467, 7524
GPS: 573705660, 0, 0, 0.0000000, 0.0000000, 0, 2.6000, 33.5000, 0.0000, 0.0000
ATT: 2574, 583, 7488
GPS: 573705660, 0, 0, 0.0000000, 0.0000000, 0, 1.9900, 33.5000, 0.0000, 0.0000
ATT: 2589, 672, 7462
GPS: 573705660, 0, 0, 0.0000000, 0.0000000, 0, 1.5600, 33.5000, 0.0000, 0.0000
ATT: 2544, 749, 7472
GPS: 573705660, 0, 0, 0.0000000, 0.0000000, 0, 1.3000, 33.5000, 0.0000, 0.0000
ATT: 2469, 783, 7476
GPS: 573705660, 0, 0, 0.0000000, 0.0000000, 0, 1.1200, 33.5000, 0.0000, 0.0000
ATT: 2399, 813, 7444
GPS: 573706664, 0, 0, 0.0000000, 0.0000000, 0, 1.4700, 33.5000, 0.0000, 0.0000
ATT: 2400, 781, 7374
GPS: 573706664, 0, 0, 0.0000000, 0.0000000, 0, 1.7300, 33.5000, 0.0000, 0.0000
ATT: 2423, 747, 7348
GPS: 573706664, 0, 0, 0.0000000, 0.0000000, 0, 1.7300, 33.5000, 0.0000, 0.0000
ATT: 2461, 755, 7373
GPS: 573706664, 0, 0, 0.0000000, 0.0000000, 0, 1.7300, 33.5000, 0.0000, 0.0000
ATT: 2522, 783, 7437
GPS: 573706664, 0, 0, 0.0000000, 0.0000000, 0, 2.0800, 33.5000, 0.0000, 0.0000
ATT: 2630, 811, 7499
GPS: 573706664, 0, 0, 0.0000000, 0.0000000, 0, 2.3400, 33.5000, 0.0000, 0.0000
ATT: 2709, 801, 7516
GPS: 573706664, 0, 0, 0.0000000, 0.0000000, 0, 1.9900, 33.5000, 0.0000, 0.0000
ATT: 2738, 798, 7522
GPS: 573706664, 0, 0, 0.0000000, 0.0000000, 0, 1.7300, 33.5000, 0.0000, 0.0000
ATT: 2733, 811, 7519
GPS: 573706664, 0, 0, 0.0000000, 0.0000000, 0, 1.7300, 33.5000, 0.0000, 0.0000
ATT: 2689, 845, 7488
GPS: 573706664, 0, 0, 0.0000000, 0.0000000, 0, 1.7300, 33.5000, 0.0000, 0.0000
ATT: 2599, 894, 7422
GPS: 573707664, 0, 0, 0.0000000, 0.0000000, 0, 1.7300, 33.5000, 0.0000, 0.0000
ATT: 2496, 903, 7322
GPS: 573707664, 0, 0, 0.0000000, 0.0000000, 0, 1.7300, 33.5000, 0.0000, 0.0000
ATT: 2421, 880, 7246
GPS: 573707664, 0, 0, 0.0000000, 0.0000000, 0, 1.8200, 33.5000, 0.0000, 0.0000
ATT: 2430, 835, 7219
GPS: 573707664, 0, 0, 0.0000000, 0.0000000, 0, 1.9100, 33.5000, 0.0000, 0.0000
ATT: 2461, 756, 7208
GPS: 573707664, 0, 0, 0.0000000, 0.0000000, 0, 2.4300, 33.5000, 0.0000, 0.0000
ATT: 2453, 680, 7215
GPS: 573707664, 0, 0, 0.0000000, 0.0000000, 0, 2.7800, 33.5000, 0.0000, 0.0000
ATT: 2363, 587, 7207
GPS: 573707664, 0, 0, 0.0000000, 0.0000000, 0, 2.2500, 33.5000, 0.0000, 0.0000
ATT: 2237, 567, 7169
GPS: 573707664, 0, 0, 0.0000000, 0.0000000, 0, 1.9100, 33.5000, 0.0000, 0.0000
ATT: 2124, 628, 7037
GPS: 573707664, 0, 0, 0.0000000, 0.0000000, 0, 2.4300, 33.5000, 0.0000, 0.0000
ATT: 2084, 748, 6864
GPS: 573707664, 0, 0, 0.0000000, 0.0000000, 0, 2.7800, 33.5000, 0.0000, 0.0000
ATT: 2094, 907, 6722
GPS: 573708664, 0, 0, 0.0000000, 0.0000000, 0, 2.4300, 33.5000, 0.0000, 0.0000
ATT: 2038, 1048, 6583
GPS: 573708664, 0, 0, 0.0000000, 0.0000000, 0, 2.1700, 33.5000, 0.0000, 0.0000
ATT: 1921, 1152, 6473
GPS: 573708664, 0, 0, 0.0000000, 0.0000000, 0, 2.4300, 33.5000, 0.0000, 0.0000
ATT: 1843, 1212, 6401
GPS: 573708664, 0, 0, 0.0000000, 0.0000000, 0, 2.6000, 33.5000, 0.0000, 0.0000
ATT: 1738, 1195, 6357
GPS: 573708664, 0, 0, 0.0000000, 0.0000000, 0, 3.1200, 33.5000, 0.0000, 0.0000
ATT: 1625, 1110, 6347
GPS: 573708664, 0, 0, 0.0000000, 0.0000000, 0, 3.4700, 33.5000, 0.0000, 0.0000
ATT: 1553, 1052, 6372
GPS: 573708664, 0, 0, 0.0000000, 0.0000000, 0, 3.0400, 33.5000, 0.0000, 0.0000
ATT: 1511, 1027, 6375
GPS: 573708664, 0, 0, 0.0000000, 0.0000000, 0, 2.7800, 33.5000, 0.0000, 0.0000
ATT: 1549, 1070, 6384
GPS: 573708664, 0, 0, 0.0000000, 0.0000000, 0, 2.5100, 33.5000, 0.0000, 0.0000
ATT: 1623, 1113, 6405
GPS: 573708664, 0, 0, 0.0000000, 0.0000000, 0, 2.3400, 33.5000, 0.0000, 0.0000
ATT: 1658, 1128, 6404
GPS: 573709660, 0, 0, 0.0000000, 0.0000000, 0, 1.6500, 33.5000, 0.0000, 0.0000
ATT: 1705, 1163, 6371
GPS: 573709660, 0, 0, 0.0000000, 0.0000000, 0, 1.1200, 33.5000, 0.0000, 0.0000
ATT: 1764, 1208, 6308
GPS: 573709660, 0, 0, 0.0000000, 0.0000000, 0, 1.3000, 33.5000, 0.0000, 0.0000
ATT: 1765, 1232, 6229
GPS: 573709660, 0, 0, 0.0000000, 0.0000000, 0, 1.3900, 33.5000, 0.0000, 0.0000
ATT: 1684, 1227, 6160
GPS: 573709660, 0, 0, 0.0000000, 0.0000000, 0, 1.6500, 33.5000, 0.0000, 0.0000
ATT: 1537, 1199, 6085
GPS: 573709660, 0, 0, 0.0000000, 0.0000000, 0, 1.8200, 33.5000, 0.0000, 0.0000
ATT: 1423, 1180, 6026
GPS: 573709660, 0, 0, 0.0000000, 0.0000000, 0, 1.8200, 33.5000, 0.0000, 0.0000
ATT: 1401, 1141, 6040
GPS: 573709660, 0, 0, 0.0000000, 0.0000000, 0, 1.8200, 33.5000, 0.0000, 0.0000
ATT: 1485, 1067, 6175
GPS: 573709660, 0, 0, 0.0000000, 0.0000000, 0, 2.3400, 33.5000, 0.0000, 0.0000
ATT: 1608, 946, 6358
GPS: 573709660, 0, 0, 0.0000000, 0.0000000, 0, 2.6900, 33.5000, 0.0000, 0.0000
ATT: 1752, 879, 6506
GPS: 573710664, 0, 0, 0.0000000, 0.0000000, 0, 1.9100, 33.5000, 0.0000, 0.0000
ATT: 1923, 846, 6664
GPS: 573710664, 0, 0, 0.0000000, 0.0000000, 0, 1.3900, 33.5000, 0.0000, 0.0000
ATT: 2082, 809, 6928
GPS: 573710664, 0, 0, 0.0000000, 0.0000000, 0, 1.5600, 33.5000, 0.0000, 0.0000
ATT: 2220, 728, 7252
GPS: 573710664, 0, 0, 0.0000000, 0.0000000, 0, 1.7300, 33.5000, 0.0000, 0.0000
ATT: 2424, 588, 7570
GPS: 573710664, 0, 0, 0.0000000, 0.0000000, 0, 1.8200, 33.5000, 0.0000, 0.0000
ATT: 2661, 429, 7824
GPS: 573710664, 0, 0, 0.0000000, 0.0000000, 0, 1.8200, 33.5000, 0.0000, 0.0000
ATT: 2885, 258, 7990
GPS: 573710664, 0, 0, 0.0000000, 0.0000000, 0, 1.7300, 33.5000, 0.0000, 0.0000
ATT: 3000, 79, 8026
GPS: 573710664, 0, 0, 0.0000000, 0.0000000, 0, 1.6500, 33.5000, 0.0000, 0.0000
ATT: 3038, -53, 8029
GPS: 573710664, 0, 0, 0.0000000, 0.0000000, 0, 2.1700, 33.5000, 0.0000, 0.0000
ATT: 3035, -110, 8041
GPS: 573710664, 0, 0, 0.0000000, 0.0000000, 0, 2.5100, 33.5000, 0.0000, 0.0000
ATT: 3021, -82, 8064
GPS: 573711664, 0, 0, 0.0000000, 0.0000000, 0, 2.4300, 33.5000, 0.0000, 0.0000
ATT: 3127, -17, 8094
GPS: 573711664, 0, 0, 0.0000000, 0.0000000, 0, 2.4300, 33.5000, 0.0000, 0.0000
ATT: 3373, 82, 8048
GPS: 573711664, 0, 0, 0.0000000, 0.0000000, 0, 2.6000, 33.5000, 0.0000, 0.0000
ATT: 3485, 176, 7870
GPS: 573711664, 0, 0, 0.0000000, 0.0000000, 0, 2.6900, 33.5000, 0.0000, 0.0000
ATT: 3117, -1, 7309
GPS: 573711664, 0, 0, 0.0000000, 0.0000000, 0, 2.1700, 33.5000, 0.0000, 0.0000
ATT: 2217, -120, 6676
GPS: 573711664, 0, 0, 0.0000000, 0.0000000, 0, 1.8200, 33.5000, 0.0000, 0.0000
ATT: 1244, -70, 6090
GPS: 573711664, 0, 0, 0.0000000, 0.0000000, 0, 1.9100, 33.5000, 0.0000, 0.0000
ATT: 508, 163, 5685
GPS: 573711664, 0, 0, 0.0000000, 0.0000000, 0, 1.9100, 33.5000, 0.0000, 0.0000
ATT: 14, 321, 5440
GPS: 573711664, 0, 0, 0.0000000, 0.0000000, 0, 2.2500, 33.5000, 0.0000, 0.0000
ATT: -234, 315, 5264
GPS: 573711664, 0, 0, 0.0000000, 0.0000000, 0, 2.5100, 33.5000, 0.0000, 0.0000
ATT: -201, 413, 5083
GPS: 573712664, 0, 0, 0.0000000, 0.0000000, 0, 2.2500, 33.5000, 0.0000, 0.0000
ATT: -70, 575, 4841
GPS: 573712664, 0, 0, 0.0000000, 0.0000000, 0, 2.0800, 33.5000, 0.0000, 0.0000
PM:20017,1001,20,0,0,0,0,0,1,0,0,0,20, 
ATT: -35, 619, 4645
GPS: 573712664, 0, 0, 0.0000000, 0.0000000, 0, 2.3400, 33.5000, 0.0000, 0.0000
ATT: -86, 454, 4618
GPS: 573712664, 0, 0, 0.0000000, 0.0000000, 0, 2.6000, 33.5000, 0.0000, 0.0000
ATT: -78, 148, 4774
GPS: 573712664, 0, 0, 0.0000000, 0.0000000, 0, 1.9900, 33.5000, 0.0000, 0.0000
ATT: -5, -81, 5036
GPS: 573712664, 0, 0, 0.0000000, 0.0000000, 0, 1.5600, 33.5000, 0.0000, 0.0000
ATT: 68, -188, 5249
GPS: 573712664, 0, 0, 0.0000000, 0.0000000, 0, 1.5600, 33.5000, 0.0000, 0.0000
ATT: 85, -226, 5483
GPS: 573712664, 0, 0, 0.0000000, 0.0000000, 0, 1.5600, 33.5000, 0.0000, 0.0000
ATT: 128, -311, 5794
GPS: 573712664, 0, 0, 0.0000000, 0.0000000, 0, 1.7300, 33.5000, 0.0000, 0.0000
ATT: 256, -570, 6004
GPS: 573712664, 0, 0, 0.0000000, 0.0000000, 0, 1.9100, 33.5000, 0.0000, 0.0000
ATT: 376, -829, 5997
GPS: 573713660, 0, 0, 0.0000000, 0.0000000, 0, 1.6500, 33.5000, 0.0000, 0.0000
ATT: 406, -939, 5946
GPS: 573713660, 0, 0, 0.0000000, 0.0000000, 0, 1.4700, 33.5000, 0.0000, 0.0000
ATT: 451, -915, 5955
GPS: 573713660, 0, 0, 0.0000000, 0.0000000, 0, 1.7300, 33.5000, 0.0000, 0.0000
ATT: 573, -738, 6059
GPS: 573713660, 0, 0, 0.0000000, 0.0000000, 0, 1.9900, 33.5000, 0.0000, 0.0000
ATT: 704, -530, 6219
GPS: 573713660, 0, 0, 0.0000000, 0.0000000, 0, 1.9100, 33.5000, 0.0000, 0.0000
ATT: 839, -421, 6293
GPS: 573713660, 0, 0, 0.0000000, 0.0000000, 0, 1.8200, 33.5000, 0.0000, 0.0000
ATT: 982, -415, 6230
GPS: 573713660, 0, 0, 0.0000000, 0.0000000, 0, 2.0800, 33.5000, 0.0000, 0.0000
ATT: 1156, -392, 6112
GPS: 573713660, 0, 0, 0.0000000, 0.0000000, 0, 2.2500, 33.5000, 0.0000, 0.0000
ATT: 1470, -260, 5931
GPS: 573713660, 0, 0, 0.0000000, 0.0000000, 0, 2.1700, 33.5000, 0.0000, 0.0000
ATT: 1755, -76, 5730
GPS: 573713660, 0, 0, 0.0000000, 0.0000000, 0, 2.0800, 33.5000, 0.0000, 0.0000
ATT: 1945, 169, 5692
GPS: 573714664, 0, 0, 0.0000000, 0.0000000, 0, 2.1700, 33.5000, 0.0000, 0.0000
ATT: 2200, 258, 5771
GPS: 573714664, 0, 0, 0.0000000, 0.0000000, 0, 2.1700, 33.5000, 0.0000, 0.0000
ATT: 2573, 131, 5862
GPS: 573714664, 0, 0, 0.0000000, 0.0000000, 0, 2.4300, 33.5000, 0.0000, 0.0000
ATT: 2826, -5, 5984
GPS: 573714664, 0, 0, 0.0000000, 0.0000000, 0, 2.6900, 33.5000, 0.0000, 0.0000
ATT: 2923, -98, 6139
GPS: 573714664, 0, 0, 0.0000000, 0.0000000, 0, 2.1700, 33.5000, 0.0000, 0.0000
ATT: 3014, -185, 6235
GPS: 573714664, 0, 0, 0.0000000, 0.0000000, 0, 1.8200, 33.5000, 0.0000, 0.0000
ATT: 3162, -175, 6332
GPS: 573714664, 0, 0, 0.0000000, 0.0000000, 0, 2.1700, 33.5000, 0.0000, 0.0000
ATT: 3287, -185, 6355
GPS: 573714664, 0, 0, 0.0000000, 0.0000000, 0, 2.4300, 33.5000, 0.0000, 0.0000
ATT: 3385, -207, 6345
GPS: 573714664, 0, 0, 0.0000000, 0.0000000, 0, 1.8200, 33.5000, 0.0000, 0.0000
ATT: 3462, -298, 6294
GPS: 573714664, 0, 0, 0.0000000, 0.0000000, 0, 1.3900, 33.5000, 0.0000, 0.0000
ATT: 3540, -430, 6217
GPS: 573715664, 0, 0, 0.0000000, 0.0000000, 0, 1.5600, 33.5000, 0.0000, 0.0000
ATT: 3630, -537, 6114
GPS: 573715664, 0, 0, 0.0000000, 0.0000000, 0, 1.6500, 33.5000, 0.0000, 0.0000
ATT: 3610, -606, 5958
GPS: 573715664, 0, 0, 0.0000000, 0.0000000, 0, 1.9900, 33.5000, 0.0000, 0.0000
ATT: 3506, -626, 5793
GPS: 573715664, 0, 0, 0.0000000, 0.0000000, 0, 2.2500, 33.5000, 0.0000, 0.0000
ATT: 3416, -653, 5609
GPS: 573715664, 0, 0, 0.0000000, 0.0000000, 0, 1.9900, 33.5000, 0.0000, 0.0000
ATT: 3400, -687, 5516
GPS: 573715664, 0, 0, 0.0000000, 0.0000000, 0, 1.8200, 33.5000, 0.0000, 0.0000
ATT: 3501, -660, 5550
GPS: 573715664, 0, 0, 0.0000000, 0.0000000, 0, 1.9900, 33.5000, 0.0000, 0.0000
ATT: 3536, -540, 5628
GPS: 573715664, 0, 0, 0.0000000, 0.0000000, 0, 2.1700, 33.5000, 0.0000, 0.0000
ATT: 3478, -383, 5570
GPS: 573715664, 0, 0, 0.0000000, 0.0000000, 0, 1.9900, 33.5000, 0.0000, 0.0000
ATT: 3426, -150, 5415
GPS: 573715664, 0, 0, 0.0000000, 0.0000000, 0, 1.8200, 33.5000, 0.0000, 0.0000
ATT: 3429, 114, 5246
GPS: 573716664, 0, 0, 0.0000000, 0.0000000, 0, 1.9100, 33.5000, 0.0000, 0.0000
ATT: 3438, 371, 5060
GPS: 573716664, 0, 0, 0.0000000, 0.0000000, 0, 1.9100, 33.5000, 0.0000, 0.0000
ATT: 3450, 661, 4830
GPS: 573716664, 0, 0, 0.0000000, 0.0000000, 0, 2.1700, 33.5000, 0.0000, 0.0000
ATT: 3484, 996, 4554
GPS: 573716664, 0, 0, 0.0000000, 0.0000000, 0, 2.3400, 33.5000, 0.0000, 0.0000
ATT: 3368, 1316, 4244
GPS: 573716664, 0, 0, 0.0000000, 0.0000000, 0, 2.2500, 33.5000, 0.0000, 0.0000
ATT: 3100, 1567, 3854
GPS: 573716664, 0, 0, 0.0000000, 0.0000000, 0, 2.1700, 33.5000, 0.0000, 0.0000
ATT: 2755, 1819, 3349
GPS: 573716664, 0, 0, 0.0000000, 0.0000000, 0, 1.9100, 33.5000, 0.0000, 0.0000
ATT: 2273, 2166, 2695
GPS: 573716664, 0, 0, 0.0000000, 0.0000000, 0, 1.7300, 33.5000, 0.0000, 0.0000
ATT: 1506, 2631, 1939
GPS: 573716664, 0, 0, 0.0000000, 0.0000000, 0, 1.3900, 33.5000, 0.0000, 0.0000
ATT: 541, 3013, 1084
GPS: 573716664, 0, 0, 0.0000000, 0.0000000, 0, 1.1200, 33.5000, 0.0000, 0.0000
ATT: -457, 3112, 276
GPS: 573717660, 0, 0, 0.0000000, 0.0000000, 0, 1.1200, 33.5000, 0.0000, 0.0000
ATT: -1317, 2982, 35820
GPS: 573717660, 0, 0, 0.0000000, 0.0000000, 0, 1.1200, 33.5000, 0.0000, 0.0000
ATT: -1846, 2794, 35789
GPS: 573717660, 0, 0, 0.0000000, 0.0000000, 0, 1.1200, 33.5000, 0.0000, 0.0000
ATT: -2114, 2544, 35883
GPS: 573717660, 0, 0, 0.0000000, 0.0000000, 0, 1.1200, 33.5000, 0.0000, 0.0000
ATT: -2189, 2449, 35861
GPS: 573717660, 0, 0, 0.0000000, 0.0000000, 0, 1.3000, 33.5000, 0.0000, 0.0000
ATT: -2072, 2475, 35687
GPS: 573717660, 0, 0, 0.0000000, 0.0000000, 0, 1.3900, 33.5000, 0.0000, 0.0000
ATT: -2019, 2593, 35393
GPS: 573717660, 0, 0, 0.0000000, 0.0000000, 0, 1.7300, 33.5000, 0.0000, 0.0000
ATT: -2146, 2747, 35073
GPS: 573717660, 0, 0, 0.0000000, 0.0000000, 0, 1.9900, 33.5000, 0.0000, 0.0000
ATT: -2410, 2837, 34801
GPS: 573717660, 0, 0, 0.0000000, 0.0000000, 0, 1.7300, 33.5000, 0.0000, 0.0000
ATT: -2746, 2763, 34702
GPS: 573717660, 0, 0, 0.0000000, 0.0000000, 0, 1.4700, 33.5000, 0.0000, 0.0000
ATT: -2880, 2579, 34967
GPS: 573718664, 0, 0, 0.0000000, 0.0000000, 0, 2.1700, 33.5000, 0.0000, 0.0000
ATT: -2551, 2326, 35658
GPS: 573718664, 0, 0, 0.0000000, 0.0000000, 0, 2.6900, 33.5000, 0.0000, 0.0000
ATT: -2030, 2024, 475
GPS: 573718664, 0, 0, 0.0000000, 0.0000000, 0, 2.1700, 33.5000, 0.0000, 0.0000
ATT: -1465, 1688, 1166
GPS: 573718664, 0, 0, 0.0000000, 0.0000000, 0, 1.8200, 33.5000, 0.0000, 0.0000
ATT: -1049, 1549, 1664
GPS: 573718664, 0, 0, 0.0000000, 0.0000000, 0, 1.5600, 33.5000, 0.0000, 0.0000
ATT: -723, 1673, 2066
GPS: 573718664, 0, 0, 0.0000000, 0.0000000, 0, 1.3900, 33.5000, 0.0000, 0.0000
ATT: -484, 1849, 2416
GPS: 573718664, 0, 0, 0.0000000, 0.0000000, 0, 1.6500, 33.5000, 0.0000, 0.0000
ATT: -290, 1967, 2746
GPS: 573718664, 0, 0, 0.0000000, 0.0000000, 0, 1.9100, 33.5000, 0.0000, 0.0000
ATT: -70, 1936, 3140
GPS: 573718664, 0, 0, 0.0000000, 0.0000000, 0, 1.9900, 33.5000, 0.0000, 0.0000
ATT: 288, 1860, 3564
GPS: 573718664, 0, 0, 0.0000000, 0.0000000, 0, 2.0800, 33.5000, 0.0000, 0.0000
ATT: 545, 1778, 3874
GPS: 573719664, 0, 0, 0.0000000, 0.0000000, 0, 2.3400, 33.5000, 0.0000, 0.0000
ATT: 722, 1750, 4135
GPS: 573719664, 0, 0, 0.0000000, 0.0000000, 0, 2.5100, 33.5000, 0.0000, 0.0000
ATT: 949, 1786, 4358
GPS: 573719664, 0, 0, 0.0000000, 0.0000000, 0, 1.7300, 33.5000, 0.0000, 0.0000
ATT: 1152, 1794, 4626
GPS: 573719664, 0, 0, 0.0000000, 0.0000000, 0, 1.2100, 33.5000, 0.0000, 0.0000
ATT: 1308, 1733, 5073
GPS: 573719664, 0, 0, 0.0000000, 0.0000000, 0, 1.3900, 33.5000, 0.0000, 0.0000
ATT: 1462, 1451, 5585
GPS: 573719664, 0, 0, 0.0000000, 0.0000000, 0, 1.4700, 33.5000, 0.0000, 0.0000
ATT: 1522, 1140, 6003
GPS: 573719664, 0, 0, 0.0000000, 0.0000000, 0, 1.6500, 33.5000, 0.0000, 0.0000
ATT: 1703, 858, 6232
GPS: 573719664, 0, 0, 0.0000000, 0.0000000, 0, 1.7300, 33.5000, 0.0000, 0.0000
ATT: 1874, 689, 6284
GPS: 573719664, 0, 0, 0.0000000, 0.0000000, 0, 1.7300, 33.5000, 0.0000, 0.0000
ATT: 1863, 650, 6255
GPS: 573719664, 0, 0, 0.0000000, 0.0000000, 0, 1.7300, 33.5000, 0.0000, 0.0000
ATT: 1777, 745, 6188
GPS: 573720664, 0, 0, 0.0000000, 0.0000000, 0, 1.7300, 33.5000, 0.0000, 0.0000
ATT: 1732, 975, 6139
GPS: 573720664, 0, 0, 0.0000000, 0.0000000, 0, 1.7300, 33.5000, 0.0000, 0.0000
ATT: 1753, 1116, 6134
GPS: 573720664, 0, 0, 0.0000000, 0.0000000, 0, 1.2100, 33.5000, 0.0000, 0.0000
ATT: 1890, 1042, 6223
GPS: 573720664, 0, 0, 0.0000000, 0.0000000, 0, 0.8600, 33.5000, 0.0000, 0.0000
ATT: 2067, 764, 6433
GPS: 573720664, 0, 0, 0.0000000, 0.0000000, 0, 1.4700, 33.5000, 0.0000, 0.0000
