Dumping Log 20,    start pg 198,   end pg 276

ArduPlane V2.33
Free RAM: 3325
GROUND START -  4 commands in memory
CMD:0,16,0,5552,426227021,-712071241, 
CMD:1,16,0,2500,426229856,-712087040, 
CMD:2,16,0,2500,426232384,-712080256, 
CMD:3,16,0,2500,426234272,-712073280, 
CMD:4,18,4,2500,426235168,-712066496, 
MOD:Manual
ATT: 70, -66, 35909
GPS: 15489405, 0, 0, 0.0000000, 0.0000000, 0, 0.0000, 33.5000, 0.0000, 0.0000
ATT: 66, -60, 35900
GPS: 15489405, 0, 0, 0.0000000, 0.0000000, 0, 0.0000, 33.5000, 0.0000, 0.0000
ATT: 62, -59, 35896
GPS: 15489405, 0, 0, 0.0000000, 0.0000000, 0, 0.0000, 33.5000, 0.0000, 0.0000
ATT: 69, -69, 35897
GPS: 15489405, 0, 0, 0.0000000, 0.0000000, 0, 0.0000, 33.5000, 0.0000, 0.0000
ATT: 84, -83, 35895
GPS: 15489405, 0, 0, 0.0000000, 0.0000000, 0, 0.0000, 33.5000, 0.0000, 0.0000
ATT: 94, -91, 35891
GPS: 15489405, 0, 0, 0.0000000, 0.0000000, 0, 0.0800, 33.5000, 0.0000, 0.0000
ATT: 103, -90, 35895
GPS: 15489405, 0, 0, 0.0000000, 0.0000000, 0, 0.1700, 33.5000, 0.0000, 0.0000
ATT: 102, -81, 35900
GPS: 15489405, 0, 0, 0.0000000, 0.0000000, 0, -0.0800, 33.5000, 0.0000, 0.0000
ATT: 113, -83, 35901
GPS: 15489405, 0, 0, 0.0000000, 0.0000000, 0, -0.2600, 33.5000, 0.0000, 0.0000
ATT: 133, -98, 35898
GPS: 15489405, 0, 0, 0.0000000, 0.0000000, 0, -0.1700, 33.5000, 0.0000, 0.0000
ATT: 138, -102, 35895
GPS: 15489405, 0, 0, 0.0000000, 0.0000000, 0, -0.0800, 33.5000, 0.0000, 0.0000
ATT: 150, -112, 35892
GPS: 15489405, 0, 0, 0.0000000, 0.0000000, 0, -0.1700, 33.5000, 0.0000, 0.0000
ATT: 164, -117, 35895
GPS: 15489405, 0, 0, 0.0000000, 0.0000000, 0, -0.1700, 33.5000, 0.0000, 0.0000
ATT: 179, -127, 35897
GPS: 15489405, 0, 0, 0.0000000, 0.0000000, 0, -0.0800, 33.5000, 0.0000, 0.0000
ATT: 197, -138, 35899
GPS: 15489405, 0, 0, 0.0000000, 0.0000000, 0, -0.0800, 33.5000, 0.0000, 0.0000
ATT: 226, -152, 35908
GPS: 15489405, 0, 0, 0.0000000, 0.0000000, 0, 0.2500, 33.5000, 0.0000, 0.0000
ATT: 241, -159, 35913
GPS: 15489405, 0, 0, 0.0000000, 0.0000000, 0, 0.5200, 33.5000, 0.0000, 0.0000
ATT: 236, -155, 35913
GPS: 15489405, 0, 0, 0.0000000, 0.0000000, 0, 0.2500, 33.5000, 0.0000, 0.0000
ATT: 204, -134, 35911
GPS: 15489405, 0, 0, 0.0000000, 0.0000000, 0, 0.0800, 33.5000, 0.0000, 0.0000
ATT: 160, -114, 35904
GPS: 15489405, 0, 0, 0.0000000, 0.0000000, 0, 0.2500, 33.5000, 0.0000, 0.0000
ATT: 118, -88, 35908
GPS: 15493411, 0, 0, 0.0000000, 0.0000000, 0, 0.3400, 33.5000, 0.0000, 0.0000
ATT: 84, -71, 35913
GPS: 15493411, 0, 0, 0.0000000, 0.0000000, 0, 0.0000, 33.5000, 0.0000, 0.0000
ATT: 71, -60, 35924
GPS: 15493411, 0, 0, 0.0000000, 0.0000000, 0, -0.2600, 33.5000, 0.0000, 0.0000
ATT: 54, -48, 35936
GPS: 15493411, 0, 0, 0.0000000, 0.0000000, 0, -0.0800, 33.5000, 0.0000, 0.0000
ATT: 52, -46, 35938
GPS: 15493411, 0, 0, 0.0000000, 0.0000000, 0, 0.0000, 33.5000, 0.0000, 0.0000
PM:20004,125,112,0,0,0,0,0,1,0,0,0,0, 
ATT: 52, -44, 35939
GPS: 15493411, 0, 0, 0.0000000, 0.0000000, 0, 0.3400, 33.5000, 0.0000, 0.0000
ATT: 52, -44, 35940
GPS: 15493411, 0, 0, 0.0000000, 0.0000000, 0, 0.6000, 33.5000, 0.0000, 0.0000
ATT: 52, -44, 35940
GPS: 15493411, 0, 0, 0.0000000, 0.0000000, 0, 0.6900, 33.5000, 0.0000, 0.0000
ATT: 55, -44, 35940
GPS: 15493411, 0, 0, 0.0000000, 0.0000000, 0, 0.6900, 33.5000, 0.0000, 0.0000
ATT: 57, -45, 35942
GPS: 15493411, 0, 0, 0.0000000, 0.0000000, 0, 1.0300, 33.5000, 0.0000, 0.0000
ATT: 63, -52, 35941
GPS: 15494409, 0, 0, 0.0000000, 0.0000000, 0, 1.3000, 33.5000, 0.0000, 0.0000
ATT: 71, -59, 35943
GPS: 15494409, 0, 0, 0.0000000, 0.0000000, 0, 1.2100, 33.5000, 0.0000, 0.0000
ATT: 89, -66, 35947
GPS: 15494409, 0, 0, 0.0000000, 0.0000000, 0, 1.1200, 33.5000, 0.0000, 0.0000
ATT: 109, -74, 35949
GPS: 15494409, 0, 0, 0.0000000, 0.0000000, 0, 0.9500, 33.5000, 0.0000, 0.0000
ATT: 107, -74, 35946
GPS: 15494409, 0, 0, 0.0000000, 0.0000000, 0, 0.8600, 33.5000, 0.0000, 0.0000
ATT: 115, -72, 35945
GPS: 15494409, 0, 0, 0.0000000, 0.0000000, 0, 0.6900, 33.5000, 0.0000, 0.0000
ATT: 141, -76, 35947
GPS: 15494409, 0, 0, 0.0000000, 0.0000000, 0, 0.5200, 33.5000, 0.0000, 0.0000
ATT: 180, -87, 35952
GPS: 15494409, 0, 0, 0.0000000, 0.0000000, 0, 0.5200, 33.5000, 0.0000, 0.0000
ATT: 210, -98, 35957
GPS: 15494409, 0, 0, 0.0000000, 0.0000000, 0, 0.5200, 33.5000, 0.0000, 0.0000
ATT: 191, -102, 35951
GPS: 15494409, 0, 0, 0.0000000, 0.0000000, 0, 0.7800, 33.5000, 0.0000, 0.0000
ATT: 153, -86, 35945
GPS: 15495405, 0, 0, 0.0000000, 0.0000000, 0, 0.9500, 33.5000, 0.0000, 0.0000
ATT: 131, -81, 35953
GPS: 15495405, 0, 0, 0.0000000, 0.0000000, 0, 0.6000, 33.5000, 0.0000, 0.0000
ATT: 85, -60, 35952
GPS: 15495405, 0, 0, 0.0000000, 0.0000000, 0, 0.3400, 33.5000, 0.0000, 0.0000
ATT: 75, -56, 35956
GPS: 15495405, 0, 0, 0.0000000, 0.0000000, 0, 0.4300, 33.5000, 0.0000, 0.0000
ATT: 63, -44, 35956
GPS: 15495405, 0, 0, 0.0000000, 0.0000000, 0, 0.5200, 33.5000, 0.0000, 0.0000
ATT: 59, -42, 35958
GPS: 15495405, 0, 0, 0.0000000, 0.0000000, 0, 0.5200, 33.5000, 0.0000, 0.0000
ATT: 58, -42, 35958
GPS: 15495405, 0, 0, 0.0000000, 0.0000000, 0, 0.5200, 33.5000, 0.0000, 0.0000
ATT: 59, -42, 35958
GPS: 15495405, 0, 0, 0.0000000, 0.0000000, 0, 0.5200, 33.5000, 0.0000, 0.0000
ATT: 56, -41, 35959
GPS: 15495405, 0, 0, 0.0000000, 0.0000000, 0, 0.5200, 33.5000, 0.0000, 0.0000
ATT: 58, -45, 35959
GPS: 15495405, 0, 0, 0.0000000, 0.0000000, 0, 0.8600, 33.5000, 0.0000, 0.0000
ATT: 72, -55, 35952
GPS: 15496411, 0, 0, 0.0000000, 0.0000000, 0, 1.1200, 33.5000, 0.0000, 0.0000
ATT: 80, -63, 35933
GPS: 15496411, 0, 0, 0.0000000, 0.0000000, 0, 1.2100, 33.5000, 0.0000, 0.0000
ATT: 41, -53, 35892
GPS: 15496411, 0, 0, 0.0000000, 0.0000000, 0, 1.2100, 33.5000, 0.0000, 0.0000
ATT: 24, -58, 35859
GPS: 15496411, 0, 0, 0.0000000, 0.0000000, 0, 1.3000, 33.5000, 0.0000, 0.0000
ATT: 20, -69, 35864
GPS: 15496411, 0, 0, 0.0000000, 0.0000000, 0, 1.3000, 33.5000, 0.0000, 0.0000
ATT: 11, -67, 35884
GPS: 15496411, 0, 0, 0.0000000, 0.0000000, 0, 0.6900, 33.5000, 0.0000, 0.0000
ATT: 10, -63, 35888
GPS: 15496411, 0, 0, 0.0000000, 0.0000000, 0, 0.2500, 33.5000, 0.0000, 0.0000
ATT: 7, -62, 35896
GPS: 15496411, 0, 0, 0.0000000, 0.0000000, 0, 0.3400, 33.5000, 0.0000, 0.0000
ATT: 2, -59, 35909
GPS: 15496411, 0, 0, 0.0000000, 0.0000000, 0, 0.4300, 33.5000, 0.0000, 0.0000
ATT: 3, -58, 35905
GPS: 15496411, 0, 0, 0.0000000, 0.0000000, 0, 0.6000, 33.5000, 0.0000, 0.0000
ATT: 5, -57, 35902
GPS: 15497405, 0, 0, 0.0000000, 0.0000000, 0, 0.6900, 33.5000, 0.0000, 0.0000
ATT: 3, -61, 35898
GPS: 15497405, 0, 0, 0.0000000, 0.0000000, 0, 0.6000, 33.5000, 0.0000, 0.0000
ATT: 4, -66, 35891
GPS: 15497405, 0, 0, 0.0000000, 0.0000000, 0, 0.5200, 33.5000, 0.0000, 0.0000
ATT: -23, -61, 35866
GPS: 15497405, 0, 0, 0.0000000, 0.0000000, 0, 0.3400, 33.5000, 0.0000, 0.0000
ATT: -54, -38, 35865
GPS: 15497405, 0, 0, 0.0000000, 0.0000000, 0, 0.2500, 33.5000, 0.0000, 0.0000
ATT: -61, -46, 35881
GPS: 15497405, 0, 0, 0.0000000, 0.0000000, 0, -0.0800, 33.5000, 0.0000, 0.0000
ATT: -24, -64, 35886
GPS: 15497405, 0, 0, 0.0000000, 0.0000000, 0, -0.3400, 33.5000, 0.0000, 0.0000
ATT: -28, -64, 35885
GPS: 15497405, 0, 0, 0.0000000, 0.0000000, 0, -0.3400, 33.5000, 0.0000, 0.0000
ATT: -41, -64, 35890
GPS: 15497405, 0, 0, 0.0000000, 0.0000000, 0, -0.3400, 33.5000, 0.0000, 0.0000
ATT: -88, -49, 35894
GPS: 15497405, 0, 0, 0.0000000, 0.0000000, 0, -0.3400, 33.5000, 0.0000, 0.0000
ATT: -127, -43, 35868
GPS: 15498405, 0, 0, 0.0000000, 0.0000000, 0, -0.3400, 33.5000, 0.0000, 0.0000
ATT: -161, -46, 35861
GPS: 15498405, 0, 0, 0.0000000, 0.0000000, 0, -0.3400, 33.5000, 0.0000, 0.0000
ATT: -185, -47, 35855
GPS: 15498405, 0, 0, 0.0000000, 0.0000000, 0, -0.3400, 33.5000, 0.0000, 0.0000
ATT: -193, -43, 35840
GPS: 15498405, 0, 0, 0.0000000, 0.0000000, 0, -0.3400, 33.5000, 0.0000, 0.0000
ATT: -184, -40, 35834
GPS: 15498405, 0, 0, 0.0000000, 0.0000000, 0, -0.3400, 33.5000, 0.0000, 0.0000
ATT: -146, -29, 35840
GPS: 15498405, 0, 0, 0.0000000, 0.0000000, 0, -0.2600, 33.5000, 0.0000, 0.0000
ATT: -130, -36, 35844
GPS: 15498405, 0, 0, 0.0000000, 0.0000000, 0, -0.1700, 33.5000, 0.0000, 0.0000
ATT: -114, -25, 35864
GPS: 15498405, 0, 0, 0.0000000, 0.0000000, 0, -0.1700, 33.5000, 0.0000, 0.0000
ATT: -118, -21, 35903
GPS: 15498405, 0, 0, 0.0000000, 0.0000000, 0, -0.1700, 33.5000, 0.0000, 0.0000
ATT: -127, -23, 35902
GPS: 15498405, 0, 0, 0.0000000, 0.0000000, 0, -0.1700, 33.5000, 0.0000, 0.0000
ATT: -128, -34, 35895
GPS: 15499414, 0, 0, 0.0000000, 0.0000000, 0, -0.1700, 33.5000, 0.0000, 0.0000
ATT: -119, -52, 35850
GPS: 15499414, 0, 0, 0.0000000, 0.0000000, 0, -0.2600, 33.5000, 0.0000, 0.0000
ATT: -112, -71, 35821
GPS: 15499414, 0, 0, 0.0000000, 0.0000000, 0, -0.2600, 33.5000, 0.0000, 0.0000
ATT: -118, -70, 35816
GPS: 15499414, 0, 0, 0.0000000, 0.0000000, 0, -0.2600, 33.5000, 0.0000, 0.0000
ATT: -133, -70, 35835
GPS: 15499414, 0, 0, 0.0000000, 0.0000000, 0, -0.2600, 33.5000, 0.0000, 0.0000
ATT: -147, -77, 35851
GPS: 15499414, 0, 0, 0.0000000, 0.0000000, 0, -0.3400, 33.5000, 0.0000, 0.0000
ATT: -150, -82, 35850
GPS: 15499414, 0, 0, 0.0000000, 0.0000000, 0, -0.4300, 33.5000, 0.0000, 0.0000
ATT: -167, -89, 35850
GPS: 15499414, 0, 0, 0.0000000, 0.0000000, 0, -0.5200, 33.5000, 0.0000, 0.0000
ATT: -174, -92, 35841
GPS: 15499414, 0, 0, 0.0000000, 0.0000000, 0, -0.6000, 33.5000, 0.0000, 0.0000
ATT: -174, -94, 35841
GPS: 15499414, 0, 0, 0.0000000, 0.0000000, 0, -0.7800, 33.5000, 0.0000, 0.0000
ATT: -164, -98, 35851
GPS: 15500405, 0, 0, 0.0000000, 0.0000000, 0, -0.8600, 33.5000, 0.0000, 0.0000
ATT: -161, -99, 35856
GPS: 15500405, 0, 0, 0.0000000, 0.0000000, 0, -0.8600, 33.5000, 0.0000, 0.0000
ATT: -135, -106, 35883
GPS: 15500405, 0, 0, 0.0000000, 0.0000000, 0, -0.8600, 33.5000, 0.0000, 0.0000
ATT: -113, -108, 35902
GPS: 15500405, 0, 0, 0.0000000, 0.0000000, 0, -0.8600, 33.5000, 0.0000, 0.0000
ATT: -115, -104, 35896
GPS: 15500405, 0, 0, 0.0000000, 0.0000000, 0, -0.8600, 33.5000, 0.0000, 0.0000
ATT: -123, -105, 35887
GPS: 15500405, 0, 0, 0.0000000, 0.0000000, 0, -0.8600, 33.5000, 0.0000, 0.0000
ATT: -128, -103, 35885
GPS: 15500405, 0, 0, 0.0000000, 0.0000000, 0, -0.8600, 33.5000, 0.0000, 0.0000
ATT: -129, -103, 35885
GPS: 15500405, 0, 0, 0.0000000, 0.0000000, 0, -0.9500, 33.5000, 0.0000, 0.0000
ATT: -141, -102, 35881
GPS: 15500405, 0, 0, 0.0000000, 0.0000000, 0, -0.9500, 33.5000, 0.0000, 0.0000
ATT: -131, -103, 35894
GPS: 15500405, 0, 0, 0.0000000, 0.0000000, 0, -0.9500, 33.5000, 0.0000, 0.0000
ATT: -126, -104, 35898
GPS: 15501405, 0, 0, 0.0000000, 0.0000000, 0, -0.9500, 33.5000, 0.0000, 0.0000
ATT: -124, -106, 35898
GPS: 15501405, 0, 0, 0.0000000, 0.0000000, 0, -0.8600, 33.5000, 0.0000, 0.0000
ATT: -111, -108, 35909
GPS: 15501405, 0, 0, 0.0000000, 0.0000000, 0, -0.7800, 33.5000, 0.0000, 0.0000
ATT: -106, -110, 35906
GPS: 15501405, 0, 0, 0.0000000, 0.0000000, 0, -0.6000, 33.5000, 0.0000, 0.0000
ATT: -109, -109, 35903
GPS: 15501405, 0, 0, 0.0000000, 0.0000000, 0, -0.5200, 33.5000, 0.0000, 0.0000
ATT: -105, -108, 35908
GPS: 15501405, 0, 0, 0.0000000, 0.0000000, 0, -0.5200, 33.5000, 0.0000, 0.0000
ATT: -98, -104, 35911
GPS: 15501405, 0, 0, 0.0000000, 0.0000000, 0, -0.5200, 33.5000, 0.0000, 0.0000
ATT: -107, -101, 35902
GPS: 15501405, 0, 0, 0.0000000, 0.0000000, 0, -0.5200, 33.5000, 0.0000, 0.0000
ATT: -111, -100, 35900
GPS: 15501405, 0, 0, 0.0000000, 0.0000000, 0, -0.5200, 33.5000, 0.0000, 0.0000
ATT: -111, -98, 35900
GPS: 15501405, 0, 0, 0.0000000, 0.0000000, 0, -0.5200, 33.5000, 0.0000, 0.0000
ATT: -119, -95, 35895
GPS: 15502411, 0, 0, 0.0000000, 0.0000000, 0, -0.5200, 33.5000, 0.0000, 0.0000
ATT: -116, -91, 35900
GPS: 15502411, 0, 0, 0.0000000, 0.0000000, 0, -0.6000, 33.5000, 0.0000, 0.0000
ATT: -108, -83, 35908
GPS: 15502411, 0, 0, 0.0000000, 0.0000000, 0, -0.6900, 33.5000, 0.0000, 0.0000
ATT: -105, -80, 35905
GPS: 15502411, 0, 0, 0.0000000, 0.0000000, 0, -0.5200, 33.5000, 0.0000, 0.0000
ATT: -97, -73, 35899
GPS: 15502411, 0, 0, 0.0000000, 0.0000000, 0, -0.4300, 33.5000, 0.0000, 0.0000
ATT: -78, -52, 35910
GPS: 15502411, 0, 0, 0.0000000, 0.0000000, 0, -0.6000, 33.5000, 0.0000, 0.0000
ATT: -58, -17, 35929
GPS: 15502411, 0, 0, 0.0000000, 0.0000000, 0, -0.7800, 33.5000, 0.0000, 0.0000
ATT: -62, -18, 35930
GPS: 15502411, 0, 0, 0.0000000, 0.0000000, 0, 0.1700, 33.5000, 0.0000, 0.0000
ATT: -64, -15, 35930
GPS: 15502411, 0, 0, 0.0000000, 0.0000000, 0, 0.8600, 33.5000, 0.0000, 0.0000
ATT: -65, -14, 35930
GPS: 15502411, 0, 0, 0.0000000, 0.0000000, 0, 0.6000, 33.5000, 0.0000, 0.0000
ATT: -65, -14, 35931
GPS: 15503405, 0, 0, 0.0000000, 0.0000000, 0, 0.4300, 33.5000, 0.0000, 0.0000
ATT: -65, -14, 35932
GPS: 15503405, 0, 0, 0.0000000, 0.0000000, 0, 0.4300, 33.5000, 0.0000, 0.0000
ATT: -64, -14, 35932
GPS: 15503405, 0, 0, 0.0000000, 0.0000000, 0, 0.4300, 33.5000, 0.0000, 0.0000
ATT: -64, -13, 35933
GPS: 15503405, 0, 0, 0.0000000, 0.0000000, 0, 0.2500, 33.5000, 0.0000, 0.0000
ATT: -64, -13, 35934
GPS: 15503405, 0, 0, 0.0000000, 0.0000000, 0, 0.0800, 33.5000, 0.0000, 0.0000
ATT: -70, -3, 35950
GPS: 15503405, 0, 0, 0.0000000, 0.0000000, 0, 0.5200, 33.5000, 0.0000, 0.0000
ATT: -79, -3, 35957
GPS: 15503405, 0, 0, 0.0000000, 0.0000000, 0, 0.7800, 33.5000, 0.0000, 0.0000
ATT: -55, -11, 35957
GPS: 15503405, 0, 0, 0.0000000, 0.0000000, 0, 0.7800, 33.5000, 0.0000, 0.0000
ATT: -63, -9, 35958
GPS: 15503405, 0, 0, 0.0000000, 0.0000000, 0, 0.7800, 33.5000, 0.0000, 0.0000
ATT: -63, -12, 35958
GPS: 15503405, 0, 0, 0.0000000, 0.0000000, 0, 0.9500, 33.5000, 0.0000, 0.0000
ATT: -65, -9, 35959
GPS: 15504407, 0, 0, 0.0000000, 0.0000000, 0, 1.0300, 33.5000, 0.0000, 0.0000
ATT: -69, -4, 35960
GPS: 15504407, 0, 0, 0.0000000, 0.0000000, 0, 0.8600, 33.5000, 0.0000, 0.0000
ATT: -76, 0, 35971
GPS: 15504407, 0, 0, 0.0000000, 0.0000000, 0, 0.6900, 33.5000, 0.0000, 0.0000
ATT: -76, 1, 35981
GPS: 15504407, 0, 0, 0.0000000, 0.0000000, 0, 0.4300, 33.5000, 0.0000, 0.0000
ATT: -75, 0, 35983
GPS: 15504407, 0, 0, 0.0000000, 0.0000000, 0, 0.1700, 33.5000, 0.0000, 0.0000
ATT: -76, 2, 35988
GPS: 15504407, 0, 0, 0.0000000, 0.0000000, 0, 0.3400, 33.5000, 0.0000, 0.0000
ATT: -71, 5, 3
GPS: 15504407, 0, 0, 0.0000000, 0.0000000, 0, 0.4300, 33.5000, 0.0000, 0.0000
ATT: -77, 11, 19
GPS: 15504407, 0, 0, 0.0000000, 0.0000000, 0, 0.3400, 33.5000, 0.0000, 0.0000
ATT: -79, 16, 18
GPS: 15504407, 0, 0, 0.0000000, 0.0000000, 0, 0.2500, 33.5000, 0.0000, 0.0000
ATT: -79, 29, 28
GPS: 15504407, 0, 0, 0.0000000, 0.0000000, 0, 0.4300, 33.5000, 0.0000, 0.0000
ATT: -79, 45, 55
GPS: 15505411, 0, 0, 0.0000000, 0.0000000, 0, 0.5200, 33.5000, 0.0000, 0.0000
ATT: -96, 56, 79
GPS: 15505411, 0, 0, 0.0000000, 0.0000000, 0, 0.8600, 33.5000, 0.0000, 0.0000
ATT: -105, 67, 97
GPS: 15505411, 0, 0, 0.0000000, 0.0000000, 0, 1.1200, 33.5000, 0.0000, 0.0000
ATT: -107, 77, 105
GPS: 15505411, 0, 0, 0.0000000, 0.0000000, 0, 1.0300, 33.5000, 0.0000, 0.0000
ATT: -100, 88, 110
GPS: 15505411, 0, 0, 0.0000000, 0.0000000, 0, 0.9500, 33.5000, 0.0000, 0.0000
ATT: -100, 94, 111
GPS: 15505411, 0, 0, 0.0000000, 0.0000000, 0, 1.2100, 33.5000, 0.0000, 0.0000
ATT: -92, 96, 117
GPS: 15505411, 0, 0, 0.0000000, 0.0000000, 0, 1.3800, 33.5000, 0.0000, 0.0000
ATT: -78, 85, 118
GPS: 15505411, 0, 0, 0.0000000, 0.0000000, 0, 1.3800, 33.5000, 0.0000, 0.0000
ATT: -65, 75, 115
GPS: 15505411, 0, 0, 0.0000000, 0.0000000, 0, 1.3800, 33.5000, 0.0000, 0.0000
ATT: -61, 64, 108
GPS: 15505411, 0, 0, 0.0000000, 0.0000000, 0, 1.3000, 33.5000, 0.0000, 0.0000
ATT: -58, 53, 102
GPS: 15506405, 0, 0, 0.0000000, 0.0000000, 0, 1.2100, 33.5000, 0.0000, 0.0000
ATT: -41, 34, 92
GPS: 15506405, 0, 0, 0.0000000, 0.0000000, 0, 1.3800, 33.5000, 0.0000, 0.0000
ATT: -35, 26, 88
GPS: 15506405, 0, 0, 0.0000000, 0.0000000, 0, 1.5600, 33.5000, 0.0000, 0.0000
ATT: -35, 41, 78
GPS: 15506405, 0, 0, 0.0000000, 0.0000000, 0, 1.3800, 33.5000, 0.0000, 0.0000
ATT: -37, 37, 78
GPS: 15506405, 0, 0, 0.0000000, 0.0000000, 0, 1.2100, 33.5000, 0.0000, 0.0000
ATT: -41, 40, 77
GPS: 15506405, 0, 0, 0.0000000, 0.0000000, 0, 1.4700, 33.5000, 0.0000, 0.0000
ATT: -42, 37, 78
GPS: 15506405, 0, 0, 0.0000000, 0.0000000, 0, 1.6400, 33.5000, 0.0000, 0.0000
ATT: -43, 37, 79
GPS: 15506405, 0, 0, 0.0000000, 0.0000000, 0, 1.1200, 33.5000, 0.0000, 0.0000
ATT: -43, 34, 79
GPS: 15506405, 0, 0, 0.0000000, 0.0000000, 0, 0.7800, 33.5000, 0.0000, 0.0000
ATT: -51, 37, 79
GPS: 15506405, 0, 0, 0.0000000, 0.0000000, 0, 0.6900, 33.5000, 0.0000, 0.0000
ATT: -55, 39, 85
GPS: 15507405, 0, 0, 0.0000000, 0.0000000, 0, 0.6000, 33.5000, 0.0000, 0.0000
ATT: -60, 45, 88
GPS: 15507405, 0, 0, 0.0000000, 0.0000000, 0, 0.7800, 33.5000, 0.0000, 0.0000
ATT: -63, 56, 93
GPS: 15507405, 0, 0, 0.0000000, 0.0000000, 0, 0.8600, 33.5000, 0.0000, 0.0000
ATT: -72, 66, 104
GPS: 15507405, 0, 0, 0.0000000, 0.0000000, 0, 0.8600, 33.5000, 0.0000, 0.0000
ATT: -82, 76, 112
GPS: 15507405, 0, 0, 0.0000000, 0.0000000, 0, 0.8600, 33.5000, 0.0000, 0.0000
ATT: -84, 85, 117
GPS: 15507405, 0, 0, 0.0000000, 0.0000000, 0, 0.9500, 33.5000, 0.0000, 0.0000
ATT: -92, 93, 125
GPS: 15507405, 0, 0, 0.0000000, 0.0000000, 0, 0.9500, 33.5000, 0.0000, 0.0000
ATT: -93, 106, 131
GPS: 15507405, 0, 0, 0.0000000, 0.0000000, 0, 0.6900, 33.5000, 0.0000, 0.0000
ATT: -92, 115, 135
GPS: 15507405, 0, 0, 0.0000000, 0.0000000, 0, 0.4300, 33.5000, 0.0000, 0.0000
ATT: -91, 126, 140
GPS: 15507405, 0, 0, 0.0000000, 0.0000000, 0, 0.6000, 33.5000, 0.0000, 0.0000
ATT: -90, 135, 145
GPS: 15508411, 0, 0, 0.0000000, 0.0000000, 0, 0.6900, 33.5000, 0.0000, 0.0000
ATT: -85, 133, 155
GPS: 15508411, 0, 0, 0.0000000, 0.0000000, 0, 0.5200, 33.5000, 0.0000, 0.0000
ATT: -83, 133, 157
GPS: 15508411, 0, 0, 0.0000000, 0.0000000, 0, 0.4300, 33.5000, 0.0000, 0.0000
ATT: -63, 116, 159
GPS: 15508411, 0, 0, 0.0000000, 0.0000000, 0, 0.4300, 33.5000, 0.0000, 0.0000
ATT: -50, 95, 150
GPS: 15508411, 0, 0, 0.0000000, 0.0000000, 0, 0.4300, 33.5000, 0.0000, 0.0000
ATT: -45, 89, 141
GPS: 15508411, 0, 0, 0.0000000, 0.0000000, 0, 0.7800, 33.5000, 0.0000, 0.0000
ATT: -39, 79, 142
GPS: 15508411, 0, 0, 0.0000000, 0.0000000, 0, 1.0300, 33.5000, 0.0000, 0.0000
ATT: -45, 77, 142
GPS: 15508411, 0, 0, 0.0000000, 0.0000000, 0, 1.0300, 33.5000, 0.0000, 0.0000
ATT: -51, 79, 144
GPS: 15508411, 0, 0, 0.0000000, 0.0000000, 0, 1.0300, 33.5000, 0.0000, 0.0000
ATT: -58, 84, 146
GPS: 15508411, 0, 0, 0.0000000, 0.0000000, 0, 1.3800, 33.5000, 0.0000, 0.0000
ATT: -64, 96, 150
GPS: 15509405, 0, 0, 0.0000000, 0.0000000, 0, 1.6400, 33.5000, 0.0000, 0.0000
ATT: -72, 95, 155
GPS: 15509405, 0, 0, 0.0000000, 0.0000000, 0, 1.3800, 33.5000, 0.0000, 0.0000
ATT: -77, 99, 163
GPS: 15509405, 0, 0, 0.0000000, 0.0000000, 0, 1.2100, 33.5000, 0.0000, 0.0000
ATT: -65, 79, 163
GPS: 15509405, 0, 0, 0.0000000, 0.0000000, 0, 1.3000, 33.5000, 0.0000, 0.0000
ATT: -40, 69, 146
GPS: 15509405, 0, 0, 0.0000000, 0.0000000, 0, 1.3000, 33.5000, 0.0000, 0.0000
ATT: -36, 62, 140
GPS: 15509405, 0, 0, 0.0000000, 0.0000000, 0, 1.5600, 33.5000, 0.0000, 0.0000
ATT: -32, 60, 141
GPS: 15509405, 0, 0, 0.0000000, 0.0000000, 0, 1.7300, 33.5000, 0.0000, 0.0000
ATT: -34, 61, 141
GPS: 15509405, 0, 0, 0.0000000, 0.0000000, 0, 1.2100, 33.5000, 0.0000, 0.0000
ATT: -34, 58, 141
GPS: 15509405, 0, 0, 0.0000000, 0.0000000, 0, 0.8600, 33.5000, 0.0000, 0.0000
ATT: -36, 53, 141
GPS: 15509405, 0, 0, 0.0000000, 0.0000000, 0, 0.7800, 33.5000, 0.0000, 0.0000
ATT: -42, 56, 142
GPS: 15510405, 0, 0, 0.0000000, 0.0000000, 0, 0.6900, 33.5000, 0.0000, 0.0000
ATT: -51, 57, 141
GPS: 15510405, 0, 0, 0.0000000, 0.0000000, 0, 0.4300, 33.5000, 0.0000, 0.0000
ATT: -60, 61, 142
GPS: 15510405, 0, 0, 0.0000000, 0.0000000, 0, 0.1700, 33.5000, 0.0000, 0.0000
ATT: -57, 65, 145
GPS: 15510405, 0, 0, 0.0000000, 0.0000000, 0, 0.2500, 33.5000, 0.0000, 0.0000
ATT: -54, 67, 145
GPS: 15510405, 0, 0, 0.0000000, 0.0000000, 0, 0.3400, 33.5000, 0.0000, 0.0000
ATT: -53, 69, 146
GPS: 15510405, 0, 0, 0.0000000, 0.0000000, 0, 0.5200, 33.5000, 0.0000, 0.0000
ATT: -53, 69, 146
GPS: 15510405, 0, 0, 0.0000000, 0.0000000, 0, 0.6900, 33.5000, 0.0000, 0.0000
ATT: -55, 69, 147
GPS: 15510405, 0, 0, 0.0000000, 0.0000000, 0, 0.5200, 33.5000, 0.0000, 0.0000
ATT: -58, 73, 148
GPS: 15510405, 0, 0, 0.0000000, 0.0000000, 0, 0.4300, 33.5000, 0.0000, 0.0000
ATT: -60, 73, 148
GPS: 15510405, 0, 0, 0.0000000, 0.0000000, 0, 0.5200, 33.5000, 0.0000, 0.0000
ATT: -49, 67, 152
GPS: 15511411, 0, 0, 0.0000000, 0.0000000, 0, 0.6000, 33.5000, 0.0000, 0.0000
ATT: -49, 70, 153
GPS: 15511411, 0, 0, 0.0000000, 0.0000000, 0, 0.5200, 33.5000, 0.0000, 0.0000
ATT: -55, 67, 154
GPS: 15511411, 0, 0, 0.0000000, 0.0000000, 0, 0.4300, 33.5000, 0.0000, 0.0000
ATT: -49, 67, 153
GPS: 15511411, 0, 0, 0.0000000, 0.0000000, 0, 0.4300, 33.5000, 0.0000, 0.0000
ATT: -57, 65, 152
GPS: 15511411, 0, 0, 0.0000000, 0.0000000, 0, 0.4300, 33.5000, 0.0000, 0.0000
ATT: -57, 65, 153
GPS: 15511411, 0, 0, 0.0000000, 0.0000000, 0, 0.6000, 33.5000, 0.0000, 0.0000
ATT: -53, 62, 154
GPS: 15511411, 0, 0, 0.0000000, 0.0000000, 0, 0.7800, 33.5000, 0.0000, 0.0000
ATT: -46, 57, 155
GPS: 15511411, 0, 0, 0.0000000, 0.0000000, 0, 1.1200, 33.5000, 0.0000, 0.0000
ATT: -45, 54, 156
GPS: 15511411, 0, 0, 0.0000000, 0.0000000, 0, 1.3800, 33.5000, 0.0000, 0.0000
ATT: -45, 50, 155
GPS: 15511411, 0, 0, 0.0000000, 0.0000000, 0, 1.3000, 33.5000, 0.0000, 0.0000
ATT: -44, 49, 156
GPS: 15512405, 0, 0, 0.0000000, 0.0000000, 0, 1.3000, 33.5000, 0.0000, 0.0000
ATT: -42, 46, 157
GPS: 15512405, 0, 0, 0.0000000, 0.0000000, 0, 1.1200, 33.5000, 0.0000, 0.0000
ATT: -42, 44, 158
GPS: 15512405, 0, 0, 0.0000000, 0.0000000, 0, 0.9500, 33.5000, 0.0000, 0.0000
ATT: -40, 42, 158
GPS: 15512405, 0, 0, 0.0000000, 0.0000000, 0, 1.2100, 33.5000, 0.0000, 0.0000
ATT: -41, 42, 159
GPS: 15512405, 0, 0, 0.0000000, 0.0000000, 0, 1.4700, 33.5000, 0.0000, 0.0000
ATT: -39, 41, 160
GPS: 15512405, 0, 0, 0.0000000, 0.0000000, 0, 1.2100, 33.5000, 0.0000, 0.0000
ATT: -43, 40, 161
GPS: 15512405, 0, 0, 0.0000000, 0.0000000, 0, 0.9500, 33.5000, 0.0000, 0.0000
ATT: -46, 42, 160
GPS: 15512405, 0, 0, 0.0000000, 0.0000000, 0, 1.1200, 33.5000, 0.0000, 0.0000
ATT: -52, 45, 161
GPS: 15512405, 0, 0, 0.0000000, 0.0000000, 0, 1.3000, 33.5000, 0.0000, 0.0000
ATT: -58, 48, 163
GPS: 15512405, 0, 0, 0.0000000, 0.0000000, 0, 1.9000, 33.5000, 0.0000, 0.0000
ATT: -66, 50, 167
GPS: 15513405, 0, 0, 0.0000000, 0.0000000, 0, 2.3400, 33.5000, 0.0000, 0.0000
ATT: -69, 50, 171
GPS: 15513405, 0, 0, 0.0000000, 0.0000000, 0, 2.0800, 33.5000, 0.0000, 0.0000
ATT: -65, 46, 172
GPS: 15513405, 0, 0, 0.0000000, 0.0000000, 0, 1.8200, 33.5000, 0.0000, 0.0000
ATT: -58, 46, 174
GPS: 15513405, 0, 0, 0.0000000, 0.0000000, 0, 1.9000, 33.5000, 0.0000, 0.0000
ATT: -57, 45, 174
GPS: 15513405, 0, 0, 0.0000000, 0.0000000, 0, 1.9900, 33.5000, 0.0000, 0.0000
PM:20001,1000,20,0,0,0,0,0,1,0,0,0,0, 
ATT: -49, 43, 175
GPS: 15513405, 0, 0, 0.0000000, 0.0000000, 0, 1.6400, 33.5000, 0.0000, 0.0000
ATT: -48, 44, 176
GPS: 15513405, 0, 0, 0.0000000, 0.0000000, 0, 1.3800, 33.5000, 0.0000, 0.0000
ATT: -35, 39, 166
GPS: 15513405, 0, 0, 0.0000000, 0.0000000, 0, 1.3800, 33.5000, 0.0000, 0.0000
ATT: -38, 38, 167
GPS: 15513405, 0, 0, 0.0000000, 0.0000000, 0, 1.3800, 33.5000, 0.0000, 0.0000
ATT: -39, 37, 167
GPS: 15513405, 0, 0, 0.0000000, 0.0000000, 0, 0.9500, 33.5000, 0.0000, 0.0000
ATT: -45, 37, 165
GPS: 15514415, 0, 0, 0.0000000, 0.0000000, 0, 0.6900, 33.5000, 0.0000, 0.0000
ATT: -47, 36, 167
GPS: 15514415, 0, 0, 0.0000000, 0.0000000, 0, 0.6900, 33.5000, 0.0000, 0.0000
ATT: -48, 35, 167
GPS: 15514415, 0, 0, 0.0000000, 0.0000000, 0, 0.6900, 33.5000, 0.0000, 0.0000
ATT: -48, 35, 167
GPS: 15514415, 0, 0, 0.0000000, 0.0000000, 0, 1.0300, 33.5000, 0.0000, 0.0000
ATT: -48, 33, 167
GPS: 15514415, 0, 0, 0.0000000, 0.0000000, 0, 1.3000, 33.5000, 0.0000, 0.0000
ATT: -49, 33, 168
GPS: 15514415, 0, 0, 0.0000000, 0.0000000, 0, 0.9500, 33.5000, 0.0000, 0.0000
ATT: -51, 31, 168
GPS: 15514415, 0, 0, 0.0000000, 0.0000000, 0, 0.6900, 33.5000, 0.0000, 0.0000
ATT: -50, 32, 169
GPS: 15514415, 0, 0, 0.0000000, 0.0000000, 0, 0.8600, 33.5000, 0.0000, 0.0000
ATT: -50, 32, 169
GPS: 15514415, 0, 0, 0.0000000, 0.0000000, 0, 0.9500, 33.5000, 0.0000, 0.0000
ATT: -50, 30, 170
GPS: 15514415, 0, 0, 0.0000000, 0.0000000, 0, 0.8600, 33.5000, 0.0000, 0.0000
ATT: -50, 29, 171
GPS: 15515409, 0, 0, 0.0000000, 0.0000000, 0, 0.8600, 33.5000, 0.0000, 0.0000
ATT: -50, 29, 171
GPS: 15515409, 0, 0, 0.0000000, 0.0000000, 0, 0.9500, 33.5000, 0.0000, 0.0000
ATT: -50, 28, 172
GPS: 15515409, 0, 0, 0.0000000, 0.0000000, 0, 1.0300, 33.5000, 0.0000, 0.0000
ATT: -50, 28, 172
GPS: 15515409, 0, 0, 0.0000000, 0.0000000, 0, 1.6400, 33.5000, 0.0000, 0.0000
ATT: -50, 27, 172
GPS: 15515409, 0, 0, 0.0000000, 0.0000000, 0, 2.0800, 33.5000, 0.0000, 0.0000
ATT: -50, 27, 173
GPS: 15515409, 0, 0, 0.0000000, 0.0000000, 0, 1.5600, 33.5000, 0.0000, 0.0000
ATT: -49, 26, 174
GPS: 15515409, 0, 0, 0.0000000, 0.0000000, 0, 1.1200, 33.5000, 0.0000, 0.0000
ATT: -49, 26, 174
GPS: 15515409, 0, 0, 0.0000000, 0.0000000, 0, 1.6400, 33.5000, 0.0000, 0.0000
ATT: -49, 26, 175
GPS: 15515409, 0, 0, 0.0000000, 0.0000000, 0, 1.9900, 33.5000, 0.0000, 0.0000
ATT: -48, 26, 177
GPS: 15515409, 0, 0, 0.0000000, 0.0000000, 0, 1.6400, 33.5000, 0.0000, 0.0000
ATT: -48, 26, 178
GPS: 15516409, 0, 0, 0.0000000, 0.0000000, 0, 1.3800, 33.5000, 0.0000, 0.0000
ATT: -48, 26, 178
GPS: 15516409, 0, 0, 0.0000000, 0.0000000, 0, 1.6400, 33.5000, 0.0000, 0.0000
ATT: -48, 26, 178
GPS: 15516409, 0, 0, 0.0000000, 0.0000000, 0, 1.8200, 33.5000, 0.0000, 0.0000
ATT: -48, 27, 179
GPS: 15516409, 0, 0, 0.0000000, 0.0000000, 0, 2.0800, 33.5000, 0.0000, 0.0000
ATT: -48, 27, 179
GPS: 15516409, 0, 0, 0.0000000, 0.0000000, 0, 2.2500, 33.5000, 0.0000, 0.0000
ATT: -48, 27, 180
GPS: 15516409, 0, 0, 0.0000000, 0.0000000, 0, 2.0800, 33.5000, 0.0000, 0.0000
ATT: -48, 27, 180
GPS: 15516409, 0, 0, 0.0000000, 0.0000000, 0, 1.9900, 33.5000, 0.0000, 0.0000
ATT: -47, 27, 181
GPS: 15516409, 0, 0, 0.0000000, 0.0000000, 0, 2.1600, 33.5000, 0.0000, 0.0000
ATT: -46, 26, 182
GPS: 15516409, 0, 0, 0.0000000, 0.0000000, 0, 2.2500, 33.5000, 0.0000, 0.0000
ATT: -37, 19, 180
GPS: 15516409, 0, 0, 0.0000000, 0.0000000, 0, 1.4700, 33.5000, 0.0000, 0.0000
ATT: -76, 9, 151
GPS: 15517413, 0, 0, 0.0000000, 0.0000000, 0, 0.9500, 33.5000, 0.0000, 0.0000
ATT: -75, -3, 155
GPS: 15517413, 0, 0, 0.0000000, 0.0000000, 0, 1.0300, 33.5000, 0.0000, 0.0000
ATT: -71, -17, 106
GPS: 15517413, 0, 0, 0.0000000, 0.0000000, 0, 1.0300, 33.5000, 0.0000, 0.0000
ATT: -95, 15, 106
GPS: 15517413, 0, 0, 0.0000000, 0.0000000, 0, 1.0300, 33.5000, 0.0000, 0.0000
ATT: -98, 16, 158
GPS: 15517413, 0, 0, 0.0000000, 0.0000000, 0, 1.0300, 33.5000, 0.0000, 0.0000
ATT: -153, 12, 200
GPS: 15517413, 0, 0, 0.0000000, 0.0000000, 0, 0.7800, 33.5000, 0.0000, 0.0000
ATT: -214, 10, 209
GPS: 15517413, 0, 0, 0.0000000, 0.0000000, 0, 0.6000, 33.5000, 0.0000, 0.0000
ATT: -331, -29, 196
GPS: 15517413, 0, 0, 0.0000000, 0.0000000, 0, 0.2500, 33.5000, 0.0000, 0.0000
ATT: -436, -50, 149
GPS: 15517413, 0, 0, 0.0000000, 0.0000000, 0, 0.0000, 33.5000, 0.0000, 0.0000
ATT: -315, -36, 64
GPS: 15517413, 0, 0, 0.0000000, 0.0000000, 0, -0.1700, 33.5000, 0.0000, 0.0000
ATT: -61, -25, 113
GPS: 15518405, 0, 0, 0.0000000, 0.0000000, 0, -0.2600, 33.5000, 0.0000, 0.0000
ATT: -59, -21, 95
GPS: 15518405, 0, 0, 0.0000000, 0.0000000, 0, -0.0800, 33.5000, 0.0000, 0.0000
ATT: -84, -16, 120
GPS: 15518405, 0, 0, 0.0000000, 0.0000000, 0, 0.0000, 33.5000, 0.0000, 0.0000
ATT: -266, -14, 147
GPS: 15518405, 0, 0, 0.0000000, 0.0000000, 0, -0.1700, 33.5000, 0.0000, 0.0000
ATT: -401, -45, 121
GPS: 15518405, 0, 0, 0.0000000, 0.0000000, 0, -0.2600, 33.5000, 0.0000, 0.0000
ATT: -497, -100, 49
GPS: 15518405, 0, 0, 0.0000000, 0.0000000, 0, -0.3400, 33.5000, 0.0000, 0.0000
ATT: -581, -104, 20
GPS: 15518405, 0, 0, 0.0000000, 0.0000000, 0, -0.4300, 33.5000, 0.0000, 0.0000
ATT: -618, -121, 9
GPS: 15518405, 0, 0, 0.0000000, 0.0000000, 0, -0.5200, 33.5000, 0.0000, 0.0000
ATT: -687, -140, 5
GPS: 15518405, 0, 0, 0.0000000, 0.0000000, 0, -0.5200, 33.5000, 0.0000, 0.0000
ATT: -3388, 336, 106
GPS: 15518405, 0, 0, 0.0000000, 0.0000000, 0, -0.3400, 33.5000, 0.0000, 0.0000
ATT: -2681, 307, 35957
GPS: 15519405, 0, 0, 0.0000000, 0.0000000, 0, -0.2600, 33.5000, 0.0000, 0.0000
ATT: -3068, 484, 35878
GPS: 15519405, 0, 0, 0.0000000, 0.0000000, 0, -0.2600, 33.5000, 0.0000, 0.0000
ATT: -3373, 570, 35838
GPS: 15519405, 0, 0, 0.0000000, 0.0000000, 0, -0.2600, 33.5000, 0.0000, 0.0000
ATT: -3641, 626, 35811
GPS: 15519405, 0, 0, 0.0000000, 0.0000000, 0, -0.2600, 33.5000, 0.0000, 0.0000
ATT: -3852, 613, 35801
GPS: 15519405, 0, 0, 0.0000000, 0.0000000, 0, -0.2600, 33.5000, 0.0000, 0.0000
ATT: -4247, 574, 35699
GPS: 15519405, 0, 0, 0.0000000, 0.0000000, 0, -0.2600, 33.5000, 0.0000, 0.0000
ATT: -4539, 531, 35612
GPS: 15519405, 0, 0, 0.0000000, 0.0000000, 0, -0.2600, 33.5000, 0.0000, 0.0000
ATT: -4666, 505, 35568
GPS: 15519405, 0, 0, 0.0000000, 0.0000000, 0, -0.2600, 33.5000, 0.0000, 0.0000
ATT: -4697, 491, 35572
GPS: 15519405, 0, 0, 0.0000000, 0.0000000, 0, -0.2600, 33.5000, 0.0000, 0.0000
ATT: -4728, 476, 35566
GPS: 15519405, 0, 0, 0.0000000, 0.0000000, 0, -0.3400, 33.5000, 0.0000, 0.0000
ATT: -4738, 461, 35575
GPS: 15520413, 0, 0, 0.0000000, 0.0000000, 0, -0.3400, 33.5000, 0.0000, 0.0000
ATT: -4780, 456, 35584
GPS: 15520413, 0, 0, 0.0000000, 0.0000000, 0, -0.3400, 33.5000, 0.0000, 0.0000
ATT: -4832, 446, 35571
GPS: 15520413, 0, 0, 0.0000000, 0.0000000, 0, -0.3400, 33.5000, 0.0000, 0.0000
ATT: -4853, 429, 35575
GPS: 15520413, 0, 0, 0.0000000, 0.0000000, 0, -0.2600, 33.5000, 0.0000, 0.0000
ATT: -4912, 434, 35606
GPS: 15520413, 0, 0, 0.0000000, 0.0000000, 0, -0.2600, 33.5000, 0.0000, 0.0000
ATT: -4955, 430, 35616
GPS: 15520413, 0, 0, 0.0000000, 0.0000000, 0, -0.2600, 33.5000, 0.0000, 0.0000
ATT: -4996, 409, 35605
GPS: 15520413, 0, 0, 0.0000000, 0.0000000, 0, -0.2600, 33.5000, 0.0000, 0.0000
ATT: -4967, 357, 35566
GPS: 15520413, 0, 0, 0.0000000, 0.0000000, 0, -0.2600, 33.5000, 0.0000, 0.0000
ATT: -4939, 284, 35502
GPS: 15520413, 0, 0, 0.0000000, 0.0000000, 0, -0.2600, 33.5000, 0.0000, 0.0000
ATT: -4963, 261, 35483
GPS: 15520413, 0, 0, 0.0000000, 0.0000000, 0, -0.2600, 33.5000, 0.0000, 0.0000
ATT: -4882, 214, 35482
GPS: 15521407, 0, 0, 0.0000000, 0.0000000, 0, -0.2600, 33.5000, 0.0000, 0.0000
ATT: -4849, 204, 35481
GPS: 15521407, 0, 0, 0.0000000, 0.0000000, 0, -0.2600, 33.5000, 0.0000, 0.0000
ATT: -4897, 214, 35492
GPS: 15521407, 0, 0, 0.0000000, 0.0000000, 0, -0.2600, 33.5000, 0.0000, 0.0000
ATT: -4913, 214, 35493
GPS: 15521407, 0, 0, 0.0000000, 0.0000000, 0, -0.3400, 33.5000, 0.0000, 0.0000
ATT: -4882, 183, 35477
GPS: 15521407, 0, 0, 0.0000000, 0.0000000, 0, -0.4300, 33.5000, 0.0000, 0.0000
ATT: -4874, 168, 35479
GPS: 15521407, 0, 0, 0.0000000, 0.0000000, 0, -0.5200, 33.5000, 0.0000, 0.0000
ATT: -4906, 172, 35477
GPS: 15521407, 0, 0, 0.0000000, 0.0000000, 0, -0.5200, 33.5000, 0.0000, 0.0000
ATT: -4918, 200, 35502
GPS: 15521407, 0, 0, 0.0000000, 0.0000000, 0, -0.6000, 33.5000, 0.0000, 0.0000
ATT: -4963, 275, 35586
GPS: 15521407, 0, 0, 0.0000000, 0.0000000, 0, -0.6000, 33.5000, 0.0000, 0.0000
ATT: -4905, 238, 35544
GPS: 15521407, 0, 0, 0.0000000, 0.0000000, 0, -0.6000, 33.5000, 0.0000, 0.0000
ATT: -4770, 187, 35513
GPS: 15522407, 0, 0, 0.0000000, 0.0000000, 0, -0.6000, 33.5000, 0.0000, 0.0000
ATT: -4671, 110, 35455
GPS: 15522407, 0, 0, 0.0000000, 0.0000000, 0, -0.6000, 33.5000, 0.0000, 0.0000
ATT: -4623, 63, 35415
GPS: 15522407, 0, 0, 0.0000000, 0.0000000, 0, -0.6000, 33.5000, 0.0000, 0.0000
ATT: -4484, 51, 35433
GPS: 15522407, 0, 0, 0.0000000, 0.0000000, 0, -0.6000, 33.5000, 0.0000, 0.0000
ATT: -4488, 41, 35447
GPS: 15522407, 0, 0, 0.0000000, 0.0000000, 0, -0.6000, 33.5000, 0.0000, 0.0000
ATT: -4506, 35, 35432
GPS: 15522407, 0, 0, 0.0000000, 0.0000000, 0, -0.5200, 33.5000, 0.0000, 0.0000
ATT: -4487, 27, 35443
GPS: 15522407, 0, 0, 0.0000000, 0.0000000, 0, -0.5200, 33.5000, 0.0000, 0.0000
ATT: -4583, 41, 35430
GPS: 15522407, 0, 0, 0.0000000, 0.0000000, 0, -0.5200, 33.5000, 0.0000, 0.0000
ATT: -4665, 78, 35470
GPS: 15522407, 0, 0, 0.0000000, 0.0000000, 0, -0.5200, 33.5000, 0.0000, 0.0000
ATT: -4679, 99, 35498
GPS: 15522407, 0, 0, 0.0000000, 0.0000000, 0, -0.5200, 33.5000, 0.0000, 0.0000
ATT: -4656, 137, 35556
GPS: 15523411, 0, 0, 0.0000000, 0.0000000, 0, -0.5200, 33.5000, 0.0000, 0.0000
ATT: -4551, 136, 35569
GPS: 15523411, 0, 0, 0.0000000, 0.0000000, 0, -0.2600, 33.5000, 0.0000, 0.0000
ATT: -4435, 67, 35480
GPS: 15523411, 0, 0, 0.0000000, 0.0000000, 0, -0.0800, 33.5000, 0.0000, 0.0000
ATT: -4253, 16, 35456
GPS: 15523411, 0, 0, 0.0000000, 0.0000000, 0, -0.3400, 33.5000, 0.0000, 0.0000
ATT: -4079, 0, 35459
GPS: 15523411, 0, 0, 0.0000000, 0.0000000, 0, -0.6000, 33.5000, 0.0000, 0.0000
ATT: -3887, -14, 35500
GPS: 15523411, 0, 0, 0.0000000, 0.0000000, 0, -0.5200, 33.5000, 0.0000, 0.0000
ATT: -3844, 13, 35539
GPS: 15523411, 0, 0, 0.0000000, 0.0000000, 0, -0.4300, 33.5000, 0.0000, 0.0000
ATT: -3815, 8, 35537
GPS: 15523411, 0, 0, 0.0000000, 0.0000000, 0, -0.5200, 33.5000, 0.0000, 0.0000
ATT: -3768, -6, 35505
GPS: 15523411, 0, 0, 0.0000000, 0.0000000, 0, -0.5200, 33.5000, 0.0000, 0.0000
ATT: -3594, -18, 35526
GPS: 15523411, 0, 0, 0.0000000, 0.0000000, 0, -0.6000, 33.5000, 0.0000, 0.0000
ATT: -3836, 47, 35527
GPS: 15524409, 0, 0, 0.0000000, 0.0000000, 0, -0.6900, 33.5000, 0.0000, 0.0000
ATT: -3418, 47, 35563
GPS: 15524409, 0, 0, 0.0000000, 0.0000000, 0, -0.6900, 33.5000, 0.0000, 0.0000
ATT: -2728, 10, 35634
GPS: 15524409, 0, 0, 0.0000000, 0.0000000, 0, -0.6900, 33.5000, 0.0000, 0.0000
ATT: -2273, -5, 35708
GPS: 15524409, 0, 0, 0.0000000, 0.0000000, 0, -0.6900, 33.5000, 0.0000, 0.0000
ATT: -2014, -154, 35619
GPS: 15524409, 0, 0, 0.0000000, 0.0000000, 0, -0.6900, 33.5000, 0.0000, 0.0000
ATT: -1635, -384, 35578
GPS: 15524409, 0, 0, 0.0000000, 0.0000000, 0, -0.6900, 33.5000, 0.0000, 0.0000
ATT: -1374, -433, 35538
GPS: 15524409, 0, 0, 0.0000000, 0.0000000, 0, -0.6900, 33.5000, 0.0000, 0.0000
ATT: -1085, -461, 35520
GPS: 15524409, 0, 0, 0.0000000, 0.0000000, 0, -0.6900, 33.5000, 0.0000, 0.0000
ATT: -931, -516, 35425
GPS: 15524409, 0, 0, 0.0000000, 0.0000000, 0, -0.6900, 33.5000, 0.0000, 0.0000
ATT: -853, -576, 35415
GPS: 15524409, 0, 0, 0.0000000, 0.0000000, 0, -0.5200, 33.5000, 0.0000, 0.0000
ATT: -796, -623, 35418
GPS: 15525407, 0, 0, 0.0000000, 0.0000000, 0, -0.4300, 33.5000, 0.0000, 0.0000
ATT: -745, -709, 35421
GPS: 15525407, 0, 0, 0.0000000, 0.0000000, 0, -0.4300, 33.5000, 0.0000, 0.0000
ATT: -669, -748, 35413
GPS: 15525407, 0, 0, 0.0000000, 0.0000000, 0, -0.4300, 33.5000, 0.0000, 0.0000
ATT: -676, -780, 35411
GPS: 15525407, 0, 0, 0.0000000, 0.0000000, 0, -0.2600, 33.5000, 0.0000, 0.0000
ATT: -725, -853, 35403
GPS: 15525407, 0, 0, 0.0000000, 0.0000000, 0, -0.1700, 33.5000, 0.0000, 0.0000
ATT: -742, -970, 35393
GPS: 15525407, 0, 0, 0.0000000, 0.0000000, 0, -0.0800, 33.5000, 0.0000, 0.0000
ATT: -702, -911, 35374
GPS: 15525407, 0, 0, 0.0000000, 0.0000000, 0, -0.0800, 33.5000, 0.0000, 0.0000
ATT: -565, -707, 35424
GPS: 15525407, 0, 0, 0.0000000, 0.0000000, 0, -0.2600, 33.5000, 0.0000, 0.0000
ATT: -541, -662, 35369
GPS: 15525407, 0, 0, 0.0000000, 0.0000000, 0, -0.3400, 33.5000, 0.0000, 0.0000
ATT: -556, -653, 35340
GPS: 15525407, 0, 0, 0.0000000, 0.0000000, 0, -0.0800, 33.5000, 0.0000, 0.0000
ATT: -553, -604, 35353
GPS: 15526409, 0, 0, 0.0000000, 0.0000000, 0, 0.0800, 33.5000, 0.0000, 0.0000
ATT: -499, -474, 35327
GPS: 15526409, 0, 0, 0.0000000, 0.0000000, 0, -0.1700, 33.5000, 0.0000, 0.0000
ATT: -465, -373, 35306
GPS: 15526409, 0, 0, 0.0000000, 0.0000000, 0, -0.3400, 33.5000, 0.0000, 0.0000
ATT: -421, -288, 35313
GPS: 15526409, 0, 0, 0.0000000, 0.0000000, 0, -0.3400, 33.5000, 0.0000, 0.0000
ATT: -426, -220, 35339
GPS: 15526409, 0, 0, 0.0000000, 0.0000000, 0, -0.3400, 33.5000, 0.0000, 0.0000
ATT: -464, -251, 35337
GPS: 15526409, 0, 0, 0.0000000, 0.0000000, 0, 0.0000, 33.5000, 0.0000, 0.0000
ATT: -502, -309, 35259
GPS: 15526409, 0, 0, 0.0000000, 0.0000000, 0, 0.2500, 33.5000, 0.0000, 0.0000
ATT: -513, -322, 35255
GPS: 15526409, 0, 0, 0.0000000, 0.0000000, 0, 0.3400, 33.5000, 0.0000, 0.0000
ATT: -532, -320, 35236
GPS: 15526409, 0, 0, 0.0000000, 0.0000000, 0, 0.4300, 33.5000, 0.0000, 0.0000
ATT: -545, -339, 35230
GPS: 15526409, 0, 0, 0.0000000, 0.0000000, 0, 0.5200, 33.5000, 0.0000, 0.0000
ATT: -550, -336, 35235
GPS: 15527407, 0, 0, 0.0000000, 0.0000000, 0, 0.5200, 33.5000, 0.0000, 0.0000
ATT: -553, -327, 35239
GPS: 15527407, 0, 0, 0.0000000, 0.0000000, 0, 0.2500, 33.5000, 0.0000, 0.0000
ATT: -573, -343, 35229
GPS: 15527407, 0, 0, 0.0000000, 0.0000000, 0, 0.0000, 33.5000, 0.0000, 0.0000
ATT: -630, -336, 35230
GPS: 15527407, 0, 0, 0.0000000, 0.0000000, 0, 0.1700, 33.5000, 0.0000, 0.0000
ATT: -823, -248, 35289
GPS: 15527407, 0, 0, 0.0000000, 0.0000000, 0, 0.2500, 33.5000, 0.0000, 0.0000
ATT: -793, -284, 35238
GPS: 15527407, 0, 0, 0.0000000, 0.0000000, 0, 0.6900, 33.5000, 0.0000, 0.0000
ATT: -788, -356, 35218
GPS: 15527407, 0, 0, 0.0000000, 0.0000000, 0, 0.9500, 33.5000, 0.0000, 0.0000
ATT: -744, -385, 35222
GPS: 15527407, 0, 0, 0.0000000, 0.0000000, 0, 0.9500, 33.5000, 0.0000, 0.0000
ATT: -730, -426, 35241
GPS: 15527407, 0, 0, 0.0000000, 0.0000000, 0, 0.9500, 33.5000, 0.0000, 0.0000
ATT: -778, -417, 35293
GPS: 15527407, 0, 0, 0.0000000, 0.0000000, 0, 1.2100, 33.5000, 0.0000, 0.0000
ATT: -791, -376, 35272
GPS: 15528411, 0, 0, 0.0000000, 0.0000000, 0, 1.3800, 33.5000, 0.0000, 0.0000
ATT: -774, -290, 35241
GPS: 15528411, 0, 0, 0.0000000, 0.0000000, 0, 0.8600, 33.5000, 0.0000, 0.0000
ATT: -719, -293, 35220
GPS: 15528411, 0, 0, 0.0000000, 0.0000000, 0, 0.5200, 33.5000, 0.0000, 0.0000
ATT: -757, -230, 35174
GPS: 15528411, 0, 0, 0.0000000, 0.0000000, 0, 0.6000, 33.5000, 0.0000, 0.0000
ATT: -742, -247, 35161
GPS: 15528411, 0, 0, 0.0000000, 0.0000000, 0, 0.6900, 33.5000, 0.0000, 0.0000
ATT: -765, -259, 35156
GPS: 15528411, 0, 0, 0.0000000, 0.0000000, 0, 0.7800, 33.5000, 0.0000, 0.0000
ATT: -922, -269, 35142
GPS: 15528411, 0, 0, 0.0000000, 0.0000000, 0, 0.8600, 33.5000, 0.0000, 0.0000
ATT: -985, -278, 35160
GPS: 15528411, 0, 0, 0.0000000, 0.0000000, 0, 0.6000, 33.5000, 0.0000, 0.0000
ATT: -980, -279, 35135
GPS: 15528411, 0, 0, 0.0000000, 0.0000000, 0, 0.4300, 33.5000, 0.0000, 0.0000
ATT: -763, -342, 35158
GPS: 15528411, 0, 0, 0.0000000, 0.0000000, 0, 0.8600, 33.5000, 0.0000, 0.0000
ATT: -772, -301, 35241
GPS: 15529411, 0, 0, 0.0000000, 0.0000000, 0, 1.2100, 33.5000, 0.0000, 0.0000
ATT: -817, -277, 35284
GPS: 15529411, 0, 0, 0.0000000, 0.0000000, 0, 1.0300, 33.5000, 0.0000, 0.0000
ATT: -817, -273, 35287
GPS: 15529411, 0, 0, 0.0000000, 0.0000000, 0, 0.9500, 33.5000, 0.0000, 0.0000
ATT: -816, -271, 35291
GPS: 15529411, 0, 0, 0.0000000, 0.0000000, 0, 1.2100, 33.5000, 0.0000, 0.0000
ATT: -816, -269, 35293
GPS: 15529411, 0, 0, 0.0000000, 0.0000000, 0, 1.3800, 33.5000, 0.0000, 0.0000
ATT: -802, -265, 35293
GPS: 15529411, 0, 0, 0.0000000, 0.0000000, 0, 0.8600, 33.5000, 0.0000, 0.0000
ATT: -696, -220, 35467
GPS: 15529411, 0, 0, 0.0000000, 0.0000000, 0, 0.5200, 33.5000, 0.0000, 0.0000
ATT: -591, -219, 35484
GPS: 15529411, 0, 0, 0.0000000, 0.0000000, 0, 0.4300, 33.5000, 0.0000, 0.0000
ATT: -767, -221, 35523
GPS: 15529411, 0, 0, 0.0000000, 0.0000000, 0, 0.3400, 33.5000, 0.0000, 0.0000
ATT: -1121, -352, 35473
GPS: 15529411, 0, 0, 0.0000000, 0.0000000, 0, 0.4300, 33.5000, 0.0000, 0.0000
ATT: -1569, -657, 35329
GPS: 15530409, 0, 0, 0.0000000, 0.0000000, 0, 0.5200, 33.5000, 0.0000, 0.0000
ATT: -1583, -842, 35377
GPS: 15530409, 0, 0, 0.0000000, 0.0000000, 0, 0.3400, 33.5000, 0.0000, 0.0000
ATT: -1682, -936, 35392
GPS: 15530409, 0, 0, 0.0000000, 0.0000000, 0, 0.2500, 33.5000, 0.0000, 0.0000
ATT: -1790, -1054, 35362
GPS: 15530409, 0, 0, 0.0000000, 0.0000000, 0, 0.0800, 33.5000, 0.0000, 0.0000
ATT: -2011, -1047, 35352
GPS: 15530409, 0, 0, 0.0000000, 0.0000000, 0, 0.0000, 33.5000, 0.0000, 0.0000
ATT: -2240, -1039, 35393
GPS: 15530409, 0, 0, 0.0000000, 0.0000000, 0, -0.2600, 33.5000, 0.0000, 0.0000
ATT: -2516, -1023, 35373
GPS: 15530409, 0, 0, 0.0000000, 0.0000000, 0, -0.4300, 33.5000, 0.0000, 0.0000
ATT: -2609, -967, 35391
GPS: 15530409, 0, 0, 0.0000000, 0.0000000, 0, -0.5200, 33.5000, 0.0000, 0.0000
ATT: -2644, -917, 35287
GPS: 15530409, 0, 0, 0.0000000, 0.0000000, 0, -0.6000, 33.5000, 0.0000, 0.0000
ATT: -2665, -873, 35386
GPS: 15530409, 0, 0, 0.0000000, 0.0000000, 0, -0.5200, 33.5000, 0.0000, 0.0000
ATT: -2711, -844, 35359
GPS: 15531409, 0, 0, 0.0000000, 0.0000000, 0, -0.4300, 33.5000, 0.0000, 0.0000
ATT: -2768, -875, 35328
GPS: 15531409, 0, 0, 0.0000000, 0.0000000, 0, -0.5200, 33.5000, 0.0000, 0.0000
ATT: -2748, -884, 35282
GPS: 15531409, 0, 0, 0.0000000, 0.0000000, 0, -0.5200, 33.5000, 0.0000, 0.0000
ATT: -2807, -884, 35316
GPS: 15531409, 0, 0, 0.0000000, 0.0000000, 0, -0.5200, 33.5000, 0.0000, 0.0000
ATT: -2738, -881, 35284
GPS: 15531409, 0, 0, 0.0000000, 0.0000000, 0, -0.5200, 33.5000, 0.0000, 0.0000
ATT: -2757, -786, 35283
GPS: 15531409, 0, 0, 0.0000000, 0.0000000, 0, -0.4300, 33.5000, 0.0000, 0.0000
ATT: -2802, -795, 35238
GPS: 15531409, 0, 0, 0.0000000, 0.0000000, 0, -0.3400, 33.5000, 0.0000, 0.0000
ATT: -2786, -795, 35189
GPS: 15531409, 0, 0, 0.0000000, 0.0000000, 0, -0.1700, 33.5000, 0.0000, 0.0000
ATT: -2709, -774, 35150
GPS: 15531409, 0, 0, 0.0000000, 0.0000000, 0, 0.0000, 33.5000, 0.0000, 0.0000
ATT: -2657, -781, 35213
GPS: 15531409, 0, 0, 0.0000000, 0.0000000, 0, -0.0800, 33.5000, 0.0000, 0.0000
ATT: -2646, -782, 35242
GPS: 15532411, 0, 0, 0.0000000, 0.0000000, 0, -0.0800, 33.5000, 0.0000, 0.0000
ATT: -2607, -696, 35110
GPS: 15532411, 0, 0, 0.0000000, 0.0000000, 0, -0.0800, 33.5000, 0.0000, 0.0000
ATT: -2644, -607, 34914
GPS: 15532411, 0, 0, 0.0000000, 0.0000000, 0, -0.0800, 33.5000, 0.0000, 0.0000
ATT: -2545, -606, 34977
GPS: 15532411, 0, 0, 0.0000000, 0.0000000, 0, -0.2600, 33.5000, 0.0000, 0.0000
ATT: -2115, -770, 35286
GPS: 15532411, 0, 0, 0.0000000, 0.0000000, 0, -0.3400, 33.5000, 0.0000, 0.0000
ATT: -1833, -907, 35262
GPS: 15532411, 0, 0, 0.0000000, 0.0000000, 0, -0.4300, 33.5000, 0.0000, 0.0000
ATT: -1508, -967, 35249
GPS: 15532411, 0, 0, 0.0000000, 0.0000000, 0, -0.5200, 33.5000, 0.0000, 0.0000
ATT: -1301, -924, 35250
GPS: 15532411, 0, 0, 0.0000000, 0.0000000, 0, -0.5200, 33.5000, 0.0000, 0.0000
ATT: -1143, -868, 35029
GPS: 15532411, 0, 0, 0.0000000, 0.0000000, 0, -0.5200, 33.5000, 0.0000, 0.0000
ATT: -1178, -768, 34945
GPS: 15532411, 0, 0, 0.0000000, 0.0000000, 0, -0.5200, 33.5000, 0.0000, 0.0000
ATT: -1144, -657, 34919
GPS: 15533407, 0, 0, 0.0000000, 0.0000000, 0, -0.5200, 33.5000, 0.0000, 0.0000
ATT: -1124, -668, 34924
GPS: 15533407, 0, 0, 0.0000000, 0.0000000, 0, -0.3400, 33.5000, 0.0000, 0.0000
ATT: -1053, -878, 34974
GPS: 15533407, 0, 0, 0.0000000, 0.0000000, 0, -0.2600, 33.5000, 0.0000, 0.0000
ATT: -1028, -1052, 35050
GPS: 15533407, 0, 0, 0.0000000, 0.0000000, 0, -0.4300, 33.5000, 0.0000, 0.0000
ATT: -1031, -1070, 35037
GPS: 15533407, 0, 0, 0.0000000, 0.0000000, 0, -0.6000, 33.5000, 0.0000, 0.0000
PM:20031,1001,20,0,0,0,0,0,1,0,0,0,0, 
ATT: -1033, -1097, 35029
GPS: 15533407, 0, 0, 0.0000000, 0.0000000, 0, -0.6900, 33.5000, 0.0000, 0.0000
ATT: -1042, -1000, 35022
GPS: 15533407, 0, 0, 0.0000000, 0.0000000, 0, -0.7800, 33.5000, 0.0000, 0.0000
ATT: -1036, -976, 35050
GPS: 15533407, 0, 0, 0.0000000, 0.0000000, 0, -0.6900, 33.5000, 0.0000, 0.0000
ATT: -985, -1081, 35083
GPS: 15533407, 0, 0, 0.0000000, 0.0000000, 0, -0.6000, 33.5000, 0.0000, 0.0000
ATT: -957, -1115, 35138
GPS: 15533407, 0, 0, 0.0000000, 0.0000000, 0, -0.6000, 33.5000, 0.0000, 0.0000
ATT: -986, -1050, 35147
GPS: 15534411, 0, 0, 0.0000000, 0.0000000, 0, -0.6000, 33.5000, 0.0000, 0.0000
ATT: -1011, -1054, 35097
GPS: 15534411, 0, 0, 0.0000000, 0.0000000, 0, -0.5200, 33.5000, 0.0000, 0.0000
ATT: -987, -1056, 35108
GPS: 15534411, 0, 0, 0.0000000, 0.0000000, 0, -0.4300, 33.5000, 0.0000, 0.0000
ATT: -933, -1074, 35140
GPS: 15534411, 0, 0, 0.0000000, 0.0000000, 0, -0.5200, 33.5000, 0.0000, 0.0000
ATT: -914, -1067, 35173
GPS: 15534411, 0, 0, 0.0000000, 0.0000000, 0, -0.6000, 33.5000, 0.0000, 0.0000
ATT: -973, -1098, 35155
GPS: 15534411, 0, 0, 0.0000000, 0.0000000, 0, -0.5200, 33.5000, 0.0000, 0.0000
ATT: -1001, -1089, 35135
GPS: 15534411, 0, 0, 0.0000000, 0.0000000, 0, -0.4300, 33.5000, 0.0000, 0.0000
ATT: -890, -1060, 35147
GPS: 15534411, 0, 0, 0.0000000, 0.0000000, 0, -0.3400, 33.5000, 0.0000, 0.0000
ATT: -849, -990, 35163
GPS: 15534411, 0, 0, 0.0000000, 0.0000000, 0, -0.3400, 33.5000, 0.0000, 0.0000
ATT: -812, -871, 35162
GPS: 15534411, 0, 0, 0.0000000, 0.0000000, 0, -0.2600, 33.5000, 0.0000, 0.0000
ATT: -795, -811, 35172
GPS: 15535413, 0, 0, 0.0000000, 0.0000000, 0, -0.1700, 33.5000, 0.0000, 0.0000
ATT: -838, -764, 35183
GPS: 15535413, 0, 0, 0.0000000, 0.0000000, 0, 0.0000, 33.5000, 0.0000, 0.0000
ATT: -801, -697, 35298
GPS: 15535413, 0, 0, 0.0000000, 0.0000000, 0, 0.0800, 33.5000, 0.0000, 0.0000
ATT: -756, -590, 35334
GPS: 15535413, 0, 0, 0.0000000, 0.0000000, 0, 0.1700, 33.5000, 0.0000, 0.0000
ATT: -695, -451, 35385
GPS: 15535413, 0, 0, 0.0000000, 0.0000000, 0, 0.1700, 33.5000, 0.0000, 0.0000
ATT: -668, -393, 35373
GPS: 15535413, 0, 0, 0.0000000, 0.0000000, 0, 0.0800, 33.5000, 0.0000, 0.0000
ATT: -558, -451, 35363
GPS: 15535413, 0, 0, 0.0000000, 0.0000000, 0, 0.0800, 33.5000, 0.0000, 0.0000
ATT: -625, -421, 35303
GPS: 15535413, 0, 0, 0.0000000, 0.0000000, 0, 0.3400, 33.5000, 0.0000, 0.0000
ATT: -652, -492, 35261
GPS: 15535413, 0, 0, 0.0000000, 0.0000000, 0, 0.5200, 33.5000, 0.0000, 0.0000
ATT: -649, -526, 35245
GPS: 15535413, 0, 0, 0.0000000, 0.0000000, 0, 0.0800, 33.5000, 0.0000, 0.0000
ATT: -655, -417, 35260
GPS: 15536407, 0, 0, 0.0000000, 0.0000000, 0, -0.1700, 33.5000, 0.0000, 0.0000
ATT: -621, -394, 35291
GPS: 15536407, 0, 0, 0.0000000, 0.0000000, 0, 0.2500, 33.5000, 0.0000, 0.0000
ATT: -619, -375, 35288
GPS: 15536407, 0, 0, 0.0000000, 0.0000000, 0, 0.5200, 33.5000, 0.0000, 0.0000
ATT: -609, -395, 35305
GPS: 15536407, 0, 0, 0.0000000, 0.0000000, 0, 0.2500, 33.5000, 0.0000, 0.0000
ATT: -525, -367, 35284
GPS: 15536407, 0, 0, 0.0000000, 0.0000000, 0, 0.0800, 33.5000, 0.0000, 0.0000
ATT: -491, -346, 35270
GPS: 15536407, 0, 0, 0.0000000, 0.0000000, 0, 0.1700, 33.5000, 0.0000, 0.0000
ATT: -487, -338, 35256
GPS: 15536407, 0, 0, 0.0000000, 0.0000000, 0, 0.1700, 33.5000, 0.0000, 0.0000
ATT: -486, -326, 35259
GPS: 15536407, 0, 0, 0.0000000, 0.0000000, 0, 0.3400, 33.5000, 0.0000, 0.0000
ATT: -445, -319, 35266
GPS: 15536407, 0, 0, 0.0000000, 0.0000000, 0, 0.4300, 33.5000, 0.0000, 0.0000
ATT: -448, -314, 35270
GPS: 15537407, 0, 0, 0.0000000, 0.0000000, 0, 0.3400, 33.5000, 0.0000, 0.0000
ATT: -498, -258, 35272
GPS: 15537407, 0, 0, 0.0000000, 0.0000000, 0, 0.2500, 33.5000, 0.0000, 0.0000
ATT: -493, -184, 35214
GPS: 15537407, 0, 0, 0.0000000, 0.0000000, 0, 0.0000, 33.5000, 0.0000, 0.0000
ATT: -448, -217, 35195
GPS: 15537407, 0, 0, 0.0000000, 0.0000000, 0, -0.1700, 33.5000, 0.0000, 0.0000
ATT: -467, -293, 35217
GPS: 15537407, 0, 0, 0.0000000, 0.0000000, 0, -0.3400, 33.5000, 0.0000, 0.0000
ATT: -297, -612, 35232
GPS: 15537407, 0, 0, 0.0000000, 0.0000000, 0, -0.4300, 33.5000, 0.0000, 0.0000
ATT: -314, -281, 35151
GPS: 15537407, 0, 0, 0.0000000, 0.0000000, 0, -0.5200, 33.5000, 0.0000, 0.0000
ATT: -359, -263, 35163
GPS: 15537407, 0, 0, 0.0000000, 0.0000000, 0, -0.6000, 33.5000, 0.0000, 0.0000
ATT: -400, -263, 35178
GPS: 15537407, 0, 0, 0.0000000, 0.0000000, 0, -0.4300, 33.5000, 0.0000, 0.0000
ATT: -476, -271, 35216
GPS: 15537407, 0, 0, 0.0000000, 0.0000000, 0, -0.3400, 33.5000, 0.0000, 0.0000
ATT: -471, -283, 35223
GPS: 15537407, 0, 0, 0.0000000, 0.0000000, 0, -0.3400, 33.5000, 0.0000, 0.0000
ATT: -474, -319, 35207
GPS: 15538412, 0, 0, 0.0000000, 0.0000000, 0, -0.3400, 33.5000, 0.0000, 0.0000
ATT: -488, -374, 35209
GPS: 15538412, 0, 0, 0.0000000, 0.0000000, 0, -0.3400, 33.5000, 0.0000, 0.0000
ATT: -509, -470, 35221
GPS: 15538412, 0, 0, 0.0000000, 0.0000000, 0, -0.3400, 33.5000, 0.0000, 0.0000
ATT: -480, -451, 35229
GPS: 15538412, 0, 0, 0.0000000, 0.0000000, 0, -0.4300, 33.5000, 0.0000, 0.0000
ATT: -402, -368, 35240
GPS: 15538412, 0, 0, 0.0000000, 0.0000000, 0, -0.4300, 33.5000, 0.0000, 0.0000
ATT: -392, -345, 35264
GPS: 15538412, 0, 0, 0.0000000, 0.0000000, 0, -0.3400, 33.5000, 0.0000, 0.0000
ATT: -334, -307, 35269
GPS: 15538412, 0, 0, 0.0000000, 0.0000000, 0, -0.2600, 33.5000, 0.0000, 0.0000
ATT: -295, -183, 35289
GPS: 15538412, 0, 0, 0.0000000, 0.0000000, 0, -0.2600, 33.5000, 0.0000, 0.0000
ATT: -253, -151, 35293
GPS: 15538412, 0, 0, 0.0000000, 0.0000000, 0, -0.2600, 33.5000, 0.0000, 0.0000
ATT: -222, -124, 35297
GPS: 15538412, 0, 0, 0.0000000, 0.0000000, 0, -0.4300, 33.5000, 0.0000, 0.0000
ATT: -153, -89, 35334
GPS: 15539409, 0, 0, 0.0000000, 0.0000000, 0, -0.6000, 33.5000, 0.0000, 0.0000
ATT: -159, -89, 35342
GPS: 15539409, 0, 0, 0.0000000, 0.0000000, 0, -0.2600, 33.5000, 0.0000, 0.0000
ATT: -163, -83, 35352
GPS: 15539409, 0, 0, 0.0000000, 0.0000000, 0, 0.0000, 33.5000, 0.0000, 0.0000
ATT: -224, -89, 35351
GPS: 15539409, 0, 0, 0.0000000, 0.0000000, 0, 0.2500, 33.5000, 0.0000, 0.0000
ATT: -254, -111, 35322
GPS: 15539409, 0, 0, 0.0000000, 0.0000000, 0, 0.4300, 33.5000, 0.0000, 0.0000
ATT: -280, -113, 35322
GPS: 15539409, 0, 0, 0.0000000, 0.0000000, 0, 1.5600, 33.5000, 0.0000, 0.0000
ATT: -313, -124, 35326
GPS: 15539409, 0, 0, 0.0000000, 0.0000000, 0, 2.3400, 33.5000, 0.0000, 0.0000
ATT: -361, -146, 35336
GPS: 15539409, 0, 0, 0.0000000, 0.0000000, 0, 2.4200, 33.5000, 0.0000, 0.0000
ATT: -386, -152, 35342
GPS: 15539409, 0, 0, 0.0000000, 0.0000000, 0, 2.5100, 33.5000, 0.0000, 0.0000
ATT: -395, -152, 35353
GPS: 15539409, 0, 0, 0.0000000, 0.0000000, 0, 2.6800, 33.5000, 0.0000, 0.0000
ATT: -399, -151, 35362
GPS: 15540412, 0, 0, 0.0000000, 0.0000000, 0, 2.8600, 33.5000, 0.0000, 0.0000
ATT: -401, -151, 35368
GPS: 15540412, 0, 0, 0.0000000, 0.0000000, 0, 4.0700, 33.5000, 0.0000, 0.0000
ATT: -402, -151, 35387
GPS: 15540412, 0, 0, 0.0000000, 0.0000000, 0, 4.8500, 33.5000, 0.0000, 0.0000
ATT: -402, -148, 35397
GPS: 15540412, 0, 0, 0.0000000, 0.0000000, 0, 5.2000, 33.5000, 0.0000, 0.0000
ATT: -401, -147, 35398
GPS: 15540412, 0, 0, 0.0000000, 0.0000000, 0, 5.4600, 33.5000, 0.0000, 0.0000
ATT: -402, -146, 35399
GPS: 15540412, 0, 0, 0.0000000, 0.0000000, 0, 6.2400, 33.5000, 0.0000, 0.0000
ATT: -402, -145, 35400
GPS: 15540412, 0, 0, 0.0000000, 0.0000000, 0, 6.8500, 33.5000, 0.0000, 0.0000
ATT: -402, -145, 35402
GPS: 15540412, 0, 0, 0.0000000, 0.0000000, 0, 5.0300, 33.5000, 0.0000, 0.0000
ATT: -402, -144, 35403
GPS: 15540412, 0, 0, 0.0000000, 0.0000000, 0, 3.8100, 33.5000, 0.0000, 0.0000
ATT: -402, -144, 35404
GPS: 15540412, 0, 0, 0.0000000, 0.0000000, 0, 5.2000, 33.5000, 0.0000, 0.0000
ATT: -401, -143, 35405
GPS: 15541416, 0, 0, 0.0000000, 0.0000000, 0, 6.1500, 33.5000, 0.0000, 0.0000
ATT: -400, -142, 35409
GPS: 15541416, 0, 0, 0.0000000, 0.0000000, 0, 7.1100, 33.5000, 0.0000, 0.0000
ATT: -400, -141, 35414
GPS: 15541416, 0, 0, 0.0000000, 0.0000000, 0, 7.7100, 33.5000, 0.0000, 0.0000
ATT: -400, -141, 35416
GPS: 15541416, 0, 0, 0.0000000, 0.0000000, 0, 6.5900, 33.5000, 0.0000, 0.0000
ATT: -400, -140, 35417
GPS: 15541416, 0, 0, 0.0000000, 0.0000000, 0, 5.8100, 33.5000, 0.0000, 0.0000
ATT: -399, -139, 35419
GPS: 15541416, 0, 0, 0.0000000, 0.0000000, 0, 7.3700, 33.5000, 0.0000, 0.0000
ATT: -399, -139, 35421
GPS: 15541416, 0, 0, 0.0000000, 0.0000000, 0, 8.4100, 33.5000, 0.0000, 0.0000
ATT: -398, -138, 35422
GPS: 15541416, 0, 0, 0.0000000, 0.0000000, 0, 7.6300, 33.5000, 0.0000, 0.0000
ATT: -398, -138, 35423
GPS: 15541416, 0, 0, 0.0000000, 0.0000000, 0, 7.1100, 33.5000, 0.0000, 0.0000
ATT: -398, -138, 35424
GPS: 15541416, 0, 0, 0.0000000, 0.0000000, 0, 6.9300, 33.5000, 0.0000, 0.0000
ATT: -398, -138, 35426
GPS: 15542411, 0, 0, 0.0000000, 0.0000000, 0, 6.8500, 33.5000, 0.0000, 0.0000
ATT: -398, -138, 35427
GPS: 15542411, 0, 0, 0.0000000, 0.0000000, 0, 6.5000, 33.5000, 0.0000, 0.0000
ATT: -397, -138, 35428
GPS: 15542411, 0, 0, 0.0000000, 0.0000000, 0, 6.2400, 33.5000, 0.0000, 0.0000
ATT: -397, -138, 35429
GPS: 15542411, 0, 0, 0.0000000, 0.0000000, 0, 6.3300, 33.5000, 0.0000, 0.0000
ATT: -396, -138, 35430
GPS: 15542411, 0, 0, 0.0000000, 0.0000000, 0, 6.3300, 33.5000, 0.0000, 0.0000
ATT: -396, -138, 35431
GPS: 15542411, 0, 0, 0.0000000, 0.0000000, 0, 7.7100, 33.5000, 0.0000, 0.0000
ATT: -396, -138, 35433
GPS: 15542411, 0, 0, 0.0000000, 0.0000000, 0, 8.7600, 33.5000, 0.0000, 0.0000
ATT: -396, -138, 35434
GPS: 15542411, 0, 0, 0.0000000, 0.0000000, 0, 7.9800, 33.5000, 0.0000, 0.0000
ATT: -396, -137, 35435
GPS: 15542411, 0, 0, 0.0000000, 0.0000000, 0, 7.4500, 33.5000, 0.0000, 0.0000
ATT: -396, -137, 35436
GPS: 15542411, 0, 0, 0.0000000, 0.0000000, 0, 8.8400, 33.5000, 0.0000, 0.0000
ATT: -397, -137, 35437
GPS: 15543411, 0, 0, 0.0000000, 0.0000000, 0, 9.8800, 33.5000, 0.0000, 0.0000
ATT: -397, -138, 35439
GPS: 15543411, 0, 0, 0.0000000, 0.0000000, 0, 7.6300, 33.5000, 0.0000, 0.0000
ATT: -397, -137, 35440
GPS: 15543411, 0, 0, 0.0000000, 0.0000000, 0, 6.0700, 33.5000, 0.0000, 0.0000
ATT: -397, -137, 35442
GPS: 15543411, 0, 0, 0.0000000, 0.0000000, 0, 6.6700, 33.5000, 0.0000, 0.0000
ATT: -397, -137, 35443
GPS: 15543411, 0, 0, 0.0000000, 0.0000000, 0, 7.1100, 33.5000, 0.0000, 0.0000
ATT: -398, -137, 35443
GPS: 15543411, 0, 0, 0.0000000, 0.0000000, 0, 7.5400, 33.5000, 0.0000, 0.0000
ATT: -398, -135, 35444
GPS: 15543411, 0, 0, 0.0000000, 0.0000000, 0, 7.8000, 33.5000, 0.0000, 0.0000
ATT: -399, -135, 35445
GPS: 15543411, 0, 0, 0.0000000, 0.0000000, 0, 5.9800, 33.5000, 0.0000, 0.0000
ATT: -399, -135, 35446
GPS: 15543411, 0, 0, 0.0000000, 0.0000000, 0, 4.7600, 33.5000, 0.0000, 0.0000
ATT: -399, -135, 35447
GPS: 15543411, 0, 0, 0.0000000, 0.0000000, 0, 5.9800, 33.5000, 0.0000, 0.0000
ATT: -399, -135, 35449
GPS: 15544415, 0, 0, 0.0000000, 0.0000000, 0, 6.7600, 33.5000, 0.0000, 0.0000
ATT: -398, -135, 35450
GPS: 15544415, 0, 0, 0.0000000, 0.0000000, 0, 4.8500, 33.5000, 0.0000, 0.0000
ATT: -398, -135, 35450
GPS: 15544415, 0, 0, 0.0000000, 0.0000000, 0, 3.5500, 33.5000, 0.0000, 0.0000
ATT: -399, -135, 35451
GPS: 15544415, 0, 0, 0.0000000, 0.0000000, 0, 4.1600, 33.5000, 0.0000, 0.0000
ATT: -398, -135, 35453
GPS: 15544415, 0, 0, 0.0000000, 0.0000000, 0, 4.5900, 33.5000, 0.0000, 0.0000
ATT: -389, -131, 35461
GPS: 15544415, 0, 0, 0.0000000, 0.0000000, 0, 5.8900, 33.5000, 0.0000, 0.0000
ATT: -401, -139, 35488
GPS: 15544415, 0, 0, 0.0000000, 0.0000000, 0, 6.8500, 33.5000, 0.0000, 0.0000
ATT: -399, -138, 35497
GPS: 15544415, 0, 0, 0.0000000, 0.0000000, 0, 6.0700, 33.5000, 0.0000, 0.0000
ATT: -415, -141, 35500
GPS: 15544415, 0, 0, 0.0000000, 0.0000000, 0, 5.5500, 33.5000, 0.0000, 0.0000
ATT: -404, -137, 35511
GPS: 15545411, 0, 0, 0.0000000, 0.0000000, 0, 6.5900, 33.5000, 0.0000, 0.0000
ATT: -406, -137, 35513
GPS: 15545411, 0, 0, 0.0000000, 0.0000000, 0, 7.3700, 33.5000, 0.0000, 0.0000
ATT: -401, -136, 35515
GPS: 15545411, 0, 0, 0.0000000, 0.0000000, 0, 5.2900, 33.5000, 0.0000, 0.0000
ATT: -388, -130, 35520
GPS: 15545411, 0, 0, 0.0000000, 0.0000000, 0, 3.8100, 33.5000, 0.0000, 0.0000
ATT: -387, -129, 35520
GPS: 15545411, 0, 0, 0.0000000, 0.0000000, 0, 3.7200, 33.5000, 0.0000, 0.0000
ATT: -391, -127, 35520
GPS: 15545411, 0, 0, 0.0000000, 0.0000000, 0, 3.6400, 33.5000, 0.0000, 0.0000
ATT: -394, -123, 35521
GPS: 15545411, 0, 0, 0.0000000, 0.0000000, 0, 3.5500, 33.5000, 0.0000, 0.0000
ATT: -387, -117, 35523
GPS: 15545411, 0, 0, 0.0000000, 0.0000000, 0, 3.5500, 33.5000, 0.0000, 0.0000
ATT: -388, -115, 35527
GPS: 15545411, 0, 0, 0.0000000, 0.0000000, 0, 3.8100, 33.5000, 0.0000, 0.0000
ATT: -377, -108, 35532
GPS: 15545411, 0, 0, 0.0000000, 0.0000000, 0, 3.9800, 33.5000, 0.0000, 0.0000
ATT: -380, -105, 35544
GPS: 15546407, 0, 0, 0.0000000, 0.0000000, 0, 5.1100, 33.5000, 0.0000, 0.0000
ATT: -371, -105, 35545
GPS: 15546407, 0, 0, 0.0000000, 0.0000000, 0, 5.8900, 33.5000, 0.0000, 0.0000
ATT: -379, -107, 35548
GPS: 15546407, 0, 0, 0.0000000, 0.0000000, 0, 4.5000, 33.5000, 0.0000, 0.0000
ATT: -353, -101, 35555
GPS: 15546407, 0, 0, 0.0000000, 0.0000000, 0, 3.5500, 33.5000, 0.0000, 0.0000
ATT: -359, -98, 35556
GPS: 15546407, 0, 0, 0.0000000, 0.0000000, 0, 6.4100, 33.5000, 0.0000, 0.0000
ATT: -344, -87, 35561
GPS: 15546407, 0, 0, 0.0000000, 0.0000000, 0, 8.4100, 33.5000, 0.0000, 0.0000
ATT: -351, -79, 35563
GPS: 15546407, 0, 0, 0.0000000, 0.0000000, 0, 6.6700, 33.5000, 0.0000, 0.0000
ATT: -341, -70, 35571
GPS: 15546407, 0, 0, 0.0000000, 0.0000000, 0, 5.4600, 33.5000, 0.0000, 0.0000
ATT: -340, -62, 35607
GPS: 15546407, 0, 0, 0.0000000, 0.0000000, 0, 4.7600, 33.5000, 0.0000, 0.0000
ATT: -317, -50, 35621
GPS: 15546407, 0, 0, 0.0000000, 0.0000000, 0, 4.2400, 33.5000, 0.0000, 0.0000
ATT: -295, -33, 35632
GPS: 15547417, 0, 0, 0.0000000, 0.0000000, 0, 6.6700, 33.5000, 0.0000, 0.0000
ATT: -295, -24, 35633
GPS: 15547417, 0, 0, 0.0000000, 0.0000000, 0, 8.3200, 33.5000, 0.0000, 0.0000
ATT: -283, -13, 35654
GPS: 15547417, 0, 0, 0.0000000, 0.0000000, 0, 8.1500, 33.5000, 0.0000, 0.0000
ATT: -280, -8, 35659
GPS: 15547417, 0, 0, 0.0000000, 0.0000000, 0, 8.0600, 33.5000, 0.0000, 0.0000
ATT: -259, -15, 35691
GPS: 15547417, 0, 0, 0.0000000, 0.0000000, 0, 9.1000, 33.5000, 0.0000, 0.0000
ATT: -244, -21, 35698
GPS: 15547417, 0, 0, 0.0000000, 0.0000000, 0, 9.8800, 33.5000, 0.0000, 0.0000
ATT: -246, -21, 35700
GPS: 15547417, 0, 0, 0.0000000, 0.0000000, 0, 7.0200, 33.5000, 0.0000, 0.0000
ATT: -242, -18, 35704
GPS: 15547417, 0, 0, 0.0000000, 0.0000000, 0, 5.0300, 33.5000, 0.0000, 0.0000
ATT: -239, -17, 35707
GPS: 15547417, 0, 0, 0.0000000, 0.0000000, 0, 5.3700, 33.5000, 0.0000, 0.0000
ATT: -245, -21, 35708
GPS: 15547417, 0, 0, 0.0000000, 0.0000000, 0, 5.6300, 33.5000, 0.0000, 0.0000
ATT: -242, -21, 35709
GPS: 15548409, 0, 0, 0.0000000, 0.0000000, 0, 6.7600, 33.5000, 0.0000, 0.0000
ATT: -239, -20, 35712
GPS: 15548409, 0, 0, 0.0000000, 0.0000000, 0, 7.5400, 33.5000, 0.0000, 0.0000
ATT: -246, -23, 35709
GPS: 15548409, 0, 0, 0.0000000, 0.0000000, 0, 7.1900, 33.5000, 0.0000, 0.0000
ATT: -249, -22, 35711
GPS: 15548409, 0, 0, 0.0000000, 0.0000000, 0, 6.9300, 33.5000, 0.0000, 0.0000
ATT: -244, -21, 35713
GPS: 15548409, 0, 0, 0.0000000, 0.0000000, 0, 8.4100, 33.5000, 0.0000, 0.0000
ATT: -233, -12, 35717
GPS: 15548409, 0, 0, 0.0000000, 0.0000000, 0, 9.4500, 33.5000, 0.0000, 0.0000
ATT: -216, -2, 35728
GPS: 15548409, 0, 0, 0.0000000, 0.0000000, 0, 6.7600, 33.5000, 0.0000, 0.0000
ATT: -200, 5, 35737
GPS: 15548409, 0, 0, 0.0000000, 0.0000000, 0, 4.9400, 33.5000, 0.0000, 0.0000
ATT: -204, 0, 35734
GPS: 15548409, 0, 0, 0.0000000, 0.0000000, 0, 5.9800, 33.5000, 0.0000, 0.0000
ATT: -210, 5, 35735
GPS: 15548409, 0, 0, 0.0000000, 0.0000000, 0, 6.7600, 33.5000, 0.0000, 0.0000
ATT: -196, 16, 35739
GPS: 15549409, 0, 0, 0.0000000, 0.0000000, 0, 6.0700, 33.5000, 0.0000, 0.0000
ATT: -185, 35, 35742
GPS: 15549409, 0, 0, 0.0000000, 0.0000000, 0, 5.6300, 33.5000, 0.0000, 0.0000
ATT: -181, 57, 35750
GPS: 15549409, 0, 0, 0.0000000, 0.0000000, 0, 4.7600, 33.5000, 0.0000, 0.0000
ATT: -183, 74, 35753
GPS: 15549409, 0, 0, 0.0000000, 0.0000000, 0, 4.1600, 33.5000, 0.0000, 0.0000
ATT: -168, 91, 35761
GPS: 15549409, 0, 0, 0.0000000, 0.0000000, 0, 5.2000, 33.5000, 0.0000, 0.0000
ATT: -154, 109, 35768
GPS: 15549409, 0, 0, 0.0000000, 0.0000000, 0, 5.8900, 33.5000, 0.0000, 0.0000
ATT: -158, 119, 35768
GPS: 15549409, 0, 0, 0.0000000, 0.0000000, 0, 4.9400, 33.5000, 0.0000, 0.0000
ATT: -157, 129, 35777
GPS: 15549409, 0, 0, 0.0000000, 0.0000000, 0, 4.2400, 33.5000, 0.0000, 0.0000
ATT: -144, 140, 35795
GPS: 15549409, 0, 0, 0.0000000, 0.0000000, 0, 4.7600, 33.5000, 0.0000, 0.0000
ATT: -144, 131, 35793
GPS: 15549409, 0, 0, 0.0000000, 0.0000000, 0, 5.1100, 33.5000, 0.0000, 0.0000
ATT: -132, 122, 35798
GPS: 15550411, 0, 0, 0.0000000, 0.0000000, 0, 4.0700, 33.5000, 0.0000, 0.0000
ATT: -130, 111, 35800
GPS: 15550411, 0, 0, 0.0000000, 0.0000000, 0, 3.2900, 33.5000, 0.0000, 0.0000
ATT: -125, 110, 35807
GPS: 15550411, 0, 0, 0.0000000, 0.0000000, 0, 3.2000, 33.5000, 0.0000, 0.0000
ATT: -122, 102, 35806
GPS: 15550411, 0, 0, 0.0000000, 0.0000000, 0, 3.1200, 33.5000, 0.0000, 0.0000
ATT: -119, 97, 35807
GPS: 15550411, 0, 0, 0.0000000, 0.0000000, 0, 4.4200, 33.5000, 0.0000, 0.0000
ATT: -110, 93, 35810
GPS: 15550411, 0, 0, 0.0000000, 0.0000000, 0, 5.2900, 33.5000, 0.0000, 0.0000
ATT: -103, 90, 35812
GPS: 15550411, 0, 0, 0.0000000, 0.0000000, 0, 4.5000, 33.5000, 0.0000, 0.0000
ATT: -99, 87, 35814
GPS: 15550411, 0, 0, 0.0000000, 0.0000000, 0, 3.9800, 33.5000, 0.0000, 0.0000
ATT: -99, 83, 35815
GPS: 15550411, 0, 0, 0.0000000, 0.0000000, 0, 3.9800, 33.5000, 0.0000, 0.0000
ATT: -103, 75, 35815
GPS: 15550411, 0, 0, 0.0000000, 0.0000000, 0, 3.9800, 33.5000, 0.0000, 0.0000
ATT: -117, 69, 35813
GPS: 15551407, 0, 0, 0.0000000, 0.0000000, 0, 2.8600, 33.5000, 0.0000, 0.0000
ATT: -112, 68, 35817
GPS: 15551407, 0, 0, 0.0000000, 0.0000000, 0, 2.0800, 33.5000, 0.0000, 0.0000
ATT: -92, 91, 35831
GPS: 15551407, 0, 0, 0.0000000, 0.0000000, 0, 2.2500, 33.5000, 0.0000, 0.0000
ATT: -76, 112, 35841
GPS: 15551407, 0, 0, 0.0000000, 0.0000000, 0, 2.3400, 33.5000, 0.0000, 0.0000
ATT: -83, 129, 35844
GPS: 15551407, 0, 0, 0.0000000, 0.0000000, 0, 2.0800, 33.5000, 0.0000, 0.0000
ATT: -67, 151, 35859
GPS: 15551407, 0, 0, 0.0000000, 0.0000000, 0, 1.9000, 33.5000, 0.0000, 0.0000
ATT: -84, 151, 35859
GPS: 15551407, 0, 0, 0.0000000, 0.0000000, 0, 1.4700, 33.5000, 0.0000, 0.0000
ATT: -120, 120, 35846
GPS: 15551407, 0, 0, 0.0000000, 0.0000000, 0, 1.2100, 33.5000, 0.0000, 0.0000
ATT: -109, 113, 35856
GPS: 15551407, 0, 0, 0.0000000, 0.0000000, 0, 1.6400, 33.5000, 0.0000, 0.0000
ATT: -113, 108, 35860
GPS: 15551407, 0, 0, 0.0000000, 0.0000000, 0, 1.9900, 33.5000, 0.0000, 0.0000
ATT: -95, 106, 35869
GPS: 15552411, 0, 0, 0.0000000, 0.0000000, 0, 2.5100, 33.5000, 0.0000, 0.0000
ATT: -98, 98, 35869
GPS: 15552411, 0, 0, 0.0000000, 0.0000000, 0, 2.9400, 33.5000, 0.0000, 0.0000
ATT: -95, 91, 35872
GPS: 15552411, 0, 0, 0.0000000, 0.0000000, 0, 3.7200, 33.5000, 0.0000, 0.0000
ATT: -97, 84, 35873
GPS: 15552411, 0, 0, 0.0000000, 0.0000000, 0, 4.2400, 33.5000, 0.0000, 0.0000
ATT: -100, 77, 35874
GPS: 15552411, 0, 0, 0.0000000, 0.0000000, 0, 4.7600, 33.5000, 0.0000, 0.0000
ATT: -102, 71, 35875
GPS: 15552411, 0, 0, 0.0000000, 0.0000000, 0, 5.1100, 33.5000, 0.0000, 0.0000
ATT: -102, 65, 35877
GPS: 15552411, 0, 0, 0.0000000, 0.0000000, 0, 4.9400, 33.5000, 0.0000, 0.0000
ATT: -107, 57, 35877
GPS: 15552411, 0, 0, 0.0000000, 0.0000000, 0, 4.8500, 33.5000, 0.0000, 0.0000
ATT: -105, 52, 35879
GPS: 15552411, 0, 0, 0.0000000, 0.0000000, 0, 5.8900, 33.5000, 0.0000, 0.0000
ATT: -107, 47, 35880
GPS: 15552411, 0, 0, 0.0000000, 0.0000000, 0, 6.5900, 33.5000, 0.0000, 0.0000
ATT: -103, 44, 35882
GPS: 15553411, 0, 0, 0.0000000, 0.0000000, 0, 5.6300, 33.5000, 0.0000, 0.0000
ATT: -109, 37, 35881
GPS: 15553411, 0, 0, 0.0000000, 0.0000000, 0, 4.9400, 33.5000, 0.0000, 0.0000
ATT: -113, 31, 35882
GPS: 15553411, 0, 0, 0.0000000, 0.0000000, 0, 5.2000, 33.5000, 0.0000, 0.0000
ATT: -110, 29, 35884
GPS: 15553411, 0, 0, 0.0000000, 0.0000000, 0, 5.3700, 33.5000, 0.0000, 0.0000
ATT: -119, 22, 35883
GPS: 15553411, 0, 0, 0.0000000, 0.0000000, 0, 4.0700, 33.5000, 0.0000, 0.0000
ATT: -121, 19, 35883
GPS: 15553411, 0, 0, 0.0000000, 0.0000000, 0, 3.2000, 33.5000, 0.0000, 0.0000
PM:20007,1001,20,0,0,0,0,0,1,0,0,0,0, 
ATT: -113, 17, 35886
GPS: 15553411, 0, 0, 0.0000000, 0.0000000, 0, 3.5500, 33.5000, 0.0000, 0.0000
ATT: -102, 17, 35889
GPS: 15553411, 0, 0, 0.0000000, 0.0000000, 0, 3.8100, 33.5000, 0.0000, 0.0000
ATT: -99, 17, 35892
GPS: 15553411, 0, 0, 0.0000000, 0.0000000, 0, 4.6800, 33.5000, 0.0000, 0.0000
ATT: -94, 15, 35890
GPS: 15553411, 0, 0, 0.0000000, 0.0000000, 0, 5.2900, 33.5000, 0.0000, 0.0000
ATT: -83, 19, 35892
GPS: 15554407, 0, 0, 0.0000000, 0.0000000, 0, 3.8100, 33.5000, 0.0000, 0.0000
ATT: -91, 17, 35891
GPS: 15554407, 0, 0, 0.0000000, 0.0000000, 0, 2.7700, 33.5000, 0.0000, 0.0000
ATT: -101, 12, 35888
GPS: 15554407, 0, 0, 0.0000000, 0.0000000, 0, 3.2000, 33.5000, 0.0000, 0.0000
ATT: -99, 8, 35885
GPS: 15554407, 0, 0, 0.0000000, 0.0000000, 0, 3.4600, 33.5000, 0.0000, 0.0000
ATT: -101, 8, 35887
GPS: 15554407, 0, 0, 0.0000000, 0.0000000, 0, 2.5100, 33.5000, 0.0000, 0.0000
ATT: -92, 11, 35893
GPS: 15554407, 0, 0, 0.0000000, 0.0000000, 0, 1.8200, 33.5000, 0.0000, 0.0000
ATT: -102, 10, 35890
GPS: 15554407, 0, 0, 0.0000000, 0.0000000, 0, 1.5600, 33.5000, 0.0000, 0.0000
ATT: -104, 10, 35889
GPS: 15554407, 0, 0, 0.0000000, 0.0000000, 0, 1.3800, 33.5000, 0.0000, 0.0000
ATT: -90, 12, 35886
GPS: 15554407, 0, 0, 0.0000000, 0.0000000, 0, 2.3400, 33.5000, 0.0000, 0.0000
ATT: -66, 21, 35892
GPS: 15554407, 0, 0, 0.0000000, 0.0000000, 0, 2.9400, 33.5000, 0.0000, 0.0000
ATT: -74, 33, 35894
GPS: 15555405, 0, 0, 0.0000000, 0.0000000, 0, 2.8600, 33.5000, 0.0000, 0.0000
ATT: -75, 45, 35896
GPS: 15555405, 0, 0, 0.0000000, 0.0000000, 0, 2.7700, 33.5000, 0.0000, 0.0000
ATT: -73, 56, 35899
GPS: 15555405, 0, 0, 0.0000000, 0.0000000, 0, 3.1200, 33.5000, 0.0000, 0.0000
ATT: -72, 53, 35895
GPS: 15555405, 0, 0, 0.0000000, 0.0000000, 0, 3.3800, 33.5000, 0.0000, 0.0000
ATT: -68, 61, 35895
GPS: 15555405, 0, 0, 0.0000000, 0.0000000, 0, 2.8600, 33.5000, 0.0000, 0.0000
ATT: -69, 74, 35898
GPS: 15555405, 0, 0, 0.0000000, 0.0000000, 0, 2.5100, 33.5000, 0.0000, 0.0000
ATT: -72, 84, 35899
GPS: 15555405, 0, 0, 0.0000000, 0.0000000, 0, 2.0800, 33.5000, 0.0000, 0.0000
ATT: -69, 92, 35899
GPS: 15555405, 0, 0, 0.0000000, 0.0000000, 0, 1.8200, 33.5000, 0.0000, 0.0000
ATT: -67, 105, 35904
GPS: 15555405, 0, 0, 0.0000000, 0.0000000, 0, 1.7300, 33.5000, 0.0000, 0.0000
ATT: -64, 119, 35906
GPS: 15555405, 0, 0, 0.0000000, 0.0000000, 0, 1.6400, 33.5000, 0.0000, 0.0000
ATT: -50, 131, 35917
GPS: 15556417, 0, 0, 0.0000000, 0.0000000, 0, 1.5600, 33.5000, 0.0000, 0.0000
ATT: -64, 112, 35909
GPS: 15556417, 0, 0, 0.0000000, 0.0000000, 0, 1.5600, 33.5000, 0.0000, 0.0000
ATT: -79, 104, 35912
GPS: 15556417, 0, 0, 0.0000000, 0.0000000, 0, 2.1600, 33.5000, 0.0000, 0.0000
ATT: -83, 96, 35910
GPS: 15556417, 0, 0, 0.0000000, 0.0000000, 0, 2.6000, 33.5000, 0.0000, 0.0000
ATT: -73, 87, 35907
GPS: 15556417, 0, 0, 0.0000000, 0.0000000, 0, 1.9000, 33.5000, 0.0000, 0.0000
ATT: -64, 81, 35906
GPS: 15556417, 0, 0, 0.0000000, 0.0000000, 0, 1.3800, 33.5000, 0.0000, 0.0000
ATT: -46, 77, 35905
GPS: 15556417, 0, 0, 0.0000000, 0.0000000, 0, 2.0800, 33.5000, 0.0000, 0.0000
ATT: -41, 73, 35908
GPS: 15556417, 0, 0, 0.0000000, 0.0000000, 0, 2.6000, 33.5000, 0.0000, 0.0000
ATT: -44, 65, 35911
GPS: 15556417, 0, 0, 0.0000000, 0.0000000, 0, 2.0800, 33.5000, 0.0000, 0.0000
ATT: -39, 63, 35913
GPS: 15556417, 0, 0, 0.0000000, 0.0000000, 0, 1.6400, 33.5000, 0.0000, 0.0000
ATT: -33, 67, 35915
GPS: 15557407, 0, 0, 0.0000000, 0.0000000, 0, 1.3800, 33.5000, 0.0000, 0.0000
ATT: -36, 67, 35911
GPS: 15557407, 0, 0, 0.0000000, 0.0000000, 0, 1.1200, 33.5000, 0.0000, 0.0000
ATT: -41, 70, 35916
GPS: 15557407, 0, 0, 0.0000000, 0.0000000, 0, 1.9000, 33.5000, 0.0000, 0.0000
ATT: -40, 72, 35917
GPS: 15557407, 0, 0, 0.0000000, 0.0000000, 0, 2.4200, 33.5000, 0.0000, 0.0000
ATT: -39, 89, 35918
GPS: 15557407, 0, 0, 0.0000000, 0.0000000, 0, 2.2500, 33.5000, 0.0000, 0.0000
ATT: -20, 118, 35927
GPS: 15557407, 0, 0, 0.0000000, 0.0000000, 0, 2.1600, 33.5000, 0.0000, 0.0000
ATT: -13, 145, 35932
GPS: 15557407, 0, 0, 0.0000000, 0.0000000, 0, 2.2500, 33.5000, 0.0000, 0.0000
ATT: -2, 180, 35941
GPS: 15557407, 0, 0, 0.0000000, 0.0000000, 0, 2.3400, 33.5000, 0.0000, 0.0000
ATT: 0, 209, 35947
GPS: 15557407, 0, 0, 0.0000000, 0.0000000, 0, 1.5600, 33.5000, 0.0000, 0.0000
ATT: 4, 237, 35956
GPS: 15557407, 0, 0, 0.0000000, 0.0000000, 0, 0.9500, 33.5000, 0.0000, 0.0000
ATT: 5, 258, 35964
GPS: 15558407, 0, 0, 0.0000000, 0.0000000, 0, 0.9500, 33.5000, 0.0000, 0.0000
ATT: 5, 278, 35975
GPS: 15558407, 0, 0, 0.0000000, 0.0000000, 0, 0.9500, 33.5000, 0.0000, 0.0000
ATT: 0, 287, 35987
GPS: 15558407, 0, 0, 0.0000000, 0.0000000, 0, 1.0300, 33.5000, 0.0000, 0.0000
ATT: -43, 253, 35976
GPS: 15558407, 0, 0, 0.0000000, 0.0000000, 0, 1.1200, 33.5000, 0.0000, 0.0000
ATT: -61, 212, 35971
GPS: 15558407, 0, 0, 0.0000000, 0.0000000, 0, 0.9500, 33.5000, 0.0000, 0.0000
ATT: -88, 186, 35977
GPS: 15558407, 0, 0, 0.0000000, 0.0000000, 0, 0.8600, 33.5000, 0.0000, 0.0000
ATT: -65, 173, 35990
GPS: 15558407, 0, 0, 0.0000000, 0.0000000, 0, 1.4700, 33.5000, 0.0000, 0.0000
ATT: -67, 170, 1
GPS: 15558407, 0, 0, 0.0000000, 0.0000000, 0, 1.9000, 33.5000, 0.0000, 0.0000
ATT: -72, 148, 4
GPS: 15558407, 0, 0, 0.0000000, 0.0000000, 0, 1.1200, 33.5000, 0.0000, 0.0000
ATT: -101, 122, 3
GPS: 15558407, 0, 0, 0.0000000, 0.0000000, 0, 0.6000, 33.5000, 0.0000, 0.0000
ATT: -112, 101, 3
GPS: 15559411, 0, 0, 0.0000000, 0.0000000, 0, 1.9900, 33.5000, 0.0000, 0.0000
ATT: -119, 81, 3
GPS: 15559411, 0, 0, 0.0000000, 0.0000000, 0, 2.9400, 33.5000, 0.0000, 0.0000
ATT: -120, 65, 2
GPS: 15559411, 0, 0, 0.0000000, 0.0000000, 0, 3.9000, 33.5000, 0.0000, 0.0000
ATT: -120, 50, 2
GPS: 15559411, 0, 0, 0.0000000, 0.0000000, 0, 4.5900, 33.5000, 0.0000, 0.0000
ATT: -120, 37, 2
GPS: 15559411, 0, 0, 0.0000000, 0.0000000, 0, 4.1600, 33.5000, 0.0000, 0.0000
ATT: -119, 25, 1
GPS: 15559411, 0, 0, 0.0000000, 0.0000000, 0, 3.8100, 33.5000, 0.0000, 0.0000
ATT: -120, 14, 1
GPS: 15559411, 0, 0, 0.0000000, 0.0000000, 0, 5.6300, 33.5000, 0.0000, 0.0000
ATT: -119, 7, 2
GPS: 15559411, 0, 0, 0.0000000, 0.0000000, 0, 6.8500, 33.5000, 0.0000, 0.0000
ATT: -119, 0, 3
GPS: 15559411, 0, 0, 0.0000000, 0.0000000, 0, 6.8500, 33.5000, 0.0000, 0.0000
ATT: -118, -8, 4
GPS: 15559411, 0, 0, 0.0000000, 0.0000000, 0, 6.8500, 33.5000, 0.0000, 0.0000
ATT: -113, -11, 5
GPS: 15560413, 0, 0, 0.0000000, 0.0000000, 0, 8.1500, 33.5000, 0.0000, 0.0000
ATT: -110, -16, 3
GPS: 15560413, 0, 0, 0.0000000, 0.0000000, 0, 9.0200, 33.5000, 0.0000, 0.0000
ATT: -104, -16, 6
GPS: 15560413, 0, 0, 0.0000000, 0.0000000, 0, 7.0200, 33.5000, 0.0000, 0.0000
ATT: -99, -18, 8
GPS: 15560413, 0, 0, 0.0000000, 0.0000000, 0, 5.6300, 33.5000, 0.0000, 0.0000
ATT: -100, -18, 9
GPS: 15560413, 0, 0, 0.0000000, 0.0000000, 0, 6.3300, 33.5000, 0.0000, 0.0000
ATT: -101, -24, 10
GPS: 15560413, 0, 0, 0.0000000, 0.0000000, 0, 6.8500, 33.5000, 0.0000, 0.0000
ATT: -103, -25, 7
GPS: 15560413, 0, 0, 0.0000000, 0.0000000, 0, 7.6300, 33.5000, 0.0000, 0.0000
ATT: -98, -30, 6
GPS: 15560413, 0, 0, 0.0000000, 0.0000000, 0, 8.1500, 33.5000, 0.0000, 0.0000
ATT: -85, -36, 6
GPS: 15560413, 0, 0, 0.0000000, 0.0000000, 0, 7.3700, 33.5000, 0.0000, 0.0000
ATT: -77, -39, 5
GPS: 15560413, 0, 0, 0.0000000, 0.0000000, 0, 6.8500, 33.5000, 0.0000, 0.0000
ATT: -76, -46, 4
GPS: 15561411, 0, 0, 0.0000000, 0.0000000, 0, 8.4100, 33.5000, 0.0000, 0.0000
ATT: -81, -52, 3
GPS: 15561411, 0, 0, 0.0000000, 0.0000000, 0, 9.4500, 33.5000, 0.0000, 0.0000
ATT: -82, -31, 18
GPS: 15561411, 0, 0, 0.0000000, 0.0000000, 0, 6.4100, 33.5000, 0.0000, 0.0000
ATT: -88, -27, 16
GPS: 15561411, 0, 0, 0.0000000, 0.0000000, 0, 4.2400, 33.5000, 0.0000, 0.0000
ATT: -91, -27, 18
GPS: 15561411, 0, 0, 0.0000000, 0.0000000, 0, 5.4600, 33.5000, 0.0000, 0.0000
ATT: -91, -28, 17
GPS: 15561411, 0, 0, 0.0000000, 0.0000000, 0, 6.2400, 33.5000, 0.0000, 0.0000
ATT: -87, -26, 18
GPS: 15561411, 0, 0, 0.0000000, 0.0000000, 0, 6.9300, 33.5000, 0.0000, 0.0000
ATT: -89, -22, 19
GPS: 15561411, 0, 0, 0.0000000, 0.0000000, 0, 7.4500, 33.5000, 0.0000, 0.0000
ATT: -82, -19, 21
GPS: 15561411, 0, 0, 0.0000000, 0.0000000, 0, 5.6300, 33.5000, 0.0000, 0.0000
ATT: -77, -21, 23
GPS: 15561411, 0, 0, 0.0000000, 0.0000000, 0, 4.3300, 33.5000, 0.0000, 0.0000
ATT: -63, -19, 23
GPS: 15562415, 0, 0, 0.0000000, 0.0000000, 0, 5.4600, 33.5000, 0.0000, 0.0000
ATT: -45, -20, 27
GPS: 15562415, 0, 0, 0.0000000, 0.0000000, 0, 6.2400, 33.5000, 0.0000, 0.0000
ATT: -22, -6, 35
GPS: 15562415, 0, 0, 0.0000000, 0.0000000, 0, 5.2900, 33.5000, 0.0000, 0.0000
ATT: 0, 15, 44
GPS: 15562415, 0, 0, 0.0000000, 0.0000000, 0, 4.6800, 33.5000, 0.0000, 0.0000
ATT: 12, 31, 54
GPS: 15562415, 0, 0, 0.0000000, 0.0000000, 0, 4.6800, 33.5000, 0.0000, 0.0000
ATT: 47, 62, 73
GPS: 15562415, 0, 0, 0.0000000, 0.0000000, 0, 4.6800, 33.5000, 0.0000, 0.0000
ATT: 49, 79, 76
GPS: 15562415, 0, 0, 0.0000000, 0.0000000, 0, 3.8100, 33.5000, 0.0000, 0.0000
ATT: 37, 99, 81
GPS: 15562415, 0, 0, 0.0000000, 0.0000000, 0, 3.2000, 33.5000, 0.0000, 0.0000
ATT: 24, 116, 81
GPS: 15562415, 0, 0, 0.0000000, 0.0000000, 0, 2.5100, 33.5000, 0.0000, 0.0000
ATT: 22, 134, 86
GPS: 15562415, 0, 0, 0.0000000, 0.0000000, 0, 1.9900, 33.5000, 0.0000, 0.0000
ATT: 24, 152, 94
GPS: 15563411, 0, 0, 0.0000000, 0.0000000, 0, 1.9900, 33.5000, 0.0000, 0.0000
ATT: 32, 150, 107
GPS: 15563411, 0, 0, 0.0000000, 0.0000000, 0, 1.9900, 33.5000, 0.0000, 0.0000
ATT: 39, 134, 100
GPS: 15563411, 0, 0, 0.0000000, 0.0000000, 0, 1.3000, 33.5000, 0.0000, 0.0000
ATT: 49, 108, 106
GPS: 15563411, 0, 0, 0.0000000, 0.0000000, 0, 0.7800, 33.5000, 0.0000, 0.0000
ATT: 35, 100, 106
GPS: 15563411, 0, 0, 0.0000000, 0.0000000, 0, 1.1200, 33.5000, 0.0000, 0.0000
ATT: 38, 97, 109
GPS: 15563411, 0, 0, 0.0000000, 0.0000000, 0, 1.3800, 33.5000, 0.0000, 0.0000
ATT: 31, 90, 107
GPS: 15563411, 0, 0, 0.0000000, 0.0000000, 0, 0.8600, 33.5000, 0.0000, 0.0000
ATT: 43, 83, 109
GPS: 15563411, 0, 0, 0.0000000, 0.0000000, 0, 0.5200, 33.5000, 0.0000, 0.0000
ATT: 61, 77, 107
GPS: 15563411, 0, 0, 0.0000000, 0.0000000, 0, 0.8600, 33.5000, 0.0000, 0.0000
ATT: 72, 66, 96
GPS: 15563411, 0, 0, 0.0000000, 0.0000000, 0, 1.1200, 33.5000, 0.0000, 0.0000
ATT: 79, 59, 95
GPS: 15564407, 0, 0, 0.0000000, 0.0000000, 0, 1.5600, 33.5000, 0.0000, 0.0000
ATT: 76, 55, 96
GPS: 15564407, 0, 0, 0.0000000, 0.0000000, 0, 1.8200, 33.5000, 0.0000, 0.0000
ATT: 72, 60, 97
GPS: 15564407, 0, 0, 0.0000000, 0.0000000, 0, 1.3800, 33.5000, 0.0000, 0.0000
ATT: 59, 78, 99
GPS: 15564407, 0, 0, 0.0000000, 0.0000000, 0, 1.1200, 33.5000, 0.0000, 0.0000
ATT: 35, 95, 98
GPS: 15564407, 0, 0, 0.0000000, 0.0000000, 0, 1.3800, 33.5000, 0.0000, 0.0000
ATT: 33, 120, 102
GPS: 15564407, 0, 0, 0.0000000, 0.0000000, 0, 1.6400, 33.5000, 0.0000, 0.0000
ATT: 48, 154, 108
GPS: 15564407, 0, 0, 0.0000000, 0.0000000, 0, 1.2100, 33.5000, 0.0000, 0.0000
ATT: 44, 187, 111
GPS: 15564407, 0, 0, 0.0000000, 0.0000000, 0, 0.9500, 33.5000, 0.0000, 0.0000
ATT: 45, 219, 119
GPS: 15564407, 0, 0, 0.0000000, 0.0000000, 0, 1.2100, 33.5000, 0.0000, 0.0000
ATT: 37, 253, 130
GPS: 15564407, 0, 0, 0.0000000, 0.0000000, 0, 1.3800, 33.5000, 0.0000, 0.0000
ATT: 31, 281, 137
GPS: 15565413, 0, 0, 0.0000000, 0.0000000, 0, 1.2100, 33.5000, 0.0000, 0.0000
ATT: 27, 306, 147
GPS: 15565413, 0, 0, 0.0000000, 0.0000000, 0, 1.0300, 33.5000, 0.0000, 0.0000
ATT: 40, 327, 167
GPS: 15565413, 0, 0, 0.0000000, 0.0000000, 0, 0.7800, 33.5000, 0.0000, 0.0000
ATT: 41, 317, 167
GPS: 15565413, 0, 0, 0.0000000, 0.0000000, 0, 0.6000, 33.5000, 0.0000, 0.0000
ATT: 43, 271, 164
GPS: 15565413, 0, 0, 0.0000000, 0.0000000, 0, 0.4300, 33.5000, 0.0000, 0.0000
ATT: 31, 228, 162
GPS: 15565413, 0, 0, 0.0000000, 0.0000000, 0, 0.2500, 33.5000, 0.0000, 0.0000
ATT: 25, 206, 164
GPS: 15565413, 0, 0, 0.0000000, 0.0000000, 0, 0.4300, 33.5000, 0.0000, 0.0000
ATT: 23, 187, 164
GPS: 15565413, 0, 0, 0.0000000, 0.0000000, 0, 0.5200, 33.5000, 0.0000, 0.0000
ATT: 32, 167, 162
GPS: 15565413, 0, 0, 0.0000000, 0.0000000, 0, 0.6900, 33.5000, 0.0000, 0.0000
ATT: 39, 153, 162
GPS: 15565413, 0, 0, 0.0000000, 0.0000000, 0, 0.7800, 33.5000, 0.0000, 0.0000
ATT: 48, 139, 161
GPS: 15566411, 0, 0, 0.0000000, 0.0000000, 0, 0.6900, 33.5000, 0.0000, 0.0000
ATT: 58, 129, 162
GPS: 15566411, 0, 0, 0.0000000, 0.0000000, 0, 0.6900, 33.5000, 0.0000, 0.0000
ATT: 62, 123, 163
GPS: 15566411, 0, 0, 0.0000000, 0.0000000, 0, 1.0300, 33.5000, 0.0000, 0.0000
ATT: 52, 130, 166
GPS: 15566411, 0, 0, 0.0000000, 0.0000000, 0, 1.3000, 33.5000, 0.0000, 0.0000
ATT: 52, 150, 176
GPS: 15566411, 0, 0, 0.0000000, 0.0000000, 0, 1.2100, 33.5000, 0.0000, 0.0000
ATT: 37, 167, 176
GPS: 15566411, 0, 0, 0.0000000, 0.0000000, 0, 1.1200, 33.5000, 0.0000, 0.0000
ATT: 20, 194, 185
GPS: 15566411, 0, 0, 0.0000000, 0.0000000, 0, 0.8600, 33.5000, 0.0000, 0.0000
ATT: 14, 221, 198
GPS: 15566411, 0, 0, 0.0000000, 0.0000000, 0, 0.6900, 33.5000, 0.0000, 0.0000
ATT: 9, 256, 209
GPS: 15566411, 0, 0, 0.0000000, 0.0000000, 0, 0.6900, 33.5000, 0.0000, 0.0000
ATT: 14, 296, 220
GPS: 15566411, 0, 0, 0.0000000, 0.0000000, 0, 0.6900, 33.5000, 0.0000, 0.0000
ATT: 11, 327, 226
GPS: 15567405, 0, 0, 0.0000000, 0.0000000, 0, 0.5200, 33.5000, 0.0000, 0.0000
ATT: 44, 348, 251
GPS: 15567405, 0, 0, 0.0000000, 0.0000000, 0, 0.3400, 33.5000, 0.0000, 0.0000
ATT: 22, 312, 239
GPS: 15567405, 0, 0, 0.0000000, 0.0000000, 0, 0.2500, 33.5000, 0.0000, 0.0000
ATT: 13, 249, 230
GPS: 15567405, 0, 0, 0.0000000, 0.0000000, 0, 0.1700, 33.5000, 0.0000, 0.0000
ATT: 24, 225, 237
GPS: 15567405, 0, 0, 0.0000000, 0.0000000, 0, 0.4300, 33.5000, 0.0000, 0.0000
ATT: 4, 188, 236
GPS: 15567405, 0, 0, 0.0000000, 0.0000000, 0, 0.6000, 33.5000, 0.0000, 0.0000
ATT: 2, 153, 236
GPS: 15567405, 0, 0, 0.0000000, 0.0000000, 0, 0.6000, 33.5000, 0.0000, 0.0000
ATT: -5, 119, 230
GPS: 15567405, 0, 0, 0.0000000, 0.0000000, 0, 0.6000, 33.5000, 0.0000, 0.0000
ATT: 4, 89, 230
GPS: 15567405, 0, 0, 0.0000000, 0.0000000, 0, 0.8600, 33.5000, 0.0000, 0.0000
ATT: 1, 64, 228
GPS: 15567405, 0, 0, 0.0000000, 0.0000000, 0, 1.0300, 33.5000, 0.0000, 0.0000
ATT: 0, 40, 225
GPS: 15568409, 0, 0, 0.0000000, 0.0000000, 0, 0.6000, 33.5000, 0.0000, 0.0000
ATT: -3, 21, 221
GPS: 15568409, 0, 0, 0.0000000, 0.0000000, 0, 0.3400, 33.5000, 0.0000, 0.0000
ATT: -5, 4, 222
GPS: 15568409, 0, 0, 0.0000000, 0.0000000, 0, 0.4300, 33.5000, 0.0000, 0.0000
ATT: -15, -6, 225
GPS: 15568409, 0, 0, 0.0000000, 0.0000000, 0, 0.5200, 33.5000, 0.0000, 0.0000
ATT: -18, -17, 228
GPS: 15568409, 0, 0, 0.0000000, 0.0000000, 0, 0.7800, 33.5000, 0.0000, 0.0000
ATT: 2, -24, 234
GPS: 15568409, 0, 0, 0.0000000, 0.0000000, 0, 0.9500, 33.5000, 0.0000, 0.0000
ATT: -18, -38, 229
GPS: 15568409, 0, 0, 0.0000000, 0.0000000, 0, 0.6900, 33.5000, 0.0000, 0.0000
ATT: -23, -45, 229
GPS: 15568409, 0, 0, 0.0000000, 0.0000000, 0, 0.5200, 33.5000, 0.0000, 0.0000
ATT: -30, -50, 231
GPS: 15568409, 0, 0, 0.0000000, 0.0000000, 0, 0.7800, 33.5000, 0.0000, 0.0000
ATT: -7, -57, 234
GPS: 15568409, 0, 0, 0.0000000, 0.0000000, 0, 0.9500, 33.5000, 0.0000, 0.0000
ATT: 5, -53, 240
GPS: 15569407, 0, 0, 0.0000000, 0.0000000, 0, 0.5200, 33.5000, 0.0000, 0.0000
ATT: -14, -50, 235
GPS: 15569407, 0, 0, 0.0000000, 0.0000000, 0, 0.2500, 33.5000, 0.0000, 0.0000
ATT: -6, -52, 233
GPS: 15569407, 0, 0, 0.0000000, 0.0000000, 0, 0.4300, 33.5000, 0.0000, 0.0000
ATT: 20, -37, 237
GPS: 15569407, 0, 0, 0.0000000, 0.0000000, 0, 0.5200, 33.5000, 0.0000, 0.0000
ATT: 34, -10, 255
GPS: 15569407, 0, 0, 0.0000000, 0.0000000, 0, 0.6900, 33.5000, 0.0000, 0.0000
ATT: 44, 9, 259
GPS: 15569407, 0, 0, 0.0000000, 0.0000000, 0, 0.7800, 33.5000, 0.0000, 0.0000
ATT: 51, 14, 262
GPS: 15569407, 0, 0, 0.0000000, 0.0000000, 0, 0.6000, 33.5000, 0.0000, 0.0000
ATT: 84, 8, 265
GPS: 15569407, 0, 0, 0.0000000, 0.0000000, 0, 0.5200, 33.5000, 0.0000, 0.0000
ATT: 76, 4, 265
GPS: 15569407, 0, 0, 0.0000000, 0.0000000, 0, 1.0300, 33.5000, 0.0000, 0.0000
ATT: 79, 1, 268
GPS: 15569407, 0, 0, 0.0000000, 0.0000000, 0, 1.3800, 33.5000, 0.0000, 0.0000
ATT: 85, 0, 270
GPS: 15570407, 0, 0, 0.0000000, 0.0000000, 0, 1.5600, 33.5000, 0.0000, 0.0000
ATT: 97, 0, 269
GPS: 15570407, 0, 0, 0.0000000, 0.0000000, 0, 1.6400, 33.5000, 0.0000, 0.0000
ATT: 102, 2, 272
GPS: 15570407, 0, 0, 0.0000000, 0.0000000, 0, 1.9900, 33.5000, 0.0000, 0.0000
ATT: 133, 0, 274
GPS: 15570407, 0, 0, 0.0000000, 0.0000000, 0, 2.2500, 33.5000, 0.0000, 0.0000
ATT: 120, 0, 279
GPS: 15570407, 0, 0, 0.0000000, 0.0000000, 0, 1.9900, 33.5000, 0.0000, 0.0000
ATT: 103, 0, 282
GPS: 15570407, 0, 0, 0.0000000, 0.0000000, 0, 1.8200, 33.5000, 0.0000, 0.0000
ATT: 104, -4, 283
GPS: 15570407, 0, 0, 0.0000000, 0.0000000, 0, 2.2500, 33.5000, 0.0000, 0.0000
ATT: 104, -4, 284
GPS: 15570407, 0, 0, 0.0000000, 0.0000000, 0, 2.5100, 33.5000, 0.0000, 0.0000
ATT: 103, -4, 286
GPS: 15570407, 0, 0, 0.0000000, 0.0000000, 0, 3.2900, 33.5000, 0.0000, 0.0000
ATT: 101, -2, 287
GPS: 15570407, 0, 0, 0.0000000, 0.0000000, 0, 3.8100, 33.5000, 0.0000, 0.0000
ATT: 108, 16, 292
GPS: 15571415, 0, 0, 0.0000000, 0.0000000, 0, 3.3800, 33.5000, 0.0000, 0.0000
ATT: 117, 53, 301
GPS: 15571415, 0, 0, 0.0000000, 0.0000000, 0, 3.1200, 33.5000, 0.0000, 0.0000
ATT: 114, 102, 312
GPS: 15571415, 0, 0, 0.0000000, 0.0000000, 0, 3.2900, 33.5000, 0.0000, 0.0000
ATT: 103, 152, 325
GPS: 15571415, 0, 0, 0.0000000, 0.0000000, 0, 3.4600, 33.5000, 0.0000, 0.0000
ATT: 93, 194, 337
GPS: 15571415, 0, 0, 0.0000000, 0.0000000, 0, 2.2500, 33.5000, 0.0000, 0.0000
ATT: 91, 233, 351
GPS: 15571415, 0, 0, 0.0000000, 0.0000000, 0, 1.3800, 33.5000, 0.0000, 0.0000
ATT: 94, 274, 366
GPS: 15571415, 0, 0, 0.0000000, 0.0000000, 0, 1.2100, 33.5000, 0.0000, 0.0000
ATT: 97, 312, 381
GPS: 15571415, 0, 0, 0.0000000, 0.0000000, 0, 1.1200, 33.5000, 0.0000, 0.0000
ATT: 104, 352, 399
GPS: 15571415, 0, 0, 0.0000000, 0.0000000, 0, 1.5600, 33.5000, 0.0000, 0.0000
ATT: 105, 386, 414
GPS: 15571415, 0, 0, 0.0000000, 0.0000000, 0, 1.9000, 33.5000, 0.0000, 0.0000
ATT: 105, 419, 430
GPS: 15572405, 0, 0, 0.0000000, 0.0000000, 0, 1.4700, 33.5000, 0.0000, 0.0000
ATT: 115, 460, 450
GPS: 15572405, 0, 0, 0.0000000, 0.0000000, 0, 1.2100, 33.5000, 0.0000, 0.0000
ATT: 125, 502, 471
GPS: 15572405, 0, 0, 0.0000000, 0.0000000, 0, 1.6400, 33.5000, 0.0000, 0.0000
ATT: 129, 539, 491
GPS: 15572405, 0, 0, 0.0000000, 0.0000000, 0, 1.9000, 33.5000, 0.0000, 0.0000
ATT: 126, 571, 510
GPS: 15572405, 0, 0, 0.0000000, 0.0000000, 0, 1.8200, 33.5000, 0.0000, 0.0000
ATT: 121, 600, 530
GPS: 15572405, 0, 0, 0.0000000, 0.0000000, 0, 1.8200, 33.5000, 0.0000, 0.0000
ATT: 115, 622, 548
GPS: 15572405, 0, 0, 0.0000000, 0.0000000, 0, 1.6400, 33.5000, 0.0000, 0.0000
ATT: 120, 622, 558
GPS: 15572405, 0, 0, 0.0000000, 0.0000000, 0, 1.5600, 33.5000, 0.0000, 0.0000
ATT: 135, 646, 589
GPS: 15572405, 0, 0, 0.0000000, 0.0000000, 0, 1.4700, 33.5000, 0.0000, 0.0000
ATT: 121, 600, 596
GPS: 15572405, 0, 0, 0.0000000, 0.0000000, 0, 1.3800, 33.5000, 0.0000, 0.0000
ATT: 116, 532, 600
GPS: 15573405, 0, 0, 0.0000000, 0.0000000, 0, 1.3000, 33.5000, 0.0000, 0.0000
ATT: 138, 481, 610
GPS: 15573405, 0, 0, 0.0000000, 0.0000000, 0, 1.3000, 33.5000, 0.0000, 0.0000
ATT: 155, 432, 616
GPS: 15573405, 0, 0, 0.0000000, 0.0000000, 0, 1.8200, 33.5000, 0.0000, 0.0000
ATT: 153, 388, 620
GPS: 15573405, 0, 0, 0.0000000, 0.0000000, 0, 2.1600, 33.5000, 0.0000, 0.0000
ATT: 150, 349, 624
GPS: 15573405, 0, 0, 0.0000000, 0.0000000, 0, 1.9000, 33.5000, 0.0000, 0.0000
ATT: 161, 317, 628
GPS: 15573405, 0, 0, 0.0000000, 0.0000000, 0, 1.7300, 33.5000, 0.0000, 0.0000
PM:20018,1001,20,0,0,0,0,0,1,0,0,0,0, 
ATT: 168, 293, 634
GPS: 15573405, 0, 0, 0.0000000, 0.0000000, 0, 2.3400, 33.5000, 0.0000, 0.0000
ATT: 171, 276, 640
GPS: 15573405, 0, 0, 0.0000000, 0.0000000, 0, 2.7700, 33.5000, 0.0000, 0.0000
ATT: 179, 271, 650
GPS: 15573405, 0, 0, 0.0000000, 0.0000000, 0, 2.0800, 33.5000, 0.0000, 0.0000
ATT: 200, 273, 663
GPS: 15573405, 0, 0, 0.0000000, 0.0000000, 0, 1.6400, 33.5000, 0.0000, 0.0000
ATT: 185, 284, 673
GPS: 15574411, 0, 0, 0.0000000, 0.0000000, 0, 1.9000, 33.5000, 0.0000, 0.0000
ATT: 164, 302, 683
GPS: 15574411, 0, 0, 0.0000000, 0.0000000, 0, 2.0800, 33.5000, 0.0000, 0.0000
ATT: 167, 335, 697
GPS: 15574411, 0, 0, 0.0000000, 0.0000000, 0, 2.1600, 33.5000, 0.0000, 0.0000
ATT: 173, 376, 714
GPS: 15574411, 0, 0, 0.0000000, 0.0000000, 0, 2.2500, 33.5000, 0.0000, 0.0000
ATT: 179, 422, 733
GPS: 15574411, 0, 0, 0.0000000, 0.0000000, 0, 1.6400, 33.5000, 0.0000, 0.0000
ATT: 181, 470, 760
GPS: 15574411, 0, 0, 0.0000000, 0.0000000, 0, 1.2100, 33.5000, 0.0000, 0.0000
ATT: 166, 504, 780
GPS: 15574411, 0, 0, 0.0000000, 0.0000000, 0, 1.0300, 33.5000, 0.0000, 0.0000
ATT: 139, 473, 789
GPS: 15574411, 0, 0, 0.0000000, 0.0000000, 0, 0.9500, 33.5000, 0.0000, 0.0000
ATT: 141, 417, 805
GPS: 15574411, 0, 0, 0.0000000, 0.0000000, 0, 0.6900, 33.5000, 0.0000, 0.0000
ATT: 129, 365, 815
GPS: 15574411, 0, 0, 0.0000000, 0.0000000, 0, 0.5200, 33.5000, 0.0000, 0.0000
ATT: 98, 314, 820
GPS: 15575411, 0, 0, 0.0000000, 0.0000000, 0, 1.5600, 33.5000, 0.0000, 0.0000
ATT: 99, 274, 827
GPS: 15575411, 0, 0, 0.0000000, 0.0000000, 0, 2.3400, 33.5000, 0.0000, 0.0000
ATT: 92, 236, 834
GPS: 15575411, 0, 0, 0.0000000, 0.0000000, 0, 3.3800, 33.5000, 0.0000, 0.0000
ATT: 95, 205, 842
GPS: 15575411, 0, 0, 0.0000000, 0.0000000, 0, 4.0700, 33.5000, 0.0000, 0.0000
ATT: 86, 174, 846
GPS: 15575411, 0, 0, 0.0000000, 0.0000000, 0, 3.5500, 33.5000, 0.0000, 0.0000
ATT: 72, 151, 854
GPS: 15575411, 0, 0, 0.0000000, 0.0000000, 0, 3.2000, 33.5000, 0.0000, 0.0000
ATT: 60, 124, 858
GPS: 15575411, 0, 0, 0.0000000, 0.0000000, 0, 3.4600, 33.5000, 0.0000, 0.0000
ATT: 50, 99, 861
GPS: 15575411, 0, 0, 0.0000000, 0.0000000, 0, 3.6400, 33.5000, 0.0000, 0.0000
ATT: 19, 87, 867
GPS: 15575411, 0, 0, 0.0000000, 0.0000000, 0, 3.2900, 33.5000, 0.0000, 0.0000
ATT: -19, 84, 869
GPS: 15575411, 0, 0, 0.0000000, 0.0000000, 0, 3.0300, 33.5000, 0.0000, 0.0000
ATT: -19, 71, 873
GPS: 15576409, 0, 0, 0.0000000, 0.0000000, 0, 3.1200, 33.5000, 0.0000, 0.0000
ATT: -17, 54, 873
GPS: 15576409, 0, 0, 0.0000000, 0.0000000, 0, 3.2000, 33.5000, 0.0000, 0.0000
ATT: -14, 40, 874
GPS: 15576409, 0, 0, 0.0000000, 0.0000000, 0, 3.2000, 33.5000, 0.0000, 0.0000
ATT: -11, 27, 874
GPS: 15576409, 0, 0, 0.0000000, 0.0000000, 0, 3.2000, 33.5000, 0.0000, 0.0000
ATT: -9, 15, 874
GPS: 15576409, 0, 0, 0.0000000, 0.0000000, 0, 3.2900, 33.5000, 0.0000, 0.0000
ATT: -6, 5, 874
GPS: 15576409, 0, 0, 0.0000000, 0.0000000, 0, 3.2900, 33.5000, 0.0000, 0.0000
ATT: -3, -5, 873
GPS: 15576409, 0, 0, 0.0000000, 0.0000000, 0, 5.0300, 33.5000, 0.0000, 0.0000
ATT: 7, -23, 869
GPS: 15576409, 0, 0, 0.0000000, 0.0000000, 0, 6.2400, 33.5000, 0.0000, 0.0000
ATT: 0, -23, 874
GPS: 15576409, 0, 0, 0.0000000, 0.0000000, 0, 4.4200, 33.5000, 0.0000, 0.0000
ATT: 37, -27, 870
GPS: 15576409, 0, 0, 0.0000000, 0.0000000, 0, 3.2000, 33.5000, 0.0000, 0.0000
ATT: -6, -27, 873
GPS: 15577409, 0, 0, 0.0000000, 0.0000000, 0, 5.6300, 33.5000, 0.0000, 0.0000
ATT: -6, -28, 879
GPS: 15577409, 0, 0, 0.0000000, 0.0000000, 0, 7.2800, 33.5000, 0.0000, 0.0000
ATT: -7, -32, 877
GPS: 15577409, 0, 0, 0.0000000, 0.0000000, 0, 6.0700, 33.5000, 0.0000, 0.0000
ATT: -4, -36, 877
GPS: 15577409, 0, 0, 0.0000000, 0.0000000, 0, 5.2000, 33.5000, 0.0000, 0.0000
ATT: -3, -40, 878
GPS: 15577409, 0, 0, 0.0000000, 0.0000000, 0, 4.5900, 33.5000, 0.0000, 0.0000
ATT: -4, -44, 877
GPS: 15577409, 0, 0, 0.0000000, 0.0000000, 0, 4.1600, 33.5000, 0.0000, 0.0000
ATT: -3, -46, 877
GPS: 15577409, 0, 0, 0.0000000, 0.0000000, 0, 5.4600, 33.5000, 0.0000, 0.0000
ATT: -2, -48, 877
GPS: 15577409, 0, 0, 0.0000000, 0.0000000, 0, 6.4100, 33.5000, 0.0000, 0.0000
ATT: -2, -50, 877
GPS: 15577409, 0, 0, 0.0000000, 0.0000000, 0, 5.8100, 33.5000, 0.0000, 0.0000
ATT: -1, -52, 877
GPS: 15577409, 0, 0, 0.0000000, 0.0000000, 0, 5.3700, 33.5000, 0.0000, 0.0000
ATT: 0, -54, 877
GPS: 15578409, 0, 0, 0.0000000, 0.0000000, 0, 5.5500, 33.5000, 0.0000, 0.0000
ATT: 0, -56, 877
GPS: 15578409, 0, 0, 0.0000000, 0.0000000, 0, 5.6300, 33.5000, 0.0000, 0.0000
ATT: 0, -57, 877
GPS: 15578409, 0, 0, 0.0000000, 0.0000000, 0, 3.8100, 33.5000, 0.0000, 0.0000
ATT: 0, -59, 877
GPS: 15578409, 0, 0, 0.0000000, 0.0000000, 0, 2.6000, 33.5000, 0.0000, 0.0000
ATT: 0, -59, 877
GPS: 15578409, 0, 0, 0.0000000, 0.0000000, 0, 3.4600, 33.5000, 0.0000, 0.0000
ATT: 0, -59, 877
GPS: 15578409, 0, 0, 0.0000000, 0.0000000, 0, 4.0700, 33.5000, 0.0000, 0.0000
ATT: 0, -60, 877
GPS: 15578409, 0, 0, 0.0000000, 0.0000000, 0, 4.7600, 33.5000, 0.0000, 0.0000
ATT: 1, -61, 877
GPS: 15578409, 0, 0, 0.0000000, 0.0000000, 0, 5.2900, 33.5000, 0.0000, 0.0000
ATT: 2, -62, 877
GPS: 15578409, 0, 0, 0.0000000, 0.0000000, 0, 4.9400, 33.5000, 0.0000, 0.0000
ATT: 2, -63, 877
GPS: 15578409, 0, 0, 0.0000000, 0.0000000, 0, 4.6800, 33.5000, 0.0000, 0.0000
ATT: 2, -63, 877
GPS: 15579405, 0, 0, 0.0000000, 0.0000000, 0, 5.5500, 33.5000, 0.0000, 0.0000
ATT: 2, -63, 877
GPS: 15579405, 0, 0, 0.0000000, 0.0000000, 0, 6.1500, 33.5000, 0.0000, 0.0000
ATT: 2, -63, 877
GPS: 15579405, 0, 0, 0.0000000, 0.0000000, 0, 4.3300, 33.5000, 0.0000, 0.0000
ATT: 2, -63, 877
GPS: 15579405, 0, 0, 0.0000000, 0.0000000, 0, 3.0300, 33.5000, 0.0000, 0.0000
ATT: 1, -63, 877
GPS: 15579405, 0, 0, 0.0000000, 0.0000000, 0, 4.0700, 33.5000, 0.0000, 0.0000
