Dumping Log 18,    start pg 2261,   end pg 2277

ArduPlane V2.33
Free RAM: 3417
GROUND START -  0 commands in memory
CMD:0,16,0,3711,426227864,-712071785, 
MOD:Manual
PM:40221,1,13,0,0,0,0,0,1,-16,-16,9,0, 
ATT: 1464, 2765, 601
GPS: 0, 0, 0, 0.0000000, 0.0000000, 0, -0.2500, 0.0000, 0.0000, 0.0000
ATT: 1766, 3821, 756
GPS: 0, 0, 0, 0.0000000, 0.0000000, 0, 1.8800, 0.0000, 0.0000, 0.0000
ATT: 2053, 4489, 879
GPS: 0, 0, 0, 0.0000000, 0.0000000, 0, 3.4200, 0.0000, 0.0000, 0.0000
ATT: 2139, 4717, 896
GPS: 0, 0, 0, 0.0000000, 0.0000000, 0, 4.1900, 0.0000, 0.0000, 0.0000
ATT: 1944, 4455, 752
GPS: 0, 0, 0, 0.0000000, 0.0000000, 0, 4.7000, 0.0000, 0.0000, 0.0000
ATT: 1696, 3691, 600
GPS: 0, 0, 0, 0.0000000, 0.0000000, 0, 4.6200, 0.0000, 0.0000, 0.0000
ATT: 1475, 2619, 528
GPS: 0, 0, 0, 0.0000000, 0.0000000, 0, 4.5300, 0.0000, 0.0000, 0.0000
ATT: 1224, 1232, 514
GPS: 0, 0, 0, 0.0000000, 0.0000000, 0, 4.1000, 0.0000, 0.0000, 0.0000
ATT: 1007, -91, 587
GPS: 0, 0, 0, 0.0000000, 0.0000000, 0, 3.8500, 0.0000, 0.0000, 0.0000
ATT: 821, -1064, 659
GPS: 0, 0, 0, 0.0000000, 0.0000000, 0, 2.7300, 0.0000, 0.0000, 0.0000
ATT: 702, -1542, 705
GPS: 0, 0, 0, 0.0000000, 0.0000000, 0, 1.9600, 0.0000, 0.0000, 0.0000
ATT: 604, -1696, 783
GPS: 0, 0, 0, 0.0000000, 0.0000000, 0, 1.5400, 0.0000, 0.0000, 0.0000
ATT: 501, -1784, 978
GPS: 0, 0, 0, 0.0000000, 0.0000000, 0, 1.2800, 0.0000, 0.0000, 0.0000
ATT: 333, -1934, 1278
GPS: 0, 0, 0, 0.0000000, 0.0000000, 0, 1.0200, 0.0000, 0.0000, 0.0000
ATT: 119, -1992, 1590
GPS: 0, 0, 0, 0.0000000, 0.0000000, 0, 0.7700, 0.0000, 0.0000, 0.0000
ATT: -202, -1947, 1873
GPS: 0, 0, 0, 0.0000000, 0.0000000, 0, 0.7700, 0.0000, 0.0000, 0.0000
ATT: -339, -1693, 2023
GPS: 0, 0, 0, 0.0000000, 0.0000000, 0, 0.7700, 0.0000, 0.0000, 0.0000
ATT: -259, -1279, 2057
GPS: 0, 0, 0, 0.0000000, 0.0000000, 0, 0.6800, 0.0000, 0.0000, 0.0000
ATT: 27, -879, 1992
GPS: 0, 0, 0, 0.0000000, 0.0000000, 0, 0.5900, 0.0000, 0.0000, 0.0000
ATT: 308, -503, 1899
GPS: 0, 0, 0, 0.0000000, 0.0000000, 0, 0.5100, 0.0000, 0.0000, 0.0000
ATT: 467, -96, 1838
GPS: 0, 0, 0, 0.0000000, 0.0000000, 0, 0.4200, 0.0000, 0.0000, 0.0000
ATT: 483, 77, 1832
GPS: 0, 0, 0, 0.0000000, 0.0000000, 0, 0.3400, 0.0000, 0.0000, 0.0000
ATT: 462, 49, 1779
GPS: 0, 0, 0, 0.0000000, 0.0000000, 0, 0.3400, 0.0000, 0.0000, 0.0000
ATT: 496, 45, 1663
GPS: 0, 0, 0, 0.0000000, 0.0000000, 0, 0.3400, 0.0000, 0.0000, 0.0000
ATT: 451, 178, 1560
GPS: 0, 0, 0, 0.0000000, 0.0000000, 0, 0.3400, 0.0000, 0.0000, 0.0000
ATT: 446, 305, 1548
GPS: 0, 0, 0, 0.0000000, 0.0000000, 0, 0.2500, 0.0000, 0.0000, 0.0000
ATT: 444, 276, 1653
GPS: 0, 0, 0, 0.0000000, 0.0000000, 0, 0.1700, 0.0000, 0.0000, 0.0000
ATT: 358, 140, 1698
GPS: 0, 0, 0, 0.0000000, 0.0000000, 0, 0.1700, 0.0000, 0.0000, 0.0000
ATT: 290, 127, 1618
GPS: 0, 0, 0, 0.0000000, 0.0000000, 0, 0.1700, 0.0000, 0.0000, 0.0000
ATT: 261, 197, 1516
GPS: 0, 0, 0, 0.0000000, 0.0000000, 0, 0.3400, 0.0000, 0.0000, 0.0000
ATT: 329, 113, 1577
GPS: 0, 0, 0, 0.0000000, 0.0000000, 0, 0.4200, 0.0000, 0.0000, 0.0000
ATT: 437, -521, 1751
GPS: 0, 0, 0, 0.0000000, 0.0000000, 0, 0.3400, 0.0000, 0.0000, 0.0000
ATT: 435, -1770, 1786
GPS: 0, 0, 0, 0.0000000, 0.0000000, 0, 0.2500, 0.0000, 0.0000, 0.0000
ATT: 527, -2993, 1802
GPS: 0, 0, 0, 0.0000000, 0.0000000, 0, 0.2500, 0.0000, 0.0000, 0.0000
ATT: 654, -3890, 1905
GPS: 0, 0, 0, 0.0000000, 0.0000000, 0, 0.2500, 0.0000, 0.0000, 0.0000
ATT: 666, -4509, 2128
GPS: 0, 0, 0, 0.0000000, 0.0000000, 0, 0.3400, 0.0000, 0.0000, 0.0000
ATT: 663, -5077, 2349
GPS: 0, 0, 0, 0.0000000, 0.0000000, 0, 0.4200, 0.0000, 0.0000, 0.0000
ATT: 729, -5756, 2510
GPS: 0, 0, 0, 0.0000000, 0.0000000, 0, 0.4200, 0.0000, 0.0000, 0.0000
ATT: 943, -6370, 2435
GPS: 0, 0, 0, 0.0000000, 0.0000000, 0, 0.4200, 0.0000, 0.0000, 0.0000
ATT: 1063, -6346, 2325
GPS: 0, 0, 0, 0.0000000, 0.0000000, 0, 0.3400, 0.0000, 0.0000, 0.0000
ATT: 1173, -5601, 2174
GPS: 0, 0, 0, 0.0000000, 0.0000000, 0, 0.3400, 0.0000, 0.0000, 0.0000
ATT: 1586, -4577, 1749
GPS: 0, 0, 0, 0.0000000, 0.0000000, 0, 0.3400, 0.0000, 0.0000, 0.0000
ATT: 2362, -3659, 1132
GPS: 0, 0, 0, 0.0000000, 0.0000000, 0, 0.3400, 0.0000, 0.0000, 0.0000
ATT: 3008, -2566, 452
GPS: 0, 0, 0, 0.0000000, 0.0000000, 0, 0.4200, 0.0000, 0.0000, 0.0000
ATT: 3358, -1324, 35702
GPS: 0, 0, 0, 0.0000000, 0.0000000, 0, 0.5100, 0.0000, 0.0000, 0.0000
ATT: 3289, -240, 34667
GPS: 0, 0, 0, 0.0000000, 0.0000000, 0, 0.3400, 0.0000, 0.0000, 0.0000
ATT: 2759, 456, 33286
GPS: 0, 0, 0, 0.0000000, 0.0000000, 0, 0.2500, 0.0000, 0.0000, 0.0000
ATT: 2040, 582, 31714
GPS: 0, 0, 0, 0.0000000, 0.0000000, 0, 0.3400, 0.0000, 0.0000, 0.0000
ATT: 1496, 191, 30235
GPS: 0, 0, 0, 0.0000000, 0.0000000, 0, 0.4200, 0.0000, 0.0000, 0.0000
ATT: 1219, -375, 29044
GPS: 0, 0, 0, 0.0000000, 0.0000000, 0, 0.4200, 0.0000, 0.0000, 0.0000
ATT: 1054, -788, 28175
GPS: 0, 0, 0, 0.0000000, 0.0000000, 0, 0.4200, 0.0000, 0.0000, 0.0000
ATT: 844, -829, 27498
GPS: 0, 0, 0, 0.0000000, 0.0000000, 0, 0.3400, 0.0000, 0.0000, 0.0000
ATT: 698, -737, 26777
GPS: 0, 0, 0, 0.0000000, 0.0000000, 0, 0.3400, 0.0000, 0.0000, 0.0000
ATT: 420, -610, 25780
GPS: 0, 0, 0, 0.0000000, 0.0000000, 0, 0.1700, 0.0000, 0.0000, 0.0000
ATT: -231, -571, 24661
GPS: 0, 0, 0, 0.0000000, 0.0000000, 0, 0.0000, 0.0000, 0.0000, 0.0000
ATT: -964, -695, 23722
GPS: 0, 0, 0, 0.0000000, 0.0000000, 0, -0.0800, 0.0000, 0.0000, 0.0000
ATT: -1505, -832, 23088
GPS: 0, 0, 0, 0.0000000, 0.0000000, 0, -0.0800, 0.0000, 0.0000, 0.0000
ATT: -1714, -955, 22722
GPS: 0, 0, 0, 0.0000000, 0.0000000, 0, -0.0800, 0.0000, 0.0000, 0.0000
ATT: -1515, -939, 22634
GPS: 0, 0, 0, 0.0000000, 0.0000000, 0, -0.0800, 0.0000, 0.0000, 0.0000
ATT: -993, -764, 22531
GPS: 0, 0, 0, 0.0000000, 0.0000000, 0, -0.2500, 0.0000, 0.0000, 0.0000
ATT: -474, -492, 22224
GPS: 0, 0, 0, 0.0000000, 0.0000000, 0, -0.3400, 0.0000, 0.0000, 0.0000
ATT: -204, -197, 21810
GPS: 0, 0, 0, 0.0000000, 0.0000000, 0, -0.2500, 0.0000, 0.0000, 0.0000
ATT: -82, -16, 21506
GPS: 0, 0, 0, 0.0000000, 0.0000000, 0, -0.1700, 0.0000, 0.0000, 0.0000
ATT: 64, 292, 21230
GPS: 0, 0, 0, 0.0000000, 0.0000000, 0, -0.2500, 0.0000, 0.0000, 0.0000
ATT: 389, 350, 21129
GPS: 0, 0, 0, 0.0000000, 0.0000000, 0, -0.3400, 0.0000, 0.0000, 0.0000
ATT: 560, 360, 21070
GPS: 0, 0, 0, 0.0000000, 0.0000000, 0, -0.5900, 0.0000, 0.0000, 0.0000
ATT: 596, 307, 21069
GPS: 0, 0, 0, 0.0000000, 0.0000000, 0, -0.7600, 0.0000, 0.0000, 0.0000
ATT: 551, 276, 21026
GPS: 0, 0, 0, 0.0000000, 0.0000000, 0, -0.8500, 0.0000, 0.0000, 0.0000
ATT: 556, 253, 21019
GPS: 0, 0, 0, 0.0000000, 0.0000000, 0, -0.8500, 0.0000, 0.0000, 0.0000
ATT: 557, 240, 21051
GPS: 0, 0, 0, 0.0000000, 0.0000000, 0, -0.8500, 0.0000, 0.0000, 0.0000
ATT: 474, 227, 21056
GPS: 0, 0, 0, 0.0000000, 0.0000000, 0, -0.8500, 0.0000, 0.0000, 0.0000
ATT: 326, 195, 21068
GPS: 0, 0, 0, 0.0000000, 0.0000000, 0, -0.7600, 0.0000, 0.0000, 0.0000
ATT: 170, 137, 21080
GPS: 0, 0, 0, 0.0000000, 0.0000000, 0, -0.6800, 0.0000, 0.0000, 0.0000
ATT: 23, 102, 21155
GPS: 0, 0, 0, 0.0000000, 0.0000000, 0, -0.8500, 0.0000, 0.0000, 0.0000
ATT: -49, 146, 21227
GPS: 0, 0, 0, 0.0000000, 0.0000000, 0, -1.0200, 0.0000, 0.0000, 0.0000
ATT: -83, 166, 21233
GPS: 0, 0, 0, 0.0000000, 0.0000000, 0, -1.0200, 0.0000, 0.0000, 0.0000
ATT: -85, 170, 21246
GPS: 0, 0, 0, 0.0000000, 0.0000000, 0, -1.0200, 0.0000, 0.0000, 0.0000
ATT: -32, 173, 21257
GPS: 0, 0, 0, 0.0000000, 0.0000000, 0, -1.0200, 0.0000, 0.0000, 0.0000
ATT: 28, 167, 21281
GPS: 0, 0, 0, 0.0000000, 0.0000000, 0, -1.0200, 0.0000, 0.0000, 0.0000
ATT: 69, 158, 21282
GPS: 0, 0, 0, 0.0000000, 0.0000000, 0, -0.9400, 0.0000, 0.0000, 0.0000
ATT: 32, 145, 21286
GPS: 0, 0, 0, 0.0000000, 0.0000000, 0, -0.8500, 0.0000, 0.0000, 0.0000
ATT: -94, 117, 21273
GPS: 0, 0, 0, 0.0000000, 0.0000000, 0, -0.8500, 0.0000, 0.0000, 0.0000
ATT: -303, 113, 21266
GPS: 0, 0, 0, 0.0000000, 0.0000000, 0, -0.8500, 0.0000, 0.0000, 0.0000
ATT: -533, 95, 21260
GPS: 0, 0, 0, 0.0000000, 0.0000000, 0, -0.9400, 0.0000, 0.0000, 0.0000
ATT: -759, 55, 21304
GPS: 0, 0, 0, 0.0000000, 0.0000000, 0, -1.0200, 0.0000, 0.0000, 0.0000
ATT: -832, 43, 21351
GPS: 0, 0, 0, 0.0000000, 0.0000000, 0, -1.1100, 0.0000, 0.0000, 0.0000
ATT: -795, 40, 21361
GPS: 0, 0, 0, 0.0000000, 0.0000000, 0, -1.1900, 0.0000, 0.0000, 0.0000
ATT: -795, 36, 21377
GPS: 0, 0, 0, 0.0000000, 0.0000000, 0, -1.1900, 0.0000, 0.0000, 0.0000
ATT: -796, 38, 21384
GPS: 0, 0, 0, 0.0000000, 0.0000000, 0, -1.1900, 0.0000, 0.0000, 0.0000
ATT: -826, 38, 21379
GPS: 0, 0, 0, 0.0000000, 0.0000000, 0, -1.2800, 0.0000, 0.0000, 0.0000
ATT: -831, 35, 21386
GPS: 0, 0, 0, 0.0000000, 0.0000000, 0, -1.2800, 0.0000, 0.0000, 0.0000
ATT: -829, 34, 21393
GPS: 0, 0, 0, 0.0000000, 0.0000000, 0, -1.2800, 0.0000, 0.0000, 0.0000
ATT: -832, 33, 21399
GPS: 0, 0, 0, 0.0000000, 0.0000000, 0, -1.2800, 0.0000, 0.0000, 0.0000
ATT: -778, 52, 21226
GPS: 0, 0, 0, 0.0000000, 0.0000000, 0, -1.1900, 0.0000, 0.0000, 0.0000
ATT: -419, 62, 21060
GPS: 0, 0, 0, 0.0000000, 0.0000000, 0, -1.1100, 0.0000, 0.0000, 0.0000
ATT: 125, 65, 21056
GPS: 0, 0, 0, 0.0000000, 0.0000000, 0, -1.1100, 0.0000, 0.0000, 0.0000
ATT: 485, 77, 21081
GPS: 0, 0, 0, 0.0000000, 0.0000000, 0, -1.1100, 0.0000, 0.0000, 0.0000
ATT: 561, 98, 21083
GPS: 0, 0, 0, 0.0000000, 0.0000000, 0, -1.1100, 0.0000, 0.0000, 0.0000
ATT: 552, 107, 21095
GPS: 0, 0, 0, 0.0000000, 0.0000000, 0, -1.1100, 0.0000, 0.0000, 0.0000
ATT: 528, 100, 21119
GPS: 0, 0, 0, 0.0000000, 0.0000000, 0, -1.1100, 0.0000, 0.0000, 0.0000
ATT: 513, 107, 21127
GPS: 0, 0, 0, 0.0000000, 0.0000000, 0, -1.1100, 0.0000, 0.0000, 0.0000
ATT: 481, 104, 21128
GPS: 0, 0, 0, 0.0000000, 0.0000000, 0, -0.9400, 0.0000, 0.0000, 0.0000
ATT: 376, 94, 21126
GPS: 0, 0, 0, 0.0000000, 0.0000000, 0, -0.8500, 0.0000, 0.0000, 0.0000
ATT: 217, 97, 21110
GPS: 0, 0, 0, 0.0000000, 0.0000000, 0, -1.0200, 0.0000, 0.0000, 0.0000
ATT: 59, 100, 21102
GPS: 0, 0, 0, 0.0000000, 0.0000000, 0, -1.1100, 0.0000, 0.0000, 0.0000
ATT: 15, 123, 21077
GPS: 0, 0, 0, 0.0000000, 0.0000000, 0, -1.1100, 0.0000, 0.0000, 0.0000
ATT: 104, 131, 21135
GPS: 0, 0, 0, 0.0000000, 0.0000000, 0, -1.1100, 0.0000, 0.0000, 0.0000
ATT: 121, 103, 21303
GPS: 0, 0, 0, 0.0000000, 0.0000000, 0, -1.1100, 0.0000, 0.0000, 0.0000
ATT: 239, -352, 21347
GPS: 0, 0, 0, 0.0000000, 0.0000000, 0, -1.1100, 0.0000, 0.0000, 0.0000
ATT: 582, -909, 21338
GPS: 0, 0, 0, 0.0000000, 0.0000000, 0, -1.1100, 0.0000, 0.0000, 0.0000
ATT: 1183, -1155, 21233
GPS: 0, 0, 0, 0.0000000, 0.0000000, 0, -1.1100, 0.0000, 0.0000, 0.0000
ATT: 2068, -1113, 21097
GPS: 0, 0, 0, 0.0000000, 0.0000000, 0, -1.1100, 0.0000, 0.0000, 0.0000
ATT: 2952, -869, 21085
GPS: 0, 0, 0, 0.0000000, 0.0000000, 0, -1.1100, 0.0000, 0.0000, 0.0000
ATT: 3662, -655, 21182
GPS: 0, 0, 0, 0.0000000, 0.0000000, 0, -1.1100, 0.0000, 0.0000, 0.0000
ATT: 4195, -498, 21306
GPS: 0, 0, 0, 0.0000000, 0.0000000, 0, -1.1100, 0.0000, 0.0000, 0.0000
ATT: 4292, -486, 21309
GPS: 0, 0, 0, 0.0000000, 0.0000000, 0, -1.1100, 0.0000, 0.0000, 0.0000
ATT: 4099, -568, 21197
GPS: 0, 0, 0, 0.0000000, 0.0000000, 0, -1.1100, 0.0000, 0.0000, 0.0000
ATT: 3329, -576, 21110
GPS: 0, 0, 0, 0.0000000, 0.0000000, 0, -1.1100, 0.0000, 0.0000, 0.0000
ATT: 2126, -503, 21087
GPS: 0, 0, 0, 0.0000000, 0.0000000, 0, -1.1100, 0.0000, 0.0000, 0.0000
ATT: 747, -476, 21001
GPS: 0, 0, 0, 0.0000000, 0.0000000, 0, -0.9400, 0.0000, 0.0000, 0.0000
ATT: -229, -579, 20970
GPS: 0, 0, 0, 0.0000000, 0.0000000, 0, -0.8500, 0.0000, 0.0000, 0.0000
ATT: -459, -245, 20964
GPS: 0, 0, 0, 0.0000000, 0.0000000, 0, -0.8500, 0.0000, 0.0000, 0.0000
ATT: -430, 481, 20879
GPS: 0, 0, 0, 0.0000000, 0.0000000, 0, -0.8500, 0.0000, 0.0000, 0.0000
ATT: -404, 1112, 20759
GPS: 0, 0, 0, 0.0000000, 0.0000000, 0, -0.8500, 0.0000, 0.0000, 0.0000
ATT: -457, 1354, 20674
GPS: 0, 0, 0, 0.0000000, 0.0000000, 0, -0.8500, 0.0000, 0.0000, 0.0000
ATT: -411, 1261, 20672
GPS: 0, 0, 0, 0.0000000, 0.0000000, 0, -0.8500, 0.0000, 0.0000, 0.0000
ATT: -354, 524, 20720
GPS: 0, 0, 0, 0.0000000, 0.0000000, 0, -0.8500, 0.0000, 0.0000, 0.0000
ATT: -308, -763, 20838
GPS: 0, 0, 0, 0.0000000, 0.0000000, 0, -0.7600, 0.0000, 0.0000, 0.0000
ATT: -125, -2156, 20948
GPS: 0, 0, 0, 0.0000000, 0.0000000, 0, -0.6800, 0.0000, 0.0000, 0.0000
ATT: 155, -3365, 20929
GPS: 0, 0, 0, 0.0000000, 0.0000000, 0, -0.7600, 0.0000, 0.0000, 0.0000
ATT: 317, -4346, 20854
GPS: 0, 0, 0, 0.0000000, 0.0000000, 0, -0.7600, 0.0000, 0.0000, 0.0000
ATT: 332, -4899, 20833
GPS: 0, 0, 0, 0.0000000, 0.0000000, 0, -0.8500, 0.0000, 0.0000, 0.0000
ATT: 306, -4650, 20805
GPS: 0, 0, 0, 0.0000000, 0.0000000, 0, -0.8500, 0.0000, 0.0000, 0.0000
ATT: 256, -3590, 20723
GPS: 0, 0, 0, 0.0000000, 0.0000000, 0, -0.7600, 0.0000, 0.0000, 0.0000
ATT: 125, -2004, 20668
GPS: 0, 0, 0, 0.0000000, 0.0000000, 0, -0.6800, 0.0000, 0.0000, 0.0000
ATT: 4, -311, 20577
GPS: 0, 0, 0, 0.0000000, 0.0000000, 0, -0.6800, 0.0000, 0.0000, 0.0000
ATT: -62, 1122, 20499
GPS: 0, 0, 0, 0.0000000, 0.0000000, 0, -0.6800, 0.0000, 0.0000, 0.0000
ATT: -122, 1860, 20480
GPS: 0, 0, 0, 0.0000000, 0.0000000, 0, -0.6800, 0.0000, 0.0000, 0.0000
ATT: -170, 1456, 20508
GPS: 0, 0, 0, 0.0000000, 0.0000000, 0, -0.6800, 0.0000, 0.0000, 0.0000
ATT: -238, 31, 20611
GPS: 0, 0, 0, 0.0000000, 0.0000000, 0, -0.6800, 0.0000, 0.0000, 0.0000
ATT: -137, -1500, 20784
GPS: 0, 0, 0, 0.0000000, 0.0000000, 0, -0.6800, 0.0000, 0.0000, 0.0000
ATT: 245, -2469, 20751
GPS: 0, 0, 0, 0.0000000, 0.0000000, 0, -0.7600, 0.0000, 0.0000, 0.0000
ATT: 320, -2690, 20661
GPS: 0, 0, 0, 0.0000000, 0.0000000, 0, -0.7600, 0.0000, 0.0000, 0.0000
ATT: 138, -2248, 20715
GPS: 0, 0, 0, 0.0000000, 0.0000000, 0, -0.9400, 0.0000, 0.0000, 0.0000
ATT: 342, -1454, 20675
GPS: 0, 0, 0, 0.0000000, 0.0000000, 0, -1.0200, 0.0000, 0.0000, 0.0000
ATT: 473, -866, 20648
GPS: 0, 0, 0, 0.0000000, 0.0000000, 0, -1.0200, 0.0000, 0.0000, 0.0000
ATT: 431, -609, 20633
GPS: 0, 0, 0, 0.0000000, 0.0000000, 0, -1.0200, 0.0000, 0.0000, 0.0000
ATT: 406, -425, 20563
GPS: 0, 0, 0, 0.0000000, 0.0000000, 0, -0.9400, 0.0000, 0.0000, 0.0000
ATT: 420, -290, 20501
GPS: 0, 0, 0, 0.0000000, 0.0000000, 0, -0.9400, 0.0000, 0.0000, 0.0000
ATT: 387, -263, 20529
GPS: 0, 0, 0, 0.0000000, 0.0000000, 0, -1.0200, 0.0000, 0.0000, 0.0000
ATT: 268, -252, 20571
GPS: 0, 0, 0, 0.0000000, 0.0000000, 0, -1.1100, 0.0000, 0.0000, 0.0000
ATT: 80, -208, 20579
GPS: 0, 0, 0, 0.0000000, 0.0000000, 0, -1.1100, 0.0000, 0.0000, 0.0000
ATT: -60, -146, 20593
GPS: 0, 0, 0, 0.0000000, 0.0000000, 0, -1.1100, 0.0000, 0.0000, 0.0000
ATT: 32, -84, 20626
GPS: 0, 0, 0, 0.0000000, 0.0000000, 0, -1.1900, 0.0000, 0.0000, 0.0000
ATT: 214, -70, 20615
GPS: 0, 0, 0, 0.0000000, 0.0000000, 0, -1.2800, 0.0000, 0.0000, 0.0000
ATT: 352, -108, 20643
GPS: 0, 0, 0, 0.0000000, 0.0000000, 0, -1.2800, 0.0000, 0.0000, 0.0000
ATT: 479, -126, 20695
GPS: 0, 0, 0, 0.0000000, 0.0000000, 0, -1.2800, 0.0000, 0.0000, 0.0000
ATT: 586, -94, 20716
GPS: 0, 0, 0, 0.0000000, 0.0000000, 0, -1.2800, 0.0000, 0.0000, 0.0000
ATT: 628, -91, 20719
GPS: 0, 0, 0, 0.0000000, 0.0000000, 0, -1.2800, 0.0000, 0.0000, 0.0000
ATT: 588, -100, 20724
GPS: 0, 0, 0, 0.0000000, 0.0000000, 0, -1.3600, 0.0000, 0.0000, 0.0000
ATT: 482, -87, 20718
GPS: 0, 0, 0, 0.0000000, 0.0000000, 0, -1.3600, 0.0000, 0.0000, 0.0000
ATT: 425, -69, 20733
GPS: 0, 0, 0, 0.0000000, 0.0000000, 0, -1.3600, 0.0000, 0.0000, 0.0000
ATT: 505, -78, 20770
GPS: 0, 0, 0, 0.0000000, 0.0000000, 0, -1.3600, 0.0000, 0.0000, 0.0000
ATT: 556, -94, 20788
GPS: 0, 0, 0, 0.0000000, 0.0000000, 0, -1.4500, 0.0000, 0.0000, 0.0000
ATT: 537, -104, 20823
GPS: 0, 0, 0, 0.0000000, 0.0000000, 0, -1.4500, 0.0000, 0.0000, 0.0000
ATT: 477, -121, 20873
GPS: 0, 0, 0, 0.0000000, 0.0000000, 0, -1.2800, 0.0000, 0.0000, 0.0000
ATT: 404, -124, 20931
GPS: 0, 0, 0, 0.0000000, 0.0000000, 0, -1.1900, 0.0000, 0.0000, 0.0000
ATT: 402, -130, 20917
GPS: 0, 0, 0, 0.0000000, 0.0000000, 0, -1.2800, 0.0000, 0.0000, 0.0000
ATT: 405, -131, 20896
GPS: 0, 0, 0, 0.0000000, 0.0000000, 0, -1.3600, 0.0000, 0.0000, 0.0000
ATT: 370, -127, 20907
GPS: 0, 0, 0, 0.0000000, 0.0000000, 0, -1.3600, 0.0000, 0.0000, 0.0000
ATT: 315, -102, 20916
GPS: 0, 0, 0, 0.0000000, 0.0000000, 0, -1.3600, 0.0000, 0.0000, 0.0000
ATT: 317, -81, 20920
GPS: 0, 0, 0, 0.0000000, 0.0000000, 0, -1.3600, 0.0000, 0.0000, 0.0000
ATT: 328, -87, 20927
GPS: 0, 0, 0, 0.0000000, 0.0000000, 0, -1.3600, 0.0000, 0.0000, 0.0000
ATT: 281, -84, 20929
GPS: 0, 0, 0, 0.0000000, 0.0000000, 0, -1.4500, 0.0000, 0.0000, 0.0000
ATT: 230, -63, 20930
GPS: 0, 0, 0, 0.0000000, 0.0000000, 0, -1.5300, 0.0000, 0.0000, 0.0000
ATT: 296, -58, 20948
GPS: 0, 0, 0, 0.0000000, 0.0000000, 0, -1.4500, 0.0000, 0.0000, 0.0000
ATT: 377, -66, 20951
GPS: 0, 0, 0, 0.0000000, 0.0000000, 0, -1.4500, 0.0000, 0.0000, 0.0000
ATT: 428, -66, 20963
GPS: 0, 0, 0, 0.0000000, 0.0000000, 0, -1.4500, 0.0000, 0.0000, 0.0000
ATT: 450, -139, 20988
GPS: 0, 0, 0, 0.0000000, 0.0000000, 0, -1.4500, 0.0000, 0.0000, 0.0000
ATT: 539, -233, 20989
GPS: 0, 0, 0, 0.0000000, 0.0000000, 0, -1.5300, 0.0000, 0.0000, 0.0000
ATT: 696, -197, 20986
GPS: 0, 0, 0, 0.0000000, 0.0000000, 0, -1.5300, 0.0000, 0.0000, 0.0000
