Dumping Log 8,    start pg 1944,   end pg 1984

ArduPlane V2.33
Free RAM: 3325
GROUND START -  4 commands in memory
CMD:0,16,0,1992,426545753,-713267828, 
CMD:1,16,0,100,426543584,-713268224, 
CMD:2,16,0,100,426544416,-713269184, 
CMD:3,16,0,100,426545280,-713270272, 
CMD:4,16,0,100,426544832,-713265792, 
MOD:Manual
PM:21619,1,98,0,0,0,0,0,1,0,0,0,0, 
ATT: -34, -13, 2
GPS: 574625408, 0, 0, 0.0000000, 0.0000000, 0, -0.1700, 33.4700, 0.0000, 0.0000
ATT: -31, -11, 3
GPS: 574625408, 0, 0, 0.0000000, 0.0000000, 0, -0.0800, 33.4700, 0.0000, 0.0000
ATT: -32, -12, 3
GPS: 574625408, 0, 0, 0.0000000, 0.0000000, 0, -0.0800, 33.4700, 0.0000, 0.0000
ATT: -31, -9, 2
GPS: 574625408, 0, 0, 0.0000000, 0.0000000, 0, 0.2500, 33.4700, 0.0000, 0.0000
ATT: -32, -5, 2
GPS: 574625408, 0, 0, 0.0000000, 0.0000000, 0, 0.5100, 33.4700, 0.0000, 0.0000
ATT: -29, -5, 3
GPS: 574625408, 0, 0, 0.0000000, 0.0000000, 0, 1.3800, 33.4700, 0.0000, 0.0000
ATT: -31, -7, 3
GPS: 574625408, 0, 0, 0.0000000, 0.0000000, 0, 1.9800, 33.4700, 0.0000, 0.0000
ATT: -31, -6, 2
GPS: 574625408, 0, 0, 0.0000000, 0.0000000, 0, 1.9800, 33.4700, 0.0000, 0.0000
ATT: -29, -2, 3
GPS: 574625408, 0, 0, 0.0000000, 0.0000000, 0, 1.9800, 33.4700, 0.0000, 0.0000
ATT: -34, -3, 6
GPS: 574625408, 0, 0, 0.0000000, 0.0000000, 0, 2.8500, 33.4700, 0.0000, 0.0000
ATT: -30, -3, 4
GPS: 574625408, 0, 0, 0.0000000, 0.0000000, 0, 3.4500, 33.4700, 0.0000, 0.0000
ATT: -32, -1, 4
GPS: 574625408, 0, 0, 0.0000000, 0.0000000, 0, 2.6700, 33.4700, 0.0000, 0.0000
ATT: -30, 1, 4
GPS: 574625408, 0, 0, 0.0000000, 0.0000000, 0, 2.1600, 33.4700, 0.0000, 0.0000
ATT: -28, -1, 5
GPS: 574625408, 0, 0, 0.0000000, 0.0000000, 0, 2.3300, 33.4700, 0.0000, 0.0000
ATT: -31, -2, 6
GPS: 574625408, 0, 0, 0.0000000, 0.0000000, 0, 2.5000, 33.4700, 0.0000, 0.0000
ATT: -32, 0, 4
GPS: 574625408, 0, 0, 0.0000000, 0.0000000, 0, 3.1100, 33.4700, 0.0000, 0.0000
ATT: -32, 0, 5
GPS: 574625408, 0, 0, 0.0000000, 0.0000000, 0, 3.5400, 33.4700, 0.0000, 0.0000
ATT: -40, 0, 6
GPS: 574625408, 0, 0, 0.0000000, 0.0000000, 0, 3.2800, 33.4700, 0.0000, 0.0000
ATT: -40, -2, 5
GPS: 574625408, 0, 0, 0.0000000, 0.0000000, 0, 3.1100, 33.4700, 0.0000, 0.0000
ATT: -39, -1, 5
GPS: 574625408, 0, 0, 0.0000000, 0.0000000, 0, 3.3700, 33.4700, 0.0000, 0.0000
ATT: -38, 0, 5
GPS: 574629408, 0, 0, 0.0000000, 0.0000000, 0, 3.5400, 33.4700, 0.0000, 0.0000
ATT: -30, 0, 5
GPS: 574629408, 0, 0, 0.0000000, 0.0000000, 0, 3.1100, 33.4700, 0.0000, 0.0000
ATT: -2, -1, 4
GPS: 574629408, 0, 0, 0.0000000, 0.0000000, 0, 2.7600, 33.4700, 0.0000, 0.0000
ATT: -12, -1, 4
GPS: 574629408, 0, 0, 0.0000000, 0.0000000, 0, 2.6700, 33.4700, 0.0000, 0.0000
ATT: -19, -5, 3
GPS: 574629408, 0, 0, 0.0000000, 0.0000000, 0, 2.6700, 33.4700, 0.0000, 0.0000
ATT: -27, 0, 5
GPS: 574629408, 0, 0, 0.0000000, 0.0000000, 0, 2.6700, 33.4700, 0.0000, 0.0000
ATT: -30, 1, 7
GPS: 574629408, 0, 0, 0.0000000, 0.0000000, 0, 2.6700, 33.4700, 0.0000, 0.0000
ATT: -42, 0, 6
GPS: 574629408, 0, 0, 0.0000000, 0.0000000, 0, 2.5900, 33.4700, 0.0000, 0.0000
ATT: -48, 0, 6
GPS: 574629408, 0, 0, 0.0000000, 0.0000000, 0, 2.5000, 33.4700, 0.0000, 0.0000
ATT: -55, 2, 7
GPS: 574629408, 0, 0, 0.0000000, 0.0000000, 0, 2.8500, 33.4700, 0.0000, 0.0000
ATT: -62, 3, 8
GPS: 574630408, 0, 0, 0.0000000, 0.0000000, 0, 3.1100, 33.4700, 0.0000, 0.0000
ATT: -63, 3, 8
GPS: 574630408, 0, 0, 0.0000000, 0.0000000, 0, 2.5900, 33.4700, 0.0000, 0.0000
ATT: -66, 3, 6
GPS: 574630408, 0, 0, 0.0000000, 0.0000000, 0, 2.2400, 33.4700, 0.0000, 0.0000
ATT: -55, 2, 5
GPS: 574630408, 0, 0, 0.0000000, 0.0000000, 0, 2.2400, 33.4700, 0.0000, 0.0000
ATT: -57, 4, 7
GPS: 574630408, 0, 0, 0.0000000, 0.0000000, 0, 2.2400, 33.4700, 0.0000, 0.0000
ATT: -48, 3, 8
GPS: 574630408, 0, 0, 0.0000000, 0.0000000, 0, 2.4100, 33.4700, 0.0000, 0.0000
ATT: -51, 0, 9
GPS: 574630408, 0, 0, 0.0000000, 0.0000000, 0, 2.5900, 33.4700, 0.0000, 0.0000
ATT: -49, 1, 9
GPS: 574630408, 0, 0, 0.0000000, 0.0000000, 0, 2.6700, 33.4700, 0.0000, 0.0000
ATT: -50, 4, 8
GPS: 574630408, 0, 0, 0.0000000, 0.0000000, 0, 2.7600, 33.4700, 0.0000, 0.0000
ATT: -50, 3, 9
GPS: 574630408, 0, 0, 0.0000000, 0.0000000, 0, 3.2800, 33.4700, 0.0000, 0.0000
ATT: -48, 0, 10
GPS: 574631408, 0, 0, 0.0000000, 0.0000000, 0, 3.6200, 33.4700, 0.0000, 0.0000
ATT: -52, 2, 9
GPS: 574631408, 0, 0, 0.0000000, 0.0000000, 0, 2.9300, 33.4700, 0.0000, 0.0000
ATT: -49, 3, 8
GPS: 574631408, 0, 0, 0.0000000, 0.0000000, 0, 2.5000, 33.4700, 0.0000, 0.0000
ATT: -48, 2, 10
GPS: 574631408, 0, 0, 0.0000000, 0.0000000, 0, 2.8500, 33.4700, 0.0000, 0.0000
ATT: -50, 0, 11
GPS: 574631408, 0, 0, 0.0000000, 0.0000000, 0, 3.1100, 33.4700, 0.0000, 0.0000
ATT: -51, 3, 7
GPS: 574631408, 0, 0, 0.0000000, 0.0000000, 0, 2.7600, 33.4700, 0.0000, 0.0000
ATT: -48, 4, 9
GPS: 574631408, 0, 0, 0.0000000, 0.0000000, 0, 2.5000, 33.4700, 0.0000, 0.0000
ATT: -50, 4, 11
GPS: 574631408, 0, 0, 0.0000000, 0.0000000, 0, 2.6700, 33.4700, 0.0000, 0.0000
ATT: -49, 1, 11
GPS: 574631408, 0, 0, 0.0000000, 0.0000000, 0, 2.7600, 33.4700, 0.0000, 0.0000
ATT: -51, 4, 9
GPS: 574631408, 0, 0, 0.0000000, 0.0000000, 0, 3.3700, 33.4700, 0.0000, 0.0000
ATT: -49, 5, 9
GPS: 574632408, 0, 0, 0.0000000, 0.0000000, 0, 3.8000, 33.4700, 0.0000, 0.0000
ATT: -47, 3, 11
GPS: 574632408, 0, 0, 0.0000000, 0.0000000, 0, 3.7100, 33.4700, 0.0000, 0.0000
ATT: -49, 1, 11
GPS: 574632408, 0, 0, 0.0000000, 0.0000000, 0, 3.7100, 33.4700, 0.0000, 0.0000
ATT: -49, 3, 10
GPS: 574632408, 0, 0, 0.0000000, 0.0000000, 0, 3.8800, 33.4700, 0.0000, 0.0000
ATT: -49, 3, 10
GPS: 574632408, 0, 0, 0.0000000, 0.0000000, 0, 4.0600, 33.4700, 0.0000, 0.0000
ATT: -48, 1, 11
GPS: 574632408, 0, 0, 0.0000000, 0.0000000, 0, 3.1100, 33.4700, 0.0000, 0.0000
ATT: -49, 0, 10
GPS: 574632408, 0, 0, 0.0000000, 0.0000000, 0, 2.4100, 33.4700, 0.0000, 0.0000
ATT: -50, 2, 8
GPS: 574632408, 0, 0, 0.0000000, 0.0000000, 0, 2.5900, 33.4700, 0.0000, 0.0000
ATT: -49, 3, 8
GPS: 574632408, 0, 0, 0.0000000, 0.0000000, 0, 2.6700, 33.4700, 0.0000, 0.0000
ATT: -49, -1, 10
GPS: 574632408, 0, 0, 0.0000000, 0.0000000, 0, 3.1100, 33.4700, 0.0000, 0.0000
ATT: -51, 0, 8
GPS: 574633408, 0, 0, 0.0000000, 0.0000000, 0, 3.4500, 33.4700, 0.0000, 0.0000
ATT: -49, 0, 7
GPS: 574633408, 0, 0, 0.0000000, 0.0000000, 0, 3.1100, 33.4700, 0.0000, 0.0000
ATT: -50, 1, 7
GPS: 574633408, 0, 0, 0.0000000, 0.0000000, 0, 2.8500, 33.4700, 0.0000, 0.0000
ATT: -49, -1, 8
GPS: 574633408, 0, 0, 0.0000000, 0.0000000, 0, 3.2800, 33.4700, 0.0000, 0.0000
ATT: -49, 0, 8
GPS: 574633408, 0, 0, 0.0000000, 0.0000000, 0, 3.5400, 33.4700, 0.0000, 0.0000
ATT: -50, 0, 7
GPS: 574633408, 0, 0, 0.0000000, 0.0000000, 0, 2.5000, 33.4700, 0.0000, 0.0000
ATT: -50, 0, 6
GPS: 574633408, 0, 0, 0.0000000, 0.0000000, 0, 1.7200, 33.4700, 0.0000, 0.0000
ATT: -50, -1, 6
GPS: 574633408, 0, 0, 0.0000000, 0.0000000, 0, 2.1600, 33.4700, 0.0000, 0.0000
ATT: -50, 0, 6
GPS: 574633408, 0, 0, 0.0000000, 0.0000000, 0, 2.4100, 33.4700, 0.0000, 0.0000
ATT: -49, 0, 6
GPS: 574633408, 0, 0, 0.0000000, 0.0000000, 0, 2.6700, 33.4700, 0.0000, 0.0000
ATT: -49, 0, 6
GPS: 574634408, 0, 0, 0.0000000, 0.0000000, 0, 2.8500, 33.4700, 0.0000, 0.0000
ATT: -49, 0, 7
GPS: 574634408, 0, 0, 0.0000000, 0.0000000, 0, 2.6700, 33.4700, 0.0000, 0.0000
ATT: -49, 1, 6
GPS: 574634408, 0, 0, 0.0000000, 0.0000000, 0, 2.5900, 33.4700, 0.0000, 0.0000
ATT: -49, 2, 5
GPS: 574634408, 0, 0, 0.0000000, 0.0000000, 0, 3.2800, 33.4700, 0.0000, 0.0000
ATT: -49, 1, 6
GPS: 574634408, 0, 0, 0.0000000, 0.0000000, 0, 3.8000, 33.4700, 0.0000, 0.0000
ATT: -50, 3, 6
GPS: 574634408, 0, 0, 0.0000000, 0.0000000, 0, 3.3700, 33.4700, 0.0000, 0.0000
ATT: -49, 2, 5
GPS: 574634408, 0, 0, 0.0000000, 0.0000000, 0, 3.1100, 33.4700, 0.0000, 0.0000
ATT: -49, 2, 6
GPS: 574634408, 0, 0, 0.0000000, 0.0000000, 0, 3.3700, 33.4700, 0.0000, 0.0000
ATT: -49, 2, 5
GPS: 574634408, 0, 0, 0.0000000, 0.0000000, 0, 3.6200, 33.4700, 0.0000, 0.0000
ATT: -49, 3, 4
GPS: 574634408, 0, 0, 0.0000000, 0.0000000, 0, 3.1100, 33.4700, 0.0000, 0.0000
ATT: -48, 3, 5
GPS: 574635408, 0, 0, 0.0000000, 0.0000000, 0, 2.7600, 33.4700, 0.0000, 0.0000
ATT: -48, 2, 5
GPS: 574635408, 0, 0, 0.0000000, 0.0000000, 0, 2.8500, 33.4700, 0.0000, 0.0000
ATT: -48, 2, 6
GPS: 574635408, 0, 0, 0.0000000, 0.0000000, 0, 2.9300, 33.4700, 0.0000, 0.0000
ATT: -48, 2, 6
GPS: 574635408, 0, 0, 0.0000000, 0.0000000, 0, 3.5400, 33.4700, 0.0000, 0.0000
ATT: -49, 2, 6
GPS: 574635408, 0, 0, 0.0000000, 0.0000000, 0, 3.9700, 33.4700, 0.0000, 0.0000
ATT: -48, 2, 7
GPS: 574635408, 0, 0, 0.0000000, 0.0000000, 0, 3.3700, 33.4700, 0.0000, 0.0000
ATT: -48, 2, 7
GPS: 574635408, 0, 0, 0.0000000, 0.0000000, 0, 2.9300, 33.4700, 0.0000, 0.0000
ATT: -48, 3, 7
GPS: 574635408, 0, 0, 0.0000000, 0.0000000, 0, 3.1900, 33.4700, 0.0000, 0.0000
ATT: -48, 3, 7
GPS: 574635408, 0, 0, 0.0000000, 0.0000000, 0, 3.3700, 33.4700, 0.0000, 0.0000
ATT: -48, 3, 7
GPS: 574635408, 0, 0, 0.0000000, 0.0000000, 0, 2.3300, 33.4700, 0.0000, 0.0000
ATT: -48, 3, 7
GPS: 574636408, 0, 0, 0.0000000, 0.0000000, 0, 1.5500, 33.4700, 0.0000, 0.0000
ATT: -49, 3, 7
GPS: 574636408, 0, 0, 0.0000000, 0.0000000, 0, 2.3300, 33.4700, 0.0000, 0.0000
ATT: -49, 2, 7
GPS: 574636408, 0, 0, 0.0000000, 0.0000000, 0, 2.9300, 33.4700, 0.0000, 0.0000
ATT: -49, 3, 8
GPS: 574636408, 0, 0, 0.0000000, 0.0000000, 0, 3.4500, 33.4700, 0.0000, 0.0000
ATT: -49, 3, 7
GPS: 574636408, 0, 0, 0.0000000, 0.0000000, 0, 3.8800, 33.4700, 0.0000, 0.0000
ATT: -49, 2, 7
GPS: 574636408, 0, 0, 0.0000000, 0.0000000, 0, 3.5400, 33.4700, 0.0000, 0.0000
ATT: -49, 2, 7
GPS: 574636408, 0, 0, 0.0000000, 0.0000000, 0, 3.2800, 33.4700, 0.0000, 0.0000
ATT: -49, 2, 8
GPS: 574636408, 0, 0, 0.0000000, 0.0000000, 0, 3.9700, 33.4700, 0.0000, 0.0000
ATT: -50, 3, 9
GPS: 574636408, 0, 0, 0.0000000, 0.0000000, 0, 4.4000, 33.4700, 0.0000, 0.0000
ATT: -50, 2, 8
GPS: 574636408, 0, 0, 0.0000000, 0.0000000, 0, 4.2300, 33.4700, 0.0000, 0.0000
ATT: -50, 3, 9
GPS: 574637408, 0, 0, 0.0000000, 0.0000000, 0, 4.1400, 33.4700, 0.0000, 0.0000
ATT: -49, 2, 9
GPS: 574637408, 0, 0, 0.0000000, 0.0000000, 0, 4.2300, 33.4700, 0.0000, 0.0000
ATT: -50, 3, 10
GPS: 574637408, 0, 0, 0.0000000, 0.0000000, 0, 4.3200, 33.4700, 0.0000, 0.0000
ATT: -50, 1, 10
GPS: 574637408, 0, 0, 0.0000000, 0.0000000, 0, 4.0600, 33.4700, 0.0000, 0.0000
ATT: -50, 2, 10
GPS: 574637408, 0, 0, 0.0000000, 0.0000000, 0, 3.8800, 33.4700, 0.0000, 0.0000
ATT: -51, 1, 11
GPS: 574637408, 0, 0, 0.0000000, 0.0000000, 0, 3.8800, 33.4700, 0.0000, 0.0000
ATT: -51, 1, 11
GPS: 574637408, 0, 0, 0.0000000, 0.0000000, 0, 3.8800, 33.4700, 0.0000, 0.0000
ATT: -51, 0, 11
GPS: 574637408, 0, 0, 0.0000000, 0.0000000, 0, 3.8800, 33.4700, 0.0000, 0.0000
ATT: -51, 0, 11
GPS: 574637408, 0, 0, 0.0000000, 0.0000000, 0, 3.8800, 33.4700, 0.0000, 0.0000
ATT: -50, 1, 11
GPS: 574637408, 0, 0, 0.0000000, 0.0000000, 0, 3.5400, 33.4700, 0.0000, 0.0000
ATT: -49, 0, 11
GPS: 574638408, 0, 0, 0.0000000, 0.0000000, 0, 3.2800, 33.4700, 0.0000, 0.0000
ATT: -50, 1, 11
GPS: 574638408, 0, 0, 0.0000000, 0.0000000, 0, 3.8000, 33.4700, 0.0000, 0.0000
ATT: -50, 1, 11
GPS: 574638408, 0, 0, 0.0000000, 0.0000000, 0, 4.1400, 33.4700, 0.0000, 0.0000
ATT: -51, 1, 10
GPS: 574638408, 0, 0, 0.0000000, 0.0000000, 0, 3.3700, 33.4700, 0.0000, 0.0000
ATT: -51, 1, 10
GPS: 574638408, 0, 0, 0.0000000, 0.0000000, 0, 2.8500, 33.4700, 0.0000, 0.0000
ATT: -51, 1, 11
GPS: 574638408, 0, 0, 0.0000000, 0.0000000, 0, 2.9300, 33.4700, 0.0000, 0.0000
ATT: -51, 1, 11
GPS: 574638408, 0, 0, 0.0000000, 0.0000000, 0, 3.0200, 33.4700, 0.0000, 0.0000
ATT: -50, 1, 11
GPS: 574638408, 0, 0, 0.0000000, 0.0000000, 0, 3.4500, 33.4700, 0.0000, 0.0000
ATT: -51, 1, 12
GPS: 574638408, 0, 0, 0.0000000, 0.0000000, 0, 3.7100, 33.4700, 0.0000, 0.0000
ATT: -51, 0, 12
GPS: 574638408, 0, 0, 0.0000000, 0.0000000, 0, 2.8500, 33.4700, 0.0000, 0.0000
ATT: -51, 1, 12
GPS: 574639408, 0, 0, 0.0000000, 0.0000000, 0, 2.2400, 33.4700, 0.0000, 0.0000
ATT: -50, 1, 12
GPS: 574639408, 0, 0, 0.0000000, 0.0000000, 0, 2.6700, 33.4700, 0.0000, 0.0000
ATT: -50, 0, 12
GPS: 574639408, 0, 0, 0.0000000, 0.0000000, 0, 3.0200, 33.4700, 0.0000, 0.0000
ATT: -51, 1, 13
GPS: 574639408, 0, 0, 0.0000000, 0.0000000, 0, 2.5000, 33.4700, 0.0000, 0.0000
ATT: -51, 2, 13
GPS: 574639408, 0, 0, 0.0000000, 0.0000000, 0, 2.0700, 33.4700, 0.0000, 0.0000
ATT: -51, 2, 13
GPS: 574639408, 0, 0, 0.0000000, 0.0000000, 0, 2.5000, 33.4700, 0.0000, 0.0000
ATT: -52, 2, 13
GPS: 574639408, 0, 0, 0.0000000, 0.0000000, 0, 2.8500, 33.4700, 0.0000, 0.0000
ATT: -51, 3, 13
GPS: 574639408, 0, 0, 0.0000000, 0.0000000, 0, 2.9300, 33.4700, 0.0000, 0.0000
ATT: -51, 3, 14
GPS: 574639408, 0, 0, 0.0000000, 0.0000000, 0, 3.0200, 33.4700, 0.0000, 0.0000
ATT: -52, 3, 15
GPS: 574639408, 0, 0, 0.0000000, 0.0000000, 0, 3.2800, 33.4700, 0.0000, 0.0000
ATT: -51, 3, 15
GPS: 574640408, 0, 0, 0.0000000, 0.0000000, 0, 3.4500, 33.4700, 0.0000, 0.0000
ATT: -51, 4, 16
GPS: 574640408, 0, 0, 0.0000000, 0.0000000, 0, 3.8800, 33.4700, 0.0000, 0.0000
ATT: -51, 4, 17
GPS: 574640408, 0, 0, 0.0000000, 0.0000000, 0, 4.1400, 33.4700, 0.0000, 0.0000
ATT: -51, 4, 17
GPS: 574640408, 0, 0, 0.0000000, 0.0000000, 0, 3.5400, 33.4700, 0.0000, 0.0000
ATT: -50, 5, 18
GPS: 574640408, 0, 0, 0.0000000, 0.0000000, 0, 3.1100, 33.4700, 0.0000, 0.0000
ATT: -51, 5, 19
GPS: 574640408, 0, 0, 0.0000000, 0.0000000, 0, 2.9300, 33.4700, 0.0000, 0.0000
ATT: -52, 6, 20
GPS: 574640408, 0, 0, 0.0000000, 0.0000000, 0, 2.8500, 33.4700, 0.0000, 0.0000
ATT: -51, 5, 20
GPS: 574640408, 0, 0, 0.0000000, 0.0000000, 0, 2.5900, 33.4700, 0.0000, 0.0000
ATT: -51, 5, 20
GPS: 574640408, 0, 0, 0.0000000, 0.0000000, 0, 2.4100, 33.4700, 0.0000, 0.0000
ATT: -52, 5, 21
GPS: 574640408, 0, 0, 0.0000000, 0.0000000, 0, 2.5900, 33.4700, 0.0000, 0.0000
ATT: -51, 5, 22
GPS: 574641408, 0, 0, 0.0000000, 0.0000000, 0, 2.6700, 33.4700, 0.0000, 0.0000
ATT: -51, 4, 22
GPS: 574641408, 0, 0, 0.0000000, 0.0000000, 0, 3.5400, 33.4700, 0.0000, 0.0000
ATT: -52, 4, 23
GPS: 574641408, 0, 0, 0.0000000, 0.0000000, 0, 4.1400, 33.4700, 0.0000, 0.0000
ATT: -52, 4, 24
GPS: 574641408, 0, 0, 0.0000000, 0.0000000, 0, 3.3700, 33.4700, 0.0000, 0.0000
ATT: -52, 3, 24
GPS: 574641408, 0, 0, 0.0000000, 0.0000000, 0, 2.8500, 33.4700, 0.0000, 0.0000
ATT: -52, 3, 24
GPS: 574641408, 0, 0, 0.0000000, 0.0000000, 0, 3.6200, 33.4700, 0.0000, 0.0000
ATT: -52, 2, 25
GPS: 574641408, 0, 0, 0.0000000, 0.0000000, 0, 4.1400, 33.4700, 0.0000, 0.0000
ATT: -52, 3, 26
GPS: 574641408, 0, 0, 0.0000000, 0.0000000, 0, 3.6200, 33.4700, 0.0000, 0.0000
ATT: -52, 2, 26
GPS: 574641408, 0, 0, 0.0000000, 0.0000000, 0, 3.2800, 33.4700, 0.0000, 0.0000
ATT: -52, 2, 27
GPS: 574641408, 0, 0, 0.0000000, 0.0000000, 0, 2.9300, 33.4700, 0.0000, 0.0000
ATT: -51, 2, 27
GPS: 574642408, 0, 0, 0.0000000, 0.0000000, 0, 2.6700, 33.4700, 0.0000, 0.0000
ATT: -51, 2, 28
GPS: 574642408, 0, 0, 0.0000000, 0.0000000, 0, 3.2800, 33.4700, 0.0000, 0.0000
ATT: -51, 1, 28
GPS: 574642408, 0, 0, 0.0000000, 0.0000000, 0, 3.7100, 33.4700, 0.0000, 0.0000
ATT: -52, 2, 29
GPS: 574642408, 0, 0, 0.0000000, 0.0000000, 0, 3.4500, 33.4700, 0.0000, 0.0000
ATT: -52, 2, 28
GPS: 574642408, 0, 0, 0.0000000, 0.0000000, 0, 3.2800, 33.4700, 0.0000, 0.0000
ATT: -51, 1, 29
GPS: 574642408, 0, 0, 0.0000000, 0.0000000, 0, 3.2800, 33.4700, 0.0000, 0.0000
ATT: -51, 1, 30
GPS: 574642408, 0, 0, 0.0000000, 0.0000000, 0, 3.2800, 33.4700, 0.0000, 0.0000
ATT: -52, 2, 30
GPS: 574642408, 0, 0, 0.0000000, 0.0000000, 0, 2.3300, 33.4700, 0.0000, 0.0000
ATT: -52, 2, 31
GPS: 574642408, 0, 0, 0.0000000, 0.0000000, 0, 1.7200, 33.4700, 0.0000, 0.0000
ATT: -52, 2, 32
GPS: 574642408, 0, 0, 0.0000000, 0.0000000, 0, 1.8100, 33.4700, 0.0000, 0.0000
ATT: -52, 1, 32
GPS: 574643408, 0, 0, 0.0000000, 0.0000000, 0, 1.9000, 33.4700, 0.0000, 0.0000
ATT: -52, 2, 33
GPS: 574643408, 0, 0, 0.0000000, 0.0000000, 0, 1.9800, 33.4700, 0.0000, 0.0000
ATT: -52, 1, 34
GPS: 574643408, 0, 0, 0.0000000, 0.0000000, 0, 2.0700, 33.4700, 0.0000, 0.0000
ATT: -52, 2, 35
GPS: 574643408, 0, 0, 0.0000000, 0.0000000, 0, 1.9000, 33.4700, 0.0000, 0.0000
ATT: -52, 1, 35
GPS: 574643408, 0, 0, 0.0000000, 0.0000000, 0, 1.8100, 33.4700, 0.0000, 0.0000
ATT: -53, 2, 35
GPS: 574643408, 0, 0, 0.0000000, 0.0000000, 0, 2.5000, 33.4700, 0.0000, 0.0000
ATT: -52, 1, 36
GPS: 574643408, 0, 0, 0.0000000, 0.0000000, 0, 3.0200, 33.4700, 0.0000, 0.0000
ATT: -53, 1, 36
GPS: 574643408, 0, 0, 0.0000000, 0.0000000, 0, 2.5000, 33.4700, 0.0000, 0.0000
ATT: -52, 0, 37
GPS: 574643408, 0, 0, 0.0000000, 0.0000000, 0, 2.1600, 33.4700, 0.0000, 0.0000
ATT: -52, 0, 38
GPS: 574643408, 0, 0, 0.0000000, 0.0000000, 0, 2.5900, 33.4700, 0.0000, 0.0000
ATT: -52, 0, 39
GPS: 574644408, 0, 0, 0.0000000, 0.0000000, 0, 2.8500, 33.4700, 0.0000, 0.0000
ATT: -52, 0, 39
GPS: 574644408, 0, 0, 0.0000000, 0.0000000, 0, 2.9300, 33.4700, 0.0000, 0.0000
ATT: -52, 0, 41
GPS: 574644408, 0, 0, 0.0000000, 0.0000000, 0, 2.9300, 33.4700, 0.0000, 0.0000
ATT: -52, 0, 42
GPS: 574644408, 0, 0, 0.0000000, 0.0000000, 0, 2.6700, 33.4700, 0.0000, 0.0000
ATT: -52, 0, 43
GPS: 574644408, 0, 0, 0.0000000, 0.0000000, 0, 2.5000, 33.4700, 0.0000, 0.0000
ATT: -52, 0, 43
GPS: 574644408, 0, 0, 0.0000000, 0.0000000, 0, 3.0200, 33.4700, 0.0000, 0.0000
ATT: -52, 0, 44
GPS: 574644408, 0, 0, 0.0000000, 0.0000000, 0, 3.3700, 33.4700, 0.0000, 0.0000
ATT: -52, 0, 44
GPS: 574644408, 0, 0, 0.0000000, 0.0000000, 0, 3.0200, 33.4700, 0.0000, 0.0000
ATT: -52, 0, 45
GPS: 574644408, 0, 0, 0.0000000, 0.0000000, 0, 2.7600, 33.4700, 0.0000, 0.0000
ATT: -51, 0, 46
GPS: 574644408, 0, 0, 0.0000000, 0.0000000, 0, 2.9300, 33.4700, 0.0000, 0.0000
ATT: -52, 0, 47
GPS: 574645408, 0, 0, 0.0000000, 0.0000000, 0, 3.0200, 33.4700, 0.0000, 0.0000
ATT: -53, 1, 47
GPS: 574645408, 0, 0, 0.0000000, 0.0000000, 0, 2.5900, 33.4700, 0.0000, 0.0000
ATT: -53, 0, 48
GPS: 574645408, 0, 0, 0.0000000, 0.0000000, 0, 2.3300, 33.4700, 0.0000, 0.0000
ATT: -53, 0, 49
GPS: 574645408, 0, 0, 0.0000000, 0.0000000, 0, 2.5000, 33.4700, 0.0000, 0.0000
ATT: -53, 0, 49
GPS: 574645408, 0, 0, 0.0000000, 0.0000000, 0, 2.5900, 33.4700, 0.0000, 0.0000
ATT: -52, 0, 49
GPS: 574645408, 0, 0, 0.0000000, 0.0000000, 0, 3.1100, 33.4700, 0.0000, 0.0000
ATT: -52, 0, 50
GPS: 574645408, 0, 0, 0.0000000, 0.0000000, 0, 3.4500, 33.4700, 0.0000, 0.0000
ATT: -53, 0, 50
GPS: 574645408, 0, 0, 0.0000000, 0.0000000, 0, 3.2800, 33.4700, 0.0000, 0.0000
ATT: -53, -1, 51
GPS: 574645408, 0, 0, 0.0000000, 0.0000000, 0, 3.1900, 33.4700, 0.0000, 0.0000
ATT: -53, 0, 51
GPS: 574645408, 0, 0, 0.0000000, 0.0000000, 0, 3.2800, 33.4700, 0.0000, 0.0000
ATT: -53, 0, 52
GPS: 574646408, 0, 0, 0.0000000, 0.0000000, 0, 3.3700, 33.4700, 0.0000, 0.0000
ATT: -53, -1, 52
GPS: 574646408, 0, 0, 0.0000000, 0.0000000, 0, 2.5000, 33.4700, 0.0000, 0.0000
ATT: -52, -1, 52
GPS: 574646408, 0, 0, 0.0000000, 0.0000000, 0, 1.9000, 33.4700, 0.0000, 0.0000
ATT: -52, 0, 53
GPS: 574646408, 0, 0, 0.0000000, 0.0000000, 0, 2.2400, 33.4700, 0.0000, 0.0000
ATT: -53, 0, 54
GPS: 574646408, 0, 0, 0.0000000, 0.0000000, 0, 2.5000, 33.4700, 0.0000, 0.0000
ATT: -53, 0, 54
GPS: 574646408, 0, 0, 0.0000000, 0.0000000, 0, 2.6700, 33.4700, 0.0000, 0.0000
ATT: -53, 0, 55
GPS: 574646408, 0, 0, 0.0000000, 0.0000000, 0, 2.7600, 33.4700, 0.0000, 0.0000
ATT: -53, -1, 56
GPS: 574646408, 0, 0, 0.0000000, 0.0000000, 0, 2.0700, 33.4700, 0.0000, 0.0000
ATT: -53, -1, 57
GPS: 574646408, 0, 0, 0.0000000, 0.0000000, 0, 1.6400, 33.4700, 0.0000, 0.0000
ATT: -53, 0, 58
GPS: 574646408, 0, 0, 0.0000000, 0.0000000, 0, 2.1600, 33.4700, 0.0000, 0.0000
PM:20007,1001,21,0,0,0,0,0,1,0,0,0,0, 
ATT: -53, 0, 59
GPS: 574647408, 0, 0, 0.0000000, 0.0000000, 0, 2.5000, 33.4700, 0.0000, 0.0000
ATT: -53, 0, 60
GPS: 574647408, 0, 0, 0.0000000, 0.0000000, 0, 1.9000, 33.4700, 0.0000, 0.0000
ATT: -53, -1, 61
GPS: 574647408, 0, 0, 0.0000000, 0.0000000, 0, 1.4600, 33.4700, 0.0000, 0.0000
ATT: -54, -1, 62
GPS: 574647408, 0, 0, 0.0000000, 0.0000000, 0, 1.3800, 33.4700, 0.0000, 0.0000
ATT: -54, -1, 63
GPS: 574647408, 0, 0, 0.0000000, 0.0000000, 0, 1.2900, 33.4700, 0.0000, 0.0000
ATT: -54, -1, 63
GPS: 574647408, 0, 0, 0.0000000, 0.0000000, 0, 1.4600, 33.4700, 0.0000, 0.0000
ATT: -53, -1, 64
GPS: 574647408, 0, 0, 0.0000000, 0.0000000, 0, 1.6400, 33.4700, 0.0000, 0.0000
ATT: -54, -1, 65
GPS: 574647408, 0, 0, 0.0000000, 0.0000000, 0, 1.9000, 33.4700, 0.0000, 0.0000
ATT: -54, 0, 66
GPS: 574647408, 0, 0, 0.0000000, 0.0000000, 0, 2.0700, 33.4700, 0.0000, 0.0000
ATT: -54, -1, 66
GPS: 574647408, 0, 0, 0.0000000, 0.0000000, 0, 2.8500, 33.4700, 0.0000, 0.0000
ATT: -54, 0, 67
GPS: 574648408, 0, 0, 0.0000000, 0.0000000, 0, 3.3700, 33.4700, 0.0000, 0.0000
ATT: -54, 0, 68
GPS: 574648408, 0, 0, 0.0000000, 0.0000000, 0, 2.7600, 33.4700, 0.0000, 0.0000
ATT: -53, 0, 69
GPS: 574648408, 0, 0, 0.0000000, 0.0000000, 0, 2.3300, 33.4700, 0.0000, 0.0000
ATT: -53, 0, 70
GPS: 574648408, 0, 0, 0.0000000, 0.0000000, 0, 2.9300, 33.4700, 0.0000, 0.0000
ATT: -53, 0, 71
GPS: 574648408, 0, 0, 0.0000000, 0.0000000, 0, 3.3700, 33.4700, 0.0000, 0.0000
ATT: -54, 0, 71
GPS: 574648408, 0, 0, 0.0000000, 0.0000000, 0, 2.4100, 33.4700, 0.0000, 0.0000
ATT: -53, 0, 71
GPS: 574648408, 0, 0, 0.0000000, 0.0000000, 0, 1.8100, 33.4700, 0.0000, 0.0000
ATT: -54, 0, 72
GPS: 574648408, 0, 0, 0.0000000, 0.0000000, 0, 2.1600, 33.4700, 0.0000, 0.0000
ATT: -54, -1, 73
GPS: 574648408, 0, 0, 0.0000000, 0.0000000, 0, 2.4100, 33.4700, 0.0000, 0.0000
ATT: -54, 0, 74
GPS: 574648408, 0, 0, 0.0000000, 0.0000000, 0, 2.6700, 33.4700, 0.0000, 0.0000
ATT: -54, 0, 74
GPS: 574649408, 0, 0, 0.0000000, 0.0000000, 0, 2.8500, 33.4700, 0.0000, 0.0000
ATT: -54, 0, 75
GPS: 574649408, 0, 0, 0.0000000, 0.0000000, 0, 2.4100, 33.4700, 0.0000, 0.0000
ATT: -54, 0, 75
GPS: 574649408, 0, 0, 0.0000000, 0.0000000, 0, 2.1600, 33.4700, 0.0000, 0.0000
ATT: -54, 0, 76
GPS: 574649408, 0, 0, 0.0000000, 0.0000000, 0, 2.7600, 33.4700, 0.0000, 0.0000
ATT: -54, 0, 77
GPS: 574649408, 0, 0, 0.0000000, 0.0000000, 0, 3.1900, 33.4700, 0.0000, 0.0000
ATT: -53, 0, 79
GPS: 574649408, 0, 0, 0.0000000, 0.0000000, 0, 2.4100, 33.4700, 0.0000, 0.0000
ATT: -54, -1, 79
GPS: 574649408, 0, 0, 0.0000000, 0.0000000, 0, 1.8100, 33.4700, 0.0000, 0.0000
ATT: -53, -1, 80
GPS: 574649408, 0, 0, 0.0000000, 0.0000000, 0, 2.3300, 33.4700, 0.0000, 0.0000
ATT: -54, 0, 80
GPS: 574649408, 0, 0, 0.0000000, 0.0000000, 0, 2.6700, 33.4700, 0.0000, 0.0000
ATT: -53, -1, 80
GPS: 574649408, 0, 0, 0.0000000, 0.0000000, 0, 2.7600, 33.4700, 0.0000, 0.0000
ATT: -53, 0, 81
GPS: 574650408, 0, 0, 0.0000000, 0.0000000, 0, 2.8500, 33.4700, 0.0000, 0.0000
ATT: -54, 0, 82
GPS: 574650408, 0, 0, 0.0000000, 0.0000000, 0, 2.7600, 33.4700, 0.0000, 0.0000
ATT: -54, 0, 83
GPS: 574650408, 0, 0, 0.0000000, 0.0000000, 0, 2.6700, 33.4700, 0.0000, 0.0000
ATT: -55, 0, 84
GPS: 574650408, 0, 0, 0.0000000, 0.0000000, 0, 2.9300, 33.4700, 0.0000, 0.0000
ATT: -55, 0, 85
GPS: 574650408, 0, 0, 0.0000000, 0.0000000, 0, 3.1100, 33.4700, 0.0000, 0.0000
ATT: -55, 0, 86
GPS: 574650408, 0, 0, 0.0000000, 0.0000000, 0, 2.7600, 33.4700, 0.0000, 0.0000
ATT: -55, -1, 86
GPS: 574650408, 0, 0, 0.0000000, 0.0000000, 0, 2.5000, 33.4700, 0.0000, 0.0000
ATT: -55, -1, 87
GPS: 574650408, 0, 0, 0.0000000, 0.0000000, 0, 2.8500, 33.4700, 0.0000, 0.0000
ATT: -55, -1, 87
GPS: 574650408, 0, 0, 0.0000000, 0.0000000, 0, 3.1100, 33.4700, 0.0000, 0.0000
ATT: -55, 0, 88
GPS: 574650408, 0, 0, 0.0000000, 0.0000000, 0, 2.6700, 33.4700, 0.0000, 0.0000
ATT: -54, -1, 88
GPS: 574651408, 0, 0, 0.0000000, 0.0000000, 0, 2.4100, 33.4700, 0.0000, 0.0000
ATT: -54, -1, 89
GPS: 574651408, 0, 0, 0.0000000, 0.0000000, 0, 2.5000, 33.4700, 0.0000, 0.0000
ATT: -55, 0, 90
GPS: 574651408, 0, 0, 0.0000000, 0.0000000, 0, 2.5900, 33.4700, 0.0000, 0.0000
ATT: -55, 0, 90
GPS: 574651408, 0, 0, 0.0000000, 0.0000000, 0, 3.1900, 33.4700, 0.0000, 0.0000
ATT: -55, 0, 92
GPS: 574651408, 0, 0, 0.0000000, 0.0000000, 0, 3.6200, 33.4700, 0.0000, 0.0000
ATT: -55, 0, 93
GPS: 574651408, 0, 0, 0.0000000, 0.0000000, 0, 2.7600, 33.4700, 0.0000, 0.0000
ATT: -55, 0, 93
GPS: 574651408, 0, 0, 0.0000000, 0.0000000, 0, 2.1600, 33.4700, 0.0000, 0.0000
ATT: -56, 0, 94
GPS: 574651408, 0, 0, 0.0000000, 0.0000000, 0, 2.7600, 33.4700, 0.0000, 0.0000
ATT: -56, 0, 96
GPS: 574651408, 0, 0, 0.0000000, 0.0000000, 0, 3.1900, 33.4700, 0.0000, 0.0000
ATT: -56, 0, 97
GPS: 574651408, 0, 0, 0.0000000, 0.0000000, 0, 2.5900, 33.4700, 0.0000, 0.0000
ATT: -56, -1, 98
GPS: 574652408, 0, 0, 0.0000000, 0.0000000, 0, 2.1600, 33.4700, 0.0000, 0.0000
ATT: -57, 0, 99
GPS: 574652408, 0, 0, 0.0000000, 0.0000000, 0, 2.3300, 33.4700, 0.0000, 0.0000
ATT: -56, -1, 101
GPS: 574652408, 0, 0, 0.0000000, 0.0000000, 0, 2.4100, 33.4700, 0.0000, 0.0000
ATT: -56, -1, 102
GPS: 574652408, 0, 0, 0.0000000, 0.0000000, 0, 2.9300, 33.4700, 0.0000, 0.0000
ATT: -56, -1, 103
GPS: 574652408, 0, 0, 0.0000000, 0.0000000, 0, 3.2800, 33.4700, 0.0000, 0.0000
ATT: -55, -1, 104
GPS: 574652408, 0, 0, 0.0000000, 0.0000000, 0, 3.0200, 33.4700, 0.0000, 0.0000
ATT: -56, -2, 104
GPS: 574652408, 0, 0, 0.0000000, 0.0000000, 0, 2.7600, 33.4700, 0.0000, 0.0000
ATT: -56, -1, 105
GPS: 574652408, 0, 0, 0.0000000, 0.0000000, 0, 2.9300, 33.4700, 0.0000, 0.0000
ATT: -56, -2, 106
GPS: 574652408, 0, 0, 0.0000000, 0.0000000, 0, 3.0200, 33.4700, 0.0000, 0.0000
ATT: -55, -1, 106
GPS: 574652408, 0, 0, 0.0000000, 0.0000000, 0, 1.9800, 33.4700, 0.0000, 0.0000
ATT: -55, -1, 107
GPS: 574653408, 0, 0, 0.0000000, 0.0000000, 0, 1.2900, 33.4700, 0.0000, 0.0000
ATT: -55, -2, 107
GPS: 574653408, 0, 0, 0.0000000, 0.0000000, 0, 1.5500, 33.4700, 0.0000, 0.0000
ATT: -56, -1, 108
GPS: 574653408, 0, 0, 0.0000000, 0.0000000, 0, 1.7200, 33.4700, 0.0000, 0.0000
ATT: -56, -2, 108
GPS: 574653408, 0, 0, 0.0000000, 0.0000000, 0, 2.3300, 33.4700, 0.0000, 0.0000
ATT: -56, -1, 109
GPS: 574653408, 0, 0, 0.0000000, 0.0000000, 0, 2.7600, 33.4700, 0.0000, 0.0000
ATT: -56, -1, 110
GPS: 574653408, 0, 0, 0.0000000, 0.0000000, 0, 2.9300, 33.4700, 0.0000, 0.0000
ATT: -57, 0, 111
GPS: 574653408, 0, 0, 0.0000000, 0.0000000, 0, 3.0200, 33.4700, 0.0000, 0.0000
ATT: -55, 0, 112
GPS: 574653408, 0, 0, 0.0000000, 0.0000000, 0, 3.4500, 33.4700, 0.0000, 0.0000
ATT: -55, -1, 112
GPS: 574653408, 0, 0, 0.0000000, 0.0000000, 0, 3.8000, 33.4700, 0.0000, 0.0000
ATT: -56, -1, 113
GPS: 574653408, 0, 0, 0.0000000, 0.0000000, 0, 2.8500, 33.4700, 0.0000, 0.0000
ATT: -55, -1, 113
GPS: 574654408, 0, 0, 0.0000000, 0.0000000, 0, 2.1600, 33.4700, 0.0000, 0.0000
ATT: -56, 0, 114
GPS: 574654408, 0, 0, 0.0000000, 0.0000000, 0, 2.5000, 33.4700, 0.0000, 0.0000
ATT: -56, 0, 113
GPS: 574654408, 0, 0, 0.0000000, 0.0000000, 0, 2.7600, 33.4700, 0.0000, 0.0000
ATT: -56, 0, 115
GPS: 574654408, 0, 0, 0.0000000, 0.0000000, 0, 2.5000, 33.4700, 0.0000, 0.0000
ATT: -56, -1, 116
GPS: 574654408, 0, 0, 0.0000000, 0.0000000, 0, 2.3300, 33.4700, 0.0000, 0.0000
ATT: -56, 0, 117
GPS: 574654408, 0, 0, 0.0000000, 0.0000000, 0, 1.9800, 33.4700, 0.0000, 0.0000
ATT: -55, -1, 117
GPS: 574654408, 0, 0, 0.0000000, 0.0000000, 0, 1.7200, 33.4700, 0.0000, 0.0000
ATT: -57, -1, 118
GPS: 574654408, 0, 0, 0.0000000, 0.0000000, 0, 2.3300, 33.4700, 0.0000, 0.0000
ATT: -57, -1, 119
GPS: 574654408, 0, 0, 0.0000000, 0.0000000, 0, 2.7600, 33.4700, 0.0000, 0.0000
ATT: -57, -1, 121
GPS: 574654408, 0, 0, 0.0000000, 0.0000000, 0, 2.3300, 33.4700, 0.0000, 0.0000
ATT: -57, -1, 121
GPS: 574655408, 0, 0, 0.0000000, 0.0000000, 0, 2.0700, 33.4700, 0.0000, 0.0000
ATT: -57, -2, 121
GPS: 574655408, 0, 0, 0.0000000, 0.0000000, 0, 2.4100, 33.4700, 0.0000, 0.0000
ATT: -57, -2, 123
GPS: 574655408, 0, 0, 0.0000000, 0.0000000, 0, 2.6700, 33.4700, 0.0000, 0.0000
ATT: -57, -2, 123
GPS: 574655408, 0, 0, 0.0000000, 0.0000000, 0, 2.1600, 33.4700, 0.0000, 0.0000
ATT: -57, -2, 124
GPS: 574655408, 0, 0, 0.0000000, 0.0000000, 0, 1.8100, 33.4700, 0.0000, 0.0000
ATT: -57, -3, 124
GPS: 574655408, 0, 0, 0.0000000, 0.0000000, 0, 1.9800, 33.4700, 0.0000, 0.0000
ATT: -56, -2, 125
GPS: 574655408, 0, 0, 0.0000000, 0.0000000, 0, 2.0700, 33.4700, 0.0000, 0.0000
ATT: -56, -2, 125
GPS: 574655408, 0, 0, 0.0000000, 0.0000000, 0, 2.3300, 33.4700, 0.0000, 0.0000
ATT: -57, -3, 126
GPS: 574655408, 0, 0, 0.0000000, 0.0000000, 0, 2.5900, 33.4700, 0.0000, 0.0000
ATT: -57, -2, 127
GPS: 574655408, 0, 0, 0.0000000, 0.0000000, 0, 2.5000, 33.4700, 0.0000, 0.0000
ATT: -57, -3, 127
GPS: 574656408, 0, 0, 0.0000000, 0.0000000, 0, 2.4100, 33.4700, 0.0000, 0.0000
ATT: -58, -3, 127
GPS: 574656408, 0, 0, 0.0000000, 0.0000000, 0, 2.7600, 33.4700, 0.0000, 0.0000
ATT: -57, -3, 128
GPS: 574656408, 0, 0, 0.0000000, 0.0000000, 0, 3.0200, 33.4700, 0.0000, 0.0000
ATT: -57, -3, 129
GPS: 574656408, 0, 0, 0.0000000, 0.0000000, 0, 2.1600, 33.4700, 0.0000, 0.0000
ATT: -57, -3, 129
GPS: 574656408, 0, 0, 0.0000000, 0.0000000, 0, 1.5500, 33.4700, 0.0000, 0.0000
ATT: -57, -3, 130
GPS: 574656408, 0, 0, 0.0000000, 0.0000000, 0, 1.9800, 33.4700, 0.0000, 0.0000
ATT: -57, -3, 131
GPS: 574656408, 0, 0, 0.0000000, 0.0000000, 0, 2.2400, 33.4700, 0.0000, 0.0000
ATT: -57, -3, 131
GPS: 574656408, 0, 0, 0.0000000, 0.0000000, 0, 2.6700, 33.4700, 0.0000, 0.0000
ATT: -57, -2, 132
GPS: 574656408, 0, 0, 0.0000000, 0.0000000, 0, 2.9300, 33.4700, 0.0000, 0.0000
ATT: -57, -3, 133
GPS: 574656408, 0, 0, 0.0000000, 0.0000000, 0, 2.5900, 33.4700, 0.0000, 0.0000
ATT: -56, -3, 133
GPS: 574657408, 0, 0, 0.0000000, 0.0000000, 0, 2.3300, 33.4700, 0.0000, 0.0000
ATT: -56, -3, 133
GPS: 574657408, 0, 0, 0.0000000, 0.0000000, 0, 3.1100, 33.4700, 0.0000, 0.0000
ATT: -56, -2, 135
GPS: 574657408, 0, 0, 0.0000000, 0.0000000, 0, 3.6200, 33.4700, 0.0000, 0.0000
ATT: -56, -4, 136
GPS: 574657408, 0, 0, 0.0000000, 0.0000000, 0, 3.6200, 33.4700, 0.0000, 0.0000
ATT: -56, -4, 136
GPS: 574657408, 0, 0, 0.0000000, 0.0000000, 0, 3.6200, 33.4700, 0.0000, 0.0000
ATT: -56, -4, 136
GPS: 574657408, 0, 0, 0.0000000, 0.0000000, 0, 3.8800, 33.4700, 0.0000, 0.0000
ATT: -56, -3, 138
GPS: 574657408, 0, 0, 0.0000000, 0.0000000, 0, 4.1400, 33.4700, 0.0000, 0.0000
ATT: -56, -3, 138
GPS: 574657408, 0, 0, 0.0000000, 0.0000000, 0, 3.8000, 33.4700, 0.0000, 0.0000
ATT: -56, -3, 139
GPS: 574657408, 0, 0, 0.0000000, 0.0000000, 0, 3.5400, 33.4700, 0.0000, 0.0000
ATT: -57, -3, 140
GPS: 574657408, 0, 0, 0.0000000, 0.0000000, 0, 3.6200, 33.4700, 0.0000, 0.0000
ATT: -56, -3, 141
GPS: 574658408, 0, 0, 0.0000000, 0.0000000, 0, 3.7100, 33.4700, 0.0000, 0.0000
ATT: -56, -3, 142
GPS: 574658408, 0, 0, 0.0000000, 0.0000000, 0, 3.8800, 33.4700, 0.0000, 0.0000
ATT: -56, -3, 143
GPS: 574658408, 0, 0, 0.0000000, 0.0000000, 0, 3.9700, 33.4700, 0.0000, 0.0000
ATT: -56, -2, 143
GPS: 574658408, 0, 0, 0.0000000, 0.0000000, 0, 3.5400, 33.4700, 0.0000, 0.0000
ATT: -56, -2, 144
GPS: 574658408, 0, 0, 0.0000000, 0.0000000, 0, 3.2800, 33.4700, 0.0000, 0.0000
ATT: -56, -2, 144
GPS: 574658408, 0, 0, 0.0000000, 0.0000000, 0, 3.5400, 33.4700, 0.0000, 0.0000
ATT: -57, -2, 145
GPS: 574658408, 0, 0, 0.0000000, 0.0000000, 0, 3.8000, 33.4700, 0.0000, 0.0000
ATT: -56, -2, 145
GPS: 574658408, 0, 0, 0.0000000, 0.0000000, 0, 2.7600, 33.4700, 0.0000, 0.0000
ATT: -55, -2, 146
GPS: 574658408, 0, 0, 0.0000000, 0.0000000, 0, 2.0700, 33.4700, 0.0000, 0.0000
ATT: -55, -3, 146
GPS: 574658408, 0, 0, 0.0000000, 0.0000000, 0, 2.3300, 33.4700, 0.0000, 0.0000
ATT: -56, -3, 147
GPS: 574659408, 0, 0, 0.0000000, 0.0000000, 0, 2.5900, 33.4700, 0.0000, 0.0000
ATT: -56, -3, 148
GPS: 574659408, 0, 0, 0.0000000, 0.0000000, 0, 2.8500, 33.4700, 0.0000, 0.0000
ATT: -56, -3, 149
GPS: 574659408, 0, 0, 0.0000000, 0.0000000, 0, 3.0200, 33.4700, 0.0000, 0.0000
ATT: -56, -4, 150
GPS: 574659408, 0, 0, 0.0000000, 0.0000000, 0, 2.5000, 33.4700, 0.0000, 0.0000
ATT: -56, -3, 150
GPS: 574659408, 0, 0, 0.0000000, 0.0000000, 0, 2.1600, 33.4700, 0.0000, 0.0000
ATT: -55, -3, 151
GPS: 574659408, 0, 0, 0.0000000, 0.0000000, 0, 2.5900, 33.4700, 0.0000, 0.0000
ATT: -55, -3, 152
GPS: 574659408, 0, 0, 0.0000000, 0.0000000, 0, 2.8500, 33.4700, 0.0000, 0.0000
ATT: -56, -3, 153
GPS: 574659408, 0, 0, 0.0000000, 0.0000000, 0, 2.4100, 33.4700, 0.0000, 0.0000
ATT: -55, -4, 154
GPS: 574659408, 0, 0, 0.0000000, 0.0000000, 0, 2.1600, 33.4700, 0.0000, 0.0000
ATT: -55, -4, 155
GPS: 574659408, 0, 0, 0.0000000, 0.0000000, 0, 2.5000, 33.4700, 0.0000, 0.0000
ATT: -56, -4, 156
GPS: 574660408, 0, 0, 0.0000000, 0.0000000, 0, 2.7600, 33.4700, 0.0000, 0.0000
ATT: -56, -4, 157
GPS: 574660408, 0, 0, 0.0000000, 0.0000000, 0, 2.7600, 33.4700, 0.0000, 0.0000
ATT: -56, -4, 158
GPS: 574660408, 0, 0, 0.0000000, 0.0000000, 0, 2.7600, 33.4700, 0.0000, 0.0000
ATT: -56, -4, 159
GPS: 574660408, 0, 0, 0.0000000, 0.0000000, 0, 2.7600, 33.4700, 0.0000, 0.0000
ATT: -56, -3, 160
GPS: 574660408, 0, 0, 0.0000000, 0.0000000, 0, 2.7600, 33.4700, 0.0000, 0.0000
ATT: -56, -4, 161
GPS: 574660408, 0, 0, 0.0000000, 0.0000000, 0, 3.1900, 33.4700, 0.0000, 0.0000
ATT: -56, -4, 163
GPS: 574660408, 0, 0, 0.0000000, 0.0000000, 0, 3.4500, 33.4700, 0.0000, 0.0000
ATT: -56, -4, 163
GPS: 574660408, 0, 0, 0.0000000, 0.0000000, 0, 2.8500, 33.4700, 0.0000, 0.0000
ATT: -56, -4, 164
GPS: 574660408, 0, 0, 0.0000000, 0.0000000, 0, 2.4100, 33.4700, 0.0000, 0.0000
ATT: -56, -4, 165
GPS: 574660408, 0, 0, 0.0000000, 0.0000000, 0, 2.4100, 33.4700, 0.0000, 0.0000
ATT: -56, -4, 165
GPS: 574661408, 0, 0, 0.0000000, 0.0000000, 0, 2.4100, 33.4700, 0.0000, 0.0000
ATT: -56, -4, 166
GPS: 574661408, 0, 0, 0.0000000, 0.0000000, 0, 2.1600, 33.4700, 0.0000, 0.0000
ATT: -56, -4, 167
GPS: 574661408, 0, 0, 0.0000000, 0.0000000, 0, 1.9000, 33.4700, 0.0000, 0.0000
ATT: -56, -3, 168
GPS: 574661408, 0, 0, 0.0000000, 0.0000000, 0, 1.8100, 33.4700, 0.0000, 0.0000
ATT: -56, -4, 169
GPS: 574661408, 0, 0, 0.0000000, 0.0000000, 0, 1.7200, 33.4700, 0.0000, 0.0000
ATT: -57, -3, 170
GPS: 574661408, 0, 0, 0.0000000, 0.0000000, 0, 2.1600, 33.4700, 0.0000, 0.0000
ATT: -56, -3, 171
GPS: 574661408, 0, 0, 0.0000000, 0.0000000, 0, 2.4100, 33.4700, 0.0000, 0.0000
ATT: -56, -2, 172
GPS: 574661408, 0, 0, 0.0000000, 0.0000000, 0, 1.6400, 33.4700, 0.0000, 0.0000
ATT: -56, -3, 174
GPS: 574661408, 0, 0, 0.0000000, 0.0000000, 0, 1.1200, 33.4700, 0.0000, 0.0000
ATT: -55, -3, 175
GPS: 574661408, 0, 0, 0.0000000, 0.0000000, 0, 1.7200, 33.4700, 0.0000, 0.0000
ATT: -55, -3, 177
GPS: 574662408, 0, 0, 0.0000000, 0.0000000, 0, 2.1600, 33.4700, 0.0000, 0.0000
ATT: -56, -4, 179
GPS: 574662408, 0, 0, 0.0000000, 0.0000000, 0, 1.9800, 33.4700, 0.0000, 0.0000
ATT: -55, -3, 180
GPS: 574662408, 0, 0, 0.0000000, 0.0000000, 0, 1.9000, 33.4700, 0.0000, 0.0000
ATT: -54, -3, 182
GPS: 574662408, 0, 0, 0.0000000, 0.0000000, 0, 1.7200, 33.4700, 0.0000, 0.0000
ATT: -55, -2, 183
GPS: 574662408, 0, 0, 0.0000000, 0.0000000, 0, 1.6400, 33.4700, 0.0000, 0.0000
ATT: -55, -3, 184
GPS: 574662408, 0, 0, 0.0000000, 0.0000000, 0, 2.2400, 33.4700, 0.0000, 0.0000
ATT: -55, -3, 186
GPS: 574662408, 0, 0, 0.0000000, 0.0000000, 0, 2.6700, 33.4700, 0.0000, 0.0000
ATT: -56, -2, 187
GPS: 574662408, 0, 0, 0.0000000, 0.0000000, 0, 2.7600, 33.4700, 0.0000, 0.0000
ATT: -56, -3, 187
GPS: 574662408, 0, 0, 0.0000000, 0.0000000, 0, 2.7600, 33.4700, 0.0000, 0.0000
ATT: -56, -3, 188
GPS: 574662408, 0, 0, 0.0000000, 0.0000000, 0, 2.8500, 33.4700, 0.0000, 0.0000
ATT: -57, -3, 189
GPS: 574663408, 0, 0, 0.0000000, 0.0000000, 0, 2.9300, 33.4700, 0.0000, 0.0000
ATT: -57, -2, 190
GPS: 574663408, 0, 0, 0.0000000, 0.0000000, 0, 1.9800, 33.4700, 0.0000, 0.0000
ATT: -57, -2, 191
GPS: 574663408, 0, 0, 0.0000000, 0.0000000, 0, 1.2900, 33.4700, 0.0000, 0.0000
ATT: -57, -2, 192
GPS: 574663408, 0, 0, 0.0000000, 0.0000000, 0, 1.6400, 33.4700, 0.0000, 0.0000
ATT: -57, -3, 193
GPS: 574663408, 0, 0, 0.0000000, 0.0000000, 0, 1.9000, 33.4700, 0.0000, 0.0000
ATT: -57, -2, 195
GPS: 574663408, 0, 0, 0.0000000, 0.0000000, 0, 1.7200, 33.4700, 0.0000, 0.0000
ATT: -57, -2, 196
GPS: 574663408, 0, 0, 0.0000000, 0.0000000, 0, 1.6400, 33.4700, 0.0000, 0.0000
ATT: -57, -2, 197
GPS: 574663408, 0, 0, 0.0000000, 0.0000000, 0, 1.8100, 33.4700, 0.0000, 0.0000
ATT: -57, -1, 197
GPS: 574663408, 0, 0, 0.0000000, 0.0000000, 0, 1.9000, 33.4700, 0.0000, 0.0000
ATT: -57, -2, 198
GPS: 574663408, 0, 0, 0.0000000, 0.0000000, 0, 2.1600, 33.4700, 0.0000, 0.0000
ATT: -58, -1, 199
GPS: 574664408, 0, 0, 0.0000000, 0.0000000, 0, 2.3300, 33.4700, 0.0000, 0.0000
ATT: -58, -2, 200
GPS: 574664408, 0, 0, 0.0000000, 0.0000000, 0, 1.2000, 33.4700, 0.0000, 0.0000
ATT: -58, -1, 201
GPS: 574664408, 0, 0, 0.0000000, 0.0000000, 0, 0.4300, 33.4700, 0.0000, 0.0000
ATT: -57, -2, 203
GPS: 574664408, 0, 0, 0.0000000, 0.0000000, 0, 1.2000, 33.4700, 0.0000, 0.0000
ATT: -58, -1, 204
GPS: 574664408, 0, 0, 0.0000000, 0.0000000, 0, 1.7200, 33.4700, 0.0000, 0.0000
ATT: -57, -2, 205
GPS: 574664408, 0, 0, 0.0000000, 0.0000000, 0, 1.6400, 33.4700, 0.0000, 0.0000
ATT: -57, -2, 206
GPS: 574664408, 0, 0, 0.0000000, 0.0000000, 0, 1.6400, 33.4700, 0.0000, 0.0000
ATT: -58, -2, 208
GPS: 574664408, 0, 0, 0.0000000, 0.0000000, 0, 1.2900, 33.4700, 0.0000, 0.0000
ATT: -57, -3, 210
GPS: 574664408, 0, 0, 0.0000000, 0.0000000, 0, 1.0300, 33.4700, 0.0000, 0.0000
ATT: -58, -2, 211
GPS: 574664408, 0, 0, 0.0000000, 0.0000000, 0, 1.8100, 33.4700, 0.0000, 0.0000
ATT: -58, -2, 212
GPS: 574665408, 0, 0, 0.0000000, 0.0000000, 0, 2.4100, 33.4700, 0.0000, 0.0000
ATT: -57, -3, 214
GPS: 574665408, 0, 0, 0.0000000, 0.0000000, 0, 2.3300, 33.4700, 0.0000, 0.0000
ATT: -58, -3, 215
GPS: 574665408, 0, 0, 0.0000000, 0.0000000, 0, 2.2400, 33.4700, 0.0000, 0.0000
ATT: -58, -3, 216
GPS: 574665408, 0, 0, 0.0000000, 0.0000000, 0, 2.5900, 33.4700, 0.0000, 0.0000
ATT: -58, -3, 217
GPS: 574665408, 0, 0, 0.0000000, 0.0000000, 0, 2.8500, 33.4700, 0.0000, 0.0000
ATT: -58, -3, 218
GPS: 574665408, 0, 0, 0.0000000, 0.0000000, 0, 2.1600, 33.4700, 0.0000, 0.0000
ATT: -58, -2, 218
GPS: 574665408, 0, 0, 0.0000000, 0.0000000, 0, 1.6400, 33.4700, 0.0000, 0.0000
ATT: -58, -2, 219
GPS: 574665408, 0, 0, 0.0000000, 0.0000000, 0, 1.7200, 33.4700, 0.0000, 0.0000
ATT: -58, -2, 220
GPS: 574665408, 0, 0, 0.0000000, 0.0000000, 0, 1.8100, 33.4700, 0.0000, 0.0000
ATT: -58, -2, 220
GPS: 574665408, 0, 0, 0.0000000, 0.0000000, 0, 2.4100, 33.4700, 0.0000, 0.0000
ATT: -58, -2, 221
GPS: 574666408, 0, 0, 0.0000000, 0.0000000, 0, 2.8500, 33.4700, 0.0000, 0.0000
ATT: -58, -2, 222
GPS: 574666408, 0, 0, 0.0000000, 0.0000000, 0, 2.5000, 33.4700, 0.0000, 0.0000
ATT: -57, -1, 223
GPS: 574666408, 0, 0, 0.0000000, 0.0000000, 0, 2.2400, 33.4700, 0.0000, 0.0000
ATT: -57, -2, 224
GPS: 574666408, 0, 0, 0.0000000, 0.0000000, 0, 2.5900, 33.4700, 0.0000, 0.0000
ATT: -57, -2, 225
GPS: 574666408, 0, 0, 0.0000000, 0.0000000, 0, 2.8500, 33.4700, 0.0000, 0.0000
ATT: -57, -2, 226
GPS: 574666408, 0, 0, 0.0000000, 0.0000000, 0, 1.5500, 33.4700, 0.0000, 0.0000
ATT: -57, -2, 227
GPS: 574666408, 0, 0, 0.0000000, 0.0000000, 0, 0.6000, 33.4700, 0.0000, 0.0000
ATT: -58, -2, 228
GPS: 574666408, 0, 0, 0.0000000, 0.0000000, 0, 0.9500, 33.4700, 0.0000, 0.0000
ATT: -58, -3, 229
GPS: 574666408, 0, 0, 0.0000000, 0.0000000, 0, 1.2000, 33.4700, 0.0000, 0.0000
ATT: -58, -2, 230
GPS: 574666408, 0, 0, 0.0000000, 0.0000000, 0, 1.7200, 33.4700, 0.0000, 0.0000
PM:20020,1001,20,0,0,0,0,0,1,0,0,0,0, 
ATT: -58, -2, 232
GPS: 574667408, 0, 0, 0.0000000, 0.0000000, 0, 2.1600, 33.4700, 0.0000, 0.0000
ATT: -58, -2, 232
GPS: 574667408, 0, 0, 0.0000000, 0.0000000, 0, 1.9800, 33.4700, 0.0000, 0.0000
ATT: -58, -3, 234
GPS: 574667408, 0, 0, 0.0000000, 0.0000000, 0, 1.9000, 33.4700, 0.0000, 0.0000
ATT: -58, -3, 235
GPS: 574667408, 0, 0, 0.0000000, 0.0000000, 0, 2.5900, 33.4700, 0.0000, 0.0000
ATT: -58, -3, 236
GPS: 574667408, 0, 0, 0.0000000, 0.0000000, 0, 3.0200, 33.4700, 0.0000, 0.0000
ATT: -58, -4, 237
GPS: 574667408, 0, 0, 0.0000000, 0.0000000, 0, 2.9300, 33.4700, 0.0000, 0.0000
ATT: -57, -4, 239
GPS: 574667408, 0, 0, 0.0000000, 0.0000000, 0, 2.8500, 33.4700, 0.0000, 0.0000
ATT: -57, -4, 241
GPS: 574667408, 0, 0, 0.0000000, 0.0000000, 0, 3.0200, 33.4700, 0.0000, 0.0000
ATT: -57, -3, 243
GPS: 574667408, 0, 0, 0.0000000, 0.0000000, 0, 3.1100, 33.4700, 0.0000, 0.0000
ATT: -56, -4, 243
GPS: 574667408, 0, 0, 0.0000000, 0.0000000, 0, 2.9300, 33.4700, 0.0000, 0.0000
ATT: -57, -3, 245
GPS: 574668408, 0, 0, 0.0000000, 0.0000000, 0, 2.8500, 33.4700, 0.0000, 0.0000
ATT: -57, -3, 246
GPS: 574668408, 0, 0, 0.0000000, 0.0000000, 0, 2.8500, 33.4700, 0.0000, 0.0000
ATT: -57, -5, 246
GPS: 574668408, 0, 0, 0.0000000, 0.0000000, 0, 2.8500, 33.4700, 0.0000, 0.0000
ATT: -57, -4, 247
GPS: 574668408, 0, 0, 0.0000000, 0.0000000, 0, 3.1100, 33.4700, 0.0000, 0.0000
ATT: -58, -4, 248
GPS: 574668408, 0, 0, 0.0000000, 0.0000000, 0, 3.3700, 33.4700, 0.0000, 0.0000
ATT: -58, -4, 251
GPS: 574668408, 0, 0, 0.0000000, 0.0000000, 0, 3.1100, 33.4700, 0.0000, 0.0000
ATT: -57, -5, 252
GPS: 574668408, 0, 0, 0.0000000, 0.0000000, 0, 2.8500, 33.4700, 0.0000, 0.0000
ATT: -58, -5, 254
GPS: 574668408, 0, 0, 0.0000000, 0.0000000, 0, 3.1100, 33.4700, 0.0000, 0.0000
ATT: -58, -5, 255
GPS: 574668408, 0, 0, 0.0000000, 0.0000000, 0, 3.3700, 33.4700, 0.0000, 0.0000
ATT: -58, -5, 257
GPS: 574668408, 0, 0, 0.0000000, 0.0000000, 0, 2.5900, 33.4700, 0.0000, 0.0000
ATT: -58, -4, 259
GPS: 574669408, 0, 0, 0.0000000, 0.0000000, 0, 1.9800, 33.4700, 0.0000, 0.0000
ATT: -59, -4, 260
GPS: 574669408, 0, 0, 0.0000000, 0.0000000, 0, 2.5000, 33.4700, 0.0000, 0.0000
ATT: -59, -3, 262
GPS: 574669408, 0, 0, 0.0000000, 0.0000000, 0, 2.8500, 33.4700, 0.0000, 0.0000
ATT: -58, -3, 263
GPS: 574669408, 0, 0, 0.0000000, 0.0000000, 0, 3.2800, 33.4700, 0.0000, 0.0000
ATT: -58, -3, 265
GPS: 574669408, 0, 0, 0.0000000, 0.0000000, 0, 3.5400, 33.4700, 0.0000, 0.0000
ATT: -57, -4, 266
GPS: 574669408, 0, 0, 0.0000000, 0.0000000, 0, 2.7600, 33.4700, 0.0000, 0.0000
ATT: -58, -3, 267
GPS: 574669408, 0, 0, 0.0000000, 0.0000000, 0, 2.1600, 33.4700, 0.0000, 0.0000
ATT: -57, -3, 269
GPS: 574669408, 0, 0, 0.0000000, 0.0000000, 0, 2.4100, 33.4700, 0.0000, 0.0000
ATT: -58, -4, 270
GPS: 574669408, 0, 0, 0.0000000, 0.0000000, 0, 2.5900, 33.4700, 0.0000, 0.0000
ATT: -58, -4, 271
GPS: 574669408, 0, 0, 0.0000000, 0.0000000, 0, 1.9800, 33.4700, 0.0000, 0.0000
ATT: -59, -4, 272
GPS: 574670408, 0, 0, 0.0000000, 0.0000000, 0, 1.5500, 33.4700, 0.0000, 0.0000
ATT: -59, -3, 274
GPS: 574670408, 0, 0, 0.0000000, 0.0000000, 0, 1.8100, 33.4700, 0.0000, 0.0000
ATT: -60, -5, 275
GPS: 574670408, 0, 0, 0.0000000, 0.0000000, 0, 2.0700, 33.4700, 0.0000, 0.0000
ATT: -59, -5, 276
GPS: 574670408, 0, 0, 0.0000000, 0.0000000, 0, 2.3300, 33.4700, 0.0000, 0.0000
ATT: -59, -5, 277
GPS: 574670408, 0, 0, 0.0000000, 0.0000000, 0, 2.5000, 33.4700, 0.0000, 0.0000
ATT: -59, -6, 278
GPS: 574670408, 0, 0, 0.0000000, 0.0000000, 0, 2.5000, 33.4700, 0.0000, 0.0000
ATT: -59, -7, 279
GPS: 574670408, 0, 0, 0.0000000, 0.0000000, 0, 2.5000, 33.4700, 0.0000, 0.0000
ATT: -60, -6, 280
GPS: 574670408, 0, 0, 0.0000000, 0.0000000, 0, 2.7600, 33.4700, 0.0000, 0.0000
ATT: -58, -6, 282
GPS: 574670408, 0, 0, 0.0000000, 0.0000000, 0, 2.9300, 33.4700, 0.0000, 0.0000
ATT: -58, -7, 283
GPS: 574670408, 0, 0, 0.0000000, 0.0000000, 0, 2.4100, 33.4700, 0.0000, 0.0000
ATT: -58, -7, 284
GPS: 574671408, 0, 0, 0.0000000, 0.0000000, 0, 2.0700, 33.4700, 0.0000, 0.0000
ATT: -58, -7, 285
GPS: 574671408, 0, 0, 0.0000000, 0.0000000, 0, 2.3300, 33.4700, 0.0000, 0.0000
ATT: -59, -6, 287
GPS: 574671408, 0, 0, 0.0000000, 0.0000000, 0, 2.5000, 33.4700, 0.0000, 0.0000
ATT: -59, -6, 288
GPS: 574671408, 0, 0, 0.0000000, 0.0000000, 0, 2.0700, 33.4700, 0.0000, 0.0000
ATT: -59, -6, 289
GPS: 574671408, 0, 0, 0.0000000, 0.0000000, 0, 1.8100, 33.4700, 0.0000, 0.0000
ATT: -59, -6, 291
GPS: 574671408, 0, 0, 0.0000000, 0.0000000, 0, 2.0700, 33.4700, 0.0000, 0.0000
ATT: -58, -6, 292
GPS: 574671408, 0, 0, 0.0000000, 0.0000000, 0, 2.3300, 33.4700, 0.0000, 0.0000
ATT: -59, -6, 293
GPS: 574671408, 0, 0, 0.0000000, 0.0000000, 0, 2.8500, 33.4700, 0.0000, 0.0000
ATT: -58, -7, 294
GPS: 574671408, 0, 0, 0.0000000, 0.0000000, 0, 3.2800, 33.4700, 0.0000, 0.0000
ATT: -58, -7, 295
GPS: 574671408, 0, 0, 0.0000000, 0.0000000, 0, 2.7600, 33.4700, 0.0000, 0.0000
ATT: -59, -8, 296
GPS: 574672408, 0, 0, 0.0000000, 0.0000000, 0, 2.3300, 33.4700, 0.0000, 0.0000
ATT: -59, -8, 297
GPS: 574672408, 0, 0, 0.0000000, 0.0000000, 0, 3.1100, 33.4700, 0.0000, 0.0000
