Dumping Log 12,    start pg 1453,   end pg 1500

ArduPlane V2.33
Free RAM: 3417
GROUND START -  0 commands in memory
CMD:0,255,255,-1,-1,-1, 
MOD:Manual
MOD:FBW_A
ATT: -35, -55, 15
GPS: 588481690, 0, 0, 0.0000000, 0.0000000, 0, -0.1700, 0.0000, 0.0000, 0.0000
ATT: -31, -47, 15
GPS: 588481690, 0, 0, 0.0000000, 0.0000000, 0, -0.5100, 0.0000, 0.0000, 0.0000
ATT: -26, -41, 15
GPS: 588481690, 0, 0, 0.0000000, 0.0000000, 0, -0.7700, 0.0000, 0.0000, 0.0000
ATT: -22, -35, 15
GPS: 588481690, 0, 0, 0.0000000, 0.0000000, 0, -0.9500, 0.0000, 0.0000, 0.0000
ATT: -19, -30, 15
GPS: 588481690, 0, 0, 0.0000000, 0.0000000, 0, -1.0300, 0.0000, 0.0000, 0.0000
ATT: -17, -26, 15
GPS: 588481690, 0, 0, 0.0000000, 0.0000000, 0, -1.1200, 0.0000, 0.0000, 0.0000
ATT: -14, -23, 15
GPS: 588481690, 0, 0, 0.0000000, 0.0000000, 0, -1.2100, 0.0000, 0.0000, 0.0000
ATT: -12, -20, 14
GPS: 588481690, 0, 0, 0.0000000, 0.0000000, 0, -1.1200, 0.0000, 0.0000, 0.0000
ATT: -11, -16, 14
GPS: 588481690, 0, 0, 0.0000000, 0.0000000, 0, -1.0300, 0.0000, 0.0000, 0.0000
ATT: -10, -14, 14
GPS: 588481690, 0, 0, 0.0000000, 0.0000000, 0, -0.9500, 0.0000, 0.0000, 0.0000
ATT: -9, -12, 14
GPS: 588481690, 0, 0, 0.0000000, 0.0000000, 0, -0.8600, 0.0000, 0.0000, 0.0000
ATT: -7, -10, 14
GPS: 588481690, 0, 0, 0.0000000, 0.0000000, 0, -0.8600, 0.0000, 0.0000, 0.0000
ATT: -6, -9, 14
GPS: 588481690, 0, 0, 0.0000000, 0.0000000, 0, -0.8600, 0.0000, 0.0000, 0.0000
ATT: -5, -7, 14
GPS: 588481690, 0, 0, 0.0000000, 0.0000000, 0, -0.6900, 0.0000, 0.0000, 0.0000
ATT: -4, -7, 14
GPS: 588481690, 0, 0, 0.0000000, 0.0000000, 0, -0.6000, 0.0000, 0.0000, 0.0000
ATT: -4, -4, 13
GPS: 588481690, 0, 0, 0.0000000, 0.0000000, 0, -0.5100, 0.0000, 0.0000, 0.0000
ATT: -2, -4, 13
GPS: 588481690, 0, 0, 0.0000000, 0.0000000, 0, -0.4300, 0.0000, 0.0000, 0.0000
ATT: -3, -2, 12
GPS: 588481690, 0, 0, 0.0000000, 0.0000000, 0, -0.4300, 0.0000, 0.0000, 0.0000
ATT: -1, -2, 12
GPS: 588481690, 0, 0, 0.0000000, 0.0000000, 0, -0.4300, 0.0000, 0.0000, 0.0000
ATT: -1, -1, 12
GPS: 588481690, 0, 0, 0.0000000, 0.0000000, 0, -0.4300, 0.0000, 0.0000, 0.0000
ATT: -1, 0, 12
GPS: 588485694, 0, 0, 0.0000000, 0.0000000, 0, -0.4300, 0.0000, 0.0000, 0.0000
ATT: -1, 0, 11
GPS: 588485694, 0, 0, 0.0000000, 0.0000000, 0, -0.5100, 0.0000, 0.0000, 0.0000
ATT: -1, 0, 11
GPS: 588485694, 0, 0, 0.0000000, 0.0000000, 0, -0.6000, 0.0000, 0.0000, 0.0000
ATT: -1, 0, 11
GPS: 588485694, 0, 0, 0.0000000, 0.0000000, 0, -0.6000, 0.0000, 0.0000, 0.0000
ATT: 0, 0, 11
GPS: 588485694, 0, 0, 0.0000000, 0.0000000, 0, -0.6000, 0.0000, 0.0000, 0.0000
PM:20018,127,83,0,0,0,0,0,1,2,3,0,0, 
ATT: 0, 0, 11
GPS: 588485694, 0, 0, 0.0000000, 0.0000000, 0, -0.5100, 0.0000, 0.0000, 0.0000
ATT: 0, 1, 10
GPS: 588485694, 0, 0, 0.0000000, 0.0000000, 0, -0.4300, 0.0000, 0.0000, 0.0000
ATT: 0, 1, 10
GPS: 588485694, 0, 0, 0.0000000, 0.0000000, 0, -0.4300, 0.0000, 0.0000, 0.0000
ATT: 0, 2, 10
GPS: 588485694, 0, 0, 0.0000000, 0.0000000, 0, -0.4300, 0.0000, 0.0000, 0.0000
ATT: 0, 1, 10
GPS: 588485694, 0, 0, 0.0000000, 0.0000000, 0, -0.4300, 0.0000, 0.0000, 0.0000
ATT: 0, 1, 10
GPS: 588486688, 0, 0, 0.0000000, 0.0000000, 0, -0.4300, 0.0000, 0.0000, 0.0000
ATT: 1, 2, 10
GPS: 588486688, 0, 0, 0.0000000, 0.0000000, 0, -0.3400, 0.0000, 0.0000, 0.0000
ATT: 0, 2, 10
GPS: 588486688, 0, 0, 0.0000000, 0.0000000, 0, -0.2500, 0.0000, 0.0000, 0.0000
ATT: 0, 3, 10
GPS: 588486688, 0, 0, 0.0000000, 0.0000000, 0, -0.4300, 0.0000, 0.0000, 0.0000
ATT: 1, 1, 10
GPS: 588486688, 0, 0, 0.0000000, 0.0000000, 0, -0.5100, 0.0000, 0.0000, 0.0000
ATT: 0, 3, 10
GPS: 588486688, 0, 0, 0.0000000, 0.0000000, 0, -0.5100, 0.0000, 0.0000, 0.0000
ATT: 0, 2, 10
GPS: 588486688, 0, 0, 0.0000000, 0.0000000, 0, -0.5100, 0.0000, 0.0000, 0.0000
ATT: 0, 3, 10
GPS: 588486688, 0, 0, 0.0000000, 0.0000000, 0, -0.6000, 0.0000, 0.0000, 0.0000
ATT: 0, 3, 10
GPS: 588486688, 0, 0, 0.0000000, 0.0000000, 0, -0.6900, 0.0000, 0.0000, 0.0000
ATT: 0, 3, 11
GPS: 588486688, 0, 0, 0.0000000, 0.0000000, 0, -0.6900, 0.0000, 0.0000, 0.0000
ATT: 0, 2, 10
GPS: 588487688, 0, 0, 0.0000000, 0.0000000, 0, -0.6900, 0.0000, 0.0000, 0.0000
ATT: 1, 1, 11
GPS: 588487688, 0, 0, 0.0000000, 0.0000000, 0, -0.4300, 0.0000, 0.0000, 0.0000
ATT: 1, 2, 11
GPS: 588487688, 0, 0, 0.0000000, 0.0000000, 0, -0.2500, 0.0000, 0.0000, 0.0000
ATT: 1, 2, 11
GPS: 588487688, 0, 0, 0.0000000, 0.0000000, 0, -0.2500, 0.0000, 0.0000, 0.0000
ATT: 1, 3, 11
GPS: 588487688, 0, 0, 0.0000000, 0.0000000, 0, -0.2500, 0.0000, 0.0000, 0.0000
ATT: 1, 3, 11
GPS: 588487688, 0, 0, 0.0000000, 0.0000000, 0, -0.3400, 0.0000, 0.0000, 0.0000
ATT: 1, 4, 11
GPS: 588487688, 0, 0, 0.0000000, 0.0000000, 0, -0.4300, 0.0000, 0.0000, 0.0000
ATT: 0, 3, 12
GPS: 588487688, 0, 0, 0.0000000, 0.0000000, 0, -0.5100, 0.0000, 0.0000, 0.0000
ATT: 0, 3, 12
GPS: 588487688, 0, 0, 0.0000000, 0.0000000, 0, -0.6000, 0.0000, 0.0000, 0.0000
ATT: 0, 3, 13
GPS: 588487688, 0, 0, 0.0000000, 0.0000000, 0, -0.5100, 0.0000, 0.0000, 0.0000
ATT: 0, 3, 13
GPS: 588488693, 0, 0, 0.0000000, 0.0000000, 0, -0.5100, 0.0000, 0.0000, 0.0000
ATT: 0, 3, 13
GPS: 588488693, 0, 0, 0.0000000, 0.0000000, 0, -0.4300, 0.0000, 0.0000, 0.0000
ATT: 0, 2, 13
GPS: 588488693, 0, 0, 0.0000000, 0.0000000, 0, -0.3400, 0.0000, 0.0000, 0.0000
ATT: 0, 3, 13
GPS: 588488693, 0, 0, 0.0000000, 0.0000000, 0, -0.1700, 0.0000, 0.0000, 0.0000
ATT: 0, 2, 14
GPS: 588488693, 0, 0, 0.0000000, 0.0000000, 0, -0.0800, 0.0000, 0.0000, 0.0000
ATT: 0, 3, 14
GPS: 588488693, 0, 0, 0.0000000, 0.0000000, 0, -0.0800, 0.0000, 0.0000, 0.0000
ATT: 0, 4, 14
GPS: 588488693, 0, 0, 0.0000000, 0.0000000, 0, -0.0800, 0.0000, 0.0000, 0.0000
ATT: 0, 4, 14
GPS: 588488693, 0, 0, 0.0000000, 0.0000000, 0, -0.0800, 0.0000, 0.0000, 0.0000
ATT: 0, 4, 14
GPS: 588488693, 0, 0, 0.0000000, 0.0000000, 0, -0.0800, 0.0000, 0.0000, 0.0000
ATT: 0, 4, 14
GPS: 588488693, 0, 0, 0.0000000, 0.0000000, 0, -0.0800, 0.0000, 0.0000, 0.0000
ATT: 0, 4, 14
GPS: 588489692, 0, 0, 0.0000000, 0.0000000, 0, -0.0800, 0.0000, 0.0000, 0.0000
ATT: 0, 3, 14
GPS: 588489692, 0, 0, 0.0000000, 0.0000000, 0, -0.0800, 0.0000, 0.0000, 0.0000
ATT: 0, 5, 15
GPS: 588489692, 0, 0, 0.0000000, 0.0000000, 0, -0.0800, 0.0000, 0.0000, 0.0000
ATT: 0, 4, 15
GPS: 588489692, 0, 0, 0.0000000, 0.0000000, 0, -0.0800, 0.0000, 0.0000, 0.0000
ATT: 0, 4, 15
GPS: 588489692, 0, 0, 0.0000000, 0.0000000, 0, -0.0800, 0.0000, 0.0000, 0.0000
ATT: 0, 4, 15
GPS: 588489692, 0, 0, 0.0000000, 0.0000000, 0, -0.0800, 0.0000, 0.0000, 0.0000
ATT: 0, 3, 16
GPS: 588489692, 0, 0, 0.0000000, 0.0000000, 0, -0.0800, 0.0000, 0.0000, 0.0000
ATT: 0, 4, 16
GPS: 588489692, 0, 0, 0.0000000, 0.0000000, 0, 0.0800, 0.0000, 0.0000, 0.0000
ATT: 0, 2, 16
GPS: 588489692, 0, 0, 0.0000000, 0.0000000, 0, 0.1700, 0.0000, 0.0000, 0.0000
ATT: 0, 3, 16
GPS: 588489692, 0, 0, 0.0000000, 0.0000000, 0, 0.0800, 0.0000, 0.0000, 0.0000
ATT: 0, 1, 17
GPS: 588490692, 0, 0, 0.0000000, 0.0000000, 0, 0.0000, 0.0000, 0.0000, 0.0000
ATT: 0, 2, 17
GPS: 588490692, 0, 0, 0.0000000, 0.0000000, 0, 0.0000, 0.0000, 0.0000, 0.0000
ATT: 0, 1, 17
GPS: 588490692, 0, 0, 0.0000000, 0.0000000, 0, 0.0000, 0.0000, 0.0000, 0.0000
ATT: 0, 2, 18
GPS: 588490692, 0, 0, 0.0000000, 0.0000000, 0, 0.1700, 0.0000, 0.0000, 0.0000
ATT: 0, 2, 18
GPS: 588490692, 0, 0, 0.0000000, 0.0000000, 0, 0.2500, 0.0000, 0.0000, 0.0000
ATT: 0, 2, 18
GPS: 588490692, 0, 0, 0.0000000, 0.0000000, 0, 0.1700, 0.0000, 0.0000, 0.0000
ATT: 0, 2, 19
GPS: 588490692, 0, 0, 0.0000000, 0.0000000, 0, 0.0800, 0.0000, 0.0000, 0.0000
ATT: 1, 1, 19
GPS: 588490692, 0, 0, 0.0000000, 0.0000000, 0, 0.0000, 0.0000, 0.0000, 0.0000
ATT: 1, 2, 20
GPS: 588490692, 0, 0, 0.0000000, 0.0000000, 0, -0.0800, 0.0000, 0.0000, 0.0000
ATT: 2, 1, 20
GPS: 588490692, 0, 0, 0.0000000, 0.0000000, 0, -0.0800, 0.0000, 0.0000, 0.0000
ATT: 1, 2, 21
GPS: 588491697, 0, 0, 0.0000000, 0.0000000, 0, -0.0800, 0.0000, 0.0000, 0.0000
ATT: 2, 1, 21
GPS: 588491697, 0, 0, 0.0000000, 0.0000000, 0, -0.1700, 0.0000, 0.0000, 0.0000
ATT: 1, 1, 21
GPS: 588491697, 0, 0, 0.0000000, 0.0000000, 0, -0.2500, 0.0000, 0.0000, 0.0000
ATT: 1, 1, 22
GPS: 588491697, 0, 0, 0.0000000, 0.0000000, 0, -0.1700, 0.0000, 0.0000, 0.0000
ATT: 0, 1, 22
GPS: 588491697, 0, 0, 0.0000000, 0.0000000, 0, -0.0800, 0.0000, 0.0000, 0.0000
ATT: 0, 2, 22
GPS: 588491697, 0, 0, 0.0000000, 0.0000000, 0, -0.1700, 0.0000, 0.0000, 0.0000
ATT: 0, 1, 23
GPS: 588491697, 0, 0, 0.0000000, 0.0000000, 0, -0.2500, 0.0000, 0.0000, 0.0000
ATT: 0, 2, 23
GPS: 588491697, 0, 0, 0.0000000, 0.0000000, 0, -0.2500, 0.0000, 0.0000, 0.0000
ATT: 0, 1, 24
GPS: 588491697, 0, 0, 0.0000000, 0.0000000, 0, -0.2500, 0.0000, 0.0000, 0.0000
ATT: 0, 3, 24
GPS: 588491697, 0, 0, 0.0000000, 0.0000000, 0, -0.1700, 0.0000, 0.0000, 0.0000
ATT: 0, 3, 25
GPS: 588492690, 0, 0, 0.0000000, 0.0000000, 0, -0.0800, 0.0000, 0.0000, 0.0000
ATT: 0, 2, 25
GPS: 588492690, 0, 0, 0.0000000, 0.0000000, 0, -0.1700, 0.0000, 0.0000, 0.0000
ATT: 0, 1, 26
GPS: 588492690, 0, 0, 0.0000000, 0.0000000, 0, -0.2500, 0.0000, 0.0000, 0.0000
ATT: 0, 1, 26
GPS: 588492690, 0, 0, 0.0000000, 0.0000000, 0, -0.1700, 0.0000, 0.0000, 0.0000
ATT: -1, 2, 26
GPS: 588492690, 0, 0, 0.0000000, 0.0000000, 0, -0.0800, 0.0000, 0.0000, 0.0000
ATT: 0, 1, 27
GPS: 588492690, 0, 0, 0.0000000, 0.0000000, 0, -0.0800, 0.0000, 0.0000, 0.0000
ATT: -1, 1, 27
GPS: 588492690, 0, 0, 0.0000000, 0.0000000, 0, -0.0800, 0.0000, 0.0000, 0.0000
ATT: -1, 0, 27
GPS: 588492690, 0, 0, 0.0000000, 0.0000000, 0, -0.0800, 0.0000, 0.0000, 0.0000
ATT: -1, 1, 28
GPS: 588492690, 0, 0, 0.0000000, 0.0000000, 0, -0.0800, 0.0000, 0.0000, 0.0000
ATT: 0, 0, 28
GPS: 588492690, 0, 0, 0.0000000, 0.0000000, 0, -0.0800, 0.0000, 0.0000, 0.0000
ATT: -1, 1, 28
GPS: 588493692, 0, 0, 0.0000000, 0.0000000, 0, -0.0800, 0.0000, 0.0000, 0.0000
ATT: 0, 1, 29
GPS: 588493692, 0, 0, 0.0000000, 0.0000000, 0, -0.1700, 0.0000, 0.0000, 0.0000
ATT: -1, 0, 30
GPS: 588493692, 0, 0, 0.0000000, 0.0000000, 0, -0.2500, 0.0000, 0.0000, 0.0000
ATT: 0, 0, 30
GPS: 588493692, 0, 0, 0.0000000, 0.0000000, 0, -0.2500, 0.0000, 0.0000, 0.0000
ATT: 0, 0, 31
GPS: 588493692, 0, 0, 0.0000000, 0.0000000, 0, -0.2500, 0.0000, 0.0000, 0.0000
ATT: -1, 0, 32
GPS: 588493692, 0, 0, 0.0000000, 0.0000000, 0, -0.2500, 0.0000, 0.0000, 0.0000
ATT: -1, 0, 32
GPS: 588493692, 0, 0, 0.0000000, 0.0000000, 0, -0.2500, 0.0000, 0.0000, 0.0000
ATT: -2, 0, 33
GPS: 588493692, 0, 0, 0.0000000, 0.0000000, 0, -0.2500, 0.0000, 0.0000, 0.0000
ATT: -1, 0, 33
GPS: 588493692, 0, 0, 0.0000000, 0.0000000, 0, -0.2500, 0.0000, 0.0000, 0.0000
ATT: -1, 0, 34
GPS: 588493692, 0, 0, 0.0000000, 0.0000000, 0, -0.1700, 0.0000, 0.0000, 0.0000
ATT: -1, 0, 34
GPS: 588494696, 0, 0, 0.0000000, 0.0000000, 0, -0.0800, 0.0000, 0.0000, 0.0000
ATT: -1, 0, 35
GPS: 588494696, 0, 0, 0.0000000, 0.0000000, 0, -0.0800, 0.0000, 0.0000, 0.0000
ATT: -1, 0, 35
GPS: 588494696, 0, 0, 0.0000000, 0.0000000, 0, -0.0800, 0.0000, 0.0000, 0.0000
ATT: -1, 0, 36
GPS: 588494696, 0, 0, 0.0000000, 0.0000000, 0, -0.0800, 0.0000, 0.0000, 0.0000
ATT: -1, 1, 36
GPS: 588494696, 0, 0, 0.0000000, 0.0000000, 0, -0.0800, 0.0000, 0.0000, 0.0000
ATT: -1, 0, 37
GPS: 588494696, 0, 0, 0.0000000, 0.0000000, 0, -0.0800, 0.0000, 0.0000, 0.0000
ATT: -1, 0, 38
GPS: 588494696, 0, 0, 0.0000000, 0.0000000, 0, -0.0800, 0.0000, 0.0000, 0.0000
ATT: -2, 0, 38
GPS: 588494696, 0, 0, 0.0000000, 0.0000000, 0, -0.0800, 0.0000, 0.0000, 0.0000
ATT: -2, 0, 39
GPS: 588494696, 0, 0, 0.0000000, 0.0000000, 0, -0.0800, 0.0000, 0.0000, 0.0000
ATT: -1, 0, 39
GPS: 588494696, 0, 0, 0.0000000, 0.0000000, 0, 0.0000, 0.0000, 0.0000, 0.0000
ATT: -1, 0, 39
GPS: 588495690, 0, 0, 0.0000000, 0.0000000, 0, 0.0800, 0.0000, 0.0000, 0.0000
ATT: -1, 1, 40
GPS: 588495690, 0, 0, 0.0000000, 0.0000000, 0, 0.1700, 0.0000, 0.0000, 0.0000
ATT: -1, 0, 40
GPS: 588495690, 0, 0, 0.0000000, 0.0000000, 0, 0.2500, 0.0000, 0.0000, 0.0000
ATT: -1, 1, 40
GPS: 588495690, 0, 0, 0.0000000, 0.0000000, 0, 0.0800, 0.0000, 0.0000, 0.0000
ATT: -1, 1, 41
GPS: 588495690, 0, 0, 0.0000000, 0.0000000, 0, -0.0800, 0.0000, 0.0000, 0.0000
ATT: -1, 1, 41
GPS: 588495690, 0, 0, 0.0000000, 0.0000000, 0, -0.0800, 0.0000, 0.0000, 0.0000
ATT: -1, 1, 41
GPS: 588495690, 0, 0, 0.0000000, 0.0000000, 0, -0.0800, 0.0000, 0.0000, 0.0000
ATT: -1, 1, 42
GPS: 588495690, 0, 0, 0.0000000, 0.0000000, 0, -0.0800, 0.0000, 0.0000, 0.0000
ATT: -1, 1, 42
GPS: 588495690, 0, 0, 0.0000000, 0.0000000, 0, -0.0800, 0.0000, 0.0000, 0.0000
ATT: -2, 0, 43
GPS: 588495690, 0, 0, 0.0000000, 0.0000000, 0, -0.2500, 0.0000, 0.0000, 0.0000
ATT: -2, 1, 43
GPS: 588496688, 0, 0, 0.0000000, 0.0000000, 0, -0.3400, 0.0000, 0.0000, 0.0000
ATT: -2, 0, 44
GPS: 588496688, 0, 0, 0.0000000, 0.0000000, 0, -0.2500, 0.0000, 0.0000, 0.0000
ATT: -2, 1, 45
GPS: 588496688, 0, 0, 0.0000000, 0.0000000, 0, -0.1700, 0.0000, 0.0000, 0.0000
ATT: -1, 0, 45
GPS: 588496688, 0, 0, 0.0000000, 0.0000000, 0, -0.1700, 0.0000, 0.0000, 0.0000
ATT: -1, 1, 46
GPS: 588496688, 0, 0, 0.0000000, 0.0000000, 0, -0.1700, 0.0000, 0.0000, 0.0000
ATT: -1, 0, 47
GPS: 588496688, 0, 0, 0.0000000, 0.0000000, 0, -0.2500, 0.0000, 0.0000, 0.0000
ATT: -1, 0, 48
GPS: 588496688, 0, 0, 0.0000000, 0.0000000, 0, -0.3400, 0.0000, 0.0000, 0.0000
ATT: -1, 1, 48
GPS: 588496688, 0, 0, 0.0000000, 0.0000000, 0, -0.3400, 0.0000, 0.0000, 0.0000
ATT: -1, 0, 49
GPS: 588496688, 0, 0, 0.0000000, 0.0000000, 0, -0.3400, 0.0000, 0.0000, 0.0000
ATT: -2, 1, 49
GPS: 588496688, 0, 0, 0.0000000, 0.0000000, 0, -0.2500, 0.0000, 0.0000, 0.0000
ATT: -2, 0, 50
GPS: 588497693, 0, 0, 0.0000000, 0.0000000, 0, -0.1700, 0.0000, 0.0000, 0.0000
ATT: -2, 1, 51
GPS: 588497693, 0, 0, 0.0000000, 0.0000000, 0, -0.1700, 0.0000, 0.0000, 0.0000
ATT: -1, 0, 51
GPS: 588497693, 0, 0, 0.0000000, 0.0000000, 0, -0.1700, 0.0000, 0.0000, 0.0000
ATT: -2, 1, 51
GPS: 588497693, 0, 0, 0.0000000, 0.0000000, 0, -0.1700, 0.0000, 0.0000, 0.0000
ATT: -1, 1, 52
GPS: 588497693, 0, 0, 0.0000000, 0.0000000, 0, -0.1700, 0.0000, 0.0000, 0.0000
ATT: -1, 0, 53
GPS: 588497693, 0, 0, 0.0000000, 0.0000000, 0, -0.2500, 0.0000, 0.0000, 0.0000
ATT: -1, 1, 53
GPS: 588497693, 0, 0, 0.0000000, 0.0000000, 0, -0.2500, 0.0000, 0.0000, 0.0000
ATT: -1, 0, 54
GPS: 588497693, 0, 0, 0.0000000, 0.0000000, 0, -0.2500, 0.0000, 0.0000, 0.0000
ATT: -2, 0, 54
GPS: 588497693, 0, 0, 0.0000000, 0.0000000, 0, -0.2500, 0.0000, 0.0000, 0.0000
ATT: -1, 0, 55
GPS: 588497693, 0, 0, 0.0000000, 0.0000000, 0, -0.2500, 0.0000, 0.0000, 0.0000
ATT: -2, 0, 55
GPS: 588498690, 0, 0, 0.0000000, 0.0000000, 0, -0.2500, 0.0000, 0.0000, 0.0000
ATT: -1, 0, 55
GPS: 588498690, 0, 0, 0.0000000, 0.0000000, 0, -0.2500, 0.0000, 0.0000, 0.0000
ATT: -2, 0, 55
GPS: 588498690, 0, 0, 0.0000000, 0.0000000, 0, -0.2500, 0.0000, 0.0000, 0.0000
ATT: -1, 0, 56
GPS: 588498690, 0, 0, 0.0000000, 0.0000000, 0, -0.0800, 0.0000, 0.0000, 0.0000
ATT: -2, 0, 56
GPS: 588498690, 0, 0, 0.0000000, 0.0000000, 0, 0.0000, 0.0000, 0.0000, 0.0000
ATT: -2, 0, 57
GPS: 588498690, 0, 0, 0.0000000, 0.0000000, 0, 0.0000, 0.0000, 0.0000, 0.0000
ATT: -1, 0, 57
GPS: 588498690, 0, 0, 0.0000000, 0.0000000, 0, 0.0000, 0.0000, 0.0000, 0.0000
ATT: -2, 0, 57
GPS: 588498690, 0, 0, 0.0000000, 0.0000000, 0, 0.0000, 0.0000, 0.0000, 0.0000
ATT: -2, 0, 58
GPS: 588498690, 0, 0, 0.0000000, 0.0000000, 0, 0.0000, 0.0000, 0.0000, 0.0000
ATT: -2, 0, 59
GPS: 588498690, 0, 0, 0.0000000, 0.0000000, 0, -0.1700, 0.0000, 0.0000, 0.0000
ATT: -2, 0, 60
GPS: 588499690, 0, 0, 0.0000000, 0.0000000, 0, -0.2500, 0.0000, 0.0000, 0.0000
ATT: -2, 0, 61
GPS: 588499690, 0, 0, 0.0000000, 0.0000000, 0, -0.1700, 0.0000, 0.0000, 0.0000
ATT: -1, 0, 61
GPS: 588499690, 0, 0, 0.0000000, 0.0000000, 0, -0.0800, 0.0000, 0.0000, 0.0000
ATT: -2, 0, 62
GPS: 588499690, 0, 0, 0.0000000, 0.0000000, 0, 0.0000, 0.0000, 0.0000, 0.0000
ATT: -2, 0, 63
GPS: 588499690, 0, 0, 0.0000000, 0.0000000, 0, 0.0800, 0.0000, 0.0000, 0.0000
ATT: -2, 0, 63
GPS: 588499690, 0, 0, 0.0000000, 0.0000000, 0, 0.0800, 0.0000, 0.0000, 0.0000
ATT: -2, 0, 63
GPS: 588499690, 0, 0, 0.0000000, 0.0000000, 0, 0.0800, 0.0000, 0.0000, 0.0000
ATT: -1, -1, 64
GPS: 588499690, 0, 0, 0.0000000, 0.0000000, 0, 0.1700, 0.0000, 0.0000, 0.0000
ATT: -3, 0, 65
GPS: 588499690, 0, 0, 0.0000000, 0.0000000, 0, 0.1700, 0.0000, 0.0000, 0.0000
ATT: -2, 0, 66
GPS: 588499690, 0, 0, 0.0000000, 0.0000000, 0, 0.4300, 0.0000, 0.0000, 0.0000
ATT: -2, 0, 67
GPS: 588500695, 0, 0, 0.0000000, 0.0000000, 0, 0.6000, 0.0000, 0.0000, 0.0000
ATT: -2, -1, 68
GPS: 588500695, 0, 0, 0.0000000, 0.0000000, 0, 0.5100, 0.0000, 0.0000, 0.0000
ATT: -2, -2, 68
GPS: 588500695, 0, 0, 0.0000000, 0.0000000, 0, 0.4300, 0.0000, 0.0000, 0.0000
ATT: -2, -1, 69
GPS: 588500695, 0, 0, 0.0000000, 0.0000000, 0, 0.3400, 0.0000, 0.0000, 0.0000
ATT: -2, -2, 70
GPS: 588500695, 0, 0, 0.0000000, 0.0000000, 0, 0.3400, 0.0000, 0.0000, 0.0000
ATT: -3, -1, 70
GPS: 588500695, 0, 0, 0.0000000, 0.0000000, 0, 0.1700, 0.0000, 0.0000, 0.0000
ATT: -3, -1, 71
GPS: 588500695, 0, 0, 0.0000000, 0.0000000, 0, 0.0800, 0.0000, 0.0000, 0.0000
ATT: -3, 0, 72
GPS: 588500695, 0, 0, 0.0000000, 0.0000000, 0, 0.2500, 0.0000, 0.0000, 0.0000
ATT: -3, -1, 72
GPS: 588500695, 0, 0, 0.0000000, 0.0000000, 0, 0.3400, 0.0000, 0.0000, 0.0000
ATT: -3, -1, 73
GPS: 588500695, 0, 0, 0.0000000, 0.0000000, 0, 0.1700, 0.0000, 0.0000, 0.0000
ATT: -3, 0, 73
GPS: 588501688, 0, 0, 0.0000000, 0.0000000, 0, 0.0800, 0.0000, 0.0000, 0.0000
ATT: -3, -1, 74
GPS: 588501688, 0, 0, 0.0000000, 0.0000000, 0, 0.0000, 0.0000, 0.0000, 0.0000
ATT: -3, 0, 75
GPS: 588501688, 0, 0, 0.0000000, 0.0000000, 0, -0.0800, 0.0000, 0.0000, 0.0000
ATT: -3, -1, 76
GPS: 588501688, 0, 0, 0.0000000, 0.0000000, 0, -0.1700, 0.0000, 0.0000, 0.0000
ATT: -4, 0, 77
GPS: 588501688, 0, 0, 0.0000000, 0.0000000, 0, -0.2500, 0.0000, 0.0000, 0.0000
ATT: -3, -1, 78
GPS: 588501688, 0, 0, 0.0000000, 0.0000000, 0, -0.1700, 0.0000, 0.0000, 0.0000
ATT: -3, 0, 78
GPS: 588501688, 0, 0, 0.0000000, 0.0000000, 0, -0.0800, 0.0000, 0.0000, 0.0000
ATT: -3, 0, 79
GPS: 588501688, 0, 0, 0.0000000, 0.0000000, 0, -0.0800, 0.0000, 0.0000, 0.0000
ATT: -3, -1, 79
GPS: 588501688, 0, 0, 0.0000000, 0.0000000, 0, -0.0800, 0.0000, 0.0000, 0.0000
ATT: -3, 0, 79
GPS: 588501688, 0, 0, 0.0000000, 0.0000000, 0, 0.0000, 0.0000, 0.0000, 0.0000
ATT: -3, -1, 80
GPS: 588502690, 0, 0, 0.0000000, 0.0000000, 0, 0.0800, 0.0000, 0.0000, 0.0000
ATT: -3, 0, 81
GPS: 588502690, 0, 0, 0.0000000, 0.0000000, 0, 0.1700, 0.0000, 0.0000, 0.0000
ATT: -3, -1, 82
GPS: 588502690, 0, 0, 0.0000000, 0.0000000, 0, 0.2500, 0.0000, 0.0000, 0.0000
ATT: -3, 0, 82
GPS: 588502690, 0, 0, 0.0000000, 0.0000000, 0, 0.0800, 0.0000, 0.0000, 0.0000
ATT: -3, -2, 83
GPS: 588502690, 0, 0, 0.0000000, 0.0000000, 0, 0.0000, 0.0000, 0.0000, 0.0000
ATT: -3, -1, 84
GPS: 588502690, 0, 0, 0.0000000, 0.0000000, 0, 0.0000, 0.0000, 0.0000, 0.0000
ATT: -3, -2, 84
GPS: 588502690, 0, 0, 0.0000000, 0.0000000, 0, 0.0000, 0.0000, 0.0000, 0.0000
ATT: -3, -2, 85
GPS: 588502690, 0, 0, 0.0000000, 0.0000000, 0, -0.0800, 0.0000, 0.0000, 0.0000
ATT: -3, -1, 85
GPS: 588502690, 0, 0, 0.0000000, 0.0000000, 0, -0.1700, 0.0000, 0.0000, 0.0000
ATT: -3, -1, 86
GPS: 588502690, 0, 0, 0.0000000, 0.0000000, 0, -0.2500, 0.0000, 0.0000, 0.0000
ATT: -3, -1, 87
GPS: 588503695, 0, 0, 0.0000000, 0.0000000, 0, -0.2500, 0.0000, 0.0000, 0.0000
ATT: -3, -2, 87
GPS: 588503695, 0, 0, 0.0000000, 0.0000000, 0, -0.1700, 0.0000, 0.0000, 0.0000
ATT: -3, -1, 88
GPS: 588503695, 0, 0, 0.0000000, 0.0000000, 0, -0.1700, 0.0000, 0.0000, 0.0000
ATT: -2, -2, 88
GPS: 588503695, 0, 0, 0.0000000, 0.0000000, 0, -0.0800, 0.0000, 0.0000, 0.0000
ATT: -3, -1, 89
GPS: 588503695, 0, 0, 0.0000000, 0.0000000, 0, 0.0000, 0.0000, 0.0000, 0.0000
ATT: -2, -2, 90
GPS: 588503695, 0, 0, 0.0000000, 0.0000000, 0, 0.0000, 0.0000, 0.0000, 0.0000
ATT: -3, -2, 91
GPS: 588503695, 0, 0, 0.0000000, 0.0000000, 0, 0.0000, 0.0000, 0.0000, 0.0000
ATT: -3, -1, 91
GPS: 588503695, 0, 0, 0.0000000, 0.0000000, 0, -0.0800, 0.0000, 0.0000, 0.0000
ATT: -3, -2, 92
GPS: 588503695, 0, 0, 0.0000000, 0.0000000, 0, -0.1700, 0.0000, 0.0000, 0.0000
ATT: -3, -2, 93
GPS: 588503695, 0, 0, 0.0000000, 0.0000000, 0, -0.1700, 0.0000, 0.0000, 0.0000
ATT: -3, -2, 93
GPS: 588504688, 0, 0, 0.0000000, 0.0000000, 0, -0.1700, 0.0000, 0.0000, 0.0000
ATT: -2, -1, 94
GPS: 588504688, 0, 0, 0.0000000, 0.0000000, 0, -0.2500, 0.0000, 0.0000, 0.0000
ATT: -2, -2, 95
GPS: 588504688, 0, 0, 0.0000000, 0.0000000, 0, -0.2500, 0.0000, 0.0000, 0.0000
ATT: -2, -1, 96
GPS: 588504688, 0, 0, 0.0000000, 0.0000000, 0, -0.0800, 0.0000, 0.0000, 0.0000
ATT: -1, -2, 96
GPS: 588504688, 0, 0, 0.0000000, 0.0000000, 0, 0.0000, 0.0000, 0.0000, 0.0000
ATT: -2, -2, 97
GPS: 588504688, 0, 0, 0.0000000, 0.0000000, 0, 0.0000, 0.0000, 0.0000, 0.0000
ATT: -2, -2, 98
GPS: 588504688, 0, 0, 0.0000000, 0.0000000, 0, 0.0000, 0.0000, 0.0000, 0.0000
ATT: -2, -3, 99
GPS: 588504688, 0, 0, 0.0000000, 0.0000000, 0, 0.0800, 0.0000, 0.0000, 0.0000
ATT: -2, -2, 99
GPS: 588504688, 0, 0, 0.0000000, 0.0000000, 0, 0.1700, 0.0000, 0.0000, 0.0000
ATT: -2, -2, 101
GPS: 588504688, 0, 0, 0.0000000, 0.0000000, 0, 0.1700, 0.0000, 0.0000, 0.0000
ATT: -3, -1, 101
GPS: 588505688, 0, 0, 0.0000000, 0.0000000, 0, 0.1700, 0.0000, 0.0000, 0.0000
ATT: -3, -2, 102
GPS: 588505688, 0, 0, 0.0000000, 0.0000000, 0, 0.1700, 0.0000, 0.0000, 0.0000
ATT: -3, -2, 103
GPS: 588505688, 0, 0, 0.0000000, 0.0000000, 0, 0.1700, 0.0000, 0.0000, 0.0000
ATT: -3, -2, 104
GPS: 588505688, 0, 0, 0.0000000, 0.0000000, 0, 0.2500, 0.0000, 0.0000, 0.0000
ATT: -3, -1, 104
GPS: 588505688, 0, 0, 0.0000000, 0.0000000, 0, 0.2500, 0.0000, 0.0000, 0.0000
PM:20018,1001,20,0,0,0,0,0,1,1,3,0,0, 
ATT: -2, -1, 105
GPS: 588505688, 0, 0, 0.0000000, 0.0000000, 0, 0.1700, 0.0000, 0.0000, 0.0000
ATT: -3, -2, 106
GPS: 588505688, 0, 0, 0.0000000, 0.0000000, 0, 0.0800, 0.0000, 0.0000, 0.0000
ATT: -2, -1, 107
GPS: 588505688, 0, 0, 0.0000000, 0.0000000, 0, 0.0000, 0.0000, 0.0000, 0.0000
ATT: -2, -2, 108
GPS: 588505688, 0, 0, 0.0000000, 0.0000000, 0, 0.0000, 0.0000, 0.0000, 0.0000
ATT: -2, -1, 109
GPS: 588505688, 0, 0, 0.0000000, 0.0000000, 0, 0.0800, 0.0000, 0.0000, 0.0000
ATT: -2, -1, 110
GPS: 588506695, 0, 0, 0.0000000, 0.0000000, 0, 0.0800, 0.0000, 0.0000, 0.0000
ATT: -2, -1, 111
GPS: 588506695, 0, 0, 0.0000000, 0.0000000, 0, 0.0000, 0.0000, 0.0000, 0.0000
ATT: -2, -1, 112
GPS: 588506695, 0, 0, 0.0000000, 0.0000000, 0, 0.0000, 0.0000, 0.0000, 0.0000
ATT: -3, 0, 113
GPS: 588506695, 0, 0, 0.0000000, 0.0000000, 0, 0.0000, 0.0000, 0.0000, 0.0000
ATT: -3, 0, 113
GPS: 588506695, 0, 0, 0.0000000, 0.0000000, 0, 0.0000, 0.0000, 0.0000, 0.0000
ATT: -3, 0, 114
GPS: 588506695, 0, 0, 0.0000000, 0.0000000, 0, 0.0000, 0.0000, 0.0000, 0.0000
ATT: -3, 0, 115
GPS: 588506695, 0, 0, 0.0000000, 0.0000000, 0, 0.0000, 0.0000, 0.0000, 0.0000
ATT: -3, 0, 116
GPS: 588506695, 0, 0, 0.0000000, 0.0000000, 0, 0.0000, 0.0000, 0.0000, 0.0000
ATT: -3, 0, 117
GPS: 588506695, 0, 0, 0.0000000, 0.0000000, 0, 0.0000, 0.0000, 0.0000, 0.0000
ATT: -2, 0, 117
GPS: 588506695, 0, 0, 0.0000000, 0.0000000, 0, -0.0800, 0.0000, 0.0000, 0.0000
ATT: -3, 0, 118
GPS: 588507690, 0, 0, 0.0000000, 0.0000000, 0, -0.0800, 0.0000, 0.0000, 0.0000
ATT: -3, 0, 118
GPS: 588507690, 0, 0, 0.0000000, 0.0000000, 0, 0.0000, 0.0000, 0.0000, 0.0000
ATT: -3, 0, 119
GPS: 588507690, 0, 0, 0.0000000, 0.0000000, 0, 0.0000, 0.0000, 0.0000, 0.0000
ATT: -3, 0, 120
GPS: 588507690, 0, 0, 0.0000000, 0.0000000, 0, -0.0800, 0.0000, 0.0000, 0.0000
ATT: -2, -1, 120
GPS: 588507690, 0, 0, 0.0000000, 0.0000000, 0, -0.1700, 0.0000, 0.0000, 0.0000
ATT: -2, 0, 121
GPS: 588507690, 0, 0, 0.0000000, 0.0000000, 0, -0.1700, 0.0000, 0.0000, 0.0000
ATT: -1, -1, 122
GPS: 588507690, 0, 0, 0.0000000, 0.0000000, 0, -0.1700, 0.0000, 0.0000, 0.0000
ATT: -2, -1, 122
GPS: 588507690, 0, 0, 0.0000000, 0.0000000, 0, -0.0800, 0.0000, 0.0000, 0.0000
ATT: -2, -1, 123
GPS: 588507690, 0, 0, 0.0000000, 0.0000000, 0, 0.0000, 0.0000, 0.0000, 0.0000
ATT: -2, -1, 124
GPS: 588507690, 0, 0, 0.0000000, 0.0000000, 0, -0.0800, 0.0000, 0.0000, 0.0000
ATT: -1, -1, 124
GPS: 588508690, 0, 0, 0.0000000, 0.0000000, 0, -0.1700, 0.0000, 0.0000, 0.0000
ATT: -2, -1, 125
GPS: 588508690, 0, 0, 0.0000000, 0.0000000, 0, -0.1700, 0.0000, 0.0000, 0.0000
ATT: -1, -1, 125
GPS: 588508690, 0, 0, 0.0000000, 0.0000000, 0, -0.1700, 0.0000, 0.0000, 0.0000
ATT: -2, -1, 126
GPS: 588508690, 0, 0, 0.0000000, 0.0000000, 0, -0.1700, 0.0000, 0.0000, 0.0000
ATT: -2, -1, 126
GPS: 588508690, 0, 0, 0.0000000, 0.0000000, 0, -0.1700, 0.0000, 0.0000, 0.0000
ATT: -2, -2, 126
GPS: 588508690, 0, 0, 0.0000000, 0.0000000, 0, -0.2500, 0.0000, 0.0000, 0.0000
ATT: -3, -1, 126
GPS: 588508690, 0, 0, 0.0000000, 0.0000000, 0, -0.2500, 0.0000, 0.0000, 0.0000
ATT: -3, -1, 127
GPS: 588508690, 0, 0, 0.0000000, 0.0000000, 0, -0.3400, 0.0000, 0.0000, 0.0000
ATT: -3, 0, 128
GPS: 588508690, 0, 0, 0.0000000, 0.0000000, 0, -0.3400, 0.0000, 0.0000, 0.0000
ATT: -3, -1, 128
GPS: 588508690, 0, 0, 0.0000000, 0.0000000, 0, -0.3400, 0.0000, 0.0000, 0.0000
ATT: -3, -1, 128
GPS: 588509696, 0, 0, 0.0000000, 0.0000000, 0, -0.3400, 0.0000, 0.0000, 0.0000
ATT: -3, -2, 128
GPS: 588509696, 0, 0, 0.0000000, 0.0000000, 0, -0.3400, 0.0000, 0.0000, 0.0000
ATT: -3, -3, 129
GPS: 588509696, 0, 0, 0.0000000, 0.0000000, 0, -0.3400, 0.0000, 0.0000, 0.0000
ATT: -4, -1, 129
GPS: 588509696, 0, 0, 0.0000000, 0.0000000, 0, -0.3400, 0.0000, 0.0000, 0.0000
ATT: -3, -2, 130
GPS: 588509696, 0, 0, 0.0000000, 0.0000000, 0, -0.3400, 0.0000, 0.0000, 0.0000
ATT: -3, -1, 130
GPS: 588509696, 0, 0, 0.0000000, 0.0000000, 0, -0.4300, 0.0000, 0.0000, 0.0000
ATT: -3, -2, 130
GPS: 588509696, 0, 0, 0.0000000, 0.0000000, 0, -0.5100, 0.0000, 0.0000, 0.0000
ATT: -4, -1, 130
GPS: 588509696, 0, 0, 0.0000000, 0.0000000, 0, -0.4300, 0.0000, 0.0000, 0.0000
ATT: -3, -2, 131
GPS: 588509696, 0, 0, 0.0000000, 0.0000000, 0, -0.4300, 0.0000, 0.0000, 0.0000
ATT: -4, -2, 131
GPS: 588509696, 0, 0, 0.0000000, 0.0000000, 0, -0.3400, 0.0000, 0.0000, 0.0000
ATT: -3, -2, 132
GPS: 588510690, 0, 0, 0.0000000, 0.0000000, 0, -0.3400, 0.0000, 0.0000, 0.0000
ATT: -4, -2, 133
GPS: 588510690, 0, 0, 0.0000000, 0.0000000, 0, -0.4300, 0.0000, 0.0000, 0.0000
ATT: -5, -1, 134
GPS: 588510690, 0, 0, 0.0000000, 0.0000000, 0, -0.4300, 0.0000, 0.0000, 0.0000
ATT: -4, -2, 134
GPS: 588510690, 0, 0, 0.0000000, 0.0000000, 0, -0.4300, 0.0000, 0.0000, 0.0000
ATT: -5, -1, 135
GPS: 588510690, 0, 0, 0.0000000, 0.0000000, 0, -0.4300, 0.0000, 0.0000, 0.0000
ATT: -4, -2, 136
GPS: 588510690, 0, 0, 0.0000000, 0.0000000, 0, -0.4300, 0.0000, 0.0000, 0.0000
ATT: -5, -2, 137
GPS: 588510690, 0, 0, 0.0000000, 0.0000000, 0, -0.4300, 0.0000, 0.0000, 0.0000
ATT: -4, -2, 137
GPS: 588510690, 0, 0, 0.0000000, 0.0000000, 0, -0.2500, 0.0000, 0.0000, 0.0000
ATT: -4, -2, 137
GPS: 588510690, 0, 0, 0.0000000, 0.0000000, 0, -0.1700, 0.0000, 0.0000, 0.0000
ATT: -4, -1, 137
GPS: 588510690, 0, 0, 0.0000000, 0.0000000, 0, -0.3400, 0.0000, 0.0000, 0.0000
ATT: -4, -2, 138
GPS: 588511690, 0, 0, 0.0000000, 0.0000000, 0, -0.5100, 0.0000, 0.0000, 0.0000
ATT: -4, -1, 138
GPS: 588511690, 0, 0, 0.0000000, 0.0000000, 0, -0.3400, 0.0000, 0.0000, 0.0000
ATT: -4, -2, 139
GPS: 588511690, 0, 0, 0.0000000, 0.0000000, 0, -0.2500, 0.0000, 0.0000, 0.0000
ATT: -4, -1, 139
GPS: 588511690, 0, 0, 0.0000000, 0.0000000, 0, -0.3400, 0.0000, 0.0000, 0.0000
ATT: -4, -2, 140
GPS: 588511690, 0, 0, 0.0000000, 0.0000000, 0, -0.4300, 0.0000, 0.0000, 0.0000
ATT: -4, -2, 140
GPS: 588511690, 0, 0, 0.0000000, 0.0000000, 0, -0.4300, 0.0000, 0.0000, 0.0000
ATT: -4, -2, 140
GPS: 588511690, 0, 0, 0.0000000, 0.0000000, 0, -0.4300, 0.0000, 0.0000, 0.0000
ATT: -4, -2, 140
GPS: 588511690, 0, 0, 0.0000000, 0.0000000, 0, -0.4300, 0.0000, 0.0000, 0.0000
ATT: -4, -2, 140
GPS: 588511690, 0, 0, 0.0000000, 0.0000000, 0, -0.4300, 0.0000, 0.0000, 0.0000
ATT: -4, -2, 140
GPS: 588511690, 0, 0, 0.0000000, 0.0000000, 0, -0.4300, 0.0000, 0.0000, 0.0000
ATT: -4, -1, 140
GPS: 588512695, 0, 0, 0.0000000, 0.0000000, 0, -0.4300, 0.0000, 0.0000, 0.0000
ATT: -4, -2, 141
GPS: 588512695, 0, 0, 0.0000000, 0.0000000, 0, -0.4300, 0.0000, 0.0000, 0.0000
ATT: -4, -2, 141
GPS: 588512695, 0, 0, 0.0000000, 0.0000000, 0, -0.4300, 0.0000, 0.0000, 0.0000
ATT: -4, -2, 141
GPS: 588512695, 0, 0, 0.0000000, 0.0000000, 0, -0.3400, 0.0000, 0.0000, 0.0000
ATT: -5, -2, 141
GPS: 588512695, 0, 0, 0.0000000, 0.0000000, 0, -0.2500, 0.0000, 0.0000, 0.0000
ATT: -4, -2, 142
GPS: 588512695, 0, 0, 0.0000000, 0.0000000, 0, -0.3400, 0.0000, 0.0000, 0.0000
ATT: -4, -2, 142
GPS: 588512695, 0, 0, 0.0000000, 0.0000000, 0, -0.4300, 0.0000, 0.0000, 0.0000
ATT: -3, -2, 141
GPS: 588512695, 0, 0, 0.0000000, 0.0000000, 0, -0.4300, 0.0000, 0.0000, 0.0000
ATT: -3, -2, 142
GPS: 588512695, 0, 0, 0.0000000, 0.0000000, 0, -0.4300, 0.0000, 0.0000, 0.0000
ATT: -4, -1, 142
GPS: 588512695, 0, 0, 0.0000000, 0.0000000, 0, -0.3400, 0.0000, 0.0000, 0.0000
ATT: -3, -3, 143
GPS: 588513690, 0, 0, 0.0000000, 0.0000000, 0, -0.3400, 0.0000, 0.0000, 0.0000
ATT: -4, -2, 143
GPS: 588513690, 0, 0, 0.0000000, 0.0000000, 0, -0.0800, 0.0000, 0.0000, 0.0000
ATT: -4, -3, 143
GPS: 588513690, 0, 0, 0.0000000, 0.0000000, 0, 0.0800, 0.0000, 0.0000, 0.0000
ATT: -5, -1, 143
GPS: 588513690, 0, 0, 0.0000000, 0.0000000, 0, 0.0800, 0.0000, 0.0000, 0.0000
ATT: -5, -3, 143
GPS: 588513690, 0, 0, 0.0000000, 0.0000000, 0, 0.0800, 0.0000, 0.0000, 0.0000
ATT: -5, -3, 144
GPS: 588513690, 0, 0, 0.0000000, 0.0000000, 0, 0.0000, 0.0000, 0.0000, 0.0000
ATT: -4, -2, 144
GPS: 588513690, 0, 0, 0.0000000, 0.0000000, 0, -0.0800, 0.0000, 0.0000, 0.0000
ATT: -3, -3, 145
GPS: 588513690, 0, 0, 0.0000000, 0.0000000, 0, -0.2500, 0.0000, 0.0000, 0.0000
ATT: -4, -3, 145
GPS: 588513690, 0, 0, 0.0000000, 0.0000000, 0, -0.3400, 0.0000, 0.0000, 0.0000
ATT: -3, -3, 145
GPS: 588513690, 0, 0, 0.0000000, 0.0000000, 0, -0.4300, 0.0000, 0.0000, 0.0000
ATT: -4, -2, 145
GPS: 588514688, 0, 0, 0.0000000, 0.0000000, 0, -0.4300, 0.0000, 0.0000, 0.0000
ATT: -3, -3, 146
GPS: 588514688, 0, 0, 0.0000000, 0.0000000, 0, -0.4300, 0.0000, 0.0000, 0.0000
ATT: -4, -3, 146
GPS: 588514688, 0, 0, 0.0000000, 0.0000000, 0, -0.4300, 0.0000, 0.0000, 0.0000
ATT: -4, -3, 147
GPS: 588514688, 0, 0, 0.0000000, 0.0000000, 0, -0.4300, 0.0000, 0.0000, 0.0000
ATT: -4, -4, 147
GPS: 588514688, 0, 0, 0.0000000, 0.0000000, 0, -0.4300, 0.0000, 0.0000, 0.0000
ATT: -3, -3, 147
GPS: 588514688, 0, 0, 0.0000000, 0.0000000, 0, -0.4300, 0.0000, 0.0000, 0.0000
ATT: -3, -3, 148
GPS: 588514688, 0, 0, 0.0000000, 0.0000000, 0, -0.4300, 0.0000, 0.0000, 0.0000
ATT: -3, -3, 149
GPS: 588514688, 0, 0, 0.0000000, 0.0000000, 0, -0.3400, 0.0000, 0.0000, 0.0000
ATT: -2, -4, 149
GPS: 588514688, 0, 0, 0.0000000, 0.0000000, 0, -0.3400, 0.0000, 0.0000, 0.0000
ATT: -3, -3, 149
GPS: 588514688, 0, 0, 0.0000000, 0.0000000, 0, -0.3400, 0.0000, 0.0000, 0.0000
ATT: -3, -4, 149
GPS: 588515697, 0, 0, 0.0000000, 0.0000000, 0, -0.3400, 0.0000, 0.0000, 0.0000
ATT: -3, -4, 149
GPS: 588515697, 0, 0, 0.0000000, 0.0000000, 0, -0.5100, 0.0000, 0.0000, 0.0000
ATT: -3, -4, 150
GPS: 588515697, 0, 0, 0.0000000, 0.0000000, 0, -0.6000, 0.0000, 0.0000, 0.0000
ATT: -3, -5, 151
GPS: 588515697, 0, 0, 0.0000000, 0.0000000, 0, -0.6000, 0.0000, 0.0000, 0.0000
ATT: -4, -4, 152
GPS: 588515697, 0, 0, 0.0000000, 0.0000000, 0, -0.6000, 0.0000, 0.0000, 0.0000
ATT: -4, -5, 153
GPS: 588515697, 0, 0, 0.0000000, 0.0000000, 0, -0.6000, 0.0000, 0.0000, 0.0000
ATT: -4, -3, 153
GPS: 588515697, 0, 0, 0.0000000, 0.0000000, 0, -0.6000, 0.0000, 0.0000, 0.0000
ATT: -4, -5, 154
GPS: 588515697, 0, 0, 0.0000000, 0.0000000, 0, -0.5100, 0.0000, 0.0000, 0.0000
ATT: -5, -4, 154
GPS: 588515697, 0, 0, 0.0000000, 0.0000000, 0, -0.5100, 0.0000, 0.0000, 0.0000
ATT: -5, -4, 154
GPS: 588515697, 0, 0, 0.0000000, 0.0000000, 0, -0.5100, 0.0000, 0.0000, 0.0000
ATT: -5, -4, 155
GPS: 588516692, 0, 0, 0.0000000, 0.0000000, 0, -0.5100, 0.0000, 0.0000, 0.0000
ATT: -5, -4, 155
GPS: 588516692, 0, 0, 0.0000000, 0.0000000, 0, -0.6900, 0.0000, 0.0000, 0.0000
ATT: -5, -4, 154
GPS: 588516692, 0, 0, 0.0000000, 0.0000000, 0, -0.7700, 0.0000, 0.0000, 0.0000
ATT: -5, -4, 155
GPS: 588516692, 0, 0, 0.0000000, 0.0000000, 0, -0.6900, 0.0000, 0.0000, 0.0000
ATT: -6, -5, 155
GPS: 588516692, 0, 0, 0.0000000, 0.0000000, 0, -0.6000, 0.0000, 0.0000, 0.0000
ATT: -6, -4, 156
GPS: 588516692, 0, 0, 0.0000000, 0.0000000, 0, -0.4300, 0.0000, 0.0000, 0.0000
ATT: -5, -5, 156
GPS: 588516692, 0, 0, 0.0000000, 0.0000000, 0, -0.3400, 0.0000, 0.0000, 0.0000
ATT: -6, -4, 156
GPS: 588516692, 0, 0, 0.0000000, 0.0000000, 0, -0.2500, 0.0000, 0.0000, 0.0000
ATT: -6, -4, 157
GPS: 588516692, 0, 0, 0.0000000, 0.0000000, 0, -0.1700, 0.0000, 0.0000, 0.0000
ATT: -6, -4, 157
GPS: 588516692, 0, 0, 0.0000000, 0.0000000, 0, -0.1700, 0.0000, 0.0000, 0.0000
ATT: -6, -4, 157
GPS: 588517688, 0, 0, 0.0000000, 0.0000000, 0, -0.1700, 0.0000, 0.0000, 0.0000
ATT: -5, -4, 158
GPS: 588517688, 0, 0, 0.0000000, 0.0000000, 0, -0.1700, 0.0000, 0.0000, 0.0000
ATT: -5, -4, 158
GPS: 588517688, 0, 0, 0.0000000, 0.0000000, 0, -0.1700, 0.0000, 0.0000, 0.0000
ATT: -5, -4, 159
GPS: 588517688, 0, 0, 0.0000000, 0.0000000, 0, -0.2500, 0.0000, 0.0000, 0.0000
ATT: -5, -3, 159
GPS: 588517688, 0, 0, 0.0000000, 0.0000000, 0, -0.2500, 0.0000, 0.0000, 0.0000
ATT: -5, -4, 159
GPS: 588517688, 0, 0, 0.0000000, 0.0000000, 0, -0.2500, 0.0000, 0.0000, 0.0000
ATT: -6, -2, 160
GPS: 588517688, 0, 0, 0.0000000, 0.0000000, 0, -0.2500, 0.0000, 0.0000, 0.0000
ATT: -5, -3, 160
GPS: 588517688, 0, 0, 0.0000000, 0.0000000, 0, -0.2500, 0.0000, 0.0000, 0.0000
ATT: -5, -3, 161
GPS: 588517688, 0, 0, 0.0000000, 0.0000000, 0, -0.2500, 0.0000, 0.0000, 0.0000
ATT: -5, -3, 161
GPS: 588517688, 0, 0, 0.0000000, 0.0000000, 0, -0.2500, 0.0000, 0.0000, 0.0000
ATT: -5, -3, 161
GPS: 588518695, 0, 0, 0.0000000, 0.0000000, 0, -0.2500, 0.0000, 0.0000, 0.0000
ATT: -4, -2, 162
GPS: 588518695, 0, 0, 0.0000000, 0.0000000, 0, -0.3400, 0.0000, 0.0000, 0.0000
ATT: -4, -3, 162
GPS: 588518695, 0, 0, 0.0000000, 0.0000000, 0, -0.4300, 0.0000, 0.0000, 0.0000
ATT: -4, -2, 163
GPS: 588518695, 0, 0, 0.0000000, 0.0000000, 0, -0.5100, 0.0000, 0.0000, 0.0000
ATT: -4, -3, 163
GPS: 588518695, 0, 0, 0.0000000, 0.0000000, 0, -0.6000, 0.0000, 0.0000, 0.0000
ATT: -5, -1, 164
GPS: 588518695, 0, 0, 0.0000000, 0.0000000, 0, -0.6000, 0.0000, 0.0000, 0.0000
ATT: -4, -2, 165
GPS: 588518695, 0, 0, 0.0000000, 0.0000000, 0, -0.6000, 0.0000, 0.0000, 0.0000
ATT: -4, -2, 165
GPS: 588518695, 0, 0, 0.0000000, 0.0000000, 0, -0.4300, 0.0000, 0.0000, 0.0000
ATT: -5, -2, 166
GPS: 588518695, 0, 0, 0.0000000, 0.0000000, 0, -0.2500, 0.0000, 0.0000, 0.0000
ATT: -5, -2, 167
GPS: 588518695, 0, 0, 0.0000000, 0.0000000, 0, -0.1700, 0.0000, 0.0000, 0.0000
ATT: -6, -1, 167
GPS: 588519692, 0, 0, 0.0000000, 0.0000000, 0, -0.0800, 0.0000, 0.0000, 0.0000
ATT: -5, -2, 168
GPS: 588519692, 0, 0, 0.0000000, 0.0000000, 0, -0.0800, 0.0000, 0.0000, 0.0000
ATT: -5, -2, 168
GPS: 588519692, 0, 0, 0.0000000, 0.0000000, 0, -0.0800, 0.0000, 0.0000, 0.0000
ATT: -4, -4, 169
GPS: 588519692, 0, 0, 0.0000000, 0.0000000, 0, -0.1700, 0.0000, 0.0000, 0.0000
ATT: -5, -2, 169
GPS: 588519692, 0, 0, 0.0000000, 0.0000000, 0, -0.1700, 0.0000, 0.0000, 0.0000
ATT: -5, -3, 170
GPS: 588519692, 0, 0, 0.0000000, 0.0000000, 0, -0.0800, 0.0000, 0.0000, 0.0000
ATT: -5, -2, 170
GPS: 588519692, 0, 0, 0.0000000, 0.0000000, 0, 0.0000, 0.0000, 0.0000, 0.0000
ATT: -5, -1, 171
GPS: 588519692, 0, 0, 0.0000000, 0.0000000, 0, 0.0800, 0.0000, 0.0000, 0.0000
ATT: -4, -2, 171
GPS: 588519692, 0, 0, 0.0000000, 0.0000000, 0, 0.1700, 0.0000, 0.0000, 0.0000
ATT: -4, -1, 171
GPS: 588519692, 0, 0, 0.0000000, 0.0000000, 0, 0.2500, 0.0000, 0.0000, 0.0000
ATT: -4, -2, 172
GPS: 588520688, 0, 0, 0.0000000, 0.0000000, 0, 0.3400, 0.0000, 0.0000, 0.0000
ATT: -5, -1, 173
GPS: 588520688, 0, 0, 0.0000000, 0.0000000, 0, 0.3400, 0.0000, 0.0000, 0.0000
ATT: -4, -2, 173
GPS: 588520688, 0, 0, 0.0000000, 0.0000000, 0, 0.3400, 0.0000, 0.0000, 0.0000
ATT: -5, -1, 174
GPS: 588520688, 0, 0, 0.0000000, 0.0000000, 0, 0.0800, 0.0000, 0.0000, 0.0000
ATT: -4, -2, 175
GPS: 588520688, 0, 0, 0.0000000, 0.0000000, 0, -0.0800, 0.0000, 0.0000, 0.0000
ATT: -4, -2, 176
GPS: 588520688, 0, 0, 0.0000000, 0.0000000, 0, 0.0000, 0.0000, 0.0000, 0.0000
ATT: -4, -2, 176
GPS: 588520688, 0, 0, 0.0000000, 0.0000000, 0, 0.0800, 0.0000, 0.0000, 0.0000
ATT: -5, -2, 177
GPS: 588520688, 0, 0, 0.0000000, 0.0000000, 0, 0.0800, 0.0000, 0.0000, 0.0000
ATT: -4, -1, 178
GPS: 588520688, 0, 0, 0.0000000, 0.0000000, 0, 0.0800, 0.0000, 0.0000, 0.0000
ATT: -3, -2, 178
GPS: 588520688, 0, 0, 0.0000000, 0.0000000, 0, 0.1700, 0.0000, 0.0000, 0.0000
ATT: -4, -1, 179
GPS: 588521694, 0, 0, 0.0000000, 0.0000000, 0, 0.2500, 0.0000, 0.0000, 0.0000
ATT: -3, -2, 179
GPS: 588521694, 0, 0, 0.0000000, 0.0000000, 0, 0.0800, 0.0000, 0.0000, 0.0000
ATT: -4, -1, 180
GPS: 588521694, 0, 0, 0.0000000, 0.0000000, 0, -0.0800, 0.0000, 0.0000, 0.0000
ATT: -3, -2, 181
GPS: 588521694, 0, 0, 0.0000000, 0.0000000, 0, -0.0800, 0.0000, 0.0000, 0.0000
ATT: -3, -2, 181
GPS: 588521694, 0, 0, 0.0000000, 0.0000000, 0, -0.0800, 0.0000, 0.0000, 0.0000
ATT: -4, -1, 181
GPS: 588521694, 0, 0, 0.0000000, 0.0000000, 0, -0.0800, 0.0000, 0.0000, 0.0000
ATT: -4, -2, 182
GPS: 588521694, 0, 0, 0.0000000, 0.0000000, 0, -0.0800, 0.0000, 0.0000, 0.0000
ATT: -4, -1, 182
GPS: 588521694, 0, 0, 0.0000000, 0.0000000, 0, 0.0000, 0.0000, 0.0000, 0.0000
ATT: -4, -2, 182
GPS: 588521694, 0, 0, 0.0000000, 0.0000000, 0, 0.0000, 0.0000, 0.0000, 0.0000
ATT: -4, -1, 183
GPS: 588521694, 0, 0, 0.0000000, 0.0000000, 0, 0.1700, 0.0000, 0.0000, 0.0000
ATT: -4, -3, 183
GPS: 588522692, 0, 0, 0.0000000, 0.0000000, 0, 0.3400, 0.0000, 0.0000, 0.0000
ATT: -4, -3, 183
GPS: 588522692, 0, 0, 0.0000000, 0.0000000, 0, 0.3400, 0.0000, 0.0000, 0.0000
ATT: -3, -3, 184
GPS: 588522692, 0, 0, 0.0000000, 0.0000000, 0, 0.3400, 0.0000, 0.0000, 0.0000
ATT: -3, -3, 184
GPS: 588522692, 0, 0, 0.0000000, 0.0000000, 0, 0.2500, 0.0000, 0.0000, 0.0000
ATT: -3, -3, 185
GPS: 588522692, 0, 0, 0.0000000, 0.0000000, 0, 0.2500, 0.0000, 0.0000, 0.0000
ATT: -2, -5, 185
GPS: 588522692, 0, 0, 0.0000000, 0.0000000, 0, 0.1700, 0.0000, 0.0000, 0.0000
ATT: -3, -3, 186
GPS: 588522692, 0, 0, 0.0000000, 0.0000000, 0, 0.1700, 0.0000, 0.0000, 0.0000
ATT: -3, -5, 187
GPS: 588522692, 0, 0, 0.0000000, 0.0000000, 0, 0.1700, 0.0000, 0.0000, 0.0000
ATT: -4, -3, 188
GPS: 588522692, 0, 0, 0.0000000, 0.0000000, 0, 0.1700, 0.0000, 0.0000, 0.0000
ATT: -3, -4, 189
GPS: 588522692, 0, 0, 0.0000000, 0.0000000, 0, 0.0000, 0.0000, 0.0000, 0.0000
ATT: -4, -3, 190
GPS: 588523692, 0, 0, 0.0000000, 0.0000000, 0, -0.0800, 0.0000, 0.0000, 0.0000
ATT: -3, -2, 191
GPS: 588523692, 0, 0, 0.0000000, 0.0000000, 0, 0.0000, 0.0000, 0.0000, 0.0000
ATT: -3, -3, 192
GPS: 588523692, 0, 0, 0.0000000, 0.0000000, 0, 0.0000, 0.0000, 0.0000, 0.0000
ATT: -3, -2, 192
GPS: 588523692, 0, 0, 0.0000000, 0.0000000, 0, -0.0800, 0.0000, 0.0000, 0.0000
ATT: -3, -3, 193
GPS: 588523692, 0, 0, 0.0000000, 0.0000000, 0, -0.1700, 0.0000, 0.0000, 0.0000
ATT: -3, -2, 194
GPS: 588523692, 0, 0, 0.0000000, 0.0000000, 0, -0.1700, 0.0000, 0.0000, 0.0000
ATT: -3, -3, 194
GPS: 588523692, 0, 0, 0.0000000, 0.0000000, 0, -0.1700, 0.0000, 0.0000, 0.0000
ATT: -3, -2, 195
GPS: 588523692, 0, 0, 0.0000000, 0.0000000, 0, 0.0000, 0.0000, 0.0000, 0.0000
ATT: -3, -3, 196
GPS: 588523692, 0, 0, 0.0000000, 0.0000000, 0, 0.1700, 0.0000, 0.0000, 0.0000
ATT: -4, -3, 197
GPS: 588523692, 0, 0, 0.0000000, 0.0000000, 0, 0.1700, 0.0000, 0.0000, 0.0000
ATT: -4, -2, 198
GPS: 588524697, 0, 0, 0.0000000, 0.0000000, 0, 0.1700, 0.0000, 0.0000, 0.0000
ATT: -4, -2, 198
GPS: 588524697, 0, 0, 0.0000000, 0.0000000, 0, 0.1700, 0.0000, 0.0000, 0.0000
ATT: -3, -1, 199
GPS: 588524697, 0, 0, 0.0000000, 0.0000000, 0, 0.1700, 0.0000, 0.0000, 0.0000
ATT: -3, -3, 199
GPS: 588524697, 0, 0, 0.0000000, 0.0000000, 0, 0.0800, 0.0000, 0.0000, 0.0000
ATT: -3, -2, 200
GPS: 588524697, 0, 0, 0.0000000, 0.0000000, 0, 0.0000, 0.0000, 0.0000, 0.0000
ATT: -3, -4, 201
GPS: 588524697, 0, 0, 0.0000000, 0.0000000, 0, 0.0000, 0.0000, 0.0000, 0.0000
ATT: -4, -3, 202
GPS: 588524697, 0, 0, 0.0000000, 0.0000000, 0, 0.0000, 0.0000, 0.0000, 0.0000
ATT: -4, -4, 203
GPS: 588524697, 0, 0, 0.0000000, 0.0000000, 0, 0.0000, 0.0000, 0.0000, 0.0000
ATT: -4, -4, 204
GPS: 588524697, 0, 0, 0.0000000, 0.0000000, 0, 0.0000, 0.0000, 0.0000, 0.0000
ATT: -4, -3, 204
GPS: 588524697, 0, 0, 0.0000000, 0.0000000, 0, -0.0800, 0.0000, 0.0000, 0.0000
ATT: -5, -3, 205
GPS: 588525692, 0, 0, 0.0000000, 0.0000000, 0, -0.1700, 0.0000, 0.0000, 0.0000
ATT: -6, -1, 206
GPS: 588525692, 0, 0, 0.0000000, 0.0000000, 0, -0.1700, 0.0000, 0.0000, 0.0000
ATT: -6, -2, 207
GPS: 588525692, 0, 0, 0.0000000, 0.0000000, 0, -0.1700, 0.0000, 0.0000, 0.0000
ATT: -6, -2, 208
GPS: 588525692, 0, 0, 0.0000000, 0.0000000, 0, -0.2500, 0.0000, 0.0000, 0.0000
ATT: -6, -3, 208
GPS: 588525692, 0, 0, 0.0000000, 0.0000000, 0, -0.2500, 0.0000, 0.0000, 0.0000
ATT: -6, -2, 209
GPS: 588525692, 0, 0, 0.0000000, 0.0000000, 0, -0.2500, 0.0000, 0.0000, 0.0000
PM:20020,1001,20,0,0,0,0,0,1,2,3,0,0, 
ATT: -5, -3, 210
GPS: 588525692, 0, 0, 0.0000000, 0.0000000, 0, -0.2500, 0.0000, 0.0000, 0.0000
ATT: -6, -2, 210
GPS: 588525692, 0, 0, 0.0000000, 0.0000000, 0, -0.2500, 0.0000, 0.0000, 0.0000
ATT: -5, -2, 210
GPS: 588525692, 0, 0, 0.0000000, 0.0000000, 0, -0.2500, 0.0000, 0.0000, 0.0000
ATT: -5, -2, 211
GPS: 588525692, 0, 0, 0.0000000, 0.0000000, 0, -0.0800, 0.0000, 0.0000, 0.0000
ATT: -5, 0, 212
GPS: 588526690, 0, 0, 0.0000000, 0.0000000, 0, 0.0000, 0.0000, 0.0000, 0.0000
ATT: -5, -1, 212
GPS: 588526690, 0, 0, 0.0000000, 0.0000000, 0, -0.1700, 0.0000, 0.0000, 0.0000
ATT: -5, 0, 213
GPS: 588526690, 0, 0, 0.0000000, 0.0000000, 0, -0.2500, 0.0000, 0.0000, 0.0000
ATT: -5, -1, 213
GPS: 588526690, 0, 0, 0.0000000, 0.0000000, 0, -0.2500, 0.0000, 0.0000, 0.0000
ATT: -5, 0, 214
GPS: 588526690, 0, 0, 0.0000000, 0.0000000, 0, -0.2500, 0.0000, 0.0000, 0.0000
ATT: -5, 0, 215
GPS: 588526690, 0, 0, 0.0000000, 0.0000000, 0, -0.1700, 0.0000, 0.0000, 0.0000
ATT: -5, 0, 216
GPS: 588526690, 0, 0, 0.0000000, 0.0000000, 0, -0.0800, 0.0000, 0.0000, 0.0000
ATT: -4, 0, 217
GPS: 588526690, 0, 0, 0.0000000, 0.0000000, 0, -0.0800, 0.0000, 0.0000, 0.0000
ATT: -5, -1, 217
GPS: 588526690, 0, 0, 0.0000000, 0.0000000, 0, -0.0800, 0.0000, 0.0000, 0.0000
ATT: -5, 0, 218
GPS: 588526690, 0, 0, 0.0000000, 0.0000000, 0, -0.0800, 0.0000, 0.0000, 0.0000
ATT: -5, 0, 219
GPS: 588527696, 0, 0, 0.0000000, 0.0000000, 0, -0.0800, 0.0000, 0.0000, 0.0000
ATT: -6, 0, 219
GPS: 588527696, 0, 0, 0.0000000, 0.0000000, 0, -0.0800, 0.0000, 0.0000, 0.0000
ATT: -5, -1, 220
GPS: 588527696, 0, 0, 0.0000000, 0.0000000, 0, -0.0800, 0.0000, 0.0000, 0.0000
ATT: -6, 0, 221
GPS: 588527696, 0, 0, 0.0000000, 0.0000000, 0, 0.0800, 0.0000, 0.0000, 0.0000
ATT: -6, -2, 221
GPS: 588527696, 0, 0, 0.0000000, 0.0000000, 0, 0.1700, 0.0000, 0.0000, 0.0000
ATT: -5, -2, 222
GPS: 588527696, 0, 0, 0.0000000, 0.0000000, 0, 0.0800, 0.0000, 0.0000, 0.0000
ATT: -6, -2, 223
GPS: 588527696, 0, 0, 0.0000000, 0.0000000, 0, 0.0000, 0.0000, 0.0000, 0.0000
ATT: -6, -3, 224
GPS: 588527696, 0, 0, 0.0000000, 0.0000000, 0, 0.0800, 0.0000, 0.0000, 0.0000
ATT: -6, -2, 226
GPS: 588527696, 0, 0, 0.0000000, 0.0000000, 0, 0.0800, 0.0000, 0.0000, 0.0000
ATT: -6, -3, 227
GPS: 588528690, 0, 0, 0.0000000, 0.0000000, 0, 0.0800, 0.0000, 0.0000, 0.0000
ATT: -6, -2, 227
GPS: 588528690, 0, 0, 0.0000000, 0.0000000, 0, 0.0800, 0.0000, 0.0000, 0.0000
ATT: -5, -3, 228
GPS: 588528690, 0, 0, 0.0000000, 0.0000000, 0, 0.1700, 0.0000, 0.0000, 0.0000
ATT: -7, -1, 228
GPS: 588528690, 0, 0, 0.0000000, 0.0000000, 0, 0.1700, 0.0000, 0.0000, 0.0000
ATT: -7, -3, 229
GPS: 588528690, 0, 0, 0.0000000, 0.0000000, 0, 0.3400, 0.0000, 0.0000, 0.0000
ATT: -7, -1, 229
GPS: 588528690, 0, 0, 0.0000000, 0.0000000, 0, 0.4300, 0.0000, 0.0000, 0.0000
ATT: -6, -4, 229
GPS: 588528690, 0, 0, 0.0000000, 0.0000000, 0, 0.5100, 0.0000, 0.0000, 0.0000
ATT: -7, -4, 231
GPS: 588528690, 0, 0, 0.0000000, 0.0000000, 0, 0.5100, 0.0000, 0.0000, 0.0000
ATT: -9, -4, 231
GPS: 588528690, 0, 0, 0.0000000, 0.0000000, 0, 0.5100, 0.0000, 0.0000, 0.0000
ATT: -7, -6, 230
GPS: 588528690, 0, 0, 0.0000000, 0.0000000, 0, 0.5100, 0.0000, 0.0000, 0.0000
ATT: -6, -4, 230
GPS: 588529690, 0, 0, 0.0000000, 0.0000000, 0, 0.4300, 0.0000, 0.0000, 0.0000
ATT: -6, -4, 232
GPS: 588529690, 0, 0, 0.0000000, 0.0000000, 0, 0.3400, 0.0000, 0.0000, 0.0000
ATT: -6, -2, 232
GPS: 588529690, 0, 0, 0.0000000, 0.0000000, 0, 0.3400, 0.0000, 0.0000, 0.0000
ATT: -5, -4, 233
GPS: 588529690, 0, 0, 0.0000000, 0.0000000, 0, 0.3400, 0.0000, 0.0000, 0.0000
ATT: -6, -4, 234
GPS: 588529690, 0, 0, 0.0000000, 0.0000000, 0, 0.2500, 0.0000, 0.0000, 0.0000
ATT: -6, -2, 235
GPS: 588529690, 0, 0, 0.0000000, 0.0000000, 0, 0.1700, 0.0000, 0.0000, 0.0000
ATT: -6, -1, 236
GPS: 588529690, 0, 0, 0.0000000, 0.0000000, 0, 0.0800, 0.0000, 0.0000, 0.0000
ATT: -5, 0, 236
GPS: 588529690, 0, 0, 0.0000000, 0.0000000, 0, 0.0800, 0.0000, 0.0000, 0.0000
ATT: -5, 0, 237
GPS: 588529690, 0, 0, 0.0000000, 0.0000000, 0, 0.0000, 0.0000, 0.0000, 0.0000
ATT: -5, 0, 238
GPS: 588529690, 0, 0, 0.0000000, 0.0000000, 0, -0.0800, 0.0000, 0.0000, 0.0000
ATT: -5, -1, 238
GPS: 588529690, 0, 0, 0.0000000, 0.0000000, 0, -0.1700, 0.0000, 0.0000, 0.0000
ATT: -6, 0, 238
GPS: 588530696, 0, 0, 0.0000000, 0.0000000, 0, -0.1700, 0.0000, 0.0000, 0.0000
ATT: -5, -1, 238
GPS: 588530696, 0, 0, 0.0000000, 0.0000000, 0, -0.1700, 0.0000, 0.0000, 0.0000
ATT: -6, -1, 239
GPS: 588530696, 0, 0, 0.0000000, 0.0000000, 0, -0.1700, 0.0000, 0.0000, 0.0000
ATT: -5, 0, 239
GPS: 588530696, 0, 0, 0.0000000, 0.0000000, 0, -0.1700, 0.0000, 0.0000, 0.0000
ATT: -5, 0, 239
GPS: 588530696, 0, 0, 0.0000000, 0.0000000, 0, -0.1700, 0.0000, 0.0000, 0.0000
ATT: -6, 0, 240
GPS: 588530696, 0, 0, 0.0000000, 0.0000000, 0, -0.2500, 0.0000, 0.0000, 0.0000
ATT: -6, -1, 240
GPS: 588530696, 0, 0, 0.0000000, 0.0000000, 0, -0.2500, 0.0000, 0.0000, 0.0000
ATT: -7, 0, 240
GPS: 588530696, 0, 0, 0.0000000, 0.0000000, 0, -0.3400, 0.0000, 0.0000, 0.0000
ATT: -8, -1, 241
GPS: 588530696, 0, 0, 0.0000000, 0.0000000, 0, -0.3400, 0.0000, 0.0000, 0.0000
ATT: -8, -2, 240
GPS: 588531690, 0, 0, 0.0000000, 0.0000000, 0, -0.1700, 0.0000, 0.0000, 0.0000
ATT: -4, -3, 239
GPS: 588531690, 0, 0, 0.0000000, 0.0000000, 0, -0.0800, 0.0000, 0.0000, 0.0000
ATT: -2, -1, 240
GPS: 588531690, 0, 0, 0.0000000, 0.0000000, 0, -0.0800, 0.0000, 0.0000, 0.0000
ATT: -5, 0, 242
GPS: 588531690, 0, 0, 0.0000000, 0.0000000, 0, -0.0800, 0.0000, 0.0000, 0.0000
ATT: -8, -3, 243
GPS: 588531690, 0, 0, 0.0000000, 0.0000000, 0, -0.0800, 0.0000, 0.0000, 0.0000
ATT: -8, -1, 244
GPS: 588531690, 0, 0, 0.0000000, 0.0000000, 0, -0.0800, 0.0000, 0.0000, 0.0000
ATT: -8, 0, 245
GPS: 588531690, 0, 0, 0.0000000, 0.0000000, 0, -0.0800, 0.0000, 0.0000, 0.0000
ATT: -8, -1, 246
GPS: 588531690, 0, 0, 0.0000000, 0.0000000, 0, -0.0800, 0.0000, 0.0000, 0.0000
ATT: -8, 0, 245
GPS: 588531690, 0, 0, 0.0000000, 0.0000000, 0, -0.0800, 0.0000, 0.0000, 0.0000
ATT: -5, 1, 244
GPS: 588531690, 0, 0, 0.0000000, 0.0000000, 0, -0.0800, 0.0000, 0.0000, 0.0000
ATT: -3, -1, 244
GPS: 588532690, 0, 0, 0.0000000, 0.0000000, 0, -0.0800, 0.0000, 0.0000, 0.0000
ATT: -3, -3, 246
GPS: 588532690, 0, 0, 0.0000000, 0.0000000, 0, -0.0800, 0.0000, 0.0000, 0.0000
ATT: -7, -2, 247
GPS: 588532690, 0, 0, 0.0000000, 0.0000000, 0, -0.0800, 0.0000, 0.0000, 0.0000
ATT: -6, 0, 247
GPS: 588532690, 0, 0, 0.0000000, 0.0000000, 0, -0.0800, 0.0000, 0.0000, 0.0000
ATT: -5, -4, 248
GPS: 588532690, 0, 0, 0.0000000, 0.0000000, 0, 0.0000, 0.0000, 0.0000, 0.0000
ATT: -4, -6, 249
GPS: 588532690, 0, 0, 0.0000000, 0.0000000, 0, 0.0800, 0.0000, 0.0000, 0.0000
ATT: -7, -3, 250
GPS: 588532690, 0, 0, 0.0000000, 0.0000000, 0, 0.0800, 0.0000, 0.0000, 0.0000
ATT: -7, 0, 249
GPS: 588532690, 0, 0, 0.0000000, 0.0000000, 0, 0.0800, 0.0000, 0.0000, 0.0000
ATT: 0, -2, 248
GPS: 588532690, 0, 0, 0.0000000, 0.0000000, 0, 0.0000, 0.0000, 0.0000, 0.0000
ATT: -1, -1, 252
GPS: 588532690, 0, 0, 0.0000000, 0.0000000, 0, 0.0000, 0.0000, 0.0000, 0.0000
ATT: -7, 4, 253
GPS: 588533695, 0, 0, 0.0000000, 0.0000000, 0, 0.0000, 0.0000, 0.0000, 0.0000
ATT: -6, -5, 251
GPS: 588533695, 0, 0, 0.0000000, 0.0000000, 0, 0.0000, 0.0000, 0.0000, 0.0000
ATT: -3, -6, 252
GPS: 588533695, 0, 0, 0.0000000, 0.0000000, 0, 0.0800, 0.0000, 0.0000, 0.0000
ATT: -4, -1, 252
GPS: 588533695, 0, 0, 0.0000000, 0.0000000, 0, 0.1700, 0.0000, 0.0000, 0.0000
ATT: -4, -1, 253
GPS: 588533695, 0, 0, 0.0000000, 0.0000000, 0, 0.1700, 0.0000, 0.0000, 0.0000
ATT: -5, -3, 254
GPS: 588533695, 0, 0, 0.0000000, 0.0000000, 0, 0.1700, 0.0000, 0.0000, 0.0000
ATT: -7, -6, 254
GPS: 588533695, 0, 0, 0.0000000, 0.0000000, 0, 0.0800, 0.0000, 0.0000, 0.0000
ATT: -9, -4, 254
GPS: 588533695, 0, 0, 0.0000000, 0.0000000, 0, 0.0000, 0.0000, 0.0000, 0.0000
ATT: -5, -3, 253
GPS: 588533695, 0, 0, 0.0000000, 0.0000000, 0, -0.2500, 0.0000, 0.0000, 0.0000
ATT: -5, -3, 254
GPS: 588533695, 0, 0, 0.0000000, 0.0000000, 0, -0.4300, 0.0000, 0.0000, 0.0000
ATT: -7, -7, 254
GPS: 588534690, 0, 0, 0.0000000, 0.0000000, 0, -0.3400, 0.0000, 0.0000, 0.0000
ATT: -9, -11, 254
GPS: 588534690, 0, 0, 0.0000000, 0.0000000, 0, -0.3400, 0.0000, 0.0000, 0.0000
ATT: -5, -9, 254
GPS: 588534690, 0, 0, 0.0000000, 0.0000000, 0, -0.2500, 0.0000, 0.0000, 0.0000
ATT: -6, -10, 255
GPS: 588534690, 0, 0, 0.0000000, 0.0000000, 0, -0.2500, 0.0000, 0.0000, 0.0000
ATT: -6, -11, 255
GPS: 588534690, 0, 0, 0.0000000, 0.0000000, 0, -0.2500, 0.0000, 0.0000, 0.0000
ATT: -7, -11, 255
GPS: 588534690, 0, 0, 0.0000000, 0.0000000, 0, -0.2500, 0.0000, 0.0000, 0.0000
ATT: -6, -11, 256
GPS: 588534690, 0, 0, 0.0000000, 0.0000000, 0, -0.2500, 0.0000, 0.0000, 0.0000
ATT: -7, -9, 257
GPS: 588534690, 0, 0, 0.0000000, 0.0000000, 0, -0.2500, 0.0000, 0.0000, 0.0000
ATT: -7, -12, 258
GPS: 588534690, 0, 0, 0.0000000, 0.0000000, 0, -0.2500, 0.0000, 0.0000, 0.0000
ATT: -8, -11, 258
GPS: 588534690, 0, 0, 0.0000000, 0.0000000, 0, -0.2500, 0.0000, 0.0000, 0.0000
ATT: -9, -14, 259
GPS: 588535690, 0, 0, 0.0000000, 0.0000000, 0, -0.1700, 0.0000, 0.0000, 0.0000
ATT: -9, -12, 259
GPS: 588535690, 0, 0, 0.0000000, 0.0000000, 0, -0.0800, 0.0000, 0.0000, 0.0000
ATT: -7, -11, 259
GPS: 588535690, 0, 0, 0.0000000, 0.0000000, 0, 0.0000, 0.0000, 0.0000, 0.0000
ATT: -7, -10, 259
GPS: 588535690, 0, 0, 0.0000000, 0.0000000, 0, 0.0000, 0.0000, 0.0000, 0.0000
ATT: -6, -11, 260
GPS: 588535690, 0, 0, 0.0000000, 0.0000000, 0, 0.0800, 0.0000, 0.0000, 0.0000
ATT: -7, -14, 261
GPS: 588535690, 0, 0, 0.0000000, 0.0000000, 0, 0.1700, 0.0000, 0.0000, 0.0000
ATT: -5, -11, 262
GPS: 588535690, 0, 0, 0.0000000, 0.0000000, 0, 0.1700, 0.0000, 0.0000, 0.0000
ATT: -5, -12, 262
GPS: 588535690, 0, 0, 0.0000000, 0.0000000, 0, 0.1700, 0.0000, 0.0000, 0.0000
ATT: -6, -11, 263
GPS: 588535690, 0, 0, 0.0000000, 0.0000000, 0, 0.0800, 0.0000, 0.0000, 0.0000
ATT: -6, -12, 263
GPS: 588535690, 0, 0, 0.0000000, 0.0000000, 0, 0.0800, 0.0000, 0.0000, 0.0000
ATT: -6, -12, 263
GPS: 588536697, 0, 0, 0.0000000, 0.0000000, 0, 0.0800, 0.0000, 0.0000, 0.0000
ATT: -6, -11, 264
GPS: 588536697, 0, 0, 0.0000000, 0.0000000, 0, 0.0800, 0.0000, 0.0000, 0.0000
ATT: -6, -13, 264
GPS: 588536697, 0, 0, 0.0000000, 0.0000000, 0, -0.1700, 0.0000, 0.0000, 0.0000
ATT: -5, -13, 265
GPS: 588536697, 0, 0, 0.0000000, 0.0000000, 0, -0.3400, 0.0000, 0.0000, 0.0000
