Dumping Log 1,    start pg 1,   end pg 8

ArduPlane V2.33
Free RAM: 3497
GROUND START -  1 commands in memory
CMD:0,16,0,5900,426234784,712078336, 
CMD:1,17,0,15000,426236128,712078080, 
MOD:Manual
PM:24556,1,217,0,0,0,0,1,1,0,0,0,0, 
ATT: 40, 14, 19
GPS: 52981000, 1, 10, 42.6227570, -71.2071080, 0, 0.0800, 68.9600, 0.0200, 0.0000
ATT: 41, 13, 18
GPS: 52981000, 1, 10, 42.6227570, -71.2071080, 0, -1.9300, 68.9600, 0.0200, 0.0000
ATT: 45, 11, 19
GPS: 52981000, 1, 10, 42.6227570, -71.2071080, 0, -3.3300, 68.9600, 0.0200, 0.0000
ATT: 48, 10, 19
GPS: 52981000, 1, 10, 42.6227570, -71.2071080, 0, -3.9500, 68.9600, 0.0200, 0.0000
ATT: 53, 9, 20
GPS: 52981000, 1, 10, 42.6227570, -71.2071080, 0, -4.3900, 68.9600, 0.0200, 0.0000
ATT: 53, 9, 20
GPS: 52981000, 1, 10, 42.6227570, -71.2071080, 0, -4.0400, 68.9600, 0.0200, 0.0000
ATT: 55, 9, 21
GPS: 52981000, 1, 10, 42.6227570, -71.2071080, 0, -3.7700, 68.9600, 0.0200, 0.0000
ATT: 56, 8, 21
GPS: 52981000, 1, 10, 42.6227570, -71.2071080, 0, -3.2500, 68.9600, 0.0200, 0.0000
ATT: 56, 8, 20
GPS: 52981000, 1, 10, 42.6227570, -71.2071080, 0, -2.8100, 68.9600, 0.0200, 0.0000
ATT: 56, 8, 20
GPS: 52981000, 1, 10, 42.6227570, -71.2071080, 0, -1.8400, 68.9600, 0.0200, 0.0000
ATT: 56, 7, 21
GPS: 52981000, 1, 10, 42.6227570, -71.2071080, 0, -1.2300, 68.9600, 0.0200, 0.0000
ATT: 57, 7, 21
GPS: 52981000, 1, 10, 42.6227570, -71.2071080, 0, -0.8700, 68.9600, 0.0200, 0.0000
ATT: 57, 7, 22
GPS: 52981000, 1, 10, 42.6227570, -71.2071080, 0, -0.6100, 68.9600, 0.0200, 0.0000
ATT: 58, 7, 22
GPS: 52981000, 1, 10, 42.6227570, -71.2071080, 0, -0.4300, 68.9600, 0.0200, 0.0000
ATT: 58, 7, 22
GPS: 52981000, 1, 10, 42.6227570, -71.2071080, 0, -0.3500, 68.9600, 0.0200, 0.0000
ATT: 59, 7, 22
GPS: 52981000, 1, 10, 42.6227570, -71.2071080, 0, -0.2600, 68.9600, 0.0200, 0.0000
ATT: 60, 8, 23
GPS: 52981000, 1, 10, 42.6227570, -71.2071080, 0, -0.1700, 68.9600, 0.0200, 0.0000
ATT: 60, 8, 23
GPS: 52981000, 1, 10, 42.6227570, -71.2071080, 0, -0.0800, 68.9600, 0.0200, 0.0000
ATT: 59, 9, 23
GPS: 52981000, 1, 10, 42.6227570, -71.2071080, 0, 0.0000, 68.9600, 0.0200, 0.0000
ATT: 60, 9, 24
GPS: 52981000, 1, 10, 42.6227570, -71.2071080, 0, 0.0800, 68.9600, 0.0200, 0.0000
ATT: 60, 10, 24
GPS: 52985000, 1, 10, 42.6227610, -71.2070920, 0, 0.0800, 68.0500, 0.0300, 0.0000
ATT: 60, 10, 24
GPS: 52985000, 1, 10, 42.6227610, -71.2070920, 0, 0.0800, 68.0500, 0.0300, 0.0000
ATT: 59, 10, 24
GPS: 52985000, 1, 10, 42.6227610, -71.2070920, 0, 0.0800, 68.0500, 0.0300, 0.0000
ATT: 59, 11, 25
GPS: 52985000, 1, 10, 42.6227610, -71.2070920, 0, 0.0000, 68.0500, 0.0300, 0.0000
ATT: 59, 11, 26
GPS: 52985000, 1, 10, 42.6227610, -71.2070920, 0, -0.0800, 68.0500, 0.0300, 0.0000
ATT: 59, 12, 26
GPS: 52985000, 1, 10, 42.6227610, -71.2070920, 0, -0.0800, 68.0500, 0.0300, 0.0000
ATT: 58, 12, 26
GPS: 52985000, 1, 10, 42.6227610, -71.2070920, 0, -0.0800, 68.0500, 0.0300, 0.0000
ATT: 58, 13, 26
GPS: 52985000, 1, 10, 42.6227610, -71.2070920, 0, -0.1700, 68.0500, 0.0300, 0.0000
ATT: 58, 14, 26
GPS: 52985000, 1, 10, 42.6227610, -71.2070920, 0, -0.1700, 68.0500, 0.0300, 0.0000
ATT: 58, 15, 27
GPS: 52985000, 1, 10, 42.6227610, -71.2070920, 0, -0.1700, 68.0500, 0.0300, 0.0000
ATT: 57, 15, 26
GPS: 52986000, 1, 10, 42.6227610, -71.2070920, 0, -0.1700, 67.7000, 0.0500, 0.0000
ATT: 57, 15, 27
GPS: 52986000, 1, 10, 42.6227610, -71.2070920, 0, -0.1700, 67.7000, 0.0500, 0.0000
ATT: 57, 15, 26
GPS: 52986000, 1, 10, 42.6227610, -71.2070920, 0, -0.1700, 67.7000, 0.0500, 0.0000
ATT: 58, 16, 26
GPS: 52986000, 1, 10, 42.6227610, -71.2070920, 0, -0.1700, 67.7000, 0.0500, 0.0000
ATT: 57, 15, 26
GPS: 52986000, 1, 10, 42.6227610, -71.2070920, 0, -0.1700, 67.7000, 0.0500, 0.0000
ATT: 57, 16, 26
GPS: 52986000, 1, 10, 42.6227610, -71.2070920, 0, -0.2600, 67.7000, 0.0500, 0.0000
ATT: 57, 17, 26
GPS: 52986000, 1, 10, 42.6227610, -71.2070920, 0, -0.3500, 67.7000, 0.0500, 0.0000
ATT: 57, 16, 26
GPS: 52986000, 1, 10, 42.6227610, -71.2070920, 0, -0.2600, 67.7000, 0.0500, 0.0000
ATT: 57, 16, 26
GPS: 52986000, 1, 10, 42.6227610, -71.2070920, 0, -0.2600, 67.7000, 0.0500, 0.0000
ATT: 58, 17, 26
GPS: 52986000, 1, 10, 42.6227610, -71.2070920, 0, -0.2600, 67.7000, 0.0500, 0.0000
ATT: 58, 16, 27
GPS: 52987000, 1, 10, 42.6227570, -71.2070850, 0, -0.2600, 66.1400, 0.0500, 0.0000
ATT: 57, 16, 27
GPS: 52987000, 1, 10, 42.6227570, -71.2070850, 0, -0.0800, 66.1400, 0.0500, 0.0000
ATT: 56, 15, 27
GPS: 52987000, 1, 10, 42.6227570, -71.2070850, 0, 0.0000, 66.1400, 0.0500, 0.0000
ATT: 57, 15, 26
GPS: 52987000, 1, 10, 42.6227570, -71.2070850, 0, 0.0000, 66.1400, 0.0500, 0.0000
ATT: 57, 14, 26
GPS: 52987000, 1, 10, 42.6227570, -71.2070850, 0, 0.0000, 66.1400, 0.0500, 0.0000
ATT: 57, 13, 26
GPS: 52987000, 1, 10, 42.6227570, -71.2070850, 0, -0.0800, 66.1400, 0.0500, 0.0000
ATT: 57, 13, 26
GPS: 52987000, 1, 10, 42.6227570, -71.2070850, 0, -0.1700, 66.1400, 0.0500, 0.0000
ATT: 58, 13, 26
GPS: 52987000, 1, 10, 42.6227570, -71.2070850, 0, -0.0800, 66.1400, 0.0500, 0.0000
ATT: 58, 12, 27
GPS: 52987000, 1, 10, 42.6227570, -71.2070850, 0, 0.0000, 66.1400, 0.0500, 0.0000
ATT: 57, 12, 27
GPS: 52987000, 1, 10, 42.6227570, -71.2070850, 0, -0.0800, 66.1400, 0.0500, 0.0000
ATT: 57, 11, 27
GPS: 52988000, 1, 10, 42.6227570, -71.2070770, 0, 64.8200, 64.9000, 0.0900, 0.0000
ATT: 57, 11, 26
GPS: 52988000, 1, 10, 42.6227570, -71.2070770, 0, 64.8200, 64.9000, 0.0900, 0.0000
ATT: 57, 10, 26
GPS: 52988000, 1, 10, 42.6227570, -71.2070770, 0, 64.8200, 64.9000, 0.0900, 0.0000
ATT: 57, 9, 27
GPS: 52988000, 1, 10, 42.6227570, -71.2070770, 0, 64.7300, 64.9000, 0.0900, 0.0000
ATT: 57, 8, 27
GPS: 52988000, 1, 10, 42.6227570, -71.2070770, 0, 64.6400, 64.9000, 0.0900, 0.0000
ATT: 57, 8, 27
GPS: 52988000, 1, 10, 42.6227570, -71.2070770, 0, 64.4700, 64.9000, 0.0900, 0.0000
ATT: 56, 8, 27
GPS: 52988000, 1, 10, 42.6227570, -71.2070770, 0, 64.3800, 64.9000, 0.0900, 0.0000
ATT: 57, 9, 28
GPS: 52988000, 1, 10, 42.6227570, -71.2070770, 0, 64.3800, 64.9000, 0.0900, 0.0000
ATT: 56, 8, 28
GPS: 52988000, 1, 10, 42.6227570, -71.2070770, 0, 64.3800, 64.9000, 0.0900, 0.0000
ATT: 56, 7, 29
GPS: 52988000, 1, 10, 42.6227570, -71.2070770, 0, 64.2900, 64.9000, 0.0900, 0.0000
ATT: 56, 7, 30
GPS: 52989000, 1, 10, 42.6227530, -71.2070770, 0, 64.2900, 64.0900, 0.0600, 0.0000
ATT: 47, 6, 30
GPS: 52989000, 1, 10, 42.6227530, -71.2070770, 0, 64.2900, 64.0900, 0.0600, 0.0000
ATT: 44, 6, 30
GPS: 52989000, 1, 10, 42.6227530, -71.2070770, 0, 64.2900, 64.0900, 0.0600, 0.0000
ATT: 44, 7, 32
GPS: 52989000, 1, 10, 42.6227530, -71.2070770, 0, 64.2900, 64.0900, 0.0600, 0.0000
ATT: 46, 8, 32
GPS: 52989000, 1, 10, 42.6227530, -71.2070770, 0, 64.2900, 64.0900, 0.0600, 0.0000
ATT: 49, 8, 33
GPS: 52989000, 1, 10, 42.6227530, -71.2070770, 0, 64.3800, 64.0900, 0.0600, 0.0000
ATT: 46, 9, 33
GPS: 52989000, 1, 10, 42.6227530, -71.2070770, 0, 64.3800, 64.0900, 0.0600, 0.0000
ATT: 47, 9, 34
GPS: 52989000, 1, 10, 42.6227530, -71.2070770, 0, 64.3800, 64.0900, 0.0600, 0.0000
ATT: 36, 1, 37
GPS: 52989000, 1, 10, 42.6227530, -71.2070770, 0, 64.3800, 64.0900, 0.0600, 0.0000
ATT: 37, -2, 40
GPS: 52989000, 1, 10, 42.6227530, -71.2070770, 0, 64.3800, 64.0900, 0.0600, 0.0000
ATT: 27, -7, 44
GPS: 52990000, 1, 10, 42.6227530, -71.2070770, 0, 64.3800, 63.2600, 0.0400, 0.0000
ATT: 17, -9, 46
GPS: 52990000, 1, 10, 42.6227530, -71.2070770, 0, 64.3800, 63.2600, 0.0400, 0.0000
ATT: 16, -9, 47
GPS: 52990000, 1, 10, 42.6227530, -71.2070770, 0, 64.3800, 63.2600, 0.0400, 0.0000
ATT: 17, -9, 49
GPS: 52990000, 1, 10, 42.6227530, -71.2070770, 0, 64.3800, 63.2600, 0.0400, 0.0000
ATT: 15, -8, 51
GPS: 52990000, 1, 10, 42.6227530, -71.2070770, 0, 64.3800, 63.2600, 0.0400, 0.0000
ATT: 17, -8, 52
GPS: 52990000, 1, 10, 42.6227530, -71.2070770, 0, 64.5500, 63.2600, 0.0400, 0.0000
ATT: 14, -9, 52
GPS: 52990000, 1, 10, 42.6227530, -71.2070770, 0, 64.6400, 63.2600, 0.0400, 0.0000
ATT: 7, -11, 54
GPS: 52990000, 1, 10, 42.6227530, -71.2070770, 0, 64.4700, 63.2600, 0.0400, 0.0000
ATT: 0, -10, 55
