Dumping Log 5,    start pg 294,   end pg 324

ArduPlane V2.33
Free RAM: 3417
GROUND START -  1 commands in memory
CMD:0,16,0,4576,426227915,-712071736, 
CMD:1,17,0,15000,426236128,712078080, 
MOD:Manual
ATT: -53, -88, 27
GPS: 55577000, 1, 7, 42.6227150, -71.2070540, 0, -0.0800, 40.7800, 0.0600, 0.0000
ATT: -46, -78, 24
GPS: 55577000, 1, 7, 42.6227150, -71.2070540, 0, 0.0800, 40.7800, 0.0600, 0.0000
ATT: -41, -70, 23
GPS: 55577000, 1, 7, 42.6227150, -71.2070540, 0, 0.2600, 40.7800, 0.0600, 0.0000
ATT: -36, -60, 24
GPS: 55577000, 1, 7, 42.6227150, -71.2070540, 0, 0.2600, 40.7800, 0.0600, 0.0000
ATT: -31, -53, 23
GPS: 55577000, 1, 7, 42.6227150, -71.2070540, 0, 0.2600, 40.7800, 0.0600, 0.0000
ATT: -27, -46, 26
GPS: 55577000, 1, 7, 42.6227150, -71.2070540, 0, 0.2600, 40.7800, 0.0600, 0.0000
ATT: -22, -41, 28
GPS: 55577000, 1, 7, 42.6227150, -71.2070540, 0, 0.2600, 40.7800, 0.0600, 0.0000
ATT: -19, -37, 28
GPS: 55577000, 1, 7, 42.6227150, -71.2070540, 0, 0.4300, 40.7800, 0.0600, 0.0000
ATT: -17, -32, 29
GPS: 55577000, 1, 7, 42.6227150, -71.2070540, 0, 0.5200, 40.7800, 0.0600, 0.0000
ATT: -14, -28, 32
GPS: 55577000, 1, 7, 42.6227150, -71.2070540, 0, 0.4300, 40.7800, 0.0600, 0.0000
ATT: -11, -25, 31
GPS: 55577000, 1, 7, 42.6227150, -71.2070540, 0, 0.3400, 40.7800, 0.0600, 0.0000
ATT: -10, -22, 30
GPS: 55577000, 1, 7, 42.6227150, -71.2070540, 0, 0.4300, 40.7800, 0.0600, 0.0000
ATT: -8, -19, 32
GPS: 55577000, 1, 7, 42.6227150, -71.2070540, 0, 0.4300, 40.7800, 0.0600, 0.0000
ATT: -7, -16, 33
GPS: 55577000, 1, 7, 42.6227150, -71.2070540, 0, 0.1700, 40.7800, 0.0600, 0.0000
ATT: -6, -15, 32
GPS: 55577000, 1, 7, 42.6227150, -71.2070540, 0, 0.0000, 40.7800, 0.0600, 0.0000
ATT: -5, -13, 33
GPS: 55577000, 1, 7, 42.6227150, -71.2070540, 0, -0.0800, 40.7800, 0.0600, 0.0000
ATT: -4, -12, 34
GPS: 55577000, 1, 7, 42.6227150, -71.2070540, 0, -0.0800, 40.7800, 0.0600, 0.0000
ATT: -3, -11, 34
GPS: 55577000, 1, 7, 42.6227150, -71.2070540, 0, -0.0800, 40.7800, 0.0600, 0.0000
ATT: -2, -10, 35
GPS: 55577000, 1, 7, 42.6227150, -71.2070540, 0, -0.0800, 40.7800, 0.0600, 0.0000
PM:20004,96,180,0,0,0,0,1,1,3,4,0,0, 
ATT: -1, -10, 36
GPS: 55577000, 1, 7, 42.6227150, -71.2070540, 0, -0.0800, 40.7800, 0.0600, 0.0000
ATT: 0, -8, 38
GPS: 55581000, 1, 7, 42.6227150, -71.2070620, 0, -0.0800, 41.9500, 0.0400, 0.0000
ATT: 0, -7, 38
GPS: 55581000, 1, 7, 42.6227150, -71.2070620, 0, -0.0800, 41.9500, 0.0400, 0.0000
ATT: 0, -7, 39
GPS: 55581000, 1, 7, 42.6227150, -71.2070620, 0, -0.0800, 41.9500, 0.0400, 0.0000
ATT: 0, -6, 39
GPS: 55581000, 1, 7, 42.6227150, -71.2070620, 0, 0.0800, 41.9500, 0.0400, 0.0000
ATT: 0, -5, 40
GPS: 55581000, 1, 7, 42.6227150, -71.2070620, 0, 0.2600, 41.9500, 0.0400, 0.0000
ATT: 0, -4, 40
GPS: 55581000, 1, 7, 42.6227150, -71.2070620, 0, 0.2600, 41.9500, 0.0400, 0.0000
ATT: 0, -4, 41
GPS: 55581000, 1, 7, 42.6227150, -71.2070620, 0, 0.2600, 41.9500, 0.0400, 0.0000
ATT: 1, -4, 41
GPS: 55581000, 1, 7, 42.6227150, -71.2070620, 0, 0.2600, 41.9500, 0.0400, 0.0000
ATT: 1, -3, 42
GPS: 55581000, 1, 7, 42.6227150, -71.2070620, 0, 0.2600, 41.9500, 0.0400, 0.0000
ATT: 1, -3, 43
GPS: 55581000, 1, 7, 42.6227150, -71.2070620, 0, 0.3400, 41.9500, 0.0400, 0.0000
ATT: 2, -3, 43
GPS: 55582000, 1, 7, 42.6227190, -71.2070620, 0, 0.3400, 42.3100, 0.0300, 0.0000
ATT: 2, -2, 44
GPS: 55582000, 1, 7, 42.6227190, -71.2070620, 0, 0.1700, 42.3100, 0.0300, 0.0000
ATT: 2, -2, 45
GPS: 55582000, 1, 7, 42.6227190, -71.2070620, 0, 0.0800, 42.3100, 0.0300, 0.0000
ATT: 2, -2, 45
GPS: 55582000, 1, 7, 42.6227190, -71.2070620, 0, 0.0800, 42.3100, 0.0300, 0.0000
ATT: 2, -1, 46
GPS: 55582000, 1, 7, 42.6227190, -71.2070620, 0, 0.0800, 42.3100, 0.0300, 0.0000
ATT: 3, -1, 47
GPS: 55582000, 1, 7, 42.6227190, -71.2070620, 0, 0.0800, 42.3100, 0.0300, 0.0000
ATT: 3, -1, 47
GPS: 55582000, 1, 7, 42.6227190, -71.2070620, 0, 0.0800, 42.3100, 0.0300, 0.0000
ATT: 3, -1, 47
GPS: 55582000, 1, 7, 42.6227190, -71.2070620, 0, 0.2600, 42.3100, 0.0300, 0.0000
ATT: 4, -1, 48
GPS: 55582000, 1, 7, 42.6227190, -71.2070620, 0, 0.4300, 42.3100, 0.0300, 0.0000
ATT: 4, -1, 48
GPS: 55582000, 1, 7, 42.6227190, -71.2070620, 0, 0.3400, 42.3100, 0.0300, 0.0000
ATT: 4, 0, 49
GPS: 55583000, 1, 7, 42.6227230, -71.2070620, 0, 0.3400, 42.6200, 0.0200, 0.0000
ATT: 4, 0, 50
GPS: 55583000, 1, 7, 42.6227230, -71.2070620, 0, 0.3400, 42.6200, 0.0200, 0.0000
ATT: 3, 0, 51
GPS: 55583000, 1, 7, 42.6227230, -71.2070620, 0, 0.3400, 42.6200, 0.0200, 0.0000
ATT: 3, 0, 51
GPS: 55583000, 1, 7, 42.6227230, -71.2070620, 0, 0.3400, 42.6200, 0.0200, 0.0000
ATT: 3, -1, 52
GPS: 55583000, 1, 7, 42.6227230, -71.2070620, 0, 0.3400, 42.6200, 0.0200, 0.0000
ATT: 2, 0, 52
GPS: 55583000, 1, 7, 42.6227230, -71.2070620, 0, 0.3400, 42.6200, 0.0200, 0.0000
ATT: 2, 0, 53
GPS: 55583000, 1, 7, 42.6227230, -71.2070620, 0, 0.3400, 42.6200, 0.0200, 0.0000
ATT: 2, -1, 53
GPS: 55583000, 1, 7, 42.6227230, -71.2070620, 0, 0.4300, 42.6200, 0.0200, 0.0000
ATT: 2, -1, 53
GPS: 55583000, 1, 7, 42.6227230, -71.2070620, 0, 0.5200, 42.6200, 0.0200, 0.0000
ATT: 1, -1, 54
GPS: 55583000, 1, 7, 42.6227230, -71.2070620, 0, 0.4300, 42.6200, 0.0200, 0.0000
ATT: 1, -2, 55
GPS: 55584000, 1, 7, 42.6227260, -71.2070690, 0, 43.3000, 42.9600, 0.0600, 0.0000
ATT: 1, -3, 56
GPS: 55584000, 1, 7, 42.6227260, -71.2070690, 0, 43.2200, 42.9600, 0.0600, 0.0000
ATT: 1, -3, 56
GPS: 55584000, 1, 7, 42.6227260, -71.2070690, 0, 43.2200, 42.9600, 0.0600, 0.0000
ATT: 1, -4, 56
GPS: 55584000, 1, 7, 42.6227260, -71.2070690, 0, 43.3000, 42.9600, 0.0600, 0.0000
ATT: 1, -5, 57
GPS: 55584000, 1, 7, 42.6227260, -71.2070690, 0, 43.3000, 42.9600, 0.0600, 0.0000
ATT: 1, -6, 57
GPS: 55584000, 1, 7, 42.6227260, -71.2070690, 0, 43.3900, 42.9600, 0.0600, 0.0000
ATT: 1, -7, 57
GPS: 55584000, 1, 7, 42.6227260, -71.2070690, 0, 43.4800, 42.9600, 0.0600, 0.0000
ATT: 1, -7, 57
GPS: 55584000, 1, 7, 42.6227260, -71.2070690, 0, 43.5700, 42.9600, 0.0600, 0.0000
ATT: 1, -7, 58
GPS: 55584000, 1, 7, 42.6227260, -71.2070690, 0, 43.6500, 42.9600, 0.0600, 0.0000
ATT: 1, -8, 59
GPS: 55584000, 1, 7, 42.6227260, -71.2070690, 0, 43.5700, 42.9600, 0.0600, 0.0000
ATT: 1, -8, 60
GPS: 55585000, 1, 7, 42.6227300, -71.2070690, 0, 43.5700, 43.3300, 0.0300, 0.0000
ATT: 0, -7, 61
GPS: 55585000, 1, 7, 42.6227300, -71.2070690, 0, 43.5700, 43.3300, 0.0300, 0.0000
ATT: 0, -7, 62
GPS: 55585000, 1, 7, 42.6227300, -71.2070690, 0, 43.5700, 43.3300, 0.0300, 0.0000
ATT: 0, -6, 63
GPS: 55585000, 1, 7, 42.6227300, -71.2070690, 0, 43.4800, 43.3300, 0.0300, 0.0000
ATT: 0, -5, 64
GPS: 55585000, 1, 7, 42.6227300, -71.2070690, 0, 43.4800, 43.3300, 0.0300, 0.0000
ATT: 0, -5, 65
GPS: 55585000, 1, 7, 42.6227300, -71.2070690, 0, 43.3000, 43.3300, 0.0300, 0.0000
ATT: 0, -5, 66
GPS: 55585000, 1, 7, 42.6227300, -71.2070690, 0, 43.2200, 43.3300, 0.0300, 0.0000
ATT: 0, -5, 67
GPS: 55585000, 1, 7, 42.6227300, -71.2070690, 0, 43.1300, 43.3300, 0.0300, 0.0000
ATT: -1, -5, 68
GPS: 55585000, 1, 7, 42.6227300, -71.2070690, 0, 43.1300, 43.3300, 0.0300, 0.0000
ATT: -1, -5, 69
GPS: 55585000, 1, 7, 42.6227300, -71.2070690, 0, 43.1300, 43.3300, 0.0300, 0.0000
ATT: -1, -4, 71
GPS: 55586000, 1, 7, 42.6227340, -71.2070690, 0, 43.1300, 43.8500, 0.0300, 0.0000
ATT: -2, -4, 72
GPS: 55586000, 1, 7, 42.6227340, -71.2070690, 0, 43.1300, 43.8500, 0.0300, 0.0000
ATT: -2, -5, 72
GPS: 55586000, 1, 7, 42.6227340, -71.2070690, 0, 43.1300, 43.8500, 0.0300, 0.0000
ATT: -2, -5, 73
GPS: 55586000, 1, 7, 42.6227340, -71.2070690, 0, 43.1300, 43.8500, 0.0300, 0.0000
ATT: -2, -5, 75
GPS: 55586000, 1, 7, 42.6227340, -71.2070690, 0, 43.1300, 43.8500, 0.0300, 0.0000
ATT: -2, -5, 75
GPS: 55586000, 1, 7, 42.6227340, -71.2070690, 0, 43.0400, 43.8500, 0.0300, 0.0000
ATT: -2, -5, 76
GPS: 55586000, 1, 7, 42.6227340, -71.2070690, 0, 42.9600, 43.8500, 0.0300, 0.0000
ATT: -3, -5, 77
GPS: 55586000, 1, 7, 42.6227340, -71.2070690, 0, 43.0400, 43.8500, 0.0300, 0.0000
ATT: -2, -4, 77
GPS: 55586000, 1, 7, 42.6227340, -71.2070690, 0, 43.0400, 43.8500, 0.0300, 0.0000
ATT: -2, -4, 78
GPS: 55586000, 1, 7, 42.6227340, -71.2070690, 0, 43.1300, 43.8500, 0.0300, 0.0000
ATT: -2, -5, 79
GPS: 55587000, 1, 7, 42.6227380, -71.2070690, 0, 43.2200, 44.3200, 0.0500, 0.0000
ATT: -1, -6, 80
GPS: 55587000, 1, 7, 42.6227380, -71.2070690, 0, 43.2200, 44.3200, 0.0500, 0.0000
ATT: -1, -6, 81
GPS: 55587000, 1, 7, 42.6227380, -71.2070690, 0, 43.2200, 44.3200, 0.0500, 0.0000
ATT: -1, -7, 81
GPS: 55587000, 1, 7, 42.6227380, -71.2070690, 0, 43.1300, 44.3200, 0.0500, 0.0000
ATT: -1, -7, 82
GPS: 55587000, 1, 7, 42.6227380, -71.2070690, 0, 43.1300, 44.3200, 0.0500, 0.0000
ATT: -1, -7, 83
GPS: 55587000, 1, 7, 42.6227380, -71.2070690, 0, 43.1300, 44.3200, 0.0500, 0.0000
ATT: -1, -7, 84
GPS: 55587000, 1, 7, 42.6227380, -71.2070690, 0, 43.1300, 44.3200, 0.0500, 0.0000
ATT: 0, -8, 84
GPS: 55587000, 1, 7, 42.6227380, -71.2070690, 0, 43.3000, 44.3200, 0.0500, 0.0000
ATT: 0, -8, 85
GPS: 55587000, 1, 7, 42.6227380, -71.2070690, 0, 43.3900, 44.3200, 0.0500, 0.0000
ATT: 0, -8, 86
GPS: 55587000, 1, 7, 42.6227380, -71.2070690, 0, 43.3000, 44.3200, 0.0500, 0.0000
ATT: 0, -8, 87
GPS: 55588000, 1, 7, 42.6227420, -71.2070770, 0, 43.3000, 44.7900, 0.0400, 0.0000
ATT: 0, -8, 88
GPS: 55588000, 1, 7, 42.6227420, -71.2070770, 0, 43.2200, 44.7900, 0.0400, 0.0000
ATT: 0, -7, 89
GPS: 55588000, 1, 7, 42.6227420, -71.2070770, 0, 43.1300, 44.7900, 0.0400, 0.0000
ATT: 0, -7, 90
GPS: 55588000, 1, 7, 42.6227420, -71.2070770, 0, 43.3000, 44.7900, 0.0400, 0.0000
ATT: 0, -7, 90
GPS: 55588000, 1, 7, 42.6227420, -71.2070770, 0, 43.3900, 44.7900, 0.0400, 0.0000
ATT: 0, -7, 91
GPS: 55588000, 1, 7, 42.6227420, -71.2070770, 0, 43.3000, 44.7900, 0.0400, 0.0000
ATT: -1, -7, 92
GPS: 55588000, 1, 7, 42.6227420, -71.2070770, 0, 43.2200, 44.7900, 0.0400, 0.0000
ATT: -1, -7, 93
GPS: 55588000, 1, 7, 42.6227420, -71.2070770, 0, 43.2200, 44.7900, 0.0400, 0.0000
ATT: -1, -8, 94
GPS: 55588000, 1, 7, 42.6227420, -71.2070770, 0, 43.2200, 44.7900, 0.0400, 0.0000
ATT: -1, -7, 94
GPS: 55588000, 1, 7, 42.6227420, -71.2070770, 0, 43.3000, 44.7900, 0.0400, 0.0000
ATT: -1, -7, 96
GPS: 55589000, 1, 7, 42.6227460, -71.2070770, 0, 43.3900, 45.2300, 0.0200, 0.0000
ATT: 0, -7, 97
GPS: 55589000, 1, 7, 42.6227460, -71.2070770, 0, 43.3000, 45.2300, 0.0200, 0.0000
ATT: 0, -6, 98
GPS: 55589000, 1, 7, 42.6227460, -71.2070770, 0, 43.2200, 45.2300, 0.0200, 0.0000
ATT: 0, -6, 99
GPS: 55589000, 1, 7, 42.6227460, -71.2070770, 0, 43.1300, 45.2300, 0.0200, 0.0000
ATT: 0, -6, 100
GPS: 55589000, 1, 7, 42.6227460, -71.2070770, 0, 43.0400, 45.2300, 0.0200, 0.0000
ATT: 0, -6, 101
GPS: 55589000, 1, 7, 42.6227460, -71.2070770, 0, 43.2200, 45.2300, 0.0200, 0.0000
ATT: 0, -5, 102
GPS: 55589000, 1, 7, 42.6227460, -71.2070770, 0, 43.3900, 45.2300, 0.0200, 0.0000
ATT: 0, -5, 103
GPS: 55589000, 1, 7, 42.6227460, -71.2070770, 0, 43.4800, 45.2300, 0.0200, 0.0000
ATT: 0, -4, 103
GPS: 55589000, 1, 7, 42.6227460, -71.2070770, 0, 43.4800, 45.2300, 0.0200, 0.0000
ATT: 0, -4, 104
GPS: 55589000, 1, 7, 42.6227460, -71.2070770, 0, 43.3900, 45.2300, 0.0200, 0.0000
ATT: 0, -5, 104
GPS: 55590000, 1, 7, 42.6227490, -71.2070850, 0, 43.3000, 45.6300, 0.0400, 0.0000
ATT: 0, -5, 106
GPS: 55590000, 1, 7, 42.6227490, -71.2070850, 0, 43.3000, 45.6300, 0.0400, 0.0000
ATT: 0, -6, 107
GPS: 55590000, 1, 7, 42.6227490, -71.2070850, 0, 43.3000, 45.6300, 0.0400, 0.0000
ATT: 0, -5, 108
GPS: 55590000, 1, 7, 42.6227490, -71.2070850, 0, 43.3900, 45.6300, 0.0400, 0.0000
ATT: 0, -5, 109
GPS: 55590000, 1, 7, 42.6227490, -71.2070850, 0, 43.4800, 45.6300, 0.0400, 0.0000
ATT: -1, -5, 110
GPS: 55590000, 1, 7, 42.6227490, -71.2070850, 0, 43.5700, 45.6300, 0.0400, 0.0000
ATT: -1, -5, 111
GPS: 55590000, 1, 7, 42.6227490, -71.2070850, 0, 43.5700, 45.6300, 0.0400, 0.0000
ATT: -1, -5, 112
GPS: 55590000, 1, 7, 42.6227490, -71.2070850, 0, 43.3900, 45.6300, 0.0400, 0.0000
ATT: -1, -6, 113
GPS: 55590000, 1, 7, 42.6227490, -71.2070850, 0, 43.2200, 45.6300, 0.0400, 0.0000
ATT: -1, -6, 113
GPS: 55590000, 1, 7, 42.6227490, -71.2070850, 0, 43.2200, 45.6300, 0.0400, 0.0000
ATT: 0, -6, 114
GPS: 55591000, 1, 7, 42.6227530, -71.2070850, 0, 43.2200, 46.0000, 0.0400, 0.0000
ATT: -1, -6, 115
GPS: 55591000, 1, 7, 42.6227530, -71.2070850, 0, 43.3000, 46.0000, 0.0400, 0.0000
ATT: 0, -7, 116
GPS: 55591000, 1, 7, 42.6227530, -71.2070850, 0, 43.3900, 46.0000, 0.0400, 0.0000
ATT: 0, -7, 117
GPS: 55591000, 1, 7, 42.6227530, -71.2070850, 0, 43.3000, 46.0000, 0.0400, 0.0000
ATT: -1, -8, 119
GPS: 55591000, 1, 7, 42.6227530, -71.2070850, 0, 43.2200, 46.0000, 0.0400, 0.0000
ATT: 0, -8, 121
GPS: 55591000, 1, 7, 42.6227530, -71.2070850, 0, 43.2200, 46.0000, 0.0400, 0.0000
ATT: 0, -8, 122
GPS: 55591000, 1, 7, 42.6227530, -71.2070850, 0, 43.2200, 46.0000, 0.0400, 0.0000
ATT: 0, -8, 123
GPS: 55591000, 1, 7, 42.6227530, -71.2070850, 0, 43.2200, 46.0000, 0.0400, 0.0000
ATT: 0, -8, 125
GPS: 55591000, 1, 7, 42.6227530, -71.2070850, 0, 43.2200, 46.0000, 0.0400, 0.0000
ATT: 0, -7, 126
GPS: 55591000, 1, 7, 42.6227530, -71.2070850, 0, 43.2200, 46.0000, 0.0400, 0.0000
ATT: 0, -8, 127
GPS: 55592000, 1, 7, 42.6227570, -71.2070920, 0, 43.2200, 46.3300, 0.0400, 0.0000
ATT: 0, -7, 129
GPS: 55592000, 1, 7, 42.6227570, -71.2070920, 0, 43.1300, 46.3300, 0.0400, 0.0000
ATT: 0, -6, 130
GPS: 55592000, 1, 7, 42.6227570, -71.2070920, 0, 43.1300, 46.3300, 0.0400, 0.0000
ATT: 0, -7, 131
GPS: 55592000, 1, 7, 42.6227570, -71.2070920, 0, 43.0400, 46.3300, 0.0400, 0.0000
ATT: 0, -6, 132
GPS: 55592000, 1, 7, 42.6227570, -71.2070920, 0, 43.0400, 46.3300, 0.0400, 0.0000
ATT: 0, -7, 134
GPS: 55592000, 1, 7, 42.6227570, -71.2070920, 0, 43.1300, 46.3300, 0.0400, 0.0000
ATT: 0, -6, 135
GPS: 55592000, 1, 7, 42.6227570, -71.2070920, 0, 43.1300, 46.3300, 0.0400, 0.0000
ATT: 0, -6, 136
GPS: 55592000, 1, 7, 42.6227570, -71.2070920, 0, 43.1300, 46.3300, 0.0400, 0.0000
ATT: 1, -6, 138
GPS: 55592000, 1, 7, 42.6227570, -71.2070920, 0, 43.1300, 46.3300, 0.0400, 0.0000
ATT: 0, -6, 139
GPS: 55592000, 1, 7, 42.6227570, -71.2070920, 0, 43.1300, 46.3300, 0.0400, 0.0000
ATT: 0, -6, 140
GPS: 55593000, 1, 7, 42.6227570, -71.2070920, 0, 43.1300, 46.6400, 0.0500, 0.0000
ATT: 0, -6, 142
GPS: 55593000, 1, 7, 42.6227570, -71.2070920, 0, 43.0400, 46.6400, 0.0500, 0.0000
ATT: 0, -6, 144
GPS: 55593000, 1, 7, 42.6227570, -71.2070920, 0, 42.9600, 46.6400, 0.0500, 0.0000
ATT: 0, -6, 146
GPS: 55593000, 1, 7, 42.6227570, -71.2070920, 0, 43.0400, 46.6400, 0.0500, 0.0000
ATT: 0, -6, 147
GPS: 55593000, 1, 7, 42.6227570, -71.2070920, 0, 43.1300, 46.6400, 0.0500, 0.0000
ATT: 0, -5, 148
GPS: 55593000, 1, 7, 42.6227570, -71.2070920, 0, 43.1300, 46.6400, 0.0500, 0.0000
ATT: 0, -5, 149
GPS: 55593000, 1, 7, 42.6227570, -71.2070920, 0, 43.1300, 46.6400, 0.0500, 0.0000
ATT: 0, -6, 150
GPS: 55593000, 1, 7, 42.6227570, -71.2070920, 0, 43.2200, 46.6400, 0.0500, 0.0000
ATT: 0, -7, 151
GPS: 55593000, 1, 7, 42.6227570, -71.2070920, 0, 43.3000, 46.6400, 0.0500, 0.0000
ATT: 0, -7, 152
GPS: 55593000, 1, 7, 42.6227570, -71.2070920, 0, 43.3000, 46.6400, 0.0500, 0.0000
ATT: 0, -7, 153
GPS: 55594000, 1, 7, 42.6227570, -71.2071000, 0, 43.3000, 46.9300, 0.0600, 0.0000
ATT: 1, -7, 155
GPS: 55594000, 1, 7, 42.6227570, -71.2071000, 0, 43.3900, 46.9300, 0.0600, 0.0000
ATT: 0, -7, 156
GPS: 55594000, 1, 7, 42.6227570, -71.2071000, 0, 43.3900, 46.9300, 0.0600, 0.0000
ATT: 0, -7, 157
GPS: 55594000, 1, 7, 42.6227570, -71.2071000, 0, 43.3000, 46.9300, 0.0600, 0.0000
ATT: 0, -7, 159
GPS: 55594000, 1, 7, 42.6227570, -71.2071000, 0, 43.2200, 46.9300, 0.0600, 0.0000
ATT: 0, -7, 160
GPS: 55594000, 1, 7, 42.6227570, -71.2071000, 0, 43.1300, 46.9300, 0.0600, 0.0000
ATT: 0, -6, 162
GPS: 55594000, 1, 7, 42.6227570, -71.2071000, 0, 43.0400, 46.9300, 0.0600, 0.0000
ATT: 0, -6, 163
GPS: 55594000, 1, 7, 42.6227570, -71.2071000, 0, 43.0400, 46.9300, 0.0600, 0.0000
ATT: 0, -6, 164
GPS: 55594000, 1, 7, 42.6227570, -71.2071000, 0, 43.0400, 46.9300, 0.0600, 0.0000
ATT: 0, -6, 165
GPS: 55594000, 1, 7, 42.6227570, -71.2071000, 0, 43.0400, 46.9300, 0.0600, 0.0000
ATT: 0, -5, 166
GPS: 55595000, 1, 7, 42.6227570, -71.2071000, 0, 43.0400, 47.1600, 0.0400, 0.0000
ATT: 0, -5, 167
GPS: 55595000, 1, 7, 42.6227570, -71.2071000, 0, 43.1300, 47.1600, 0.0400, 0.0000
ATT: 0, -5, 168
GPS: 55595000, 1, 7, 42.6227570, -71.2071000, 0, 43.2200, 47.1600, 0.0400, 0.0000
ATT: 0, -3, 169
GPS: 55595000, 1, 7, 42.6227570, -71.2071000, 0, 43.2200, 47.1600, 0.0400, 0.0000
ATT: -1, -3, 170
GPS: 55595000, 1, 7, 42.6227570, -71.2071000, 0, 43.2200, 47.1600, 0.0400, 0.0000
ATT: -1, -2, 172
GPS: 55595000, 1, 7, 42.6227570, -71.2071000, 0, 43.1300, 47.1600, 0.0400, 0.0000
ATT: -1, -2, 173
GPS: 55595000, 1, 7, 42.6227570, -71.2071000, 0, 43.0400, 47.1600, 0.0400, 0.0000
ATT: -1, -2, 175
GPS: 55595000, 1, 7, 42.6227570, -71.2071000, 0, 43.2200, 47.1600, 0.0400, 0.0000
ATT: -1, -2, 176
GPS: 55595000, 1, 7, 42.6227570, -71.2071000, 0, 43.3000, 47.1600, 0.0400, 0.0000
ATT: -1, -2, 178
GPS: 55595000, 1, 7, 42.6227570, -71.2071000, 0, 43.3900, 47.1600, 0.0400, 0.0000
ATT: -1, -2, 180
GPS: 55596000, 1, 7, 42.6227610, -71.2071000, 0, 43.4800, 47.3500, 0.0600, 0.0000
ATT: 0, -3, 182
GPS: 55596000, 1, 7, 42.6227610, -71.2071000, 0, 43.4800, 47.3500, 0.0600, 0.0000
ATT: 0, -4, 183
GPS: 55596000, 1, 7, 42.6227610, -71.2071000, 0, 43.4800, 47.3500, 0.0600, 0.0000
ATT: 0, -3, 185
GPS: 55596000, 1, 7, 42.6227610, -71.2071000, 0, 43.4800, 47.3500, 0.0600, 0.0000
ATT: 0, -5, 186
GPS: 55596000, 1, 7, 42.6227610, -71.2071000, 0, 43.4800, 47.3500, 0.0600, 0.0000
ATT: 0, -5, 189
GPS: 55596000, 1, 7, 42.6227610, -71.2071000, 0, 43.4800, 47.3500, 0.0600, 0.0000
ATT: 0, -5, 192
GPS: 55596000, 1, 7, 42.6227610, -71.2071000, 0, 43.4800, 47.3500, 0.0600, 0.0000
ATT: 0, -4, 196
GPS: 55596000, 1, 7, 42.6227610, -71.2071000, 0, 43.4800, 47.3500, 0.0600, 0.0000
ATT: 0, -5, 199
GPS: 55596000, 1, 7, 42.6227610, -71.2071000, 0, 43.4800, 47.3500, 0.0600, 0.0000
ATT: 0, -3, 201
GPS: 55596000, 1, 7, 42.6227610, -71.2071000, 0, 43.3900, 47.3500, 0.0600, 0.0000
ATT: 1, -4, 202
GPS: 55597000, 1, 7, 42.6227610, -71.2071000, 0, 43.3900, 47.5400, 0.0300, 0.0000
ATT: -4, -6, 205
GPS: 55597000, 1, 7, 42.6227610, -71.2071000, 0, 43.4800, 47.5400, 0.0300, 0.0000
ATT: -6, -3, 208
GPS: 55597000, 1, 7, 42.6227610, -71.2071000, 0, 43.5700, 47.5400, 0.0300, 0.0000
ATT: -6, -1, 210
GPS: 55597000, 1, 7, 42.6227610, -71.2071000, 0, 43.5700, 47.5400, 0.0300, 0.0000
ATT: -4, -1, 212
GPS: 55597000, 1, 7, 42.6227610, -71.2071000, 0, 43.5700, 47.5400, 0.0300, 0.0000
ATT: -4, -2, 214
GPS: 55597000, 1, 7, 42.6227610, -71.2071000, 0, 43.4800, 47.5400, 0.0300, 0.0000
ATT: -4, -2, 215
GPS: 55597000, 1, 7, 42.6227610, -71.2071000, 0, 43.4800, 47.5400, 0.0300, 0.0000
ATT: -5, 0, 217
GPS: 55597000, 1, 7, 42.6227610, -71.2071000, 0, 43.4800, 47.5400, 0.0300, 0.0000
ATT: -5, 0, 219
GPS: 55597000, 1, 7, 42.6227610, -71.2071000, 0, 43.4800, 47.5400, 0.0300, 0.0000
ATT: -5, -1, 221
GPS: 55597000, 1, 7, 42.6227610, -71.2071000, 0, 43.4800, 47.5400, 0.0300, 0.0000
ATT: -6, 0, 222
GPS: 55598000, 1, 7, 42.6227650, -71.2071000, 0, 43.4800, 47.6800, 0.0700, 0.0000
ATT: -6, 0, 224
GPS: 55598000, 1, 7, 42.6227650, -71.2071000, 0, 43.5700, 47.6800, 0.0700, 0.0000
ATT: -5, -1, 225
GPS: 55598000, 1, 7, 42.6227650, -71.2071000, 0, 43.6500, 47.6800, 0.0700, 0.0000
ATT: -3, -2, 225
GPS: 55598000, 1, 7, 42.6227650, -71.2071000, 0, 43.5700, 47.6800, 0.0700, 0.0000
ATT: -3, -3, 225
GPS: 55598000, 1, 7, 42.6227650, -71.2071000, 0, 43.5700, 47.6800, 0.0700, 0.0000
ATT: -3, -4, 226
GPS: 55598000, 1, 7, 42.6227650, -71.2071000, 0, 43.4800, 47.6800, 0.0700, 0.0000
ATT: -3, -4, 228
GPS: 55598000, 1, 7, 42.6227650, -71.2071000, 0, 43.4800, 47.6800, 0.0700, 0.0000
ATT: -3, -5, 229
GPS: 55598000, 1, 7, 42.6227650, -71.2071000, 0, 43.3900, 47.6800, 0.0700, 0.0000
ATT: -2, -7, 231
GPS: 55598000, 1, 7, 42.6227650, -71.2071000, 0, 43.3000, 47.6800, 0.0700, 0.0000
ATT: -3, -7, 232
GPS: 55598000, 1, 7, 42.6227650, -71.2071000, 0, 43.3000, 47.6800, 0.0700, 0.0000
ATT: -3, -7, 234
GPS: 55599000, 1, 7, 42.6227650, -71.2071080, 0, 43.3000, 47.7600, 0.1000, 0.0000
ATT: -4, -8, 235
GPS: 55599000, 1, 7, 42.6227650, -71.2071080, 0, 43.3000, 47.7600, 0.1000, 0.0000
ATT: -4, -9, 235
GPS: 55599000, 1, 7, 42.6227650, -71.2071080, 0, 43.3000, 47.7600, 0.1000, 0.0000
ATT: -4, -10, 236
GPS: 55599000, 1, 7, 42.6227650, -71.2071080, 0, 43.3000, 47.7600, 0.1000, 0.0000
ATT: -4, -10, 237
GPS: 55599000, 1, 7, 42.6227650, -71.2071080, 0, 43.3000, 47.7600, 0.1000, 0.0000
ATT: -5, -11, 239
GPS: 55599000, 1, 7, 42.6227650, -71.2071080, 0, 43.3000, 47.7600, 0.1000, 0.0000
ATT: -5, -11, 242
GPS: 55599000, 1, 7, 42.6227650, -71.2071080, 0, 43.3000, 47.7600, 0.1000, 0.0000
ATT: -5, -10, 245
GPS: 55599000, 1, 7, 42.6227650, -71.2071080, 0, 43.3900, 47.7600, 0.1000, 0.0000
ATT: -5, -11, 248
GPS: 55599000, 1, 7, 42.6227650, -71.2071080, 0, 43.3900, 47.7600, 0.1000, 0.0000
ATT: -5, -12, 250
GPS: 55599000, 1, 7, 42.6227650, -71.2071080, 0, 43.3900, 47.7600, 0.1000, 0.0000
ATT: -5, -11, 251
GPS: 55600000, 1, 7, 42.6227650, -71.2071080, 0, 43.3900, 47.8800, 0.0400, 0.0000
ATT: -5, -9, 253
GPS: 55600000, 1, 7, 42.6227650, -71.2071080, 0, 43.3900, 47.8800, 0.0400, 0.0000
ATT: -5, -9, 255
GPS: 55600000, 1, 7, 42.6227650, -71.2071080, 0, 43.3900, 47.8800, 0.0400, 0.0000
ATT: -6, -8, 256
GPS: 55600000, 1, 7, 42.6227650, -71.2071080, 0, 43.3900, 47.8800, 0.0400, 0.0000
ATT: -6, -8, 258
GPS: 55600000, 1, 7, 42.6227650, -71.2071080, 0, 43.3900, 47.8800, 0.0400, 0.0000
ATT: -7, -6, 260
GPS: 55600000, 1, 7, 42.6227650, -71.2071080, 0, 43.3900, 47.8800, 0.0400, 0.0000
ATT: -6, -6, 261
GPS: 55600000, 1, 7, 42.6227650, -71.2071080, 0, 43.3900, 47.8800, 0.0400, 0.0000
ATT: -6, -6, 263
GPS: 55600000, 1, 7, 42.6227650, -71.2071080, 0, 43.4800, 47.8800, 0.0400, 0.0000
ATT: -9, -9, 266
GPS: 55600000, 1, 7, 42.6227650, -71.2071080, 0, 43.5700, 47.8800, 0.0400, 0.0000
PM:20001,998,58,0,0,0,0,20,1,3,5,0,0, 
ATT: -7, -6, 268
GPS: 55600000, 1, 7, 42.6227650, -71.2071080, 0, 43.6500, 47.8800, 0.0400, 0.0000
ATT: -7, -6, 270
GPS: 55601000, 1, 7, 42.6227680, -71.2071080, 0, 43.7400, 48.0600, 0.0700, 0.0000
ATT: -7, -6, 272
GPS: 55601000, 1, 7, 42.6227680, -71.2071080, 0, 43.7400, 48.0600, 0.0700, 0.0000
ATT: -7, -6, 274
GPS: 55601000, 1, 7, 42.6227680, -71.2071080, 0, 43.7400, 48.0600, 0.0700, 0.0000
ATT: -7, -7, 277
GPS: 55601000, 1, 7, 42.6227680, -71.2071080, 0, 43.6500, 48.0600, 0.0700, 0.0000
ATT: -7, -7, 278
GPS: 55601000, 1, 7, 42.6227680, -71.2071080, 0, 43.5700, 48.0600, 0.0700, 0.0000
ATT: -7, -10, 280
GPS: 55601000, 1, 7, 42.6227680, -71.2071080, 0, 43.3900, 48.0600, 0.0700, 0.0000
ATT: -5, -8, 282
GPS: 55601000, 1, 7, 42.6227680, -71.2071080, 0, 43.3000, 48.0600, 0.0700, 0.0000
ATT: -6, -11, 284
GPS: 55601000, 1, 7, 42.6227680, -71.2071080, 0, 43.3000, 48.0600, 0.0700, 0.0000
ATT: -6, -10, 286
GPS: 55601000, 1, 7, 42.6227680, -71.2071080, 0, 43.3000, 48.0600, 0.0700, 0.0000
ATT: -7, -11, 287
GPS: 55601000, 1, 7, 42.6227680, -71.2071080, 0, 43.3000, 48.0600, 0.0700, 0.0000
ATT: -7, -10, 290
GPS: 55602000, 1, 7, 42.6227680, -71.2071080, 0, 43.3000, 48.0400, 0.0800, 0.0000
ATT: -6, -11, 292
GPS: 55602000, 1, 7, 42.6227680, -71.2071080, 0, 43.3000, 48.0400, 0.0800, 0.0000
ATT: -6, -11, 294
GPS: 55602000, 1, 7, 42.6227680, -71.2071080, 0, 43.3000, 48.0400, 0.0800, 0.0000
ATT: -7, -11, 295
GPS: 55602000, 1, 7, 42.6227680, -71.2071080, 0, 43.3000, 48.0400, 0.0800, 0.0000
ATT: -8, -10, 297
GPS: 55602000, 1, 7, 42.6227680, -71.2071080, 0, 43.3000, 48.0400, 0.0800, 0.0000
ATT: -8, -9, 300
GPS: 55602000, 1, 7, 42.6227680, -71.2071080, 0, 43.3900, 48.0400, 0.0800, 0.0000
ATT: -8, -10, 303
GPS: 55602000, 1, 7, 42.6227680, -71.2071080, 0, 43.3900, 48.0400, 0.0800, 0.0000
ATT: -8, -10, 305
GPS: 55602000, 1, 7, 42.6227680, -71.2071080, 0, 43.3900, 48.0400, 0.0800, 0.0000
ATT: -8, -10, 307
GPS: 55602000, 1, 7, 42.6227680, -71.2071080, 0, 43.3900, 48.0400, 0.0800, 0.0000
ATT: -8, -10, 310
GPS: 55602000, 1, 7, 42.6227680, -71.2071080, 0, 43.3900, 48.0400, 0.0800, 0.0000
ATT: -9, -9, 311
GPS: 55603000, 1, 7, 42.6227720, -71.2071080, 0, 43.3900, 48.2000, 0.0700, 0.0000
ATT: -9, -9, 314
GPS: 55603000, 1, 7, 42.6227720, -71.2071080, 0, 43.3900, 48.2000, 0.0700, 0.0000
ATT: -7, -10, 317
GPS: 55603000, 1, 7, 42.6227720, -71.2071080, 0, 43.3900, 48.2000, 0.0700, 0.0000
ATT: -8, -10, 322
GPS: 55603000, 1, 7, 42.6227720, -71.2071080, 0, 43.4800, 48.2000, 0.0700, 0.0000
ATT: -7, -9, 325
GPS: 55603000, 1, 7, 42.6227720, -71.2071080, 0, 43.4800, 48.2000, 0.0700, 0.0000
ATT: -6, -9, 325
GPS: 55603000, 1, 7, 42.6227720, -71.2071080, 0, 43.5700, 48.2000, 0.0700, 0.0000
ATT: -6, -9, 327
GPS: 55603000, 1, 7, 42.6227720, -71.2071080, 0, 43.5700, 48.2000, 0.0700, 0.0000
ATT: -6, -9, 329
GPS: 55603000, 1, 7, 42.6227720, -71.2071080, 0, 43.5700, 48.2000, 0.0700, 0.0000
ATT: -6, -8, 331
GPS: 55603000, 1, 7, 42.6227720, -71.2071080, 0, 43.5700, 48.2000, 0.0700, 0.0000
ATT: -6, -9, 333
GPS: 55604000, 1, 7, 42.6227720, -71.2071080, 0, 43.5700, 48.5100, 0.0800, 0.0000
ATT: -7, -8, 336
GPS: 55604000, 1, 7, 42.6227720, -71.2071080, 0, 43.5700, 48.5100, 0.0800, 0.0000
ATT: -7, -9, 339
GPS: 55604000, 1, 7, 42.6227720, -71.2071080, 0, 43.5700, 48.5100, 0.0800, 0.0000
ATT: -7, -9, 341
GPS: 55604000, 1, 7, 42.6227720, -71.2071080, 0, 43.5700, 48.5100, 0.0800, 0.0000
ATT: -7, -9, 345
GPS: 55604000, 1, 7, 42.6227720, -71.2071080, 0, 43.5700, 48.5100, 0.0800, 0.0000
ATT: -7, -8, 348
GPS: 55604000, 1, 7, 42.6227720, -71.2071080, 0, 43.5700, 48.5100, 0.0800, 0.0000
ATT: -7, -9, 351
GPS: 55604000, 1, 7, 42.6227720, -71.2071080, 0, 43.5700, 48.5100, 0.0800, 0.0000
ATT: -7, -9, 353
GPS: 55604000, 1, 7, 42.6227720, -71.2071080, 0, 43.5700, 48.5100, 0.0800, 0.0000
ATT: -7, -9, 355
GPS: 55604000, 1, 7, 42.6227720, -71.2071080, 0, 43.5700, 48.5100, 0.0800, 0.0000
ATT: -7, -10, 357
GPS: 55604000, 1, 7, 42.6227720, -71.2071080, 0, 43.5700, 48.5100, 0.0800, 0.0000
ATT: -6, -9, 359
GPS: 55604000, 1, 7, 42.6227720, -71.2071080, 0, 43.6500, 48.5100, 0.0800, 0.0000
ATT: -6, -9, 360
GPS: 55605000, 1, 7, 42.6227720, -71.2071080, 0, 43.6500, 48.6400, 0.0700, 0.0000
ATT: -7, -9, 362
GPS: 55605000, 1, 7, 42.6227720, -71.2071080, 0, 43.4800, 48.6400, 0.0700, 0.0000
ATT: -7, -9, 363
GPS: 55605000, 1, 7, 42.6227720, -71.2071080, 0, 43.3000, 48.6400, 0.0700, 0.0000
ATT: -7, -9, 365
GPS: 55605000, 1, 7, 42.6227720, -71.2071080, 0, 43.3900, 48.6400, 0.0700, 0.0000
ATT: -7, -8, 367
GPS: 55605000, 1, 7, 42.6227720, -71.2071080, 0, 43.4800, 48.6400, 0.0700, 0.0000
ATT: -7, -8, 369
GPS: 55605000, 1, 7, 42.6227720, -71.2071080, 0, 43.4800, 48.6400, 0.0700, 0.0000
ATT: -8, -7, 372
GPS: 55605000, 1, 7, 42.6227720, -71.2071080, 0, 43.4800, 48.6400, 0.0700, 0.0000
ATT: -8, -7, 373
GPS: 55605000, 1, 7, 42.6227720, -71.2071080, 0, 43.4800, 48.6400, 0.0700, 0.0000
ATT: -8, -7, 375
GPS: 55605000, 1, 7, 42.6227720, -71.2071080, 0, 43.4800, 48.6400, 0.0700, 0.0000
ATT: -8, -7, 377
GPS: 55606000, 1, 7, 42.6227720, -71.2071080, 0, 43.4800, 48.7300, 0.0700, 0.0000
ATT: -9, -7, 379
GPS: 55606000, 1, 7, 42.6227720, -71.2071080, 0, 43.4800, 48.7300, 0.0700, 0.0000
ATT: -9, -7, 380
GPS: 55606000, 1, 7, 42.6227720, -71.2071080, 0, 43.4800, 48.7300, 0.0700, 0.0000
ATT: -9, -7, 383
GPS: 55606000, 1, 7, 42.6227720, -71.2071080, 0, 43.4800, 48.7300, 0.0700, 0.0000
ATT: -8, -8, 384
GPS: 55606000, 1, 7, 42.6227720, -71.2071080, 0, 43.3900, 48.7300, 0.0700, 0.0000
ATT: -9, -8, 386
GPS: 55606000, 1, 7, 42.6227720, -71.2071080, 0, 43.3000, 48.7300, 0.0700, 0.0000
ATT: -8, -8, 388
GPS: 55606000, 1, 7, 42.6227720, -71.2071080, 0, 43.3900, 48.7300, 0.0700, 0.0000
ATT: -8, -8, 390
GPS: 55606000, 1, 7, 42.6227720, -71.2071080, 0, 43.4800, 48.7300, 0.0700, 0.0000
ATT: -7, -7, 392
GPS: 55606000, 1, 7, 42.6227720, -71.2071080, 0, 43.4800, 48.7300, 0.0700, 0.0000
ATT: -7, -7, 394
GPS: 55606000, 1, 7, 42.6227720, -71.2071080, 0, 43.4800, 48.7300, 0.0700, 0.0000
ATT: -7, -8, 396
GPS: 55607000, 1, 7, 42.6227720, -71.2071080, 0, 43.3900, 48.8000, 0.0800, 0.0000
ATT: -7, -8, 398
GPS: 55607000, 1, 7, 42.6227720, -71.2071080, 0, 43.3000, 48.8000, 0.0800, 0.0000
ATT: -7, -8, 400
GPS: 55607000, 1, 7, 42.6227720, -71.2071080, 0, 43.3000, 48.8000, 0.0800, 0.0000
ATT: -7, -8, 402
GPS: 55607000, 1, 7, 42.6227720, -71.2071080, 0, 43.3000, 48.8000, 0.0800, 0.0000
ATT: -7, -8, 404
GPS: 55607000, 1, 7, 42.6227720, -71.2071080, 0, 43.3000, 48.8000, 0.0800, 0.0000
ATT: -7, -7, 406
GPS: 55607000, 1, 7, 42.6227720, -71.2071080, 0, 43.3000, 48.8000, 0.0800, 0.0000
ATT: -8, -8, 407
GPS: 55607000, 1, 7, 42.6227720, -71.2071080, 0, 43.3000, 48.8000, 0.0800, 0.0000
ATT: -7, -7, 408
GPS: 55607000, 1, 7, 42.6227720, -71.2071080, 0, 43.3000, 48.8000, 0.0800, 0.0000
ATT: -7, -8, 410
GPS: 55607000, 1, 7, 42.6227720, -71.2071080, 0, 43.3000, 48.8000, 0.0800, 0.0000
ATT: -7, -9, 411
GPS: 55607000, 1, 7, 42.6227720, -71.2071080, 0, 43.3000, 48.8000, 0.0800, 0.0000
ATT: -7, -8, 414
GPS: 55608000, 1, 7, 42.6227720, -71.2071080, 0, 43.3000, 48.8900, 0.0700, 0.0000
ATT: -7, -8, 416
GPS: 55608000, 1, 7, 42.6227720, -71.2071080, 0, 43.3000, 48.8900, 0.0700, 0.0000
ATT: -7, -8, 419
GPS: 55608000, 1, 7, 42.6227720, -71.2071080, 0, 43.3900, 48.8900, 0.0700, 0.0000
ATT: -6, -8, 421
GPS: 55608000, 1, 7, 42.6227720, -71.2071080, 0, 43.4800, 48.8900, 0.0700, 0.0000
ATT: -6, -8, 424
GPS: 55608000, 1, 7, 42.6227720, -71.2071080, 0, 43.4800, 48.8900, 0.0700, 0.0000
ATT: -6, -9, 425
GPS: 55608000, 1, 7, 42.6227720, -71.2071080, 0, 43.4800, 48.8900, 0.0700, 0.0000
ATT: -6, -9, 429
GPS: 55608000, 1, 7, 42.6227720, -71.2071080, 0, 43.4800, 48.8900, 0.0700, 0.0000
ATT: -6, -9, 430
GPS: 55608000, 1, 7, 42.6227720, -71.2071080, 0, 43.4800, 48.8900, 0.0700, 0.0000
ATT: -7, -9, 434
GPS: 55608000, 1, 7, 42.6227720, -71.2071080, 0, 43.4800, 48.8900, 0.0700, 0.0000
ATT: -7, -9, 435
GPS: 55608000, 1, 7, 42.6227720, -71.2071080, 0, 43.4800, 48.8900, 0.0700, 0.0000
ATT: -8, -9, 438
GPS: 55609000, 1, 7, 42.6227720, -71.2071080, 0, 43.4800, 48.9700, 0.0800, 0.0000
ATT: -8, -9, 440
GPS: 55609000, 1, 7, 42.6227720, -71.2071080, 0, 43.4800, 48.9700, 0.0800, 0.0000
ATT: -7, -9, 441
GPS: 55609000, 1, 7, 42.6227720, -71.2071080, 0, 43.4800, 48.9700, 0.0800, 0.0000
ATT: -7, -10, 442
GPS: 55609000, 1, 7, 42.6227720, -71.2071080, 0, 43.4800, 48.9700, 0.0800, 0.0000
ATT: -8, -11, 445
GPS: 55609000, 1, 7, 42.6227720, -71.2071080, 0, 43.3900, 48.9700, 0.0800, 0.0000
ATT: -7, -11, 447
GPS: 55609000, 1, 7, 42.6227720, -71.2071080, 0, 43.3900, 48.9700, 0.0800, 0.0000
ATT: -7, -11, 449
GPS: 55609000, 1, 7, 42.6227720, -71.2071080, 0, 43.3900, 48.9700, 0.0800, 0.0000
ATT: -8, -11, 452
GPS: 55609000, 1, 7, 42.6227720, -71.2071080, 0, 43.3900, 48.9700, 0.0800, 0.0000
ATT: -8, -11, 455
GPS: 55609000, 1, 7, 42.6227720, -71.2071080, 0, 43.3900, 48.9700, 0.0800, 0.0000
ATT: -7, -11, 456
GPS: 55609000, 1, 7, 42.6227720, -71.2071080, 0, 43.3900, 48.9700, 0.0800, 0.0000
ATT: -6, -11, 457
GPS: 55610000, 1, 7, 42.6227720, -71.2071080, 0, 43.4800, 49.0500, 0.0700, 0.0000
ATT: -6, -12, 458
GPS: 55610000, 1, 7, 42.6227720, -71.2071080, 0, 43.5700, 49.0500, 0.0700, 0.0000
ATT: -6, -12, 459
GPS: 55610000, 1, 7, 42.6227720, -71.2071080, 0, 43.6500, 49.0500, 0.0700, 0.0000
ATT: -6, -12, 460
GPS: 55610000, 1, 7, 42.6227720, -71.2071080, 0, 43.7400, 49.0500, 0.0700, 0.0000
ATT: -7, -12, 462
GPS: 55610000, 1, 7, 42.6227720, -71.2071080, 0, 43.7400, 49.0500, 0.0700, 0.0000
ATT: -6, -11, 464
GPS: 55610000, 1, 7, 42.6227720, -71.2071080, 0, 43.7400, 49.0500, 0.0700, 0.0000
ATT: -6, -11, 467
GPS: 55610000, 1, 7, 42.6227720, -71.2071080, 0, 43.7400, 49.0500, 0.0700, 0.0000
ATT: -6, -10, 468
GPS: 55610000, 1, 7, 42.6227720, -71.2071080, 0, 43.7400, 49.0500, 0.0700, 0.0000
ATT: -6, -10, 469
GPS: 55610000, 1, 7, 42.6227720, -71.2071080, 0, 43.6500, 49.0500, 0.0700, 0.0000
ATT: -5, -10, 471
GPS: 55610000, 1, 7, 42.6227720, -71.2071080, 0, 43.5700, 49.0500, 0.0700, 0.0000
ATT: -5, -9, 472
GPS: 55611000, 1, 7, 42.6227720, -71.2071150, 0, 43.5700, 49.7700, 0.0500, 0.0000
ATT: -5, -9, 474
GPS: 55611000, 1, 7, 42.6227720, -71.2071150, 0, 43.5700, 49.7700, 0.0500, 0.0000
ATT: -3, -8, 476
GPS: 55611000, 1, 7, 42.6227720, -71.2071150, 0, 43.5700, 49.7700, 0.0500, 0.0000
ATT: -3, -8, 478
GPS: 55611000, 1, 7, 42.6227720, -71.2071150, 0, 43.5700, 49.7700, 0.0500, 0.0000
ATT: -4, -7, 480
GPS: 55611000, 1, 7, 42.6227720, -71.2071150, 0, 43.4800, 49.7700, 0.0500, 0.0000
ATT: -2, -7, 484
GPS: 55611000, 1, 7, 42.6227720, -71.2071150, 0, 43.4800, 49.7700, 0.0500, 0.0000
ATT: 2, -4, 485
GPS: 55611000, 1, 7, 42.6227720, -71.2071150, 0, 43.3000, 49.7700, 0.0500, 0.0000
ATT: 2, -6, 487
GPS: 55611000, 1, 7, 42.6227720, -71.2071150, 0, 43.2200, 49.7700, 0.0500, 0.0000
ATT: 2, -4, 489
GPS: 55611000, 1, 7, 42.6227720, -71.2071150, 0, 43.3900, 49.7700, 0.0500, 0.0000
ATT: 4, -4, 488
GPS: 55611000, 1, 7, 42.6227720, -71.2071150, 0, 43.5700, 49.7700, 0.0500, 0.0000
ATT: 5, -5, 487
GPS: 55612000, 1, 7, 42.6227720, -71.2071150, 0, 43.6500, 49.9500, 0.0800, 0.0000
ATT: 10, -2, 491
GPS: 55612000, 1, 7, 42.6227720, -71.2071150, 0, 43.7400, 49.9500, 0.0800, 0.0000
ATT: 32, 1, 491
GPS: 55612000, 1, 7, 42.6227720, -71.2071150, 0, 43.6500, 49.9500, 0.0800, 0.0000
ATT: 29, 2, 492
GPS: 55612000, 1, 7, 42.6227720, -71.2071150, 0, 43.6500, 49.9500, 0.0800, 0.0000
ATT: 28, 1, 494
GPS: 55612000, 1, 7, 42.6227720, -71.2071150, 0, 43.6500, 49.9500, 0.0800, 0.0000
ATT: 27, 6, 488
GPS: 55612000, 1, 7, 42.6227720, -71.2071150, 0, 43.6500, 49.9500, 0.0800, 0.0000
ATT: 34, 9, 493
GPS: 55612000, 1, 7, 42.6227720, -71.2071150, 0, 43.7400, 49.9500, 0.0800, 0.0000
ATT: 35, 9, 494
GPS: 55612000, 1, 7, 42.6227720, -71.2071150, 0, 43.8300, 49.9500, 0.0800, 0.0000
ATT: 23, 7, 509
GPS: 55612000, 1, 7, 42.6227720, -71.2071150, 0, 43.6500, 49.9500, 0.0800, 0.0000
ATT: 13, 3, 508
GPS: 55612000, 1, 7, 42.6227720, -71.2071150, 0, 43.5700, 49.9500, 0.0800, 0.0000
ATT: 10, 4, 509
GPS: 55613000, 1, 7, 42.6227720, -71.2071150, 0, 43.4800, 50.1400, 0.1000, 0.0000
