Dumping Log 6,    start pg 325,   end pg 356

ArduPlane V2.33
Free RAM: 3417
GROUND START -  1 commands in memory
CMD:0,16,0,4296,426227262,-712070631, 
CMD:1,17,0,15000,426236128,712078080, 
MOD:Manual
PM:27224,1,68,0,0,3,0,1,1,-5,5,5,0, 
ATT: 2276, -2897, 5389
GPS: 58056000, 1, 7, 42.5742610, -71.2814870, 0, -0.4400, 44.8000, 0.4000, 0.0000
ATT: 2127, -2835, 5597
GPS: 58056000, 1, 7, 42.5742610, -71.2814870, 0, 0.5300, 44.8000, 0.4000, 0.0000
ATT: 1946, -2737, 5794
GPS: 58056000, 1, 7, 42.5742610, -71.2814870, 0, 1.1500, 44.8000, 0.4000, 0.0000
ATT: 1789, -2601, 5933
GPS: 58056000, 1, 7, 42.5742610, -71.2814870, 0, 1.4100, 44.8000, 0.4000, 0.0000
ATT: 1710, -2444, 6000
GPS: 58056000, 1, 7, 42.5742610, -71.2814870, 0, 1.5900, 44.8000, 0.4000, 0.0000
ATT: 1677, -2309, 6020
GPS: 58056000, 1, 7, 42.5742610, -71.2814870, 0, 1.6800, 44.8000, 0.4000, 0.0000
ATT: 1650, -2171, 6035
GPS: 58056000, 1, 7, 42.5742610, -71.2814870, 0, 1.6800, 44.8000, 0.4000, 0.0000
ATT: 1608, -2029, 6062
GPS: 58056000, 1, 7, 42.5742610, -71.2814870, 0, 1.5900, 44.8000, 0.4000, 0.0000
ATT: 1535, -1870, 6115
GPS: 58056000, 1, 7, 42.5742610, -71.2814870, 0, 1.5900, 44.8000, 0.4000, 0.0000
ATT: 1427, -1729, 6170
GPS: 58056000, 1, 7, 42.5742610, -71.2814870, 0, 1.0600, 44.8000, 0.4000, 0.0000
ATT: 1309, -1614, 6219
GPS: 58056000, 1, 7, 42.5742610, -71.2814870, 0, 0.6200, 44.8000, 0.4000, 0.0000
ATT: 1241, -1643, 6245
GPS: 58056000, 1, 7, 42.5742610, -71.2814870, 0, 0.5300, 44.8000, 0.4000, 0.0000
ATT: 1193, -1747, 6273
GPS: 58056000, 1, 7, 42.5742610, -71.2814870, 0, 0.4400, 44.8000, 0.4000, 0.0000
ATT: 1121, -1870, 6308
GPS: 58056000, 1, 7, 42.5742610, -71.2814870, 0, 0.3500, 44.8000, 0.4000, 0.0000
ATT: 1065, -1923, 6333
GPS: 58056000, 1, 7, 42.5742610, -71.2814870, 0, 0.2600, 44.8000, 0.4000, 0.0000
ATT: 1013, -1854, 6361
GPS: 58056000, 1, 7, 42.5742610, -71.2814870, 0, 0.1700, 44.8000, 0.4000, 0.0000
ATT: 940, -1713, 6375
GPS: 58056000, 1, 7, 42.5742610, -71.2814870, 0, 0.0800, 44.8000, 0.4000, 0.0000
ATT: 895, -1535, 6358
GPS: 58056000, 1, 7, 42.5742610, -71.2814870, 0, -0.0800, 44.8000, 0.4000, 0.0000
ATT: 861, -1330, 6343
GPS: 58056000, 1, 7, 42.5742610, -71.2814870, 0, -0.1700, 44.8000, 0.4000, 0.0000
ATT: 824, -1083, 6330
GPS: 58056000, 1, 7, 42.5742610, -71.2814870, 0, -0.2600, 44.8000, 0.4000, 0.0000
ATT: 837, -787, 6307
GPS: 58060000, 1, 7, 42.5742650, -71.2814870, 0, -0.2600, 45.0300, 0.0400, 0.0000
ATT: 853, -459, 6307
GPS: 58060000, 1, 7, 42.5742650, -71.2814870, 0, -0.2600, 45.0300, 0.0400, 0.0000
ATT: 864, -107, 6316
GPS: 58060000, 1, 7, 42.5742650, -71.2814870, 0, -0.2600, 45.0300, 0.0400, 0.0000
ATT: 867, 218, 6323
GPS: 58060000, 1, 7, 42.5742650, -71.2814870, 0, -0.2600, 45.0300, 0.0400, 0.0000
ATT: 869, 523, 6317
GPS: 58060000, 1, 7, 42.5742650, -71.2814870, 0, -0.2600, 45.0300, 0.0400, 0.0000
ATT: 861, 763, 6305
GPS: 58060000, 1, 7, 42.5742650, -71.2814870, 0, -0.3500, 45.0300, 0.0400, 0.0000
ATT: 847, 931, 6293
GPS: 58060000, 1, 7, 42.5742650, -71.2814870, 0, -0.3500, 45.0300, 0.0400, 0.0000
ATT: 858, 1089, 6295
GPS: 58060000, 1, 7, 42.5742650, -71.2814870, 0, -0.1700, 45.0300, 0.0400, 0.0000
ATT: 885, 1206, 6295
GPS: 58060000, 1, 7, 42.5742650, -71.2814870, 0, -0.0800, 45.0300, 0.0400, 0.0000
ATT: 882, 1307, 6282
GPS: 58060000, 1, 7, 42.5742650, -71.2814870, 0, -0.0800, 45.0300, 0.0400, 0.0000
ATT: 855, 1403, 6261
GPS: 58061000, 1, 7, 42.5742650, -71.2814870, 0, -0.0800, 45.1500, 0.0800, 0.0000
ATT: 811, 1466, 6216
GPS: 58061000, 1, 7, 42.5742650, -71.2814870, 0, -0.1700, 45.1500, 0.0800, 0.0000
ATT: 776, 1537, 6162
GPS: 58061000, 1, 7, 42.5742650, -71.2814870, 0, -0.2600, 45.1500, 0.0800, 0.0000
ATT: 735, 1627, 6103
GPS: 58061000, 1, 7, 42.5742650, -71.2814870, 0, -0.1700, 45.1500, 0.0800, 0.0000
ATT: 730, 1697, 6034
GPS: 58061000, 1, 7, 42.5742650, -71.2814870, 0, -0.1700, 45.1500, 0.0800, 0.0000
ATT: 740, 1776, 5966
GPS: 58061000, 1, 7, 42.5742650, -71.2814870, 0, -0.3500, 45.1500, 0.0800, 0.0000
ATT: 726, 1822, 5887
GPS: 58061000, 1, 7, 42.5742650, -71.2814870, 0, -0.4400, 45.1500, 0.0800, 0.0000
ATT: 719, 1854, 5794
GPS: 58061000, 1, 7, 42.5742650, -71.2814870, 0, -0.4400, 45.1500, 0.0800, 0.0000
ATT: 731, 1859, 5680
GPS: 58061000, 1, 7, 42.5742650, -71.2814870, 0, -0.4400, 45.1500, 0.0800, 0.0000
ATT: 730, 1839, 5518
GPS: 58061000, 1, 7, 42.5742650, -71.2814870, 0, -0.5300, 45.1500, 0.0800, 0.0000
ATT: 611, 1832, 5251
GPS: 58062000, 1, 7, 42.5742680, -71.2814870, 0, -0.5300, 45.2400, 0.0500, 0.0000
ATT: 336, 1621, 4754
GPS: 58062000, 1, 7, 42.5742680, -71.2814870, 0, -0.5300, 45.2400, 0.0500, 0.0000
ATT: -50, 1302, 4055
GPS: 58062000, 1, 7, 42.5742680, -71.2814870, 0, -0.5300, 45.2400, 0.0500, 0.0000
ATT: -481, 972, 3255
GPS: 58062000, 1, 7, 42.5742680, -71.2814870, 0, -0.4400, 45.2400, 0.0500, 0.0000
ATT: -793, 703, 2555
GPS: 58062000, 1, 7, 42.5742680, -71.2814870, 0, -0.4400, 45.2400, 0.0500, 0.0000
ATT: -1022, 450, 2086
GPS: 58062000, 1, 7, 42.5742680, -71.2814870, 0, -0.3500, 45.2400, 0.0500, 0.0000
ATT: -1065, 182, 1877
GPS: 58062000, 1, 7, 42.5742680, -71.2814870, 0, -0.2600, 45.2400, 0.0500, 0.0000
ATT: -965, -65, 1792
GPS: 58062000, 1, 7, 42.5742680, -71.2814870, 0, -0.2600, 45.2400, 0.0500, 0.0000
ATT: -799, -311, 1716
GPS: 58062000, 1, 7, 42.5742680, -71.2814870, 0, -0.2600, 45.2400, 0.0500, 0.0000
ATT: -515, -461, 1632
GPS: 58062000, 1, 7, 42.5742680, -71.2814870, 0, -0.3500, 45.2400, 0.0500, 0.0000
ATT: -90, -391, 1579
GPS: 58063000, 1, 7, 42.5742680, -71.2814790, 0, 44.8300, 45.1800, 0.1300, 0.0000
ATT: 190, -226, 1559
GPS: 58063000, 1, 7, 42.5742680, -71.2814790, 0, 44.8300, 45.1800, 0.1300, 0.0000
ATT: 410, 90, 1596
GPS: 58063000, 1, 7, 42.5742680, -71.2814790, 0, 44.8300, 45.1800, 0.1300, 0.0000
ATT: 664, 515, 1713
GPS: 58063000, 1, 7, 42.5742680, -71.2814790, 0, 44.8300, 45.1800, 0.1300, 0.0000
ATT: 975, 1057, 1904
GPS: 58063000, 1, 7, 42.5742680, -71.2814790, 0, 44.8300, 45.1800, 0.1300, 0.0000
ATT: 1284, 1574, 2120
GPS: 58063000, 1, 7, 42.5742680, -71.2814790, 0, 44.7400, 45.1800, 0.1300, 0.0000
ATT: 1461, 1902, 2326
GPS: 58063000, 1, 7, 42.5742680, -71.2814790, 0, 44.6500, 45.1800, 0.1300, 0.0000
ATT: 1491, 2068, 2505
GPS: 58063000, 1, 7, 42.5742680, -71.2814790, 0, 44.5600, 45.1800, 0.1300, 0.0000
ATT: 1486, 2144, 2625
GPS: 58063000, 1, 7, 42.5742680, -71.2814790, 0, 44.5600, 45.1800, 0.1300, 0.0000
ATT: 1527, 2255, 2715
GPS: 58063000, 1, 7, 42.5742680, -71.2814790, 0, 44.6500, 45.1800, 0.1300, 0.0000
ATT: 1532, 2320, 2754
GPS: 58064000, 1, 7, 42.5742680, -71.2814790, 0, 44.7400, 45.1000, 0.0600, 0.0000
ATT: 1503, 2381, 2804
GPS: 58064000, 1, 7, 42.5742680, -71.2814790, 0, 44.7400, 45.1000, 0.0600, 0.0000
ATT: 1498, 2465, 2871
GPS: 58064000, 1, 7, 42.5742680, -71.2814790, 0, 44.7400, 45.1000, 0.0600, 0.0000
ATT: 1554, 2572, 2931
GPS: 58064000, 1, 7, 42.5742680, -71.2814790, 0, 44.7400, 45.1000, 0.0600, 0.0000
ATT: 1578, 2625, 2957
GPS: 58064000, 1, 7, 42.5742680, -71.2814790, 0, 44.7400, 45.1000, 0.0600, 0.0000
ATT: 1575, 2648, 2973
GPS: 58064000, 1, 7, 42.5742680, -71.2814790, 0, 44.6500, 45.1000, 0.0600, 0.0000
ATT: 1563, 2617, 2965
GPS: 58064000, 1, 7, 42.5742680, -71.2814790, 0, 44.5600, 45.1000, 0.0600, 0.0000
ATT: 1532, 2596, 2953
GPS: 58064000, 1, 7, 42.5742680, -71.2814790, 0, 44.4800, 45.1000, 0.0600, 0.0000
ATT: 1494, 2592, 2946
GPS: 58064000, 1, 7, 42.5742680, -71.2814790, 0, 44.4800, 45.1000, 0.0600, 0.0000
ATT: 1428, 2595, 2921
GPS: 58064000, 1, 7, 42.5742680, -71.2814790, 0, 44.4800, 45.1000, 0.0600, 0.0000
ATT: 1361, 2572, 2876
GPS: 58065000, 1, 7, 42.5742680, -71.2814790, 0, 44.4800, 45.1000, 0.0600, 0.0000
ATT: 1284, 2545, 2821
GPS: 58065000, 1, 7, 42.5742680, -71.2814790, 0, 44.5600, 45.1000, 0.0600, 0.0000
ATT: 1260, 2545, 2785
GPS: 58065000, 1, 7, 42.5742680, -71.2814790, 0, 44.5600, 45.1000, 0.0600, 0.0000
ATT: 1317, 2581, 2769
GPS: 58065000, 1, 7, 42.5742680, -71.2814790, 0, 44.5600, 45.1000, 0.0600, 0.0000
ATT: 1391, 2596, 2769
GPS: 58065000, 1, 7, 42.5742680, -71.2814790, 0, 44.5600, 45.1000, 0.0600, 0.0000
ATT: 1400, 2573, 2772
GPS: 58065000, 1, 7, 42.5742680, -71.2814790, 0, 44.5600, 45.1000, 0.0600, 0.0000
ATT: 1367, 2477, 2742
GPS: 58065000, 1, 7, 42.5742680, -71.2814790, 0, 44.5600, 45.1000, 0.0600, 0.0000
ATT: 1331, 2216, 2692
GPS: 58065000, 1, 7, 42.5742680, -71.2814790, 0, 44.5600, 45.1000, 0.0600, 0.0000
ATT: 1341, 1861, 2627
GPS: 58065000, 1, 7, 42.5742680, -71.2814790, 0, 44.5600, 45.1000, 0.0600, 0.0000
ATT: 1419, 1480, 2599
GPS: 58065000, 1, 7, 42.5742680, -71.2814790, 0, 44.6500, 45.1000, 0.0600, 0.0000
ATT: 1509, 1131, 2633
GPS: 58066000, 1, 7, 42.5742680, -71.2814790, 0, 44.6500, 45.1000, 0.0600, 0.0000
ATT: 1609, 945, 2711
GPS: 58066000, 1, 7, 42.5742680, -71.2814790, 0, 44.4800, 45.1000, 0.0600, 0.0000
ATT: 1667, 858, 2739
GPS: 58066000, 1, 7, 42.5742680, -71.2814790, 0, 44.3900, 45.1000, 0.0600, 0.0000
ATT: 1685, 840, 2734
GPS: 58066000, 1, 7, 42.5742680, -71.2814790, 0, 44.3000, 45.1000, 0.0600, 0.0000
ATT: 1674, 882, 2733
GPS: 58066000, 1, 7, 42.5742680, -71.2814790, 0, 44.3000, 45.1000, 0.0600, 0.0000
ATT: 1662, 996, 2753
GPS: 58066000, 1, 7, 42.5742680, -71.2814790, 0, 44.3900, 45.1000, 0.0600, 0.0000
ATT: 1677, 1068, 2762
GPS: 58066000, 1, 7, 42.5742680, -71.2814790, 0, 44.3900, 45.1000, 0.0600, 0.0000
ATT: 1671, 1091, 2782
GPS: 58066000, 1, 7, 42.5742680, -71.2814790, 0, 44.3900, 45.1000, 0.0600, 0.0000
ATT: 1690, 1115, 2831
GPS: 58066000, 1, 7, 42.5742680, -71.2814790, 0, 44.3900, 45.1000, 0.0600, 0.0000
ATT: 1725, 1155, 2874
GPS: 58066000, 1, 7, 42.5742680, -71.2814790, 0, 44.4800, 45.1000, 0.0600, 0.0000
ATT: 1749, 1254, 2905
GPS: 58067000, 1, 7, 42.5742680, -71.2814790, 0, 44.4800, 45.0500, 0.0800, 0.0000
ATT: 1734, 1429, 2931
GPS: 58067000, 1, 7, 42.5742680, -71.2814790, 0, 44.4800, 45.0500, 0.0800, 0.0000
ATT: 1670, 1652, 2936
GPS: 58067000, 1, 7, 42.5742680, -71.2814790, 0, 44.4800, 45.0500, 0.0800, 0.0000
ATT: 1638, 1907, 2930
GPS: 58067000, 1, 7, 42.5742680, -71.2814790, 0, 44.4800, 45.0500, 0.0800, 0.0000
ATT: 1601, 2102, 2904
GPS: 58067000, 1, 7, 42.5742680, -71.2814790, 0, 44.4800, 45.0500, 0.0800, 0.0000
ATT: 1550, 2202, 2873
GPS: 58067000, 1, 7, 42.5742680, -71.2814790, 0, 44.4800, 45.0500, 0.0800, 0.0000
ATT: 1523, 2205, 2853
GPS: 58067000, 1, 7, 42.5742680, -71.2814790, 0, 44.4800, 45.0500, 0.0800, 0.0000
ATT: 1467, 2081, 2793
GPS: 58067000, 1, 7, 42.5742680, -71.2814790, 0, 44.5600, 45.0500, 0.0800, 0.0000
ATT: 1296, 1771, 2650
GPS: 58067000, 1, 7, 42.5742680, -71.2814790, 0, 44.5600, 45.0500, 0.0800, 0.0000
ATT: 1110, 1463, 2471
GPS: 58067000, 1, 7, 42.5742680, -71.2814790, 0, 44.3900, 45.0500, 0.0800, 0.0000
ATT: 972, 1339, 2344
GPS: 58068000, 1, 7, 42.5742680, -71.2814790, 0, 44.3000, 45.1000, 0.0500, 0.0000
ATT: 948, 1308, 2219
GPS: 58068000, 1, 7, 42.5742680, -71.2814790, 0, 44.1200, 45.1000, 0.0500, 0.0000
ATT: 963, 1162, 1915
GPS: 58068000, 1, 7, 42.5742680, -71.2814790, 0, 43.9400, 45.1000, 0.0500, 0.0000
ATT: 1136, 768, 1553
GPS: 58068000, 1, 7, 42.5742680, -71.2814790, 0, 44.0300, 45.1000, 0.0500, 0.0000
ATT: 1224, 409, 1099
GPS: 58068000, 1, 7, 42.5742680, -71.2814790, 0, 44.1200, 45.1000, 0.0500, 0.0000
ATT: 1151, 68, 605
GPS: 58068000, 1, 7, 42.5742680, -71.2814790, 0, 44.1200, 45.1000, 0.0500, 0.0000
ATT: 965, -164, 115
GPS: 58068000, 1, 7, 42.5742680, -71.2814790, 0, 44.1200, 45.1000, 0.0500, 0.0000
ATT: 656, -313, 35604
GPS: 58068000, 1, 7, 42.5742680, -71.2814790, 0, 44.1200, 45.1000, 0.0500, 0.0000
ATT: 371, -398, 35029
GPS: 58068000, 1, 7, 42.5742680, -71.2814790, 0, 44.1200, 45.1000, 0.0500, 0.0000
ATT: 153, -567, 34353
GPS: 58068000, 1, 7, 42.5742680, -71.2814790, 0, 44.1200, 45.1000, 0.0500, 0.0000
ATT: -30, -746, 33737
GPS: 58069000, 1, 7, 42.5742680, -71.2814790, 0, 44.1200, 44.9900, 0.1400, 0.0000
ATT: -142, -760, 33314
GPS: 58069000, 1, 7, 42.5742680, -71.2814790, 0, 44.1200, 44.9900, 0.1400, 0.0000
ATT: -197, -515, 33340
GPS: 58069000, 1, 7, 42.5742680, -71.2814790, 0, 44.1200, 44.9900, 0.1400, 0.0000
ATT: -85, -176, 33683
GPS: 58069000, 1, 7, 42.5742680, -71.2814790, 0, 44.2100, 44.9900, 0.1400, 0.0000
ATT: 20, 85, 34187
GPS: 58069000, 1, 7, 42.5742680, -71.2814790, 0, 44.2100, 44.9900, 0.1400, 0.0000
ATT: 285, 166, 34675
GPS: 58069000, 1, 7, 42.5742680, -71.2814790, 0, 44.1200, 44.9900, 0.1400, 0.0000
ATT: 560, -22, 35134
GPS: 58069000, 1, 7, 42.5742680, -71.2814790, 0, 44.0300, 44.9900, 0.1400, 0.0000
ATT: 800, -352, 35553
GPS: 58069000, 1, 7, 42.5742680, -71.2814790, 0, 43.9400, 44.9900, 0.1400, 0.0000
ATT: 911, -755, 35941
GPS: 58069000, 1, 7, 42.5742680, -71.2814790, 0, 43.8600, 44.9900, 0.1400, 0.0000
ATT: 932, -1170, 210
GPS: 58069000, 1, 7, 42.5742680, -71.2814790, 0, 43.8600, 44.9900, 0.1400, 0.0000
ATT: 965, -1419, 206
GPS: 58070000, 1, 7, 42.5742680, -71.2814790, 0, 43.8600, 45.1800, 0.1100, 0.0000
ATT: 963, -1445, 35894
GPS: 58070000, 1, 7, 42.5742680, -71.2814790, 0, 43.9400, 45.1800, 0.1100, 0.0000
ATT: 916, -1290, 35221
GPS: 58070000, 1, 7, 42.5742680, -71.2814790, 0, 43.9400, 45.1800, 0.1100, 0.0000
ATT: 592, -1244, 34253
GPS: 58070000, 1, 7, 42.5742680, -71.2814790, 0, 43.9400, 45.1800, 0.1100, 0.0000
ATT: 67, -1238, 33100
GPS: 58070000, 1, 7, 42.5742680, -71.2814790, 0, 43.9400, 45.1800, 0.1100, 0.0000
ATT: -469, -1200, 32026
GPS: 58070000, 1, 7, 42.5742680, -71.2814790, 0, 44.0300, 45.1800, 0.1100, 0.0000
ATT: -824, -1124, 31005
GPS: 58070000, 1, 7, 42.5742680, -71.2814790, 0, 44.0300, 45.1800, 0.1100, 0.0000
ATT: -1080, -1025, 30163
GPS: 58070000, 1, 7, 42.5742680, -71.2814790, 0, 44.0300, 45.1800, 0.1100, 0.0000
ATT: -1258, -845, 29585
GPS: 58070000, 1, 7, 42.5742680, -71.2814790, 0, 44.0300, 45.1800, 0.1100, 0.0000
ATT: -1252, -806, 29073
GPS: 58070000, 1, 7, 42.5742680, -71.2814790, 0, 43.8600, 45.1800, 0.1100, 0.0000
ATT: -1261, -880, 28585
GPS: 58071000, 1, 7, 42.5742720, -71.2814710, 0, 43.7700, 45.1000, 0.2000, 0.0000
ATT: -1237, -920, 28143
GPS: 58071000, 1, 7, 42.5742720, -71.2814710, 0, 43.7700, 45.1000, 0.2000, 0.0000
ATT: -1119, -915, 27713
GPS: 58071000, 1, 7, 42.5742720, -71.2814710, 0, 43.7700, 45.1000, 0.2000, 0.0000
ATT: -1027, -818, 27412
GPS: 58071000, 1, 7, 42.5742720, -71.2814710, 0, 43.7700, 45.1000, 0.2000, 0.0000
ATT: -973, -496, 27188
GPS: 58071000, 1, 7, 42.5742720, -71.2814710, 0, 43.7700, 45.1000, 0.2000, 0.0000
ATT: -925, -26, 26948
GPS: 58071000, 1, 7, 42.5742720, -71.2814710, 0, 43.7700, 45.1000, 0.2000, 0.0000
ATT: -896, 390, 26578
GPS: 58071000, 1, 7, 42.5742720, -71.2814710, 0, 43.7700, 45.1000, 0.2000, 0.0000
ATT: -1022, 610, 26209
GPS: 58071000, 1, 7, 42.5742720, -71.2814710, 0, 43.8600, 45.1000, 0.2000, 0.0000
ATT: -1218, 718, 26024
GPS: 58071000, 1, 7, 42.5742720, -71.2814710, 0, 43.8600, 45.1000, 0.2000, 0.0000
ATT: -1232, 862, 26027
GPS: 58071000, 1, 7, 42.5742720, -71.2814710, 0, 43.8600, 45.1000, 0.2000, 0.0000
ATT: -1063, 1075, 26136
GPS: 58072000, 1, 7, 42.5742720, -71.2814790, 0, 43.8600, 44.7800, 0.3300, 0.0000
ATT: -810, 1342, 26183
GPS: 58072000, 1, 7, 42.5742720, -71.2814790, 0, 43.7700, 44.7800, 0.3300, 0.0000
ATT: -642, 1532, 26177
GPS: 58072000, 1, 7, 42.5742720, -71.2814790, 0, 43.6800, 44.7800, 0.3300, 0.0000
ATT: -588, 1603, 26285
GPS: 58072000, 1, 7, 42.5742720, -71.2814790, 0, 43.7700, 44.7800, 0.3300, 0.0000
ATT: -493, 1559, 26464
GPS: 58072000, 1, 7, 42.5742720, -71.2814790, 0, 43.8600, 44.7800, 0.3300, 0.0000
ATT: -332, 1475, 26553
GPS: 58072000, 1, 7, 42.5742720, -71.2814790, 0, 43.8600, 44.7800, 0.3300, 0.0000
ATT: -198, 1353, 26539
GPS: 58072000, 1, 7, 42.5742720, -71.2814790, 0, 43.8600, 44.7800, 0.3300, 0.0000
ATT: -41, 1154, 26486
GPS: 58072000, 1, 7, 42.5742720, -71.2814790, 0, 44.0300, 44.7800, 0.3300, 0.0000
ATT: 93, 818, 26380
GPS: 58072000, 1, 7, 42.5742720, -71.2814790, 0, 44.1200, 44.7800, 0.3300, 0.0000
ATT: 114, 526, 26262
GPS: 58072000, 1, 7, 42.5742720, -71.2814790, 0, 44.1200, 44.7800, 0.3300, 0.0000
ATT: 161, 344, 26214
GPS: 58073000, 1, 7, 42.5742680, -71.2814790, 0, 44.1200, 45.1100, 0.2000, 0.0000
ATT: 271, 268, 26308
GPS: 58073000, 1, 7, 42.5742680, -71.2814790, 0, 44.1200, 45.1100, 0.2000, 0.0000
ATT: 409, 187, 26534
GPS: 58073000, 1, 7, 42.5742680, -71.2814790, 0, 44.1200, 45.1100, 0.2000, 0.0000
ATT: 564, 90, 26710
GPS: 58073000, 1, 7, 42.5742680, -71.2814790, 0, 44.0300, 45.1100, 0.2000, 0.0000
ATT: 577, 117, 26710
GPS: 58073000, 1, 7, 42.5742680, -71.2814790, 0, 44.0300, 45.1100, 0.2000, 0.0000
ATT: 650, 108, 26727
GPS: 58073000, 1, 7, 42.5742680, -71.2814790, 0, 44.1200, 45.1100, 0.2000, 0.0000
ATT: 621, 112, 26739
GPS: 58073000, 1, 7, 42.5742680, -71.2814790, 0, 44.1200, 45.1100, 0.2000, 0.0000
ATT: 581, 238, 26707
GPS: 58073000, 1, 7, 42.5742680, -71.2814790, 0, 44.1200, 45.1100, 0.2000, 0.0000
ATT: 574, 303, 26689
GPS: 58073000, 1, 7, 42.5742680, -71.2814790, 0, 44.1200, 45.1100, 0.2000, 0.0000
ATT: 486, 368, 26601
GPS: 58073000, 1, 7, 42.5742680, -71.2814790, 0, 44.0300, 45.1100, 0.2000, 0.0000
ATT: 430, 520, 26563
GPS: 58074000, 1, 7, 42.5742680, -71.2814790, 0, 44.0300, 45.2500, 0.0600, 0.0000
ATT: 352, 616, 26503
GPS: 58074000, 1, 7, 42.5742680, -71.2814790, 0, 44.0300, 45.2500, 0.0600, 0.0000
ATT: 284, 681, 26424
GPS: 58074000, 1, 7, 42.5742680, -71.2814790, 0, 44.0300, 45.2500, 0.0600, 0.0000
ATT: 246, 820, 26380
GPS: 58074000, 1, 7, 42.5742680, -71.2814790, 0, 44.0300, 45.2500, 0.0600, 0.0000
ATT: 213, 987, 26320
GPS: 58074000, 1, 7, 42.5742680, -71.2814790, 0, 44.0300, 45.2500, 0.0600, 0.0000
ATT: 196, 1072, 26237
GPS: 58074000, 1, 7, 42.5742680, -71.2814790, 0, 44.0300, 45.2500, 0.0600, 0.0000
ATT: 183, 1055, 26126
GPS: 58074000, 1, 7, 42.5742680, -71.2814790, 0, 44.0300, 45.2500, 0.0600, 0.0000
ATT: 148, 1082, 26046
GPS: 58074000, 1, 7, 42.5742680, -71.2814790, 0, 44.0300, 45.2500, 0.0600, 0.0000
ATT: 97, 1076, 25990
GPS: 58074000, 1, 7, 42.5742680, -71.2814790, 0, 44.0300, 45.2500, 0.0600, 0.0000
ATT: 87, 1083, 25971
GPS: 58074000, 1, 7, 42.5742680, -71.2814790, 0, 43.8600, 45.2500, 0.0600, 0.0000
ATT: 129, 1082, 25957
GPS: 58075000, 1, 7, 42.5742680, -71.2814790, 0, 43.7700, 45.4100, 0.0400, 0.0000
ATT: 159, 1081, 25929
GPS: 58075000, 1, 7, 42.5742680, -71.2814790, 0, 43.8600, 45.4100, 0.0400, 0.0000
ATT: 186, 1078, 25899
GPS: 58075000, 1, 7, 42.5742680, -71.2814790, 0, 43.9400, 45.4100, 0.0400, 0.0000
ATT: 184, 1069, 25868
GPS: 58075000, 1, 7, 42.5742680, -71.2814790, 0, 43.8600, 45.4100, 0.0400, 0.0000
ATT: 210, 1074, 25874
GPS: 58075000, 1, 7, 42.5742680, -71.2814790, 0, 43.7700, 45.4100, 0.0400, 0.0000
ATT: 228, 1072, 25884
GPS: 58075000, 1, 7, 42.5742680, -71.2814790, 0, 43.7700, 45.4100, 0.0400, 0.0000
ATT: 233, 1068, 25892
GPS: 58075000, 1, 7, 42.5742680, -71.2814790, 0, 43.7700, 45.4100, 0.0400, 0.0000
ATT: 222, 1065, 25891
GPS: 58075000, 1, 7, 42.5742680, -71.2814790, 0, 43.8600, 45.4100, 0.0400, 0.0000
ATT: 195, 1057, 25886
GPS: 58075000, 1, 7, 42.5742680, -71.2814790, 0, 43.8600, 45.4100, 0.0400, 0.0000
ATT: 194, 1031, 25898
GPS: 58075000, 1, 7, 42.5742680, -71.2814790, 0, 43.8600, 45.4100, 0.0400, 0.0000
ATT: 190, 1022, 25913
GPS: 58076000, 1, 7, 42.5742680, -71.2814790, 0, 43.8600, 45.5500, 0.0300, 0.0000
ATT: 209, 1010, 25918
GPS: 58076000, 1, 7, 42.5742680, -71.2814790, 0, 43.8600, 45.5500, 0.0300, 0.0000
ATT: 226, 1022, 25918
GPS: 58076000, 1, 7, 42.5742680, -71.2814790, 0, 43.8600, 45.5500, 0.0300, 0.0000
ATT: 278, 1003, 25923
GPS: 58076000, 1, 7, 42.5742680, -71.2814790, 0, 43.9400, 45.5500, 0.0300, 0.0000
ATT: 250, 978, 25926
GPS: 58076000, 1, 7, 42.5742680, -71.2814790, 0, 44.0300, 45.5500, 0.0300, 0.0000
ATT: 198, 1026, 25944
GPS: 58076000, 1, 7, 42.5742680, -71.2814790, 0, 44.0300, 45.5500, 0.0300, 0.0000
ATT: 107, 1000, 25954
GPS: 58076000, 1, 7, 42.5742680, -71.2814790, 0, 44.0300, 45.5500, 0.0300, 0.0000
ATT: 81, 1008, 25950
GPS: 58076000, 1, 7, 42.5742680, -71.2814790, 0, 44.0300, 45.5500, 0.0300, 0.0000
ATT: 68, 994, 25944
GPS: 58076000, 1, 7, 42.5742680, -71.2814790, 0, 44.0300, 45.5500, 0.0300, 0.0000
ATT: 84, 1004, 25954
GPS: 58076000, 1, 7, 42.5742680, -71.2814790, 0, 44.0300, 45.5500, 0.0300, 0.0000
ATT: 97, 1010, 25951
GPS: 58077000, 1, 7, 42.5742650, -71.2814790, 0, 44.0300, 45.6700, 0.0400, 0.0000
ATT: 116, 1015, 25952
GPS: 58077000, 1, 7, 42.5742650, -71.2814790, 0, 44.0300, 45.6700, 0.0400, 0.0000
ATT: 117, 1014, 25961
GPS: 58077000, 1, 7, 42.5742650, -71.2814790, 0, 44.0300, 45.6700, 0.0400, 0.0000
ATT: 112, 1014, 25980
GPS: 58077000, 1, 7, 42.5742650, -71.2814790, 0, 44.1200, 45.6700, 0.0400, 0.0000
ATT: 114, 1016, 26008
GPS: 58077000, 1, 7, 42.5742650, -71.2814790, 0, 44.2100, 45.6700, 0.0400, 0.0000
ATT: 115, 1033, 26034
GPS: 58077000, 1, 7, 42.5742650, -71.2814790, 0, 44.2100, 45.6700, 0.0400, 0.0000
ATT: 109, 1043, 26063
GPS: 58077000, 1, 7, 42.5742650, -71.2814790, 0, 44.2100, 45.6700, 0.0400, 0.0000
ATT: 108, 1054, 26080
GPS: 58077000, 1, 7, 42.5742650, -71.2814790, 0, 44.2100, 45.6700, 0.0400, 0.0000
ATT: 111, 1068, 26092
GPS: 58077000, 1, 7, 42.5742650, -71.2814790, 0, 44.2100, 45.6700, 0.0400, 0.0000
ATT: 109, 1080, 26108
GPS: 58077000, 1, 7, 42.5742650, -71.2814790, 0, 44.3000, 45.6700, 0.0400, 0.0000
PM:20009,999,58,0,0,0,0,18,1,-3,10,4,0, 
ATT: 98, 1081, 26113
GPS: 58078000, 1, 7, 42.5742650, -71.2814790, 0, 44.3900, 45.8100, 0.0400, 0.0000
ATT: 82, 1079, 26118
GPS: 58078000, 1, 7, 42.5742650, -71.2814790, 0, 44.1200, 45.8100, 0.0400, 0.0000
ATT: 85, 1084, 26130
GPS: 58078000, 1, 7, 42.5742650, -71.2814790, 0, 43.9400, 45.8100, 0.0400, 0.0000
ATT: 94, 1081, 26139
GPS: 58078000, 1, 7, 42.5742650, -71.2814790, 0, 43.8600, 45.8100, 0.0400, 0.0000
ATT: 86, 1083, 26137
GPS: 58078000, 1, 7, 42.5742650, -71.2814790, 0, 43.8600, 45.8100, 0.0400, 0.0000
ATT: 76, 1081, 26141
GPS: 58078000, 1, 7, 42.5742650, -71.2814790, 0, 43.8600, 45.8100, 0.0400, 0.0000
ATT: 73, 1081, 26145
GPS: 58078000, 1, 7, 42.5742650, -71.2814790, 0, 43.8600, 45.8100, 0.0400, 0.0000
ATT: 50, 1080, 26147
GPS: 58078000, 1, 7, 42.5742650, -71.2814790, 0, 43.8600, 45.8100, 0.0400, 0.0000
ATT: 13, 1084, 26148
GPS: 58078000, 1, 7, 42.5742650, -71.2814790, 0, 43.8600, 45.8100, 0.0400, 0.0000
ATT: 19, 1086, 26164
GPS: 58079000, 1, 7, 42.5742650, -71.2814790, 0, 43.9400, 45.9500, 0.0500, 0.0000
ATT: 25, 1080, 26172
GPS: 58079000, 1, 7, 42.5742650, -71.2814790, 0, 44.0300, 45.9500, 0.0500, 0.0000
ATT: 17, 1083, 26175
GPS: 58079000, 1, 7, 42.5742650, -71.2814790, 0, 44.0300, 45.9500, 0.0500, 0.0000
ATT: 14, 1080, 26197
GPS: 58079000, 1, 7, 42.5742650, -71.2814790, 0, 44.0300, 45.9500, 0.0500, 0.0000
ATT: 9, 1089, 26233
GPS: 58079000, 1, 7, 42.5742650, -71.2814790, 0, 43.8600, 45.9500, 0.0500, 0.0000
ATT: -8, 1109, 26275
GPS: 58079000, 1, 7, 42.5742650, -71.2814790, 0, 43.7700, 45.9500, 0.0500, 0.0000
ATT: -53, 1148, 26295
GPS: 58079000, 1, 7, 42.5742650, -71.2814790, 0, 43.8600, 45.9500, 0.0500, 0.0000
ATT: -80, 1167, 26308
GPS: 58079000, 1, 7, 42.5742650, -71.2814790, 0, 43.8600, 45.9500, 0.0500, 0.0000
ATT: -102, 1158, 26318
GPS: 58079000, 1, 7, 42.5742650, -71.2814790, 0, 43.8600, 45.9500, 0.0500, 0.0000
ATT: -127, 1168, 26299
GPS: 58079000, 1, 7, 42.5742650, -71.2814790, 0, 43.8600, 45.9500, 0.0500, 0.0000
ATT: -200, 1190, 26220
GPS: 58079000, 1, 7, 42.5742650, -71.2814790, 0, 43.8600, 45.9500, 0.0500, 0.0000
ATT: -222, 1174, 26176
GPS: 58080000, 1, 7, 42.5742650, -71.2814790, 0, 43.8600, 46.0900, 0.0600, 0.0000
ATT: -243, 1139, 26149
GPS: 58080000, 1, 7, 42.5742650, -71.2814790, 0, 43.8600, 46.0900, 0.0600, 0.0000
ATT: -261, 1130, 26128
GPS: 58080000, 1, 7, 42.5742650, -71.2814790, 0, 43.8600, 46.0900, 0.0600, 0.0000
ATT: -311, 1153, 26121
GPS: 58080000, 1, 7, 42.5742650, -71.2814790, 0, 43.8600, 46.0900, 0.0600, 0.0000
ATT: -348, 1181, 26110
GPS: 58080000, 1, 7, 42.5742650, -71.2814790, 0, 43.8600, 46.0900, 0.0600, 0.0000
ATT: -389, 1189, 26156
GPS: 58080000, 1, 7, 42.5742650, -71.2814790, 0, 43.7700, 46.0900, 0.0600, 0.0000
ATT: -454, 1251, 26198
GPS: 58080000, 1, 7, 42.5742650, -71.2814790, 0, 43.7700, 46.0900, 0.0600, 0.0000
ATT: -539, 1289, 26202
GPS: 58080000, 1, 7, 42.5742650, -71.2814790, 0, 43.6800, 46.0900, 0.0600, 0.0000
ATT: -629, 1282, 26209
GPS: 58080000, 1, 7, 42.5742650, -71.2814790, 0, 43.6800, 46.0900, 0.0600, 0.0000
ATT: -656, 1312, 26229
GPS: 58080000, 1, 7, 42.5742650, -71.2814790, 0, 43.6800, 46.0900, 0.0600, 0.0000
ATT: -660, 1287, 26255
GPS: 58081000, 1, 7, 42.5742650, -71.2814790, 0, 43.6800, 46.2500, 0.0400, 0.0000
ATT: -614, 1284, 26301
GPS: 58081000, 1, 7, 42.5742650, -71.2814790, 0, 43.7700, 46.2500, 0.0400, 0.0000
ATT: -560, 1302, 26363
GPS: 58081000, 1, 7, 42.5742650, -71.2814790, 0, 43.8600, 46.2500, 0.0400, 0.0000
ATT: -556, 1344, 26414
GPS: 58081000, 1, 7, 42.5742650, -71.2814790, 0, 43.8600, 46.2500, 0.0400, 0.0000
ATT: -554, 1369, 26450
GPS: 58081000, 1, 7, 42.5742650, -71.2814790, 0, 43.8600, 46.2500, 0.0400, 0.0000
ATT: -541, 1413, 26481
GPS: 58081000, 1, 7, 42.5742650, -71.2814790, 0, 43.8600, 46.2500, 0.0400, 0.0000
ATT: -518, 1445, 26506
GPS: 58081000, 1, 7, 42.5742650, -71.2814790, 0, 43.8600, 46.2500, 0.0400, 0.0000
ATT: -505, 1511, 26520
GPS: 58081000, 1, 7, 42.5742650, -71.2814790, 0, 43.9400, 46.2500, 0.0400, 0.0000
ATT: -530, 1617, 26534
GPS: 58081000, 1, 7, 42.5742650, -71.2814790, 0, 43.9400, 46.2500, 0.0400, 0.0000
ATT: -549, 1685, 26570
GPS: 58081000, 1, 7, 42.5742650, -71.2814790, 0, 43.9400, 46.2500, 0.0400, 0.0000
ATT: -479, 1708, 26625
GPS: 58082000, 1, 7, 42.5742650, -71.2814790, 0, 43.9400, 46.4600, 0.0300, 0.0000
ATT: -454, 1716, 26681
GPS: 58082000, 1, 7, 42.5742650, -71.2814790, 0, 43.9400, 46.4600, 0.0300, 0.0000
ATT: -429, 1763, 26740
GPS: 58082000, 1, 7, 42.5742650, -71.2814790, 0, 43.9400, 46.4600, 0.0300, 0.0000
ATT: -289, 1818, 26813
GPS: 58082000, 1, 7, 42.5742650, -71.2814790, 0, 43.9400, 46.4600, 0.0300, 0.0000
ATT: -201, 1797, 26854
GPS: 58082000, 1, 7, 42.5742650, -71.2814790, 0, 43.9400, 46.4600, 0.0300, 0.0000
ATT: -239, 1764, 26850
GPS: 58082000, 1, 7, 42.5742650, -71.2814790, 0, 43.8600, 46.4600, 0.0300, 0.0000
ATT: -292, 1676, 26846
GPS: 58082000, 1, 7, 42.5742650, -71.2814790, 0, 43.7700, 46.4600, 0.0300, 0.0000
ATT: -389, 1540, 26835
GPS: 58082000, 1, 7, 42.5742650, -71.2814790, 0, 43.7700, 46.4600, 0.0300, 0.0000
ATT: -457, 1432, 26833
GPS: 58082000, 1, 7, 42.5742650, -71.2814790, 0, 43.7700, 46.4600, 0.0300, 0.0000
ATT: -540, 1359, 26819
GPS: 58083000, 1, 7, 42.5742650, -71.2814790, 0, 43.7700, 46.6200, 0.0800, 0.0000
ATT: -570, 1363, 26816
GPS: 58083000, 1, 7, 42.5742650, -71.2814790, 0, 43.7700, 46.6200, 0.0800, 0.0000
ATT: -577, 1377, 26811
GPS: 58083000, 1, 7, 42.5742650, -71.2814790, 0, 43.8600, 46.6200, 0.0800, 0.0000
ATT: -589, 1352, 26802
GPS: 58083000, 1, 7, 42.5742650, -71.2814790, 0, 43.8600, 46.6200, 0.0800, 0.0000
ATT: -596, 1339, 26797
GPS: 58083000, 1, 7, 42.5742650, -71.2814790, 0, 43.8600, 46.6200, 0.0800, 0.0000
ATT: -600, 1325, 26806
GPS: 58083000, 1, 7, 42.5742650, -71.2814790, 0, 43.8600, 46.6200, 0.0800, 0.0000
ATT: -600, 1310, 26815
GPS: 58083000, 1, 7, 42.5742650, -71.2814790, 0, 44.0300, 46.6200, 0.0800, 0.0000
ATT: -595, 1304, 26823
GPS: 58083000, 1, 7, 42.5742650, -71.2814790, 0, 44.1200, 46.6200, 0.0800, 0.0000
ATT: -596, 1290, 26830
GPS: 58083000, 1, 7, 42.5742650, -71.2814790, 0, 44.1200, 46.6200, 0.0800, 0.0000
ATT: -618, 1261, 26835
GPS: 58083000, 1, 7, 42.5742650, -71.2814790, 0, 44.1200, 46.6200, 0.0800, 0.0000
ATT: -636, 1253, 26846
GPS: 58084000, 1, 7, 42.5742610, -71.2814790, 0, 44.0300, 46.7000, 0.0400, 0.0000
ATT: -656, 1260, 26862
GPS: 58084000, 1, 7, 42.5742610, -71.2814790, 0, 43.9400, 46.7000, 0.0400, 0.0000
ATT: -664, 1265, 26874
GPS: 58084000, 1, 7, 42.5742610, -71.2814790, 0, 43.9400, 46.7000, 0.0400, 0.0000
ATT: -665, 1266, 26891
GPS: 58084000, 1, 7, 42.5742610, -71.2814790, 0, 43.9400, 46.7000, 0.0400, 0.0000
ATT: -684, 1262, 26900
GPS: 58084000, 1, 7, 42.5742610, -71.2814790, 0, 43.9400, 46.7000, 0.0400, 0.0000
ATT: -718, 1241, 26920
GPS: 58084000, 1, 7, 42.5742610, -71.2814790, 0, 43.9400, 46.7000, 0.0400, 0.0000
ATT: -762, 1216, 26939
GPS: 58084000, 1, 7, 42.5742610, -71.2814790, 0, 43.9400, 46.7000, 0.0400, 0.0000
ATT: -804, 1179, 26960
GPS: 58084000, 1, 7, 42.5742610, -71.2814790, 0, 43.9400, 46.7000, 0.0400, 0.0000
ATT: -824, 1177, 26975
GPS: 58084000, 1, 7, 42.5742610, -71.2814790, 0, 43.9400, 46.7000, 0.0400, 0.0000
ATT: -809, 1208, 26990
GPS: 58084000, 1, 7, 42.5742610, -71.2814790, 0, 43.9400, 46.7000, 0.0400, 0.0000
ATT: -786, 1242, 27015
GPS: 58085000, 1, 7, 42.5742610, -71.2814790, 0, 43.9400, 46.7600, 0.0400, 0.0000
ATT: -759, 1277, 27052
GPS: 58085000, 1, 7, 42.5742610, -71.2814790, 0, 43.9400, 46.7600, 0.0400, 0.0000
ATT: -727, 1323, 27094
GPS: 58085000, 1, 7, 42.5742610, -71.2814790, 0, 43.9400, 46.7600, 0.0400, 0.0000
ATT: -599, 1345, 27108
GPS: 58085000, 1, 7, 42.5742610, -71.2814790, 0, 43.9400, 46.7600, 0.0400, 0.0000
ATT: -466, 1357, 27133
GPS: 58085000, 1, 7, 42.5742610, -71.2814790, 0, 43.8600, 46.7600, 0.0400, 0.0000
ATT: -361, 1385, 27184
GPS: 58085000, 1, 7, 42.5742610, -71.2814790, 0, 43.8600, 46.7600, 0.0400, 0.0000
ATT: -295, 1499, 27233
GPS: 58085000, 1, 7, 42.5742610, -71.2814790, 0, 43.7700, 46.7600, 0.0400, 0.0000
ATT: -258, 1618, 27262
GPS: 58085000, 1, 7, 42.5742610, -71.2814790, 0, 43.7700, 46.7600, 0.0400, 0.0000
ATT: -259, 1753, 27257
GPS: 58085000, 1, 7, 42.5742610, -71.2814790, 0, 43.7700, 46.7600, 0.0400, 0.0000
ATT: -245, 1794, 27264
GPS: 58085000, 1, 7, 42.5742610, -71.2814790, 0, 43.7700, 46.7600, 0.0400, 0.0000
ATT: -228, 1817, 27276
GPS: 58085000, 1, 7, 42.5742610, -71.2814790, 0, 43.5900, 46.7600, 0.0400, 0.0000
ATT: -251, 1883, 27273
GPS: 58086000, 1, 7, 42.5742610, -71.2814790, 0, 43.5000, 46.7900, 0.0800, 0.0000
ATT: -248, 1883, 27272
GPS: 58086000, 1, 7, 42.5742610, -71.2814790, 0, 43.5900, 46.7900, 0.0800, 0.0000
ATT: -260, 1875, 27278
GPS: 58086000, 1, 7, 42.5742610, -71.2814790, 0, 43.6800, 46.7900, 0.0800, 0.0000
ATT: -258, 1888, 27287
GPS: 58086000, 1, 7, 42.5742610, -71.2814790, 0, 43.7700, 46.7900, 0.0800, 0.0000
ATT: -250, 1905, 27293
GPS: 58086000, 1, 7, 42.5742610, -71.2814790, 0, 43.8600, 46.7900, 0.0800, 0.0000
ATT: -264, 1928, 27298
GPS: 58086000, 1, 7, 42.5742610, -71.2814790, 0, 43.8600, 46.7900, 0.0800, 0.0000
ATT: -270, 1892, 27312
GPS: 58086000, 1, 7, 42.5742610, -71.2814790, 0, 43.8600, 46.7900, 0.0800, 0.0000
ATT: -293, 1805, 27327
GPS: 58086000, 1, 7, 42.5742610, -71.2814790, 0, 43.8600, 46.7900, 0.0800, 0.0000
ATT: -340, 1703, 27314
GPS: 58086000, 1, 7, 42.5742610, -71.2814790, 0, 43.8600, 46.7900, 0.0800, 0.0000
ATT: -467, 1610, 27292
GPS: 58087000, 1, 7, 42.5742610, -71.2814790, 0, 43.8600, 46.8000, 0.0500, 0.0000
ATT: -566, 1435, 27267
GPS: 58087000, 1, 7, 42.5742610, -71.2814790, 0, 43.8600, 46.8000, 0.0500, 0.0000
ATT: -668, 1257, 27202
GPS: 58087000, 1, 7, 42.5742610, -71.2814790, 0, 43.8600, 46.8000, 0.0500, 0.0000
ATT: -736, 1088, 27142
GPS: 58087000, 1, 7, 42.5742610, -71.2814790, 0, 43.8600, 46.8000, 0.0500, 0.0000
ATT: -760, 1016, 27071
GPS: 58087000, 1, 7, 42.5742610, -71.2814790, 0, 43.8600, 46.8000, 0.0500, 0.0000
ATT: -773, 1022, 26993
GPS: 58087000, 1, 7, 42.5742610, -71.2814790, 0, 43.8600, 46.8000, 0.0500, 0.0000
ATT: -820, 1000, 26888
GPS: 58087000, 1, 7, 42.5742610, -71.2814790, 0, 43.8600, 46.8000, 0.0500, 0.0000
ATT: -842, 997, 26810
GPS: 58087000, 1, 7, 42.5742610, -71.2814790, 0, 43.8600, 46.8000, 0.0500, 0.0000
ATT: -885, 992, 26754
GPS: 58087000, 1, 7, 42.5742610, -71.2814790, 0, 43.8600, 46.8000, 0.0500, 0.0000
ATT: -950, 989, 26733
GPS: 58087000, 1, 7, 42.5742610, -71.2814790, 0, 43.8600, 46.8000, 0.0500, 0.0000
ATT: -964, 991, 26734
GPS: 58088000, 1, 7, 42.5742610, -71.2814790, 0, 43.8600, 46.7900, 0.0400, 0.0000
ATT: -974, 990, 26733
GPS: 58088000, 1, 7, 42.5742610, -71.2814790, 0, 43.8600, 46.7900, 0.0400, 0.0000
ATT: -987, 999, 26733
GPS: 58088000, 1, 7, 42.5742610, -71.2814790, 0, 43.7700, 46.7900, 0.0400, 0.0000
ATT: -952, 1009, 26737
GPS: 58088000, 1, 7, 42.5742610, -71.2814790, 0, 43.6800, 46.7900, 0.0400, 0.0000
ATT: -910, 1007, 26736
GPS: 58088000, 1, 7, 42.5742610, -71.2814790, 0, 43.7700, 46.7900, 0.0400, 0.0000
ATT: -881, 1001, 26738
GPS: 58088000, 1, 7, 42.5742610, -71.2814790, 0, 43.8600, 46.7900, 0.0400, 0.0000
ATT: -846, 995, 26733
GPS: 58088000, 1, 7, 42.5742610, -71.2814790, 0, 43.9400, 46.7900, 0.0400, 0.0000
ATT: -829, 995, 26710
GPS: 58088000, 1, 7, 42.5742610, -71.2814790, 0, 44.0300, 46.7900, 0.0400, 0.0000
ATT: -786, 1008, 26701
GPS: 58088000, 1, 7, 42.5742610, -71.2814790, 0, 43.9400, 46.7900, 0.0400, 0.0000
ATT: -705, 1030, 26680
GPS: 58088000, 1, 7, 42.5742610, -71.2814790, 0, 43.8600, 46.7900, 0.0400, 0.0000
ATT: -630, 1035, 26666
GPS: 58089000, 1, 7, 42.5742610, -71.2814790, 0, 43.8600, 46.8200, 0.0500, 0.0000
ATT: -573, 1055, 26660
GPS: 58089000, 1, 7, 42.5742610, -71.2814790, 0, 43.8600, 46.8200, 0.0500, 0.0000
ATT: -495, 1044, 26676
GPS: 58089000, 1, 7, 42.5742610, -71.2814790, 0, 43.8600, 46.8200, 0.0500, 0.0000
ATT: -411, 1033, 26697
GPS: 58089000, 1, 7, 42.5742610, -71.2814790, 0, 43.8600, 46.8200, 0.0500, 0.0000
ATT: -403, 1027, 26706
GPS: 58089000, 1, 7, 42.5742610, -71.2814790, 0, 43.9400, 46.8200, 0.0500, 0.0000
ATT: -375, 1038, 26719
GPS: 58089000, 1, 7, 42.5742610, -71.2814790, 0, 44.0300, 46.8200, 0.0500, 0.0000
ATT: -366, 1044, 26726
GPS: 58089000, 1, 7, 42.5742610, -71.2814790, 0, 44.0300, 46.8200, 0.0500, 0.0000
ATT: -354, 1043, 26735
GPS: 58089000, 1, 7, 42.5742610, -71.2814790, 0, 44.0300, 46.8200, 0.0500, 0.0000
ATT: -306, 1047, 26752
GPS: 58089000, 1, 7, 42.5742610, -71.2814790, 0, 44.0300, 46.8200, 0.0500, 0.0000
ATT: -285, 1046, 26763
GPS: 58089000, 1, 7, 42.5742610, -71.2814790, 0, 44.0300, 46.8200, 0.0500, 0.0000
ATT: -279, 1047, 26770
GPS: 58090000, 1, 6, 42.5742610, -71.2814710, 0, 44.0300, 46.7600, 0.0800, 0.0000
ATT: -265, 1048, 26778
GPS: 58090000, 1, 6, 42.5742610, -71.2814710, 0, 44.0300, 46.7600, 0.0800, 0.0000
ATT: -295, 1046, 26780
GPS: 58090000, 1, 6, 42.5742610, -71.2814710, 0, 44.0300, 46.7600, 0.0800, 0.0000
ATT: -328, 1047, 26758
GPS: 58090000, 1, 6, 42.5742610, -71.2814710, 0, 44.0300, 46.7600, 0.0800, 0.0000
ATT: -291, 1049, 26761
GPS: 58090000, 1, 6, 42.5742610, -71.2814710, 0, 44.0300, 46.7600, 0.0800, 0.0000
ATT: -254, 1043, 26763
GPS: 58090000, 1, 6, 42.5742610, -71.2814710, 0, 44.0300, 46.7600, 0.0800, 0.0000
ATT: -253, 1043, 26778
GPS: 58090000, 1, 6, 42.5742610, -71.2814710, 0, 44.0300, 46.7600, 0.0800, 0.0000
ATT: -308, 1047, 26769
GPS: 58090000, 1, 6, 42.5742610, -71.2814710, 0, 44.0300, 46.7600, 0.0800, 0.0000
ATT: -314, 1047, 26773
GPS: 58090000, 1, 6, 42.5742610, -71.2814710, 0, 44.0300, 46.7600, 0.0800, 0.0000
ATT: -311, 1045, 26780
GPS: 58090000, 1, 6, 42.5742610, -71.2814710, 0, 44.0300, 46.7600, 0.0800, 0.0000
ATT: -295, 1046, 26729
GPS: 58091000, 1, 6, 42.5742610, -71.2814710, 0, 44.0300, 46.7300, 0.0600, 0.0000
ATT: -239, 1028, 26647
GPS: 58091000, 1, 6, 42.5742610, -71.2814710, 0, 44.0300, 46.7300, 0.0600, 0.0000
ATT: -230, 1012, 26544
GPS: 58091000, 1, 6, 42.5742610, -71.2814710, 0, 43.8600, 46.7300, 0.0600, 0.0000
ATT: -237, 1017, 26524
GPS: 58091000, 1, 6, 42.5742610, -71.2814710, 0, 43.7700, 46.7300, 0.0600, 0.0000
ATT: -221, 1016, 26538
GPS: 58091000, 1, 6, 42.5742610, -71.2814710, 0, 43.7700, 46.7300, 0.0600, 0.0000
ATT: -250, 1028, 26421
GPS: 58091000, 1, 6, 42.5742610, -71.2814710, 0, 43.7700, 46.7300, 0.0600, 0.0000
ATT: -317, 973, 26290
GPS: 58091000, 1, 6, 42.5742610, -71.2814710, 0, 43.8600, 46.7300, 0.0600, 0.0000
ATT: -318, 994, 26227
GPS: 58091000, 1, 6, 42.5742610, -71.2814710, 0, 43.9400, 46.7300, 0.0600, 0.0000
ATT: -226, 922, 26064
GPS: 58091000, 1, 6, 42.5742610, -71.2814710, 0, 44.0300, 46.7300, 0.0600, 0.0000
ATT: -82, 943, 26103
GPS: 58091000, 1, 6, 42.5742610, -71.2814710, 0, 44.1200, 46.7300, 0.0600, 0.0000
ATT: -140, 920, 26135
GPS: 58092000, 1, 7, 42.5742610, -71.2814710, 0, 44.0300, 46.6900, 0.0500, 0.0000
ATT: -198, 965, 26180
GPS: 58092000, 1, 7, 42.5742610, -71.2814710, 0, 43.9400, 46.6900, 0.0500, 0.0000
ATT: -200, 953, 26187
GPS: 58092000, 1, 7, 42.5742610, -71.2814710, 0, 43.9400, 46.6900, 0.0500, 0.0000
ATT: -215, 962, 26188
GPS: 58092000, 1, 7, 42.5742610, -71.2814710, 0, 43.9400, 46.6900, 0.0500, 0.0000
ATT: -235, 964, 26190
GPS: 58092000, 1, 7, 42.5742610, -71.2814710, 0, 43.8600, 46.6900, 0.0500, 0.0000
ATT: -264, 962, 26190
GPS: 58092000, 1, 7, 42.5742610, -71.2814710, 0, 43.7700, 46.6900, 0.0500, 0.0000
ATT: -223, 965, 26206
GPS: 58092000, 1, 7, 42.5742610, -71.2814710, 0, 43.8600, 46.6900, 0.0500, 0.0000
ATT: -241, 962, 26223
GPS: 58092000, 1, 7, 42.5742610, -71.2814710, 0, 43.9400, 46.6900, 0.0500, 0.0000
ATT: -190, 974, 26253
GPS: 58092000, 1, 7, 42.5742610, -71.2814710, 0, 43.8600, 46.6900, 0.0500, 0.0000
ATT: -143, 966, 26278
GPS: 58092000, 1, 7, 42.5742610, -71.2814710, 0, 43.7700, 46.6900, 0.0500, 0.0000
ATT: -65, 969, 26298
GPS: 58093000, 1, 7, 42.5742610, -71.2814710, 0, 43.8600, 46.7700, 0.0600, 0.0000
ATT: -30, 959, 26346
GPS: 58093000, 1, 7, 42.5742610, -71.2814710, 0, 43.8600, 46.7700, 0.0600, 0.0000
