Dumping Log 3,    start pg 191,   end pg 242

ArduPlane V2.33
Free RAM: 3417
GROUND START -  1 commands in memory
CMD:0,16,0,5301,426227648,-712070992, 
CMD:1,17,0,15000,426236128,712078080, 
MOD:Manual
PM:27632,1,221,0,0,0,0,1,1,5,0,0,0, 
ATT: -351, -21, 35990
GPS: 53361000, 1, 9, 42.6228370, -71.2071380, 0, -0.5100, 92.9100, 0.0200, 0.0000
ATT: -311, -18, 35990
GPS: 53361000, 1, 9, 42.6228370, -71.2071380, 0, 0.3400, 92.9100, 0.0200, 0.0000
ATT: -231, -13, 35986
GPS: 53361000, 1, 9, 42.6228370, -71.2071380, 0, 0.9400, 92.9100, 0.0200, 0.0000
ATT: -201, -11, 35992
GPS: 53361000, 1, 9, 42.6228370, -71.2071380, 0, 1.1100, 92.9100, 0.0200, 0.0000
ATT: -198, -10, 35991
GPS: 53361000, 1, 9, 42.6228370, -71.2071380, 0, 1.2000, 92.9100, 0.0200, 0.0000
ATT: -178, -11, 35994
GPS: 53361000, 1, 9, 42.6228370, -71.2071380, 0, 1.0300, 92.9100, 0.0200, 0.0000
ATT: -142, -18, 35992
GPS: 53361000, 1, 9, 42.6228370, -71.2071380, 0, 0.8600, 92.9100, 0.0200, 0.0000
ATT: -122, -14, 35992
GPS: 53361000, 1, 9, 42.6228370, -71.2071380, 0, 0.6000, 92.9100, 0.0200, 0.0000
ATT: -113, -14, 35992
GPS: 53361000, 1, 9, 42.6228370, -71.2071380, 0, 0.4300, 92.9100, 0.0200, 0.0000
ATT: -118, -7, 35987
GPS: 53361000, 1, 9, 42.6228370, -71.2071380, 0, -0.0800, 92.9100, 0.0200, 0.0000
ATT: -115, -1, 35985
GPS: 53361000, 1, 9, 42.6228370, -71.2071380, 0, -0.4300, 92.9100, 0.0200, 0.0000
ATT: -76, -1, 35986
GPS: 53361000, 1, 9, 42.6228370, -71.2071380, 0, -0.4300, 92.9100, 0.0200, 0.0000
ATT: -73, 1, 35983
GPS: 53361000, 1, 9, 42.6228370, -71.2071380, 0, -0.4300, 92.9100, 0.0200, 0.0000
ATT: -94, -3, 35985
GPS: 53361000, 1, 9, 42.6228370, -71.2071380, 0, -0.6800, 92.9100, 0.0200, 0.0000
ATT: -74, -12, 35989
GPS: 53361000, 1, 9, 42.6228370, -71.2071380, 0, -0.9400, 92.9100, 0.0200, 0.0000
ATT: -30, -18, 35993
GPS: 53361000, 1, 9, 42.6228370, -71.2071380, 0, -0.9400, 92.9100, 0.0200, 0.0000
ATT: -14, -18, 35994
GPS: 53361000, 1, 9, 42.6228370, -71.2071380, 0, -0.9400, 92.9100, 0.0200, 0.0000
ATT: -36, -12, 35995
GPS: 53361000, 1, 9, 42.6228370, -71.2071380, 0, -1.0300, 92.9100, 0.0200, 0.0000
ATT: -51, -4, 35997
GPS: 53361000, 1, 9, 42.6228370, -71.2071380, 0, -1.1100, 92.9100, 0.0200, 0.0000
ATT: -29, 5, 35998
GPS: 53361000, 1, 9, 42.6228370, -71.2071380, 0, -1.1100, 92.9100, 0.0200, 0.0000
ATT: -16, 9, 35998
GPS: 53365000, 1, 8, 42.6228370, -71.2071380, 0, -1.1100, 90.6200, 0.0300, 0.0000
ATT: -20, 12, 0
GPS: 53365000, 1, 8, 42.6228370, -71.2071380, 0, -1.2000, 90.6200, 0.0300, 0.0000
ATT: -8, 14, 9
GPS: 53365000, 1, 8, 42.6228370, -71.2071380, 0, -1.2900, 90.6200, 0.0300, 0.0000
ATT: 13, -1, 27
GPS: 53365000, 1, 8, 42.6228370, -71.2071380, 0, -1.2900, 90.6200, 0.0300, 0.0000
ATT: 35, -2, 64
GPS: 53365000, 1, 8, 42.6228370, -71.2071380, 0, -1.2900, 90.6200, 0.0300, 0.0000
ATT: 79, -10, 113
GPS: 53365000, 1, 8, 42.6228370, -71.2071380, 0, -1.2900, 90.6200, 0.0300, 0.0000
ATT: 127, 7, 137
GPS: 53365000, 1, 8, 42.6228370, -71.2071380, 0, -1.2900, 90.6200, 0.0300, 0.0000
ATT: 149, 10, 97
GPS: 53365000, 1, 8, 42.6228370, -71.2071380, 0, -1.1100, 90.6200, 0.0300, 0.0000
ATT: 226, 7, 92
GPS: 53365000, 1, 8, 42.6228370, -71.2071380, 0, -1.0300, 90.6200, 0.0300, 0.0000
ATT: 368, 12, 112
GPS: 53365000, 1, 8, 42.6228370, -71.2071380, 0, -0.9400, 90.6200, 0.0300, 0.0000
ATT: 520, 28, 154
GPS: 53366000, 1, 8, 42.6228370, -71.2071380, 0, -0.9400, 90.8000, 0.0400, 0.0000
ATT: 591, 78, 162
GPS: 53366000, 1, 8, 42.6228370, -71.2071380, 0, -0.9400, 90.8000, 0.0400, 0.0000
ATT: 540, 100, 170
GPS: 53366000, 1, 8, 42.6228370, -71.2071380, 0, -0.9400, 90.8000, 0.0400, 0.0000
ATT: 489, 151, 170
GPS: 53366000, 1, 8, 42.6228370, -71.2071380, 0, -0.9400, 90.8000, 0.0400, 0.0000
ATT: 402, 215, 189
GPS: 53366000, 1, 8, 42.6228370, -71.2071380, 0, -0.9400, 90.8000, 0.0400, 0.0000
ATT: 370, 230, 191
GPS: 53366000, 1, 8, 42.6228370, -71.2071380, 0, -0.9400, 90.8000, 0.0400, 0.0000
ATT: 352, 176, 164
GPS: 53366000, 1, 8, 42.6228370, -71.2071380, 0, -0.9400, 90.8000, 0.0400, 0.0000
ATT: 315, 49, 143
GPS: 53366000, 1, 8, 42.6228370, -71.2071380, 0, -0.9400, 90.8000, 0.0400, 0.0000
ATT: 341, 16, 145
GPS: 53366000, 1, 8, 42.6228370, -71.2071380, 0, -0.9400, 90.8000, 0.0400, 0.0000
ATT: 468, 14, 174
GPS: 53366000, 1, 8, 42.6228370, -71.2071380, 0, -1.0300, 90.8000, 0.0400, 0.0000
ATT: 692, 7, 223
GPS: 53367000, 1, 7, 42.6228370, -71.2071460, 0, -1.1100, 90.9700, 0.0200, 0.0000
ATT: 930, -7, 248
GPS: 53367000, 1, 7, 42.6228370, -71.2071460, 0, -1.1100, 90.9700, 0.0200, 0.0000
ATT: 1159, -20, 252
GPS: 53367000, 1, 7, 42.6228370, -71.2071460, 0, -1.1100, 90.9700, 0.0200, 0.0000
ATT: 1364, -30, 244
GPS: 53367000, 1, 7, 42.6228370, -71.2071460, 0, -1.1100, 90.9700, 0.0200, 0.0000
ATT: 1514, -32, 236
GPS: 53367000, 1, 7, 42.6228370, -71.2071460, 0, -1.1100, 90.9700, 0.0200, 0.0000
ATT: 1650, -39, 258
GPS: 53367000, 1, 7, 42.6228370, -71.2071460, 0, -1.0300, 90.9700, 0.0200, 0.0000
ATT: 1817, -40, 264
GPS: 53367000, 1, 7, 42.6228370, -71.2071460, 0, -1.0300, 90.9700, 0.0200, 0.0000
ATT: 1982, -43, 269
GPS: 53367000, 1, 7, 42.6228370, -71.2071460, 0, -1.1100, 90.9700, 0.0200, 0.0000
ATT: 1964, -45, 263
GPS: 53367000, 1, 7, 42.6228370, -71.2071460, 0, -1.2000, 90.9700, 0.0200, 0.0000
ATT: 1991, -39, 269
GPS: 53367000, 1, 7, 42.6228370, -71.2071460, 0, -1.1100, 90.9700, 0.0200, 0.0000
ATT: 2033, -33, 278
GPS: 53368000, 1, 7, 42.6228370, -71.2071460, 0, 89.9900, 91.1000, 0.0200, 0.0000
ATT: 2029, -29, 278
GPS: 53368000, 1, 7, 42.6228370, -71.2071460, 0, 89.9900, 91.1000, 0.0200, 0.0000
ATT: 2027, -27, 279
GPS: 53368000, 1, 7, 42.6228370, -71.2071460, 0, 89.9900, 91.1000, 0.0200, 0.0000
ATT: 2024, -26, 280
GPS: 53368000, 1, 7, 42.6228370, -71.2071460, 0, 89.9900, 91.1000, 0.0200, 0.0000
ATT: 2022, -22, 280
GPS: 53368000, 1, 7, 42.6228370, -71.2071460, 0, 89.9900, 91.1000, 0.0200, 0.0000
ATT: 2024, -22, 281
GPS: 53368000, 1, 7, 42.6228370, -71.2071460, 0, 89.9900, 91.1000, 0.0200, 0.0000
ATT: 2023, -21, 281
GPS: 53368000, 1, 7, 42.6228370, -71.2071460, 0, 89.9900, 91.1000, 0.0200, 0.0000
ATT: 2023, -19, 282
GPS: 53368000, 1, 7, 42.6228370, -71.2071460, 0, 90.0700, 91.1000, 0.0200, 0.0000
ATT: 2021, -16, 282
GPS: 53368000, 1, 7, 42.6228370, -71.2071460, 0, 90.0700, 91.1000, 0.0200, 0.0000
ATT: 2021, -14, 283
GPS: 53368000, 1, 7, 42.6228370, -71.2071460, 0, 89.9900, 91.1000, 0.0200, 0.0000
ATT: 1986, 1, 277
GPS: 53369000, 1, 8, 42.6228370, -71.2071460, 0, 89.9000, 90.6400, 0.0900, 0.0000
ATT: 1939, -4, 270
GPS: 53369000, 1, 8, 42.6228370, -71.2071460, 0, 89.9000, 90.6400, 0.0900, 0.0000
ATT: 1980, -17, 261
GPS: 53369000, 1, 8, 42.6228370, -71.2071460, 0, 89.9000, 90.6400, 0.0900, 0.0000
ATT: 1904, -5, 250
GPS: 53369000, 1, 8, 42.6228370, -71.2071460, 0, 89.8100, 90.6400, 0.0900, 0.0000
ATT: 1651, 31, 209
GPS: 53369000, 1, 8, 42.6228370, -71.2071460, 0, 89.8100, 90.6400, 0.0900, 0.0000
ATT: 1333, 91, 156
GPS: 53369000, 1, 8, 42.6228370, -71.2071460, 0, 89.6400, 90.6400, 0.0900, 0.0000
ATT: 976, 148, 123
GPS: 53369000, 1, 8, 42.6228370, -71.2071460, 0, 89.5500, 90.6400, 0.0900, 0.0000
ATT: 507, 166, 164
GPS: 53369000, 1, 8, 42.6228370, -71.2071460, 0, 89.4700, 90.6400, 0.0900, 0.0000
ATT: 191, 217, 212
GPS: 53369000, 1, 8, 42.6228370, -71.2071460, 0, 89.3800, 90.6400, 0.0900, 0.0000
ATT: -4, 214, 278
GPS: 53369000, 1, 8, 42.6228370, -71.2071460, 0, 89.3800, 90.6400, 0.0900, 0.0000
ATT: -16, 209, 334
GPS: 53370000, 1, 8, 42.6228330, -71.2071460, 0, 89.3800, 88.2500, 0.0900, 0.0000
ATT: 59, 190, 354
GPS: 53370000, 1, 8, 42.6228330, -71.2071460, 0, 89.3800, 88.2500, 0.0900, 0.0000
ATT: 33, 176, 338
GPS: 53370000, 1, 8, 42.6228330, -71.2071460, 0, 89.3800, 88.2500, 0.0900, 0.0000
ATT: 2, 101, 304
GPS: 53370000, 1, 8, 42.6228330, -71.2071460, 0, 89.2100, 88.2500, 0.0900, 0.0000
ATT: -65, 57, 299
GPS: 53370000, 1, 8, 42.6228330, -71.2071460, 0, 89.1200, 88.2500, 0.0900, 0.0000
ATT: -104, 57, 304
GPS: 53370000, 1, 8, 42.6228330, -71.2071460, 0, 89.1200, 88.2500, 0.0900, 0.0000
ATT: -60, 39, 321
GPS: 53370000, 1, 8, 42.6228330, -71.2071460, 0, 89.1200, 88.2500, 0.0900, 0.0000
ATT: 189, -46, 275
GPS: 53370000, 1, 8, 42.6228330, -71.2071460, 0, 89.3800, 88.2500, 0.0900, 0.0000
ATT: 86, -69, 247
GPS: 53370000, 1, 8, 42.6228330, -71.2071460, 0, 89.5500, 88.2500, 0.0900, 0.0000
ATT: 62, -46, 242
GPS: 53370000, 1, 8, 42.6228330, -71.2071460, 0, 89.4700, 88.2500, 0.0900, 0.0000
ATT: 18, -36, 237
GPS: 53371000, 1, 8, 42.6228330, -71.2071380, 0, 89.3800, 87.1100, 0.0200, 0.0000
ATT: 8, -26, 234
GPS: 53371000, 1, 8, 42.6228330, -71.2071380, 0, 89.3800, 87.1100, 0.0200, 0.0000
ATT: 5, -20, 233
GPS: 53371000, 1, 8, 42.6228330, -71.2071380, 0, 89.3800, 87.1100, 0.0200, 0.0000
ATT: 3, -15, 233
GPS: 53371000, 1, 8, 42.6228330, -71.2071380, 0, 89.3800, 87.1100, 0.0200, 0.0000
ATT: 2, -11, 233
GPS: 53371000, 1, 8, 42.6228330, -71.2071380, 0, 89.3800, 87.1100, 0.0200, 0.0000
ATT: 1, -7, 234
GPS: 53371000, 1, 8, 42.6228330, -71.2071380, 0, 89.3800, 87.1100, 0.0200, 0.0000
ATT: 0, -4, 234
GPS: 53371000, 1, 8, 42.6228330, -71.2071380, 0, 89.3800, 87.1100, 0.0200, 0.0000
ATT: 2, -1, 234
GPS: 53371000, 1, 8, 42.6228330, -71.2071380, 0, 89.3000, 87.1100, 0.0200, 0.0000
ATT: 2, 2, 233
GPS: 53371000, 1, 8, 42.6228330, -71.2071380, 0, 89.3000, 87.1100, 0.0200, 0.0000
ATT: 1, 3, 233
GPS: 53371000, 1, 8, 42.6228330, -71.2071380, 0, 89.3000, 87.1100, 0.0200, 0.0000
ATT: 2, 5, 234
GPS: 53372000, 1, 8, 42.6228290, -71.2071380, 0, 89.3000, 86.2700, 0.0500, 0.0000
ATT: 2, 5, 234
GPS: 53372000, 1, 8, 42.6228290, -71.2071380, 0, 89.3800, 86.2700, 0.0500, 0.0000
ATT: 3, 5, 235
GPS: 53372000, 1, 8, 42.6228290, -71.2071380, 0, 89.4700, 86.2700, 0.0500, 0.0000
ATT: 3, 6, 235
GPS: 53372000, 1, 8, 42.6228290, -71.2071380, 0, 89.6400, 86.2700, 0.0500, 0.0000
ATT: 2, 7, 234
GPS: 53372000, 1, 8, 42.6228290, -71.2071380, 0, 89.7300, 86.2700, 0.0500, 0.0000
ATT: 2, 6, 234
GPS: 53372000, 1, 8, 42.6228290, -71.2071380, 0, 89.8100, 86.2700, 0.0500, 0.0000
ATT: 2, 7, 233
GPS: 53372000, 1, 8, 42.6228290, -71.2071380, 0, 89.9000, 86.2700, 0.0500, 0.0000
ATT: 2, 7, 233
GPS: 53372000, 1, 8, 42.6228290, -71.2071380, 0, 89.9900, 86.2700, 0.0500, 0.0000
ATT: 2, 7, 233
GPS: 53372000, 1, 8, 42.6228290, -71.2071380, 0, 90.0700, 86.2700, 0.0500, 0.0000
ATT: 2, 8, 233
GPS: 53372000, 1, 8, 42.6228290, -71.2071380, 0, 89.9000, 86.2700, 0.0500, 0.0000
ATT: 2, 7, 233
GPS: 53373000, 1, 8, 42.6228290, -71.2071380, 0, 89.8100, 86.3300, 0.1100, 0.0000
ATT: 1, 7, 232
GPS: 53373000, 1, 8, 42.6228290, -71.2071380, 0, 89.8100, 86.3300, 0.1100, 0.0000
ATT: 1, 6, 232
GPS: 53373000, 1, 8, 42.6228290, -71.2071380, 0, 89.8100, 86.3300, 0.1100, 0.0000
ATT: 1, 5, 232
GPS: 53373000, 1, 8, 42.6228290, -71.2071380, 0, 89.8100, 86.3300, 0.1100, 0.0000
ATT: 1, 4, 232
GPS: 53373000, 1, 8, 42.6228290, -71.2071380, 0, 89.8100, 86.3300, 0.1100, 0.0000
ATT: 1, 3, 232
GPS: 53373000, 1, 8, 42.6228290, -71.2071380, 0, 89.9000, 86.3300, 0.1100, 0.0000
ATT: 1, 3, 232
GPS: 53373000, 1, 8, 42.6228290, -71.2071380, 0, 89.9900, 86.3300, 0.1100, 0.0000
ATT: 1, 1, 231
GPS: 53373000, 1, 8, 42.6228290, -71.2071380, 0, 89.9900, 86.3300, 0.1100, 0.0000
ATT: 0, 1, 231
GPS: 53373000, 1, 8, 42.6228290, -71.2071380, 0, 89.9900, 86.3300, 0.1100, 0.0000
ATT: 0, 0, 231
GPS: 53373000, 1, 8, 42.6228290, -71.2071380, 0, 89.8100, 86.3300, 0.1100, 0.0000
ATT: 0, 0, 232
GPS: 53374000, 1, 8, 42.6228260, -71.2071460, 0, 89.7300, 85.1100, 0.0400, 0.0000
ATT: 0, 1, 232
GPS: 53374000, 1, 8, 42.6228260, -71.2071460, 0, 89.6400, 85.1100, 0.0400, 0.0000
ATT: 0, 2, 232
GPS: 53374000, 1, 8, 42.6228260, -71.2071460, 0, 89.6400, 85.1100, 0.0400, 0.0000
ATT: 0, 4, 233
GPS: 53374000, 1, 8, 42.6228260, -71.2071460, 0, 89.7300, 85.1100, 0.0400, 0.0000
ATT: 0, 4, 233
GPS: 53374000, 1, 8, 42.6228260, -71.2071460, 0, 89.7300, 85.1100, 0.0400, 0.0000
ATT: 0, 5, 234
GPS: 53374000, 1, 8, 42.6228260, -71.2071460, 0, 89.7300, 85.1100, 0.0400, 0.0000
ATT: 0, 5, 234
GPS: 53374000, 1, 8, 42.6228260, -71.2071460, 0, 89.7300, 85.1100, 0.0400, 0.0000
ATT: 0, 6, 235
GPS: 53374000, 1, 8, 42.6228260, -71.2071460, 0, 89.8100, 85.1100, 0.0400, 0.0000
ATT: 0, 7, 236
GPS: 53374000, 1, 8, 42.6228260, -71.2071460, 0, 89.8100, 85.1100, 0.0400, 0.0000
ATT: 0, 7, 237
GPS: 53374000, 1, 8, 42.6228260, -71.2071460, 0, 89.8100, 85.1100, 0.0400, 0.0000
ATT: 0, 7, 237
GPS: 53375000, 1, 8, 42.6228220, -71.2071460, 0, 89.8100, 83.9400, 0.0700, 0.0000
ATT: -1, 7, 238
GPS: 53375000, 1, 8, 42.6228220, -71.2071460, 0, 89.9000, 83.9400, 0.0700, 0.0000
ATT: 0, 6, 238
GPS: 53375000, 1, 8, 42.6228220, -71.2071460, 0, 89.9000, 83.9400, 0.0700, 0.0000
ATT: 0, 6, 238
GPS: 53375000, 1, 8, 42.6228220, -71.2071460, 0, 89.8100, 83.9400, 0.0700, 0.0000
ATT: 0, 6, 238
GPS: 53375000, 1, 8, 42.6228220, -71.2071460, 0, 89.7300, 83.9400, 0.0700, 0.0000
ATT: -1, 6, 239
GPS: 53375000, 1, 8, 42.6228220, -71.2071460, 0, 89.7300, 83.9400, 0.0700, 0.0000
ATT: 0, 6, 240
GPS: 53375000, 1, 8, 42.6228220, -71.2071460, 0, 89.7300, 83.9400, 0.0700, 0.0000
ATT: -1, 6, 240
GPS: 53375000, 1, 8, 42.6228220, -71.2071460, 0, 89.6400, 83.9400, 0.0700, 0.0000
ATT: 0, 6, 241
GPS: 53375000, 1, 8, 42.6228220, -71.2071460, 0, 89.6400, 83.9400, 0.0700, 0.0000
ATT: 0, 5, 242
GPS: 53375000, 1, 8, 42.6228220, -71.2071460, 0, 89.6400, 83.9400, 0.0700, 0.0000
ATT: 0, 5, 243
GPS: 53376000, 1, 8, 42.6228180, -71.2071460, 0, 89.6400, 82.9900, 0.0700, 0.0000
ATT: 0, 5, 243
GPS: 53376000, 1, 8, 42.6228180, -71.2071460, 0, 89.8100, 82.9900, 0.0700, 0.0000
ATT: 0, 5, 243
GPS: 53376000, 1, 8, 42.6228180, -71.2071460, 0, 89.9000, 82.9900, 0.0700, 0.0000
ATT: 0, 5, 243
GPS: 53376000, 1, 8, 42.6228180, -71.2071460, 0, 89.9000, 82.9900, 0.0700, 0.0000
ATT: 0, 5, 244
GPS: 53376000, 1, 8, 42.6228180, -71.2071460, 0, 89.9000, 82.9900, 0.0700, 0.0000
ATT: 0, 4, 244
GPS: 53376000, 1, 8, 42.6228180, -71.2071460, 0, 89.9000, 82.9900, 0.0700, 0.0000
ATT: 0, 5, 245
GPS: 53376000, 1, 8, 42.6228180, -71.2071460, 0, 89.9000, 82.9900, 0.0700, 0.0000
ATT: 0, 5, 245
GPS: 53376000, 1, 8, 42.6228180, -71.2071460, 0, 89.7300, 82.9900, 0.0700, 0.0000
ATT: 0, 4, 246
GPS: 53376000, 1, 8, 42.6228180, -71.2071460, 0, 89.6400, 82.9900, 0.0700, 0.0000
ATT: 1, 3, 246
GPS: 53376000, 1, 8, 42.6228180, -71.2071460, 0, 89.7300, 82.9900, 0.0700, 0.0000
ATT: 1, 3, 246
GPS: 53377000, 1, 9, 42.6228140, -71.2071460, 0, 89.7300, 82.1000, 0.1300, 0.0000
ATT: 0, 2, 246
GPS: 53377000, 1, 9, 42.6228140, -71.2071460, 0, 89.8100, 82.1000, 0.1300, 0.0000
ATT: 1, 0, 247
GPS: 53377000, 1, 9, 42.6228140, -71.2071460, 0, 89.9000, 82.1000, 0.1300, 0.0000
ATT: 1, 0, 247
GPS: 53377000, 1, 9, 42.6228140, -71.2071460, 0, 89.7300, 82.1000, 0.1300, 0.0000
ATT: 1, 0, 247
GPS: 53377000, 1, 9, 42.6228140, -71.2071460, 0, 89.6400, 82.1000, 0.1300, 0.0000
ATT: 1, -1, 248
GPS: 53377000, 1, 9, 42.6228140, -71.2071460, 0, 89.7300, 82.1000, 0.1300, 0.0000
ATT: 1, -2, 249
GPS: 53377000, 1, 9, 42.6228140, -71.2071460, 0, 89.8100, 82.1000, 0.1300, 0.0000
ATT: 2, -2, 250
GPS: 53377000, 1, 9, 42.6228140, -71.2071460, 0, 89.8100, 82.1000, 0.1300, 0.0000
ATT: 2, -2, 250
GPS: 53377000, 1, 9, 42.6228140, -71.2071460, 0, 89.8100, 82.1000, 0.1300, 0.0000
ATT: 2, -4, 250
GPS: 53377000, 1, 9, 42.6228140, -71.2071460, 0, 89.8100, 82.1000, 0.1300, 0.0000
ATT: 2, -4, 250
GPS: 53378000, 1, 9, 42.6228140, -71.2071460, 0, 89.8100, 81.1900, 0.0500, 0.0000
ATT: 2, -2, 250
GPS: 53378000, 1, 9, 42.6228140, -71.2071460, 0, 89.9900, 81.1900, 0.0500, 0.0000
ATT: 3, -1, 251
GPS: 53378000, 1, 9, 42.6228140, -71.2071460, 0, 90.0700, 81.1900, 0.0500, 0.0000
ATT: 3, 0, 251
GPS: 53378000, 1, 9, 42.6228140, -71.2071460, 0, 89.9900, 81.1900, 0.0500, 0.0000
ATT: 4, 0, 251
GPS: 53378000, 1, 9, 42.6228140, -71.2071460, 0, 89.9000, 81.1900, 0.0500, 0.0000
ATT: 4, 2, 251
GPS: 53378000, 1, 9, 42.6228140, -71.2071460, 0, 89.9000, 81.1900, 0.0500, 0.0000
ATT: 4, 3, 251
GPS: 53378000, 1, 9, 42.6228140, -71.2071460, 0, 89.9000, 81.1900, 0.0500, 0.0000
ATT: 4, 4, 251
GPS: 53378000, 1, 9, 42.6228140, -71.2071460, 0, 89.9900, 81.1900, 0.0500, 0.0000
ATT: 4, 4, 252
GPS: 53378000, 1, 9, 42.6228140, -71.2071460, 0, 90.0700, 81.1900, 0.0500, 0.0000
ATT: 3, 5, 251
GPS: 53378000, 1, 9, 42.6228140, -71.2071460, 0, 90.0700, 81.1900, 0.0500, 0.0000
ATT: 3, 6, 251
GPS: 53379000, 1, 9, 42.6228140, -71.2071460, 0, 90.0700, 80.2700, 0.0500, 0.0000
ATT: 3, 7, 252
GPS: 53379000, 1, 9, 42.6228140, -71.2071460, 0, 89.9900, 80.2700, 0.0500, 0.0000
ATT: 3, 7, 252
GPS: 53379000, 1, 9, 42.6228140, -71.2071460, 0, 89.9000, 80.2700, 0.0500, 0.0000
ATT: 2, 7, 252
GPS: 53379000, 1, 9, 42.6228140, -71.2071460, 0, 89.9900, 80.2700, 0.0500, 0.0000
ATT: 3, 8, 253
GPS: 53379000, 1, 9, 42.6228140, -71.2071460, 0, 90.0700, 80.2700, 0.0500, 0.0000
ATT: 3, 8, 254
GPS: 53379000, 1, 9, 42.6228140, -71.2071460, 0, 90.0700, 80.2700, 0.0500, 0.0000
ATT: 3, 8, 255
GPS: 53379000, 1, 9, 42.6228140, -71.2071460, 0, 90.0700, 80.2700, 0.0500, 0.0000
ATT: 3, 9, 256
GPS: 53379000, 1, 9, 42.6228140, -71.2071460, 0, 90.1600, 80.2700, 0.0500, 0.0000
ATT: 3, 9, 256
GPS: 53379000, 1, 9, 42.6228140, -71.2071460, 0, 90.1600, 80.2700, 0.0500, 0.0000
ATT: 3, 9, 257
GPS: 53379000, 1, 9, 42.6228140, -71.2071460, 0, 90.0700, 80.2700, 0.0500, 0.0000
ATT: 3, 9, 257
GPS: 53380000, 1, 9, 42.6228140, -71.2071460, 0, 89.9900, 79.4200, 0.0500, 0.0000
ATT: 3, 9, 258
GPS: 53380000, 1, 9, 42.6228140, -71.2071460, 0, 90.0700, 79.4200, 0.0500, 0.0000
ATT: 3, 10, 259
GPS: 53380000, 1, 9, 42.6228140, -71.2071460, 0, 90.1600, 79.4200, 0.0500, 0.0000
ATT: 3, 10, 260
GPS: 53380000, 1, 9, 42.6228140, -71.2071460, 0, 90.2400, 79.4200, 0.0500, 0.0000
ATT: 4, 10, 262
GPS: 53380000, 1, 9, 42.6228140, -71.2071460, 0, 90.3300, 79.4200, 0.0500, 0.0000
ATT: 4, 10, 263
GPS: 53380000, 1, 9, 42.6228140, -71.2071460, 0, 90.2400, 79.4200, 0.0500, 0.0000
ATT: 4, 10, 264
GPS: 53380000, 1, 9, 42.6228140, -71.2071460, 0, 90.1600, 79.4200, 0.0500, 0.0000
ATT: 4, 10, 265
GPS: 53380000, 1, 9, 42.6228140, -71.2071460, 0, 90.1600, 79.4200, 0.0500, 0.0000
ATT: 4, 10, 265
GPS: 53380000, 1, 9, 42.6228140, -71.2071460, 0, 90.1600, 79.4200, 0.0500, 0.0000
ATT: 4, 11, 267
GPS: 53380000, 1, 9, 42.6228140, -71.2071460, 0, 90.0700, 79.4200, 0.0500, 0.0000
ATT: 3, 11, 268
GPS: 53381000, 1, 9, 42.6228100, -71.2071460, 0, 89.9900, 78.6300, 0.0600, 0.0000
ATT: 3, 11, 269
GPS: 53381000, 1, 9, 42.6228100, -71.2071460, 0, 89.9900, 78.6300, 0.0600, 0.0000
ATT: 3, 10, 270
GPS: 53381000, 1, 9, 42.6228100, -71.2071460, 0, 89.9900, 78.6300, 0.0600, 0.0000
ATT: 4, 10, 270
GPS: 53381000, 1, 9, 42.6228100, -71.2071460, 0, 89.8100, 78.6300, 0.0600, 0.0000
ATT: 3, 10, 272
GPS: 53381000, 1, 9, 42.6228100, -71.2071460, 0, 89.7300, 78.6300, 0.0600, 0.0000
ATT: 3, 9, 273
GPS: 53381000, 1, 9, 42.6228100, -71.2071460, 0, 89.7300, 78.6300, 0.0600, 0.0000
ATT: 4, 8, 274
GPS: 53381000, 1, 9, 42.6228100, -71.2071460, 0, 89.7300, 78.6300, 0.0600, 0.0000
ATT: 4, 8, 274
GPS: 53381000, 1, 9, 42.6228100, -71.2071460, 0, 89.8100, 78.6300, 0.0600, 0.0000
ATT: 4, 7, 276
GPS: 53381000, 1, 9, 42.6228100, -71.2071460, 0, 89.9000, 78.6300, 0.0600, 0.0000
ATT: 5, 6, 276
GPS: 53381000, 1, 9, 42.6228100, -71.2071460, 0, 89.9900, 78.6300, 0.0600, 0.0000
ATT: 5, 6, 277
GPS: 53382000, 1, 9, 42.6228100, -71.2071460, 0, 89.9900, 77.9000, 0.0500, 0.0000
ATT: 5, 6, 278
GPS: 53382000, 1, 9, 42.6228100, -71.2071460, 0, 89.9900, 77.9000, 0.0500, 0.0000
ATT: 5, 7, 280
GPS: 53382000, 1, 9, 42.6228100, -71.2071460, 0, 89.9900, 77.9000, 0.0500, 0.0000
ATT: 5, 7, 281
GPS: 53382000, 1, 9, 42.6228100, -71.2071460, 0, 90.0700, 77.9000, 0.0500, 0.0000
ATT: 5, 7, 282
GPS: 53382000, 1, 9, 42.6228100, -71.2071460, 0, 90.0700, 77.9000, 0.0500, 0.0000
ATT: 5, 7, 283
GPS: 53382000, 1, 9, 42.6228100, -71.2071460, 0, 89.9900, 77.9000, 0.0500, 0.0000
ATT: 5, 7, 284
GPS: 53382000, 1, 9, 42.6228100, -71.2071460, 0, 89.9900, 77.9000, 0.0500, 0.0000
ATT: 4, 7, 285
GPS: 53382000, 1, 9, 42.6228100, -71.2071460, 0, 89.9900, 77.9000, 0.0500, 0.0000
ATT: 4, 8, 287
GPS: 53382000, 1, 9, 42.6228100, -71.2071460, 0, 89.9900, 77.9000, 0.0500, 0.0000
ATT: 4, 8, 289
GPS: 53382000, 1, 9, 42.6228100, -71.2071460, 0, 90.1600, 77.9000, 0.0500, 0.0000
PM:20007,999,58,0,0,0,0,18,1,7,1,0,0, 
ATT: 4, 7, 290
GPS: 53383000, 1, 9, 42.6228100, -71.2071460, 0, 90.3300, 77.1900, 0.0500, 0.0000
ATT: 4, 7, 291
GPS: 53383000, 1, 9, 42.6228100, -71.2071460, 0, 90.3300, 77.1900, 0.0500, 0.0000
ATT: 4, 7, 292
GPS: 53383000, 1, 9, 42.6228100, -71.2071460, 0, 90.3300, 77.1900, 0.0500, 0.0000
ATT: 4, 6, 293
GPS: 53383000, 1, 9, 42.6228100, -71.2071460, 0, 90.3300, 77.1900, 0.0500, 0.0000
ATT: 4, 6, 294
GPS: 53383000, 1, 9, 42.6228100, -71.2071460, 0, 90.3300, 77.1900, 0.0500, 0.0000
ATT: 4, 6, 295
GPS: 53383000, 1, 9, 42.6228100, -71.2071460, 0, 90.3300, 77.1900, 0.0500, 0.0000
ATT: 5, 6, 297
GPS: 53383000, 1, 9, 42.6228100, -71.2071460, 0, 90.3300, 77.1900, 0.0500, 0.0000
ATT: 4, 6, 298
GPS: 53383000, 1, 9, 42.6228100, -71.2071460, 0, 90.3300, 77.1900, 0.0500, 0.0000
ATT: 4, 6, 299
GPS: 53383000, 1, 9, 42.6228100, -71.2071460, 0, 90.3300, 77.1900, 0.0500, 0.0000
ATT: 4, 6, 300
GPS: 53383000, 1, 9, 42.6228100, -71.2071460, 0, 90.3300, 77.1900, 0.0500, 0.0000
ATT: 4, 6, 300
GPS: 53384000, 1, 9, 42.6228070, -71.2071460, 0, 90.3300, 76.5400, 0.0700, 0.0000
ATT: 4, 5, 302
GPS: 53384000, 1, 9, 42.6228070, -71.2071460, 0, 90.0700, 76.5400, 0.0700, 0.0000
ATT: 4, 4, 302
GPS: 53384000, 1, 9, 42.6228070, -71.2071460, 0, 89.9000, 76.5400, 0.0700, 0.0000
ATT: 4, 4, 304
GPS: 53384000, 1, 9, 42.6228070, -71.2071460, 0, 89.9000, 76.5400, 0.0700, 0.0000
ATT: 4, 3, 305
GPS: 53384000, 1, 9, 42.6228070, -71.2071460, 0, 89.9000, 76.5400, 0.0700, 0.0000
ATT: 4, 3, 307
GPS: 53384000, 1, 9, 42.6228070, -71.2071460, 0, 89.9900, 76.5400, 0.0700, 0.0000
ATT: 4, 2, 308
GPS: 53384000, 1, 9, 42.6228070, -71.2071460, 0, 90.0700, 76.5400, 0.0700, 0.0000
ATT: 4, 1, 309
GPS: 53384000, 1, 9, 42.6228070, -71.2071460, 0, 89.9900, 76.5400, 0.0700, 0.0000
ATT: 4, 0, 311
GPS: 53384000, 1, 9, 42.6228070, -71.2071460, 0, 89.9900, 76.5400, 0.0700, 0.0000
ATT: 4, 0, 311
GPS: 53384000, 1, 9, 42.6228070, -71.2071460, 0, 90.0700, 76.5400, 0.0700, 0.0000
ATT: 3, 1, 313
GPS: 53385000, 1, 9, 42.6228070, -71.2071460, 0, 90.0700, 75.9100, 0.0600, 0.0000
ATT: 3, 1, 314
GPS: 53385000, 1, 9, 42.6228070, -71.2071460, 0, 89.9000, 75.9100, 0.0600, 0.0000
ATT: 4, 1, 315
GPS: 53385000, 1, 9, 42.6228070, -71.2071460, 0, 89.8100, 75.9100, 0.0600, 0.0000
ATT: 4, 1, 316
GPS: 53385000, 1, 9, 42.6228070, -71.2071460, 0, 89.9000, 75.9100, 0.0600, 0.0000
ATT: 3, 1, 317
GPS: 53385000, 1, 9, 42.6228070, -71.2071460, 0, 89.9000, 75.9100, 0.0600, 0.0000
ATT: 3, 1, 319
GPS: 53385000, 1, 9, 42.6228070, -71.2071460, 0, 89.7300, 75.9100, 0.0600, 0.0000
ATT: 3, 2, 320
GPS: 53385000, 1, 9, 42.6228070, -71.2071460, 0, 89.6400, 75.9100, 0.0600, 0.0000
ATT: 3, 2, 321
GPS: 53385000, 1, 9, 42.6228070, -71.2071460, 0, 89.7300, 75.9100, 0.0600, 0.0000
ATT: 3, 3, 322
GPS: 53385000, 1, 9, 42.6228070, -71.2071460, 0, 89.8100, 75.9100, 0.0600, 0.0000
ATT: 3, 3, 323
GPS: 53385000, 1, 9, 42.6228070, -71.2071460, 0, 89.9900, 75.9100, 0.0600, 0.0000
ATT: 4, 4, 325
GPS: 53386000, 1, 9, 42.6228070, -71.2071460, 0, 90.1600, 75.3500, 0.0600, 0.0000
ATT: 3, 5, 326
GPS: 53386000, 1, 9, 42.6228070, -71.2071460, 0, 90.1600, 75.3500, 0.0600, 0.0000
ATT: 3, 5, 327
GPS: 53386000, 1, 9, 42.6228070, -71.2071460, 0, 90.1600, 75.3500, 0.0600, 0.0000
ATT: 3, 5, 328
GPS: 53386000, 1, 9, 42.6228070, -71.2071460, 0, 90.2400, 75.3500, 0.0600, 0.0000
ATT: 3, 5, 329
GPS: 53386000, 1, 9, 42.6228070, -71.2071460, 0, 90.2400, 75.3500, 0.0600, 0.0000
ATT: 2, 4, 330
GPS: 53386000, 1, 9, 42.6228070, -71.2071460, 0, 90.3300, 75.3500, 0.0600, 0.0000
ATT: 2, 4, 331
GPS: 53386000, 1, 9, 42.6228070, -71.2071460, 0, 90.3300, 75.3500, 0.0600, 0.0000
ATT: 2, 3, 333
GPS: 53386000, 1, 9, 42.6228070, -71.2071460, 0, 90.1600, 75.3500, 0.0600, 0.0000
ATT: 2, 3, 334
GPS: 53386000, 1, 9, 42.6228070, -71.2071460, 0, 90.0700, 75.3500, 0.0600, 0.0000
ATT: 2, 3, 335
GPS: 53386000, 1, 9, 42.6228070, -71.2071460, 0, 90.0700, 75.3500, 0.0600, 0.0000
ATT: 1, 4, 337
GPS: 53387000, 1, 8, 42.6228030, -71.2071460, 0, 90.0700, 74.7800, 0.0600, 0.0000
ATT: 1, 3, 338
GPS: 53387000, 1, 8, 42.6228030, -71.2071460, 0, 90.0700, 74.7800, 0.0600, 0.0000
ATT: 1, 2, 339
GPS: 53387000, 1, 8, 42.6228030, -71.2071460, 0, 90.0700, 74.7800, 0.0600, 0.0000
ATT: 1, 3, 340
GPS: 53387000, 1, 8, 42.6228030, -71.2071460, 0, 89.8100, 74.7800, 0.0600, 0.0000
ATT: 0, 3, 342
GPS: 53387000, 1, 8, 42.6228030, -71.2071460, 0, 89.6400, 74.7800, 0.0600, 0.0000
ATT: 0, 2, 343
GPS: 53387000, 1, 8, 42.6228030, -71.2071460, 0, 89.6400, 74.7800, 0.0600, 0.0000
ATT: 1, 2, 345
GPS: 53387000, 1, 8, 42.6228030, -71.2071460, 0, 89.6400, 74.7800, 0.0600, 0.0000
ATT: 1, 2, 346
GPS: 53387000, 1, 8, 42.6228030, -71.2071460, 0, 89.6400, 74.7800, 0.0600, 0.0000
ATT: 2, 1, 347
GPS: 53387000, 1, 8, 42.6228030, -71.2071460, 0, 89.6400, 74.7800, 0.0600, 0.0000
ATT: 1, 2, 349
GPS: 53387000, 1, 8, 42.6228030, -71.2071460, 0, 89.7300, 74.7800, 0.0600, 0.0000
ATT: 1, 2, 350
GPS: 53388000, 1, 8, 42.6228030, -71.2071460, 0, 89.8100, 74.2400, 0.0600, 0.0000
ATT: 0, 2, 351
GPS: 53388000, 1, 8, 42.6228030, -71.2071460, 0, 89.9000, 74.2400, 0.0600, 0.0000
ATT: 1, 2, 352
GPS: 53388000, 1, 8, 42.6228030, -71.2071460, 0, 89.9000, 74.2400, 0.0600, 0.0000
ATT: 1, 1, 354
GPS: 53388000, 1, 8, 42.6228030, -71.2071460, 0, 89.7300, 74.2400, 0.0600, 0.0000
ATT: 1, 1, 355
GPS: 53388000, 1, 8, 42.6228030, -71.2071460, 0, 89.6400, 74.2400, 0.0600, 0.0000
ATT: 0, 1, 356
GPS: 53388000, 1, 8, 42.6228030, -71.2071460, 0, 89.6400, 74.2400, 0.0600, 0.0000
ATT: 0, 1, 357
GPS: 53388000, 1, 8, 42.6228030, -71.2071460, 0, 89.6400, 74.2400, 0.0600, 0.0000
ATT: 0, 1, 359
GPS: 53388000, 1, 8, 42.6228030, -71.2071460, 0, 89.6400, 74.2400, 0.0600, 0.0000
ATT: 0, 1, 360
GPS: 53388000, 1, 8, 42.6228030, -71.2071460, 0, 89.6400, 74.2400, 0.0600, 0.0000
ATT: 0, 1, 362
GPS: 53389000, 1, 8, 42.6228030, -71.2071460, 0, 89.6400, 73.7300, 0.0500, 0.0000
ATT: 0, 0, 363
GPS: 53389000, 1, 8, 42.6228030, -71.2071460, 0, 89.6400, 73.7300, 0.0500, 0.0000
ATT: 0, 0, 365
GPS: 53389000, 1, 8, 42.6228030, -71.2071460, 0, 89.7300, 73.7300, 0.0500, 0.0000
ATT: 0, 0, 366
GPS: 53389000, 1, 8, 42.6228030, -71.2071460, 0, 89.7300, 73.7300, 0.0500, 0.0000
ATT: 0, 0, 367
GPS: 53389000, 1, 8, 42.6228030, -71.2071460, 0, 89.6400, 73.7300, 0.0500, 0.0000
ATT: 0, 0, 368
GPS: 53389000, 1, 8, 42.6228030, -71.2071460, 0, 89.6400, 73.7300, 0.0500, 0.0000
ATT: 0, 2, 368
GPS: 53389000, 1, 8, 42.6228030, -71.2071460, 0, 89.6400, 73.7300, 0.0500, 0.0000
ATT: 2, -1, 369
GPS: 53389000, 1, 8, 42.6228030, -71.2071460, 0, 89.6400, 73.7300, 0.0500, 0.0000
ATT: 0, 0, 371
GPS: 53389000, 1, 8, 42.6228030, -71.2071460, 0, 89.6400, 73.7300, 0.0500, 0.0000
ATT: 0, 1, 372
GPS: 53389000, 1, 8, 42.6228030, -71.2071460, 0, 89.6400, 73.7300, 0.0500, 0.0000
ATT: 1, 1, 373
GPS: 53390000, 1, 8, 42.6228030, -71.2071460, 0, 89.7300, 73.2500, 0.0600, 0.0000
ATT: 1, 0, 373
GPS: 53390000, 1, 8, 42.6228030, -71.2071460, 0, 89.8100, 73.2500, 0.0600, 0.0000
ATT: 1, 0, 374
GPS: 53390000, 1, 8, 42.6228030, -71.2071460, 0, 89.6400, 73.2500, 0.0600, 0.0000
ATT: 1, 0, 376
GPS: 53390000, 1, 8, 42.6228030, -71.2071460, 0, 89.5500, 73.2500, 0.0600, 0.0000
ATT: 2, 0, 378
GPS: 53390000, 1, 8, 42.6228030, -71.2071460, 0, 89.5500, 73.2500, 0.0600, 0.0000
ATT: 1, 0, 379
GPS: 53390000, 1, 8, 42.6228030, -71.2071460, 0, 89.5500, 73.2500, 0.0600, 0.0000
ATT: 1, 0, 381
GPS: 53390000, 1, 8, 42.6228030, -71.2071460, 0, 89.6400, 73.2500, 0.0600, 0.0000
ATT: 1, 0, 383
GPS: 53390000, 1, 8, 42.6228030, -71.2071460, 0, 89.7300, 73.2500, 0.0600, 0.0000
ATT: 1, 0, 383
GPS: 53390000, 1, 8, 42.6228030, -71.2071460, 0, 89.7300, 73.2500, 0.0600, 0.0000
ATT: 1, 0, 385
GPS: 53390000, 1, 8, 42.6228030, -71.2071460, 0, 89.7300, 73.2500, 0.0600, 0.0000
ATT: 2, -1, 386
GPS: 53391000, 1, 8, 42.6228030, -71.2071530, 0, 89.7300, 72.8100, 0.0600, 0.0000
ATT: 1, -2, 387
GPS: 53391000, 1, 8, 42.6228030, -71.2071530, 0, 89.7300, 72.8100, 0.0600, 0.0000
ATT: 1, -2, 388
GPS: 53391000, 1, 8, 42.6228030, -71.2071530, 0, 89.9000, 72.8100, 0.0600, 0.0000
ATT: 2, -2, 390
GPS: 53391000, 1, 8, 42.6228030, -71.2071530, 0, 89.9900, 72.8100, 0.0600, 0.0000
ATT: 1, -2, 390
GPS: 53391000, 1, 8, 42.6228030, -71.2071530, 0, 89.9000, 72.8100, 0.0600, 0.0000
ATT: 1, -3, 392
GPS: 53391000, 1, 8, 42.6228030, -71.2071530, 0, 89.9000, 72.8100, 0.0600, 0.0000
ATT: 1, -2, 393
GPS: 53391000, 1, 8, 42.6228030, -71.2071530, 0, 89.9000, 72.8100, 0.0600, 0.0000
ATT: 1, -2, 394
GPS: 53391000, 1, 8, 42.6228030, -71.2071530, 0, 89.9000, 72.8100, 0.0600, 0.0000
ATT: 1, -2, 396
GPS: 53391000, 1, 8, 42.6228030, -71.2071530, 0, 89.9000, 72.8100, 0.0600, 0.0000
ATT: 1, -2, 397
GPS: 53391000, 1, 8, 42.6228030, -71.2071530, 0, 89.9000, 72.8100, 0.0600, 0.0000
ATT: 0, -2, 398
GPS: 53392000, 1, 8, 42.6227990, -71.2071530, 0, 89.9900, 72.4000, 0.0600, 0.0000
ATT: 0, -2, 399
GPS: 53392000, 1, 8, 42.6227990, -71.2071530, 0, 89.9900, 72.4000, 0.0600, 0.0000
ATT: 0, -2, 400
GPS: 53392000, 1, 8, 42.6227990, -71.2071530, 0, 89.9900, 72.4000, 0.0600, 0.0000
ATT: 0, -2, 402
GPS: 53392000, 1, 8, 42.6227990, -71.2071530, 0, 89.9900, 72.4000, 0.0600, 0.0000
ATT: 0, -3, 404
GPS: 53392000, 1, 8, 42.6227990, -71.2071530, 0, 90.0700, 72.4000, 0.0600, 0.0000
ATT: 0, -3, 405
GPS: 53392000, 1, 8, 42.6227990, -71.2071530, 0, 90.1600, 72.4000, 0.0600, 0.0000
ATT: 0, -4, 407
GPS: 53392000, 1, 8, 42.6227990, -71.2071530, 0, 90.2400, 72.4000, 0.0600, 0.0000
ATT: 0, -4, 408
GPS: 53392000, 1, 8, 42.6227990, -71.2071530, 0, 90.3300, 72.4000, 0.0600, 0.0000
ATT: 0, -4, 410
GPS: 53392000, 1, 8, 42.6227990, -71.2071530, 0, 90.3300, 72.4000, 0.0600, 0.0000
ATT: 0, -4, 411
GPS: 53392000, 1, 8, 42.6227990, -71.2071530, 0, 90.3300, 72.4000, 0.0600, 0.0000
ATT: 0, -4, 413
GPS: 53393000, 1, 8, 42.6227990, -71.2071530, 0, 90.2400, 72.0000, 0.0500, 0.0000
ATT: -1, -5, 414
GPS: 53393000, 1, 8, 42.6227990, -71.2071530, 0, 90.1600, 72.0000, 0.0500, 0.0000
ATT: -2, -5, 415
GPS: 53393000, 1, 8, 42.6227990, -71.2071530, 0, 89.9900, 72.0000, 0.0500, 0.0000
ATT: -2, -5, 416
GPS: 53393000, 1, 8, 42.6227990, -71.2071530, 0, 89.9000, 72.0000, 0.0500, 0.0000
ATT: -1, -5, 417
GPS: 53393000, 1, 8, 42.6227990, -71.2071530, 0, 89.9900, 72.0000, 0.0500, 0.0000
ATT: -1, -5, 419
GPS: 53393000, 1, 8, 42.6227990, -71.2071530, 0, 90.0700, 72.0000, 0.0500, 0.0000
ATT: -1, -5, 420
GPS: 53393000, 1, 8, 42.6227990, -71.2071530, 0, 90.0700, 72.0000, 0.0500, 0.0000
ATT: -2, -5, 422
GPS: 53393000, 1, 8, 42.6227990, -71.2071530, 0, 90.0700, 72.0000, 0.0500, 0.0000
ATT: -3, -4, 423
GPS: 53393000, 1, 8, 42.6227990, -71.2071530, 0, 90.1600, 72.0000, 0.0500, 0.0000
ATT: -3, -4, 425
GPS: 53393000, 1, 8, 42.6227990, -71.2071530, 0, 90.2400, 72.0000, 0.0500, 0.0000
ATT: -3, -4, 426
GPS: 53394000, 1, 9, 42.6227990, -71.2071530, 0, 90.1600, 71.5800, 0.0500, 0.0000
ATT: -3, -4, 428
GPS: 53394000, 1, 9, 42.6227990, -71.2071530, 0, 90.0700, 71.5800, 0.0500, 0.0000
ATT: -2, -5, 429
GPS: 53394000, 1, 9, 42.6227990, -71.2071530, 0, 89.9900, 71.5800, 0.0500, 0.0000
ATT: -2, -4, 431
GPS: 53394000, 1, 9, 42.6227990, -71.2071530, 0, 89.9000, 71.5800, 0.0500, 0.0000
ATT: -2, -4, 433
GPS: 53394000, 1, 9, 42.6227990, -71.2071530, 0, 89.8100, 71.5800, 0.0500, 0.0000
ATT: -2, -4, 434
GPS: 53394000, 1, 9, 42.6227990, -71.2071530, 0, 89.7300, 71.5800, 0.0500, 0.0000
ATT: -3, -4, 435
GPS: 53394000, 1, 9, 42.6227990, -71.2071530, 0, 89.8100, 71.5800, 0.0500, 0.0000
ATT: -3, -4, 437
GPS: 53394000, 1, 9, 42.6227990, -71.2071530, 0, 89.9000, 71.5800, 0.0500, 0.0000
ATT: -2, -4, 439
GPS: 53394000, 1, 9, 42.6227990, -71.2071530, 0, 89.8100, 71.5800, 0.0500, 0.0000
ATT: -2, -4, 440
GPS: 53394000, 1, 9, 42.6227990, -71.2071530, 0, 89.8100, 71.5800, 0.0500, 0.0000
ATT: -2, -4, 442
GPS: 53395000, 1, 9, 42.6227990, -71.2071530, 0, 89.9900, 71.1900, 0.0600, 0.0000
ATT: -2, -4, 443
GPS: 53395000, 1, 9, 42.6227990, -71.2071530, 0, 90.0700, 71.1900, 0.0600, 0.0000
ATT: -2, -5, 445
GPS: 53395000, 1, 9, 42.6227990, -71.2071530, 0, 90.0700, 71.1900, 0.0600, 0.0000
ATT: -2, -4, 446
GPS: 53395000, 1, 9, 42.6227990, -71.2071530, 0, 90.0700, 71.1900, 0.0600, 0.0000
ATT: -2, -5, 447
GPS: 53395000, 1, 9, 42.6227990, -71.2071530, 0, 90.0700, 71.1900, 0.0600, 0.0000
ATT: -1, -4, 449
GPS: 53395000, 1, 9, 42.6227990, -71.2071530, 0, 90.0700, 71.1900, 0.0600, 0.0000
ATT: -1, -5, 450
GPS: 53395000, 1, 9, 42.6227990, -71.2071530, 0, 90.1600, 71.1900, 0.0600, 0.0000
ATT: -1, -5, 452
GPS: 53395000, 1, 9, 42.6227990, -71.2071530, 0, 90.2400, 71.1900, 0.0600, 0.0000
ATT: -1, -4, 453
GPS: 53395000, 1, 9, 42.6227990, -71.2071530, 0, 90.1600, 71.1900, 0.0600, 0.0000
ATT: 0, -5, 455
GPS: 53395000, 1, 9, 42.6227990, -71.2071530, 0, 90.1600, 71.1900, 0.0600, 0.0000
ATT: 0, -5, 457
GPS: 53396000, 1, 9, 42.6227990, -71.2071530, 0, 90.0700, 70.7900, 0.0600, 0.0000
ATT: -1, -5, 458
GPS: 53396000, 1, 9, 42.6227990, -71.2071530, 0, 89.9900, 70.7900, 0.0600, 0.0000
ATT: -1, -5, 460
GPS: 53396000, 1, 9, 42.6227990, -71.2071530, 0, 90.1600, 70.7900, 0.0600, 0.0000
ATT: -1, -5, 462
GPS: 53396000, 1, 9, 42.6227990, -71.2071530, 0, 90.3300, 70.7900, 0.0600, 0.0000
ATT: -1, -6, 464
GPS: 53396000, 1, 9, 42.6227990, -71.2071530, 0, 90.3300, 70.7900, 0.0600, 0.0000
ATT: 0, -6, 465
GPS: 53396000, 1, 9, 42.6227990, -71.2071530, 0, 90.3300, 70.7900, 0.0600, 0.0000
ATT: -1, -5, 467
GPS: 53396000, 1, 9, 42.6227990, -71.2071530, 0, 90.3300, 70.7900, 0.0600, 0.0000
ATT: -1, -6, 469
GPS: 53396000, 1, 9, 42.6227990, -71.2071530, 0, 90.3300, 70.7900, 0.0600, 0.0000
ATT: -1, -6, 470
GPS: 53396000, 1, 9, 42.6227990, -71.2071530, 0, 90.2400, 70.7900, 0.0600, 0.0000
ATT: -2, -6, 472
GPS: 53396000, 1, 9, 42.6227990, -71.2071530, 0, 90.2400, 70.7900, 0.0600, 0.0000
ATT: -2, -5, 473
GPS: 53397000, 1, 9, 42.6227990, -71.2071530, 0, 90.2400, 70.3900, 0.0600, 0.0000
ATT: -1, -4, 474
GPS: 53397000, 1, 9, 42.6227990, -71.2071530, 0, 90.2400, 70.3900, 0.0600, 0.0000
ATT: -2, -4, 475
GPS: 53397000, 1, 9, 42.6227990, -71.2071530, 0, 90.5000, 70.3900, 0.0600, 0.0000
ATT: -2, -4, 477
GPS: 53397000, 1, 9, 42.6227990, -71.2071530, 0, 90.6700, 70.3900, 0.0600, 0.0000
ATT: -2, -4, 478
GPS: 53397000, 1, 9, 42.6227990, -71.2071530, 0, 90.5000, 70.3900, 0.0600, 0.0000
ATT: -1, -4, 480
GPS: 53397000, 1, 9, 42.6227990, -71.2071530, 0, 90.3300, 70.3900, 0.0600, 0.0000
ATT: -2, -5, 481
GPS: 53397000, 1, 9, 42.6227990, -71.2071530, 0, 90.2400, 70.3900, 0.0600, 0.0000
ATT: -1, -5, 483
GPS: 53397000, 1, 9, 42.6227990, -71.2071530, 0, 90.1600, 70.3900, 0.0600, 0.0000
ATT: -2, -5, 484
GPS: 53397000, 1, 9, 42.6227990, -71.2071530, 0, 90.0700, 70.3900, 0.0600, 0.0000
ATT: -2, -5, 486
GPS: 53397000, 1, 9, 42.6227990, -71.2071530, 0, 89.9900, 70.3900, 0.0600, 0.0000
ATT: -2, -5, 488
GPS: 53398000, 1, 9, 42.6227990, -71.2071530, 0, 90.0700, 70.0300, 0.0600, 0.0000
ATT: -2, -5, 489
GPS: 53398000, 1, 9, 42.6227990, -71.2071530, 0, 90.1600, 70.0300, 0.0600, 0.0000
ATT: -2, -5, 491
GPS: 53398000, 1, 9, 42.6227990, -71.2071530, 0, 90.2400, 70.0300, 0.0600, 0.0000
ATT: -3, -4, 493
GPS: 53398000, 1, 9, 42.6227990, -71.2071530, 0, 90.3300, 70.0300, 0.0600, 0.0000
ATT: -3, -4, 494
GPS: 53398000, 1, 9, 42.6227990, -71.2071530, 0, 90.3300, 70.0300, 0.0600, 0.0000
ATT: -3, -5, 496
GPS: 53398000, 1, 9, 42.6227990, -71.2071530, 0, 90.3300, 70.0300, 0.0600, 0.0000
ATT: -3, -5, 498
GPS: 53398000, 1, 9, 42.6227990, -71.2071530, 0, 90.3300, 70.0300, 0.0600, 0.0000
ATT: -3, -6, 500
GPS: 53398000, 1, 9, 42.6227990, -71.2071530, 0, 90.3300, 70.0300, 0.0600, 0.0000
ATT: -3, -6, 502
GPS: 53398000, 1, 9, 42.6227990, -71.2071530, 0, 90.3300, 70.0300, 0.0600, 0.0000
ATT: -3, -6, 503
GPS: 53398000, 1, 9, 42.6227990, -71.2071530, 0, 90.3300, 70.0300, 0.0600, 0.0000
ATT: -3, -7, 505
GPS: 53399000, 1, 9, 42.6227990, -71.2071530, 0, 90.2400, 69.6400, 0.0600, 0.0000
ATT: -4, -8, 507
GPS: 53399000, 1, 9, 42.6227990, -71.2071530, 0, 90.1600, 69.6400, 0.0600, 0.0000
ATT: -4, -9, 510
GPS: 53399000, 1, 9, 42.6227990, -71.2071530, 0, 90.1600, 69.6400, 0.0600, 0.0000
ATT: -3, -9, 512
GPS: 53399000, 1, 9, 42.6227990, -71.2071530, 0, 90.1600, 69.6400, 0.0600, 0.0000
ATT: -3, -9, 514
GPS: 53399000, 1, 9, 42.6227990, -71.2071530, 0, 90.1600, 69.6400, 0.0600, 0.0000
ATT: -3, -9, 516
GPS: 53399000, 1, 9, 42.6227990, -71.2071530, 0, 90.1600, 69.6400, 0.0600, 0.0000
ATT: -3, -8, 518
GPS: 53399000, 1, 9, 42.6227990, -71.2071530, 0, 90.2400, 69.6400, 0.0600, 0.0000
ATT: -2, -8, 519
GPS: 53399000, 1, 9, 42.6227990, -71.2071530, 0, 90.3300, 69.6400, 0.0600, 0.0000
ATT: -2, -8, 521
GPS: 53399000, 1, 9, 42.6227990, -71.2071530, 0, 90.2400, 69.6400, 0.0600, 0.0000
ATT: -2, -8, 523
GPS: 53399000, 1, 9, 42.6227990, -71.2071530, 0, 90.1600, 69.6400, 0.0600, 0.0000
ATT: -3, -7, 525
GPS: 53400000, 1, 9, 42.6227950, -71.2071530, 0, 90.2400, 69.2700, 0.0600, 0.0000
ATT: -3, -7, 527
GPS: 53400000, 1, 9, 42.6227950, -71.2071530, 0, 90.3300, 69.2700, 0.0600, 0.0000
ATT: -2, -7, 529
GPS: 53400000, 1, 9, 42.6227950, -71.2071530, 0, 90.2400, 69.2700, 0.0600, 0.0000
ATT: -2, -7, 531
GPS: 53400000, 1, 9, 42.6227950, -71.2071530, 0, 90.1600, 69.2700, 0.0600, 0.0000
ATT: -2, -7, 532
GPS: 53400000, 1, 9, 42.6227950, -71.2071530, 0, 89.9000, 69.2700, 0.0600, 0.0000
ATT: -2, -7, 534
GPS: 53400000, 1, 9, 42.6227950, -71.2071530, 0, 89.7300, 69.2700, 0.0600, 0.0000
ATT: -2, -7, 535
GPS: 53400000, 1, 9, 42.6227950, -71.2071530, 0, 89.8100, 69.2700, 0.0600, 0.0000
ATT: -2, -7, 537
GPS: 53400000, 1, 9, 42.6227950, -71.2071530, 0, 89.9000, 69.2700, 0.0600, 0.0000
ATT: -2, -7, 539
GPS: 53400000, 1, 9, 42.6227950, -71.2071530, 0, 89.9900, 69.2700, 0.0600, 0.0000
ATT: -2, -8, 541
GPS: 53400000, 1, 9, 42.6227950, -71.2071530, 0, 90.0700, 69.2700, 0.0600, 0.0000
ATT: -2, -7, 542
GPS: 53401000, 1, 9, 42.6227950, -71.2071530, 0, 90.0700, 68.9100, 0.0600, 0.0000
ATT: -2, -7, 544
GPS: 53401000, 1, 9, 42.6227950, -71.2071530, 0, 90.0700, 68.9100, 0.0600, 0.0000
ATT: -2, -8, 546
GPS: 53401000, 1, 9, 42.6227950, -71.2071530, 0, 90.0700, 68.9100, 0.0600, 0.0000
ATT: -2, -7, 548
GPS: 53401000, 1, 9, 42.6227950, -71.2071530, 0, 90.0700, 68.9100, 0.0600, 0.0000
ATT: -2, -6, 549
GPS: 53401000, 1, 9, 42.6227950, -71.2071530, 0, 89.9900, 68.9100, 0.0600, 0.0000
ATT: -2, -6, 551
GPS: 53401000, 1, 9, 42.6227950, -71.2071530, 0, 89.9000, 68.9100, 0.0600, 0.0000
ATT: -3, -6, 552
GPS: 53401000, 1, 9, 42.6227950, -71.2071530, 0, 89.9000, 68.9100, 0.0600, 0.0000
ATT: -3, -6, 554
GPS: 53401000, 1, 9, 42.6227950, -71.2071530, 0, 89.9000, 68.9100, 0.0600, 0.0000
ATT: -3, -6, 555
GPS: 53401000, 1, 9, 42.6227950, -71.2071530, 0, 89.9900, 68.9100, 0.0600, 0.0000
ATT: -4, -6, 556
GPS: 53401000, 1, 9, 42.6227950, -71.2071530, 0, 89.9900, 68.9100, 0.0600, 0.0000
ATT: -4, -5, 558
GPS: 53402000, 1, 9, 42.6227950, -71.2071530, 0, 89.9900, 68.5600, 0.0500, 0.0000
ATT: -4, -5, 560
GPS: 53402000, 1, 9, 42.6227950, -71.2071530, 0, 89.9900, 68.5600, 0.0500, 0.0000
ATT: -4, -5, 561
GPS: 53402000, 1, 9, 42.6227950, -71.2071530, 0, 89.9900, 68.5600, 0.0500, 0.0000
ATT: -4, -5, 563
GPS: 53402000, 1, 9, 42.6227950, -71.2071530, 0, 89.9900, 68.5600, 0.0500, 0.0000
ATT: -4, -5, 565
GPS: 53402000, 1, 9, 42.6227950, -71.2071530, 0, 90.0700, 68.5600, 0.0500, 0.0000
ATT: -3, -4, 566
GPS: 53402000, 1, 9, 42.6227950, -71.2071530, 0, 90.1600, 68.5600, 0.0500, 0.0000
ATT: -2, -3, 568
GPS: 53402000, 1, 9, 42.6227950, -71.2071530, 0, 90.1600, 68.5600, 0.0500, 0.0000
ATT: -2, -4, 570
GPS: 53402000, 1, 9, 42.6227950, -71.2071530, 0, 90.1600, 68.5600, 0.0500, 0.0000
ATT: -2, -4, 571
GPS: 53402000, 1, 9, 42.6227950, -71.2071530, 0, 90.1600, 68.5600, 0.0500, 0.0000
ATT: -1, -4, 573
GPS: 53402000, 1, 9, 42.6227950, -71.2071530, 0, 90.1600, 68.5600, 0.0500, 0.0000
ATT: -1, -4, 576
GPS: 53403000, 1, 9, 42.6227950, -71.2071530, 0, 90.2400, 68.2000, 0.0600, 0.0000
PM:20019,1001,20,0,0,0,0,21,1,8,3,0,0, 
ATT: -1, -4, 577
GPS: 53403000, 1, 9, 42.6227950, -71.2071530, 0, 90.3300, 68.2000, 0.0600, 0.0000
ATT: -2, -4, 578
GPS: 53403000, 1, 9, 42.6227950, -71.2071530, 0, 90.5000, 68.2000, 0.0600, 0.0000
ATT: -2, -5, 580
GPS: 53403000, 1, 9, 42.6227950, -71.2071530, 0, 90.5900, 68.2000, 0.0600, 0.0000
ATT: -2, -5, 582
GPS: 53403000, 1, 9, 42.6227950, -71.2071530, 0, 90.4200, 68.2000, 0.0600, 0.0000
ATT: -3, -5, 583
GPS: 53403000, 1, 9, 42.6227950, -71.2071530, 0, 90.3300, 68.2000, 0.0600, 0.0000
ATT: -3, -5, 585
GPS: 53403000, 1, 9, 42.6227950, -71.2071530, 0, 90.0700, 68.2000, 0.0600, 0.0000
ATT: -3, -5, 587
GPS: 53403000, 1, 9, 42.6227950, -71.2071530, 0, 89.9000, 68.2000, 0.0600, 0.0000
ATT: -3, -4, 588
GPS: 53403000, 1, 9, 42.6227950, -71.2071530, 0, 89.9000, 68.2000, 0.0600, 0.0000
ATT: -3, -4, 590
GPS: 53403000, 1, 9, 42.6227950, -71.2071530, 0, 89.9000, 68.2000, 0.0600, 0.0000
ATT: -3, -5, 592
GPS: 53404000, 1, 9, 42.6227950, -71.2071530, 0, 89.9900, 68.1300, 0.0800, 0.0000
ATT: -3, -5, 594
GPS: 53404000, 1, 9, 42.6227950, -71.2071530, 0, 90.0700, 68.1300, 0.0800, 0.0000
ATT: -3, -6, 596
GPS: 53404000, 1, 9, 42.6227950, -71.2071530, 0, 90.0700, 68.1300, 0.0800, 0.0000
ATT: -3, -6, 598
GPS: 53404000, 1, 9, 42.6227950, -71.2071530, 0, 90.0700, 68.1300, 0.0800, 0.0000
ATT: -3, -6, 599
GPS: 53404000, 1, 9, 42.6227950, -71.2071530, 0, 90.1600, 68.1300, 0.0800, 0.0000
ATT: -3, -6, 600
GPS: 53404000, 1, 9, 42.6227950, -71.2071530, 0, 90.2400, 68.1300, 0.0800, 0.0000
ATT: -3, -7, 602
GPS: 53404000, 1, 9, 42.6227950, -71.2071530, 0, 90.2400, 68.1300, 0.0800, 0.0000
ATT: -2, -6, 603
GPS: 53404000, 1, 9, 42.6227950, -71.2071530, 0, 90.2400, 68.1300, 0.0800, 0.0000
ATT: -3, -6, 604
GPS: 53404000, 1, 9, 42.6227950, -71.2071530, 0, 90.1600, 68.1300, 0.0800, 0.0000
ATT: -2, -5, 607
GPS: 53404000, 1, 9, 42.6227950, -71.2071530, 0, 90.0700, 68.1300, 0.0800, 0.0000
ATT: -3, -5, 609
GPS: 53405000, 1, 9, 42.6227950, -71.2071530, 0, 90.2400, 68.0700, 0.0500, 0.0000
ATT: -2, -4, 611
GPS: 53405000, 1, 9, 42.6227950, -71.2071530, 0, 90.3300, 68.0700, 0.0500, 0.0000
ATT: -2, -3, 612
GPS: 53405000, 1, 9, 42.6227950, -71.2071530, 0, 90.3300, 68.0700, 0.0500, 0.0000
ATT: -1, -3, 614
GPS: 53405000, 1, 9, 42.6227950, -71.2071530, 0, 90.3300, 68.0700, 0.0500, 0.0000
ATT: 2, -4, 616
GPS: 53405000, 1, 9, 42.6227950, -71.2071530, 0, 90.2400, 68.0700, 0.0500, 0.0000
ATT: 18, -3, 620
GPS: 53405000, 1, 9, 42.6227950, -71.2071530, 0, 90.1600, 68.0700, 0.0500, 0.0000
ATT: 18, -3, 622
GPS: 53405000, 1, 9, 42.6227950, -71.2071530, 0, 90.2400, 68.0700, 0.0500, 0.0000
ATT: 18, -2, 623
GPS: 53405000, 1, 9, 42.6227950, -71.2071530, 0, 90.3300, 68.0700, 0.0500, 0.0000
ATT: 18, -2, 625
GPS: 53405000, 1, 9, 42.6227950, -71.2071530, 0, 90.3300, 68.0700, 0.0500, 0.0000
ATT: 21, -2, 628
GPS: 53405000, 1, 9, 42.6227950, -71.2071530, 0, 90.3300, 68.0700, 0.0500, 0.0000
ATT: 46, -1, 634
GPS: 53406000, 1, 8, 42.6227990, -71.2071530, 0, 90.3300, 68.0300, 0.0400, 0.0000
ATT: 158, -6, 654
GPS: 53406000, 1, 8, 42.6227990, -71.2071530, 0, 90.3300, 68.0300, 0.0400, 0.0000
ATT: 205, -5, 659
GPS: 53406000, 1, 8, 42.6227990, -71.2071530, 0, 90.4200, 68.0300, 0.0400, 0.0000
ATT: 204, -4, 660
GPS: 53406000, 1, 8, 42.6227990, -71.2071530, 0, 90.5000, 68.0300, 0.0400, 0.0000
ATT: 204, -4, 662
GPS: 53406000, 1, 8, 42.6227990, -71.2071530, 0, 90.5000, 68.0300, 0.0400, 0.0000
ATT: 203, -4, 663
GPS: 53406000, 1, 8, 42.6227990, -71.2071530, 0, 90.5000, 68.0300, 0.0400, 0.0000
ATT: 204, -2, 664
GPS: 53406000, 1, 8, 42.6227990, -71.2071530, 0, 90.5000, 68.0300, 0.0400, 0.0000
ATT: 204, -1, 666
GPS: 53406000, 1, 8, 42.6227990, -71.2071530, 0, 90.5000, 68.0300, 0.0400, 0.0000
ATT: 204, -1, 667
GPS: 53406000, 1, 8, 42.6227990, -71.2071530, 0, 90.4200, 68.0300, 0.0400, 0.0000
ATT: 204, 0, 668
GPS: 53406000, 1, 8, 42.6227990, -71.2071530, 0, 90.3300, 68.0300, 0.0400, 0.0000
ATT: 203, 0, 670
GPS: 53407000, 1, 8, 42.6227990, -71.2071530, 0, 90.3300, 68.0100, 0.0500, 0.0000
ATT: 203, 0, 671
GPS: 53407000, 1, 8, 42.6227990, -71.2071530, 0, 90.3300, 68.0100, 0.0500, 0.0000
ATT: 203, -1, 673
GPS: 53407000, 1, 8, 42.6227990, -71.2071530, 0, 90.4200, 68.0100, 0.0500, 0.0000
ATT: 204, -2, 674
GPS: 53407000, 1, 8, 42.6227990, -71.2071530, 0, 90.4200, 68.0100, 0.0500, 0.0000
ATT: 204, -2, 676
GPS: 53407000, 1, 8, 42.6227990, -71.2071530, 0, 90.4200, 68.0100, 0.0500, 0.0000
ATT: 205, -3, 678
GPS: 53407000, 1, 8, 42.6227990, -71.2071530, 0, 90.4200, 68.0100, 0.0500, 0.0000
ATT: 204, -3, 679
GPS: 53407000, 1, 8, 42.6227990, -71.2071530, 0, 90.3300, 68.0100, 0.0500, 0.0000
ATT: 203, -2, 680
GPS: 53407000, 1, 8, 42.6227990, -71.2071530, 0, 90.2400, 68.0100, 0.0500, 0.0000
ATT: 203, -3, 681
GPS: 53407000, 1, 8, 42.6227990, -71.2071530, 0, 90.3300, 68.0100, 0.0500, 0.0000
ATT: 204, -3, 682
GPS: 53407000, 1, 8, 42.6227990, -71.2071530, 0, 90.4200, 68.0100, 0.0500, 0.0000
ATT: 204, -3, 684
GPS: 53408000, 1, 8, 42.6227990, -71.2071530, 0, 90.4200, 67.9600, 0.0500, 0.0000
ATT: 204, -2, 686
GPS: 53408000, 1, 8, 42.6227990, -71.2071530, 0, 90.4200, 67.9600, 0.0500, 0.0000
ATT: 203, -1, 687
GPS: 53408000, 1, 8, 42.6227990, -71.2071530, 0, 90.4200, 67.9600, 0.0500, 0.0000
ATT: 204, -1, 688
GPS: 53408000, 1, 8, 42.6227990, -71.2071530, 0, 90.4200, 67.9600, 0.0500, 0.0000
ATT: 204, -2, 690
GPS: 53408000, 1, 8, 42.6227990, -71.2071530, 0, 90.4200, 67.9600, 0.0500, 0.0000
ATT: 204, -2, 691
GPS: 53408000, 1, 8, 42.6227990, -71.2071530, 0, 90.4200, 67.9600, 0.0500, 0.0000
ATT: 202, -2, 691
GPS: 53408000, 1, 8, 42.6227990, -71.2071530, 0, 90.3300, 67.9600, 0.0500, 0.0000
ATT: 202, 0, 692
GPS: 53408000, 1, 8, 42.6227990, -71.2071530, 0, 90.3300, 67.9600, 0.0500, 0.0000
ATT: 201, -1, 694
GPS: 53408000, 1, 8, 42.6227990, -71.2071530, 0, 90.3300, 67.9600, 0.0500, 0.0000
ATT: 202, -1, 695
GPS: 53408000, 1, 8, 42.6227990, -71.2071530, 0, 90.3300, 67.9600, 0.0500, 0.0000
ATT: 202, -1, 696
GPS: 53409000, 1, 8, 42.6227990, -71.2071530, 0, 90.3300, 67.9300, 0.0400, 0.0000
ATT: 202, -1, 697
GPS: 53409000, 1, 8, 42.6227990, -71.2071530, 0, 90.3300, 67.9300, 0.0400, 0.0000
ATT: 202, -1, 698
GPS: 53409000, 1, 8, 42.6227990, -71.2071530, 0, 90.3300, 67.9300, 0.0400, 0.0000
ATT: 202, 0, 700
GPS: 53409000, 1, 8, 42.6227990, -71.2071530, 0, 90.3300, 67.9300, 0.0400, 0.0000
ATT: 201, 0, 700
GPS: 53409000, 1, 8, 42.6227990, -71.2071530, 0, 90.2400, 67.9300, 0.0400, 0.0000
ATT: 201, 1, 701
GPS: 53409000, 1, 8, 42.6227990, -71.2071530, 0, 90.1600, 67.9300, 0.0400, 0.0000
ATT: 201, 2, 702
GPS: 53409000, 1, 8, 42.6227990, -71.2071530, 0, 90.0700, 67.9300, 0.0400, 0.0000
ATT: 202, 3, 703
GPS: 53409000, 1, 8, 42.6227990, -71.2071530, 0, 89.9900, 67.9300, 0.0400, 0.0000
ATT: 201, 3, 705
GPS: 53409000, 1, 8, 42.6227990, -71.2071530, 0, 89.8100, 67.9300, 0.0400, 0.0000
ATT: 201, 2, 706
GPS: 53409000, 1, 8, 42.6227990, -71.2071530, 0, 89.7300, 67.9300, 0.0400, 0.0000
ATT: 200, 2, 707
GPS: 53410000, 1, 9, 42.6227990, -71.2071530, 0, 89.7300, 67.8500, 0.0500, 0.0000
ATT: 200, 2, 708
GPS: 53410000, 1, 9, 42.6227990, -71.2071530, 0, 89.7300, 67.8500, 0.0500, 0.0000
ATT: 200, 2, 709
GPS: 53410000, 1, 9, 42.6227990, -71.2071530, 0, 89.8100, 67.8500, 0.0500, 0.0000
ATT: 198, 2, 710
GPS: 53410000, 1, 9, 42.6227990, -71.2071530, 0, 89.8100, 67.8500, 0.0500, 0.0000
ATT: 199, 1, 711
GPS: 53410000, 1, 9, 42.6227990, -71.2071530, 0, 89.8100, 67.8500, 0.0500, 0.0000
ATT: 198, 1, 712
GPS: 53410000, 1, 9, 42.6227990, -71.2071530, 0, 89.8100, 67.8500, 0.0500, 0.0000
ATT: 199, 1, 713
GPS: 53410000, 1, 9, 42.6227990, -71.2071530, 0, 89.6400, 67.8500, 0.0500, 0.0000
ATT: 198, 2, 714
GPS: 53410000, 1, 9, 42.6227990, -71.2071530, 0, 89.5500, 67.8500, 0.0500, 0.0000
ATT: 197, 3, 715
GPS: 53410000, 1, 9, 42.6227990, -71.2071530, 0, 89.5500, 67.8500, 0.0500, 0.0000
ATT: 196, 3, 716
GPS: 53410000, 1, 9, 42.6227990, -71.2071530, 0, 89.5500, 67.8500, 0.0500, 0.0000
ATT: 196, 2, 717
GPS: 53411000, 1, 9, 42.6227990, -71.2071530, 0, 89.4700, 67.7700, 0.0800, 0.0000
ATT: 196, 0, 719
GPS: 53411000, 1, 9, 42.6227990, -71.2071530, 0, 89.4700, 67.7700, 0.0800, 0.0000
ATT: 196, 2, 720
GPS: 53411000, 1, 9, 42.6227990, -71.2071530, 0, 89.3800, 67.7700, 0.0800, 0.0000
ATT: 200, -10, 720
GPS: 53411000, 1, 9, 42.6227990, -71.2071530, 0, 89.3000, 67.7700, 0.0800, 0.0000
ATT: 205, 19, 727
GPS: 53411000, 1, 9, 42.6227990, -71.2071530, 0, 89.3800, 67.7700, 0.0800, 0.0000
ATT: 206, -2, 726
GPS: 53411000, 1, 9, 42.6227990, -71.2071530, 0, 89.3800, 67.7700, 0.0800, 0.0000
ATT: 198, -8, 720
GPS: 53411000, 1, 9, 42.6227990, -71.2071530, 0, 89.4700, 67.7700, 0.0800, 0.0000
ATT: 184, -3, 713
GPS: 53411000, 1, 9, 42.6227990, -71.2071530, 0, 89.4700, 67.7700, 0.0800, 0.0000
ATT: 183, 0, 715
GPS: 53411000, 1, 9, 42.6227990, -71.2071530, 0, 89.6400, 67.7700, 0.0800, 0.0000
ATT: 185, 10, 719
GPS: 53411000, 1, 9, 42.6227990, -71.2071530, 0, 89.7300, 67.7700, 0.0800, 0.0000
ATT: 185, 4, 720
GPS: 53412000, 1, 9, 42.6227990, -71.2071530, 0, 89.9000, 67.7400, 0.0800, 0.0000
ATT: 187, 2, 724
GPS: 53412000, 1, 9, 42.6227990, -71.2071530, 0, 89.9900, 67.7400, 0.0800, 0.0000
ATT: 185, 9, 722
GPS: 53412000, 1, 9, 42.6227990, -71.2071530, 0, 89.9900, 67.7400, 0.0800, 0.0000
ATT: 182, 8, 724
GPS: 53412000, 1, 9, 42.6227990, -71.2071530, 0, 89.9900, 67.7400, 0.0800, 0.0000
ATT: 180, 10, 723
GPS: 53412000, 1, 9, 42.6227990, -71.2071530, 0, 89.9900, 67.7400, 0.0800, 0.0000
ATT: 181, 5, 725
GPS: 53412000, 1, 9, 42.6227990, -71.2071530, 0, 89.9900, 67.7400, 0.0800, 0.0000
ATT: 175, 5, 722
GPS: 53412000, 1, 9, 42.6227990, -71.2071530, 0, 89.9000, 67.7400, 0.0800, 0.0000
ATT: 178, -3, 728
GPS: 53412000, 1, 9, 42.6227990, -71.2071530, 0, 89.9000, 67.7400, 0.0800, 0.0000
ATT: 182, -8, 732
GPS: 53412000, 1, 9, 42.6227990, -71.2071530, 0, 89.9000, 67.7400, 0.0800, 0.0000
ATT: 182, -7, 732
GPS: 53412000, 1, 9, 42.6227990, -71.2071530, 0, 89.9000, 67.7400, 0.0800, 0.0000
ATT: 181, -6, 735
GPS: 53413000, 1, 9, 42.6227990, -71.2071530, 0, 89.8100, 67.6900, 0.0700, 0.0000
ATT: 180, -12, 735
GPS: 53413000, 1, 9, 42.6227990, -71.2071530, 0, 89.7300, 67.6900, 0.0700, 0.0000
ATT: 179, -11, 736
GPS: 53413000, 1, 9, 42.6227990, -71.2071530, 0, 89.6400, 67.6900, 0.0700, 0.0000
ATT: 174, -6, 733
GPS: 53413000, 1, 9, 42.6227990, -71.2071530, 0, 89.6400, 67.6900, 0.0700, 0.0000
ATT: 171, -8, 733
GPS: 53413000, 1, 9, 42.6227990, -71.2071530, 0, 89.6400, 67.6900, 0.0700, 0.0000
ATT: 168, 2, 733
GPS: 53413000, 1, 9, 42.6227990, -71.2071530, 0, 89.6400, 67.6900, 0.0700, 0.0000
ATT: 169, -6, 738
GPS: 53413000, 1, 9, 42.6227990, -71.2071530, 0, 89.6400, 67.6900, 0.0700, 0.0000
ATT: 173, -14, 742
GPS: 53413000, 1, 9, 42.6227990, -71.2071530, 0, 89.6400, 67.6900, 0.0700, 0.0000
ATT: 171, -9, 742
GPS: 53413000, 1, 9, 42.6227990, -71.2071530, 0, 89.6400, 67.6900, 0.0700, 0.0000
ATT: 170, -8, 743
GPS: 53413000, 1, 9, 42.6227990, -71.2071530, 0, 89.6400, 67.6900, 0.0700, 0.0000
ATT: 170, -3, 743
GPS: 53414000, 1, 8, 42.6227990, -71.2071530, 0, 89.7300, 67.7300, 0.0700, 0.0000
ATT: 173, -7, 748
GPS: 53414000, 1, 8, 42.6227990, -71.2071530, 0, 89.8100, 67.7300, 0.0700, 0.0000
ATT: 177, -7, 752
GPS: 53414000, 1, 8, 42.6227990, -71.2071530, 0, 89.8100, 67.7300, 0.0700, 0.0000
ATT: 179, 0, 756
GPS: 53414000, 1, 8, 42.6227990, -71.2071530, 0, 89.8100, 67.7300, 0.0700, 0.0000
ATT: 186, 7, 757
GPS: 53414000, 1, 8, 42.6227990, -71.2071530, 0, 89.8100, 67.7300, 0.0700, 0.0000
ATT: 190, 11, 759
GPS: 53414000, 1, 8, 42.6227990, -71.2071530, 0, 89.8100, 67.7300, 0.0700, 0.0000
ATT: 189, 16, 760
GPS: 53414000, 1, 8, 42.6227990, -71.2071530, 0, 89.9000, 67.7300, 0.0700, 0.0000
ATT: 192, 23, 766
GPS: 53414000, 1, 8, 42.6227990, -71.2071530, 0, 89.9900, 67.7300, 0.0700, 0.0000
ATT: 189, 30, 765
GPS: 53414000, 1, 8, 42.6227990, -71.2071530, 0, 89.9900, 67.7300, 0.0700, 0.0000
ATT: 181, 48, 764
GPS: 53414000, 1, 8, 42.6227990, -71.2071530, 0, 89.9900, 67.7300, 0.0700, 0.0000
ATT: 171, 41, 760
GPS: 53415000, 1, 8, 42.6227990, -71.2071530, 0, 89.8100, 67.7500, 0.0600, 0.0000
ATT: 167, 40, 762
GPS: 53415000, 1, 8, 42.6227990, -71.2071530, 0, 89.6400, 67.7500, 0.0600, 0.0000
ATT: 170, 37, 767
GPS: 53415000, 1, 8, 42.6227990, -71.2071530, 0, 89.6400, 67.7500, 0.0600, 0.0000
ATT: 173, 30, 773
GPS: 53415000, 1, 8, 42.6227990, -71.2071530, 0, 89.6400, 67.7500, 0.0600, 0.0000
ATT: 177, 25, 775
GPS: 53415000, 1, 8, 42.6227990, -71.2071530, 0, 89.7300, 67.7500, 0.0600, 0.0000
ATT: 175, 20, 777
GPS: 53415000, 1, 8, 42.6227990, -71.2071530, 0, 89.7300, 67.7500, 0.0600, 0.0000
ATT: 171, 13, 782
GPS: 53415000, 1, 8, 42.6227990, -71.2071530, 0, 89.8100, 67.7500, 0.0600, 0.0000
ATT: 181, 4, 786
GPS: 53415000, 1, 8, 42.6227990, -71.2071530, 0, 89.9000, 67.7500, 0.0600, 0.0000
ATT: 184, 8, 787
GPS: 53415000, 1, 8, 42.6227990, -71.2071530, 0, 89.9000, 67.7500, 0.0600, 0.0000
ATT: 202, 0, 792
GPS: 53415000, 1, 8, 42.6227990, -71.2071530, 0, 89.9000, 67.7500, 0.0600, 0.0000
ATT: 201, 10, 791
GPS: 53416000, 1, 9, 42.6227990, -71.2071530, 0, 89.8100, 67.6500, 0.0500, 0.0000
ATT: 194, 2, 790
GPS: 53416000, 1, 9, 42.6227990, -71.2071530, 0, 89.7300, 67.6500, 0.0500, 0.0000
ATT: 183, 13, 786
GPS: 53416000, 1, 9, 42.6227990, -71.2071530, 0, 89.6400, 67.6500, 0.0500, 0.0000
ATT: 172, 17, 783
GPS: 53416000, 1, 9, 42.6227990, -71.2071530, 0, 89.5500, 67.6500, 0.0500, 0.0000
ATT: 165, 14, 783
GPS: 53416000, 1, 9, 42.6227990, -71.2071530, 0, 89.5500, 67.6500, 0.0500, 0.0000
ATT: 162, 16, 784
GPS: 53416000, 1, 9, 42.6227990, -71.2071530, 0, 89.5500, 67.6500, 0.0500, 0.0000
ATT: 164, 13, 787
GPS: 53416000, 1, 9, 42.6227990, -71.2071530, 0, 89.4700, 67.6500, 0.0500, 0.0000
ATT: 164, 11, 790
GPS: 53416000, 1, 9, 42.6227990, -71.2071530, 0, 89.4700, 67.6500, 0.0500, 0.0000
ATT: 164, 12, 791
GPS: 53416000, 1, 9, 42.6227990, -71.2071530, 0, 89.5500, 67.6500, 0.0500, 0.0000
ATT: 164, 9, 793
GPS: 53416000, 1, 9, 42.6227990, -71.2071530, 0, 89.5500, 67.6500, 0.0500, 0.0000
ATT: 165, 4, 797
GPS: 53417000, 1, 9, 42.6227990, -71.2071530, 0, 89.7300, 67.6200, 0.0200, 0.0000
ATT: 165, 5, 799
GPS: 53417000, 1, 9, 42.6227990, -71.2071530, 0, 89.9000, 67.6200, 0.0200, 0.0000
ATT: 165, 4, 800
GPS: 53417000, 1, 9, 42.6227990, -71.2071530, 0, 89.8100, 67.6200, 0.0200, 0.0000
ATT: 165, 5, 803
GPS: 53417000, 1, 9, 42.6227990, -71.2071530, 0, 89.7300, 67.6200, 0.0200, 0.0000
ATT: 165, 7, 804
GPS: 53417000, 1, 9, 42.6227990, -71.2071530, 0, 89.7300, 67.6200, 0.0200, 0.0000
ATT: 166, 4, 808
GPS: 53417000, 1, 9, 42.6227990, -71.2071530, 0, 89.7300, 67.6200, 0.0200, 0.0000
ATT: 169, 2, 814
GPS: 53417000, 1, 9, 42.6227990, -71.2071530, 0, 89.7300, 67.6200, 0.0200, 0.0000
ATT: 173, 3, 815
GPS: 53417000, 1, 9, 42.6227990, -71.2071530, 0, 89.7300, 67.6200, 0.0200, 0.0000
ATT: 173, 6, 816
GPS: 53417000, 1, 9, 42.6227990, -71.2071530, 0, 89.8100, 67.6200, 0.0200, 0.0000
ATT: 171, 7, 818
GPS: 53417000, 1, 9, 42.6227990, -71.2071530, 0, 89.9000, 67.6200, 0.0200, 0.0000
ATT: 171, 7, 820
GPS: 53418000, 1, 9, 42.6227990, -71.2071530, 0, 89.8100, 67.6000, 0.0100, 0.0000
ATT: 171, 7, 822
GPS: 53418000, 1, 9, 42.6227990, -71.2071530, 0, 89.8100, 67.6000, 0.0100, 0.0000
ATT: 172, 5, 823
GPS: 53418000, 1, 9, 42.6227990, -71.2071530, 0, 89.9000, 67.6000, 0.0100, 0.0000
ATT: 172, 5, 825
GPS: 53418000, 1, 9, 42.6227990, -71.2071530, 0, 89.9000, 67.6000, 0.0100, 0.0000
ATT: 172, 6, 827
GPS: 53418000, 1, 9, 42.6227990, -71.2071530, 0, 89.9900, 67.6000, 0.0100, 0.0000
ATT: 172, 5, 829
GPS: 53418000, 1, 9, 42.6227990, -71.2071530, 0, 90.0700, 67.6000, 0.0100, 0.0000
ATT: 173, 4, 831
GPS: 53418000, 1, 9, 42.6227990, -71.2071530, 0, 90.0700, 67.6000, 0.0100, 0.0000
ATT: 172, 4, 832
GPS: 53418000, 1, 9, 42.6227990, -71.2071530, 0, 90.0700, 67.6000, 0.0100, 0.0000
ATT: 172, 4, 834
GPS: 53418000, 1, 9, 42.6227990, -71.2071530, 0, 90.0700, 67.6000, 0.0100, 0.0000
ATT: 172, 5, 836
GPS: 53418000, 1, 9, 42.6227990, -71.2071530, 0, 90.0700, 67.6000, 0.0100, 0.0000
ATT: 171, 4, 837
GPS: 53419000, 1, 9, 42.6227990, -71.2071530, 0, 90.0700, 67.5200, 0.0500, 0.0000
ATT: 171, 0, 839
GPS: 53419000, 1, 9, 42.6227990, -71.2071530, 0, 90.0700, 67.5200, 0.0500, 0.0000
ATT: 171, 4, 839
GPS: 53419000, 1, 9, 42.6227990, -71.2071530, 0, 90.1600, 67.5200, 0.0500, 0.0000
ATT: 171, 0, 842
GPS: 53419000, 1, 9, 42.6227990, -71.2071530, 0, 90.1600, 67.5200, 0.0500, 0.0000
ATT: 172, 1, 843
GPS: 53419000, 1, 9, 42.6227990, -71.2071530, 0, 90.0700, 67.5200, 0.0500, 0.0000
ATT: 171, 0, 845
GPS: 53419000, 1, 9, 42.6227990, -71.2071530, 0, 89.9900, 67.5200, 0.0500, 0.0000
ATT: 171, -1, 848
GPS: 53419000, 1, 9, 42.6227990, -71.2071530, 0, 89.9900, 67.5200, 0.0500, 0.0000
ATT: 171, -2, 849
GPS: 53419000, 1, 9, 42.6227990, -71.2071530, 0, 89.9900, 67.5200, 0.0500, 0.0000
ATT: 171, -2, 851
GPS: 53419000, 1, 9, 42.6227990, -71.2071530, 0, 89.8100, 67.5200, 0.0500, 0.0000
ATT: 171, -2, 853
GPS: 53419000, 1, 9, 42.6227990, -71.2071530, 0, 89.6400, 67.5200, 0.0500, 0.0000
ATT: 170, -2, 855
GPS: 53420000, 1, 9, 42.6227990, -71.2071530, 0, 89.7300, 67.4900, 0.0200, 0.0000
ATT: 170, -2, 857
GPS: 53420000, 1, 9, 42.6227990, -71.2071530, 0, 89.8100, 67.4900, 0.0200, 0.0000
ATT: 170, -1, 858
GPS: 53420000, 1, 9, 42.6227990, -71.2071530, 0, 89.9000, 67.4900, 0.0200, 0.0000
ATT: 170, -1, 860
GPS: 53420000, 1, 9, 42.6227990, -71.2071530, 0, 89.9000, 67.4900, 0.0200, 0.0000
ATT: 169, -1, 862
GPS: 53420000, 1, 9, 42.6227990, -71.2071530, 0, 89.9000, 67.4900, 0.0200, 0.0000
ATT: 169, -2, 864
GPS: 53420000, 1, 9, 42.6227990, -71.2071530, 0, 89.9000, 67.4900, 0.0200, 0.0000
ATT: 169, -2, 866
GPS: 53420000, 1, 9, 42.6227990, -71.2071530, 0, 89.9900, 67.4900, 0.0200, 0.0000
ATT: 169, -2, 868
GPS: 53420000, 1, 9, 42.6227990, -71.2071530, 0, 89.9900, 67.4900, 0.0200, 0.0000
ATT: 169, -2, 870
GPS: 53420000, 1, 9, 42.6227990, -71.2071530, 0, 89.9000, 67.4900, 0.0200, 0.0000
ATT: 168, -2, 871
