Dumping Log 15,    start pg 1701,   end pg 1737

ArduPlane V2.33
Free RAM: 3417
GROUND START -  0 commands in memory
CMD:0,255,255,-1,-1,-1, 
MOD:Manual
ATT: -16, -34, 13
GPS: 592469465, 0, 0, 0.0000000, 0.0000000, 0, -0.1700, 0.0000, 0.0000, 0.0000
ATT: -12, -28, 13
GPS: 592469465, 0, 0, 0.0000000, 0.0000000, 0, -0.6800, 0.0000, 0.0000, 0.0000
ATT: -13, -25, 8
GPS: 592469465, 0, 0, 0.0000000, 0.0000000, 0, -1.0200, 0.0000, 0.0000, 0.0000
ATT: -13, -22, 7
GPS: 592469465, 0, 0, 0.0000000, 0.0000000, 0, -1.2000, 0.0000, 0.0000, 0.0000
ATT: -12, -16, 11
GPS: 592469465, 0, 0, 0.0000000, 0.0000000, 0, -1.3700, 0.0000, 0.0000, 0.0000
ATT: -12, -13, 11
GPS: 592469465, 0, 0, 0.0000000, 0.0000000, 0, -1.2800, 0.0000, 0.0000, 0.0000
ATT: -11, -11, 11
GPS: 592469465, 0, 0, 0.0000000, 0.0000000, 0, -1.2800, 0.0000, 0.0000, 0.0000
ATT: -11, -8, 12
GPS: 592469465, 0, 0, 0.0000000, 0.0000000, 0, -1.0200, 0.0000, 0.0000, 0.0000
ATT: -10, -6, 12
GPS: 592469465, 0, 0, 0.0000000, 0.0000000, 0, -0.7700, 0.0000, 0.0000, 0.0000
ATT: -10, -5, 12
GPS: 592469465, 0, 0, 0.0000000, 0.0000000, 0, -0.7700, 0.0000, 0.0000, 0.0000
ATT: -9, -3, 12
GPS: 592469465, 0, 0, 0.0000000, 0.0000000, 0, -0.7700, 0.0000, 0.0000, 0.0000
ATT: -9, -2, 12
GPS: 592469465, 0, 0, 0.0000000, 0.0000000, 0, -0.6800, 0.0000, 0.0000, 0.0000
ATT: -9, 0, 13
GPS: 592469465, 0, 0, 0.0000000, 0.0000000, 0, -0.6000, 0.0000, 0.0000, 0.0000
ATT: -8, 0, 13
GPS: 592469465, 0, 0, 0.0000000, 0.0000000, 0, -0.5100, 0.0000, 0.0000, 0.0000
ATT: -8, 0, 13
GPS: 592469465, 0, 0, 0.0000000, 0.0000000, 0, -0.4200, 0.0000, 0.0000, 0.0000
PM:20013,76,73,0,0,0,0,0,1,0,2,0,0, 
ATT: -8, 0, 14
GPS: 592469465, 0, 0, 0.0000000, 0.0000000, 0, -0.3400, 0.0000, 0.0000, 0.0000
ATT: -8, 0, 14
GPS: 592469465, 0, 0, 0.0000000, 0.0000000, 0, -0.2500, 0.0000, 0.0000, 0.0000
ATT: -8, 2, 14
GPS: 592469465, 0, 0, 0.0000000, 0.0000000, 0, -0.1700, 0.0000, 0.0000, 0.0000
ATT: -8, 2, 14
GPS: 592469465, 0, 0, 0.0000000, 0.0000000, 0, -0.1700, 0.0000, 0.0000, 0.0000
ATT: -8, 2, 14
GPS: 592469465, 0, 0, 0.0000000, 0.0000000, 0, -0.2500, 0.0000, 0.0000, 0.0000
ATT: -8, 2, 14
GPS: 592473465, 0, 0, 0.0000000, 0.0000000, 0, -0.3400, 0.0000, 0.0000, 0.0000
ATT: -8, 2, 15
GPS: 592473465, 0, 0, 0.0000000, 0.0000000, 0, -0.2500, 0.0000, 0.0000, 0.0000
ATT: -8, 2, 14
GPS: 592473465, 0, 0, 0.0000000, 0.0000000, 0, -0.2500, 0.0000, 0.0000, 0.0000
ATT: -8, 3, 14
GPS: 592473465, 0, 0, 0.0000000, 0.0000000, 0, -0.1700, 0.0000, 0.0000, 0.0000
ATT: -8, 4, 14
GPS: 592473465, 0, 0, 0.0000000, 0.0000000, 0, -0.0800, 0.0000, 0.0000, 0.0000
ATT: -7, 4, 14
GPS: 592473465, 0, 0, 0.0000000, 0.0000000, 0, -0.0800, 0.0000, 0.0000, 0.0000
ATT: -7, 5, 15
GPS: 592473465, 0, 0, 0.0000000, 0.0000000, 0, -0.0800, 0.0000, 0.0000, 0.0000
ATT: -6, 5, 15
GPS: 592473465, 0, 0, 0.0000000, 0.0000000, 0, -0.0800, 0.0000, 0.0000, 0.0000
ATT: -6, 5, 15
GPS: 592473465, 0, 0, 0.0000000, 0.0000000, 0, -0.0800, 0.0000, 0.0000, 0.0000
ATT: -6, 5, 15
GPS: 592473465, 0, 0, 0.0000000, 0.0000000, 0, -0.0800, 0.0000, 0.0000, 0.0000
ATT: -7, 4, 15
GPS: 592474465, 0, 0, 0.0000000, 0.0000000, 0, -0.0800, 0.0000, 0.0000, 0.0000
ATT: -7, 5, 16
GPS: 592474465, 0, 0, 0.0000000, 0.0000000, 0, 0.0000, 0.0000, 0.0000, 0.0000
ATT: -7, 5, 16
GPS: 592474465, 0, 0, 0.0000000, 0.0000000, 0, 0.0800, 0.0000, 0.0000, 0.0000
ATT: -7, 5, 16
GPS: 592474465, 0, 0, 0.0000000, 0.0000000, 0, 0.0000, 0.0000, 0.0000, 0.0000
ATT: -7, 4, 17
GPS: 592474465, 0, 0, 0.0000000, 0.0000000, 0, -0.0800, 0.0000, 0.0000, 0.0000
ATT: -7, 4, 17
GPS: 592474465, 0, 0, 0.0000000, 0.0000000, 0, -0.1700, 0.0000, 0.0000, 0.0000
ATT: -7, 5, 18
GPS: 592474465, 0, 0, 0.0000000, 0.0000000, 0, -0.2500, 0.0000, 0.0000, 0.0000
ATT: -7, 5, 19
GPS: 592474465, 0, 0, 0.0000000, 0.0000000, 0, -0.1700, 0.0000, 0.0000, 0.0000
ATT: -7, 5, 19
GPS: 592474465, 0, 0, 0.0000000, 0.0000000, 0, -0.0800, 0.0000, 0.0000, 0.0000
ATT: -7, 5, 20
GPS: 592474465, 0, 0, 0.0000000, 0.0000000, 0, -0.2500, 0.0000, 0.0000, 0.0000
ATT: -7, 6, 20
GPS: 592475465, 0, 0, 0.0000000, 0.0000000, 0, -0.3400, 0.0000, 0.0000, 0.0000
ATT: -7, 6, 20
GPS: 592475465, 0, 0, 0.0000000, 0.0000000, 0, -0.2500, 0.0000, 0.0000, 0.0000
ATT: -7, 7, 20
GPS: 592475465, 0, 0, 0.0000000, 0.0000000, 0, -0.2500, 0.0000, 0.0000, 0.0000
ATT: -7, 7, 21
GPS: 592475465, 0, 0, 0.0000000, 0.0000000, 0, -0.0800, 0.0000, 0.0000, 0.0000
ATT: -7, 7, 22
GPS: 592475465, 0, 0, 0.0000000, 0.0000000, 0, 0.0000, 0.0000, 0.0000, 0.0000
ATT: -7, 7, 23
GPS: 592475465, 0, 0, 0.0000000, 0.0000000, 0, -0.0800, 0.0000, 0.0000, 0.0000
ATT: -7, 8, 23
GPS: 592475465, 0, 0, 0.0000000, 0.0000000, 0, -0.0800, 0.0000, 0.0000, 0.0000
ATT: -4, 8, 24
GPS: 592475465, 0, 0, 0.0000000, 0.0000000, 0, -0.0800, 0.0000, 0.0000, 0.0000
ATT: 0, 8, 25
GPS: 592475465, 0, 0, 0.0000000, 0.0000000, 0, -0.0800, 0.0000, 0.0000, 0.0000
ATT: 1, 9, 26
GPS: 592475465, 0, 0, 0.0000000, 0.0000000, 0, 0.0000, 0.0000, 0.0000, 0.0000
ATT: 6, 8, 28
GPS: 592475465, 0, 0, 0.0000000, 0.0000000, 0, 0.0000, 0.0000, 0.0000, 0.0000
ATT: 9, 8, 29
GPS: 592476465, 0, 0, 0.0000000, 0.0000000, 0, 0.0000, 0.0000, 0.0000, 0.0000
ATT: 11, 7, 30
GPS: 592476465, 0, 0, 0.0000000, 0.0000000, 0, 0.0000, 0.0000, 0.0000, 0.0000
ATT: 7, 8, 31
GPS: 592476465, 0, 0, 0.0000000, 0.0000000, 0, -0.1700, 0.0000, 0.0000, 0.0000
ATT: 5, 7, 32
GPS: 592476465, 0, 0, 0.0000000, 0.0000000, 0, -0.2500, 0.0000, 0.0000, 0.0000
ATT: 5, 7, 32
GPS: 592476465, 0, 0, 0.0000000, 0.0000000, 0, -0.2500, 0.0000, 0.0000, 0.0000
ATT: 5, 7, 33
GPS: 592476465, 0, 0, 0.0000000, 0.0000000, 0, -0.2500, 0.0000, 0.0000, 0.0000
ATT: 5, 7, 33
GPS: 592476465, 0, 0, 0.0000000, 0.0000000, 0, -0.0800, 0.0000, 0.0000, 0.0000
ATT: 5, 7, 34
GPS: 592476465, 0, 0, 0.0000000, 0.0000000, 0, 0.0000, 0.0000, 0.0000, 0.0000
ATT: 6, 7, 34
GPS: 592476465, 0, 0, 0.0000000, 0.0000000, 0, 0.0000, 0.0000, 0.0000, 0.0000
ATT: 6, 7, 35
GPS: 592477469, 0, 0, 0.0000000, 0.0000000, 0, 0.0000, 0.0000, 0.0000, 0.0000
ATT: 6, 7, 35
GPS: 592477469, 0, 0, 0.0000000, 0.0000000, 0, 0.0800, 0.0000, 0.0000, 0.0000
ATT: 6, 6, 35
GPS: 592477469, 0, 0, 0.0000000, 0.0000000, 0, 0.1700, 0.0000, 0.0000, 0.0000
ATT: 5, 6, 35
GPS: 592477469, 0, 0, 0.0000000, 0.0000000, 0, 0.1700, 0.0000, 0.0000, 0.0000
ATT: 6, 5, 35
GPS: 592477469, 0, 0, 0.0000000, 0.0000000, 0, 0.1700, 0.0000, 0.0000, 0.0000
ATT: 6, 6, 36
GPS: 592477469, 0, 0, 0.0000000, 0.0000000, 0, 0.0000, 0.0000, 0.0000, 0.0000
ATT: 6, 6, 36
GPS: 592477469, 0, 0, 0.0000000, 0.0000000, 0, -0.0800, 0.0000, 0.0000, 0.0000
ATT: 5, 6, 36
GPS: 592477469, 0, 0, 0.0000000, 0.0000000, 0, 0.0800, 0.0000, 0.0000, 0.0000
ATT: 5, 6, 36
GPS: 592477469, 0, 0, 0.0000000, 0.0000000, 0, 0.2500, 0.0000, 0.0000, 0.0000
ATT: 5, 5, 37
GPS: 592477469, 0, 0, 0.0000000, 0.0000000, 0, 0.2500, 0.0000, 0.0000, 0.0000
ATT: 6, 4, 38
GPS: 592478465, 0, 0, 0.0000000, 0.0000000, 0, 0.2500, 0.0000, 0.0000, 0.0000
ATT: 5, 3, 38
GPS: 592478465, 0, 0, 0.0000000, 0.0000000, 0, 0.1700, 0.0000, 0.0000, 0.0000
ATT: 6, 4, 39
GPS: 592478465, 0, 0, 0.0000000, 0.0000000, 0, 0.1700, 0.0000, 0.0000, 0.0000
ATT: 5, 5, 39
GPS: 592478465, 0, 0, 0.0000000, 0.0000000, 0, 0.1700, 0.0000, 0.0000, 0.0000
ATT: 5, 4, 39
GPS: 592478465, 0, 0, 0.0000000, 0.0000000, 0, 0.1700, 0.0000, 0.0000, 0.0000
ATT: 6, 4, 40
GPS: 592478465, 0, 0, 0.0000000, 0.0000000, 0, 0.1700, 0.0000, 0.0000, 0.0000
ATT: 5, 4, 40
GPS: 592478465, 0, 0, 0.0000000, 0.0000000, 0, 0.1700, 0.0000, 0.0000, 0.0000
ATT: 5, 4, 41
GPS: 592478465, 0, 0, 0.0000000, 0.0000000, 0, 0.0800, 0.0000, 0.0000, 0.0000
ATT: 5, 3, 41
GPS: 592478465, 0, 0, 0.0000000, 0.0000000, 0, 0.0800, 0.0000, 0.0000, 0.0000
ATT: 5, 3, 42
GPS: 592478465, 0, 0, 0.0000000, 0.0000000, 0, 0.0800, 0.0000, 0.0000, 0.0000
ATT: 5, 3, 42
GPS: 592479465, 0, 0, 0.0000000, 0.0000000, 0, 0.0800, 0.0000, 0.0000, 0.0000
ATT: 5, 3, 43
GPS: 592479465, 0, 0, 0.0000000, 0.0000000, 0, 0.2500, 0.0000, 0.0000, 0.0000
ATT: 5, 3, 44
GPS: 592479465, 0, 0, 0.0000000, 0.0000000, 0, 0.3400, 0.0000, 0.0000, 0.0000
ATT: 5, 3, 44
GPS: 592479465, 0, 0, 0.0000000, 0.0000000, 0, 0.2500, 0.0000, 0.0000, 0.0000
ATT: 5, 3, 45
GPS: 592479465, 0, 0, 0.0000000, 0.0000000, 0, 0.1700, 0.0000, 0.0000, 0.0000
ATT: 5, 3, 45
GPS: 592479465, 0, 0, 0.0000000, 0.0000000, 0, 0.2500, 0.0000, 0.0000, 0.0000
ATT: 4, 3, 46
GPS: 592479465, 0, 0, 0.0000000, 0.0000000, 0, 0.2500, 0.0000, 0.0000, 0.0000
ATT: 5, 3, 46
GPS: 592479465, 0, 0, 0.0000000, 0.0000000, 0, 0.1700, 0.0000, 0.0000, 0.0000
ATT: 4, 2, 47
GPS: 592479465, 0, 0, 0.0000000, 0.0000000, 0, 0.1700, 0.0000, 0.0000, 0.0000
ATT: 5, 2, 48
GPS: 592479465, 0, 0, 0.0000000, 0.0000000, 0, 0.1700, 0.0000, 0.0000, 0.0000
ATT: 5, 2, 49
GPS: 592480465, 0, 0, 0.0000000, 0.0000000, 0, 0.1700, 0.0000, 0.0000, 0.0000
ATT: 5, 1, 50
GPS: 592480465, 0, 0, 0.0000000, 0.0000000, 0, 0.2500, 0.0000, 0.0000, 0.0000
ATT: 5, 1, 50
GPS: 592480465, 0, 0, 0.0000000, 0.0000000, 0, 0.3400, 0.0000, 0.0000, 0.0000
ATT: 5, 1, 51
GPS: 592480465, 0, 0, 0.0000000, 0.0000000, 0, 0.3400, 0.0000, 0.0000, 0.0000
ATT: 5, 0, 51
GPS: 592480465, 0, 0, 0.0000000, 0.0000000, 0, 0.3400, 0.0000, 0.0000, 0.0000
ATT: 5, 0, 51
GPS: 592480465, 0, 0, 0.0000000, 0.0000000, 0, 0.3400, 0.0000, 0.0000, 0.0000
ATT: 5, 0, 51
GPS: 592480465, 0, 0, 0.0000000, 0.0000000, 0, 0.3400, 0.0000, 0.0000, 0.0000
ATT: 5, 0, 51
GPS: 592480465, 0, 0, 0.0000000, 0.0000000, 0, 0.4200, 0.0000, 0.0000, 0.0000
ATT: 5, 0, 52
GPS: 592480465, 0, 0, 0.0000000, 0.0000000, 0, 0.4200, 0.0000, 0.0000, 0.0000
ATT: 6, 0, 52
GPS: 592480465, 0, 0, 0.0000000, 0.0000000, 0, 0.5100, 0.0000, 0.0000, 0.0000
ATT: 5, 0, 52
GPS: 592481469, 0, 0, 0.0000000, 0.0000000, 0, 0.5100, 0.0000, 0.0000, 0.0000
ATT: 5, 0, 53
GPS: 592481469, 0, 0, 0.0000000, 0.0000000, 0, 0.3400, 0.0000, 0.0000, 0.0000
ATT: 5, 0, 53
GPS: 592481469, 0, 0, 0.0000000, 0.0000000, 0, 0.2500, 0.0000, 0.0000, 0.0000
ATT: 4, 0, 54
GPS: 592481469, 0, 0, 0.0000000, 0.0000000, 0, 0.2500, 0.0000, 0.0000, 0.0000
ATT: 5, 0, 54
GPS: 592481469, 0, 0, 0.0000000, 0.0000000, 0, 0.2500, 0.0000, 0.0000, 0.0000
ATT: 5, 0, 55
GPS: 592481469, 0, 0, 0.0000000, 0.0000000, 0, 0.2500, 0.0000, 0.0000, 0.0000
ATT: 5, 0, 55
GPS: 592481469, 0, 0, 0.0000000, 0.0000000, 0, 0.2500, 0.0000, 0.0000, 0.0000
ATT: 4, 0, 56
GPS: 592481469, 0, 0, 0.0000000, 0.0000000, 0, 0.2500, 0.0000, 0.0000, 0.0000
ATT: 4, 0, 56
GPS: 592481469, 0, 0, 0.0000000, 0.0000000, 0, 0.2500, 0.0000, 0.0000, 0.0000
ATT: 5, 0, 57
GPS: 592481469, 0, 0, 0.0000000, 0.0000000, 0, 0.4200, 0.0000, 0.0000, 0.0000
ATT: 5, 0, 58
GPS: 592482465, 0, 0, 0.0000000, 0.0000000, 0, 0.6000, 0.0000, 0.0000, 0.0000
ATT: 5, 0, 58
GPS: 592482465, 0, 0, 0.0000000, 0.0000000, 0, 0.5100, 0.0000, 0.0000, 0.0000
ATT: 5, 0, 59
GPS: 592482465, 0, 0, 0.0000000, 0.0000000, 0, 0.4200, 0.0000, 0.0000, 0.0000
ATT: 5, 0, 60
GPS: 592482465, 0, 0, 0.0000000, 0.0000000, 0, 0.3400, 0.0000, 0.0000, 0.0000
ATT: 5, 1, 60
GPS: 592482465, 0, 0, 0.0000000, 0.0000000, 0, 0.3400, 0.0000, 0.0000, 0.0000
ATT: 5, 0, 60
GPS: 592482465, 0, 0, 0.0000000, 0.0000000, 0, 0.4200, 0.0000, 0.0000, 0.0000
ATT: 5, 0, 61
GPS: 592482465, 0, 0, 0.0000000, 0.0000000, 0, 0.5100, 0.0000, 0.0000, 0.0000
ATT: 5, 0, 61
GPS: 592482465, 0, 0, 0.0000000, 0.0000000, 0, 0.5100, 0.0000, 0.0000, 0.0000
ATT: 5, 0, 62
GPS: 592482465, 0, 0, 0.0000000, 0.0000000, 0, 0.5100, 0.0000, 0.0000, 0.0000
ATT: 5, 1, 63
GPS: 592482465, 0, 0, 0.0000000, 0.0000000, 0, 0.5100, 0.0000, 0.0000, 0.0000
ATT: 5, 1, 63
GPS: 592483465, 0, 0, 0.0000000, 0.0000000, 0, 0.5100, 0.0000, 0.0000, 0.0000
ATT: 5, 2, 63
GPS: 592483465, 0, 0, 0.0000000, 0.0000000, 0, 0.4200, 0.0000, 0.0000, 0.0000
ATT: 5, 1, 63
GPS: 592483465, 0, 0, 0.0000000, 0.0000000, 0, 0.4200, 0.0000, 0.0000, 0.0000
ATT: 5, 1, 64
GPS: 592483465, 0, 0, 0.0000000, 0.0000000, 0, 0.4200, 0.0000, 0.0000, 0.0000
ATT: 4, 1, 65
GPS: 592483465, 0, 0, 0.0000000, 0.0000000, 0, 0.4200, 0.0000, 0.0000, 0.0000
ATT: 5, 2, 65
GPS: 592483465, 0, 0, 0.0000000, 0.0000000, 0, 0.4200, 0.0000, 0.0000, 0.0000
ATT: 5, 2, 66
GPS: 592483465, 0, 0, 0.0000000, 0.0000000, 0, 0.4200, 0.0000, 0.0000, 0.0000
ATT: 5, 2, 66
GPS: 592483465, 0, 0, 0.0000000, 0.0000000, 0, 0.2500, 0.0000, 0.0000, 0.0000
ATT: 5, 2, 66
GPS: 592483465, 0, 0, 0.0000000, 0.0000000, 0, 0.0800, 0.0000, 0.0000, 0.0000
ATT: 5, 2, 67
GPS: 592483465, 0, 0, 0.0000000, 0.0000000, 0, 0.0800, 0.0000, 0.0000, 0.0000
ATT: 4, 2, 67
GPS: 592484465, 0, 0, 0.0000000, 0.0000000, 0, 0.0800, 0.0000, 0.0000, 0.0000
ATT: 5, 2, 68
GPS: 592484465, 0, 0, 0.0000000, 0.0000000, 0, 0.0800, 0.0000, 0.0000, 0.0000
ATT: 5, 3, 69
GPS: 592484465, 0, 0, 0.0000000, 0.0000000, 0, 0.0800, 0.0000, 0.0000, 0.0000
ATT: 5, 3, 70
GPS: 592484465, 0, 0, 0.0000000, 0.0000000, 0, 0.0000, 0.0000, 0.0000, 0.0000
ATT: 5, 3, 70
GPS: 592484465, 0, 0, 0.0000000, 0.0000000, 0, -0.0800, 0.0000, 0.0000, 0.0000
ATT: 5, 3, 71
GPS: 592484465, 0, 0, 0.0000000, 0.0000000, 0, -0.1700, 0.0000, 0.0000, 0.0000
ATT: 5, 3, 71
GPS: 592484465, 0, 0, 0.0000000, 0.0000000, 0, -0.1700, 0.0000, 0.0000, 0.0000
ATT: 5, 2, 72
GPS: 592484465, 0, 0, 0.0000000, 0.0000000, 0, -0.1700, 0.0000, 0.0000, 0.0000
ATT: 5, 2, 72
GPS: 592484465, 0, 0, 0.0000000, 0.0000000, 0, -0.1700, 0.0000, 0.0000, 0.0000
ATT: 6, 2, 72
GPS: 592484465, 0, 0, 0.0000000, 0.0000000, 0, -0.0800, 0.0000, 0.0000, 0.0000
ATT: 6, 2, 73
GPS: 592485465, 0, 0, 0.0000000, 0.0000000, 0, 0.0000, 0.0000, 0.0000, 0.0000
ATT: 6, 2, 73
GPS: 592485465, 0, 0, 0.0000000, 0.0000000, 0, 0.0800, 0.0000, 0.0000, 0.0000
ATT: 5, 1, 74
GPS: 592485465, 0, 0, 0.0000000, 0.0000000, 0, 0.0800, 0.0000, 0.0000, 0.0000
ATT: 5, 1, 74
GPS: 592485465, 0, 0, 0.0000000, 0.0000000, 0, 0.1700, 0.0000, 0.0000, 0.0000
ATT: 5, 1, 75
GPS: 592485465, 0, 0, 0.0000000, 0.0000000, 0, 0.1700, 0.0000, 0.0000, 0.0000
ATT: 5, 0, 75
GPS: 592485465, 0, 0, 0.0000000, 0.0000000, 0, 0.1700, 0.0000, 0.0000, 0.0000
ATT: 6, 0, 76
GPS: 592485465, 0, 0, 0.0000000, 0.0000000, 0, 0.1700, 0.0000, 0.0000, 0.0000
ATT: 5, 0, 76
GPS: 592485465, 0, 0, 0.0000000, 0.0000000, 0, 0.0000, 0.0000, 0.0000, 0.0000
ATT: 5, 0, 77
GPS: 592485465, 0, 0, 0.0000000, 0.0000000, 0, -0.0800, 0.0000, 0.0000, 0.0000
ATT: 5, 0, 77
GPS: 592485465, 0, 0, 0.0000000, 0.0000000, 0, 0.0000, 0.0000, 0.0000, 0.0000
ATT: 5, 0, 78
GPS: 592486465, 0, 0, 0.0000000, 0.0000000, 0, 0.0800, 0.0000, 0.0000, 0.0000
ATT: 5, 0, 79
GPS: 592486465, 0, 0, 0.0000000, 0.0000000, 0, 0.0000, 0.0000, 0.0000, 0.0000
ATT: 5, 0, 80
GPS: 592486465, 0, 0, 0.0000000, 0.0000000, 0, -0.0800, 0.0000, 0.0000, 0.0000
ATT: 5, 0, 81
GPS: 592486465, 0, 0, 0.0000000, 0.0000000, 0, -0.0800, 0.0000, 0.0000, 0.0000
ATT: 5, 0, 82
GPS: 592486465, 0, 0, 0.0000000, 0.0000000, 0, -0.0800, 0.0000, 0.0000, 0.0000
ATT: 5, 0, 83
GPS: 592486465, 0, 0, 0.0000000, 0.0000000, 0, -0.0800, 0.0000, 0.0000, 0.0000
ATT: 4, 0, 84
GPS: 592486465, 0, 0, 0.0000000, 0.0000000, 0, -0.0800, 0.0000, 0.0000, 0.0000
ATT: 4, -1, 84
GPS: 592486465, 0, 0, 0.0000000, 0.0000000, 0, -0.1700, 0.0000, 0.0000, 0.0000
ATT: 4, -1, 85
GPS: 592486465, 0, 0, 0.0000000, 0.0000000, 0, -0.1700, 0.0000, 0.0000, 0.0000
ATT: 4, -2, 86
GPS: 592486465, 0, 0, 0.0000000, 0.0000000, 0, -0.1700, 0.0000, 0.0000, 0.0000
ATT: 4, -2, 87
GPS: 592487465, 0, 0, 0.0000000, 0.0000000, 0, -0.1700, 0.0000, 0.0000, 0.0000
ATT: 4, -3, 87
GPS: 592487465, 0, 0, 0.0000000, 0.0000000, 0, -0.1700, 0.0000, 0.0000, 0.0000
ATT: 4, -3, 88
GPS: 592487465, 0, 0, 0.0000000, 0.0000000, 0, -0.1700, 0.0000, 0.0000, 0.0000
ATT: 4, -3, 88
GPS: 592487465, 0, 0, 0.0000000, 0.0000000, 0, 0.0000, 0.0000, 0.0000, 0.0000
ATT: 4, -3, 89
GPS: 592487465, 0, 0, 0.0000000, 0.0000000, 0, 0.1700, 0.0000, 0.0000, 0.0000
ATT: 4, -3, 89
GPS: 592487465, 0, 0, 0.0000000, 0.0000000, 0, 0.0800, 0.0000, 0.0000, 0.0000
ATT: 4, -4, 90
GPS: 592487465, 0, 0, 0.0000000, 0.0000000, 0, 0.0000, 0.0000, 0.0000, 0.0000
ATT: 4, -4, 91
GPS: 592487465, 0, 0, 0.0000000, 0.0000000, 0, 0.0000, 0.0000, 0.0000, 0.0000
ATT: 3, -3, 91
GPS: 592487465, 0, 0, 0.0000000, 0.0000000, 0, 0.0000, 0.0000, 0.0000, 0.0000
ATT: 4, -2, 92
GPS: 592487465, 0, 0, 0.0000000, 0.0000000, 0, 0.0000, 0.0000, 0.0000, 0.0000
ATT: 4, -2, 93
GPS: 592487465, 0, 0, 0.0000000, 0.0000000, 0, 0.0000, 0.0000, 0.0000, 0.0000
ATT: 4, -1, 94
GPS: 592488471, 0, 3, 0.0000000, 0.0000000, 0, 0.1700, 33.5000, 0.0500, 0.0000
ATT: 4, -2, 95
GPS: 592488471, 0, 3, 0.0000000, 0.0000000, 0, 0.2500, 33.5000, 0.0500, 0.0000
ATT: 4, -2, 96
GPS: 592488471, 0, 3, 0.0000000, 0.0000000, 0, 0.2500, 33.5000, 0.0500, 0.0000
ATT: 3, -2, 97
GPS: 592488471, 0, 3, 0.0000000, 0.0000000, 0, 0.2500, 33.5000, 0.0500, 0.0000
ATT: 3, -2, 98
GPS: 592488471, 0, 3, 0.0000000, 0.0000000, 0, 0.0800, 33.5000, 0.0500, 0.0000
ATT: 4, -2, 99
GPS: 592488471, 0, 3, 0.0000000, 0.0000000, 0, 0.0000, 33.5000, 0.0500, 0.0000
ATT: 3, -1, 100
GPS: 592488471, 0, 3, 0.0000000, 0.0000000, 0, 0.0800, 33.5000, 0.0500, 0.0000
ATT: 3, -2, 100
GPS: 592488471, 0, 3, 0.0000000, 0.0000000, 0, 0.0800, 33.5000, 0.0500, 0.0000
ATT: 3, -1, 101
GPS: 592488471, 0, 3, 0.0000000, 0.0000000, 0, 0.0000, 33.5000, 0.0500, 0.0000
ATT: 3, -1, 102
GPS: 592489475, 0, 3, 0.0000000, 0.0000000, 0, 0.0000, 33.5000, 0.0800, 0.0000
ATT: 5, -1, 105
GPS: 592489475, 0, 3, 0.0000000, 0.0000000, 0, -0.2500, 33.5000, 0.0800, 0.0000
ATT: 6, 0, 106
GPS: 592489475, 0, 3, 0.0000000, 0.0000000, 0, -0.4200, 33.5000, 0.0800, 0.0000
ATT: 5, 0, 106
GPS: 592489475, 0, 3, 0.0000000, 0.0000000, 0, -0.4200, 33.5000, 0.0800, 0.0000
ATT: 5, 0, 107
GPS: 592489475, 0, 3, 0.0000000, 0.0000000, 0, -0.4200, 33.5000, 0.0800, 0.0000
ATT: 5, 0, 108
GPS: 592489475, 0, 3, 0.0000000, 0.0000000, 0, -0.4200, 33.5000, 0.0800, 0.0000
ATT: 5, 0, 109
GPS: 592489475, 0, 3, 0.0000000, 0.0000000, 0, -0.4200, 33.5000, 0.0800, 0.0000
ATT: 6, 0, 109
GPS: 592489475, 0, 3, 0.0000000, 0.0000000, 0, -0.4200, 33.5000, 0.0800, 0.0000
ATT: 5, 0, 110
GPS: 592489475, 0, 3, 0.0000000, 0.0000000, 0, -0.4200, 33.5000, 0.0800, 0.0000
ATT: 5, 0, 111
GPS: 592489475, 0, 3, 0.0000000, 0.0000000, 0, -0.5100, 33.5000, 0.0800, 0.0000
ATT: 5, 0, 111
GPS: 592490471, 0, 3, 0.0000000, 0.0000000, 0, -0.5100, 33.5000, 0.0800, 0.0000
ATT: 5, 0, 112
GPS: 592490471, 0, 3, 0.0000000, 0.0000000, 0, -0.3400, 33.5000, 0.0800, 0.0000
ATT: 5, 0, 113
GPS: 592490471, 0, 3, 0.0000000, 0.0000000, 0, -0.2500, 33.5000, 0.0800, 0.0000
ATT: 4, 0, 114
GPS: 592490471, 0, 3, 0.0000000, 0.0000000, 0, -0.3400, 33.5000, 0.0800, 0.0000
ATT: 5, 0, 115
GPS: 592490471, 0, 3, 0.0000000, 0.0000000, 0, -0.3400, 33.5000, 0.0800, 0.0000
ATT: 5, -1, 115
GPS: 592490471, 0, 3, 0.0000000, 0.0000000, 0, -0.3400, 33.5000, 0.0800, 0.0000
ATT: 5, 0, 117
GPS: 592490471, 0, 3, 0.0000000, 0.0000000, 0, -0.3400, 33.5000, 0.0800, 0.0000
ATT: 5, 0, 117
GPS: 592490471, 0, 3, 0.0000000, 0.0000000, 0, -0.3400, 33.5000, 0.0800, 0.0000
ATT: 5, 0, 119
GPS: 592490471, 0, 3, 0.0000000, 0.0000000, 0, -0.3400, 33.5000, 0.0800, 0.0000
ATT: 5, 0, 121
GPS: 592490471, 0, 3, 0.0000000, 0.0000000, 0, -0.3400, 33.5000, 0.0800, 0.0000
ATT: 5, 0, 122
GPS: 592491471, 0, 3, 0.0000000, 0.0000000, 0, -0.3400, 33.5000, 0.0700, 0.0000
ATT: 5, 0, 122
GPS: 592491471, 0, 3, 0.0000000, 0.0000000, 0, -0.1700, 33.5000, 0.0700, 0.0000
ATT: 6, 0, 125
GPS: 592491471, 0, 3, 0.0000000, 0.0000000, 0, -0.0800, 33.5000, 0.0700, 0.0000
ATT: 6, 1, 125
GPS: 592491471, 0, 3, 0.0000000, 0.0000000, 0, -0.0800, 33.5000, 0.0700, 0.0000
ATT: 5, 2, 125
GPS: 592491471, 0, 3, 0.0000000, 0.0000000, 0, -0.0800, 33.5000, 0.0700, 0.0000
ATT: 5, 2, 126
GPS: 592491471, 0, 3, 0.0000000, 0.0000000, 0, -0.1700, 33.5000, 0.0700, 0.0000
ATT: 5, 3, 126
GPS: 592491471, 0, 3, 0.0000000, 0.0000000, 0, -0.2500, 33.5000, 0.0700, 0.0000
ATT: 5, 3, 127
GPS: 592491471, 0, 3, 0.0000000, 0.0000000, 0, -0.2500, 33.5000, 0.0700, 0.0000
ATT: 4, 2, 128
GPS: 592491471, 0, 3, 0.0000000, 0.0000000, 0, -0.2500, 33.5000, 0.0700, 0.0000
ATT: 5, 2, 129
GPS: 592491471, 0, 3, 0.0000000, 0.0000000, 0, -0.3400, 33.5000, 0.0700, 0.0000
ATT: 5, 1, 130
GPS: 592492471, 0, 3, 0.0000000, 0.0000000, 0, -0.3400, 33.5000, 0.0300, 0.0000
ATT: 6, 1, 131
GPS: 592492471, 0, 3, 0.0000000, 0.0000000, 0, -0.2500, 33.5000, 0.0300, 0.0000
ATT: 6, 1, 131
GPS: 592492471, 0, 3, 0.0000000, 0.0000000, 0, -0.2500, 33.5000, 0.0300, 0.0000
ATT: 6, 1, 132
GPS: 592492471, 0, 3, 0.0000000, 0.0000000, 0, -0.1700, 33.5000, 0.0300, 0.0000
ATT: 6, 1, 133
GPS: 592492471, 0, 3, 0.0000000, 0.0000000, 0, -0.1700, 33.5000, 0.0300, 0.0000
PM:20019,1001,20,0,0,0,0,0,1,1,2,0,0, 
ATT: 5, 1, 134
GPS: 592492471, 0, 3, 0.0000000, 0.0000000, 0, -0.1700, 33.5000, 0.0300, 0.0000
ATT: 5, 1, 135
GPS: 592492471, 0, 3, 0.0000000, 0.0000000, 0, -0.1700, 33.5000, 0.0300, 0.0000
ATT: 6, 2, 136
GPS: 592492471, 0, 3, 0.0000000, 0.0000000, 0, -0.3400, 33.5000, 0.0300, 0.0000
ATT: 5, 2, 136
GPS: 592492471, 0, 3, 0.0000000, 0.0000000, 0, -0.4200, 33.5000, 0.0300, 0.0000
ATT: 5, 2, 137
GPS: 592492471, 0, 3, 0.0000000, 0.0000000, 0, -0.5100, 33.5000, 0.0300, 0.0000
ATT: 8, 2, 140
GPS: 592493471, 0, 3, 0.0000000, 0.0000000, 0, -0.6000, 33.5000, 0.0300, 0.0000
ATT: 3, 2, 137
GPS: 592493471, 0, 3, 0.0000000, 0.0000000, 0, -0.5100, 33.5000, 0.0300, 0.0000
ATT: 6, 3, 138
GPS: 592493471, 0, 3, 0.0000000, 0.0000000, 0, -0.4200, 33.5000, 0.0300, 0.0000
ATT: 6, 3, 140
GPS: 592493471, 0, 3, 0.0000000, 0.0000000, 0, -0.4200, 33.5000, 0.0300, 0.0000
ATT: 5, 3, 140
GPS: 592493471, 0, 3, 0.0000000, 0.0000000, 0, -0.4200, 33.5000, 0.0300, 0.0000
ATT: 6, 3, 142
GPS: 592493471, 0, 3, 0.0000000, 0.0000000, 0, -0.3400, 33.5000, 0.0300, 0.0000
ATT: 6, 4, 142
GPS: 592493471, 0, 3, 0.0000000, 0.0000000, 0, -0.2500, 33.5000, 0.0300, 0.0000
ATT: 6, 4, 143
GPS: 592493471, 0, 3, 0.0000000, 0.0000000, 0, -0.3400, 33.5000, 0.0300, 0.0000
ATT: 6, 3, 144
GPS: 592493471, 0, 3, 0.0000000, 0.0000000, 0, -0.3400, 33.5000, 0.0300, 0.0000
ATT: 6, 4, 145
GPS: 592493471, 0, 3, 0.0000000, 0.0000000, 0, -0.4200, 33.5000, 0.0300, 0.0000
ATT: 5, 4, 146
GPS: 592494471, 0, 3, 0.0000000, 0.0000000, 0, -0.5100, 33.5000, 0.0300, 0.0000
ATT: 6, 4, 147
GPS: 592494471, 0, 3, 0.0000000, 0.0000000, 0, -0.5100, 33.5000, 0.0300, 0.0000
ATT: 5, 5, 147
GPS: 592494471, 0, 3, 0.0000000, 0.0000000, 0, -0.5100, 33.5000, 0.0300, 0.0000
ATT: 5, 5, 148
GPS: 592494471, 0, 3, 0.0000000, 0.0000000, 0, -0.3400, 33.5000, 0.0300, 0.0000
ATT: 6, 4, 149
GPS: 592494471, 0, 3, 0.0000000, 0.0000000, 0, -0.1700, 33.5000, 0.0300, 0.0000
ATT: 5, 4, 150
GPS: 592494471, 0, 3, 0.0000000, 0.0000000, 0, -0.1700, 33.5000, 0.0300, 0.0000
ATT: 5, 4, 150
GPS: 592494471, 0, 3, 0.0000000, 0.0000000, 0, -0.1700, 33.5000, 0.0300, 0.0000
ATT: 6, 4, 151
GPS: 592494471, 0, 3, 0.0000000, 0.0000000, 0, -0.1700, 33.5000, 0.0300, 0.0000
ATT: 6, 4, 152
GPS: 592494471, 0, 3, 0.0000000, 0.0000000, 0, -0.1700, 33.5000, 0.0300, 0.0000
ATT: 6, 4, 153
GPS: 592494471, 0, 3, 0.0000000, 0.0000000, 0, -0.0800, 33.5000, 0.0300, 0.0000
ATT: 6, 4, 154
GPS: 592495471, 0, 3, 0.0000000, 0.0000000, 0, 0.0000, 33.5000, 0.0500, 0.0000
ATT: 6, 3, 154
GPS: 592495471, 0, 3, 0.0000000, 0.0000000, 0, -0.1700, 33.5000, 0.0500, 0.0000
ATT: 6, 3, 156
GPS: 592495471, 0, 3, 0.0000000, 0.0000000, 0, -0.2500, 33.5000, 0.0500, 0.0000
ATT: 5, 4, 157
GPS: 592495471, 0, 3, 0.0000000, 0.0000000, 0, -0.2500, 33.5000, 0.0500, 0.0000
ATT: 5, 3, 158
GPS: 592495471, 0, 3, 0.0000000, 0.0000000, 0, -0.2500, 33.5000, 0.0500, 0.0000
ATT: 5, 3, 158
GPS: 592495471, 0, 3, 0.0000000, 0.0000000, 0, -0.2500, 33.5000, 0.0500, 0.0000
ATT: 5, 4, 159
GPS: 592495471, 0, 3, 0.0000000, 0.0000000, 0, -0.2500, 33.5000, 0.0500, 0.0000
ATT: 5, 4, 160
GPS: 592495471, 0, 3, 0.0000000, 0.0000000, 0, -0.2500, 33.5000, 0.0500, 0.0000
ATT: 5, 4, 161
GPS: 592495471, 0, 3, 0.0000000, 0.0000000, 0, -0.2500, 33.5000, 0.0500, 0.0000
ATT: 5, 3, 162
GPS: 592495471, 0, 3, 0.0000000, 0.0000000, 0, -0.1700, 33.5000, 0.0500, 0.0000
ATT: 6, 3, 163
GPS: 592496471, 0, 3, 0.0000000, 0.0000000, 0, -0.1700, 33.5000, 0.0500, 0.0000
ATT: 6, 3, 164
GPS: 592496471, 0, 3, 0.0000000, 0.0000000, 0, -0.2500, 33.5000, 0.0500, 0.0000
ATT: 5, 3, 165
GPS: 592496471, 0, 3, 0.0000000, 0.0000000, 0, -0.3400, 33.5000, 0.0500, 0.0000
ATT: 5, 2, 165
GPS: 592496471, 0, 3, 0.0000000, 0.0000000, 0, -0.2500, 33.5000, 0.0500, 0.0000
ATT: 5, 2, 166
GPS: 592496471, 0, 3, 0.0000000, 0.0000000, 0, -0.2500, 33.5000, 0.0500, 0.0000
ATT: 6, 1, 167
GPS: 592496471, 0, 3, 0.0000000, 0.0000000, 0, -0.2500, 33.5000, 0.0500, 0.0000
ATT: 5, 2, 167
GPS: 592496471, 0, 3, 0.0000000, 0.0000000, 0, -0.2500, 33.5000, 0.0500, 0.0000
ATT: 6, 2, 168
GPS: 592496471, 0, 3, 0.0000000, 0.0000000, 0, -0.1700, 33.5000, 0.0500, 0.0000
ATT: 6, 2, 169
GPS: 592496471, 0, 3, 0.0000000, 0.0000000, 0, -0.0800, 33.5000, 0.0500, 0.0000
ATT: 6, 2, 170
GPS: 592496471, 0, 3, 0.0000000, 0.0000000, 0, -0.1700, 33.5000, 0.0500, 0.0000
ATT: 6, 2, 171
GPS: 592497471, 0, 3, 0.0000000, 0.0000000, 0, -0.1700, 33.5000, 0.0500, 0.0000
ATT: 5, 2, 172
GPS: 592497471, 0, 3, 0.0000000, 0.0000000, 0, -0.1700, 33.5000, 0.0500, 0.0000
ATT: 6, 2, 173
GPS: 592497471, 0, 3, 0.0000000, 0.0000000, 0, -0.1700, 33.5000, 0.0500, 0.0000
ATT: 6, 2, 175
GPS: 592497471, 0, 3, 0.0000000, 0.0000000, 0, -0.0800, 33.5000, 0.0500, 0.0000
ATT: 5, 3, 176
GPS: 592497471, 0, 3, 0.0000000, 0.0000000, 0, -0.0800, 33.5000, 0.0500, 0.0000
ATT: 5, 3, 176
GPS: 592497471, 0, 3, 0.0000000, 0.0000000, 0, -0.0800, 33.5000, 0.0500, 0.0000
ATT: 5, 2, 177
GPS: 592497471, 0, 3, 0.0000000, 0.0000000, 0, -0.0800, 33.5000, 0.0500, 0.0000
ATT: 5, 2, 178
GPS: 592497471, 0, 3, 0.0000000, 0.0000000, 0, -0.2500, 33.5000, 0.0500, 0.0000
ATT: 5, 2, 178
GPS: 592497471, 0, 3, 0.0000000, 0.0000000, 0, -0.3400, 33.5000, 0.0500, 0.0000
ATT: 5, 2, 179
GPS: 592497471, 0, 3, 0.0000000, 0.0000000, 0, -0.2500, 33.5000, 0.0500, 0.0000
ATT: 5, 3, 180
GPS: 592498471, 0, 3, 0.0000000, 0.0000000, 0, -0.1700, 33.5000, 0.0900, 0.0000
ATT: 6, 3, 180
GPS: 592498471, 0, 3, 0.0000000, 0.0000000, 0, -0.1700, 33.5000, 0.0900, 0.0000
ATT: 5, 3, 181
GPS: 592498471, 0, 3, 0.0000000, 0.0000000, 0, -0.1700, 33.5000, 0.0900, 0.0000
ATT: 5, 3, 182
GPS: 592498471, 0, 3, 0.0000000, 0.0000000, 0, -0.1700, 33.5000, 0.0900, 0.0000
ATT: 6, 3, 183
GPS: 592498471, 0, 3, 0.0000000, 0.0000000, 0, -0.1700, 33.5000, 0.0900, 0.0000
ATT: 5, 3, 184
GPS: 592498471, 0, 3, 0.0000000, 0.0000000, 0, -0.1700, 33.5000, 0.0900, 0.0000
ATT: 6, 4, 184
GPS: 592498471, 0, 3, 0.0000000, 0.0000000, 0, -0.1700, 33.5000, 0.0900, 0.0000
ATT: 5, 4, 185
GPS: 592498471, 0, 3, 0.0000000, 0.0000000, 0, -0.0800, 33.5000, 0.0900, 0.0000
ATT: 5, 4, 186
GPS: 592498471, 0, 3, 0.0000000, 0.0000000, 0, -0.0800, 33.5000, 0.0900, 0.0000
ATT: 5, 4, 187
GPS: 592498471, 0, 3, 0.0000000, 0.0000000, 0, -0.1700, 33.5000, 0.0900, 0.0000
ATT: 5, 3, 188
GPS: 592499471, 0, 3, 0.0000000, 0.0000000, 0, -0.2500, 33.5000, 0.0100, 0.0000
ATT: 5, 3, 189
GPS: 592499471, 0, 3, 0.0000000, 0.0000000, 0, -0.1700, 33.5000, 0.0100, 0.0000
ATT: 5, 3, 191
GPS: 592499471, 0, 3, 0.0000000, 0.0000000, 0, -0.1700, 33.5000, 0.0100, 0.0000
ATT: 6, 3, 192
GPS: 592499471, 0, 3, 0.0000000, 0.0000000, 0, -0.2500, 33.5000, 0.0100, 0.0000
ATT: 5, 3, 193
GPS: 592499471, 0, 3, 0.0000000, 0.0000000, 0, -0.3400, 33.5000, 0.0100, 0.0000
ATT: 5, 3, 194
GPS: 592499471, 0, 3, 0.0000000, 0.0000000, 0, -0.3400, 33.5000, 0.0100, 0.0000
ATT: 5, 3, 195
GPS: 592499471, 0, 3, 0.0000000, 0.0000000, 0, -0.3400, 33.5000, 0.0100, 0.0000
ATT: 5, 2, 196
GPS: 592499471, 0, 3, 0.0000000, 0.0000000, 0, -0.3400, 33.5000, 0.0100, 0.0000
ATT: 5, 2, 197
GPS: 592499471, 0, 3, 0.0000000, 0.0000000, 0, -0.3400, 33.5000, 0.0100, 0.0000
ATT: 5, 1, 198
GPS: 592499471, 0, 3, 0.0000000, 0.0000000, 0, -0.3400, 33.5000, 0.0100, 0.0000
ATT: 4, 1, 199
GPS: 592500471, 0, 3, 0.0000000, 0.0000000, 0, -0.3400, 33.5000, 0.0400, 0.0000
ATT: 4, 2, 199
GPS: 592500471, 0, 3, 0.0000000, 0.0000000, 0, -0.1700, 33.5000, 0.0400, 0.0000
ATT: 4, 2, 200
GPS: 592500471, 0, 3, 0.0000000, 0.0000000, 0, -0.0800, 33.5000, 0.0400, 0.0000
ATT: 4, 2, 201
GPS: 592500471, 0, 3, 0.0000000, 0.0000000, 0, 0.0000, 33.5000, 0.0400, 0.0000
ATT: 4, 1, 202
GPS: 592500471, 0, 3, 0.0000000, 0.0000000, 0, 0.0000, 33.5000, 0.0400, 0.0000
ATT: 4, 2, 204
GPS: 592500471, 0, 3, 0.0000000, 0.0000000, 0, 0.0800, 33.5000, 0.0400, 0.0000
ATT: 4, 2, 204
GPS: 592500471, 0, 3, 0.0000000, 0.0000000, 0, 0.0800, 33.5000, 0.0400, 0.0000
ATT: 4, 1, 205
GPS: 592500471, 0, 3, 0.0000000, 0.0000000, 0, 0.0000, 33.5000, 0.0400, 0.0000
ATT: 4, 1, 206
GPS: 592500471, 0, 3, 0.0000000, 0.0000000, 0, 0.0000, 33.5000, 0.0400, 0.0000
ATT: 4, 1, 206
GPS: 592500471, 0, 3, 0.0000000, 0.0000000, 0, -0.0800, 33.5000, 0.0400, 0.0000
ATT: 4, 1, 208
GPS: 592501475, 0, 3, 0.0000000, 0.0000000, 0, -0.1700, 33.5000, 0.0500, 0.0000
ATT: 4, 0, 209
GPS: 592501475, 0, 3, 0.0000000, 0.0000000, 0, -0.1700, 33.5000, 0.0500, 0.0000
ATT: 4, 0, 210
GPS: 592501475, 0, 3, 0.0000000, 0.0000000, 0, -0.1700, 33.5000, 0.0500, 0.0000
ATT: 4, 0, 211
GPS: 592501475, 0, 3, 0.0000000, 0.0000000, 0, -0.0800, 33.5000, 0.0500, 0.0000
ATT: 3, 0, 212
GPS: 592501475, 0, 3, 0.0000000, 0.0000000, 0, 0.0000, 33.5000, 0.0500, 0.0000
ATT: 4, 0, 212
GPS: 592501475, 0, 3, 0.0000000, 0.0000000, 0, -0.0800, 33.5000, 0.0500, 0.0000
ATT: 4, 0, 213
GPS: 592501475, 0, 3, 0.0000000, 0.0000000, 0, -0.1700, 33.5000, 0.0500, 0.0000
ATT: 4, 0, 214
GPS: 592501475, 0, 3, 0.0000000, 0.0000000, 0, -0.0800, 33.5000, 0.0500, 0.0000
ATT: 4, 0, 214
GPS: 592501475, 0, 3, 0.0000000, 0.0000000, 0, 0.0000, 33.5000, 0.0500, 0.0000
ATT: 4, 0, 215
GPS: 592501475, 0, 3, 0.0000000, 0.0000000, 0, -0.0800, 33.5000, 0.0500, 0.0000
ATT: 4, 0, 216
GPS: 592502475, 0, 3, 0.0000000, 0.0000000, 0, -0.1700, 33.5000, 0.0300, 0.0000
ATT: 4, 0, 216
GPS: 592502475, 0, 3, 0.0000000, 0.0000000, 0, -0.1700, 33.5000, 0.0300, 0.0000
ATT: 4, 0, 217
GPS: 592502475, 0, 3, 0.0000000, 0.0000000, 0, -0.1700, 33.5000, 0.0300, 0.0000
ATT: 4, 0, 217
GPS: 592502475, 0, 3, 0.0000000, 0.0000000, 0, -0.0800, 33.5000, 0.0300, 0.0000
ATT: 4, 0, 218
GPS: 592502475, 0, 3, 0.0000000, 0.0000000, 0, 0.0000, 33.5000, 0.0300, 0.0000
ATT: 4, 0, 218
GPS: 592502475, 0, 3, 0.0000000, 0.0000000, 0, 0.1700, 33.5000, 0.0300, 0.0000
ATT: 4, 0, 219
GPS: 592502475, 0, 3, 0.0000000, 0.0000000, 0, 0.2500, 33.5000, 0.0300, 0.0000
ATT: 4, 0, 220
GPS: 592502475, 0, 3, 0.0000000, 0.0000000, 0, 0.2500, 33.5000, 0.0300, 0.0000
ATT: 3, 0, 221
GPS: 592502475, 0, 3, 0.0000000, 0.0000000, 0, 0.2500, 33.5000, 0.0300, 0.0000
ATT: 3, 0, 222
GPS: 592502475, 0, 3, 0.0000000, 0.0000000, 0, 0.2500, 33.5000, 0.0300, 0.0000
ATT: 3, 0, 223
GPS: 592503471, 0, 3, 0.0000000, 0.0000000, 0, 0.2500, 33.5000, 0.0300, 0.0000
ATT: 2, 0, 223
GPS: 592503471, 0, 3, 0.0000000, 0.0000000, 0, 0.2500, 33.5000, 0.0300, 0.0000
ATT: 1, 1, 224
GPS: 592503471, 0, 3, 0.0000000, 0.0000000, 0, 0.2500, 33.5000, 0.0300, 0.0000
ATT: 3, 0, 225
GPS: 592503471, 0, 3, 0.0000000, 0.0000000, 0, 0.0800, 33.5000, 0.0300, 0.0000
ATT: 3, 0, 226
GPS: 592503471, 0, 3, 0.0000000, 0.0000000, 0, -0.0800, 33.5000, 0.0300, 0.0000
ATT: 3, 0, 226
GPS: 592503471, 0, 3, 0.0000000, 0.0000000, 0, -0.2500, 33.5000, 0.0300, 0.0000
ATT: 3, 0, 227
GPS: 592503471, 0, 3, 0.0000000, 0.0000000, 0, -0.3400, 33.5000, 0.0300, 0.0000
ATT: 3, 0, 228
GPS: 592503471, 0, 3, 0.0000000, 0.0000000, 0, -0.1700, 33.5000, 0.0300, 0.0000
ATT: 4, 0, 228
GPS: 592503471, 0, 3, 0.0000000, 0.0000000, 0, -0.0800, 33.5000, 0.0300, 0.0000
ATT: 4, 0, 229
GPS: 592503471, 0, 3, 0.0000000, 0.0000000, 0, -0.1700, 33.5000, 0.0300, 0.0000
ATT: 4, 0, 230
GPS: 592504471, 0, 3, 0.0000000, 0.0000000, 0, -0.1700, 33.5000, 0.0400, 0.0000
ATT: 4, -1, 231
GPS: 592504471, 0, 3, 0.0000000, 0.0000000, 0, -0.1700, 33.5000, 0.0400, 0.0000
ATT: 3, 0, 232
GPS: 592504471, 0, 3, 0.0000000, 0.0000000, 0, -0.1700, 33.5000, 0.0400, 0.0000
ATT: 4, 0, 233
GPS: 592504471, 0, 3, 0.0000000, 0.0000000, 0, -0.0800, 33.5000, 0.0400, 0.0000
ATT: 3, 0, 233
GPS: 592504471, 0, 3, 0.0000000, 0.0000000, 0, -0.0800, 33.5000, 0.0400, 0.0000
ATT: 4, 0, 234
GPS: 592504471, 0, 3, 0.0000000, 0.0000000, 0, 0.1700, 33.5000, 0.0400, 0.0000
ATT: 3, 0, 235
GPS: 592504471, 0, 3, 0.0000000, 0.0000000, 0, 0.3400, 33.5000, 0.0400, 0.0000
ATT: 3, 0, 235
GPS: 592504471, 0, 3, 0.0000000, 0.0000000, 0, 0.3400, 33.5000, 0.0400, 0.0000
ATT: 3, -1, 236
GPS: 592504471, 0, 3, 0.0000000, 0.0000000, 0, 0.3400, 33.5000, 0.0400, 0.0000
ATT: 3, 0, 236
GPS: 592504471, 0, 3, 0.0000000, 0.0000000, 0, 0.1700, 33.5000, 0.0400, 0.0000
ATT: 2, 0, 237
GPS: 592505475, 0, 3, 0.0000000, 0.0000000, 0, 0.0800, 33.5000, 0.0200, 0.0000
ATT: 8, 0, 238
GPS: 592505475, 0, 3, 0.0000000, 0.0000000, 0, 0.0800, 33.5000, 0.0200, 0.0000
ATT: 17, 2, 239
GPS: 592505475, 0, 3, 0.0000000, 0.0000000, 0, 0.0800, 33.5000, 0.0200, 0.0000
ATT: 129, 5, 247
GPS: 592505475, 0, 3, 0.0000000, 0.0000000, 0, 0.1700, 33.5000, 0.0200, 0.0000
ATT: 221, 0, 258
GPS: 592505475, 0, 3, 0.0000000, 0.0000000, 0, 0.2500, 33.5000, 0.0200, 0.0000
ATT: 159, 7, 247
GPS: 592505475, 0, 3, 0.0000000, 0.0000000, 0, 0.2500, 33.5000, 0.0200, 0.0000
ATT: -16, 11, 222
GPS: 592505475, 0, 3, 0.0000000, 0.0000000, 0, 0.2500, 33.5000, 0.0200, 0.0000
ATT: -56, 11, 216
GPS: 592505475, 0, 3, 0.0000000, 0.0000000, 0, 0.2500, 33.5000, 0.0200, 0.0000
ATT: 103, 6, 239
GPS: 592505475, 0, 3, 0.0000000, 0.0000000, 0, 0.2500, 33.5000, 0.0200, 0.0000
ATT: 130, 8, 241
GPS: 592505475, 0, 3, 0.0000000, 0.0000000, 0, 0.3400, 33.5000, 0.0200, 0.0000
ATT: 138, -74, 214
GPS: 592506471, 0, 4, 0.0000000, 0.0000000, 0, 0.4200, 37.7300, 0.0900, 0.0000
ATT: 110, -215, 191
GPS: 592506471, 0, 4, 0.0000000, 0.0000000, 0, 0.1700, 37.7300, 0.0900, 0.0000
ATT: -15, -423, 217
GPS: 592506471, 0, 4, 0.0000000, 0.0000000, 0, 0.0000, 37.7300, 0.0900, 0.0000
ATT: 8, -544, 218
GPS: 592506471, 0, 4, 0.0000000, 0.0000000, 0, 0.0800, 37.7300, 0.0900, 0.0000
ATT: 32, -520, 207
GPS: 592506471, 0, 4, 0.0000000, 0.0000000, 0, 0.0800, 37.7300, 0.0900, 0.0000
ATT: 26, -398, 204
GPS: 592506471, 0, 4, 0.0000000, 0.0000000, 0, 0.0000, 37.7300, 0.0900, 0.0000
ATT: 15, -235, 210
GPS: 592506471, 0, 4, 0.0000000, 0.0000000, 0, 0.0000, 37.7300, 0.0900, 0.0000
ATT: 9, -82, 228
GPS: 592506471, 0, 4, 0.0000000, 0.0000000, 0, 0.0800, 37.7300, 0.0900, 0.0000
ATT: 3, 32, 255
GPS: 592506471, 0, 4, 0.0000000, 0.0000000, 0, 0.1700, 37.7300, 0.0900, 0.0000
ATT: -13, -54, 279
GPS: 592506471, 0, 4, 0.0000000, 0.0000000, 0, 0.3400, 37.7300, 0.0900, 0.0000
ATT: -9, -77, 280
GPS: 592507471, 1, 4, 42.6227760, -71.2071760, 0, 0.4200, 38.0200, 0.0300, 0.0000
ATT: 16, -17, 254
GPS: 592507471, 1, 4, 42.6227760, -71.2071760, 0, 0.5100, 38.0200, 0.0300, 0.0000
ATT: 1, -15, 237
GPS: 592507471, 1, 4, 42.6227760, -71.2071760, 0, 0.6000, 38.0200, 0.0300, 0.0000
ATT: 8, -17, 253
GPS: 592507471, 1, 4, 42.6227760, -71.2071760, 0, 0.4200, 38.0200, 0.0300, 0.0000
ATT: -1, -18, 254
GPS: 592507471, 1, 4, 42.6227760, -71.2071760, 0, 0.3400, 38.0200, 0.0300, 0.0000
ATT: 0, -5, 254
GPS: 592507471, 1, 4, 42.6227760, -71.2071760, 0, 0.2500, 38.0200, 0.0300, 0.0000
ATT: 0, -3, 257
GPS: 592507471, 1, 4, 42.6227760, -71.2071760, 0, 0.1700, 38.0200, 0.0300, 0.0000
ATT: 0, -1, 258
GPS: 592507471, 1, 4, 42.6227760, -71.2071760, 0, 0.0800, 38.0200, 0.0300, 0.0000
ATT: 1, -1, 258
GPS: 592508000, 1, 4, 42.6227760, -71.2071760, 0, 0.0800, 37.9700, 0.0900, 0.0000
ATT: 1, -2, 259
GPS: 592508000, 1, 4, 42.6227760, -71.2071760, 0, -0.1700, 37.9700, 0.0900, 0.0000
ATT: 0, -5, 259
GPS: 592508000, 1, 4, 42.6227760, -71.2071760, 0, -0.3400, 37.9700, 0.0900, 0.0000
ATT: 1, -5, 259
GPS: 592508000, 1, 4, 42.6227760, -71.2071760, 0, -0.1700, 37.9700, 0.0900, 0.0000
ATT: 1, -6, 260
GPS: 592508000, 1, 4, 42.6227760, -71.2071760, 0, -0.0800, 37.9700, 0.0900, 0.0000
ATT: 1, -7, 260
GPS: 592508000, 1, 4, 42.6227760, -71.2071760, 0, -0.0800, 37.9700, 0.0900, 0.0000
ATT: 1, -9, 261
GPS: 592508000, 1, 4, 42.6227760, -71.2071760, 0, -0.0800, 37.9700, 0.0900, 0.0000
ATT: 1, -9, 261
GPS: 592508000, 1, 4, 42.6227760, -71.2071760, 0, 0.0800, 37.9700, 0.0900, 0.0000
ATT: 1, -9, 261
GPS: 592508000, 1, 4, 42.6227760, -71.2071760, 0, 0.2500, 37.9700, 0.0900, 0.0000
ATT: 1, -9, 262
GPS: 592508000, 1, 4, 42.6227760, -71.2071760, 0, 0.4200, 37.9700, 0.0900, 0.0000
ATT: 1, -9, 262
GPS: 592509000, 1, 4, 42.6227760, -71.2071760, 0, 0.5100, 38.0000, 0.0300, 0.0000
ATT: 0, -8, 262
GPS: 592509000, 1, 4, 42.6227760, -71.2071760, 0, 0.6000, 38.0000, 0.0300, 0.0000
ATT: 0, -7, 262
GPS: 592509000, 1, 4, 42.6227760, -71.2071760, 0, 0.6000, 38.0000, 0.0300, 0.0000
ATT: 0, -6, 262
GPS: 592509000, 1, 4, 42.6227760, -71.2071760, 0, 0.6000, 38.0000, 0.0300, 0.0000
ATT: 0, -5, 261
GPS: 592509000, 1, 4, 42.6227760, -71.2071760, 0, 0.6000, 38.0000, 0.0300, 0.0000
ATT: 0, -5, 262
GPS: 592509000, 1, 4, 42.6227760, -71.2071760, 0, 0.6000, 38.0000, 0.0300, 0.0000
ATT: 0, -4, 261
GPS: 592509000, 1, 4, 42.6227760, -71.2071760, 0, 0.6000, 38.0000, 0.0300, 0.0000
ATT: 0, -3, 263
GPS: 592509000, 1, 4, 42.6227760, -71.2071760, 0, 0.4200, 38.0000, 0.0300, 0.0000
ATT: 0, -3, 263
GPS: 592509000, 1, 4, 42.6227760, -71.2071760, 0, 0.2500, 38.0000, 0.0300, 0.0000
ATT: 0, -1, 263
GPS: 592509000, 1, 4, 42.6227760, -71.2071760, 0, 0.2500, 38.0000, 0.0300, 0.0000
ATT: 0, -1, 264
GPS: 592510000, 1, 4, 42.6227760, -71.2071760, 0, 0.2500, 38.0300, 0.0300, 0.0000
ATT: 0, 0, 265
GPS: 592510000, 1, 4, 42.6227760, -71.2071760, 0, 0.1700, 38.0300, 0.0300, 0.0000
ATT: 0, 0, 265
GPS: 592510000, 1, 4, 42.6227760, -71.2071760, 0, 0.0800, 38.0300, 0.0300, 0.0000
ATT: 0, 0, 266
GPS: 592510000, 1, 4, 42.6227760, -71.2071760, 0, 0.2500, 38.0300, 0.0300, 0.0000
ATT: 0, 0, 267
GPS: 592510000, 1, 4, 42.6227760, -71.2071760, 0, 0.3400, 38.0300, 0.0300, 0.0000
ATT: 0, 0, 268
GPS: 592510000, 1, 4, 42.6227760, -71.2071760, 0, 0.1700, 38.0300, 0.0300, 0.0000
ATT: 0, 0, 269
GPS: 592510000, 1, 4, 42.6227760, -71.2071760, 0, 0.0000, 38.0300, 0.0300, 0.0000
ATT: 0, 1, 269
GPS: 592510000, 1, 4, 42.6227760, -71.2071760, 0, 0.0800, 38.0300, 0.0300, 0.0000
ATT: 2, 8, 266
GPS: 592510000, 1, 4, 42.6227760, -71.2071760, 0, 0.1700, 38.0300, 0.0300, 0.0000
ATT: 56, 2, 278
GPS: 592510000, 1, 4, 42.6227760, -71.2071760, 0, 0.0800, 38.0300, 0.0300, 0.0000
ATT: 102, -7, 277
GPS: 592511000, 1, 4, 42.6227840, -71.2071760, 0, 38.1900, 38.1100, 0.0700, 0.0000
ATT: 107, -12, 278
GPS: 592511000, 1, 4, 42.6227840, -71.2071760, 0, 38.1900, 38.1100, 0.0700, 0.0000
ATT: 107, -11, 279
GPS: 592511000, 1, 4, 42.6227840, -71.2071760, 0, 38.1900, 38.1100, 0.0700, 0.0000
ATT: 104, -11, 281
GPS: 592511000, 1, 4, 42.6227840, -71.2071760, 0, 38.1100, 38.1100, 0.0700, 0.0000
ATT: 103, -7, 285
GPS: 592511000, 1, 4, 42.6227840, -71.2071760, 0, 38.1100, 38.1100, 0.0700, 0.0000
ATT: 103, -3, 284
GPS: 592511000, 1, 4, 42.6227840, -71.2071760, 0, 38.1100, 38.1100, 0.0700, 0.0000
ATT: 100, -3, 284
GPS: 592511000, 1, 4, 42.6227840, -71.2071760, 0, 38.1100, 38.1100, 0.0700, 0.0000
ATT: 103, -4, 285
GPS: 592511000, 1, 4, 42.6227840, -71.2071760, 0, 38.1900, 38.1100, 0.0700, 0.0000
ATT: 103, -4, 286
GPS: 592511000, 1, 4, 42.6227840, -71.2071760, 0, 38.2800, 38.1100, 0.0700, 0.0000
ATT: 104, -3, 286
GPS: 592512000, 1, 4, 42.6227910, -71.2071690, 0, 38.2800, 38.1100, 0.0200, 0.0000
ATT: 104, -2, 287
