Dumping Log 11,    start pg 2692,   end pg 2709

ArduPlane V2.33
Free RAM: 3325
GROUND START -  4 commands in memory
CMD:0,16,0,4289,426227881,-712071571, 
CMD:1,16,0,2000,426238784,-712069632, 
CMD:2,16,0,2000,426232000,-712086784, 
CMD:3,16,0,2000,426231264,-712072576, 
CMD:4,18,4,2000,426238336,-712064064, 
MOD:Manual
PM:27934,1,12,0,0,0,0,1,1,0,0,0,28, 
ATT: 128, -263, 35953
GPS: 577973000, 1, 4, 42.6227720, -71.2071380, 0, 0.0800, 57.7200, 0.0600, 0.0000
ATT: 125, -229, 35917
GPS: 577973000, 1, 4, 42.6227720, -71.2071380, 0, -1.3000, 57.7200, 0.0600, 0.0000
ATT: 49, -261, 35933
GPS: 577973000, 1, 4, 42.6227720, -71.2071380, 0, -2.3400, 57.7200, 0.0600, 0.0000
ATT: 8, -274, 35944
GPS: 577973000, 1, 4, 42.6227720, -71.2071380, 0, -2.6900, 57.7200, 0.0600, 0.0000
ATT: -7, -281, 35939
GPS: 577973000, 1, 4, 42.6227720, -71.2071380, 0, -2.9500, 57.7200, 0.0600, 0.0000
ATT: -32, -278, 35934
GPS: 577973000, 1, 4, 42.6227720, -71.2071380, 0, -2.2600, 57.7200, 0.0600, 0.0000
ATT: -60, -245, 35922
GPS: 577973000, 1, 4, 42.6227720, -71.2071380, 0, -1.8200, 57.7200, 0.0600, 0.0000
ATT: -61, -274, 35931
GPS: 577973000, 1, 4, 42.6227720, -71.2071380, 0, -1.2100, 57.7200, 0.0600, 0.0000
ATT: -4, -293, 35931
GPS: 577973000, 1, 4, 42.6227720, -71.2071380, 0, -0.7800, 57.7200, 0.0600, 0.0000
ATT: 151, -270, 35921
GPS: 577973000, 1, 4, 42.6227720, -71.2071380, 0, 0.1700, 57.7200, 0.0600, 0.0000
ATT: 288, -259, 35914
GPS: 577973000, 1, 4, 42.6227720, -71.2071380, 0, 0.8700, 57.7200, 0.0600, 0.0000
ATT: 361, -303, 35925
GPS: 577973000, 1, 4, 42.6227720, -71.2071380, 0, 0.6900, 57.7200, 0.0600, 0.0000
ATT: 376, -301, 35935
GPS: 577973000, 1, 4, 42.6227720, -71.2071380, 0, 0.6000, 57.7200, 0.0600, 0.0000
ATT: 352, -284, 35938
GPS: 577973000, 1, 4, 42.6227720, -71.2071380, 0, 1.0400, 57.7200, 0.0600, 0.0000
ATT: 270, -304, 35971
GPS: 577973000, 1, 4, 42.6227720, -71.2071380, 0, 1.3900, 57.7200, 0.0600, 0.0000
ATT: 225, -318, 35998
GPS: 577973000, 1, 4, 42.6227720, -71.2071380, 0, 1.7300, 57.7200, 0.0600, 0.0000
ATT: 258, -298, 35980
GPS: 577973000, 1, 4, 42.6227720, -71.2071380, 0, 2.0000, 57.7200, 0.0600, 0.0000
ATT: 260, -307, 35938
GPS: 577973000, 1, 4, 42.6227720, -71.2071380, 0, 1.5600, 57.7200, 0.0600, 0.0000
ATT: 222, -306, 35949
GPS: 577973000, 1, 4, 42.6227720, -71.2071380, 0, 1.3000, 57.7200, 0.0600, 0.0000
ATT: 162, -324, 35968
GPS: 577973000, 1, 4, 42.6227720, -71.2071380, 0, 1.9100, 57.7200, 0.0600, 0.0000
ATT: 98, -318, 10
GPS: 577977000, 1, 5, 42.6227720, -71.2071460, 0, 2.3400, 59.4000, 0.1200, 0.0000
ATT: 35, -323, 60
GPS: 577977000, 1, 5, 42.6227720, -71.2071460, 0, 1.6500, 59.4000, 0.1200, 0.0000
ATT: 23, -330, 57
GPS: 577977000, 1, 5, 42.6227720, -71.2071460, 0, 1.1300, 59.4000, 0.1200, 0.0000
ATT: -12, -304, 59
GPS: 577977000, 1, 5, 42.6227720, -71.2071460, 0, 1.2100, 59.4000, 0.1200, 0.0000
ATT: -23, -328, 56
GPS: 577977000, 1, 5, 42.6227720, -71.2071460, 0, 1.3000, 59.4000, 0.1200, 0.0000
ATT: -11, -311, 45
GPS: 577977000, 1, 5, 42.6227720, -71.2071460, 0, 1.5600, 59.4000, 0.1200, 0.0000
ATT: -34, -299, 15
GPS: 577977000, 1, 5, 42.6227720, -71.2071460, 0, 1.8200, 59.4000, 0.1200, 0.0000
ATT: 0, -330, 28
GPS: 577977000, 1, 5, 42.6227720, -71.2071460, 0, 1.7300, 59.4000, 0.1200, 0.0000
ATT: 63, -336, 7
GPS: 577977000, 1, 5, 42.6227720, -71.2071460, 0, 1.7300, 59.4000, 0.1200, 0.0000
ATT: 94, -337, 19
GPS: 577977000, 1, 5, 42.6227720, -71.2071460, 0, 2.2600, 59.4000, 0.1200, 0.0000
ATT: 95, -340, 26
GPS: 577978000, 1, 4, 42.6227760, -71.2071460, 0, 2.6000, 59.4500, 0.1200, 0.0000
ATT: 128, -331, 20
GPS: 577978000, 1, 4, 42.6227760, -71.2071460, 0, 2.3400, 59.4500, 0.1200, 0.0000
ATT: 171, -334, 35986
GPS: 577978000, 1, 4, 42.6227760, -71.2071460, 0, 2.1700, 59.4500, 0.1200, 0.0000
ATT: 181, -330, 35981
GPS: 577978000, 1, 4, 42.6227760, -71.2071460, 0, 2.4300, 59.4500, 0.1200, 0.0000
ATT: 215, -325, 35949
GPS: 577978000, 1, 4, 42.6227760, -71.2071460, 0, 2.6900, 59.4500, 0.1200, 0.0000
ATT: 203, -331, 35948
GPS: 577978000, 1, 4, 42.6227760, -71.2071460, 0, 2.4300, 59.4500, 0.1200, 0.0000
ATT: 160, -332, 35955
GPS: 577978000, 1, 4, 42.6227760, -71.2071460, 0, 2.2600, 59.4500, 0.1200, 0.0000
ATT: 120, -330, 35955
GPS: 577978000, 1, 4, 42.6227760, -71.2071460, 0, 2.0800, 59.4500, 0.1200, 0.0000
ATT: 64, -327, 35958
GPS: 577978000, 1, 4, 42.6227760, -71.2071460, 0, 2.0000, 59.4500, 0.1200, 0.0000
ATT: 38, -312, 35950
GPS: 577978000, 1, 4, 42.6227760, -71.2071460, 0, 2.4300, 59.4500, 0.1200, 0.0000
ATT: 24, -328, 35934
GPS: 577979000, 1, 5, 42.6227800, -71.2071530, 0, 2.6900, 62.7600, 0.1300, 0.0000
ATT: 12, -330, 35943
GPS: 577979000, 1, 5, 42.6227800, -71.2071530, 0, 2.1700, 62.7600, 0.1300, 0.0000
ATT: 19, -334, 35944
GPS: 577979000, 1, 5, 42.6227800, -71.2071530, 0, 1.7300, 62.7600, 0.1300, 0.0000
ATT: 28, -337, 35943
GPS: 577979000, 1, 5, 42.6227800, -71.2071530, 0, 2.2600, 62.7600, 0.1300, 0.0000
ATT: 56, -333, 35939
GPS: 577979000, 1, 5, 42.6227800, -71.2071530, 0, 2.6900, 62.7600, 0.1300, 0.0000
ATT: 69, -335, 35938
GPS: 577979000, 1, 5, 42.6227800, -71.2071530, 0, 2.2600, 62.7600, 0.1300, 0.0000
ATT: 67, -333, 35938
GPS: 577979000, 1, 5, 42.6227800, -71.2071530, 0, 2.0000, 62.7600, 0.1300, 0.0000
ATT: 62, -330, 35939
GPS: 577979000, 1, 5, 42.6227800, -71.2071530, 0, 2.0800, 62.7600, 0.1300, 0.0000
ATT: 74, -335, 35937
GPS: 577979000, 1, 5, 42.6227800, -71.2071530, 0, 2.1700, 62.7600, 0.1300, 0.0000
ATT: 69, -335, 35941
GPS: 577979000, 1, 5, 42.6227800, -71.2071530, 0, 2.7800, 62.7600, 0.1300, 0.0000
ATT: 84, -323, 35932
GPS: 577980000, 1, 4, 42.6227910, -71.2071760, 0, 66.2800, 63.0700, 0.8000, 306.7400
ATT: 92, -328, 35925
GPS: 577980000, 1, 4, 42.6227910, -71.2071760, 0, 66.1100, 63.0700, 0.8000, 306.7400
ATT: 93, -361, 35929
GPS: 577980000, 1, 4, 42.6227910, -71.2071760, 0, 65.9400, 63.0700, 0.8000, 306.7400
ATT: 92, -376, 35935
GPS: 577980000, 1, 4, 42.6227910, -71.2071760, 0, 66.1100, 63.0700, 0.8000, 306.7400
ATT: 95, -377, 35932
GPS: 577980000, 1, 4, 42.6227910, -71.2071760, 0, 66.2000, 63.0700, 0.8000, 306.7400
ATT: 88, -393, 35935
GPS: 577980000, 1, 4, 42.6227910, -71.2071760, 0, 65.4100, 63.0700, 0.8000, 306.7400
ATT: 103, -392, 35937
GPS: 577980000, 1, 4, 42.6227910, -71.2071760, 0, 64.8900, 63.0700, 0.8000, 306.7400
ATT: 98, -398, 35933
GPS: 577980000, 1, 4, 42.6227910, -71.2071760, 0, 64.8900, 63.0700, 0.8000, 306.7400
ATT: 83, -410, 35937
GPS: 577980000, 1, 4, 42.6227910, -71.2071760, 0, 64.8900, 63.0700, 0.8000, 306.7400
ATT: 64, -412, 35938
GPS: 577980000, 1, 4, 42.6227910, -71.2071760, 0, 65.4100, 63.0700, 0.8000, 306.7400
ATT: 59, -410, 35938
GPS: 577981000, 1, 3, 42.6227950, -71.2071840, 0, 65.7600, 62.8700, 0.6400, 307.4600
ATT: 63, -412, 35941
GPS: 577981000, 1, 3, 42.6227950, -71.2071840, 0, 65.5000, 62.8700, 0.6400, 307.4600
ATT: 75, -407, 35941
GPS: 577981000, 1, 3, 42.6227950, -71.2071840, 0, 65.2400, 62.8700, 0.6400, 307.4600
ATT: 82, -401, 35937
GPS: 577981000, 1, 3, 42.6227950, -71.2071840, 0, 65.6700, 62.8700, 0.6400, 307.4600
ATT: 81, -402, 35940
GPS: 577981000, 1, 3, 42.6227950, -71.2071840, 0, 65.9400, 62.8700, 0.6400, 307.4600
CMD:0,16,0,8307,426238784,-712069632, 
MOD:Auto
ATT: 83, -401, 35941
GPS: 577981000, 1, 3, 42.6227950, -71.2071840, 0, 65.1500, 62.8700, 0.6400, 307.4600
ATT: 78, -398, 35940
GPS: 577981000, 1, 3, 42.6227950, -71.2071840, 0, 64.6300, 62.8700, 0.6400, 307.4600
ATT: 73, -395, 35940
GPS: 577981000, 1, 3, 42.6227950, -71.2071840, 0, 65.2400, 62.8700, 0.6400, 307.4600
ATT: 68, -396, 35942
GPS: 577981000, 1, 3, 42.6227950, -71.2071840, 0, 65.6700, 62.8700, 0.6400, 307.4600
ATT: 76, -391, 35942
GPS: 577981000, 1, 3, 42.6227950, -71.2071840, 0, 65.5900, 62.8700, 0.6400, 307.4600
ATT: 79, -389, 35941
GPS: 577982000, 1, 4, 42.6227990, -71.2071840, 0, 65.5000, 63.1400, 0.7400, 309.3000
ATT: 61, -395, 35947
GPS: 577982000, 1, 4, 42.6227990, -71.2071840, 0, 65.1500, 63.1400, 0.7400, 309.3000
ATT: 51, -379, 35960
GPS: 577982000, 1, 4, 42.6227990, -71.2071840, 0, 64.8900, 63.1400, 0.7400, 309.3000
ATT: 49, -391, 35963
GPS: 577982000, 1, 4, 42.6227990, -71.2071840, 0, 65.2400, 63.1400, 0.7400, 309.3000
ATT: 58, -389, 35962
GPS: 577982000, 1, 4, 42.6227990, -71.2071840, 0, 65.5000, 63.1400, 0.7400, 309.3000
ATT: 49, -390, 35964
GPS: 577982000, 1, 4, 42.6227990, -71.2071840, 0, 65.1500, 63.1400, 0.7400, 309.3000
ATT: 56, -389, 35961
GPS: 577982000, 1, 4, 42.6227990, -71.2071840, 0, 64.8900, 63.1400, 0.7400, 309.3000
ATT: 44, -389, 35959
GPS: 577982000, 1, 4, 42.6227990, -71.2071840, 0, 65.2400, 63.1400, 0.7400, 309.3000
ATT: 104, -378, 35931
GPS: 577982000, 1, 4, 42.6227990, -71.2071840, 0, 65.5000, 63.1400, 0.7400, 309.3000
ATT: 190, -258, 35912
GPS: 577982000, 1, 4, 42.6227990, -71.2071840, 0, 64.9800, 63.1400, 0.7400, 309.3000
ATT: 161, -412, 35881
GPS: 577983000, 1, 3, 42.6227990, -71.2071760, 0, 64.6300, 60.2200, 0.3900, 309.3000
ATT: 88, -598, 35885
GPS: 577983000, 1, 3, 42.6227990, -71.2071760, 0, 65.1500, 60.2200, 0.3900, 309.3000
ATT: 21, -473, 35894
GPS: 577983000, 1, 3, 42.6227990, -71.2071760, 0, 65.5000, 60.2200, 0.3900, 309.3000
ATT: -5, -355, 35894
GPS: 577983000, 1, 3, 42.6227990, -71.2071760, 0, 65.8500, 60.2200, 0.3900, 309.3000
ATT: -62, -176, 35894
GPS: 577983000, 1, 3, 42.6227990, -71.2071760, 0, 66.1100, 60.2200, 0.3900, 309.3000
ATT: -79, -55, 35862
GPS: 577983000, 1, 3, 42.6227990, -71.2071760, 0, 65.8500, 60.2200, 0.3900, 309.3000
ATT: -100, 25, 35863
GPS: 577983000, 1, 3, 42.6227990, -71.2071760, 0, 65.6700, 60.2200, 0.3900, 309.3000
ATT: -108, 237, 35896
GPS: 577983000, 1, 3, 42.6227990, -71.2071760, 0, 66.2800, 60.2200, 0.3900, 309.3000
ATT: -107, 403, 35917
GPS: 577983000, 1, 3, 42.6227990, -71.2071760, 0, 66.7200, 60.2200, 0.3900, 309.3000
ATT: -110, 519, 35916
GPS: 577983000, 1, 3, 42.6227990, -71.2071760, 0, 65.5900, 60.2200, 0.3900, 309.3000
ATT: -100, 503, 35895
GPS: 577984000, 1, 4, 42.6227950, -71.2071530, 0, 64.8000, 59.0800, 0.6600, 134.0300
ATT: -95, 411, 35856
GPS: 577984000, 1, 4, 42.6227950, -71.2071530, 0, 65.4100, 59.0800, 0.6600, 134.0300
ATT: -158, 387, 35853
GPS: 577984000, 1, 4, 42.6227950, -71.2071530, 0, 65.8500, 59.0800, 0.6600, 134.0300
ATT: -266, 363, 35873
GPS: 577984000, 1, 4, 42.6227950, -71.2071530, 0, 66.2800, 59.0800, 0.6600, 134.0300
ATT: -324, 443, 35915
GPS: 577984000, 1, 4, 42.6227950, -71.2071530, 0, 66.6300, 59.0800, 0.6600, 134.0300
ATT: -290, 443, 35953
GPS: 577984000, 1, 4, 42.6227950, -71.2071530, 0, 65.9400, 59.0800, 0.6600, 134.0300
ATT: -180, 368, 35939
GPS: 577984000, 1, 4, 42.6227950, -71.2071530, 0, 65.4100, 59.0800, 0.6600, 134.0300
ATT: -198, 172, 35962
GPS: 577984000, 1, 4, 42.6227950, -71.2071530, 0, 66.0200, 59.0800, 0.6600, 134.0300
ATT: -194, 22, 5
GPS: 577984000, 1, 4, 42.6227950, -71.2071530, 0, 66.4600, 59.0800, 0.6600, 134.0300
ATT: -129, -68, 35994
GPS: 577985000, 1, 4, 42.6228030, -71.2071530, 0, 66.2800, 56.6300, 0.7800, -320.3400
ATT: -91, -277, 35980
GPS: 577985000, 1, 4, 42.6228030, -71.2071530, 0, 66.1100, 56.6300, 0.7800, -320.3400
ATT: -91, -621, 35990
GPS: 577985000, 1, 4, 42.6228030, -71.2071530, 0, 66.3700, 56.6300, 0.7800, -320.3400
ATT: -105, -914, 16
GPS: 577985000, 1, 4, 42.6228030, -71.2071530, 0, 66.5400, 56.6300, 0.7800, -320.3400
ATT: -152, -1234, 77
GPS: 577985000, 1, 4, 42.6228030, -71.2071530, 0, 66.2000, 56.6300, 0.7800, -320.3400
ATT: -183, -1456, 155
GPS: 577985000, 1, 4, 42.6228030, -71.2071530, 0, 65.9400, 56.6300, 0.7800, -320.3400
ATT: -170, -1471, 189
GPS: 577985000, 1, 4, 42.6228030, -71.2071530, 0, 65.5000, 56.6300, 0.7800, -320.3400
ATT: -128, -1402, 169
GPS: 577985000, 1, 4, 42.6228030, -71.2071530, 0, 65.2400, 56.6300, 0.7800, -320.3400
ATT: -91, -1544, 117
GPS: 577985000, 1, 4, 42.6228030, -71.2071530, 0, 65.5000, 56.6300, 0.7800, -320.3400
ATT: -81, -1615, 92
GPS: 577985000, 1, 4, 42.6228030, -71.2071530, 0, 65.6700, 56.6300, 0.7800, -320.3400
ATT: -97, -1509, 111
GPS: 577986000, 1, 3, 42.6228070, -71.2071530, 0, 65.1500, 57.1100, 0.4500, -320.3400
ATT: -99, -1225, 125
GPS: 577986000, 1, 3, 42.6228070, -71.2071530, 0, 64.8000, 57.1100, 0.4500, -320.3400
ATT: -106, -967, 141
GPS: 577986000, 1, 3, 42.6228070, -71.2071530, 0, 65.4100, 57.1100, 0.4500, -320.3400
ATT: -78, -1002, 110
GPS: 577986000, 1, 3, 42.6228070, -71.2071530, 0, 65.8500, 57.1100, 0.4500, -320.3400
ATT: -54, -1193, 66
GPS: 577986000, 1, 3, 42.6228070, -71.2071530, 0, 65.2400, 57.1100, 0.4500, -320.3400
ATT: -48, -1415, 46
GPS: 577986000, 1, 3, 42.6228070, -71.2071530, 0, 64.8000, 57.1100, 0.4500, -320.3400
ATT: -32, -1524, 22
GPS: 577986000, 1, 3, 42.6228070, -71.2071530, 0, 65.2400, 57.1100, 0.4500, -320.3400
ATT: 7, -1427, 35998
GPS: 577986000, 1, 3, 42.6228070, -71.2071530, 0, 65.5900, 57.1100, 0.4500, -320.3400
ATT: 24, -1330, 35982
GPS: 577986000, 1, 3, 42.6228070, -71.2071530, 0, 65.8500, 57.1100, 0.4500, -320.3400
ATT: 11, -1278, 35991
GPS: 577986000, 1, 3, 42.6228070, -71.2071530, 0, 66.0200, 57.1100, 0.4500, -320.3400
ATT: -11, -1334, 16
GPS: 577987000, 1, 3, 42.6228140, -71.2071460, 0, 65.3300, 57.0800, 0.8100, 75.4500
ATT: -2, -1338, 25
GPS: 577987000, 1, 3, 42.6228140, -71.2071460, 0, 64.8000, 57.0800, 0.8100, 75.4500
ATT: -10, -1316, 29
GPS: 577987000, 1, 3, 42.6228140, -71.2071460, 0, 64.8000, 57.0800, 0.8100, 75.4500
ATT: -9, -1314, 32
GPS: 577987000, 1, 3, 42.6228140, -71.2071460, 0, 64.8000, 57.0800, 0.8100, 75.4500
ATT: -1, -1164, 24
GPS: 577987000, 1, 3, 42.6228140, -71.2071460, 0, 64.3700, 57.0800, 0.8100, 75.4500
ATT: -5, -1105, 24
GPS: 577987000, 1, 3, 42.6228140, -71.2071460, 0, 64.1100, 57.0800, 0.8100, 75.4500
ATT: 5, -1123, 27
GPS: 577987000, 1, 3, 42.6228140, -71.2071460, 0, 64.8900, 57.0800, 0.8100, 75.4500
ATT: 13, -1085, 38
GPS: 577987000, 1, 3, 42.6228140, -71.2071460, 0, 65.4100, 57.0800, 0.8100, 75.4500
ATT: 13, -1097, 57
GPS: 577987000, 1, 3, 42.6228140, -71.2071460, 0, 65.9400, 57.0800, 0.8100, 75.4500
ATT: 42, -1021, 42
GPS: 577987000, 1, 3, 42.6228140, -71.2071460, 0, 66.2800, 57.0800, 0.8100, 75.4500
ATT: 50, -1052, 7
GPS: 577988000, 1, 3, 42.6228100, -71.2071460, 0, 66.0200, 56.9600, 0.6500, 174.0200
ATT: 27, -1011, 2
GPS: 577988000, 1, 3, 42.6228100, -71.2071460, 0, 65.8500, 56.9600, 0.6500, 174.0200
ATT: 21, -758, 0
GPS: 577988000, 1, 3, 42.6228100, -71.2071460, 0, 66.1100, 56.9600, 0.6500, 174.0200
ATT: 17, -557, 25
GPS: 577988000, 1, 3, 42.6228100, -71.2071460, 0, 66.3700, 56.9600, 0.6500, 174.0200
ATT: 19, -393, 4
GPS: 577988000, 1, 3, 42.6228100, -71.2071460, 0, 65.7600, 56.9600, 0.6500, 174.0200
ATT: -9, -227, 15
GPS: 577988000, 1, 3, 42.6228100, -71.2071460, 0, 65.3300, 56.9600, 0.6500, 174.0200
ATT: 7, -38, 12
GPS: 577988000, 1, 3, 42.6228100, -71.2071460, 0, 65.1500, 56.9600, 0.6500, 174.0200
ATT: 5, 27, 13
GPS: 577988000, 1, 3, 42.6228100, -71.2071460, 0, 65.0700, 56.9600, 0.6500, 174.0200
ATT: 7, -19, 13
GPS: 577988000, 1, 3, 42.6228100, -71.2071460, 0, 65.0700, 56.9600, 0.6500, 174.0200
ATT: 27, -15, 13
GPS: 577988000, 1, 3, 42.6228100, -71.2071460, 0, 65.0700, 56.9600, 0.6500, 174.0200
ATT: 9, -90, 16
GPS: 577989000, 1, 4, 42.6228140, -71.2071530, 0, 65.0700, 56.2100, 0.3900, 174.0200
ATT: 13, -79, 19
GPS: 577989000, 1, 4, 42.6228140, -71.2071530, 0, 65.0700, 56.2100, 0.3900, 174.0200
ATT: 24, -87, 17
GPS: 577989000, 1, 4, 42.6228140, -71.2071530, 0, 64.9800, 56.2100, 0.3900, 174.0200
ATT: 23, -79, 18
GPS: 577989000, 1, 4, 42.6228140, -71.2071530, 0, 64.9800, 56.2100, 0.3900, 174.0200
ATT: 25, -67, 18
GPS: 577989000, 1, 4, 42.6228140, -71.2071530, 0, 64.5400, 56.2100, 0.3900, 174.0200
ATT: 39, -97, 16
GPS: 577989000, 1, 4, 42.6228140, -71.2071530, 0, 64.2000, 56.2100, 0.3900, 174.0200
ATT: 34, -79, 14
GPS: 577989000, 1, 4, 42.6228140, -71.2071530, 0, 64.8900, 56.2100, 0.3900, 174.0200
ATT: 23, -80, 16
GPS: 577989000, 1, 4, 42.6228140, -71.2071530, 0, 65.3300, 56.2100, 0.3900, 174.0200
ATT: 24, -82, 15
GPS: 577989000, 1, 4, 42.6228140, -71.2071530, 0, 65.0700, 56.2100, 0.3900, 174.0200
ATT: 24, -84, 12
GPS: 577989000, 1, 4, 42.6228140, -71.2071530, 0, 64.8000, 56.2100, 0.3900, 174.0200
ATT: 5, -81, 13
GPS: 577990000, 1, 4, 42.6228070, -71.2071380, 0, 64.2800, 54.8600, 0.5000, 174.0200
ATT: 6, -85, 12
GPS: 577990000, 1, 4, 42.6228070, -71.2071380, 0, 63.9400, 54.8600, 0.5000, 174.0200
ATT: 6, -94, 13
GPS: 577990000, 1, 4, 42.6228070, -71.2071380, 0, 64.5400, 54.8600, 0.5000, 174.0200
ATT: 7, -96, 14
GPS: 577990000, 1, 4, 42.6228070, -71.2071380, 0, 64.9800, 54.8600, 0.5000, 174.0200
ATT: 8, -95, 13
GPS: 577990000, 1, 4, 42.6228070, -71.2071380, 0, 65.0700, 54.8600, 0.5000, 174.0200
ATT: 8, -96, 13
GPS: 577990000, 1, 4, 42.6228070, -71.2071380, 0, 65.1500, 54.8600, 0.5000, 174.0200
ATT: 8, -104, 13
GPS: 577990000, 1, 4, 42.6228070, -71.2071380, 0, 65.0700, 54.8600, 0.5000, 174.0200
ATT: 7, -94, 16
GPS: 577990000, 1, 4, 42.6228070, -71.2071380, 0, 64.9800, 54.8600, 0.5000, 174.0200
ATT: 10, -103, 13
GPS: 577990000, 1, 4, 42.6228070, -71.2071380, 0, 64.3700, 54.8600, 0.5000, 174.0200
MOD:Manual
ATT: 13, -99, 14
GPS: 577990000, 1, 4, 42.6228070, -71.2071380, 0, 63.9400, 54.8600, 0.5000, 174.0200
ATT: 12, -115, 13
GPS: 577991000, 1, 4, 42.6227990, -71.2071300, 0, 64.1100, 54.7900, 1.7000, 133.7000
ATT: 12, -132, 16
GPS: 577991000, 1, 4, 42.6227990, -71.2071300, 0, 64.2000, 54.7900, 1.7000, 133.7000
ATT: 21, -126, 12
GPS: 577991000, 1, 4, 42.6227990, -71.2071300, 0, 64.5400, 54.7900, 1.7000, 133.7000
ATT: 1, -162, 21
GPS: 577991000, 1, 4, 42.6227990, -71.2071300, 0, 64.8000, 54.7900, 1.7000, 133.7000
ATT: -13, -111, 11
GPS: 577991000, 1, 4, 42.6227990, -71.2071300, 0, 64.7200, 54.7900, 1.7000, 133.7000
ATT: -101, 48, 6
GPS: 577991000, 1, 4, 42.6227990, -71.2071300, 0, 64.6300, 54.7900, 1.7000, 133.7000
ATT: -190, 56, 35944
GPS: 577991000, 1, 4, 42.6227990, -71.2071300, 0, 65.0700, 54.7900, 1.7000, 133.7000
ATT: -6, -193, 35903
GPS: 577991000, 1, 4, 42.6227990, -71.2071300, 0, 65.3300, 54.7900, 1.7000, 133.7000
ATT: 195, -422, 35847
GPS: 577991000, 1, 4, 42.6227990, -71.2071300, 0, 64.7200, 54.7900, 1.7000, 133.7000
ATT: 122, -345, 35786
GPS: 577991000, 1, 4, 42.6227990, -71.2071300, 0, 64.2800, 54.7900, 1.7000, 133.7000
ATT: 53, -65, 35851
GPS: 577992000, 1, 4, 42.6227870, -71.2071150, 0, 64.8000, 54.6800, 1.7700, 131.7600
ATT: -28, -2, 35979
GPS: 577992000, 1, 4, 42.6227870, -71.2071150, 0, 65.2400, 54.6800, 1.7700, 131.7600
ATT: -81, -33, 27
GPS: 577992000, 1, 4, 42.6227870, -71.2071150, 0, 65.2400, 54.6800, 1.7700, 131.7600
ATT: -130, 44, 35929
GPS: 577992000, 1, 4, 42.6227870, -71.2071150, 0, 65.2400, 54.6800, 1.7700, 131.7600
ATT: -130, 59, 35846
GPS: 577992000, 1, 4, 42.6227870, -71.2071150, 0, 64.8000, 54.6800, 1.7700, 131.7600
ATT: -122, 189, 35945
GPS: 577992000, 1, 4, 42.6227870, -71.2071150, 0, 64.5400, 54.6800, 1.7700, 131.7600
ATT: -79, 407, 52
GPS: 577992000, 1, 4, 42.6227870, -71.2071150, 0, 64.9800, 54.6800, 1.7700, 131.7600
ATT: -61, 485, 38
GPS: 577992000, 1, 4, 42.6227870, -71.2071150, 0, 65.2400, 54.6800, 1.7700, 131.7600
ATT: -37, 622, 35998
GPS: 577992000, 1, 4, 42.6227870, -71.2071150, 0, 65.1500, 54.6800, 1.7700, 131.7600
ATT: -30, 804, 35975
GPS: 577992000, 1, 4, 42.6227870, -71.2071150, 0, 65.0700, 54.6800, 1.7700, 131.7600
ATT: -74, 777, 35997
GPS: 577993000, 1, 4, 42.6227760, -71.2071080, 0, 65.3300, 54.1300, 1.2500, 136.9800
ATT: -97, 816, 13
GPS: 577993000, 1, 4, 42.6227760, -71.2071080, 0, 65.5000, 54.1300, 1.2500, 136.9800
ATT: -179, 804, 2
GPS: 577993000, 1, 4, 42.6227760, -71.2071080, 0, 64.9800, 54.1300, 1.2500, 136.9800
ATT: -192, 769, 20
GPS: 577993000, 1, 4, 42.6227760, -71.2071080, 0, 64.6300, 54.1300, 1.2500, 136.9800
ATT: -148, 827, 15
GPS: 577993000, 1, 4, 42.6227760, -71.2071080, 0, 64.5400, 54.1300, 1.2500, 136.9800
ATT: -74, 844, 25
GPS: 577993000, 1, 4, 42.6227760, -71.2071080, 0, 64.4600, 54.1300, 1.2500, 136.9800
ATT: -25, 861, 16
GPS: 577993000, 1, 4, 42.6227760, -71.2071080, 0, 64.5400, 54.1300, 1.2500, 136.9800
ATT: -58, 869, 4
GPS: 577993000, 1, 4, 42.6227760, -71.2071080, 0, 64.6300, 54.1300, 1.2500, 136.9800
ATT: -171, 863, 5
GPS: 577993000, 1, 4, 42.6227760, -71.2071080, 0, 64.3700, 54.1300, 1.2500, 136.9800
ATT: -242, 848, 21
GPS: 577993000, 1, 4, 42.6227760, -71.2071080, 0, 64.2000, 54.1300, 1.2500, 136.9800
ATT: -196, 856, 18
GPS: 577994000, 1, 4, 42.6227760, -71.2071080, 0, 64.4600, 55.4400, 0.0800, 136.9800
ATT: -133, 881, 22
