Dumping Log 22,    start pg 3979,   end pg 3989

ArduPlane V2.33
Free RAM: 3417
GROUND START -  0 commands in memory
CMD:0,16,0,4077,426227676,-712071114, 
MOD:Manual
MOD:FBW_A
PM:23352,1,37,0,0,0,0,1,1,0,-2,0,0, 
ATT: 191, 36, 41
GPS: 596616000, 1, 10, 42.6227570, -71.2071530, 0, 0.0000, 41.0000, 0.0100, 0.0000
ATT: 191, 31, 41
GPS: 596616000, 1, 10, 42.6227570, -71.2071530, 0, -0.9400, 41.0000, 0.0100, 0.0000
ATT: 191, 27, 42
GPS: 596616000, 1, 10, 42.6227570, -71.2071530, 0, -1.6300, 41.0000, 0.0100, 0.0000
ATT: 191, 22, 41
GPS: 596616000, 1, 10, 42.6227570, -71.2071530, 0, -1.7100, 41.0000, 0.0100, 0.0000
ATT: 192, 18, 43
GPS: 596616000, 1, 10, 42.6227570, -71.2071530, 0, -1.8000, 41.0000, 0.0100, 0.0000
ATT: 194, 15, 44
GPS: 596616000, 1, 10, 42.6227570, -71.2071530, 0, -1.8800, 41.0000, 0.0100, 0.0000
ATT: 197, 11, 43
GPS: 596616000, 1, 10, 42.6227570, -71.2071530, 0, -1.9700, 41.0000, 0.0100, 0.0000
ATT: 196, 9, 44
GPS: 596616000, 1, 10, 42.6227570, -71.2071530, 0, -1.6300, 41.0000, 0.0100, 0.0000
ATT: 196, 7, 44
GPS: 596616000, 1, 10, 42.6227570, -71.2071530, 0, -1.3700, 41.0000, 0.0100, 0.0000
ATT: 198, 4, 45
GPS: 596616000, 1, 10, 42.6227570, -71.2071530, 0, -1.0300, 41.0000, 0.0100, 0.0000
ATT: 200, 2, 46
GPS: 596616000, 1, 10, 42.6227570, -71.2071530, 0, -0.7700, 41.0000, 0.0100, 0.0000
ATT: 202, 0, 47
GPS: 596616000, 1, 10, 42.6227570, -71.2071530, 0, -0.6000, 41.0000, 0.0100, 0.0000
ATT: 202, -1, 46
GPS: 596616000, 1, 10, 42.6227570, -71.2071530, 0, -0.5100, 41.0000, 0.0100, 0.0000
ATT: 201, -3, 45
GPS: 596616000, 1, 10, 42.6227570, -71.2071530, 0, -0.5100, 41.0000, 0.0100, 0.0000
ATT: 201, -3, 46
GPS: 596616000, 1, 10, 42.6227570, -71.2071530, 0, -0.5100, 41.0000, 0.0100, 0.0000
ATT: 200, -5, 46
GPS: 596616000, 1, 10, 42.6227570, -71.2071530, 0, -0.5100, 41.0000, 0.0100, 0.0000
ATT: 201, -5, 47
GPS: 596616000, 1, 10, 42.6227570, -71.2071530, 0, -0.5100, 41.0000, 0.0100, 0.0000
ATT: 202, -5, 47
GPS: 596616000, 1, 10, 42.6227570, -71.2071530, 0, -0.5100, 41.0000, 0.0100, 0.0000
ATT: 202, -7, 47
GPS: 596616000, 1, 10, 42.6227570, -71.2071530, 0, -0.5100, 41.0000, 0.0100, 0.0000
ATT: 201, -7, 47
GPS: 596616000, 1, 10, 42.6227570, -71.2071530, 0, -0.5100, 41.0000, 0.0100, 0.0000
ATT: 202, -8, 49
GPS: 596620000, 1, 10, 42.6227610, -71.2071610, 0, -0.5100, 41.3200, 0.0100, 0.0000
ATT: 201, -8, 49
GPS: 596620000, 1, 10, 42.6227610, -71.2071610, 0, -0.6000, 41.3200, 0.0100, 0.0000
ATT: 203, -9, 50
GPS: 596620000, 1, 10, 42.6227610, -71.2071610, 0, -0.6000, 41.3200, 0.0100, 0.0000
ATT: 203, -8, 50
GPS: 596620000, 1, 10, 42.6227610, -71.2071610, 0, -0.3400, 41.3200, 0.0100, 0.0000
ATT: 204, -10, 49
GPS: 596620000, 1, 10, 42.6227610, -71.2071610, 0, -0.1700, 41.3200, 0.0100, 0.0000
ATT: 202, -9, 50
GPS: 596620000, 1, 10, 42.6227610, -71.2071610, 0, -0.1700, 41.3200, 0.0100, 0.0000
ATT: 203, -9, 50
GPS: 596620000, 1, 10, 42.6227610, -71.2071610, 0, -0.1700, 41.3200, 0.0100, 0.0000
ATT: 204, -9, 50
GPS: 596620000, 1, 10, 42.6227610, -71.2071610, 0, -0.0800, 41.3200, 0.0100, 0.0000
ATT: 204, -9, 50
GPS: 596620000, 1, 10, 42.6227610, -71.2071610, 0, 0.0000, 41.3200, 0.0100, 0.0000
ATT: 201, -8, 50
GPS: 596620000, 1, 10, 42.6227610, -71.2071610, 0, 0.0800, 41.3200, 0.0100, 0.0000
ATT: 194, -8, 50
GPS: 596621000, 1, 10, 42.6227650, -71.2071610, 0, 0.1700, 41.4000, 0.0000, 0.0000
ATT: 192, -7, 50
GPS: 596621000, 1, 10, 42.6227650, -71.2071610, 0, 0.0800, 41.4000, 0.0000, 0.0000
ATT: 204, -9, 53
GPS: 596621000, 1, 10, 42.6227650, -71.2071610, 0, 0.0800, 41.4000, 0.0000, 0.0000
ATT: 205, -9, 53
GPS: 596621000, 1, 10, 42.6227650, -71.2071610, 0, 0.0800, 41.4000, 0.0000, 0.0000
ATT: 204, -10, 53
GPS: 596621000, 1, 10, 42.6227650, -71.2071610, 0, 0.0800, 41.4000, 0.0000, 0.0000
ATT: 204, -10, 54
GPS: 596621000, 1, 10, 42.6227650, -71.2071610, 0, 0.0800, 41.4000, 0.0000, 0.0000
ATT: 203, -10, 55
GPS: 596621000, 1, 10, 42.6227650, -71.2071610, 0, 0.0800, 41.4000, 0.0000, 0.0000
ATT: 205, -11, 54
GPS: 596621000, 1, 10, 42.6227650, -71.2071610, 0, 0.0800, 41.4000, 0.0000, 0.0000
ATT: 207, -11, 55
GPS: 596621000, 1, 10, 42.6227650, -71.2071610, 0, 0.0800, 41.4000, 0.0000, 0.0000
ATT: 207, -11, 55
GPS: 596621000, 1, 10, 42.6227650, -71.2071610, 0, 0.0000, 41.4000, 0.0000, 0.0000
ATT: 208, -11, 56
GPS: 596622000, 1, 10, 42.6227650, -71.2071610, 0, 0.0000, 41.4600, 0.0100, 0.0000
ATT: 207, -10, 56
GPS: 596622000, 1, 10, 42.6227650, -71.2071610, 0, -0.0800, 41.4600, 0.0100, 0.0000
ATT: 207, -10, 57
GPS: 596622000, 1, 10, 42.6227650, -71.2071610, 0, -0.1700, 41.4600, 0.0100, 0.0000
ATT: 206, -11, 57
GPS: 596622000, 1, 10, 42.6227650, -71.2071610, 0, -0.2500, 41.4600, 0.0100, 0.0000
ATT: 207, -11, 57
GPS: 596622000, 1, 10, 42.6227650, -71.2071610, 0, -0.3400, 41.4600, 0.0100, 0.0000
ATT: 205, -10, 56
GPS: 596622000, 1, 10, 42.6227650, -71.2071610, 0, -0.3400, 41.4600, 0.0100, 0.0000
ATT: 203, -11, 55
GPS: 596622000, 1, 10, 42.6227650, -71.2071610, 0, -0.3400, 41.4600, 0.0100, 0.0000
ATT: 202, -10, 56
GPS: 596622000, 1, 10, 42.6227650, -71.2071610, 0, -0.3400, 41.4600, 0.0100, 0.0000
ATT: 197, -10, 55
GPS: 596622000, 1, 10, 42.6227650, -71.2071610, 0, -0.3400, 41.4600, 0.0100, 0.0000
ATT: 202, -11, 56
GPS: 596622000, 1, 10, 42.6227650, -71.2071610, 0, -0.3400, 41.4600, 0.0100, 0.0000
ATT: 206, -12, 57
GPS: 596623000, 1, 10, 42.6227650, -71.2071610, 0, 41.2000, 41.5400, 0.0100, 0.0000
ATT: 206, -12, 57
GPS: 596623000, 1, 10, 42.6227650, -71.2071610, 0, 41.2900, 41.5400, 0.0100, 0.0000
ATT: 206, -13, 57
GPS: 596623000, 1, 10, 42.6227650, -71.2071610, 0, 41.3700, 41.5400, 0.0100, 0.0000
ATT: 207, -13, 58
GPS: 596623000, 1, 10, 42.6227650, -71.2071610, 0, 41.2900, 41.5400, 0.0100, 0.0000
ATT: 206, -13, 57
GPS: 596623000, 1, 10, 42.6227650, -71.2071610, 0, 41.2000, 41.5400, 0.0100, 0.0000
ATT: 203, -13, 56
GPS: 596623000, 1, 10, 42.6227650, -71.2071610, 0, 41.1200, 41.5400, 0.0100, 0.0000
ATT: 200, -12, 54
GPS: 596623000, 1, 10, 42.6227650, -71.2071610, 0, 41.1200, 41.5400, 0.0100, 0.0000
ATT: 196, -10, 54
GPS: 596623000, 1, 10, 42.6227650, -71.2071610, 0, 41.1200, 41.5400, 0.0100, 0.0000
ATT: 196, -11, 54
GPS: 596623000, 1, 10, 42.6227650, -71.2071610, 0, 41.1200, 41.5400, 0.0100, 0.0000
ATT: 196, -11, 53
GPS: 596623000, 1, 10, 42.6227650, -71.2071610, 0, 41.2000, 41.5400, 0.0100, 0.0000
ATT: 195, -9, 53
GPS: 596624000, 1, 10, 42.6227650, -71.2071610, 0, 41.2000, 41.6300, 0.0200, 0.0000
ATT: 194, -10, 53
GPS: 596624000, 1, 10, 42.6227650, -71.2071610, 0, 41.2900, 41.6300, 0.0200, 0.0000
ATT: 194, -9, 53
GPS: 596624000, 1, 10, 42.6227650, -71.2071610, 0, 41.3700, 41.6300, 0.0200, 0.0000
ATT: 197, -10, 52
GPS: 596624000, 1, 10, 42.6227650, -71.2071610, 0, 41.3700, 41.6300, 0.0200, 0.0000
ATT: 198, -10, 52
GPS: 596624000, 1, 10, 42.6227650, -71.2071610, 0, 41.3700, 41.6300, 0.0200, 0.0000
ATT: 203, -12, 53
GPS: 596624000, 1, 10, 42.6227650, -71.2071610, 0, 41.3700, 41.6300, 0.0200, 0.0000
ATT: 208, -11, 54
GPS: 596624000, 1, 10, 42.6227650, -71.2071610, 0, 41.3700, 41.6300, 0.0200, 0.0000
ATT: 204, -14, 53
GPS: 596624000, 1, 10, 42.6227650, -71.2071610, 0, 41.2900, 41.6300, 0.0200, 0.0000
ATT: 206, -13, 52
GPS: 596624000, 1, 10, 42.6227650, -71.2071610, 0, 41.2000, 41.6300, 0.0200, 0.0000
ATT: 205, -14, 52
GPS: 596624000, 1, 10, 42.6227650, -71.2071610, 0, 41.2900, 41.6300, 0.0200, 0.0000
ATT: 204, -13, 52
GPS: 596625000, 1, 10, 42.6227650, -71.2071610, 0, 41.2900, 41.6800, 0.0100, 0.0000
ATT: 204, -13, 50
GPS: 596625000, 1, 10, 42.6227650, -71.2071610, 0, 41.2000, 41.6800, 0.0100, 0.0000
ATT: 205, -12, 52
GPS: 596625000, 1, 10, 42.6227650, -71.2071610, 0, 41.2000, 41.6800, 0.0100, 0.0000
ATT: 207, -11, 52
GPS: 596625000, 1, 10, 42.6227650, -71.2071610, 0, 41.2000, 41.6800, 0.0100, 0.0000
ATT: 205, -11, 51
GPS: 596625000, 1, 10, 42.6227650, -71.2071610, 0, 41.2000, 41.6800, 0.0100, 0.0000
ATT: 201, -9, 50
GPS: 596625000, 1, 10, 42.6227650, -71.2071610, 0, 41.2000, 41.6800, 0.0100, 0.0000
ATT: 198, -9, 50
GPS: 596625000, 1, 10, 42.6227650, -71.2071610, 0, 41.2000, 41.6800, 0.0100, 0.0000
ATT: 195, -9, 48
GPS: 596625000, 1, 10, 42.6227650, -71.2071610, 0, 41.2000, 41.6800, 0.0100, 0.0000
ATT: 191, -8, 47
GPS: 596625000, 1, 10, 42.6227650, -71.2071610, 0, 41.2000, 41.6800, 0.0100, 0.0000
ATT: 189, -8, 46
GPS: 596625000, 1, 10, 42.6227650, -71.2071610, 0, 41.2000, 41.6800, 0.0100, 0.0000
ATT: 188, -8, 46
GPS: 596626000, 1, 10, 42.6227650, -71.2071610, 0, 41.2000, 41.6800, 0.0200, 0.0000
ATT: 183, -8, 44
GPS: 596626000, 1, 10, 42.6227650, -71.2071610, 0, 41.2000, 41.6800, 0.0200, 0.0000
ATT: 157, -1, 47
GPS: 596626000, 1, 10, 42.6227650, -71.2071610, 0, 41.2000, 41.6800, 0.0200, 0.0000
ATT: 186, 0, 59
GPS: 596626000, 1, 10, 42.6227650, -71.2071610, 0, 41.3700, 41.6800, 0.0200, 0.0000
ATT: 157, -11, 40
GPS: 596626000, 1, 10, 42.6227650, -71.2071610, 0, 41.4600, 41.6800, 0.0200, 0.0000
ATT: 149, -21, 42
GPS: 596626000, 1, 10, 42.6227650, -71.2071610, 0, 41.4600, 41.6800, 0.0200, 0.0000
ATT: 192, -27, 31
GPS: 596626000, 1, 10, 42.6227650, -71.2071610, 0, 41.4600, 41.6800, 0.0200, 0.0000
ATT: 173, -17, 44
GPS: 596626000, 1, 10, 42.6227650, -71.2071610, 0, 41.4600, 41.6800, 0.0200, 0.0000
ATT: 247, -16, 51
GPS: 596626000, 1, 10, 42.6227650, -71.2071610, 0, 41.4600, 41.6800, 0.0200, 0.0000
ATT: 267, -28, 43
GPS: 596626000, 1, 10, 42.6227650, -71.2071610, 0, 41.4600, 41.6800, 0.0200, 0.0000
ATT: 174, -18, 33
GPS: 596627000, 1, 10, 42.6227650, -71.2071610, 0, 41.4600, 41.7100, 0.0600, 0.0000
ATT: 125, -5, 16
GPS: 596627000, 1, 10, 42.6227650, -71.2071610, 0, 41.4600, 41.7100, 0.0600, 0.0000
ATT: 80, 5, 35985
GPS: 596627000, 1, 10, 42.6227650, -71.2071610, 0, 41.4600, 41.7100, 0.0600, 0.0000
ATT: 48, 15, 35990
GPS: 596627000, 1, 10, 42.6227650, -71.2071610, 0, 41.4600, 41.7100, 0.0600, 0.0000
ATT: 9, 27, 35981
GPS: 596627000, 1, 10, 42.6227650, -71.2071610, 0, 41.4600, 41.7100, 0.0600, 0.0000
ATT: 30, 27, 4
GPS: 596627000, 1, 10, 42.6227650, -71.2071610, 0, 41.5400, 41.7100, 0.0600, 0.0000
ATT: 49, 24, 8
GPS: 596627000, 1, 10, 42.6227650, -71.2071610, 0, 41.5400, 41.7100, 0.0600, 0.0000
ATT: 40, 26, 5
GPS: 596627000, 1, 10, 42.6227650, -71.2071610, 0, 41.4600, 41.7100, 0.0600, 0.0000
ATT: -9, 35, 1
GPS: 596627000, 1, 10, 42.6227650, -71.2071610, 0, 41.3700, 41.7100, 0.0600, 0.0000
ATT: 6, 23, 5
GPS: 596627000, 1, 10, 42.6227650, -71.2071610, 0, 41.3700, 41.7100, 0.0600, 0.0000
ATT: 12, 28, 9
GPS: 596628000, 1, 10, 42.6227680, -71.2071610, 0, 41.3700, 41.7700, 0.0200, 0.0000
ATT: 1, 19, 35995
GPS: 596628000, 1, 10, 42.6227680, -71.2071610, 0, 41.2900, 41.7700, 0.0200, 0.0000
ATT: 11, 16, 35998
GPS: 596628000, 1, 10, 42.6227680, -71.2071610, 0, 41.2000, 41.7700, 0.0200, 0.0000
ATT: 54, 5, 7
GPS: 596628000, 1, 10, 42.6227680, -71.2071610, 0, 41.1200, 41.7700, 0.0200, 0.0000
ATT: 87, -4, 13
GPS: 596628000, 1, 10, 42.6227680, -71.2071610, 0, 41.0300, 41.7700, 0.0200, 0.0000
ATT: 86, -10, 35985
GPS: 596628000, 1, 10, 42.6227680, -71.2071610, 0, 41.1200, 41.7700, 0.0200, 0.0000
ATT: 127, -16, 35998
GPS: 596628000, 1, 10, 42.6227680, -71.2071610, 0, 41.1200, 41.7700, 0.0200, 0.0000
ATT: 121, -18, 35997
GPS: 596628000, 1, 10, 42.6227680, -71.2071610, 0, 41.2000, 41.7700, 0.0200, 0.0000
ATT: 110, -13, 35998
GPS: 596628000, 1, 10, 42.6227680, -71.2071610, 0, 41.2000, 41.7700, 0.0200, 0.0000
ATT: 92, -16, 2
GPS: 596629000, 1, 8, 42.6227720, -71.2071610, 0, 41.2900, 41.8900, 0.7500, 5.5800
ATT: 82, -27, 24
GPS: 596629000, 1, 8, 42.6227720, -71.2071610, 0, 41.3700, 41.8900, 0.7500, 5.5800
ATT: 69, -42, 23
GPS: 596629000, 1, 8, 42.6227720, -71.2071610, 0, 41.5400, 41.8900, 0.7500, 5.5800
ATT: 80, -38, 30
GPS: 596629000, 1, 8, 42.6227720, -71.2071610, 0, 41.6200, 41.8900, 0.7500, 5.5800
