Dumping Log 5,    start pg 650,   end pg 654

ArduPlane V2.33
Free RAM: 3417
GROUND START -  4 commands in memory
CMD:0,16,0,4389,426227766,-712071003, 
CMD:1,16,0,10000,426235616,-712060672, 
CMD:2,16,0,9900,426242016,-712065600, 
CMD:3,16,0,9900,426237920,-712078784, 
CMD:4,18,2,9900,426234528,-712076736, 
MOD:Manual
ATT: 213, -2, 35978
GPS: 147599000, 1, 9, 42.6228030, -71.2071230, 0, -0.1800, 38.4800, 0.0300, 0.0000
ATT: 211, 1, 35978
GPS: 147599000, 1, 9, 42.6228030, -71.2071230, 0, -0.5400, 38.4800, 0.0300, 0.0000
ATT: 207, 5, 35977
GPS: 147599000, 1, 9, 42.6228030, -71.2071230, 0, -0.8100, 38.4800, 0.0300, 0.0000
ATT: 205, 8, 35976
GPS: 147599000, 1, 9, 42.6228030, -71.2071230, 0, -0.9900, 38.4800, 0.0300, 0.0000
ATT: 204, 12, 35976
GPS: 147599000, 1, 9, 42.6228030, -71.2071230, 0, -1.0900, 38.4800, 0.0300, 0.0000
ATT: 200, 15, 35975
GPS: 147599000, 1, 9, 42.6228030, -71.2071230, 0, -1.0900, 38.4800, 0.0300, 0.0000
ATT: 204, 16, 35976
GPS: 147599000, 1, 9, 42.6228030, -71.2071230, 0, -1.0900, 38.4800, 0.0300, 0.0000
ATT: 203, 18, 35976
GPS: 147599000, 1, 9, 42.6228030, -71.2071230, 0, -0.9900, 38.4800, 0.0300, 0.0000
ATT: 200, 20, 35976
GPS: 147599000, 1, 9, 42.6228030, -71.2071230, 0, -0.9900, 38.4800, 0.0300, 0.0000
ATT: 197, 23, 35975
GPS: 147599000, 1, 9, 42.6228030, -71.2071230, 0, -0.8100, 38.4800, 0.0300, 0.0000
ATT: 195, 25, 35974
GPS: 147599000, 1, 9, 42.6228030, -71.2071230, 0, -0.7200, 38.4800, 0.0300, 0.0000
ATT: 201, 15, 35975
GPS: 147599000, 1, 9, 42.6228030, -71.2071230, 0, -0.7200, 38.4800, 0.0300, 0.0000
ATT: 160, 66, 35942
GPS: 147599000, 1, 9, 42.6228030, -71.2071230, 0, -0.7200, 38.4800, 0.0300, 0.0000
ATT: 138, 86, 35910
GPS: 147599000, 1, 9, 42.6228030, -71.2071230, 0, -0.6300, 38.4800, 0.0300, 0.0000
ATT: 74, 249, 35851
GPS: 147599000, 1, 9, 42.6228030, -71.2071230, 0, -0.5400, 38.4800, 0.0300, 0.0000
ATT: 77, 480, 35849
GPS: 147599000, 1, 9, 42.6228030, -71.2071230, 0, -0.6300, 38.4800, 0.0300, 0.0000
ATT: 214, 556, 35877
GPS: 147599000, 1, 9, 42.6228030, -71.2071230, 0, -0.7200, 38.4800, 0.0300, 0.0000
ATT: 289, 478, 35896
GPS: 147599000, 1, 9, 42.6228030, -71.2071230, 0, -0.5400, 38.4800, 0.0300, 0.0000
ATT: 224, 438, 35915
GPS: 147599000, 1, 9, 42.6228030, -71.2071230, 0, -0.4500, 38.4800, 0.0300, 0.0000
ATT: 101, 508, 35943
GPS: 147599000, 1, 9, 42.6228030, -71.2071230, 0, -0.5400, 38.4800, 0.0300, 0.0000
ATT: -107, 707, 35894
GPS: 147603000, 1, 9, 42.6228030, -71.2071150, 0, -0.6300, 38.4700, 0.0600, 0.0000
ATT: -221, 928, 35892
GPS: 147603000, 1, 9, 42.6228030, -71.2071150, 0, -0.6300, 38.4700, 0.0600, 0.0000
ATT: -260, 1149, 35939
GPS: 147603000, 1, 9, 42.6228030, -71.2071150, 0, -0.6300, 38.4700, 0.0600, 0.0000
ATT: -177, 1042, 35925
GPS: 147603000, 1, 9, 42.6228030, -71.2071150, 0, -0.4500, 38.4700, 0.0600, 0.0000
ATT: -102, 816, 35941
GPS: 147603000, 1, 9, 42.6228030, -71.2071150, 0, -0.3600, 38.4700, 0.0600, 0.0000
ATT: -93, 831, 35945
GPS: 147603000, 1, 9, 42.6228030, -71.2071150, 0, -0.3600, 38.4700, 0.0600, 0.0000
PM:20008,130,20,0,0,0,0,2,1,-1,0,0,0, 
ATT: -12, 939, 29
GPS: 147603000, 1, 9, 42.6228030, -71.2071150, 0, -0.3600, 38.4700, 0.0600, 0.0000
ATT: 115, 1139, 105
GPS: 147603000, 1, 9, 42.6228030, -71.2071150, 0, -0.2700, 38.4700, 0.0600, 0.0000
ATT: 91, 1078, 60
GPS: 147603000, 1, 9, 42.6228030, -71.2071150, 0, -0.1800, 38.4700, 0.0600, 0.0000
ATT: -7, 1011, 35971
GPS: 147603000, 1, 9, 42.6228030, -71.2071150, 0, -0.1800, 38.4700, 0.0600, 0.0000
ATT: -16, 985, 35946
GPS: 147604000, 1, 9, 42.6228030, -71.2071150, 0, -0.1800, 38.4300, 0.1400, 0.0000
ATT: 76, 1040, 35983
GPS: 147604000, 1, 9, 42.6228030, -71.2071150, 0, -0.1800, 38.4300, 0.1400, 0.0000
ATT: 166, 1073, 23
GPS: 147604000, 1, 9, 42.6228030, -71.2071150, 0, -0.1800, 38.4300, 0.1400, 0.0000
ATT: 239, 1092, 22
GPS: 147604000, 1, 9, 42.6228030, -71.2071150, 0, -0.1800, 38.4300, 0.1400, 0.0000
ATT: 252, 1130, 35995
GPS: 147604000, 1, 9, 42.6228030, -71.2071150, 0, -0.1800, 38.4300, 0.1400, 0.0000
ATT: 198, 1130, 35958
GPS: 147604000, 1, 9, 42.6228030, -71.2071150, 0, -0.2700, 38.4300, 0.1400, 0.0000
ATT: 136, 1127, 35987
GPS: 147604000, 1, 9, 42.6228030, -71.2071150, 0, -0.3600, 38.4300, 0.1400, 0.0000
ATT: 103, 1114, 35998
GPS: 147604000, 1, 9, 42.6228030, -71.2071150, 0, -0.4500, 38.4300, 0.1400, 0.0000
ATT: 102, 1111, 35965
GPS: 147604000, 1, 9, 42.6228030, -71.2071150, 0, -0.5400, 38.4300, 0.1400, 0.0000
ATT: 92, 1124, 35964
GPS: 147604000, 1, 9, 42.6228030, -71.2071150, 0, -0.4500, 38.4300, 0.1400, 0.0000
ATT: 101, 1125, 35983
GPS: 147605000, 1, 9, 42.6227990, -71.2071150, 0, -0.4500, 38.5300, 0.1400, 0.0000
ATT: 105, 1129, 35976
GPS: 147605000, 1, 9, 42.6227990, -71.2071150, 0, -0.3600, 38.5300, 0.1400, 0.0000
ATT: 114, 1124, 35988
GPS: 147605000, 1, 9, 42.6227990, -71.2071150, 0, -0.2700, 38.5300, 0.1400, 0.0000
