Dumping Log 6,    start pg 1352,   end pg 1430

ArduPlane V2.33
Free RAM: 3325
GROUND START -  4 commands in memory
CMD:0,16,0,4400,426542784,-713267392, 
CMD:1,16,0,100,426543584,-713268224, 
CMD:2,16,0,100,426544416,-713269184, 
CMD:3,16,0,100,426545280,-713270272, 
CMD:4,16,0,100,426544832,-713265792, 
MOD:Manual
PM:27578,1,166,0,0,0,0,0,1,0,0,0,21, 
ATT: 291, -1145, 35642
GPS: 573630664, 0, 0, 0.0000000, 0.0000000, 0, -0.0800, 33.5000, 0.0000, 0.0000
ATT: 864, -924, 35881
GPS: 573630664, 0, 0, 0.0000000, 0.0000000, 0, -0.5200, 33.5000, 0.0000, 0.0000
ATT: 906, -701, 35827
GPS: 573630664, 0, 0, 0.0000000, 0.0000000, 0, -0.7800, 33.5000, 0.0000, 0.0000
ATT: 335, -589, 35521
GPS: 573630664, 0, 0, 0.0000000, 0.0000000, 0, -0.8600, 33.5000, 0.0000, 0.0000
ATT: 84, -710, 35356
GPS: 573630664, 0, 0, 0.0000000, 0.0000000, 0, -0.9500, 33.5000, 0.0000, 0.0000
ATT: 96, -832, 35374
GPS: 573630664, 0, 0, 0.0000000, 0.0000000, 0, -0.3400, 33.5000, 0.0000, 0.0000
ATT: -25, -629, 35395
GPS: 573630664, 0, 0, 0.0000000, 0.0000000, 0, 0.0800, 33.5000, 0.0000, 0.0000
ATT: -107, -329, 35424
GPS: 573630664, 0, 0, 0.0000000, 0.0000000, 0, 0.0800, 33.5000, 0.0000, 0.0000
ATT: -26, -173, 35548
GPS: 573630664, 0, 0, 0.0000000, 0.0000000, 0, 0.0800, 33.5000, 0.0000, 0.0000
ATT: -103, -19, 35553
GPS: 573630664, 0, 0, 0.0000000, 0.0000000, 0, 0.9500, 33.5000, 0.0000, 0.0000
ATT: -67, 14, 35590
GPS: 573630664, 0, 0, 0.0000000, 0.0000000, 0, 1.5600, 33.5000, 0.0000, 0.0000
ATT: -81, -28, 35618
GPS: 573630664, 0, 0, 0.0000000, 0.0000000, 0, 1.3900, 33.5000, 0.0000, 0.0000
ATT: -100, -111, 35619
GPS: 573630664, 0, 0, 0.0000000, 0.0000000, 0, 1.2100, 33.5000, 0.0000, 0.0000
ATT: 86, -32, 35641
GPS: 573630664, 0, 0, 0.0000000, 0.0000000, 0, 1.6500, 33.5000, 0.0000, 0.0000
ATT: 94, 202, 35647
GPS: 573630664, 0, 0, 0.0000000, 0.0000000, 0, 1.9900, 33.5000, 0.0000, 0.0000
ATT: 328, 180, 35711
GPS: 573630664, 0, 0, 0.0000000, 0.0000000, 0, 2.5100, 33.5000, 0.0000, 0.0000
ATT: 481, -33, 35757
GPS: 573630664, 0, 0, 0.0000000, 0.0000000, 0, 2.8600, 33.5000, 0.0000, 0.0000
ATT: 27, -316, 35730
GPS: 573630664, 0, 0, 0.0000000, 0.0000000, 0, 2.5100, 33.5000, 0.0000, 0.0000
ATT: -593, -330, 35686
GPS: 573630664, 0, 0, 0.0000000, 0.0000000, 0, 2.2500, 33.5000, 0.0000, 0.0000
ATT: -725, -171, 35673
GPS: 573630664, 0, 0, 0.0000000, 0.0000000, 0, 2.5100, 33.5000, 0.0000, 0.0000
ATT: -575, -271, 35768
GPS: 573634660, 0, 0, 0.0000000, 0.0000000, 0, 2.6900, 33.5000, 0.0000, 0.0000
ATT: -444, -425, 35807
GPS: 573634660, 0, 0, 0.0000000, 0.0000000, 0, 2.5100, 33.5000, 0.0000, 0.0000
ATT: -228, -292, 35788
GPS: 573634660, 0, 0, 0.0000000, 0.0000000, 0, 2.3400, 33.5000, 0.0000, 0.0000
ATT: -67, -219, 35799
GPS: 573634660, 0, 0, 0.0000000, 0.0000000, 0, 2.6900, 33.5000, 0.0000, 0.0000
ATT: -218, -203, 35848
GPS: 573634660, 0, 0, 0.0000000, 0.0000000, 0, 2.9500, 33.5000, 0.0000, 0.0000
ATT: -387, -66, 35828
GPS: 573634660, 0, 0, 0.0000000, 0.0000000, 0, 3.3000, 33.5000, 0.0000, 0.0000
ATT: -528, 130, 35873
GPS: 573634660, 0, 0, 0.0000000, 0.0000000, 0, 3.5600, 33.5000, 0.0000, 0.0000
ATT: -459, 292, 15
GPS: 573634660, 0, 0, 0.0000000, 0.0000000, 0, 3.4700, 33.5000, 0.0000, 0.0000
ATT: -158, 313, 182
GPS: 573634660, 0, 0, 0.0000000, 0.0000000, 0, 3.3800, 33.5000, 0.0000, 0.0000
ATT: 116, 252, 181
GPS: 573634660, 0, 0, 0.0000000, 0.0000000, 0, 3.3000, 33.5000, 0.0000, 0.0000
ATT: 37, 283, 21
GPS: 573635664, 0, 0, 0.0000000, 0.0000000, 0, 3.2100, 33.5000, 0.0000, 0.0000
ATT: -276, 267, 35910
GPS: 573635664, 0, 0, 0.0000000, 0.0000000, 0, 2.6000, 33.5000, 0.0000, 0.0000
ATT: -487, 239, 35938
GPS: 573635664, 0, 0, 0.0000000, 0.0000000, 0, 2.1700, 33.5000, 0.0000, 0.0000
ATT: -526, 288, 17
GPS: 573635664, 0, 0, 0.0000000, 0.0000000, 0, 2.2500, 33.5000, 0.0000, 0.0000
ATT: -570, 357, 25
GPS: 573635664, 0, 0, 0.0000000, 0.0000000, 0, 2.3400, 33.5000, 0.0000, 0.0000
ATT: -533, 341, 41
GPS: 573635664, 0, 0, 0.0000000, 0.0000000, 0, 1.9100, 33.5000, 0.0000, 0.0000
ATT: -459, 194, 47
GPS: 573635664, 0, 0, 0.0000000, 0.0000000, 0, 1.6500, 33.5000, 0.0000, 0.0000
ATT: -349, -10, 18
GPS: 573635664, 0, 0, 0.0000000, 0.0000000, 0, 1.7300, 33.5000, 0.0000, 0.0000
ATT: -329, -155, 35956
GPS: 573635664, 0, 0, 0.0000000, 0.0000000, 0, 1.7300, 33.5000, 0.0000, 0.0000
ATT: -427, -189, 1
GPS: 573635664, 0, 0, 0.0000000, 0.0000000, 0, 2.1700, 33.5000, 0.0000, 0.0000
ATT: -477, -158, 213
GPS: 573636664, 0, 0, 0.0000000, 0.0000000, 0, 2.4300, 33.5000, 0.0000, 0.0000
ATT: -399, -189, 425
GPS: 573636664, 0, 0, 0.0000000, 0.0000000, 0, 1.9900, 33.5000, 0.0000, 0.0000
ATT: -462, -191, 478
GPS: 573636664, 0, 0, 0.0000000, 0.0000000, 0, 1.7300, 33.5000, 0.0000, 0.0000
ATT: -506, -186, 494
GPS: 573636664, 0, 0, 0.0000000, 0.0000000, 0, 2.5100, 33.5000, 0.0000, 0.0000
ATT: -427, -262, 532
GPS: 573636664, 0, 0, 0.0000000, 0.0000000, 0, 3.0400, 33.5000, 0.0000, 0.0000
ATT: -303, -364, 492
GPS: 573636664, 0, 0, 0.0000000, 0.0000000, 0, 2.1700, 33.5000, 0.0000, 0.0000
ATT: -257, -396, 344
GPS: 573636664, 0, 0, 0.0000000, 0.0000000, 0, 1.5600, 33.5000, 0.0000, 0.0000
ATT: -291, -476, 223
GPS: 573636664, 0, 0, 0.0000000, 0.0000000, 0, 1.3900, 33.5000, 0.0000, 0.0000
ATT: -308, -584, 139
GPS: 573636664, 0, 0, 0.0000000, 0.0000000, 0, 1.2100, 33.5000, 0.0000, 0.0000
ATT: -289, -629, 92
GPS: 573636664, 0, 0, 0.0000000, 0.0000000, 0, 1.9100, 33.5000, 0.0000, 0.0000
ATT: -270, -554, 61
GPS: 573637660, 0, 0, 0.0000000, 0.0000000, 0, 2.4300, 33.5000, 0.0000, 0.0000
ATT: -258, -435, 42
GPS: 573637660, 0, 0, 0.0000000, 0.0000000, 0, 2.2500, 33.5000, 0.0000, 0.0000
ATT: -287, -341, 35963
GPS: 573637660, 0, 0, 0.0000000, 0.0000000, 0, 2.0800, 33.5000, 0.0000, 0.0000
ATT: -300, -201, 35827
GPS: 573637660, 0, 0, 0.0000000, 0.0000000, 0, 2.3400, 33.5000, 0.0000, 0.0000
ATT: -289, -70, 35679
GPS: 573637660, 0, 0, 0.0000000, 0.0000000, 0, 2.5100, 33.5000, 0.0000, 0.0000
ATT: -290, -20, 35563
GPS: 573637660, 0, 0, 0.0000000, 0.0000000, 0, 1.9100, 33.5000, 0.0000, 0.0000
ATT: -275, 34, 35447
GPS: 573637660, 0, 0, 0.0000000, 0.0000000, 0, 1.4700, 33.5000, 0.0000, 0.0000
ATT: -232, 187, 35354
GPS: 573637660, 0, 0, 0.0000000, 0.0000000, 0, 1.6500, 33.5000, 0.0000, 0.0000
ATT: -200, 339, 35335
GPS: 573637660, 0, 0, 0.0000000, 0.0000000, 0, 1.7300, 33.5000, 0.0000, 0.0000
ATT: -231, 403, 35401
GPS: 573637660, 0, 0, 0.0000000, 0.0000000, 0, 1.7300, 33.5000, 0.0000, 0.0000
ATT: -244, 386, 35447
GPS: 573638664, 0, 0, 0.0000000, 0.0000000, 0, 1.7300, 33.5000, 0.0000, 0.0000
ATT: -186, 409, 35437
GPS: 573638664, 0, 0, 0.0000000, 0.0000000, 0, 1.7300, 33.5000, 0.0000, 0.0000
ATT: -150, 374, 35470
GPS: 573638664, 0, 0, 0.0000000, 0.0000000, 0, 1.7300, 33.5000, 0.0000, 0.0000
ATT: -139, 301, 35539
GPS: 573638664, 0, 0, 0.0000000, 0.0000000, 0, 2.0800, 33.5000, 0.0000, 0.0000
ATT: -103, 288, 35572
GPS: 573638664, 0, 0, 0.0000000, 0.0000000, 0, 2.3400, 33.5000, 0.0000, 0.0000
ATT: -113, 308, 35531
GPS: 573638664, 0, 0, 0.0000000, 0.0000000, 0, 1.6500, 33.5000, 0.0000, 0.0000
ATT: -147, 324, 35529
GPS: 573638664, 0, 0, 0.0000000, 0.0000000, 0, 1.2100, 33.5000, 0.0000, 0.0000
ATT: -126, 296, 35566
GPS: 573638664, 0, 0, 0.0000000, 0.0000000, 0, 1.3900, 33.5000, 0.0000, 0.0000
ATT: -73, 297, 35601
GPS: 573638664, 0, 0, 0.0000000, 0.0000000, 0, 1.4700, 33.5000, 0.0000, 0.0000
ATT: -68, 263, 35604
GPS: 573638664, 0, 0, 0.0000000, 0.0000000, 0, 1.5600, 33.5000, 0.0000, 0.0000
ATT: -114, 239, 35604
GPS: 573639664, 0, 0, 0.0000000, 0.0000000, 0, 1.6500, 33.5000, 0.0000, 0.0000
ATT: -196, 282, 35588
GPS: 573639664, 0, 0, 0.0000000, 0.0000000, 0, 1.5600, 33.5000, 0.0000, 0.0000
ATT: -281, 346, 35590
GPS: 573639664, 0, 0, 0.0000000, 0.0000000, 0, 1.4700, 33.5000, 0.0000, 0.0000
ATT: -277, 439, 35619
GPS: 573639664, 0, 0, 0.0000000, 0.0000000, 0, 1.9900, 33.5000, 0.0000, 0.0000
ATT: -214, 466, 35644
GPS: 573639664, 0, 0, 0.0000000, 0.0000000, 0, 2.3400, 33.5000, 0.0000, 0.0000
ATT: -164, 433, 35689
GPS: 573639664, 0, 0, 0.0000000, 0.0000000, 0, 2.1700, 33.5000, 0.0000, 0.0000
ATT: -156, 427, 35704
GPS: 573639664, 0, 0, 0.0000000, 0.0000000, 0, 2.0800, 33.5000, 0.0000, 0.0000
ATT: -183, 452, 35699
GPS: 573639664, 0, 0, 0.0000000, 0.0000000, 0, 2.2500, 33.5000, 0.0000, 0.0000
ATT: -189, 444, 35752
GPS: 573639664, 0, 0, 0.0000000, 0.0000000, 0, 2.4300, 33.5000, 0.0000, 0.0000
ATT: 2, 442, 35925
GPS: 573639664, 0, 0, 0.0000000, 0.0000000, 0, 2.1700, 33.5000, 0.0000, 0.0000
ATT: 543, 312, 205
GPS: 573640664, 0, 0, 0.0000000, 0.0000000, 0, 1.9900, 33.5000, 0.0000, 0.0000
ATT: 661, -104, 201
GPS: 573640664, 0, 0, 0.0000000, 0.0000000, 0, 2.3400, 33.5000, 0.0000, 0.0000
ATT: 179, -537, 35933
GPS: 573640664, 0, 0, 0.0000000, 0.0000000, 0, 2.6000, 33.5000, 0.0000, 0.0000
ATT: -449, -564, 35779
GPS: 573640664, 0, 0, 0.0000000, 0.0000000, 0, 2.7800, 33.5000, 0.0000, 0.0000
ATT: -701, -413, 24
GPS: 573640664, 0, 0, 0.0000000, 0.0000000, 0, 2.8600, 33.5000, 0.0000, 0.0000
ATT: -567, -402, 531
GPS: 573640664, 0, 0, 0.0000000, 0.0000000, 0, 2.1700, 33.5000, 0.0000, 0.0000
ATT: -285, -439, 916
GPS: 573640664, 0, 0, 0.0000000, 0.0000000, 0, 1.6500, 33.5000, 0.0000, 0.0000
ATT: -152, -433, 890
GPS: 573640664, 0, 0, 0.0000000, 0.0000000, 0, 1.9100, 33.5000, 0.0000, 0.0000
ATT: -279, -384, 752
GPS: 573640664, 0, 0, 0.0000000, 0.0000000, 0, 2.0800, 33.5000, 0.0000, 0.0000
ATT: -402, -381, 707
GPS: 573640664, 0, 0, 0.0000000, 0.0000000, 0, 1.4700, 33.5000, 0.0000, 0.0000
ATT: -503, -334, 734
GPS: 573641660, 0, 0, 0.0000000, 0.0000000, 0, 1.0400, 33.5000, 0.0000, 0.0000
ATT: -644, -184, 725
GPS: 573641660, 0, 0, 0.0000000, 0.0000000, 0, 1.6500, 33.5000, 0.0000, 0.0000
ATT: -633, -86, 745
GPS: 573641660, 0, 0, 0.0000000, 0.0000000, 0, 2.0800, 33.5000, 0.0000, 0.0000
ATT: -405, -153, 909
GPS: 573641660, 0, 0, 0.0000000, 0.0000000, 0, 2.3400, 33.5000, 0.0000, 0.0000
ATT: -210, -184, 1223
GPS: 573641660, 0, 0, 0.0000000, 0.0000000, 0, 2.6000, 33.5000, 0.0000, 0.0000
ATT: -328, -61, 1532
GPS: 573641660, 0, 0, 0.0000000, 0.0000000, 0, 2.1700, 33.5000, 0.0000, 0.0000
ATT: -616, 96, 1848
GPS: 573641660, 0, 0, 0.0000000, 0.0000000, 0, 1.9100, 33.5000, 0.0000, 0.0000
ATT: -824, 184, 2162
GPS: 573641660, 0, 0, 0.0000000, 0.0000000, 0, 2.5100, 33.5000, 0.0000, 0.0000
ATT: -870, 173, 2452
GPS: 573641660, 0, 0, 0.0000000, 0.0000000, 0, 2.9500, 33.5000, 0.0000, 0.0000
ATT: -735, -94, 2703
GPS: 573641660, 0, 0, 0.0000000, 0.0000000, 0, 2.8600, 33.5000, 0.0000, 0.0000
ATT: -504, -242, 2840
GPS: 573642664, 0, 0, 0.0000000, 0.0000000, 0, 2.7800, 33.5000, 0.0000, 0.0000
ATT: -343, -178, 2682
GPS: 573642664, 0, 0, 0.0000000, 0.0000000, 0, 2.6900, 33.5000, 0.0000, 0.0000
ATT: -359, -126, 2463
GPS: 573642664, 0, 0, 0.0000000, 0.0000000, 0, 2.6000, 33.5000, 0.0000, 0.0000
ATT: -476, -131, 2408
GPS: 573642664, 0, 0, 0.0000000, 0.0000000, 0, 2.6000, 33.5000, 0.0000, 0.0000
ATT: -577, -130, 2346
GPS: 573642664, 0, 0, 0.0000000, 0.0000000, 0, 2.6000, 33.5000, 0.0000, 0.0000
ATT: -764, -104, 2241
GPS: 573642664, 0, 0, 0.0000000, 0.0000000, 0, 2.4300, 33.5000, 0.0000, 0.0000
ATT: -948, -190, 2092
GPS: 573642664, 0, 0, 0.0000000, 0.0000000, 0, 2.3400, 33.5000, 0.0000, 0.0000
ATT: -1021, -180, 1897
GPS: 573642664, 0, 0, 0.0000000, 0.0000000, 0, 2.6000, 33.5000, 0.0000, 0.0000
ATT: -963, -199, 1729
GPS: 573642664, 0, 0, 0.0000000, 0.0000000, 0, 2.7800, 33.5000, 0.0000, 0.0000
ATT: -848, -237, 1644
GPS: 573642664, 0, 0, 0.0000000, 0.0000000, 0, 2.5100, 33.5000, 0.0000, 0.0000
ATT: -806, -319, 1615
GPS: 573643664, 0, 0, 0.0000000, 0.0000000, 0, 2.2500, 33.5000, 0.0000, 0.0000
ATT: -894, -367, 1597
GPS: 573643664, 0, 0, 0.0000000, 0.0000000, 0, 2.4300, 33.5000, 0.0000, 0.0000
ATT: -1064, -348, 1550
GPS: 573643664, 0, 0, 0.0000000, 0.0000000, 0, 2.5100, 33.5000, 0.0000, 0.0000
ATT: -1155, -310, 1474
GPS: 573643664, 0, 0, 0.0000000, 0.0000000, 0, 1.7300, 33.5000, 0.0000, 0.0000
ATT: -1039, -315, 1376
GPS: 573643664, 0, 0, 0.0000000, 0.0000000, 0, 1.2100, 33.5000, 0.0000, 0.0000
ATT: -720, -319, 1300
GPS: 573643664, 0, 0, 0.0000000, 0.0000000, 0, 1.4700, 33.5000, 0.0000, 0.0000
ATT: -247, -331, 1270
GPS: 573643664, 0, 0, 0.0000000, 0.0000000, 0, 1.6500, 33.5000, 0.0000, 0.0000
ATT: 179, -408, 1207
GPS: 573643664, 0, 0, 0.0000000, 0.0000000, 0, 1.9100, 33.5000, 0.0000, 0.0000
ATT: 392, -455, 1101
GPS: 573643664, 0, 0, 0.0000000, 0.0000000, 0, 2.0800, 33.5000, 0.0000, 0.0000
ATT: 608, -505, 1042
GPS: 573643664, 0, 0, 0.0000000, 0.0000000, 0, 1.7300, 33.5000, 0.0000, 0.0000
ATT: 1003, -645, 1040
GPS: 573644664, 0, 0, 0.0000000, 0.0000000, 0, 1.4700, 33.5000, 0.0000, 0.0000
ATT: 1222, -770, 979
GPS: 573644664, 0, 0, 0.0000000, 0.0000000, 0, 1.8200, 33.5000, 0.0000, 0.0000
ATT: 1303, -866, 875
GPS: 573644664, 0, 0, 0.0000000, 0.0000000, 0, 2.0800, 33.5000, 0.0000, 0.0000
ATT: 1365, -943, 792
GPS: 573644664, 0, 0, 0.0000000, 0.0000000, 0, 1.8200, 33.5000, 0.0000, 0.0000
ATT: 1265, -798, 779
GPS: 573644664, 0, 0, 0.0000000, 0.0000000, 0, 1.5600, 33.5000, 0.0000, 0.0000
ATT: 1167, -658, 780
GPS: 573644664, 0, 0, 0.0000000, 0.0000000, 0, 1.7300, 33.5000, 0.0000, 0.0000
ATT: 1079, -566, 841
GPS: 573644664, 0, 0, 0.0000000, 0.0000000, 0, 1.8200, 33.5000, 0.0000, 0.0000
ATT: 1072, -526, 918
GPS: 573644664, 0, 0, 0.0000000, 0.0000000, 0, 1.9900, 33.5000, 0.0000, 0.0000
ATT: 1024, -469, 968
GPS: 573644664, 0, 0, 0.0000000, 0.0000000, 0, 2.1700, 33.5000, 0.0000, 0.0000
ATT: 795, -403, 1035
GPS: 573644664, 0, 0, 0.0000000, 0.0000000, 0, 2.1700, 33.5000, 0.0000, 0.0000
ATT: 518, -295, 1174
GPS: 573645660, 0, 0, 0.0000000, 0.0000000, 0, 2.1700, 33.5000, 0.0000, 0.0000
ATT: 595, -207, 1326
GPS: 573645660, 0, 0, 0.0000000, 0.0000000, 0, 2.2500, 33.5000, 0.0000, 0.0000
ATT: 730, -220, 1361
GPS: 573645660, 0, 0, 0.0000000, 0.0000000, 0, 2.3400, 33.5000, 0.0000, 0.0000
ATT: 677, -227, 1298
GPS: 573645660, 0, 0, 0.0000000, 0.0000000, 0, 1.9900, 33.5000, 0.0000, 0.0000
ATT: 541, -115, 1175
GPS: 573645660, 0, 0, 0.0000000, 0.0000000, 0, 1.7300, 33.5000, 0.0000, 0.0000
ATT: 407, -80, 1133
GPS: 573645660, 0, 0, 0.0000000, 0.0000000, 0, 1.5600, 33.5000, 0.0000, 0.0000
ATT: 343, -152, 1150
GPS: 573645660, 0, 0, 0.0000000, 0.0000000, 0, 1.4700, 33.5000, 0.0000, 0.0000
ATT: 322, -166, 1141
GPS: 573645660, 0, 0, 0.0000000, 0.0000000, 0, 1.3000, 33.5000, 0.0000, 0.0000
ATT: 311, -125, 1088
GPS: 573645660, 0, 0, 0.0000000, 0.0000000, 0, 1.1200, 33.5000, 0.0000, 0.0000
ATT: 181, -122, 1084
GPS: 573645660, 0, 0, 0.0000000, 0.0000000, 0, 1.0400, 33.5000, 0.0000, 0.0000
ATT: 138, -122, 1131
GPS: 573646664, 0, 0, 0.0000000, 0.0000000, 0, 0.9500, 33.5000, 0.0000, 0.0000
ATT: 228, -146, 1140
GPS: 573646664, 0, 0, 0.0000000, 0.0000000, 0, 1.2100, 33.5000, 0.0000, 0.0000
ATT: 311, -167, 1135
GPS: 573646664, 0, 0, 0.0000000, 0.0000000, 0, 1.3900, 33.5000, 0.0000, 0.0000
ATT: 532, -179, 1185
GPS: 573646664, 0, 0, 0.0000000, 0.0000000, 0, 0.8600, 33.5000, 0.0000, 0.0000
ATT: 781, -286, 1238
GPS: 573646664, 0, 0, 0.0000000, 0.0000000, 0, 0.5200, 33.5000, 0.0000, 0.0000
ATT: 781, -359, 1222
GPS: 573646664, 0, 0, 0.0000000, 0.0000000, 0, 1.1200, 33.5000, 0.0000, 0.0000
ATT: 579, -324, 1091
GPS: 573646664, 0, 0, 0.0000000, 0.0000000, 0, 1.5600, 33.5000, 0.0000, 0.0000
ATT: 374, -244, 944
GPS: 573646664, 0, 0, 0.0000000, 0.0000000, 0, 1.2100, 33.5000, 0.0000, 0.0000
ATT: 295, -262, 887
GPS: 573646664, 0, 0, 0.0000000, 0.0000000, 0, 0.9500, 33.5000, 0.0000, 0.0000
ATT: 311, -317, 853
GPS: 573646664, 0, 0, 0.0000000, 0.0000000, 0, 0.6900, 33.5000, 0.0000, 0.0000
ATT: 312, -338, 765
GPS: 573647664, 0, 0, 0.0000000, 0.0000000, 0, 0.5200, 33.5000, 0.0000, 0.0000
ATT: 313, -351, 692
GPS: 573647664, 0, 0, 0.0000000, 0.0000000, 0, 1.0400, 33.5000, 0.0000, 0.0000
ATT: 333, -392, 678
GPS: 573647664, 0, 0, 0.0000000, 0.0000000, 0, 1.3900, 33.5000, 0.0000, 0.0000
ATT: 329, -402, 707
GPS: 573647664, 0, 0, 0.0000000, 0.0000000, 0, 1.3900, 33.5000, 0.0000, 0.0000
ATT: 314, -369, 712
GPS: 573647664, 0, 0, 0.0000000, 0.0000000, 0, 1.3900, 33.5000, 0.0000, 0.0000
ATT: 337, -288, 639
GPS: 573647664, 0, 0, 0.0000000, 0.0000000, 0, 1.8200, 33.5000, 0.0000, 0.0000
ATT: 252, -39, 260
GPS: 573647664, 0, 0, 0.0000000, 0.0000000, 0, 2.0800, 33.5000, 0.0000, 0.0000
ATT: 24, 256, 35657
GPS: 573647664, 0, 0, 0.0000000, 0.0000000, 0, 1.3000, 33.5000, 0.0000, 0.0000
ATT: -217, 241, 35217
GPS: 573647664, 0, 0, 0.0000000, 0.0000000, 0, 0.7800, 33.5000, 0.0000, 0.0000
ATT: -302, -112, 35299
GPS: 573647664, 0, 0, 0.0000000, 0.0000000, 0, 1.0400, 33.5000, 0.0000, 0.0000
ATT: -185, -474, 35682
GPS: 573648664, 0, 0, 0.0000000, 0.0000000, 0, 1.2100, 33.5000, 0.0000, 0.0000
ATT: -37, -550, 35941
GPS: 573648664, 0, 0, 0.0000000, 0.0000000, 0, 1.4700, 33.5000, 0.0000, 0.0000
ATT: 94, -416, 82
GPS: 573648664, 0, 0, 0.0000000, 0.0000000, 0, 1.6500, 33.5000, 0.0000, 0.0000
ATT: 249, -395, 247
GPS: 573648664, 0, 0, 0.0000000, 0.0000000, 0, 1.5600, 33.5000, 0.0000, 0.0000
ATT: 428, -486, 468
GPS: 573648664, 0, 0, 0.0000000, 0.0000000, 0, 1.4700, 33.5000, 0.0000, 0.0000
ATT: 580, -506, 553
GPS: 573648664, 0, 0, 0.0000000, 0.0000000, 0, 1.7300, 33.5000, 0.0000, 0.0000
ATT: 593, -439, 503
GPS: 573648664, 0, 0, 0.0000000, 0.0000000, 0, 1.9100, 33.5000, 0.0000, 0.0000
ATT: 476, -417, 461
GPS: 573648664, 0, 0, 0.0000000, 0.0000000, 0, 1.3900, 33.5000, 0.0000, 0.0000
ATT: 445, -473, 511
GPS: 573648664, 0, 0, 0.0000000, 0.0000000, 0, 1.0400, 33.5000, 0.0000, 0.0000
ATT: 549, -507, 528
GPS: 573648664, 0, 0, 0.0000000, 0.0000000, 0, 1.3900, 33.5000, 0.0000, 0.0000
ATT: 637, -522, 516
GPS: 573649660, 0, 0, 0.0000000, 0.0000000, 0, 1.6500, 33.5000, 0.0000, 0.0000
ATT: 786, -540, 611
GPS: 573649660, 0, 0, 0.0000000, 0.0000000, 0, 1.5600, 33.5000, 0.0000, 0.0000
ATT: 1223, -509, 831
GPS: 573649660, 0, 0, 0.0000000, 0.0000000, 0, 1.4700, 33.5000, 0.0000, 0.0000
ATT: 1703, -512, 1001
GPS: 573649660, 0, 0, 0.0000000, 0.0000000, 0, 1.3000, 33.5000, 0.0000, 0.0000
ATT: 1943, -544, 998
GPS: 573649660, 0, 0, 0.0000000, 0.0000000, 0, 1.2100, 33.5000, 0.0000, 0.0000
ATT: 2035, -481, 954
GPS: 573649660, 0, 0, 0.0000000, 0.0000000, 0, 1.7300, 33.5000, 0.0000, 0.0000
ATT: 2080, -421, 960
GPS: 573649660, 0, 0, 0.0000000, 0.0000000, 0, 2.0800, 33.5000, 0.0000, 0.0000
ATT: 2084, -430, 985
GPS: 573649660, 0, 0, 0.0000000, 0.0000000, 0, 2.0800, 33.5000, 0.0000, 0.0000
ATT: 2057, -420, 969
GPS: 573649660, 0, 0, 0.0000000, 0.0000000, 0, 2.0800, 33.5000, 0.0000, 0.0000
ATT: 1893, -379, 935
GPS: 573649660, 0, 0, 0.0000000, 0.0000000, 0, 2.6000, 33.5000, 0.0000, 0.0000
ATT: 1473, -340, 909
GPS: 573650664, 0, 0, 0.0000000, 0.0000000, 0, 3.0400, 33.5000, 0.0000, 0.0000
ATT: 879, -195, 881
GPS: 573650664, 0, 0, 0.0000000, 0.0000000, 0, 2.5100, 33.5000, 0.0000, 0.0000
ATT: 278, 33, 751
GPS: 573650664, 0, 0, 0.0000000, 0.0000000, 0, 2.1700, 33.5000, 0.0000, 0.0000
ATT: -297, 210, 541
GPS: 573650664, 0, 0, 0.0000000, 0.0000000, 0, 2.3400, 33.5000, 0.0000, 0.0000
ATT: -925, 216, 314
GPS: 573650664, 0, 0, 0.0000000, 0.0000000, 0, 2.4300, 33.5000, 0.0000, 0.0000
ATT: -1531, 176, 155
GPS: 573650664, 0, 0, 0.0000000, 0.0000000, 0, 2.6900, 33.5000, 0.0000, 0.0000
ATT: -1982, 79, 70
GPS: 573650664, 0, 0, 0.0000000, 0.0000000, 0, 2.8600, 33.5000, 0.0000, 0.0000
ATT: -2147, 9, 25
GPS: 573650664, 0, 0, 0.0000000, 0.0000000, 0, 2.6900, 33.5000, 0.0000, 0.0000
ATT: -2075, -6, 35976
GPS: 573650664, 0, 0, 0.0000000, 0.0000000, 0, 2.5100, 33.5000, 0.0000, 0.0000
ATT: -1947, -22, 35931
GPS: 573650664, 0, 0, 0.0000000, 0.0000000, 0, 2.5100, 33.5000, 0.0000, 0.0000
ATT: -1849, -62, 35941
GPS: 573651664, 0, 0, 0.0000000, 0.0000000, 0, 2.5100, 33.5000, 0.0000, 0.0000
ATT: -1681, -113, 8
GPS: 573651664, 0, 0, 0.0000000, 0.0000000, 0, 1.9100, 33.5000, 0.0000, 0.0000
ATT: -1361, -227, 129
GPS: 573651664, 0, 0, 0.0000000, 0.0000000, 0, 1.4700, 33.5000, 0.0000, 0.0000
ATT: -1027, -334, 172
GPS: 573651664, 0, 0, 0.0000000, 0.0000000, 0, 1.4700, 33.5000, 0.0000, 0.0000
ATT: -743, -318, 168
GPS: 573651664, 0, 0, 0.0000000, 0.0000000, 0, 1.4700, 33.5000, 0.0000, 0.0000
ATT: -461, -272, 156
GPS: 573651664, 0, 0, 0.0000000, 0.0000000, 0, 1.9100, 33.5000, 0.0000, 0.0000
ATT: -302, -261, 130
GPS: 573651664, 0, 0, 0.0000000, 0.0000000, 0, 2.2500, 33.5000, 0.0000, 0.0000
ATT: -275, -325, 83
GPS: 573651664, 0, 0, 0.0000000, 0.0000000, 0, 1.8200, 33.5000, 0.0000, 0.0000
ATT: -241, -354, 90
GPS: 573651664, 0, 0, 0.0000000, 0.0000000, 0, 1.5600, 33.5000, 0.0000, 0.0000
ATT: -170, -341, 116
GPS: 573651664, 0, 0, 0.0000000, 0.0000000, 0, 1.9100, 33.5000, 0.0000, 0.0000
PM:20005,1001,21,0,0,0,0,0,1,0,0,0,20, 
ATT: -149, -331, 88
GPS: 573652664, 0, 0, 0.0000000, 0.0000000, 0, 2.1700, 33.5000, 0.0000, 0.0000
ATT: -163, -329, 61
GPS: 573652664, 0, 0, 0.0000000, 0.0000000, 0, 1.9900, 33.5000, 0.0000, 0.0000
ATT: -136, -334, 77
GPS: 573652664, 0, 0, 0.0000000, 0.0000000, 0, 1.9100, 33.5000, 0.0000, 0.0000
ATT: -122, -352, 71
GPS: 573652664, 0, 0, 0.0000000, 0.0000000, 0, 2.2500, 33.5000, 0.0000, 0.0000
ATT: -161, -339, 78
GPS: 573652664, 0, 0, 0.0000000, 0.0000000, 0, 2.5100, 33.5000, 0.0000, 0.0000
ATT: -146, -330, 110
GPS: 573652664, 0, 0, 0.0000000, 0.0000000, 0, 2.4300, 33.5000, 0.0000, 0.0000
ATT: -108, -328, 132
GPS: 573652664, 0, 0, 0.0000000, 0.0000000, 0, 2.3400, 33.5000, 0.0000, 0.0000
ATT: -68, -301, 115
GPS: 573652664, 0, 0, 0.0000000, 0.0000000, 0, 2.1700, 33.5000, 0.0000, 0.0000
ATT: -55, -270, 80
GPS: 573652664, 0, 0, 0.0000000, 0.0000000, 0, 2.0800, 33.5000, 0.0000, 0.0000
ATT: -45, -284, 52
GPS: 573652664, 0, 0, 0.0000000, 0.0000000, 0, 2.2500, 33.5000, 0.0000, 0.0000
ATT: -55, -368, 13
GPS: 573653660, 0, 0, 0.0000000, 0.0000000, 0, 2.3400, 33.5000, 0.0000, 0.0000
ATT: -47, -421, 31
GPS: 573653660, 0, 0, 0.0000000, 0.0000000, 0, 2.0800, 33.5000, 0.0000, 0.0000
ATT: 32, -472, 74
GPS: 573653660, 0, 0, 0.0000000, 0.0000000, 0, 1.9100, 33.5000, 0.0000, 0.0000
ATT: 144, -468, 72
GPS: 573653660, 0, 0, 0.0000000, 0.0000000, 0, 2.3400, 33.5000, 0.0000, 0.0000
ATT: 129, -397, 50
GPS: 573653660, 0, 0, 0.0000000, 0.0000000, 0, 2.6000, 33.5000, 0.0000, 0.0000
ATT: -37, -307, 89
GPS: 573653660, 0, 0, 0.0000000, 0.0000000, 0, 1.9100, 33.5000, 0.0000, 0.0000
ATT: -258, -151, 169
GPS: 573653660, 0, 0, 0.0000000, 0.0000000, 0, 1.3900, 33.5000, 0.0000, 0.0000
ATT: -440, 60, 279
GPS: 573653660, 0, 0, 0.0000000, 0.0000000, 0, 1.4700, 33.5000, 0.0000, 0.0000
ATT: -545, 182, 431
GPS: 573653660, 0, 0, 0.0000000, 0.0000000, 0, 1.4700, 33.5000, 0.0000, 0.0000
ATT: -483, 191, 518
GPS: 573653660, 0, 0, 0.0000000, 0.0000000, 0, 1.8200, 33.5000, 0.0000, 0.0000
ATT: -286, 95, 561
GPS: 573654664, 0, 0, 0.0000000, 0.0000000, 0, 2.0800, 33.5000, 0.0000, 0.0000
ATT: -74, -89, 597
GPS: 573654664, 0, 0, 0.0000000, 0.0000000, 0, 1.5600, 33.5000, 0.0000, 0.0000
ATT: 126, -198, 624
GPS: 573654664, 0, 0, 0.0000000, 0.0000000, 0, 1.2100, 33.5000, 0.0000, 0.0000
ATT: 334, -278, 641
GPS: 573654664, 0, 0, 0.0000000, 0.0000000, 0, 1.4700, 33.5000, 0.0000, 0.0000
ATT: 395, -436, 657
GPS: 573654664, 0, 0, 0.0000000, 0.0000000, 0, 1.6500, 33.5000, 0.0000, 0.0000
ATT: 315, -507, 651
GPS: 573654664, 0, 0, 0.0000000, 0.0000000, 0, 1.1200, 33.5000, 0.0000, 0.0000
ATT: 128, -452, 638
GPS: 573654664, 0, 0, 0.0000000, 0.0000000, 0, 0.7800, 33.5000, 0.0000, 0.0000
ATT: -71, -417, 662
GPS: 573654664, 0, 0, 0.0000000, 0.0000000, 0, 1.2100, 33.5000, 0.0000, 0.0000
ATT: -133, -379, 727
GPS: 573654664, 0, 0, 0.0000000, 0.0000000, 0, 1.4700, 33.5000, 0.0000, 0.0000
ATT: -96, -379, 784
GPS: 573654664, 0, 0, 0.0000000, 0.0000000, 0, 1.9900, 33.5000, 0.0000, 0.0000
ATT: -95, -411, 852
GPS: 573655664, 0, 0, 0.0000000, 0.0000000, 0, 2.4300, 33.5000, 0.0000, 0.0000
ATT: -153, -394, 911
GPS: 573655664, 0, 0, 0.0000000, 0.0000000, 0, 2.2500, 33.5000, 0.0000, 0.0000
ATT: -198, -388, 955
GPS: 573655664, 0, 0, 0.0000000, 0.0000000, 0, 2.0800, 33.5000, 0.0000, 0.0000
ATT: -176, -370, 1013
GPS: 573655664, 0, 0, 0.0000000, 0.0000000, 0, 2.1700, 33.5000, 0.0000, 0.0000
ATT: -170, -383, 1036
GPS: 573655664, 0, 0, 0.0000000, 0.0000000, 0, 2.2500, 33.5000, 0.0000, 0.0000
ATT: -207, -366, 1056
GPS: 573655664, 0, 0, 0.0000000, 0.0000000, 0, 1.7300, 33.5000, 0.0000, 0.0000
ATT: -193, -305, 1105
GPS: 573655664, 0, 0, 0.0000000, 0.0000000, 0, 1.3000, 33.5000, 0.0000, 0.0000
ATT: -48, -275, 1208
GPS: 573655664, 0, 0, 0.0000000, 0.0000000, 0, 1.3000, 33.5000, 0.0000, 0.0000
ATT: 228, -267, 1267
GPS: 573655664, 0, 0, 0.0000000, 0.0000000, 0, 1.3000, 33.5000, 0.0000, 0.0000
ATT: 428, -399, 1239
GPS: 573655664, 0, 0, 0.0000000, 0.0000000, 0, 1.3000, 33.5000, 0.0000, 0.0000
ATT: 318, -626, 1228
GPS: 573656664, 0, 0, 0.0000000, 0.0000000, 0, 1.3000, 33.5000, 0.0000, 0.0000
ATT: 180, -659, 1311
GPS: 573656664, 0, 0, 0.0000000, 0.0000000, 0, 1.4700, 33.5000, 0.0000, 0.0000
ATT: 84, -421, 1392
GPS: 573656664, 0, 0, 0.0000000, 0.0000000, 0, 1.5600, 33.5000, 0.0000, 0.0000
ATT: 99, -93, 1488
GPS: 573656664, 0, 0, 0.0000000, 0.0000000, 0, 2.0800, 33.5000, 0.0000, 0.0000
ATT: 249, -10, 1555
GPS: 573656664, 0, 0, 0.0000000, 0.0000000, 0, 2.4300, 33.5000, 0.0000, 0.0000
ATT: 328, -220, 1483
GPS: 573656664, 0, 0, 0.0000000, 0.0000000, 0, 2.0800, 33.5000, 0.0000, 0.0000
ATT: 147, -372, 1292
GPS: 573656664, 0, 0, 0.0000000, 0.0000000, 0, 1.8200, 33.5000, 0.0000, 0.0000
ATT: -123, -434, 1134
GPS: 573656664, 0, 0, 0.0000000, 0.0000000, 0, 2.3400, 33.5000, 0.0000, 0.0000
ATT: -255, -544, 1116
GPS: 573656664, 0, 0, 0.0000000, 0.0000000, 0, 2.7800, 33.5000, 0.0000, 0.0000
ATT: -306, -646, 1135
GPS: 573656664, 0, 0, 0.0000000, 0.0000000, 0, 2.6900, 33.5000, 0.0000, 0.0000
ATT: -199, -638, 1074
GPS: 573657660, 0, 0, 0.0000000, 0.0000000, 0, 2.6000, 33.5000, 0.0000, 0.0000
ATT: -159, -513, 1000
GPS: 573657660, 0, 0, 0.0000000, 0.0000000, 0, 2.8600, 33.5000, 0.0000, 0.0000
ATT: 211, -439, 991
GPS: 573657660, 0, 0, 0.0000000, 0.0000000, 0, 3.0400, 33.5000, 0.0000, 0.0000
ATT: 193, -385, 910
GPS: 573657660, 0, 0, 0.0000000, 0.0000000, 0, 3.1200, 33.5000, 0.0000, 0.0000
ATT: -122, -176, 827
GPS: 573657660, 0, 0, 0.0000000, 0.0000000, 0, 3.2100, 33.5000, 0.0000, 0.0000
ATT: -254, 35, 889
GPS: 573657660, 0, 0, 0.0000000, 0.0000000, 0, 2.9500, 33.5000, 0.0000, 0.0000
ATT: -240, 235, 1018
GPS: 573657660, 0, 0, 0.0000000, 0.0000000, 0, 2.7800, 33.5000, 0.0000, 0.0000
ATT: -203, 377, 1100
GPS: 573657660, 0, 0, 0.0000000, 0.0000000, 0, 3.0400, 33.5000, 0.0000, 0.0000
ATT: -250, 369, 1141
GPS: 573657660, 0, 0, 0.0000000, 0.0000000, 0, 3.2100, 33.5000, 0.0000, 0.0000
ATT: -217, 223, 1188
GPS: 573657660, 0, 0, 0.0000000, 0.0000000, 0, 2.5100, 33.5000, 0.0000, 0.0000
ATT: -230, 139, 1192
GPS: 573658664, 0, 0, 0.0000000, 0.0000000, 0, 2.0800, 33.5000, 0.0000, 0.0000
ATT: -242, 141, 1178
GPS: 573658664, 0, 0, 0.0000000, 0.0000000, 0, 2.3400, 33.5000, 0.0000, 0.0000
ATT: -138, 82, 1246
GPS: 573658664, 0, 0, 0.0000000, 0.0000000, 0, 2.5100, 33.5000, 0.0000, 0.0000
ATT: -55, 79, 1276
GPS: 573658664, 0, 0, 0.0000000, 0.0000000, 0, 2.5100, 33.5000, 0.0000, 0.0000
ATT: -266, 241, 1210
GPS: 573658664, 0, 0, 0.0000000, 0.0000000, 0, 2.5100, 33.5000, 0.0000, 0.0000
ATT: -503, 290, 1237
GPS: 573658664, 0, 0, 0.0000000, 0.0000000, 0, 2.4300, 33.5000, 0.0000, 0.0000
ATT: -476, 228, 1319
GPS: 573658664, 0, 0, 0.0000000, 0.0000000, 0, 2.3400, 33.5000, 0.0000, 0.0000
ATT: -384, 198, 1382
GPS: 573658664, 0, 0, 0.0000000, 0.0000000, 0, 2.5100, 33.5000, 0.0000, 0.0000
ATT: -304, 260, 1353
GPS: 573658664, 0, 0, 0.0000000, 0.0000000, 0, 2.6000, 33.5000, 0.0000, 0.0000
ATT: -245, 259, 1357
GPS: 573658664, 0, 0, 0.0000000, 0.0000000, 0, 1.9900, 33.5000, 0.0000, 0.0000
ATT: -281, 282, 1417
GPS: 573659664, 0, 0, 0.0000000, 0.0000000, 0, 1.5600, 33.5000, 0.0000, 0.0000
ATT: -315, 422, 1431
GPS: 573659664, 0, 0, 0.0000000, 0.0000000, 0, 1.9100, 33.5000, 0.0000, 0.0000
ATT: -344, 442, 1449
GPS: 573659664, 0, 0, 0.0000000, 0.0000000, 0, 2.1700, 33.5000, 0.0000, 0.0000
ATT: -344, 345, 1449
GPS: 573659664, 0, 0, 0.0000000, 0.0000000, 0, 2.0800, 33.5000, 0.0000, 0.0000
ATT: -294, 279, 1415
GPS: 573659664, 0, 0, 0.0000000, 0.0000000, 0, 1.9900, 33.5000, 0.0000, 0.0000
ATT: -303, 289, 1313
GPS: 573659664, 0, 0, 0.0000000, 0.0000000, 0, 1.5600, 33.5000, 0.0000, 0.0000
ATT: -368, 241, 1218
GPS: 573659664, 0, 0, 0.0000000, 0.0000000, 0, 1.3000, 33.5000, 0.0000, 0.0000
ATT: -408, 179, 1160
GPS: 573659664, 0, 0, 0.0000000, 0.0000000, 0, 1.6500, 33.5000, 0.0000, 0.0000
ATT: -385, 61, 1128
GPS: 573659664, 0, 0, 0.0000000, 0.0000000, 0, 1.9100, 33.5000, 0.0000, 0.0000
ATT: -392, -40, 1084
GPS: 573659664, 0, 0, 0.0000000, 0.0000000, 0, 1.6500, 33.5000, 0.0000, 0.0000
ATT: -459, -64, 1047
GPS: 573660664, 0, 0, 0.0000000, 0.0000000, 0, 1.4700, 33.5000, 0.0000, 0.0000
ATT: -468, -58, 1027
GPS: 573660664, 0, 0, 0.0000000, 0.0000000, 0, 1.8200, 33.5000, 0.0000, 0.0000
ATT: -313, -88, 1065
GPS: 573660664, 0, 0, 0.0000000, 0.0000000, 0, 2.0800, 33.5000, 0.0000, 0.0000
ATT: -181, -47, 1033
GPS: 573660664, 0, 0, 0.0000000, 0.0000000, 0, 1.7300, 33.5000, 0.0000, 0.0000
ATT: -298, 81, 962
GPS: 573660664, 0, 0, 0.0000000, 0.0000000, 0, 1.4700, 33.5000, 0.0000, 0.0000
ATT: -459, 119, 960
GPS: 573660664, 0, 0, 0.0000000, 0.0000000, 0, 1.6500, 33.5000, 0.0000, 0.0000
ATT: -706, 188, 889
GPS: 573660664, 0, 0, 0.0000000, 0.0000000, 0, 1.8200, 33.5000, 0.0000, 0.0000
ATT: -733, 205, 898
GPS: 573660664, 0, 0, 0.0000000, 0.0000000, 0, 1.9100, 33.5000, 0.0000, 0.0000
ATT: -571, 6, 857
GPS: 573660664, 0, 0, 0.0000000, 0.0000000, 0, 1.9900, 33.5000, 0.0000, 0.0000
ATT: -358, -217, 738
GPS: 573660664, 0, 0, 0.0000000, 0.0000000, 0, 2.0800, 33.5000, 0.0000, 0.0000
ATT: -233, -317, 607
GPS: 573661660, 0, 0, 0.0000000, 0.0000000, 0, 2.1700, 33.5000, 0.0000, 0.0000
ATT: -224, -204, 541
GPS: 573661660, 0, 0, 0.0000000, 0.0000000, 0, 2.2500, 33.5000, 0.0000, 0.0000
ATT: -356, -116, 579
GPS: 573661660, 0, 0, 0.0000000, 0.0000000, 0, 2.2500, 33.5000, 0.0000, 0.0000
ATT: -379, -118, 656
GPS: 573661660, 0, 0, 0.0000000, 0.0000000, 0, 1.7300, 33.5000, 0.0000, 0.0000
ATT: -276, -105, 736
GPS: 573661660, 0, 0, 0.0000000, 0.0000000, 0, 1.3000, 33.5000, 0.0000, 0.0000
ATT: -259, -99, 730
GPS: 573661660, 0, 0, 0.0000000, 0.0000000, 0, 1.4700, 33.5000, 0.0000, 0.0000
ATT: -277, -54, 716
GPS: 573661660, 0, 0, 0.0000000, 0.0000000, 0, 1.6500, 33.5000, 0.0000, 0.0000
ATT: -224, -6, 787
GPS: 573661660, 0, 0, 0.0000000, 0.0000000, 0, 2.0800, 33.5000, 0.0000, 0.0000
ATT: -238, 42, 874
GPS: 573661660, 0, 0, 0.0000000, 0.0000000, 0, 2.3400, 33.5000, 0.0000, 0.0000
ATT: -382, 212, 927
GPS: 573661660, 0, 0, 0.0000000, 0.0000000, 0, 2.2500, 33.5000, 0.0000, 0.0000
ATT: -461, 345, 981
GPS: 573662664, 0, 0, 0.0000000, 0.0000000, 0, 2.1700, 33.5000, 0.0000, 0.0000
ATT: -421, 381, 1037
GPS: 573662664, 0, 0, 0.0000000, 0.0000000, 0, 2.3400, 33.5000, 0.0000, 0.0000
ATT: -269, 375, 1063
GPS: 573662664, 0, 0, 0.0000000, 0.0000000, 0, 2.5100, 33.5000, 0.0000, 0.0000
ATT: -132, 298, 1055
GPS: 573662664, 0, 0, 0.0000000, 0.0000000, 0, 2.5100, 33.5000, 0.0000, 0.0000
ATT: -59, 202, 1044
GPS: 573662664, 0, 0, 0.0000000, 0.0000000, 0, 2.5100, 33.5000, 0.0000, 0.0000
ATT: -3, 155, 1052
GPS: 573662664, 0, 0, 0.0000000, 0.0000000, 0, 2.5100, 33.5000, 0.0000, 0.0000
ATT: -79, 141, 1059
GPS: 573662664, 0, 0, 0.0000000, 0.0000000, 0, 2.5100, 33.5000, 0.0000, 0.0000
ATT: -268, 150, 1055
GPS: 573662664, 0, 0, 0.0000000,