Dumping Log 2,    start pg 317,   end pg 348

ArduPlane V2.33
Free RAM: 3417
GROUND START -  2 commands in memory
CMD:0,16,0,4744,426227925,-712071252, 
CMD:1,18,2,3000,426237216,-712069696, 
CMD:2,20,0,3000,426233664,-712081280, 
MOD:Manual
PM:21838,1,60,0,0,0,0,1,1,1,-5,0,0, 
ATT: 68, 211, 39
GPS: 326225000, 1, 5, 42.6228290, -71.2071760, 0, -0.5200, 46.3300, 0.1100, 0.0000
ATT: 71, 191, 40
GPS: 326225000, 1, 5, 42.6228290, -71.2071760, 0, 0.4300, 46.3300, 0.1100, 0.0000
ATT: 73, 172, 39
GPS: 326225000, 1, 5, 42.6228290, -71.2071760, 0, 1.0400, 46.3300, 0.1100, 0.0000
ATT: 78, 155, 39
GPS: 326225000, 1, 5, 42.6228290, -71.2071760, 0, 1.1200, 46.3300, 0.1100, 0.0000
ATT: 80, 141, 40
GPS: 326225000, 1, 5, 42.6228290, -71.2071760, 0, 1.1200, 46.3300, 0.1100, 0.0000
ATT: 82, 128, 40
GPS: 326225000, 1, 5, 42.6228290, -71.2071760, 0, 0.9500, 46.3300, 0.1100, 0.0000
ATT: 83, 117, 40
GPS: 326225000, 1, 5, 42.6228290, -71.2071760, 0, 0.8600, 46.3300, 0.1100, 0.0000
ATT: 85, 108, 41
GPS: 326225000, 1, 5, 42.6228290, -71.2071760, 0, 0.4300, 46.3300, 0.1100, 0.0000
ATT: 86, 100, 41
GPS: 326225000, 1, 5, 42.6228290, -71.2071760, 0, 0.1700, 46.3300, 0.1100, 0.0000
ATT: 87, 93, 41
GPS: 326225000, 1, 5, 42.6228290, -71.2071760, 0, -0.3400, 46.3300, 0.1100, 0.0000
ATT: 88, 86, 42
GPS: 326225000, 1, 5, 42.6228290, -71.2071760, 0, -0.7800, 46.3300, 0.1100, 0.0000
ATT: 89, 80, 43
GPS: 326225000, 1, 5, 42.6228290, -71.2071760, 0, -0.8600, 46.3300, 0.1100, 0.0000
ATT: 90, 75, 43
GPS: 326225000, 1, 5, 42.6228290, -71.2071760, 0, -0.9500, 46.3300, 0.1100, 0.0000
ATT: 90, 70, 43
GPS: 326225000, 1, 5, 42.6228290, -71.2071760, 0, -1.2100, 46.3300, 0.1100, 0.0000
ATT: 91, 66, 44
GPS: 326225000, 1, 5, 42.6228290, -71.2071760, 0, -1.3800, 46.3300, 0.1100, 0.0000
ATT: 91, 63, 44
GPS: 326225000, 1, 5, 42.6228290, -71.2071760, 0, -1.3800, 46.3300, 0.1100, 0.0000
ATT: 92, 60, 45
GPS: 326225000, 1, 5, 42.6228290, -71.2071760, 0, -1.3800, 46.3300, 0.1100, 0.0000
ATT: 92, 57, 45
GPS: 326225000, 1, 5, 42.6228290, -71.2071760, 0, -1.3800, 46.3300, 0.1100, 0.0000
ATT: 92, 54, 45
GPS: 326225000, 1, 5, 42.6228290, -71.2071760, 0, -1.3800, 46.3300, 0.1100, 0.0000
ATT: 93, 53, 46
GPS: 326225000, 1, 5, 42.6228290, -71.2071760, 0, -1.3800, 46.3300, 0.1100, 0.0000
ATT: 93, 51, 46
GPS: 326229000, 1, 8, 42.6228220, -71.2071610, 0, -1.3800, 45.0200, 0.0400, 0.0000
ATT: 94, 49, 47
GPS: 326229000, 1, 8, 42.6228220, -71.2071610, 0, -1.3000, 45.0200, 0.0400, 0.0000
ATT: 93, 48, 47
GPS: 326229000, 1, 8, 42.6228220, -71.2071610, 0, -1.2100, 45.0200, 0.0400, 0.0000
ATT: 94, 48, 48
GPS: 326229000, 1, 8, 42.6228220, -71.2071610, 0, -1.1200, 45.0200, 0.0400, 0.0000
ATT: 94, 47, 48
GPS: 326229000, 1, 8, 42.6228220, -71.2071610, 0, -1.0400, 45.0200, 0.0400, 0.0000
ATT: 94, 46, 49
GPS: 326229000, 1, 8, 42.6228220, -71.2071610, 0, -1.0400, 45.0200, 0.0400, 0.0000
ATT: 94, 45, 49
GPS: 326229000, 1, 8, 42.6228220, -71.2071610, 0, -1.0400, 45.0200, 0.0400, 0.0000
ATT: 94, 45, 50
GPS: 326229000, 1, 8, 42.6228220, -71.2071610, 0, -1.0400, 45.0200, 0.0400, 0.0000
ATT: 94, 44, 50
GPS: 326229000, 1, 8, 42.6228220, -71.2071610, 0, -1.0400, 45.0200, 0.0400, 0.0000
ATT: 94, 44, 51
GPS: 326229000, 1, 8, 42.6228220, -71.2071610, 0, -1.1200, 45.0200, 0.0400, 0.0000
ATT: 94, 43, 51
GPS: 326230000, 1, 8, 42.6228220, -71.2071610, 0, -1.1200, 45.3400, 0.0900, 0.0000
ATT: 94, 41, 51
GPS: 326230000, 1, 8, 42.6228220, -71.2071610, 0, -1.1200, 45.3400, 0.0900, 0.0000
ATT: 94, 39, 52
GPS: 326230000, 1, 8, 42.6228220, -71.2071610, 0, -1.1200, 45.3400, 0.0900, 0.0000
ATT: 94, 38, 53
GPS: 326230000, 1, 8, 42.6228220, -71.2071610, 0, -1.3000, 45.3400, 0.0900, 0.0000
ATT: 94, 38, 53
GPS: 326230000, 1, 8, 42.6228220, -71.2071610, 0, -1.3800, 45.3400, 0.0900, 0.0000
ATT: 94, 37, 54
GPS: 326230000, 1, 8, 42.6228220, -71.2071610, 0, -1.3000, 45.3400, 0.0900, 0.0000
ATT: 93, 37, 54
GPS: 326230000, 1, 8, 42.6228220, -71.2071610, 0, -1.2100, 45.3400, 0.0900, 0.0000
ATT: 93, 36, 55
GPS: 326230000, 1, 8, 42.6228220, -71.2071610, 0, -1.2100, 45.3400, 0.0900, 0.0000
ATT: 93, 36, 56
GPS: 326230000, 1, 8, 42.6228220, -71.2071610, 0, -1.2100, 45.3400, 0.0900, 0.0000
ATT: 93, 35, 57
GPS: 326230000, 1, 8, 42.6228220, -71.2071610, 0, -1.3000, 45.3400, 0.0900, 0.0000
ATT: 92, 35, 58
GPS: 326231000, 1, 8, 42.6228180, -71.2071690, 0, -1.3800, 45.3500, 0.0700, 0.0000
ATT: 92, 35, 58
GPS: 326231000, 1, 8, 42.6228180, -71.2071690, 0, -1.2100, 45.3500, 0.0700, 0.0000
ATT: 92, 35, 59
GPS: 326231000, 1, 8, 42.6228180, -71.2071690, 0, -1.1200, 45.3500, 0.0700, 0.0000
ATT: 92, 35, 60
GPS: 326231000, 1, 8, 42.6228180, -71.2071690, 0, -1.1200, 45.3500, 0.0700, 0.0000
ATT: 93, 34, 60
GPS: 326231000, 1, 8, 42.6228180, -71.2071690, 0, -1.1200, 45.3500, 0.0700, 0.0000
ATT: 92, 35, 61
GPS: 326231000, 1, 8, 42.6228180, -71.2071690, 0, -1.3800, 45.3500, 0.0700, 0.0000
ATT: 92, 35, 62
GPS: 326231000, 1, 8, 42.6228180, -71.2071690, 0, -1.5600, 45.3500, 0.0700, 0.0000
ATT: 92, 35, 63
GPS: 326231000, 1, 8, 42.6228180, -71.2071690, 0, -1.5600, 45.3500, 0.0700, 0.0000
ATT: 91, 35, 63
GPS: 326231000, 1, 8, 42.6228180, -71.2071690, 0, -1.5600, 45.3500, 0.0700, 0.0000
ATT: 91, 36, 63
GPS: 326231000, 1, 8, 42.6228180, -71.2071690, 0, -1.3000, 45.3500, 0.0700, 0.0000
ATT: 91, 35, 64
GPS: 326232000, 1, 8, 42.6228220, -71.2071690, 0, 44.0300, 45.1500, 0.0500, 0.0000
ATT: 91, 36, 64
GPS: 326232000, 1, 8, 42.6228220, -71.2071690, 0, 44.2900, 45.1500, 0.0500, 0.0000
ATT: 91, 37, 65
GPS: 326232000, 1, 8, 42.6228220, -71.2071690, 0, 44.4600, 45.1500, 0.0500, 0.0000
ATT: 91, 37, 65
GPS: 326232000, 1, 8, 42.6228220, -71.2071690, 0, 44.4600, 45.1500, 0.0500, 0.0000
ATT: 91, 37, 66
GPS: 326232000, 1, 8, 42.6228220, -71.2071690, 0, 44.4600, 45.1500, 0.0500, 0.0000
ATT: 91, 37, 66
GPS: 326232000, 1, 8, 42.6228220, -71.2071690, 0, 44.2000, 45.1500, 0.0500, 0.0000
ATT: 91, 37, 67
GPS: 326232000, 1, 8, 42.6228220, -71.2071690, 0, 44.0300, 45.1500, 0.0500, 0.0000
ATT: 91, 37, 68
GPS: 326232000, 1, 8, 42.6228220, -71.2071690, 0, 44.0300, 45.1500, 0.0500, 0.0000
ATT: 91, 38, 68
GPS: 326232000, 1, 8, 42.6228220, -71.2071690, 0, 44.0300, 45.1500, 0.0500, 0.0000
ATT: 91, 38, 69
GPS: 326232000, 1, 8, 42.6228220, -71.2071690, 0, 44.0300, 45.1500, 0.0500, 0.0000
ATT: 91, 38, 69
GPS: 326233000, 1, 7, 42.6228220, -71.2071690, 0, 44.0300, 44.7900, 0.0600, 0.0000
ATT: 92, 38, 70
GPS: 326233000, 1, 7, 42.6228220, -71.2071690, 0, 44.0300, 44.7900, 0.0600, 0.0000
ATT: 92, 38, 71
GPS: 326233000, 1, 7, 42.6228220, -71.2071690, 0, 44.0300, 44.7900, 0.0600, 0.0000
ATT: 92, 38, 72
GPS: 326233000, 1, 7, 42.6228220, -71.2071690, 0, 43.9400, 44.7900, 0.0600, 0.0000
ATT: 92, 38, 72
GPS: 326233000, 1, 7, 42.6228220, -71.2071690, 0, 43.8500, 44.7900, 0.0600, 0.0000
ATT: 92, 38, 73
GPS: 326233000, 1, 7, 42.6228220, -71.2071690, 0, 43.7700, 44.7900, 0.0600, 0.0000
ATT: 92, 39, 74
GPS: 326233000, 1, 7, 42.6228220, -71.2071690, 0, 43.7700, 44.7900, 0.0600, 0.0000
ATT: 93, 38, 75
GPS: 326233000, 1, 7, 42.6228220, -71.2071690, 0, 43.6800, 44.7900, 0.0600, 0.0000
ATT: 93, 38, 75
GPS: 326233000, 1, 7, 42.6228220, -71.2071690, 0, 43.6800, 44.7900, 0.0600, 0.0000
ATT: 93, 38, 75
GPS: 326233000, 1, 7, 42.6228220, -71.2071690, 0, 43.6800, 44.7900, 0.0600, 0.0000
ATT: 93, 39, 76
GPS: 326234000, 1, 7, 42.6228180, -71.2071610, 0, 43.6800, 44.9600, 0.0300, 0.0000
ATT: 93, 39, 76
GPS: 326234000, 1, 7, 42.6228180, -71.2071610, 0, 43.6800, 44.9600, 0.0300, 0.0000
ATT: 93, 40, 77
GPS: 326234000, 1, 7, 42.6228180, -71.2071610, 0, 43.6800, 44.9600, 0.0300, 0.0000
ATT: 93, 40, 78
GPS: 326234000, 1, 7, 42.6228180, -71.2071610, 0, 43.5900, 44.9600, 0.0300, 0.0000
ATT: 93, 41, 78
GPS: 326234000, 1, 7, 42.6228180, -71.2071610, 0, 43.5100, 44.9600, 0.0300, 0.0000
ATT: 93, 42, 78
GPS: 326234000, 1, 7, 42.6228180, -71.2071610, 0, 43.5100, 44.9600, 0.0300, 0.0000
ATT: 93, 42, 78
GPS: 326234000, 1, 7, 42.6228180, -71.2071610, 0, 43.5100, 44.9600, 0.0300, 0.0000
ATT: 94, 42, 78
GPS: 326234000, 1, 7, 42.6228180, -71.2071610, 0, 43.6800, 44.9600, 0.0300, 0.0000
ATT: 94, 42, 79
GPS: 326234000, 1, 7, 42.6228180, -71.2071610, 0, 43.7700, 44.9600, 0.0300, 0.0000
ATT: 94, 42, 79
GPS: 326234000, 1, 7, 42.6228180, -71.2071610, 0, 43.7700, 44.9600, 0.0300, 0.0000
ATT: 94, 42, 79
GPS: 326235000, 1, 7, 42.6228180, -71.2071610, 0, 43.7700, 44.9100, 0.0500, 0.0000
ATT: 95, 41, 79
GPS: 326235000, 1, 7, 42.6228180, -71.2071610, 0, 43.7700, 44.9100, 0.0500, 0.0000
ATT: 95, 41, 79
GPS: 326235000, 1, 7, 42.6228180, -71.2071610, 0, 43.7700, 44.9100, 0.0500, 0.0000
ATT: 95, 42, 79
GPS: 326235000, 1, 7, 42.6228180, -71.2071610, 0, 43.7700, 44.9100, 0.0500, 0.0000
ATT: 95, 42, 79
GPS: 326235000, 1, 7, 42.6228180, -71.2071610, 0, 43.7700, 44.9100, 0.0500, 0.0000
ATT: 95, 42, 79
GPS: 326235000, 1, 7, 42.6228180, -71.2071610, 0, 43.5900, 44.9100, 0.0500, 0.0000
ATT: 95, 42, 79
GPS: 326235000, 1, 7, 42.6228180, -71.2071610, 0, 43.5100, 44.9100, 0.0500, 0.0000
ATT: 96, 44, 79
GPS: 326235000, 1, 7, 42.6228180, -71.2071610, 0, 43.5100, 44.9100, 0.0500, 0.0000
ATT: 96, 44, 79
GPS: 326235000, 1, 7, 42.6228180, -71.2071610, 0, 43.5100, 44.9100, 0.0500, 0.0000
ATT: 96, 44, 79
GPS: 326235000, 1, 7, 42.6228180, -71.2071610, 0, 43.5900, 44.9100, 0.0500, 0.0000
ATT: 95, 44, 79
GPS: 326236000, 1, 7, 42.6228220, -71.2071610, 0, 43.5900, 45.0400, 0.0300, 0.0000
ATT: 96, 45, 78
GPS: 326236000, 1, 7, 42.6228220, -71.2071610, 0, 43.5900, 45.0400, 0.0300, 0.0000
ATT: 96, 45, 78
GPS: 326236000, 1, 7, 42.6228220, -71.2071610, 0, 43.5900, 45.0400, 0.0300, 0.0000
ATT: 96, 46, 78
GPS: 326236000, 1, 7, 42.6228220, -71.2071610, 0, 43.5100, 45.0400, 0.0300, 0.0000
ATT: 97, 46, 79
GPS: 326236000, 1, 7, 42.6228220, -71.2071610, 0, 43.5100, 45.0400, 0.0300, 0.0000
ATT: 97, 47, 78
GPS: 326236000, 1, 7, 42.6228220, -71.2071610, 0, 43.5100, 45.0400, 0.0300, 0.0000
ATT: 97, 47, 79
GPS: 326236000, 1, 7, 42.6228220, -71.2071610, 0, 43.5100, 45.0400, 0.0300, 0.0000
ATT: 98, 48, 78
GPS: 326236000, 1, 7, 42.6228220, -71.2071610, 0, 43.5900, 45.0400, 0.0300, 0.0000
ATT: 98, 48, 79
GPS: 326236000, 1, 7, 42.6228220, -71.2071610, 0, 43.6800, 45.0400, 0.0300, 0.0000
ATT: 98, 48, 79
GPS: 326236000, 1, 7, 42.6228220, -71.2071610, 0, 43.6800, 45.0400, 0.0300, 0.0000
ATT: 99, 47, 80
GPS: 326237000, 1, 7, 42.6228180, -71.2071610, 0, 43.6800, 45.0900, 0.1800, 0.0000
ATT: 99, 44, 80
GPS: 326237000, 1, 7, 42.6228180, -71.2071610, 0, 43.7700, 45.0900, 0.1800, 0.0000
ATT: 99, 42, 79
GPS: 326237000, 1, 7, 42.6228180, -71.2071610, 0, 43.7700, 45.0900, 0.1800, 0.0000
ATT: 98, 40, 79
GPS: 326237000, 1, 7, 42.6228180, -71.2071610, 0, 43.7700, 45.0900, 0.1800, 0.0000
ATT: 98, 38, 79
GPS: 326237000, 1, 7, 42.6228180, -71.2071610, 0, 43.7700, 45.0900, 0.1800, 0.0000
ATT: 99, 37, 79
GPS: 326237000, 1, 7, 42.6228180, -71.2071610, 0, 43.8500, 45.0900, 0.1800, 0.0000
ATT: 99, 36, 79
GPS: 326237000, 1, 7, 42.6228180, -71.2071610, 0, 43.8500, 45.0900, 0.1800, 0.0000
ATT: 99, 34, 79
GPS: 326237000, 1, 7, 42.6228180, -71.2071610, 0, 43.7700, 45.0900, 0.1800, 0.0000
ATT: 100, 33, 79
GPS: 326237000, 1, 7, 42.6228180, -71.2071610, 0, 43.6800, 45.0900, 0.1800, 0.0000
ATT: 100, 32, 79
GPS: 326237000, 1, 7, 42.6228180, -71.2071610, 0, 43.7700, 45.0900, 0.1800, 0.0000
ATT: 100, 32, 79
GPS: 326238000, 1, 7, 42.6228180, -71.2071610, 0, 43.8500, 44.9700, 0.1400, 0.0000
ATT: 100, 33, 78
GPS: 326238000, 1, 7, 42.6228180, -71.2071610, 0, 43.8500, 44.9700, 0.1400, 0.0000
ATT: 100, 34, 78
GPS: 326238000, 1, 7, 42.6228180, -71.2071610, 0, 43.8500, 44.9700, 0.1400, 0.0000
ATT: 100, 35, 78
GPS: 326238000, 1, 7, 42.6228180, -71.2071610, 0, 43.8500, 44.9700, 0.1400, 0.0000
ATT: 99, 36, 78
GPS: 326238000, 1, 7, 42.6228180, -71.2071610, 0, 43.8500, 44.9700, 0.1400, 0.0000
ATT: 99, 37, 78
GPS: 326238000, 1, 7, 42.6228180, -71.2071610, 0, 43.7700, 44.9700, 0.1400, 0.0000
ATT: 98, 39, 78
GPS: 326238000, 1, 7, 42.6228180, -71.2071610, 0, 43.7700, 44.9700, 0.1400, 0.0000
ATT: 97, 39, 79
GPS: 326238000, 1, 7, 42.6228180, -71.2071610, 0, 43.7700, 44.9700, 0.1400, 0.0000
ATT: 97, 40, 79
GPS: 326238000, 1, 7, 42.6228180, -71.2071610, 0, 43.7700, 44.9700, 0.1400, 0.0000
ATT: 97, 41, 78
GPS: 326238000, 1, 7, 42.6228180, -71.2071610, 0, 43.7700, 44.9700, 0.1400, 0.0000
ATT: 97, 42, 79
GPS: 326239000, 1, 8, 42.6228180, -71.2071610, 0, 43.7700, 45.2600, 0.0300, 0.0000
ATT: 97, 45, 79
GPS: 326239000, 1, 8, 42.6228180, -71.2071610, 0, 43.7700, 45.2600, 0.0300, 0.0000
ATT: 97, 48, 79
GPS: 326239000, 1, 8, 42.6228180, -71.2071610, 0, 43.7700, 45.2600, 0.0300, 0.0000
ATT: 96, 50, 79
GPS: 326239000, 1, 8, 42.6228180, -71.2071610, 0, 43.7700, 45.2600, 0.0300, 0.0000
ATT: 96, 51, 80
GPS: 326239000, 1, 8, 42.6228180, -71.2071610, 0, 43.7700, 45.2600, 0.0300, 0.0000
ATT: 96, 53, 80
GPS: 326239000, 1, 8, 42.6228180, -71.2071610, 0, 43.7700, 45.2600, 0.0300, 0.0000
ATT: 97, 54, 80
GPS: 326239000, 1, 8, 42.6228180, -71.2071610, 0, 43.7700, 45.2600, 0.0300, 0.0000
ATT: 97, 55, 80
GPS: 326239000, 1, 8, 42.6228180, -71.2071610, 0, 43.7700, 45.2600, 0.0300, 0.0000
ATT: 97, 56, 81
GPS: 326239000, 1, 8, 42.6228180, -71.2071610, 0, 43.7700, 45.2600, 0.0300, 0.0000
ATT: 96, 57, 81
GPS: 326239000, 1, 8, 42.6228180, -71.2071610, 0, 43.7700, 45.2600, 0.0300, 0.0000
ATT: 97, 57, 81
GPS: 326240000, 1, 8, 42.6228180, -71.2071610, 0, 43.7700, 45.4000, 0.0800, 0.0000
ATT: 97, 56, 81
GPS: 326240000, 1, 8, 42.6228180, -71.2071610, 0, 43.6800, 45.4000, 0.0800, 0.0000
ATT: 97, 56, 82
GPS: 326240000, 1, 8, 42.6228180, -71.2071610, 0, 43.5900, 45.4000, 0.0800, 0.0000
ATT: 96, 56, 82
GPS: 326240000, 1, 8, 42.6228180, -71.2071610, 0, 43.7700, 45.4000, 0.0800, 0.0000
ATT: 97, 56, 82
GPS: 326240000, 1, 8, 42.6228180, -71.2071610, 0, 43.9400, 45.4000, 0.0800, 0.0000
ATT: 97, 56, 82
GPS: 326240000, 1, 8, 42.6228180, -71.2071610, 0, 43.9400, 45.4000, 0.0800, 0.0000
ATT: 97, 55, 82
GPS: 326240000, 1, 8, 42.6228180, -71.2071610, 0, 43.9400, 45.4000, 0.0800, 0.0000
ATT: 96, 55, 82
GPS: 326240000, 1, 8, 42.6228180, -71.2071610, 0, 43.8500, 45.4000, 0.0800, 0.0000
ATT: 95, 55, 83
GPS: 326240000, 1, 8, 42.6228180, -71.2071610, 0, 43.8500, 45.4000, 0.0800, 0.0000
ATT: 95, 55, 83
GPS: 326240000, 1, 8, 42.6228180, -71.2071610, 0, 44.0300, 45.4000, 0.0800, 0.0000
ATT: 95, 54, 84
GPS: 326241000, 1, 8, 42.6228220, -71.2071610, 0, 44.1100, 45.7200, 0.1700, 0.0000
ATT: 95, 52, 84
GPS: 326241000, 1, 8, 42.6228220, -71.2071610, 0, 43.8500, 45.7200, 0.1700, 0.0000
ATT: 95, 50, 85
GPS: 326241000, 1, 8, 42.6228220, -71.2071610, 0, 43.6800, 45.7200, 0.1700, 0.0000
ATT: 95, 48, 84
GPS: 326241000, 1, 8, 42.6228220, -71.2071610, 0, 43.5900, 45.7200, 0.1700, 0.0000
ATT: 95, 48, 85
GPS: 326241000, 1, 8, 42.6228220, -71.2071610, 0, 43.5100, 45.7200, 0.1700, 0.0000
ATT: 95, 46, 85
GPS: 326241000, 1, 8, 42.6228220, -71.2071610, 0, 43.5100, 45.7200, 0.1700, 0.0000
ATT: 95, 45, 84
GPS: 326241000, 1, 8, 42.6228220, -71.2071610, 0, 43.5100, 45.7200, 0.1700, 0.0000
ATT: 95, 44, 85
GPS: 326241000, 1, 8, 42.6228220, -71.2071610, 0, 43.5100, 45.7200, 0.1700, 0.0000
ATT: 95, 43, 84
GPS: 326241000, 1, 8, 42.6228220, -71.2071610, 0, 43.5100, 45.7200, 0.1700, 0.0000
ATT: 95, 42, 85
GPS: 326241000, 1, 8, 42.6228220, -71.2071610, 0, 43.5100, 45.7200, 0.1700, 0.0000
ATT: 95, 43, 85
GPS: 326242000, 1, 8, 42.6228260, -71.2071610, 0, 43.5100, 45.9800, 0.1500, 0.0000
ATT: 95, 44, 85
GPS: 326242000, 1, 8, 42.6228260, -71.2071610, 0, 43.4200, 45.9800, 0.1500, 0.0000
ATT: 95, 43, 85
GPS: 326242000, 1, 8, 42.6228260, -71.2071610, 0, 43.3300, 45.9800, 0.1500, 0.0000
ATT: 95, 43, 85
GPS: 326242000, 1, 8, 42.6228260, -71.2071610, 0, 43.3300, 45.9800, 0.1500, 0.0000
ATT: 96, 43, 85
GPS: 326242000, 1, 8, 42.6228260, -71.2071610, 0, 43.3300, 45.9800, 0.1500, 0.0000
ATT: 96, 43, 85
GPS: 326242000, 1, 8, 42.6228260, -71.2071610, 0, 43.4200, 45.9800, 0.1500, 0.0000
ATT: 96, 42, 85
GPS: 326242000, 1, 8, 42.6228260, -71.2071610, 0, 43.4200, 45.9800, 0.1500, 0.0000
ATT: 95, 43, 84
GPS: 326242000, 1, 8, 42.6228260, -71.2071610, 0, 43.5100, 45.9800, 0.1500, 0.0000
ATT: 96, 42, 84
GPS: 326242000, 1, 8, 42.6228260, -71.2071610, 0, 43.5900, 45.9800, 0.1500, 0.0000
ATT: 96, 42, 84
GPS: 326242000, 1, 8, 42.6228260, -71.2071610, 0, 43.6800, 45.9800, 0.1500, 0.0000
ATT: 97, 43, 83
GPS: 326243000, 1, 7, 42.6228260, -71.2071610, 0, 43.7700, 46.0600, 0.0400, 0.0000
ATT: 98, 45, 83
GPS: 326243000, 1, 7, 42.6228260, -71.2071610, 0, 43.7700, 46.0600, 0.0400, 0.0000
ATT: 98, 48, 83
GPS: 326243000, 1, 7, 42.6228260, -71.2071610, 0, 43.7700, 46.0600, 0.0400, 0.0000
ATT: 98, 51, 84
GPS: 326243000, 1, 7, 42.6228260, -71.2071610, 0, 43.6800, 46.0600, 0.0400, 0.0000
ATT: 99, 53, 83
GPS: 326243000, 1, 7, 42.6228260, -71.2071610, 0, 43.5900, 46.0600, 0.0400, 0.0000
ATT: 99, 55, 83
GPS: 326243000, 1, 7, 42.6228260, -71.2071610, 0, 43.5900, 46.0600, 0.0400, 0.0000
ATT: 99, 56, 83
GPS: 326243000, 1, 7, 42.6228260, -71.2071610, 0, 43.5900, 46.0600, 0.0400, 0.0000
ATT: 99, 58, 83
GPS: 326243000, 1, 7, 42.6228260, -71.2071610, 0, 43.3300, 46.0600, 0.0400, 0.0000
ATT: 98, 59, 83
GPS: 326243000, 1, 7, 42.6228260, -71.2071610, 0, 43.1600, 46.0600, 0.0400, 0.0000
ATT: 98, 60, 83
GPS: 326243000, 1, 7, 42.6228260, -71.2071610, 0, 43.1600, 46.0600, 0.0400, 0.0000
ATT: 98, 61, 83
GPS: 326244000, 1, 7, 42.6228260, -71.2071610, 0, 43.1600, 46.1400, 0.0100, 0.0000
ATT: 99, 62, 83
GPS: 326244000, 1, 7, 42.6228260, -71.2071610, 0, 43.2400, 46.1400, 0.0100, 0.0000
ATT: 99, 63, 83
GPS: 326244000, 1, 7, 42.6228260, -71.2071610, 0, 43.2400, 46.1400, 0.0100, 0.0000
ATT: 99, 64, 82
GPS: 326244000, 1, 7, 42.6228260, -71.2071610, 0, 43.3300, 46.1400, 0.0100, 0.0000
ATT: 99, 64, 82
GPS: 326244000, 1, 7, 42.6228260, -71.2071610, 0, 43.4200, 46.1400, 0.0100, 0.0000
ATT: 99, 65, 82
GPS: 326244000, 1, 7, 42.6228260, -71.2071610, 0, 43.5900, 46.1400, 0.0100, 0.0000
ATT: 99, 66, 81
GPS: 326244000, 1, 7, 42.6228260, -71.2071610, 0, 43.6800, 46.1400, 0.0100, 0.0000
ATT: 99, 67, 80
GPS: 326244000, 1, 7, 42.6228260, -71.2071610, 0, 43.6800, 46.1400, 0.0100, 0.0000
ATT: 98, 67, 79
GPS: 326244000, 1, 7, 42.6228260, -71.2071610, 0, 43.6800, 46.1400, 0.0100, 0.0000
ATT: 98, 68, 79
GPS: 326244000, 1, 7, 42.6228260, -71.2071610, 0, 43.6800, 46.1400, 0.0100, 0.0000
ATT: 98, 68, 79
GPS: 326245000, 1, 7, 42.6228260, -71.2071610, 0, 43.6800, 46.1300, 0.0300, 0.0000
ATT: 98, 67, 78
GPS: 326245000, 1, 7, 42.6228260, -71.2071610, 0, 43.5100, 46.1300, 0.0300, 0.0000
ATT: 98, 67, 79
GPS: 326245000, 1, 7, 42.6228260, -71.2071610, 0, 43.4200, 46.1300, 0.0300, 0.0000
ATT: 98, 66, 79
GPS: 326245000, 1, 7, 42.6228260, -71.2071610, 0, 43.5100, 46.1300, 0.0300, 0.0000
ATT: 98, 66, 78
GPS: 326245000, 1, 7, 42.6228260, -71.2071610, 0, 43.5100, 46.1300, 0.0300, 0.0000
ATT: 98, 65, 78
GPS: 326245000, 1, 7, 42.6228260, -71.2071610, 0, 43.4200, 46.1300, 0.0300, 0.0000
ATT: 97, 65, 78
GPS: 326245000, 1, 7, 42.6228260, -71.2071610, 0, 43.3300, 46.1300, 0.0300, 0.0000
ATT: 98, 65, 77
GPS: 326245000, 1, 7, 42.6228260, -71.2071610, 0, 43.3300, 46.1300, 0.0300, 0.0000
ATT: 98, 64, 77
GPS: 326245000, 1, 7, 42.6228260, -71.2071610, 0, 43.3300, 46.1300, 0.0300, 0.0000
ATT: 98, 65, 77
GPS: 326245000, 1, 7, 42.6228260, -71.2071610, 0, 43.2400, 46.1300, 0.0300, 0.0000
ATT: 98, 64, 76
GPS: 326246000, 1, 7, 42.6228220, -71.2071610, 0, 43.2400, 46.0800, 0.0200, 0.0000
ATT: 98, 65, 76
GPS: 326246000, 1, 7, 42.6228220, -71.2071610, 0, 43.4200, 46.0800, 0.0200, 0.0000
ATT: 98, 65, 75
GPS: 326246000, 1, 7, 42.6228220, -71.2071610, 0, 43.5100, 46.0800, 0.0200, 0.0000
ATT: 97, 65, 75
GPS: 326246000, 1, 7, 42.6228220, -71.2071610, 0, 43.5100, 46.0800, 0.0200, 0.0000
ATT: 98, 65, 75
GPS: 326246000, 1, 7, 42.6228220, -71.2071610, 0, 43.5100, 46.0800, 0.0200, 0.0000
ATT: 98, 65, 75
GPS: 326246000, 1, 7, 42.6228220, -71.2071610, 0, 43.3300, 46.0800, 0.0200, 0.0000
ATT: 98, 65, 75
GPS: 326246000, 1, 7, 42.6228220, -71.2071610, 0, 43.2400, 46.0800, 0.0200, 0.0000
ATT: 98, 65, 74
GPS: 326246000, 1, 7, 42.6228220, -71.2071610, 0, 43.2400, 46.0800, 0.0200, 0.0000
ATT: 99, 65, 73
GPS: 326246000, 1, 7, 42.6228220, -71.2071610, 0, 43.2400, 46.0800, 0.0200, 0.0000
ATT: 98, 66, 72
GPS: 326246000, 1, 7, 42.6228220, -71.2071610, 0, 43.3300, 46.0800, 0.0200, 0.0000
PM:20005,999,58,0,0,0,0,18,1,0,-3,0,0, 
ATT: 98, 66, 71
GPS: 326247000, 1, 6, 42.6228260, -71.2071610, 0, 43.3300, 46.4200, 0.0400, 0.0000
ATT: 98, 64, 70
GPS: 326247000, 1, 6, 42.6228260, -71.2071610, 0, 43.3300, 46.4200, 0.0400, 0.0000
ATT: 98, 64, 70
GPS: 326247000, 1, 6, 42.6228260, -71.2071610, 0, 43.3300, 46.4200, 0.0400, 0.0000
ATT: 98, 64, 70
GPS: 326247000, 1, 6, 42.6228260, -71.2071610, 0, 43.3300, 46.4200, 0.0400, 0.0000
ATT: 98, 64, 69
GPS: 326247000, 1, 6, 42.6228260, -71.2071610, 0, 43.3300, 46.4200, 0.0400, 0.0000
ATT: 98, 63, 69
GPS: 326247000, 1, 6, 42.6228260, -71.2071610, 0, 43.3300, 46.4200, 0.0400, 0.0000
ATT: 99, 63, 69
GPS: 326247000, 1, 6, 42.6228260, -71.2071610, 0, 43.3300, 46.4200, 0.0400, 0.0000
ATT: 98, 63, 68
GPS: 326247000, 1, 6, 42.6228260, -71.2071610, 0, 43.4200, 46.4200, 0.0400, 0.0000
ATT: 98, 63, 68
GPS: 326247000, 1, 6, 42.6228260, -71.2071610, 0, 43.4200, 46.4200, 0.0400, 0.0000
ATT: 99, 63, 67
GPS: 326247000, 1, 6, 42.6228260, -71.2071610, 0, 43.5100, 46.4200, 0.0400, 0.0000
ATT: 99, 62, 67
GPS: 326248000, 1, 6, 42.6228290, -71.2071610, 0, 43.5900, 46.7500, 0.0500, 0.0000
ATT: 100, 62, 66
GPS: 326248000, 1, 6, 42.6228290, -71.2071610, 0, 43.6800, 46.7500, 0.0500, 0.0000
ATT: 100, 61, 66
GPS: 326248000, 1, 6, 42.6228290, -71.2071610, 0, 43.6800, 46.7500, 0.0500, 0.0000
ATT: 100, 61, 66
GPS: 326248000, 1, 6, 42.6228290, -71.2071610, 0, 43.5100, 46.7500, 0.0500, 0.0000
ATT: 100, 61, 64
GPS: 326248000, 1, 6, 42.6228290, -71.2071610, 0, 43.4200, 46.7500, 0.0500, 0.0000
ATT: 100, 61, 64
GPS: 326248000, 1, 6, 42.6228290, -71.2071610, 0, 43.3300, 46.7500, 0.0500, 0.0000
ATT: 101, 62, 63
GPS: 326248000, 1, 6, 42.6228290, -71.2071610, 0, 43.2400, 46.7500, 0.0500, 0.0000
ATT: 101, 62, 63
GPS: 326248000, 1, 6, 42.6228290, -71.2071610, 0, 43.4200, 46.7500, 0.0500, 0.0000
ATT: 101, 61, 63
GPS: 326248000, 1, 6, 42.6228290, -71.2071610, 0, 43.5100, 46.7500, 0.0500, 0.0000
ATT: 101, 62, 62
GPS: 326248000, 1, 6, 42.6228290, -71.2071610, 0, 43.4200, 46.7500, 0.0500, 0.0000
ATT: 102, 61, 61
GPS: 326249000, 1, 7, 42.6228330, -71.2071610, 0, 43.3300, 46.9300, 0.0700, 0.0000
ATT: 99, 60, 66
GPS: 326249000, 1, 7, 42.6228330, -71.2071610, 0, 43.2400, 46.9300, 0.0700, 0.0000
ATT: 103, 59, 58
GPS: 326249000, 1, 7, 42.6228330, -71.2071610, 0, 43.2400, 46.9300, 0.0700, 0.0000
ATT: 101, 59, 62
GPS: 326249000, 1, 7, 42.6228330, -71.2071610, 0, 43.3300, 46.9300, 0.0700, 0.0000
ATT: 103, 60, 63
GPS: 326249000, 1, 7, 42.6228330, -71.2071610, 0, 43.4200, 46.9300, 0.0700, 0.0000
ATT: 104, 60, 60
GPS: 326249000, 1, 7, 42.6228330, -71.2071610, 0, 43.2400, 46.9300, 0.0700, 0.0000
ATT: 102, 57, 67
GPS: 326249000, 1, 7, 42.6228330, -71.2071610, 0, 43.1600, 46.9300, 0.0700, 0.0000
ATT: 103, 57, 64
GPS: 326249000, 1, 7, 42.6228330, -71.2071610, 0, 43.2400, 46.9300, 0.0700, 0.0000
ATT: 101, 58, 66
GPS: 326249000, 1, 7, 42.6228330, -71.2071610, 0, 43.2400, 46.9300, 0.0700, 0.0000
ATT: 102, 60, 66
GPS: 326249000, 1, 7, 42.6228330, -71.2071610, 0, 43.3300, 46.9300, 0.0700, 0.0000
ATT: 101, 61, 65
GPS: 326250000, 1, 7, 42.6228330, -71.2071610, 0, 43.4200, 46.6900, 0.0300, 0.0000
ATT: 104, 62, 61
GPS: 326250000, 1, 7, 42.6228330, -71.2071610, 0, 43.3300, 46.6900, 0.0300, 0.0000
ATT: 104, 63, 60
GPS: 326250000, 1, 7, 42.6228330, -71.2071610, 0, 43.3300, 46.6900, 0.0300, 0.0000
ATT: 105, 64, 58
GPS: 326250000, 1, 7, 42.6228330, -71.2071610, 0, 43.3300, 46.6900, 0.0300, 0.0000
ATT: 105, 64, 58
GPS: 326250000, 1, 7, 42.6228330, -71.2071610, 0, 43.3300, 46.6900, 0.0300, 0.0000
ATT: 102, 67, 62
GPS: 326250000, 1, 7, 42.6228330, -71.2071610, 0, 43.2400, 46.6900, 0.0300, 0.0000
ATT: 106, 67, 57
GPS: 326250000, 1, 7, 42.6228330, -71.2071610, 0, 43.1600, 46.6900, 0.0300, 0.0000
ATT: 104, 68, 59
GPS: 326250000, 1, 7, 42.6228330, -71.2071610, 0, 43.2400, 46.6900, 0.0300, 0.0000
ATT: 104, 70, 59
GPS: 326250000, 1, 7, 42.6228330, -71.2071610, 0, 43.2400, 46.6900, 0.0300, 0.0000
ATT: 105, 70, 56
GPS: 326250000, 1, 7, 42.6228330, -71.2071610, 0, 43.2400, 46.6900, 0.0300, 0.0000
ATT: 104, 71, 57
GPS: 326251000, 1, 8, 42.6228330, -71.2071610, 0, 43.2400, 46.6000, 0.0700, 0.0000
ATT: 105, 71, 55
GPS: 326251000, 1, 8, 42.6228330, -71.2071610, 0, 43.2400, 46.6000, 0.0700, 0.0000
ATT: 104, 72, 54
GPS: 326251000, 1, 8, 42.6228330, -71.2071610, 0, 43.2400, 46.6000, 0.0700, 0.0000
ATT: 105, 71, 53
GPS: 326251000, 1, 8, 42.6228330, -71.2071610, 0, 43.2400, 46.6000, 0.0700, 0.0000
ATT: 104, 71, 53
GPS: 326251000, 1, 8, 42.6228330, -71.2071610, 0, 43.2400, 46.6000, 0.0700, 0.0000
ATT: 106, 71, 51
GPS: 326251000, 1, 8, 42.6228330, -71.2071610, 0, 43.4200, 46.6000, 0.0700, 0.0000
ATT: 105, 71, 51
GPS: 326251000, 1, 8, 42.6228330, -71.2071610, 0, 43.5100, 46.6000, 0.0700, 0.0000
ATT: 106, 71, 48
GPS: 326251000, 1, 8, 42.6228330, -71.2071610, 0, 43.4200, 46.6000, 0.0700, 0.0000
ATT: 106, 71, 47
GPS: 326251000, 1, 8, 42.6228330, -71.2071610, 0, 43.4200, 46.6000, 0.0700, 0.0000
ATT: 107, 71, 45
GPS: 326251000, 1, 8, 42.6228330, -71.2071610, 0, 43.3300, 46.6000, 0.0700, 0.0000
ATT: 106, 70, 45
GPS: 326252000, 1, 7, 42.6228260, -71.2071610, 0, 43.3300, 45.8900, 0.1300, 0.0000
ATT: 106, 69, 44
GPS: 326252000, 1, 7, 42.6228260, -71.2071610, 0, 43.4200, 45.8900, 0.1300, 0.0000
ATT: 107, 70, 42
GPS: 326252000, 1, 7, 42.6228260, -71.2071610, 0, 43.4200, 45.8900, 0.1300, 0.0000
ATT: 107, 68, 41
GPS: 326252000, 1, 7, 42.6228260, -71.2071610, 0, 43.2400, 45.8900, 0.1300, 0.0000
ATT: 107, 67, 39
GPS: 326252000, 1, 7, 42.6228260, -71.2071610, 0, 43.1600, 45.8900, 0.1300, 0.0000
ATT: 107, 66, 40
GPS: 326252000, 1, 7, 42.6228260, -71.2071610, 0, 42.9000, 45.8900, 0.1300, 0.0000
ATT: 106, 65, 40
GPS: 326252000, 1, 7, 42.6228260, -71.2071610, 0, 42.7200, 45.8900, 0.1300, 0.0000
ATT: 107, 65, 38
GPS: 326252000, 1, 7, 42.6228260, -71.2071610, 0, 42.7200, 45.8900, 0.1300, 0.0000
ATT: 106, 65, 40
GPS: 326252000, 1, 7, 42.6228260, -71.2071610, 0, 42.7200, 45.8900, 0.1300, 0.0000
ATT: 105, 65, 42
GPS: 326252000, 1, 7, 42.6228260, -71.2071610, 0, 42.7200, 45.8900, 0.1300, 0.0000
ATT: 107, 68, 38
GPS: 326253000, 1, 8, 42.6228260, -71.2071610, 0, 42.7200, 45.8900, 0.0500, 0.0000
ATT: 106, 69, 36
GPS: 326253000, 1, 8, 42.6228260, -71.2071610, 0, 42.7200, 45.8900, 0.0500, 0.0000
ATT: 108, 70, 33
GPS: 326253000, 1, 8, 42.6228260, -71.2071610, 0, 42.7200, 45.8900, 0.0500, 0.0000
ATT: 109, 72, 31
GPS: 326253000, 1, 8, 42.6228260, -71.2071610, 0, 42.7200, 45.8900, 0.0500, 0.0000
ATT: 109, 73, 30
GPS: 326253000, 1, 8, 42.6228260, -71.2071610, 0, 42.7200, 45.8900, 0.0500, 0.0000
ATT: 108, 73, 30
GPS: 326253000, 1, 8, 42.6228260, -71.2071610, 0, 42.7200, 45.8900, 0.0500, 0.0000
ATT: 109, 74, 28
GPS: 326253000, 1, 8, 42.6228260, -71.2071610, 0, 42.7200, 45.8900, 0.0500, 0.0000
ATT: 108, 74, 27
GPS: 326253000, 1, 8, 42.6228260, -71.2071610, 0, 42.9000, 45.8900, 0.0500, 0.0000
ATT: 109, 75, 26
GPS: 326253000, 1, 8, 42.6228260, -71.2071610, 0, 43.0700, 45.8900, 0.0500, 0.0000
ATT: 108, 77, 26
GPS: 326253000, 1, 8, 42.6228260, -71.2071610, 0, 43.0700, 45.8900, 0.0500, 0.0000
ATT: 108, 78, 24
GPS: 326254000, 1, 8, 42.6228260, -71.2071610, 0, 43.0700, 46.0100, 0.0800, 0.0000
ATT: 108, 77, 23
GPS: 326254000, 1, 8, 42.6228260, -71.2071610, 0, 42.9800, 46.0100, 0.0800, 0.0000
ATT: 108, 78, 19
GPS: 326254000, 1, 8, 42.6228260, -71.2071610, 0, 42.9800, 46.0100, 0.0800, 0.0000
ATT: 108, 77, 18
GPS: 326254000, 1, 8, 42.6228260, -71.2071610, 0, 42.9000, 46.0100, 0.0800, 0.0000
ATT: 109, 77, 16
GPS: 326254000, 1, 8, 42.6228260, -71.2071610, 0, 42.8100, 46.0100, 0.0800, 0.0000
ATT: 110, 78, 13
GPS: 326254000, 1, 8, 42.6228260, -71.2071610, 0, 42.9000, 46.0100, 0.0800, 0.0000
ATT: 111, 77, 9
GPS: 326254000, 1, 8, 42.6228260, -71.2071610, 0, 42.9000, 46.0100, 0.0800, 0.0000
ATT: 112, 76, 9
GPS: 326254000, 1, 8, 42.6228260, -71.2071610, 0, 42.9800, 46.0100, 0.0800, 0.0000
ATT: 112, 76, 5
GPS: 326254000, 1, 8, 42.6228260, -71.2071610, 0, 43.0700, 46.0100, 0.0800, 0.0000
ATT: 110, 75, 6
GPS: 326254000, 1, 8, 42.6228260, -71.2071610, 0, 42.9800, 46.0100, 0.0800, 0.0000
ATT: 111, 76, 3
GPS: 326255000, 1, 8, 42.6228260, -71.2071530, 0, 42.9000, 46.3600, 0.0900, 0.0000
ATT: 110, 77, 4
GPS: 326255000, 1, 8, 42.6228260, -71.2071530, 0, 42.9000, 46.3600, 0.0900, 0.0000
ATT: 108, 78, 4
GPS: 326255000, 1, 8, 42.6228260, -71.2071530, 0, 42.9000, 46.3600, 0.0900, 0.0000
ATT: 111, 76, 0
GPS: 326255000, 1, 8, 42.6228260, -71.2071530, 0, 42.6400, 46.3600, 0.0900, 0.0000
ATT: 108, 76, 3
GPS: 326255000, 1, 8, 42.6228260, -71.2071530, 0, 42.4600, 46.3600, 0.0900, 0.0000
ATT: 108, 76, 2
GPS: 326255000, 1, 8, 42.6228260, -71.2071530, 0, 42.6400, 46.3600, 0.0900, 0.0000
ATT: 107, 76, 1
GPS: 326255000, 1, 8, 42.6228260, -71.2071530, 0, 42.7200, 46.3600, 0.0900, 0.0000
ATT: 107, 76, 1
GPS: 326255000, 1, 8, 42.6228260, -71.2071530, 0, 42.7200, 46.3600, 0.0900, 0.0000
ATT: 107, 74, 35998
GPS: 326255000, 1, 8, 42.6228260, -71.2071530, 0, 42.7200, 46.3600, 0.0900, 0.0000
ATT: 107, 74, 35997
GPS: 326255000, 1, 8, 42.6228260, -71.2071530, 0, 42.9000, 46.3600, 0.0900, 0.0000
ATT: 108, 74, 35992
GPS: 326256000, 1, 8, 42.6228260, -71.2071530, 0, 42.9800, 46.5700, 0.0700, 0.0000
ATT: 107, 74, 35993
GPS: 326256000, 1, 8, 42.6228260, -71.2071530, 0, 42.8100, 46.5700, 0.0700, 0.0000
ATT: 109, 77, 35990
GPS: 326256000, 1, 8, 42.6228260, -71.2071530, 0, 42.7200, 46.5700, 0.0700, 0.0000
ATT: 109, 77, 35989
GPS: 326256000, 1, 8, 42.6228260, -71.2071530, 0, 42.7200, 46.5700, 0.0700, 0.0000
ATT: 109, 77, 35988
GPS: 326256000, 1, 8, 42.6228260, -71.2071530, 0, 42.7200, 46.5700, 0.0700, 0.0000
ATT: 111, 77, 35984
GPS: 326256000, 1, 8, 42.6228260, -71.2071530, 0, 42.9000, 46.5700, 0.0700, 0.0000
ATT: 110, 77, 35985
GPS: 326256000, 1, 8, 42.6228260, -71.2071530, 0, 42.9800, 46.5700, 0.0700, 0.0000
ATT: 109, 77, 35983
GPS: 326256000, 1, 8, 42.6228260, -71.2071530, 0, 42.9800, 46.5700, 0.0700, 0.0000
ATT: 109, 77, 35984
GPS: 326256000, 1, 8, 42.6228260, -71.2071530, 0, 42.9800, 46.5700, 0.0700, 0.0000
ATT: 108, 77, 35983
GPS: 326256000, 1, 8, 42.6228260, -71.2071530, 0, 42.9800, 46.5700, 0.0700, 0.0000
ATT: 110, 79, 35978
GPS: 326257000, 1, 8, 42.6228260, -71.2071530, 0, 42.9800, 46.9000, 0.0200, 0.0000
ATT: 111, 80, 35976
GPS: 326257000, 1, 8, 42.6228260, -71.2071530, 0, 42.9800, 46.9000, 0.0200, 0.0000
ATT: 110, 81, 35974
GPS: 326257000, 1, 8, 42.6228260, -71.2071530, 0, 42.9800, 46.9000, 0.0200, 0.0000
ATT: 110, 82, 35972
GPS: 326257000, 1, 8, 42.6228260, -71.2071530, 0, 42.9800, 46.9000, 0.0200, 0.0000
ATT: 110, 83, 35970
GPS: 326257000, 1, 8, 42.6228260, -71.2071530, 0, 42.9800, 46.9000, 0.0200, 0.0000
ATT: 111, 85, 35967
GPS: 326257000, 1, 8, 42.6228260, -71.2071530, 0, 42.9800, 46.9000, 0.0200, 0.0000
ATT: 110, 86, 35965
GPS: 326257000, 1, 8, 42.6228260, -71.2071530, 0, 42.9800, 46.9000, 0.0200, 0.0000
ATT: 109, 86, 35964
GPS: 326257000, 1, 8, 42.6228260, -71.2071530, 0, 42.9800, 46.9000, 0.0200, 0.0000
ATT: 109, 87, 35961
GPS: 326257000, 1, 8, 42.6228260, -71.2071530, 0, 42.9800, 46.9000, 0.0200, 0.0000
ATT: 109, 88, 35959
GPS: 326257000, 1, 8, 42.6228260, -71.2071530, 0, 42.9800, 46.9000, 0.0200, 0.0000
ATT: 109, 88, 35958
GPS: 326258000, 1, 8, 42.6228260, -71.2071530, 0, 42.9800, 47.2100, 0.0700, 0.0000
ATT: 109, 87, 35956
GPS: 326258000, 1, 8, 42.6228260, -71.2071530, 0, 43.0700, 47.2100, 0.0700, 0.0000
ATT: 109, 86, 35954
GPS: 326258000, 1, 8, 42.6228260, -71.2071530, 0, 43.1600, 47.2100, 0.0700, 0.0000
ATT: 110, 85, 35950
GPS: 326258000, 1, 8, 42.6228260, -71.2071530, 0, 43.0700, 47.2100, 0.0700, 0.0000
ATT: 109, 85, 35950
GPS: 326258000, 1, 8, 42.6228260, -71.2071530, 0, 42.9800, 47.2100, 0.0700, 0.0000
ATT: 110, 84, 35948
GPS: 326258000, 1, 8, 42.6228260, -71.2071530, 0, 43.0700, 47.2100, 0.0700, 0.0000
ATT: 109, 85, 35947
GPS: 326258000, 1, 8, 42.6228260, -71.2071530, 0, 43.0700, 47.2100, 0.0700, 0.0000
ATT: 110, 85, 35945
GPS: 326258000, 1, 8, 42.6228260, -71.2071530, 0, 43.0700, 47.2100, 0.0700, 0.0000
ATT: 109, 85, 35943
GPS: 326258000, 1, 8, 42.6228260, -71.2071530, 0, 43.0700, 47.2100, 0.0700, 0.0000
ATT: 109, 84, 35941
GPS: 326258000, 1, 8, 42.6228260, -71.2071530, 0, 43.0700, 47.2100, 0.0700, 0.0000
ATT: 110, 84, 35938
GPS: 326259000, 1, 8, 42.6228260, -71.2071530, 0, 43.0700, 47.3100, 0.0300, 0.0000
ATT: 110, 85, 35936
GPS: 326259000, 1, 8, 42.6228260, -71.2071530, 0, 42.8100, 47.3100, 0.0300, 0.0000
ATT: 111, 86, 35933
GPS: 326259000, 1, 8, 42.6228260, -71.2071530, 0, 42.6400, 47.3100, 0.0300, 0.0000
ATT: 111, 86, 35931
GPS: 326259000, 1, 8, 42.6228260, -71.2071530, 0, 42.7200, 47.3100, 0.0300, 0.0000
ATT: 111, 86, 35929
GPS: 326259000, 1, 8, 42.6228260, -71.2071530, 0, 42.8100, 47.3100, 0.0300, 0.0000
ATT: 111, 87, 35927
GPS: 326259000, 1, 8, 42.6228260, -71.2071530, 0, 42.8100, 47.3100, 0.0300, 0.0000
ATT: 111, 87, 35925
GPS: 326259000, 1, 8, 42.6228260, -71.2071530, 0, 42.8100, 47.3100, 0.0300, 0.0000
ATT: 112, 87, 35923
GPS: 326259000, 1, 8, 42.6228260, -71.2071530, 0, 42.7200, 47.3100, 0.0300, 0.0000
ATT: 112, 87, 35920
GPS: 326259000, 1, 8, 42.6228260, -71.2071530, 0, 42.6400, 47.3100, 0.0300, 0.0000
ATT: 111, 87, 35919
GPS: 326259000, 1, 8, 42.6228260, -71.2071530, 0, 42.7200, 47.3100, 0.0300, 0.0000
ATT: 112, 87, 35915
GPS: 326260000, 1, 8, 42.6228260, -71.2071530, 0, 42.8100, 47.4100, 0.0500, 0.0000
ATT: 112, 86, 35915
GPS: 326260000, 1, 8, 42.6228260, -71.2071530, 0, 42.8100, 47.4100, 0.0500, 0.0000
ATT: 113, 85, 35911
GPS: 326260000, 1, 8, 42.6228260, -71.2071530, 0, 42.8100, 47.4100, 0.0500, 0.0000
ATT: 113, 86, 35910
GPS: 326260000, 1, 8, 42.6228260, -71.2071530, 0, 42.7200, 47.4100, 0.0500, 0.0000
ATT: 114, 85, 35907
GPS: 326260000, 1, 8, 42.6228260, -71.2071530, 0, 42.6400, 47.4100, 0.0500, 0.0000
ATT: 114, 85, 35907
GPS: 326260000, 1, 8, 42.6228260, -71.2071530, 0, 42.5500, 47.4100, 0.0500, 0.0000
ATT: 114, 86, 35904
GPS: 326260000, 1, 8, 42.6228260, -71.2071530, 0, 42.4600, 47.4100, 0.0500, 0.0000
ATT: 114, 85, 35902
GPS: 326260000, 1, 8, 42.6228260, -71.2071530, 0, 42.5500, 47.4100, 0.0500, 0.0000
ATT: 114, 85, 35900
GPS: 326260000, 1, 8, 42.6228260, -71.2071530, 0, 42.6400, 47.4100, 0.0500, 0.0000
ATT: 114, 86, 35897
GPS: 326260000, 1, 8, 42.6228260, -71.2071530, 0, 42.4600, 47.4100, 0.0500, 0.0000
ATT: 113, 86, 35897
GPS: 326261000, 1, 8, 42.6228220, -71.2071460, 0, 42.3800, 47.4300, 0.0700, 0.0000
ATT: 114, 85, 35893
GPS: 326261000, 1, 8, 42.6228220, -71.2071460, 0, 42.5500, 47.4300, 0.0700, 0.0000
ATT: 114, 85, 35892
GPS: 326261000, 1, 8, 42.6228220, -71.2071460, 0, 42.6400, 47.4300, 0.0700, 0.0000
ATT: 114, 85, 35889
GPS: 326261000, 1, 8, 42.6228220, -71.2071460, 0, 42.6400, 47.4300, 0.0700, 0.0000
ATT: 113, 84, 35888
GPS: 326261000, 1, 8, 42.6228220, -71.2071460, 0, 42.6400, 47.4300, 0.0700, 0.0000
ATT: 113, 85, 35885
GPS: 326261000, 1, 8, 42.6228220, -71.2071460, 0, 42.7200, 47.4300, 0.0700, 0.0000
ATT: 112, 84, 35883
GPS: 326261000, 1, 8, 42.6228220, -71.2071460, 0, 42.8100, 47.4300, 0.0700, 0.0000
ATT: 112, 84, 35880
GPS: 326261000, 1, 8, 42.6228220, -71.2071460, 0, 42.8100, 47.4300, 0.0700, 0.0000
ATT: 112, 83, 35877
GPS: 326261000, 1, 8, 42.6228220, -71.2071460, 0, 42.8100, 47.4300, 0.0700, 0.0000
ATT: 111, 84, 35875
GPS: 326261000, 1, 8, 42.6228220, -71.2071460, 0, 42.7200, 47.4300, 0.0700, 0.0000
ATT: 111, 82, 35873
GPS: 326262000, 1, 8, 42.6228220, -71.2071460, 0, 42.6400, 47.3800, 0.2000, 0.0000
