Dumping Log 4,    start pg 243,   end pg 293

ArduPlane V2.33
Free RAM: 3417
GROUND START -  1 commands in memory
CMD:0,16,0,9110,426228361,-712071412, 
CMD:1,17,0,15000,426236128,712078080, 
MOD:Manual
PM:25734,1,114,0,0,0,0,1,1,0,-1,0,0, 
ATT: -2, 20, 35983
GPS: 54697000, 1, 7, 42.6227990, -71.2071840, 0, -0.3400, 44.5200, 0.0400, 0.0000
ATT: -2, 17, 35982
GPS: 54697000, 1, 7, 42.6227990, -71.2071840, 0, -1.3000, 44.5200, 0.0400, 0.0000
ATT: -2, 14, 35982
GPS: 54697000, 1, 7, 42.6227990, -71.2071840, 0, -1.9900, 44.5200, 0.0400, 0.0000
ATT: -2, 11, 35982
GPS: 54697000, 1, 7, 42.6227990, -71.2071840, 0, -2.2500, 44.5200, 0.0400, 0.0000
ATT: -2, 9, 35981
GPS: 54697000, 1, 7, 42.6227990, -71.2071840, 0, -2.4200, 44.5200, 0.0400, 0.0000
ATT: -2, 7, 35981
GPS: 54697000, 1, 7, 42.6227990, -71.2071840, 0, -2.4200, 44.5200, 0.0400, 0.0000
ATT: -2, 6, 35980
GPS: 54697000, 1, 7, 42.6227990, -71.2071840, 0, -2.4200, 44.5200, 0.0400, 0.0000
ATT: -2, 5, 35981
GPS: 54697000, 1, 7, 42.6227990, -71.2071840, 0, -1.9900, 44.5200, 0.0400, 0.0000
ATT: -2, 3, 35981
GPS: 54697000, 1, 7, 42.6227990, -71.2071840, 0, -1.7300, 44.5200, 0.0400, 0.0000
ATT: -1, 2, 35981
GPS: 54697000, 1, 7, 42.6227990, -71.2071840, 0, -1.4700, 44.5200, 0.0400, 0.0000
ATT: -1, 1, 35979
GPS: 54697000, 1, 7, 42.6227990, -71.2071840, 0, -1.3000, 44.5200, 0.0400, 0.0000
ATT: -1, 0, 35979
GPS: 54697000, 1, 7, 42.6227990, -71.2071840, 0, -1.1200, 44.5200, 0.0400, 0.0000
ATT: -1, 0, 35979
GPS: 54697000, 1, 7, 42.6227990, -71.2071840, 0, -0.9500, 44.5200, 0.0400, 0.0000
ATT: -1, 0, 35979
GPS: 54697000, 1, 7, 42.6227990, -71.2071840, 0, -0.9500, 44.5200, 0.0400, 0.0000
ATT: -2, -1, 35978
GPS: 54697000, 1, 7, 42.6227990, -71.2071840, 0, -0.9500, 44.5200, 0.0400, 0.0000
ATT: -1, -1, 35978
GPS: 54697000, 1, 7, 42.6227990, -71.2071840, 0, -0.6900, 44.5200, 0.0400, 0.0000
ATT: -1, -2, 35978
GPS: 54697000, 1, 7, 42.6227990, -71.2071840, 0, -0.5200, 44.5200, 0.0400, 0.0000
ATT: -2, -3, 35977
GPS: 54697000, 1, 7, 42.6227990, -71.2071840, 0, -0.5200, 44.5200, 0.0400, 0.0000
ATT: -2, -3, 35978
GPS: 54697000, 1, 7, 42.6227990, -71.2071840, 0, -0.5200, 44.5200, 0.0400, 0.0000
ATT: -2, -4, 35977
GPS: 54701000, 1, 7, 42.6227950, -71.2071760, 0, -0.4300, 45.3300, 0.0600, 0.0000
ATT: -2, -4, 35978
GPS: 54701000, 1, 7, 42.6227950, -71.2071760, 0, -0.4300, 45.3300, 0.0600, 0.0000
ATT: -2, -5, 35978
GPS: 54701000, 1, 7, 42.6227950, -71.2071760, 0, -0.4300, 45.3300, 0.0600, 0.0000
ATT: -1, -6, 35977
GPS: 54701000, 1, 7, 42.6227950, -71.2071760, 0, -0.4300, 45.3300, 0.0600, 0.0000
ATT: -2, -5, 35978
GPS: 54701000, 1, 7, 42.6227950, -71.2071760, 0, -0.4300, 45.3300, 0.0600, 0.0000
ATT: -2, -6, 35978
GPS: 54701000, 1, 7, 42.6227950, -71.2071760, 0, -0.4300, 45.3300, 0.0600, 0.0000
ATT: -1, -7, 35978
GPS: 54701000, 1, 7, 42.6227950, -71.2071760, 0, -0.4300, 45.3300, 0.0600, 0.0000
ATT: -1, -6, 35978
GPS: 54701000, 1, 7, 42.6227950, -71.2071760, 0, -0.4300, 45.3300, 0.0600, 0.0000
ATT: -1, -7, 35977
GPS: 54701000, 1, 7, 42.6227950, -71.2071760, 0, -0.5200, 45.3300, 0.0600, 0.0000
ATT: -1, -7, 35977
GPS: 54701000, 1, 7, 42.6227950, -71.2071760, 0, -0.6000, 45.3300, 0.0600, 0.0000
ATT: -1, -8, 35977
GPS: 54702000, 1, 7, 42.6227950, -71.2071760, 0, -0.5200, 45.4800, 0.0600, 0.0000
ATT: -1, -8, 35977
GPS: 54702000, 1, 7, 42.6227950, -71.2071760, 0, -0.4300, 45.4800, 0.0600, 0.0000
ATT: 0, -8, 35977
GPS: 54702000, 1, 7, 42.6227950, -71.2071760, 0, -0.5200, 45.4800, 0.0600, 0.0000
ATT: -1, -8, 35978
GPS: 54702000, 1, 7, 42.6227950, -71.2071760, 0, -0.5200, 45.4800, 0.0600, 0.0000
ATT: 0, -9, 35977
GPS: 54702000, 1, 7, 42.6227950, -71.2071760, 0, -0.6000, 45.4800, 0.0600, 0.0000
ATT: -2, -9, 35978
GPS: 54702000, 1, 7, 42.6227950, -71.2071760, 0, -0.6900, 45.4800, 0.0600, 0.0000
ATT: -2, -9, 35977
GPS: 54702000, 1, 7, 42.6227950, -71.2071760, 0, -0.7800, 45.4800, 0.0600, 0.0000
ATT: -2, -9, 35977
GPS: 54702000, 1, 7, 42.6227950, -71.2071760, 0, -0.7800, 45.4800, 0.0600, 0.0000
ATT: -1, -10, 35977
GPS: 54702000, 1, 7, 42.6227950, -71.2071760, 0, -0.6000, 45.4800, 0.0600, 0.0000
ATT: -1, -9, 35977
GPS: 54702000, 1, 7, 42.6227950, -71.2071760, 0, -0.5200, 45.4800, 0.0600, 0.0000
ATT: -2, -8, 35977
GPS: 54703000, 1, 7, 42.6227950, -71.2071760, 0, -0.4300, 45.6300, 0.0700, 0.0000
ATT: -2, -10, 35976
GPS: 54703000, 1, 7, 42.6227950, -71.2071760, 0, -0.3400, 45.6300, 0.0700, 0.0000
ATT: -2, -10, 35977
GPS: 54703000, 1, 7, 42.6227950, -71.2071760, 0, -0.3400, 45.6300, 0.0700, 0.0000
ATT: -2, -10, 35976
GPS: 54703000, 1, 7, 42.6227950, -71.2071760, 0, -0.3400, 45.6300, 0.0700, 0.0000
ATT: -3, -10, 35977
GPS: 54703000, 1, 7, 42.6227950, -71.2071760, 0, -0.5200, 45.6300, 0.0700, 0.0000
ATT: -2, -11, 35977
GPS: 54703000, 1, 7, 42.6227950, -71.2071760, 0, -0.6000, 45.6300, 0.0700, 0.0000
ATT: -2, -12, 35978
GPS: 54703000, 1, 7, 42.6227950, -71.2071760, 0, -0.6000, 45.6300, 0.0700, 0.0000
ATT: -2, -12, 35976
GPS: 54703000, 1, 7, 42.6227950, -71.2071760, 0, -0.6000, 45.6300, 0.0700, 0.0000
ATT: -3, -12, 35975
GPS: 54703000, 1, 7, 42.6227950, -71.2071760, 0, -0.6000, 45.6300, 0.0700, 0.0000
ATT: -3, -12, 35973
GPS: 54703000, 1, 7, 42.6227950, -71.2071760, 0, -0.6000, 45.6300, 0.0700, 0.0000
ATT: -1, -13, 35972
GPS: 54704000, 1, 7, 42.6227910, -71.2071760, 0, 45.0700, 45.7600, 0.0500, 0.0000
ATT: -2, -11, 35973
GPS: 54704000, 1, 7, 42.6227910, -71.2071760, 0, 44.9800, 45.7600, 0.0500, 0.0000
ATT: -2, -11, 35972
GPS: 54704000, 1, 7, 42.6227910, -71.2071760, 0, 44.9800, 45.7600, 0.0500, 0.0000
ATT: -2, -10, 35971
GPS: 54704000, 1, 7, 42.6227910, -71.2071760, 0, 44.9800, 45.7600, 0.0500, 0.0000
ATT: -1, -9, 35970
GPS: 54704000, 1, 7, 42.6227910, -71.2071760, 0, 45.0700, 45.7600, 0.0500, 0.0000
ATT: -1, -9, 35971
GPS: 54704000, 1, 7, 42.6227910, -71.2071760, 0, 45.1600, 45.7600, 0.0500, 0.0000
ATT: -1, -9, 35971
GPS: 54704000, 1, 7, 42.6227910, -71.2071760, 0, 45.0700, 45.7600, 0.0500, 0.0000
ATT: -2, -8, 35971
GPS: 54704000, 1, 7, 42.6227910, -71.2071760, 0, 45.0700, 45.7600, 0.0500, 0.0000
ATT: -2, -8, 35970
GPS: 54704000, 1, 7, 42.6227910, -71.2071760, 0, 45.0700, 45.7600, 0.0500, 0.0000
ATT: -1, -7, 35969
GPS: 54704000, 1, 7, 42.6227910, -71.2071760, 0, 45.0700, 45.7600, 0.0500, 0.0000
ATT: -1, -6, 35968
GPS: 54705000, 1, 7, 42.6227910, -71.2071760, 0, 44.9800, 45.9300, 0.0600, 0.0000
ATT: -2, -6, 35968
GPS: 54705000, 1, 7, 42.6227910, -71.2071760, 0, 44.9000, 45.9300, 0.0600, 0.0000
ATT: -2, -6, 35968
GPS: 54705000, 1, 7, 42.6227910, -71.2071760, 0, 44.9000, 45.9300, 0.0600, 0.0000
ATT: -2, -6, 35968
GPS: 54705000, 1, 7, 42.6227910, -71.2071760, 0, 44.9000, 45.9300, 0.0600, 0.0000
ATT: -2, -6, 35968
GPS: 54705000, 1, 7, 42.6227910, -71.2071760, 0, 44.8100, 45.9300, 0.0600, 0.0000
ATT: -2, -6, 35967
GPS: 54705000, 1, 7, 42.6227910, -71.2071760, 0, 44.7200, 45.9300, 0.0600, 0.0000
ATT: -3, -6, 35967
GPS: 54705000, 1, 7, 42.6227910, -71.2071760, 0, 44.6400, 45.9300, 0.0600, 0.0000
ATT: -2, -6, 35967
GPS: 54705000, 1, 7, 42.6227910, -71.2071760, 0, 44.6400, 45.9300, 0.0600, 0.0000
ATT: -2, -6, 35967
GPS: 54705000, 1, 7, 42.6227910, -71.2071760, 0, 44.7200, 45.9300, 0.0600, 0.0000
ATT: -2, -6, 35966
GPS: 54705000, 1, 7, 42.6227910, -71.2071760, 0, 44.7200, 45.9300, 0.0600, 0.0000
ATT: -2, -6, 35967
GPS: 54706000, 1, 7, 42.6227910, -71.2071760, 0, 44.7200, 46.1200, 0.0500, 0.0000
ATT: -2, -5, 35967
GPS: 54706000, 1, 7, 42.6227910, -71.2071760, 0, 44.7200, 46.1200, 0.0500, 0.0000
ATT: -3, -5, 35967
GPS: 54706000, 1, 7, 42.6227910, -71.2071760, 0, 44.7200, 46.1200, 0.0500, 0.0000
ATT: -3, -4, 35967
GPS: 54706000, 1, 7, 42.6227910, -71.2071760, 0, 44.7200, 46.1200, 0.0500, 0.0000
ATT: -4, -3, 35966
GPS: 54706000, 1, 7, 42.6227910, -71.2071760, 0, 44.7200, 46.1200, 0.0500, 0.0000
ATT: -4, -2, 35966
GPS: 54706000, 1, 7, 42.6227910, -71.2071760, 0, 44.7200, 46.1200, 0.0500, 0.0000
ATT: -4, -2, 35967
GPS: 54706000, 1, 7, 42.6227910, -71.2071760, 0, 44.7200, 46.1200, 0.0500, 0.0000
ATT: -5, -2, 35967
GPS: 54706000, 1, 7, 42.6227910, -71.2071760, 0, 44.7200, 46.1200, 0.0500, 0.0000
ATT: -6, -1, 35968
GPS: 54706000, 1, 7, 42.6227910, -71.2071760, 0, 44.7200, 46.1200, 0.0500, 0.0000
ATT: -5, -2, 35968
GPS: 54706000, 1, 7, 42.6227910, -71.2071760, 0, 44.7200, 46.1200, 0.0500, 0.0000
ATT: -5, -1, 35968
GPS: 54707000, 1, 7, 42.6227910, -71.2071690, 0, 44.6400, 46.3000, 0.0700, 0.0000
ATT: -5, -1, 35968
GPS: 54707000, 1, 7, 42.6227910, -71.2071690, 0, 44.6400, 46.3000, 0.0700, 0.0000
ATT: -5, -2, 35968
GPS: 54707000, 1, 7, 42.6227910, -71.2071690, 0, 44.6400, 46.3000, 0.0700, 0.0000
ATT: -5, -2, 35969
GPS: 54707000, 1, 7, 42.6227910, -71.2071690, 0, 44.6400, 46.3000, 0.0700, 0.0000
ATT: -4, -3, 35968
GPS: 54707000, 1, 7, 42.6227910, -71.2071690, 0, 44.7200, 46.3000, 0.0700, 0.0000
ATT: -4, -3, 35968
GPS: 54707000, 1, 7, 42.6227910, -71.2071690, 0, 44.7200, 46.3000, 0.0700, 0.0000
ATT: -4, -3, 35968
GPS: 54707000, 1, 7, 42.6227910, -71.2071690, 0, 44.7200, 46.3000, 0.0700, 0.0000
ATT: -4, -4, 35968
GPS: 54707000, 1, 7, 42.6227910, -71.2071690, 0, 44.7200, 46.3000, 0.0700, 0.0000
ATT: -5, -4, 35968
GPS: 54707000, 1, 7, 42.6227910, -71.2071690, 0, 44.6400, 46.3000, 0.0700, 0.0000
ATT: -4, -5, 35969
GPS: 54707000, 1, 7, 42.6227910, -71.2071690, 0, 44.6400, 46.3000, 0.0700, 0.0000
ATT: -4, -5, 35969
GPS: 54708000, 1, 7, 42.6227870, -71.2071690, 0, 44.6400, 46.5000, 0.0900, 0.0000
ATT: -5, -5, 35969
GPS: 54708000, 1, 7, 42.6227870, -71.2071690, 0, 44.6400, 46.5000, 0.0900, 0.0000
ATT: -5, -5, 35969
GPS: 54708000, 1, 7, 42.6227870, -71.2071690, 0, 44.7200, 46.5000, 0.0900, 0.0000
ATT: -5, -5, 35969
GPS: 54708000, 1, 7, 42.6227870, -71.2071690, 0, 44.7200, 46.5000, 0.0900, 0.0000
ATT: -5, -5, 35970
GPS: 54708000, 1, 7, 42.6227870, -71.2071690, 0, 44.7200, 46.5000, 0.0900, 0.0000
ATT: -4, -5, 35970
GPS: 54708000, 1, 7, 42.6227870, -71.2071690, 0, 44.7200, 46.5000, 0.0900, 0.0000
ATT: -4, -5, 35969
GPS: 54708000, 1, 7, 42.6227870, -71.2071690, 0, 44.7200, 46.5000, 0.0900, 0.0000
ATT: -4, -6, 35969
GPS: 54708000, 1, 7, 42.6227870, -71.2071690, 0, 44.7200, 46.5000, 0.0900, 0.0000
ATT: -4, -6, 35970
GPS: 54708000, 1, 7, 42.6227870, -71.2071690, 0, 44.7200, 46.5000, 0.0900, 0.0000
ATT: -4, -6, 35970
GPS: 54708000, 1, 7, 42.6227870, -71.2071690, 0, 44.7200, 46.5000, 0.0900, 0.0000
ATT: -4, -5, 35970
GPS: 54709000, 1, 7, 42.6227870, -71.2071690, 0, 44.7200, 46.7000, 0.0800, 0.0000
ATT: -5, -5, 35969
GPS: 54709000, 1, 7, 42.6227870, -71.2071690, 0, 44.7200, 46.7000, 0.0800, 0.0000
ATT: -6, -5, 35969
GPS: 54709000, 1, 7, 42.6227870, -71.2071690, 0, 44.6400, 46.7000, 0.0800, 0.0000
ATT: -6, -5, 35969
GPS: 54709000, 1, 7, 42.6227870, -71.2071690, 0, 44.5500, 46.7000, 0.0800, 0.0000
ATT: -6, -6, 35969
GPS: 54709000, 1, 7, 42.6227870, -71.2071690, 0, 44.6400, 46.7000, 0.0800, 0.0000
ATT: -6, -6, 35969
GPS: 54709000, 1, 7, 42.6227870, -71.2071690, 0, 44.6400, 46.7000, 0.0800, 0.0000
ATT: -5, -7, 35969
GPS: 54709000, 1, 7, 42.6227870, -71.2071690, 0, 44.7200, 46.7000, 0.0800, 0.0000
ATT: -5, -7, 35969
GPS: 54709000, 1, 7, 42.6227870, -71.2071690, 0, 44.7200, 46.7000, 0.0800, 0.0000
ATT: -5, -7, 35969
GPS: 54709000, 1, 7, 42.6227870, -71.2071690, 0, 44.8100, 46.7000, 0.0800, 0.0000
ATT: -4, -7, 35969
GPS: 54709000, 1, 7, 42.6227870, -71.2071690, 0, 44.8100, 46.7000, 0.0800, 0.0000
ATT: -4, -7, 35970
GPS: 54710000, 1, 7, 42.6227870, -71.2071690, 0, 44.9000, 46.8800, 0.0700, 0.0000
ATT: -4, -7, 35970
GPS: 54710000, 1, 7, 42.6227870, -71.2071690, 0, 44.9800, 46.8800, 0.0700, 0.0000
ATT: -5, -5, 35970
GPS: 54710000, 1, 7, 42.6227870, -71.2071690, 0, 45.0700, 46.8800, 0.0700, 0.0000
ATT: -4, -5, 35969
GPS: 54710000, 1, 7, 42.6227870, -71.2071690, 0, 45.0700, 46.8800, 0.0700, 0.0000
ATT: -4, -4, 35969
GPS: 54710000, 1, 7, 42.6227870, -71.2071690, 0, 45.0700, 46.8800, 0.0700, 0.0000
ATT: -5, -4, 35969
GPS: 54710000, 1, 7, 42.6227870, -71.2071690, 0, 45.0700, 46.8800, 0.0700, 0.0000
ATT: -5, -4, 35969
GPS: 54710000, 1, 7, 42.6227870, -71.2071690, 0, 44.9800, 46.8800, 0.0700, 0.0000
ATT: -6, -4, 35969
GPS: 54710000, 1, 7, 42.6227870, -71.2071690, 0, 44.9800, 46.8800, 0.0700, 0.0000
ATT: -6, -4, 35969
GPS: 54710000, 1, 7, 42.6227870, -71.2071690, 0, 45.0700, 46.8800, 0.0700, 0.0000
ATT: -6, -4, 35969
GPS: 54710000, 1, 7, 42.6227870, -71.2071690, 0, 45.0700, 46.8800, 0.0700, 0.0000
ATT: -5, -4, 35969
GPS: 54711000, 1, 7, 42.6227870, -71.2071690, 0, 44.9000, 47.0600, 0.0700, 0.0000
ATT: -6, -3, 35969
GPS: 54711000, 1, 7, 42.6227870, -71.2071690, 0, 44.8100, 47.0600, 0.0700, 0.0000
ATT: -6, -3, 35969
GPS: 54711000, 1, 7, 42.6227870, -71.2071690, 0, 44.8100, 47.0600, 0.0700, 0.0000
ATT: -6, -3, 35969
GPS: 54711000, 1, 7, 42.6227870, -71.2071690, 0, 44.8100, 47.0600, 0.0700, 0.0000
ATT: -6, -3, 35969
GPS: 54711000, 1, 7, 42.6227870, -71.2071690, 0, 44.9000, 47.0600, 0.0700, 0.0000
ATT: -6, -2, 35969
GPS: 54711000, 1, 7, 42.6227870, -71.2071690, 0, 44.9800, 47.0600, 0.0700, 0.0000
ATT: -6, -2, 35969
GPS: 54711000, 1, 7, 42.6227870, -71.2071690, 0, 44.9800, 47.0600, 0.0700, 0.0000
ATT: -8, -3, 35970
GPS: 54711000, 1, 7, 42.6227870, -71.2071690, 0, 44.9800, 47.0600, 0.0700, 0.0000
ATT: -5, -3, 35971
GPS: 54711000, 1, 7, 42.6227870, -71.2071690, 0, 44.9800, 47.0600, 0.0700, 0.0000
ATT: -7, -3, 35972
GPS: 54711000, 1, 7, 42.6227870, -71.2071690, 0, 44.9800, 47.0600, 0.0700, 0.0000
ATT: -6, -1, 35975
GPS: 54711000, 1, 7, 42.6227870, -71.2071690, 0, 44.9800, 47.0600, 0.0700, 0.0000
ATT: -4, -2, 35975
GPS: 54712000, 1, 7, 42.6227840, -71.2071690, 0, 44.9800, 47.2200, 0.0800, 0.0000
ATT: -4, -2, 35975
GPS: 54712000, 1, 7, 42.6227840, -71.2071690, 0, 45.0700, 47.2200, 0.0800, 0.0000
ATT: -5, -2, 35975
GPS: 54712000, 1, 7, 42.6227840, -71.2071690, 0, 45.1600, 47.2200, 0.0800, 0.0000
ATT: -5, -3, 35976
GPS: 54712000, 1, 7, 42.6227840, -71.2071690, 0, 45.1600, 47.2200, 0.0800, 0.0000
ATT: -5, -2, 35975
GPS: 54712000, 1, 7, 42.6227840, -71.2071690, 0, 45.1600, 47.2200, 0.0800, 0.0000
ATT: -6, -2, 35975
GPS: 54712000, 1, 7, 42.6227840, -71.2071690, 0, 45.1600, 47.2200, 0.0800, 0.0000
ATT: -6, -2, 35976
GPS: 54712000, 1, 7, 42.6227840, -71.2071690, 0, 45.1600, 47.2200, 0.0800, 0.0000
ATT: -5, -2, 35976
GPS: 54712000, 1, 7, 42.6227840, -71.2071690, 0, 45.1600, 47.2200, 0.0800, 0.0000
ATT: -6, -2, 35976
GPS: 54712000, 1, 7, 42.6227840, -71.2071690, 0, 45.1600, 47.2200, 0.0800, 0.0000
ATT: -7, -2, 35977
GPS: 54713000, 1, 7, 42.6227840, -71.2071690, 0, 45.2400, 47.3700, 0.0700, 0.0000
ATT: -6, -1, 35977
GPS: 54713000, 1, 7, 42.6227840, -71.2071690, 0, 45.3300, 47.3700, 0.0700, 0.0000
ATT: -7, -1, 35976
GPS: 54713000, 1, 7, 42.6227840, -71.2071690, 0, 45.3300, 47.3700, 0.0700, 0.0000
ATT: -7, 0, 35977
GPS: 54713000, 1, 7, 42.6227840, -71.2071690, 0, 45.3300, 47.3700, 0.0700, 0.0000
ATT: -7, 0, 35977
GPS: 54713000, 1, 7, 42.6227840, -71.2071690, 0, 45.2400, 47.3700, 0.0700, 0.0000
ATT: -9, 0, 35977
GPS: 54713000, 1, 7, 42.6227840, -71.2071690, 0, 45.2400, 47.3700, 0.0700, 0.0000
ATT: -8, 0, 35977
GPS: 54713000, 1, 7, 42.6227840, -71.2071690, 0, 45.1600, 47.3700, 0.0700, 0.0000
ATT: -8, 0, 35977
GPS: 54713000, 1, 7, 42.6227840, -71.2071690, 0, 45.0700, 47.3700, 0.0700, 0.0000
ATT: -7, 0, 35977
GPS: 54713000, 1, 7, 42.6227840, -71.2071690, 0, 44.9800, 47.3700, 0.0700, 0.0000
ATT: -7, 0, 35977
GPS: 54713000, 1, 7, 42.6227840, -71.2071690, 0, 44.9800, 47.3700, 0.0700, 0.0000
ATT: -6, -1, 35977
GPS: 54714000, 1, 7, 42.6227840, -71.2071690, 0, 45.0700, 47.5300, 0.0600, 0.0000
ATT: -4, -3, 35978
GPS: 54714000, 1, 7, 42.6227840, -71.2071690, 0, 45.0700, 47.5300, 0.0600, 0.0000
ATT: -6, -2, 35976
GPS: 54714000, 1, 7, 42.6227840, -71.2071690, 0, 45.1600, 47.5300, 0.0600, 0.0000
ATT: -7, -1, 35976
GPS: 54714000, 1, 7, 42.6227840, -71.2071690, 0, 45.2400, 47.5300, 0.0600, 0.0000
ATT: -6, -1, 35976
GPS: 54714000, 1, 7, 42.6227840, -71.2071690, 0, 45.3300, 47.5300, 0.0600, 0.0000
ATT: -6, -1, 35976
GPS: 54714000, 1, 7, 42.6227840, -71.2071690, 0, 45.3300, 47.5300, 0.0600, 0.0000
ATT: -7, -2, 35976
GPS: 54714000, 1, 7, 42.6227840, -71.2071690, 0, 45.1600, 47.5300, 0.0600, 0.0000
ATT: -7, -2, 35975
GPS: 54714000, 1, 7, 42.6227840, -71.2071690, 0, 45.0700, 47.5300, 0.0600, 0.0000
ATT: -6, -1, 35975
GPS: 54714000, 1, 7, 42.6227840, -71.2071690, 0, 45.1600, 47.5300, 0.0600, 0.0000
ATT: -7, 0, 35975
GPS: 54714000, 1, 7, 42.6227840, -71.2071690, 0, 45.2400, 47.5300, 0.0600, 0.0000
ATT: -7, 0, 35975
GPS: 54715000, 1, 7, 42.6227840, -71.2071690, 0, 45.2400, 47.6800, 0.0100, 0.0000
ATT: -7, 1, 35975
GPS: 54715000, 1, 7, 42.6227840, -71.2071690, 0, 45.2400, 47.6800, 0.0100, 0.0000
ATT: -7, 2, 35975
GPS: 54715000, 1, 7, 42.6227840, -71.2071690, 0, 45.4200, 47.6800, 0.0100, 0.0000
ATT: -7, 4, 35975
GPS: 54715000, 1, 7, 42.6227840, -71.2071690, 0, 45.5000, 47.6800, 0.0100, 0.0000
ATT: -7, 5, 35975
GPS: 54715000, 1, 7, 42.6227840, -71.2071690, 0, 45.4200, 47.6800, 0.0100, 0.0000
ATT: -7, 6, 35975
GPS: 54715000, 1, 7, 42.6227840, -71.2071690, 0, 45.3300, 47.6800, 0.0100, 0.0000
ATT: -7, 6, 35975
GPS: 54715000, 1, 7, 42.6227840, -71.2071690, 0, 45.3300, 47.6800, 0.0100, 0.0000
ATT: -7, 6, 35976
GPS: 54715000, 1, 7, 42.6227840, -71.2071690, 0, 45.3300, 47.6800, 0.0100, 0.0000
ATT: -7, 7, 35976
GPS: 54715000, 1, 7, 42.6227840, -71.2071690, 0, 45.1600, 47.6800, 0.0100, 0.0000
ATT: -8, 7, 35976
GPS: 54715000, 1, 7, 42.6227840, -71.2071690, 0, 45.0700, 47.6800, 0.0100, 0.0000
ATT: -8, 7, 35976
GPS: 54715000, 1, 7, 42.6227840, -71.2071690, 0, 45.1600, 47.6800, 0.0100, 0.0000
ATT: -7, 6, 35976
GPS: 54716000, 1, 7, 42.6227840, -71.2071690, 0, 45.1600, 47.8300, 0.0000, 0.0000
ATT: -7, 6, 35975
GPS: 54716000, 1, 7, 42.6227840, -71.2071690, 0, 45.2400, 47.8300, 0.0000, 0.0000
ATT: -8, 7, 35975
GPS: 54716000, 1, 7, 42.6227840, -71.2071690, 0, 45.3300, 47.8300, 0.0000, 0.0000
ATT: -9, 7, 35975
GPS: 54716000, 1, 7, 42.6227840, -71.2071690, 0, 45.3300, 47.8300, 0.0000, 0.0000
ATT: -11, 6, 35974
GPS: 54716000, 1, 7, 42.6227840, -71.2071690, 0, 45.3300, 47.8300, 0.0000, 0.0000
ATT: -29, 7, 35970
GPS: 54716000, 1, 7, 42.6227840, -71.2071690, 0, 45.3300, 47.8300, 0.0000, 0.0000
ATT: -67, 8, 35965
GPS: 54716000, 1, 7, 42.6227840, -71.2071690, 0, 45.3300, 47.8300, 0.0000, 0.0000
ATT: -71, 8, 35966
GPS: 54716000, 1, 7, 42.6227840, -71.2071690, 0, 45.5000, 47.8300, 0.0000, 0.0000
ATT: -69, 8, 35966
GPS: 54716000, 1, 7, 42.6227840, -71.2071690, 0, 45.5900, 47.8300, 0.0000, 0.0000
ATT: -69, 6, 35966
GPS: 54717000, 1, 7, 42.6227840, -71.2071690, 0, 45.6800, 47.9900, 0.0800, 0.0000
ATT: -70, 3, 35965
GPS: 54717000, 1, 7, 42.6227840, -71.2071690, 0, 45.6800, 47.9900, 0.0800, 0.0000
ATT: -70, 1, 35966
GPS: 54717000, 1, 7, 42.6227840, -71.2071690, 0, 45.7600, 47.9900, 0.0800, 0.0000
ATT: -70, 0, 35966
GPS: 54717000, 1, 7, 42.6227840, -71.2071690, 0, 45.8400, 47.9900, 0.0800, 0.0000
ATT: -70, -2, 35966
GPS: 54717000, 1, 7, 42.6227840, -71.2071690, 0, 45.7600, 47.9900, 0.0800, 0.0000
ATT: -69, -3, 35966
GPS: 54717000, 1, 7, 42.6227840, -71.2071690, 0, 45.7600, 47.9900, 0.0800, 0.0000
ATT: -69, -4, 35966
GPS: 54717000, 1, 7, 42.6227840, -71.2071690, 0, 45.7600, 47.9900, 0.0800, 0.0000
ATT: -69, -5, 35965
GPS: 54717000, 1, 7, 42.6227840, -71.2071690, 0, 45.7600, 47.9900, 0.0800, 0.0000
ATT: -69, -5, 35965
GPS: 54717000, 1, 7, 42.6227840, -71.2071690, 0, 45.7600, 47.9900, 0.0800, 0.0000
ATT: -68, -5, 35965
GPS: 54717000, 1, 7, 42.6227840, -71.2071690, 0, 45.7600, 47.9900, 0.0800, 0.0000
ATT: -68, -6, 35965
GPS: 54718000, 1, 7, 42.6227800, -71.2071690, 0, 45.5900, 48.1200, 0.0700, 0.0000
ATT: -67, -6, 35965
GPS: 54718000, 1, 7, 42.6227800, -71.2071690, 0, 45.5000, 48.1200, 0.0700, 0.0000
ATT: -67, -6, 35965
GPS: 54718000, 1, 7, 42.6227800, -71.2071690, 0, 45.5000, 48.1200, 0.0700, 0.0000
ATT: -67, -5, 35965
GPS: 54718000, 1, 7, 42.6227800, -71.2071690, 0, 45.5000, 48.1200, 0.0700, 0.0000
ATT: -67, -6, 35966
GPS: 54718000, 1, 7, 42.6227800, -71.2071690, 0, 45.5900, 48.1200, 0.0700, 0.0000
ATT: -67, -6, 35966
GPS: 54718000, 1, 7, 42.6227800, -71.2071690, 0, 45.5900, 48.1200, 0.0700, 0.0000
ATT: -66, -6, 35965
GPS: 54718000, 1, 7, 42.6227800, -71.2071690, 0, 45.4200, 48.1200, 0.0700, 0.0000
ATT: -67, -7, 35965
GPS: 54718000, 1, 7, 42.6227800, -71.2071690, 0, 45.2400, 48.1200, 0.0700, 0.0000
ATT: -67, -7, 35965
GPS: 54718000, 1, 7, 42.6227800, -71.2071690, 0, 45.3300, 48.1200, 0.0700, 0.0000
ATT: -66, -6, 35965
GPS: 54718000, 1, 7, 42.6227800, -71.2071690, 0, 45.3300, 48.1200, 0.0700, 0.0000
ATT: -66, -5, 35962
GPS: 54719000, 1, 6, 42.6227800, -71.2071610, 0, 45.4200, 48.2700, 0.0700, 0.0000
PM:20007,999,58,0,0,0,0,19,1,0,0,0,0, 
ATT: -68, -4, 35964
GPS: 54719000, 1, 6, 42.6227800, -71.2071610, 0, 45.4200, 48.2700, 0.0700, 0.0000
ATT: -68, -5, 35963
GPS: 54719000, 1, 6, 42.6227800, -71.2071610, 0, 45.5000, 48.2700, 0.0700, 0.0000
ATT: -68, -5, 35963
GPS: 54719000, 1, 6, 42.6227800, -71.2071610, 0, 45.5000, 48.2700, 0.0700, 0.0000
ATT: -68, -4, 35963
GPS: 54719000, 1, 6, 42.6227800, -71.2071610, 0, 45.3300, 48.2700, 0.0700, 0.0000
ATT: -68, -4, 35963
GPS: 54719000, 1, 6, 42.6227800, -71.2071610, 0, 45.2400, 48.2700, 0.0700, 0.0000
ATT: -67, -4, 35963
GPS: 54719000, 1, 6, 42.6227800, -71.2071610, 0, 45.2400, 48.2700, 0.0700, 0.0000
ATT: -67, -4, 35962
GPS: 54719000, 1, 6, 42.6227800, -71.2071610, 0, 45.2400, 48.2700, 0.0700, 0.0000
ATT: -67, -4, 35962
GPS: 54719000, 1, 6, 42.6227800, -71.2071610, 0, 45.3300, 48.2700, 0.0700, 0.0000
ATT: -66, -5, 35962
GPS: 54719000, 1, 6, 42.6227800, -71.2071610, 0, 45.3300, 48.2700, 0.0700, 0.0000
ATT: -67, -3, 35962
GPS: 54719000, 1, 6, 42.6227800, -71.2071610, 0, 45.4200, 48.2700, 0.0700, 0.0000
ATT: -66, -4, 35962
GPS: 54720000, 1, 6, 42.6227800, -71.2071610, 0, 45.4200, 48.4000, 0.0500, 0.0000
ATT: -69, -4, 35961
GPS: 54720000, 1, 6, 42.6227800, -71.2071610, 0, 45.4200, 48.4000, 0.0500, 0.0000
ATT: -68, -5, 35961
GPS: 54720000, 1, 6, 42.6227800, -71.2071610, 0, 45.4200, 48.4000, 0.0500, 0.0000
ATT: -67, -5, 35961
GPS: 54720000, 1, 6, 42.6227800, -71.2071610, 0, 45.2400, 48.4000, 0.0500, 0.0000
ATT: -68, -4, 35961
GPS: 54720000, 1, 6, 42.6227800, -71.2071610, 0, 45.1600, 48.4000, 0.0500, 0.0000
ATT: -68, -4, 35961
GPS: 54720000, 1, 6, 42.6227800, -71.2071610, 0, 45.1600, 48.4000, 0.0500, 0.0000
ATT: -67, -4, 35961
GPS: 54720000, 1, 6, 42.6227800, -71.2071610, 0, 45.1600, 48.4000, 0.0500, 0.0000
ATT: -66, -4, 35961
GPS: 54720000, 1, 6, 42.6227800, -71.2071610, 0, 45.1600, 48.4000, 0.0500, 0.0000
ATT: -66, -4, 35961
GPS: 54720000, 1, 6, 42.6227800, -71.2071610, 0, 45.1600, 48.4000, 0.0500, 0.0000
ATT: -66, -5, 35961
GPS: 54721000, 1, 7, 42.6227840, -71.2071690, 0, 45.3300, 48.6700, 0.1100, 0.0000
ATT: -66, -4, 35961
GPS: 54721000, 1, 7, 42.6227840, -71.2071690, 0, 45.4200, 48.6700, 0.1100, 0.0000
ATT: -65, -7, 35960
GPS: 54721000, 1, 7, 42.6227840, -71.2071690, 0, 45.4200, 48.6700, 0.1100, 0.0000
ATT: -67, -8, 35961
GPS: 54721000, 1, 7, 42.6227840, -71.2071690, 0, 45.4200, 48.6700, 0.1100, 0.0000
ATT: -65, -9, 35961
GPS: 54721000, 1, 7, 42.6227840, -71.2071690, 0, 45.4200, 48.6700, 0.1100, 0.0000
ATT: -65, -10, 35961
GPS: 54721000, 1, 7, 42.6227840, -71.2071690, 0, 45.4200, 48.6700, 0.1100, 0.0000
ATT: -64, -11, 35961
GPS: 54721000, 1, 7, 42.6227840, -71.2071690, 0, 45.2400, 48.6700, 0.1100, 0.0000
ATT: -64, -12, 35961
GPS: 54721000, 1, 7, 42.6227840, -71.2071690, 0, 45.1600, 48.6700, 0.1100, 0.0000
ATT: -63, -12, 35961
GPS: 54721000, 1, 7, 42.6227840, -71.2071690, 0, 45.3300, 48.6700, 0.1100, 0.0000
ATT: -63, -13, 35961
GPS: 54722000, 1, 7, 42.6227800, -71.2071690, 0, 45.5000, 48.7500, 0.1000, 0.0000
ATT: -64, -13, 35961
GPS: 54722000, 1, 7, 42.6227800, -71.2071690, 0, 45.4200, 48.7500, 0.1000, 0.0000
ATT: -64, -12, 35961
GPS: 54722000, 1, 7, 42.6227800, -71.2071690, 0, 45.4200, 48.7500, 0.1000, 0.0000
ATT: -63, -12, 35961
GPS: 54722000, 1, 7, 42.6227800, -71.2071690, 0, 45.5000, 48.7500, 0.1000, 0.0000
ATT: -63, -11, 35961
GPS: 54722000, 1, 7, 42.6227800, -71.2071690, 0, 45.5900, 48.7500, 0.1000, 0.0000
ATT: -62, -12, 35961
GPS: 54722000, 1, 7, 42.6227800, -71.2071690, 0, 45.5000, 48.7500, 0.1000, 0.0000
ATT: -63, -12, 35962
GPS: 54722000, 1, 7, 42.6227800, -71.2071690, 0, 45.4200, 48.7500, 0.1000, 0.0000
ATT: -62, -14, 35962
GPS: 54722000, 1, 7, 42.6227800, -71.2071690, 0, 45.3300, 48.7500, 0.1000, 0.0000
ATT: -63, -14, 35963
GPS: 54722000, 1, 7, 42.6227800, -71.2071690, 0, 45.2400, 48.7500, 0.1000, 0.0000
ATT: -60, -13, 35962
GPS: 54722000, 1, 7, 42.6227800, -71.2071690, 0, 45.2400, 48.7500, 0.1000, 0.0000
ATT: -56, -14, 35962
GPS: 54723000, 1, 7, 42.6227720, -71.2071530, 0, 45.2400, 48.4000, 0.0900, 0.0000
ATT: -58, -9, 35961
GPS: 54723000, 1, 7, 42.6227720, -71.2071530, 0, 45.2400, 48.4000, 0.0900, 0.0000
ATT: -59, -6, 35962
GPS: 54723000, 1, 7, 42.6227720, -71.2071530, 0, 45.2400, 48.4000, 0.0900, 0.0000
ATT: -59, -6, 35962
GPS: 54723000, 1, 7, 42.6227720, -71.2071530, 0, 45.5000, 48.4000, 0.0900, 0.0000
ATT: -61, -6, 35962
GPS: 54723000, 1, 7, 42.6227720, -71.2071530, 0, 45.6800, 48.4000, 0.0900, 0.0000
ATT: -59, -6, 35962
GPS: 54723000, 1, 7, 42.6227720, -71.2071530, 0, 45.5900, 48.4000, 0.0900, 0.0000
ATT: -59, -5, 35962
GPS: 54723000, 1, 7, 42.6227720, -71.2071530, 0, 45.5000, 48.4000, 0.0900, 0.0000
ATT: -58, -5, 35962
GPS: 54723000, 1, 7, 42.6227720, -71.2071530, 0, 45.4200, 48.4000, 0.0900, 0.0000
ATT: -58, -5, 35961
GPS: 54723000, 1, 7, 42.6227720, -71.2071530, 0, 45.3300, 48.4000, 0.0900, 0.0000
ATT: -60, -5, 35960
GPS: 54723000, 1, 7, 42.6227720, -71.2071530, 0, 45.3300, 48.4000, 0.0900, 0.0000
ATT: -59, -5, 35960
GPS: 54724000, 1, 7, 42.6227650, -71.2071460, 0, 45.3300, 48.2000, 0.1400, 0.0000
ATT: -60, -6, 35960
GPS: 54724000, 1, 7, 42.6227650, -71.2071460, 0, 45.4200, 48.2000, 0.1400, 0.0000
ATT: -62, -7, 35960
GPS: 54724000, 1, 7, 42.6227650, -71.2071460, 0, 45.4200, 48.2000, 0.1400, 0.0000
ATT: -63, -6, 35960
GPS: 54724000, 1, 7, 42.6227650, -71.2071460, 0, 45.5000, 48.2000, 0.1400, 0.0000
ATT: -67, -6, 35959
GPS: 54724000, 1, 7, 42.6227650, -71.2071460, 0, 45.5000, 48.2000, 0.1400, 0.0000
ATT: -68, -7, 35958
GPS: 54724000, 1, 7, 42.6227650, -71.2071460, 0, 45.4200, 48.2000, 0.1400, 0.0000
ATT: -67, -8, 35959
GPS: 54724000, 1, 7, 42.6227650, -71.2071460, 0, 45.3300, 48.2000, 0.1400, 0.0000
ATT: -66, -8, 35958
GPS: 54724000, 1, 7, 42.6227650, -71.2071460, 0, 45.1600, 48.2000, 0.1400, 0.0000
ATT: -67, -9, 35958
GPS: 54724000, 1, 7, 42.6227650, -71.2071460, 0, 45.0700, 48.2000, 0.1400, 0.0000
ATT: -70, -9, 35957
GPS: 54724000, 1, 7, 42.6227650, -71.2071460, 0, 45.0700, 48.2000, 0.1400, 0.0000
ATT: -69, -11, 35958
GPS: 54725000, 1, 7, 42.6227610, -71.2071460, 0, 45.0700, 48.1600, 0.0800, 0.0000
ATT: -72, -9, 35958
GPS: 54725000, 1, 7, 42.6227610, -71.2071460, 0, 45.0700, 48.1600, 0.0800, 0.0000
ATT: -75, -9, 35958
GPS: 54725000, 1, 7, 42.6227610, -71.2071460, 0, 45.0700, 48.1600, 0.0800, 0.0000
ATT: -79, -8, 35959
GPS: 54725000, 1, 7, 42.6227610, -71.2071460, 0, 45.0700, 48.1600, 0.0800, 0.0000
ATT: -79, -9, 35959
GPS: 54725000, 1, 7, 42.6227610, -71.2071460, 0, 45.0700, 48.1600, 0.0800, 0.0000
ATT: -80, -11, 35959
GPS: 54725000, 1, 7, 42.6227610, -71.2071460, 0, 44.9800, 48.1600, 0.0800, 0.0000
ATT: -80, -6, 35960
GPS: 54725000, 1, 7, 42.6227610, -71.2071460, 0, 44.9000, 48.1600, 0.0800, 0.0000
ATT: -85, -5, 35960
GPS: 54725000, 1, 7, 42.6227610, -71.2071460, 0, 44.9000, 48.1600, 0.0800, 0.0000
ATT: -82, -7, 35959
GPS: 54725000, 1, 7, 42.6227610, -71.2071460, 0, 44.9000, 48.1600, 0.0800, 0.0000
ATT: -91, -9, 35957
GPS: 54725000, 1, 7, 42.6227610, -71.2071460, 0, 44.9800, 48.1600, 0.0800, 0.0000
ATT: -103, -3, 35956
GPS: 54725000, 1, 7, 42.6227610, -71.2071460, 0, 45.0700, 48.1600, 0.0800, 0.0000
ATT: -107, -4, 35954
GPS: 54726000, 1, 7, 42.6227570, -71.2071380, 0, 44.9800, 48.1300, 0.1000, 0.0000
ATT: -106, -3, 35954
GPS: 54726000, 1, 7, 42.6227570, -71.2071380, 0, 44.9800, 48.1300, 0.1000, 0.0000
ATT: -105, -2, 35954
GPS: 54726000, 1, 7, 42.6227570, -71.2071380, 0, 45.0700, 48.1300, 0.1000, 0.0000
ATT: -104, 0, 35954
GPS: 54726000, 1, 7, 42.6227570, -71.2071380, 0, 45.1600, 48.1300, 0.1000, 0.0000
ATT: -103, 0, 35953
GPS: 54726000, 1, 7, 42.6227570, -71.2071380, 0, 45.2400, 48.1300, 0.1000, 0.0000
ATT: -104, 0, 35953
GPS: 54726000, 1, 7, 42.6227570, -71.2071380, 0, 45.2400, 48.1300, 0.1000, 0.0000
ATT: -104, 0, 35953
GPS: 54726000, 1, 7, 42.6227570, -71.2071380, 0, 45.3300, 48.1300, 0.1000, 0.0000
ATT: -105, 0, 35953
GPS: 54726000, 1, 7, 42.6227570, -71.2071380, 0, 45.4200, 48.1300, 0.1000, 0.0000
ATT: -104, 0, 35954
GPS: 54726000, 1, 7, 42.6227570, -71.2071380, 0, 45.3300, 48.1300, 0.1000, 0.0000
ATT: -104, 0, 35954
GPS: 54727000, 1, 7, 42.6227570, -71.2071380, 0, 45.2400, 48.0700, 0.0900, 0.0000
ATT: -106, 0, 35953
GPS: 54727000, 1, 7, 42.6227570, -71.2071380, 0, 45.3300, 48.0700, 0.0900, 0.0000
ATT: -106, 0, 35953
GPS: 54727000, 1, 7, 42.6227570, -71.2071380, 0, 45.4200, 48.0700, 0.0900, 0.0000
ATT: -106, 0, 35953
GPS: 54727000, 1, 7, 42.6227570, -71.2071380, 0, 45.4200, 48.0700, 0.0900, 0.0000
ATT: -106, 1, 35952
GPS: 54727000, 1, 7, 42.6227570, -71.2071380, 0, 45.4200, 48.0700, 0.0900, 0.0000
ATT: -105, 1, 35952
GPS: 54727000, 1, 7, 42.6227570, -71.2071380, 0, 45.4200, 48.0700, 0.0900, 0.0000
ATT: -105, 1, 35952
GPS: 54727000, 1, 7, 42.6227570, -71.2071380, 0, 45.4200, 48.0700, 0.0900, 0.0000
ATT: -105, 1, 35952
GPS: 54727000, 1, 7, 42.6227570, -71.2071380, 0, 45.4200, 48.0700, 0.0900, 0.0000
ATT: -105, 2, 35952
GPS: 54727000, 1, 7, 42.6227570, -71.2071380, 0, 45.4200, 48.0700, 0.0900, 0.0000
ATT: -105, 2, 35952
GPS: 54727000, 1, 7, 42.6227570, -71.2071380, 0, 45.4200, 48.0700, 0.0900, 0.0000
ATT: -105, 2, 35952
GPS: 54728000, 1, 7, 42.6227530, -71.2071300, 0, 45.4200, 48.2000, 0.0600, 0.0000
ATT: -105, 3, 35952
GPS: 54728000, 1, 7, 42.6227530, -71.2071300, 0, 45.4200, 48.2000, 0.0600, 0.0000
ATT: -105, 4, 35951
GPS: 54728000, 1, 7, 42.6227530, -71.2071300, 0, 45.4200, 48.2000, 0.0600, 0.0000
ATT: -105, 4, 35951
GPS: 54728000, 1, 7, 42.6227530, -71.2071300, 0, 45.4200, 48.2000, 0.0600, 0.0000
ATT: -105, 5, 35950
GPS: 54728000, 1, 7, 42.6227530, -71.2071300, 0, 45.4200, 48.2000, 0.0600, 0.0000
ATT: -105, 4, 35950
GPS: 54728000, 1, 7, 42.6227530, -71.2071300, 0, 45.4200, 48.2000, 0.0600, 0.0000
ATT: -105, 5, 35949
GPS: 54728000, 1, 7, 42.6227530, -71.2071300, 0, 45.4200, 48.2000, 0.0600, 0.0000
ATT: -105, 5, 35948
GPS: 54728000, 1, 7, 42.6227530, -71.2071300, 0, 45.4200, 48.2000, 0.0600, 0.0000
ATT: -105, 6, 35948
GPS: 54728000, 1, 7, 42.6227530, -71.2071300, 0, 45.4200, 48.2000, 0.0600, 0.0000
ATT: -105, 6, 35947
GPS: 54728000, 1, 7, 42.6227530, -71.2071300, 0, 45.4200, 48.2000, 0.0600, 0.0000
ATT: -105, 6, 35947
GPS: 54729000, 1, 7, 42.6227530, -71.2071300, 0, 45.4200, 48.2200, 0.0700, 0.0000
ATT: -105, 6, 35947
GPS: 54729000, 1, 7, 42.6227530, -71.2071300, 0, 45.5000, 48.2200, 0.0700, 0.0000
ATT: -105, 6, 35947
GPS: 54729000, 1, 7, 42.6227530, -71.2071300, 0, 45.5900, 48.2200, 0.0700, 0.0000
ATT: -105, 6, 35946
GPS: 54729000, 1, 7, 42.6227530, -71.2071300, 0, 45.3300, 48.2200, 0.0700, 0.0000
ATT: -105, 6, 35945
GPS: 54729000, 1, 7, 42.6227530, -71.2071300, 0, 45.0700, 48.2200, 0.0700, 0.0000
ATT: -105, 6, 35945
GPS: 54729000, 1, 7, 42.6227530, -71.2071300, 0, 45.0700, 48.2200, 0.0700, 0.0000
ATT: -106, 7, 35944
GPS: 54729000, 1, 7, 42.6227530, -71.2071300, 0, 45.0700, 48.2200, 0.0700, 0.0000
ATT: -106, 6, 35944
GPS: 54729000, 1, 7, 42.6227530, -71.2071300, 0, 45.0700, 48.2200, 0.0700, 0.0000
ATT: -106, 7, 35943
GPS: 54729000, 1, 7, 42.6227530, -71.2071300, 0, 45.0700, 48.2200, 0.0700, 0.0000
ATT: -106, 7, 35943
GPS: 54729000, 1, 7, 42.6227530, -71.2071300, 0, 45.0700, 48.2200, 0.0700, 0.0000
ATT: -106, 7, 35943
GPS: 54730000, 1, 7, 42.6227460, -71.2071230, 0, 45.0700, 48.2200, 0.1200, 0.0000
ATT: -106, 5, 35943
GPS: 54730000, 1, 7, 42.6227460, -71.2071230, 0, 45.1600, 48.2200, 0.1200, 0.0000
ATT: -106, 4, 35943
GPS: 54730000, 1, 7, 42.6227460, -71.2071230, 0, 45.2400, 48.2200, 0.1200, 0.0000
ATT: -105, 2, 35942
GPS: 54730000, 1, 7, 42.6227460, -71.2071230, 0, 45.2400, 48.2200, 0.1200, 0.0000
ATT: -105, 1, 35942
GPS: 54730000, 1, 7, 42.6227460, -71.2071230, 0, 45.2400, 48.2200, 0.1200, 0.0000
ATT: -106, 0, 35942
GPS: 54730000, 1, 7, 42.6227460, -71.2071230, 0, 45.3300, 48.2200, 0.1200, 0.0000
ATT: -106, 0, 35942
GPS: 54730000, 1, 7, 42.6227460, -71.2071230, 0, 45.3300, 48.2200, 0.1200, 0.0000
ATT: -106, 0, 35941
GPS: 54730000, 1, 7, 42.6227460, -71.2071230, 0, 45.3300, 48.2200, 0.1200, 0.0000
ATT: -105, -1, 35941
GPS: 54730000, 1, 7, 42.6227460, -71.2071230, 0, 45.3300, 48.2200, 0.1200, 0.0000
ATT: -105, -1, 35940
GPS: 54730000, 1, 7, 42.6227460, -71.2071230, 0, 45.3300, 48.2200, 0.1200, 0.0000
ATT: -109, -2, 35939
GPS: 54731000, 1, 7, 42.6227420, -71.2071230, 0, 45.3300, 48.2600, 0.1400, 0.0000
ATT: -115, -2, 35938
GPS: 54731000, 1, 7, 42.6227420, -71.2071230, 0, 45.3300, 48.2600, 0.1400, 0.0000
ATT: -115, -3, 35938
GPS: 54731000, 1, 7, 42.6227420, -71.2071230, 0, 45.3300, 48.2600, 0.1400, 0.0000
ATT: -114, -4, 35938
GPS: 54731000, 1, 7, 42.6227420, -71.2071230, 0, 45.2400, 48.2600, 0.1400, 0.0000
ATT: -113, -4, 35938
GPS: 54731000, 1, 7, 42.6227420, -71.2071230, 0, 45.1600, 48.2600, 0.1400, 0.0000
ATT: -114, -5, 35938
GPS: 54731000, 1, 7, 42.6227420, -71.2071230, 0, 45.2400, 48.2600, 0.1400, 0.0000
ATT: -113, -5, 35937
GPS: 54731000, 1, 7, 42.6227420, -71.2071230, 0, 45.3300, 48.2600, 0.1400, 0.0000
ATT: -113, -6, 35937
GPS: 54731000, 1, 7, 42.6227420, -71.2071230, 0, 45.3300, 48.2600, 0.1400, 0.0000
ATT: -113, -7, 35937
GPS: 54731000, 1, 7, 42.6227420, -71.2071230, 0, 45.3300, 48.2600, 0.1400, 0.0000
ATT: -113, -7, 35937
GPS: 54731000, 1, 7, 42.6227420, -71.2071230, 0, 45.5000, 48.2600, 0.1400, 0.0000
ATT: -112, -8, 35936
GPS: 54732000, 1, 7, 42.6227420, -71.2071150, 0, 45.5900, 48.3600, 0.1400, 0.0000
ATT: -112, -8, 35936
GPS: 54732000, 1, 7, 42.6227420, -71.2071150, 0, 45.4200, 48.3600, 0.1400, 0.0000
ATT: -112, -8, 35935
GPS: 54732000, 1, 7, 42.6227420, -71.2071150, 0, 45.3300, 48.3600, 0.1400, 0.0000
ATT: -111, -8, 35935
GPS: 54732000, 1, 7, 42.6227420, -71.2071150, 0, 45.3300, 48.3600, 0.1400, 0.0000
ATT: -111, -8, 35934
GPS: 54732000, 1, 7, 42.6227420, -71.2071150, 0, 45.3300, 48.3600, 0.1400, 0.0000
ATT: -108, -8, 35934
GPS: 54732000, 1, 7, 42.6227420, -71.2071150, 0, 45.4200, 48.3600, 0.1400, 0.0000
ATT: -109, -8, 35934
GPS: 54732000, 1, 7, 42.6227420, -71.2071150, 0, 45.5000, 48.3600, 0.1400, 0.0000
ATT: -109, -8, 35934
GPS: 54732000, 1, 7, 42.6227420, -71.2071150, 0, 45.4200, 48.3600, 0.1400, 0.0000
ATT: -107, -8, 35934
GPS: 54732000, 1, 7, 42.6227420, -71.2071150, 0, 45.4200, 48.3600, 0.1400, 0.0000
ATT: -109, -8, 35933
GPS: 54732000, 1, 7, 42.6227420, -71.2071150, 0, 45.5000, 48.3600, 0.1400, 0.0000
ATT: -109, -8, 35933
GPS: 54733000, 1, 7, 42.6227380, -71.2071150, 0, 45.5900, 48.4200, 0.1400, 0.0000
ATT: -107, -7, 35933
GPS: 54733000, 1, 7, 42.6227380, -71.2071150, 0, 45.5900, 48.4200, 0.1400, 0.0000
ATT: -105, -7, 35933
GPS: 54733000, 1, 7, 42.6227380, -71.2071150, 0, 45.5900, 48.4200, 0.1400, 0.0000
ATT: -107, -6, 35933
GPS: 54733000, 1, 7, 42.6227380, -71.2071150, 0, 45.5000, 48.4200, 0.1400, 0.0000
ATT: -107, -7, 35933
GPS: 54733000, 1, 7, 42.6227380, -71.2071150, 0, 45.4200, 48.4200, 0.1400, 0.0000
ATT: -106, -6, 35933
GPS: 54733000, 1, 7, 42.6227380, -71.2071150, 0, 45.5000, 48.4200, 0.1400, 0.0000
ATT: -106, -5, 35933
GPS: 54733000, 1, 7, 42.6227380, -71.2071150, 0, 45.5900, 48.4200, 0.1400, 0.0000
ATT: -106, -5, 35932
GPS: 54733000, 1, 7, 42.6227380, -71.2071150, 0, 45.5000, 48.4200, 0.1400, 0.0000
ATT: -101, -5, 35933
GPS: 54733000, 1, 7, 42.6227380, -71.2071150, 0, 45.5000, 48.4200, 0.1400, 0.0000
ATT: -94, -5, 35933
GPS: 54733000, 1, 7, 42.6227380, -71.2071150, 0, 45.4200, 48.4200, 0.1400, 0.0000
ATT: -92, -4, 35933
GPS: 54734000, 1, 7, 42.6227380, -71.2071080, 0, 45.3300, 48.5300, 0.1200, 0.0000
ATT: -93, -3, 35933
GPS: 54734000, 1, 7, 42.6227380, -71.2071080, 0, 45.2400, 48.5300, 0.1200, 0.0000
ATT: -92, -2, 35933
GPS: 54734000, 1, 7, 42.6227380, -71.2071080, 0, 45.1600, 48.5300, 0.1200, 0.0000
ATT: -87, -2, 35934
GPS: 54734000, 1, 7, 42.6227380, -71.2071080, 0, 45.1600, 48.5300, 0.1200, 0.0000
ATT: -90, -1, 35933
GPS: 54734000, 1, 7, 42.6227380, -71.2071080, 0, 45.1600, 48.5300, 0.1200, 0.0000
ATT: -101, -1, 35930
GPS: 54734000, 1, 7, 42.6227380, -71.2071080, 0, 45.1600, 48.5300, 0.1200, 0.0000
ATT: -98, 0, 35930
GPS: 54734000, 1, 7, 42.6227380, -71.2071080, 0, 45.1600, 48.5300, 0.1200, 0.0000
ATT: -95, 0, 35930
GPS: 54734000, 1, 7, 42.6227380, -71.2071080, 0, 45.0700, 48.5300, 0.1200, 0.0000
ATT: -93, 1, 35930
GPS: 54734000, 1, 7, 42.6227380, -71.2071080, 0, 45.0700, 48.5300, 0.1200, 0.0000
ATT: -91, 2, 35930
GPS: 54734000, 1, 7, 42.6227380, -71.2071080, 0, 44.9800, 48.5300, 0.1200, 0.0000
ATT: -88, 2, 35930
GPS: 54735000, 1, 7, 42.6227380, -71.2071080, 0, 44.9800, 48.5900, 0.1300, 0.0000
ATT: -93, 2, 35927
GPS: 54735000, 1, 7, 42.6227380, -71.2071080, 0, 45.0700, 48.5900, 0.1300, 0.0000
ATT: -91, 2, 35927
GPS: 54735000, 1, 7, 42.6227380, -71.2071080, 0, 45.0700, 48.5900, 0.1300, 0.0000
ATT: -90, 1, 35927
GPS: 54735000, 1, 7, 42.6227380, -71.2071080, 0, 45.0700, 48.5900, 0.1300, 0.0000
ATT: -90, 1, 35927
GPS: 54735000, 1, 7, 42.6227380, -71.2071080, 0, 45.0700, 48.5900, 0.1300, 0.0000
ATT: -90, 1, 35927
GPS: 54735000, 1, 7, 42.6227380, -71.2071080, 0, 45.0700, 48.5900, 0.1300, 0.0000
ATT: -91, 1, 35926
GPS: 54735000, 1, 7, 42.6227380, -71.2071080, 0, 45.0700, 48.5900, 0.1300, 0.0000
ATT: -91, 2, 35925
GPS: 54735000, 1, 7, 42.6227380, -71.2071080, 0, 45.0700, 48.5900, 0.1300, 0.0000
ATT: -91, 2, 35924
GPS: 54735000, 1, 7, 42.6227380, -71.2071080, 0, 45.0700, 48.5900, 0.1300, 0.0000
ATT: -91, 2, 35923
GPS: 54735000, 1, 7, 42.6227380, -71.2071080, 0, 45.0700, 48.5900, 0.1300, 0.0000
ATT: -89, 2, 35924
GPS: 54736000, 1, 7, 42.6227380, -71.2071080, 0, 45.0700, 48.6300, 0.0800, 0.0000
ATT: -90, 4, 35922
GPS: 54736000, 1, 7, 42.6227380, -71.2071080, 0, 45.1600, 48.6300, 0.0800, 0.0000
ATT: -90, 5, 35921
GPS: 54736000, 1, 7, 42.6227380, -71.2071080, 0, 45.2400, 48.6300, 0.0800, 0.0000
ATT: -90, 5, 35916
GPS: 54736000, 1, 7, 42.6227380, -71.2071080, 0, 45.2400, 48.6300, 0.0800, 0.0000
ATT: -89, 6, 35913
GPS: 54736000, 1, 7, 42.6227380, -71.2071080, 0, 45.2400, 48.6300, 0.0800, 0.0000
ATT: -90, 7, 35911
GPS: 54736000, 1, 7, 42.6227380, -71.2071080, 0, 45.3300, 48.6300, 0.0800, 0.0000
ATT: -90, 8, 35911
GPS: 54736000, 1, 7, 42.6227380, -71.2071080, 0, 45.4200, 48.6300, 0.0800, 0.0000
ATT: -90, 10, 35909
GPS: 54736000, 1, 7, 42.6227380, -71.2071080, 0, 45.3300, 48.6300, 0.0800, 0.0000
ATT: -91, 10, 35908
GPS: 54736000, 1, 7, 42.6227380, -71.2071080, 0, 45.2400, 48.6300, 0.0800, 0.0000
ATT: -91, 11, 35907
GPS: 54736000, 1, 7, 42.6227380, -71.2071080, 0, 45.1600, 48.6300, 0.0800, 0.0000
ATT: -91, 12, 35906
GPS: 54737000, 1, 7, 42.6227380, -71.2071080, 0, 45.0700, 48.6900, 0.0600, 0.0000
ATT: -91, 13, 35904
GPS: 54737000, 1, 7, 42.6227380, -71.2071080, 0, 45.0700, 48.6900, 0.0600, 0.0000
ATT: -91, 14, 35903
GPS: 54737000, 1, 7, 42.6227380, -71.2071080, 0, 45.0700, 48.6900, 0.0600, 0.0000
ATT: -91, 14, 35903
GPS: 54737000, 1, 7, 42.6227380, -71.2071080, 0, 45.1600, 48.6900, 0.0600, 0.0000
ATT: -92, 15, 35902
GPS: 54737000, 1, 7, 42.6227380, -71.2071080, 0, 45.2400, 48.6900, 0.0600, 0.0000
ATT: -92, 16, 35901
GPS: 54737000, 1, 7, 42.6227380, -71.2071080, 0, 45.3300, 48.6900, 0.0600, 0.0000
ATT: -92, 16, 35901
GPS: 54737000, 1, 7, 42.6227380, -71.2071080, 0, 45.3300, 48.6900, 0.0600, 0.0000
ATT: -93, 16, 35900
GPS: 54737000, 1, 7, 42.6227380, -71.2071080, 0, 45.4200, 48.6900, 0.0600, 0.0000
ATT: -92, 17, 35899
GPS: 54737000, 1, 7, 42.6227380, -71.2071080, 0, 45.4200, 48.6900, 0.0600, 0.0000
ATT: -93, 17, 35898
GPS: 54737000, 1, 7, 42.6227380, -71.2071080, 0, 45.5000, 48.6900, 0.0600, 0.0000
ATT: -93, 18, 35897
GPS: 54738000, 1, 7, 42.6227380, -71.2071080, 0, 45.5000, 48.6900, 0.0400, 0.0000
ATT: -93, 17, 35897
GPS: 54738000, 1, 7, 42.6227380, -71.2071080, 0, 45.5900, 48.6900, 0.0400, 0.0000
ATT: -93, 17, 35896
GPS: 54738000, 1, 7, 42.6227380, -71.2071080, 0, 45.6800, 48.6900, 0.0400, 0.0000
ATT: -93, 17, 35895
GPS: 54738000, 1, 7, 42.6227380, -71.2071080, 0, 45.4200, 48.6900, 0.0400, 0.0000
ATT: -93, 18, 35894
GPS: 54738000, 1, 7, 42.6227380, -71.2071080, 0, 45.2400, 48.6900, 0.0400, 0.0000
ATT: -94, 17, 35893
GPS: 54738000, 1, 7, 42.6227380, -71.2071080, 0, 45.2400, 48.6900, 0.0400, 0.0000
ATT: -94, 15, 35892
GPS: 54738000, 1, 7, 42.6227380, -71.2071080, 0, 45.2400, 48.6900, 0.0400, 0.0000
ATT: -94, 15, 35891
GPS: 54738000, 1, 7, 42.6227380, -71.2071080, 0, 45.3300, 48.6900, 0.0400, 0.0000
ATT: -94, 14, 35889
GPS: 54738000, 1, 7, 42.6227380, -71.2071080, 0, 45.4200, 48.6900, 0.0400, 0.0000
ATT: -95, 17, 35890
GPS: 54738000, 1, 7, 42.6227380, -71.2071080, 0, 45.4200, 48.6900, 0.0400, 0.0000
ATT: -95, 15, 35889
GPS: 54739000, 1, 7, 42.6227380, -71.2071080, 0, 45.4200, 48.7400, 0.1200, 0.0000
ATT: -95, 13, 35888
GPS: 54739000, 1, 7, 42.6227380, -71.2071080, 0, 45.4200, 48.7400, 0.1200, 0.0000
PM:20018,1001,20,0,0,0,0,20,1,0,0,0,0, 
ATT: -96, 11, 35888
GPS: 54739000, 1, 7, 42.6227380, -71.2071080, 0, 45.4200, 48.7400, 0.1200, 0.0000
ATT: -95, 10, 35887
GPS: 54739000, 1, 7, 42.6227380, -71.2071080, 0, 45.4200, 48.7400, 0.1200, 0.0000
ATT: -95, 8, 35887
GPS: 54739000, 1, 7, 42.6227380, -71.2071080, 0, 45.4200, 48.7400, 0.1200, 0.0000
ATT: -96, 7, 35886
GPS: 54739000, 1, 7, 42.6227380, -71.2071080, 0, 45.4200, 48.7400, 0.1200, 0.0000
ATT: -96, 6, 35887
GPS: 54739000, 1, 7, 42.6227380, -71.2071080, 0, 45.4200, 48.7400, 0.1200, 0.0000
ATT: -95, 4, 35886
GPS: 54739000, 1, 7, 42.6227380, -71.2071080, 0, 45.4200, 48.7400, 0.1200, 0.0000
ATT: -95, 3, 35886
GPS: 54739000, 1, 7, 42.6227380, -71.2071080, 0, 45.4200, 48.7400, 0.1200, 0.0000
ATT: -95, 2, 35886
GPS: 54739000, 1, 7, 42.6227380, -71.2071080, 0, 45.4200, 48.7400, 0.1200, 0.0000
ATT: -95, 2, 35886
GPS: 54740000, 1, 7, 42.6227340, -71.2071080, 0, 45.4200, 48.5100, 0.0600, 0.0000
ATT: -94, 2, 35886
GPS: 54740000, 1, 7, 42.6227340, -71.2071080, 0, 45.5000, 48.5100, 0.0600, 0.0000
ATT: -94, 2, 35886
GPS: 54740000, 1, 7, 42.6227340, -71.2071080, 0, 45.5900, 48.5100, 0.0600, 0.0000
ATT: -95, 2, 35885
GPS: 54740000, 1, 7, 42.6227340, -71.2071080, 0, 45.6800, 48.5100, 0.0600, 0.0000
ATT: -95, 4, 35883
GPS: 54740000, 1, 7, 42.6227340, -71.2071080, 0, 45.7600, 48.5100, 0.0600, 0.0000
ATT: -95, 5, 35883
GPS: 54740000, 1, 7, 42.6227340, -71.2071080, 0, 45.7600, 48.5100, 0.0600, 0.0000
ATT: -95, 5, 35881
GPS: 54740000, 1, 7, 42.6227340, -71.2071080, 0, 45.7600, 48.5100, 0.0600, 0.0000
ATT: -95, 6, 35880
GPS: 54740000, 1, 7, 42.6227340, -71.2071080, 0, 45.8400, 48.5100, 0.0600, 0.0000
ATT: -96, 6, 35880
GPS: 54740000, 1, 7, 42.6227340, -71.2071080, 0, 45.9300, 48.5100, 0.0600, 0.0000
ATT: -95, 6, 35880
GPS: 54740000, 1, 7, 42.6227340, -71.2071080, 0, 45.9300, 48.5100, 0.0600, 0.0000
ATT: -96, 7, 35879
GPS: 54741000, 1, 7, 42.6227340, -71.2071080, 0, 45.9300, 48.2300, 0.0500, 0.0000
ATT: -96, 7, 35879
GPS: 54741000, 1, 7, 42.6227340, -71.2071080, 0, 45.7600, 48.2300, 0.0500, 0.0000
ATT: -96, 6, 35879
GPS: 54741000, 1, 7, 42.6227340, -71.2071080, 0, 45.6800, 48.2300, 0.0500, 0.0000
ATT: -97, 7, 35878
GPS: 54741000, 1, 7, 42.6227340, -71.2071080, 0, 45.5900, 48.2300, 0.0500, 0.0000
ATT: -98, 8, 35877
GPS: 54741000, 1, 7, 42.6227340, -71.2071080, 0, 45.5000, 48.2300, 0.0500, 0.0000
ATT: -98, 8, 35878
GPS: 54741000, 1, 7, 42.6227340, -71.2071080, 0, 45.4200, 48.2300, 0.0500, 0.0000
ATT: -98, 8, 35877
GPS: 54741000, 1, 7, 42.6227340, -71.2071080, 0, 45.4200, 48.2300, 0.0500, 0.0000
ATT: -98, 8, 35876
GPS: 54741000, 1, 7, 42.6227340, -71.2071080, 0, 45.4200, 48.2300, 0.0500, 0.0000
ATT: -98, 8, 35876
GPS: 54741000, 1, 7, 42.6227340, -71.2071080, 0, 45.4200, 48.2300, 0.0500, 0.0000
ATT: -97, 8, 35876
GPS: 54741000, 1, 7, 42.6227340, -71.2071080, 0, 45.4200, 48.2300, 0.0500, 0.0000
ATT: -98, 8, 35874
GPS: 54742000, 1, 7, 42.6227300, -71.2071080, 0, 45.4200, 47.9600, 0.1100, 0.0000
ATT: -98, 6, 35875
GPS: 54742000, 1, 7, 42.6227300, -71.2071080, 0, 45.5000, 47.9600, 0.1100, 0.0000
ATT: -98, 5, 35874
GPS: 54742000, 1, 7, 42.6227300, -71.2071080, 0, 45.5000, 47.9600, 0.1100, 0.0000
ATT: -98, 4, 35874
GPS: 54742000, 1, 7, 42.6227300, -71.2071080, 0, 45.5000, 47.9600, 0.1100, 0.0000
ATT: -98, 3, 35873
GPS: 54742000, 1, 7, 42.6227300, -71.2071080, 0, 45.5000, 47.9600, 0.1100, 0.0000
ATT: -98, 2, 35873
GPS: 54742000, 1, 7, 42.6227300, -71.2071080, 0, 45.3300, 47.9600, 0.1100, 0.0000
ATT: -98, 2, 35873
GPS: 54742000, 1, 7, 42.6227300, -71.2071080, 0, 45.2400, 47.9600, 0.1100, 0.0000
ATT: -98, 2, 35872
GPS: 54742000, 1, 7, 42.6227300, -71.2071080, 0, 45.4200, 47.9600, 0.1100, 0.0000
ATT: -98, 2, 35874
GPS: 54742000, 1, 7, 42.6227300, -71.2071080, 0, 45.5000, 47.9600, 0.1100, 0.0000
ATT: -98, 1, 35873
GPS: 54742000, 1, 7, 42.6227300, -71.2071080, 0, 45.5000, 47.9600, 0.1100, 0.0000
ATT: -99, 3, 35865
GPS: 54743000, 1, 7, 42.6227300, -71.2071000, 0, 45.5000, 47.4000, 0.1200, 0.0000
ATT: -99, -1, 35863
GPS: 54743000, 1, 7, 42.6227300, -71.2071000, 0, 45.4200, 47.4000, 0.1200, 0.0000
ATT: -100, -3, 35861
GPS: 54743000, 1, 7, 42.6227300, -71.2071000, 0, 45.3300, 47.4000, 0.1200, 0.0000
ATT: -99, -3, 35862
GPS: 54743000, 1, 7, 42.6227300, -71.2071000, 0, 45.3300, 47.4000, 0.1200, 0.0000
ATT: -99, -3, 35863
GPS: 54743000, 1, 7, 42.6227300, -71.2071000, 0, 45.3300, 47.4000, 0.1200, 0.0000
ATT: -104, -6, 35861
GPS: 54743000, 1, 7, 42.6227300, -71.2071000, 0, 45.3300, 47.4000, 0.1200, 0.0000
ATT: -100, -6, 35861
GPS: 54743000, 1, 7, 42.6227300, -71.2071000, 0, 45.3300, 47.4000, 0.1200, 0.0000
ATT: -99, -5, 35861
GPS: 54743000, 1, 7, 42.6227300, -71.2071000, 0, 45.5000, 47.4000, 0.1200, 0.0000
ATT: -99, -5, 35860
GPS: 54743000, 1, 7, 42.6227300, -71.2071000, 0, 45.5900, 47.4000, 0.1200, 0.0000
ATT: -97, -6, 35860
GPS: 54743000, 1, 7, 42.6227300, -71.2071000, 0, 45.6800, 47.4000, 0.1200, 0.0000
ATT: -94, -7, 35860
GPS: 54744000, 1, 7, 42.6227300, -71.2070920, 0, 45.6800, 46.8900, 0.1500, 0.0000
ATT: -99, -8, 35858
GPS: 54744000, 1, 7, 42.6227300, -71.2070920, 0, 45.5900, 46.8900, 0.1500, 0.0000
ATT: -104, -8, 35857
GPS: 54744000, 1, 7, 42.6227300, -71.2070920, 0, 45.5000, 46.8900, 0.1500, 0.0000
ATT: -110, -9, 35854
GPS: 54744000, 1, 7, 42.6227300, -71.2070920, 0, 45.5900, 46.8900, 0.1500, 0.0000
ATT: -115, -10, 35854
GPS: 54744000, 1, 7, 42.6227300, -71.2070920, 0, 45.6800, 46.8900, 0.1500, 0.0000
ATT: -116, -9, 35854
GPS: 54744000, 1, 7, 42.6227300, -71.2070920, 0, 45.6800, 46.8900, 0.1500, 0.0000
ATT: -117, -10, 35852
GPS: 54744000, 1, 7, 42.6227300, -71.2070920, 0, 45.6800, 46.8900, 0.1500, 0.0000
ATT: -118, -12, 35852
GPS: 54744000, 1, 7, 42.6227300, -71.2070920, 0, 45.5900, 46.8900, 0.1500, 0.0000
ATT: -117, -13, 35851
GPS: 54744000, 1, 7, 42.6227300, -71.2070920, 0, 45.5900, 46.8900, 0.1500, 0.0000
ATT: -117, -12, 35851
GPS: 54744000, 1, 7, 42.6227300, -71.2070920, 0, 45.5000, 46.8900, 0.1500, 0.0000
ATT: -118, -11, 35851
GPS: 54745000, 1, 7, 42.6227300, -71.2070920, 0, 45.5000, 46.9400, 0.1300, 0.0000
ATT: -112, -10, 35851
GPS: 54745000, 1, 7, 42.6227300, -71.2070920, 0, 45.4200, 46.9400, 0.1300, 0.0000
ATT: -111, -9, 35851
GPS: 54745000, 1, 7, 42.6227300, -71.2070920, 0, 45.4200, 46.9400, 0.1300, 0.0000
ATT: -110, -8, 35851
GPS: 54745000, 1, 7, 42.6227300, -71.2070920, 0, 45.5000, 46.9400, 0.1300, 0.0000
ATT: -109, -8, 35851
GPS: 54745000, 1, 7, 42.6227300, -71.2070920, 0, 45.5900, 46.9400, 0.1300, 0.0000
ATT: -109, -8, 35851
GPS: 54745000, 1, 7, 42.6227300, -71.2070920, 0, 45.7600, 46.9400, 0.1300, 0.0000
ATT: -108, -9, 35851
GPS: 54745000, 1, 7, 42.6227300, -71.2070920, 0, 45.8400, 46.9400, 0.1300, 0.0000
ATT: -105, -8, 35851
GPS: 54745000, 1, 7, 42.6227300, -71.2070920, 0, 45.7600, 46.9400, 0.1300, 0.0000
ATT: -105, -9, 35851
GPS: 54745000, 1, 7, 42.6227300, -71.2070920, 0, 45.7600, 46.9400, 0.1300, 0.0000
ATT: -104, -9, 35851
GPS: 54745000, 1, 7, 42.6227300, -71.2070920, 0, 45.7600, 46.9400, 0.1300, 0.0000
ATT: -105, -9, 35851
GPS: 54746000, 1, 7, 42.6227300, -71.2070920, 0, 45.7600, 46.8900, 0.1200, 0.0000
ATT: -105, -8, 35851
GPS: 54746000, 1, 7, 42.6227300, -71.2070920, 0, 45.6800, 46.8900, 0.1200, 0.0000
ATT: -105, -8, 35850
GPS: 54746000, 1, 7, 42.6227300, -71.2070920, 0, 45.6800, 46.8900, 0.1200, 0.0000
ATT: -105, -8, 35850
GPS: 54746000, 1, 7, 42.6227300, -71.2070920, 0, 45.5900, 46.8900, 0.1200, 0.0000
ATT: -106, -8, 35849
GPS: 54746000, 1, 7, 42.6227300, -71.2070920, 0, 45.5900, 46.8900, 0.1200, 0.0000
ATT: -105, -7, 35849
GPS: 54746000, 1, 7, 42.6227300, -71.2070920, 0, 45.5900, 46.8900, 0.1200, 0.0000
ATT: -106, -7, 35849
GPS: 54746000, 1, 7, 42.6227300, -71.2070920, 0, 45.5900, 46.8900, 0.1200, 0.0000
ATT: -105, -7, 35848
GPS: 54746000, 1, 7, 42.6227300, -71.2070920, 0, 45.5900, 46.8900, 0.1200, 0.0000
ATT: -106, -6, 35848
GPS: 54746000, 1, 7, 42.6227300, -71.2070920, 0, 45.5900, 46.8900, 0.1200, 0.0000
ATT: -105, -6, 35847
GPS: 54746000, 1, 7, 42.6227300, -71.2070920, 0, 45.6800, 46.8900, 0.1200, 0.0000
ATT: -105, -6, 35847
GPS: 54747000, 1, 7, 42.6227300, -71.2070920, 0, 45.7600, 46.8700, 0.1300, 0.0000
ATT: -106, -6, 35847
GPS: 54747000, 1, 7, 42.6227300, -71.2070920, 0, 45.7600, 46.8700, 0.1300, 0.0000
ATT: -106, -6, 35847
GPS: 54747000, 1, 7, 42.6227300, -71.2070920, 0, 45.7600, 46.8700, 0.1300, 0.0000
ATT: -106, -6, 35847
GPS: 54747000, 1, 7, 42.6227300, -71.2070920, 0, 45.7600, 46.8700, 0.1300, 0.0000
ATT: -106, -7, 35846
GPS: 54747000, 1, 7, 42.6227300, -71.2070920, 0, 45.7600, 46.8700, 0.1300, 0.0000
ATT: -105, -5, 35847
GPS: 54747000, 1, 7, 42.6227300, -71.2070920, 0, 45.8400, 46.8700, 0.1300, 0.0000
ATT: -106, -6, 35848
GPS: 54747000, 1, 7, 42.6227300, -71.2070920, 0, 45.9300, 46.8700, 0.1300, 0.0000
ATT: -112, -6, 35846
GPS: 54747000, 1, 7, 42.6227300, -71.2070920, 0, 45.9300, 46.8700, 0.1300, 0.0000
ATT: -111, -6, 35850
GPS: 54747000, 1, 7, 42.6227300, -71.2070920, 0, 45.9300, 46.8700, 0.1300, 0.0000
ATT: -107, -5, 35852
GPS: 54747000, 1, 7, 42.6227300, -71.2070920, 0, 45.9300, 46.8700, 0.1300, 0.0000
ATT: -106, -4, 35852
GPS: 54748000, 1, 7, 42.6227340, -71.2070920, 0, 45.9300, 46.7600, 0.0600, 0.0000
ATT: -107, -2, 35852
GPS: 54748000, 1, 7, 42.6227340, -71.2070920, 0, 45.8400, 46.7600, 0.0600, 0.0000
ATT: -107, -2, 35851
GPS: 54748000, 1, 7, 42.6227340, -71.2070920, 0, 45.8400, 46.7600, 0.0600, 0.0000
ATT: -104, -1, 35850
GPS: 54748000, 1, 7, 42.6227340, -71.2070920, 0, 45.9300, 46.7600, 0.0600, 0.0000
ATT: -102, 1, 35849
GPS: 54748000, 1, 7, 42.6227340, -71.2070920, 0, 46.0100, 46.7600, 0.0600, 0.0000
ATT: -92, 2, 35846
GPS: 54748000, 1, 7, 42.6227340, -71.2070920, 0, 46.0100, 46.7600, 0.0600, 0.0000
ATT: -89, 0, 35843
GPS: 54748000, 1, 7, 42.6227340, -71.2070920, 0, 46.0100, 46.7600, 0.0600, 0.0000
ATT: -94, 4, 35843
GPS: 54748000, 1, 7, 42.6227340, -71.2070920, 0, 45.8400, 46.7600, 0.0600, 0.0000
ATT: -92, 4, 35843
GPS: 54748000, 1, 7, 42.6227340, -71.2070920, 0, 45.7600, 46.7600, 0.0600, 0.0000
ATT: -89, 5, 35844
GPS: 54748000, 1, 7, 42.6227340, -71.2070920, 0, 45.7600, 46.7600, 0.0600, 0.0000
ATT: -89, 4, 35845
GPS: 54749000, 1, 6, 42.6227340, -71.2070920, 0, 45.7600, 46.6900, 0.0900, 0.0000
ATT: -91, 3, 35845
GPS: 54749000, 1, 6, 42.6227340, -71.2070920, 0, 45.7600, 46.6900, 0.0900, 0.0000
ATT: -92, 3, 35844
GPS: 54749000, 1, 6, 42.6227340, -71.2070920, 0, 45.7600, 46.6900, 0.0900, 0.0000
ATT: -93, 2, 35843
GPS: 54749000, 1, 6, 42.6227340, -71.2070920, 0, 45.8400, 46.6900, 0.0900, 0.0000
ATT: -95, 2, 35842
GPS: 54749000, 1, 6, 42.6227340, -71.2070920, 0, 45.8400, 46.6900, 0.0900, 0.0000
ATT: -98, 1, 35841
GPS: 54749000, 1, 6, 42.6227340, -71.2070920, 0, 45.8400, 46.6900, 0.0900, 0.0000
ATT: -99, 0, 35840
GPS: 54749000, 1, 6, 42.6227340, -71.2070920, 0, 45.8400, 46.6900, 0.0900, 0.0000
ATT: -99, 0, 35842
GPS: 54749000, 1, 6, 42.6227340, -71.2070920, 0, 45.9300, 46.6900, 0.0900, 0.0000
ATT: -99, 0, 35843
GPS: 54749000, 1, 6, 42.6227340, -71.2070920, 0, 45.9300, 46.6900, 0.0900, 0.0000
ATT: -100, -1, 35844
GPS: 54749000, 1, 6, 42.6227340, -71.2070920, 0, 46.0100, 46.6900, 0.0900, 0.0000
ATT: -100, -1, 35845
GPS: 54750000, 1, 7, 42.6227380, -71.2070920, 0, 46.0100, 46.7700, 0.0900, 0.0000
ATT: -100, 0, 35845
GPS: 54750000, 1, 7, 42.6227380, -71.2070920, 0, 45.9300, 46.7700, 0.0900, 0.0000
ATT: -101, -1, 35843
GPS: 54750000, 1, 7, 42.6227380, -71.2070920, 0, 45.8400, 46.7700, 0.0900, 0.0000
ATT: -102, -2, 35844
GPS: 54750000, 1, 7, 42.6227380, -71.2070920, 0, 45.5900, 46.7700, 0.0900, 0.0000
ATT: -103, -4, 35848
GPS: 54750000, 1, 7, 42.6227380, -71.2070920, 0, 45.4200, 46.7700, 0.0900, 0.0000
ATT: -102, -3, 35849
GPS: 54750000, 1, 7, 42.6227380, -71.2070920, 0, 45.5000, 46.7700, 0.0900, 0.0000
ATT: -101, -4, 35847
GPS: 54750000, 1, 7, 42.6227380, -71.2070920, 0, 45.5000, 46.7700, 0.0900, 0.0000
ATT: -101, -4, 35848
GPS: 54750000, 1, 7, 42.6227380, -71.2070920, 0, 45.4200, 46.7700, 0.0900, 0.0000
ATT: -99, -5, 35848
GPS: 54750000, 1, 7, 42.6227380, -71.2070920, 0, 45.3300, 46.7700, 0.0900, 0.0000
ATT: -98, -5, 35847
GPS: 54750000, 1, 7, 42.6227380, -71.2070920, 0, 45.5000, 46.7700, 0.0900, 0.0000
ATT: -98, -5, 35847
GPS: 54750000, 1, 7, 42.6227380, -71.2070920, 0, 45.5900, 46.7700, 0.0900, 0.0000
ATT: -97, -5, 35846
GPS: 54751000, 1, 7, 42.6227380, -71.2070920, 0, 45.6800, 46.6900, 0.0400, 0.0000
ATT: -96, -4, 35846
GPS: 54751000, 1, 7, 42.6227380, -71.2070920, 0, 45.7600, 46.6900, 0.0400, 0.0000
ATT: -95, -4, 35846
GPS: 54751000, 1, 7, 42.6227380, -71.2070920, 0, 45.8400, 46.6900, 0.0400, 0.0000
ATT: -96, -3, 35845
GPS: 54751000, 1, 7, 42.6227380, -71.2070920, 0, 45.9300, 46.6900, 0.0400, 0.0000
ATT: -98, -3, 35845
GPS: 54751000, 1, 7, 42.6227380, -71.2070920, 0, 45.9300, 46.6900, 0.0400, 0.0000
ATT: -99, -2, 35845
GPS: 54751000, 1, 7, 42.6227380, -71.2070920, 0, 45.9300, 46.6900, 0.0400, 0.0000
ATT: -99, -1, 35845
GPS: 54751000, 1, 7, 42.6227380, -71.2070920, 0, 45.8400, 46.6900, 0.0400, 0.0000
ATT: -100, -1, 35845
GPS: 54751000, 1, 7, 42.6227380, -71.2070920, 0, 45.7600, 46.6900, 0.0400, 0.0000
ATT: -101, -1, 35845
GPS: 54751000, 1, 7, 42.6227380, -71.2070920, 0, 45.6800, 46.6900, 0.0400, 0.0000
ATT: -102, -1, 35845
GPS: 54751000, 1, 7, 42.6227380, -71.2070920, 0, 45.6800, 46.6900, 0.0400, 0.0000
ATT: -105, -1, 35845
GPS: 54752000, 1, 7, 42.6227380, -71.2070920, 0, 45.6800, 46.6600, 0.0200, 0.0000
ATT: -105, 0, 35845
GPS: 54752000, 1, 7, 42.6227380, -71.2070920, 0, 45.6800, 46.6600, 0.0200, 0.0000
ATT: -107, 0, 35844
GPS: 54752000, 1, 7, 42.6227380, -71.2070920, 0, 45.6800, 46.6600, 0.0200, 0.0000
ATT: -107, 0, 35845
GPS: 54752000, 1, 7, 42.6227380, -71.2070920, 0, 45.6800, 46.6600, 0.0200, 0.0000
ATT: -111, 5, 35845
GPS: 54752000, 1, 7, 42.6227380, -71.2070920, 0, 45.8400, 46.6600, 0.0200, 0.0000
ATT: -106, -1, 35845
GPS: 54752000, 1, 7, 42.6227380, -71.2070920, 0, 45.9300, 46.6600, 0.0200, 0.0000
ATT: -107, -1, 35844
GPS: 54752000, 1, 7, 42.6227380, -71.2070920, 0, 45.9300, 46.6600, 0.0200, 0.0000
ATT: -108, -1, 35846
GPS: 54752000, 1, 7, 42.6227380, -71.2070920, 0, 45.9300, 46.6600, 0.0200, 0.0000
ATT: -108, -1, 35845
GPS: 54752000, 1, 7, 42.6227380, -71.2070920, 0, 45.7600, 46.6600, 0.0200, 0.0000
ATT: -106, -1, 35847
GPS: 54753000, 1, 7, 42.6227380, -71.2070920, 0, 45.6800, 46.7600, 0.0500, 0.0000
ATT: -104, -10, 35838
GPS: 54753000, 1, 7, 42.6227380, -71.2070920, 0, 45.6800, 46.7600, 0.0500, 0.0000
ATT: -109, -1, 35842
GPS: 54753000, 1, 7, 42.6227380, -71.2070920, 0, 45.6800, 46.7600, 0.0500, 0.0000
ATT: -108, -3, 35846
GPS: 54753000, 1, 7, 42.6227380, -71.2070920, 0, 45.6800, 46.7600, 0.0500, 0.0000
ATT: -105, -7, 35845
GPS: 54753000, 1, 7, 42.6227380, -71.2070920, 0, 45.6800, 46.7600, 0.0500, 0.0000
ATT: -109, -9, 35839
GPS: 54753000, 1, 7, 42.6227380, -71.2070920, 0, 45.6800, 46.7600, 0.0500, 0.0000
ATT: -106, -10, 35837
GPS: 54753000, 1, 7, 42.6227380, -71.2070920, 0, 45.6800, 46.7600, 0.0500, 0.0000
ATT: -108, -8, 35840
GPS: 54753000, 1, 7, 42.6227380, -71.2070920, 0, 45.6800, 46.7600, 0.0500, 0.0000
ATT: -108, -8, 35838
GPS: 54753000, 1, 7, 42.6227380, -71.2070920, 0, 45.6800, 46.7600, 0.0500, 0.0000
ATT: -109, -7, 35833
GPS: 54753000, 1, 7, 42.6227380, -71.2070920, 0, 45.4200, 46.7600, 0.0500, 0.0000
ATT: -108, -8, 35838
GPS: 54753000, 1, 7, 42.6227380, -71.2070920, 0, 45.2400, 46.7600, 0.0500, 0.0000
ATT: -108, -11, 35836
GPS: 54754000, 1, 7, 42.6227380, -71.2070920, 0, 45.4200, 46.7600, 0.0200, 0.0000
ATT: -110, -10, 35833
GPS: 54754000, 1, 7, 42.6227380, -71.2070920, 0, 45.5000, 46.7600, 0.0200, 0.0000
ATT: -109, -8, 35839
GPS: 54754000, 1, 7, 42.6227380, -71.2070920, 0, 45.6800, 46.7600, 0.0200, 0.0000
ATT: -104, -7, 35845
GPS: 54754000, 1, 7, 42.6227380, -71.2070920, 0, 45.7600, 46.7600, 0.0200, 0.0000
ATT: -110, -3, 35838
GPS: 54754000, 1, 7, 42.6227380, -71.2070920, 0, 45.8400, 46.7600, 0.0200, 0.0000
ATT: -114, -3, 35834
GPS: 54754000, 1, 7, 42.6227380, -71.2070920, 0, 45.8400, 46.7600, 0.0200, 0.0000
ATT: -111, -10, 35834
GPS: 54754000, 1, 7, 42.6227380, -71.2070920, 0, 45.8400, 46.7600, 0.0200, 0.0000
ATT: -110, -10, 35831
GPS: 54754000, 1, 7, 42.6227380, -71.2070920, 0, 45.8400, 46.7600, 0.0200, 0.0000
ATT: -110, -10, 35830
GPS: 54754000, 1, 7, 42.6227380, -71.2070920, 0, 45.8400, 46.7600, 0.0200, 0.0000
ATT: -110, -11, 35830
GPS: 54755000, 1, 7, 42.6227420, -71.2070920, 0, 45.8400, 46.7400, 0.0400, 0.0000
ATT: -109, -4, 35840
GPS: 54755000, 1, 7, 42.6227420, -71.2070920, 0, 45.8400, 46.7400, 0.0400, 0.0000
ATT: -112, -9, 35832
GPS: 54755000, 1, 7, 42.6227420, -71.2070920, 0, 45.8400, 46.7400, 0.0400, 0.0000
ATT: -111, -8, 35829
GPS: 54755000, 1, 7, 42.6227420, -71.2070920, 0, 45.7600, 46.7400, 0.0400, 0.0000
ATT: -119, -4, 35830
GPS: 54755000, 1, 7, 42.6227420, -71.2070920, 0, 45.7600, 46.7400, 0.0400, 0.0000
ATT: -119, -8, 35829
GPS: 54755000, 1, 7, 42.6227420, -71.2070920, 0, 45.6800, 46.7400, 0.0400, 0.0000
ATT: -118, -9, 35839
GPS: 54755000, 1, 7, 42.6227420, -71.2070920, 0, 45.6800, 46.7400, 0.0400, 0.0000
ATT: -112, -10, 35840
GPS: 54755000, 1, 7, 42.6227420, -71.2070920, 0, 45.6800, 46.7400, 0.0400, 0.0000
ATT: -128, -9, 35835
GPS: 54755000, 1, 7, 42.6227420, -71.2070920, 0, 45.6800, 46.7400, 0.0400, 0.0000
